experiment:
  dataset:
    name: iden
    input: identity.tsv
    source_format: sequence
    target_format: sequence
    overwrite: false
    transform_field: target
    splits:
      train: 80
      test: 10
      val: 10
  hyperparameters:
    epochs: 100
    batch_size: 5
    lr: 0.01
    tolerance: 0.001
    patience: 5
    tf_ratio: 0.5
    cuda: 0
  model:
    name: TestModel
    encoder:
      unit: SRN
      type: sequence
      dropout: 0
      num_layers: 3
      hidden_size: 100
      max_length: 0
      embedding_size: 256
      bidirectional: false
    decoder:
      unit: SRN
      type: sequence
      dropout: 0
      num_layers: 3
      max_length: 30
      hidden_size: 100
      attention: null
      embedding_size: 256
  name: test-exp
pretty_print: true

[2021-09-22 13:43:25,745][core.trainer][INFO] - DEVICE: cuda
[2021-09-22 13:43:25,746][core.dataset.base_dataset][INFO] - Initializing dataset
[2021-09-22 13:43:25,749][core.dataset.base_dataset][INFO] - Constructing fields from dataset.
[2021-09-22 13:43:25,846][core.trainer][INFO] - TransductionDataset(
 splits: [val (114 sequences), train (766 sequences), test (119 sequences)]
 fields: [source, annotation, target]
)
[2021-09-22 13:43:25,847][core.models.base_model][INFO] - Initializing model
[2021-09-22 13:43:34,673][core.trainer][INFO] - TransductionModel(
  (_encoder): TransductionSequenceEncoder(
    (module): Sequential(
      (0): Embedding(10, 256)
      (1): RNN(256, 100, num_layers=3)
    )
  )
  (_decoder): SRNSequenceDecoder(
    (_embedding): Embedding(11, 256)
    (_unit): RNN(256, 100, num_layers=3)
    (_out): Linear(in_features=100, out_features=11, bias=True)
  )
)
[2021-09-22 13:43:34,675][core.trainer][INFO] - Beginning training
[2021-09-22 13:43:34,749][core.metrics.meter][INFO] - Logging with tensorboard; view with `tensorboard --logdir=/scratch/lw2534/lab/transductions/outputs/test-exp/TestModel/2021-09-22_13-43-25/tensorboard`
[2021-09-22 13:43:34,749][core.trainer][INFO] - EPOCH 1 / 100
[2021-09-22 13:43:34,750][core.trainer][INFO] - Computing metrics for 'train' dataset
[2021-09-22 13:43:36,319][core.metrics.meter][INFO] - Meter:
SequenceAccuracy:	0.000
TokenAccuracy:	0.297
LengthAccuracy:	0.533
1st Token Accuracy:	0.128
Average Loss:	1.991
[2021-09-22 13:43:36,324][core.trainer][INFO] - Computing metrics for 'val' dataset
[2021-09-22 13:43:36,435][core.metrics.meter][INFO] - Meter:
SequenceAccuracy:	0.000
TokenAccuracy:	0.420
LengthAccuracy:	0.956
1st Token Accuracy:	0.150
Average Loss:	1.626
[2021-09-22 13:43:36,435][core.trainer][INFO] - Computing metrics for 'test' dataset
[2021-09-22 13:43:36,542][core.metrics.meter][INFO] - Meter:
SequenceAccuracy:	0.000
TokenAccuracy:	0.418
LengthAccuracy:	1.000
1st Token Accuracy:	0.153
Average Loss:	1.620
[2021-09-22 13:43:36,780][core.trainer][INFO] - EPOCH 2 / 100
[2021-09-22 13:43:36,780][core.trainer][INFO] - Computing metrics for 'train' dataset
[2021-09-22 13:43:38,312][core.metrics.meter][INFO] - Meter:
SequenceAccuracy:	0.001
TokenAccuracy:	0.327
LengthAccuracy:	0.451
1st Token Accuracy:	0.140
Average Loss:	1.642
[2021-09-22 13:43:38,318][core.trainer][INFO] - Computing metrics for 'val' dataset
[2021-09-22 13:43:38,416][core.metrics.meter][INFO] - Meter:
SequenceAccuracy:	0.000
TokenAccuracy:	0.261
LengthAccuracy:	0.000
1st Token Accuracy:	0.221
Average Loss:	1.700
[2021-09-22 13:43:38,417][core.trainer][INFO] - Computing metrics for 'test' dataset
[2021-09-22 13:43:38,512][core.metrics.meter][INFO] - Meter:
SequenceAccuracy:	0.000
TokenAccuracy:	0.227
LengthAccuracy:	0.000
1st Token Accuracy:	0.110
Average Loss:	1.705
[2021-09-22 13:43:38,512][core.early_stopping][INFO] - Early stopping counter: 1 / 5
[2021-09-22 13:43:38,512][core.early_stopping][INFO] - Pausing model saving until validation loss decreases by 0.001
[2021-09-22 13:43:38,512][core.trainer][INFO] - EPOCH 3 / 100
[2021-09-22 13:43:38,512][core.trainer][INFO] - Computing metrics for 'train' dataset
[2021-09-22 13:43:40,197][core.metrics.meter][INFO] - Meter:
SequenceAccuracy:	0.000
TokenAccuracy:	0.376
LengthAccuracy:	0.699
1st Token Accuracy:	0.163
Average Loss:	1.447
[2021-09-22 13:43:40,202][core.trainer][INFO] - Computing metrics for 'val' dataset
[2021-09-22 13:43:40,308][core.metrics.meter][INFO] - Meter:
SequenceAccuracy:	0.000
TokenAccuracy:	0.445
LengthAccuracy:	1.000
1st Token Accuracy:	0.177
Average Loss:	1.295
[2021-09-22 13:43:40,308][core.trainer][INFO] - Computing metrics for 'test' dataset
[2021-09-22 13:43:40,411][core.metrics.meter][INFO] - Meter:
SequenceAccuracy:	0.008
TokenAccuracy:	0.456
LengthAccuracy:	1.000
1st Token Accuracy:	0.229
Average Loss:	1.295
[2021-09-22 13:43:40,414][core.trainer][INFO] - EPOCH 4 / 100
[2021-09-22 13:43:40,414][core.trainer][INFO] - Computing metrics for 'train' dataset
[2021-09-22 13:43:41,950][core.metrics.meter][INFO] - Meter:
SequenceAccuracy:	0.000
TokenAccuracy:	0.446
LengthAccuracy:	0.980
1st Token Accuracy:	0.162
Average Loss:	1.270
[2021-09-22 13:43:41,955][core.trainer][INFO] - Computing metrics for 'val' dataset
[2021-09-22 13:43:42,054][core.metrics.meter][INFO] - Meter:
SequenceAccuracy:	0.000
TokenAccuracy:	0.456
LengthAccuracy:	1.000
1st Token Accuracy:	0.177
Average Loss:	1.239
[2021-09-22 13:43:42,054][core.trainer][INFO] - Computing metrics for 'test' dataset
[2021-09-22 13:43:42,151][core.metrics.meter][INFO] - Meter:
SequenceAccuracy:	0.000
TokenAccuracy:	0.470
LengthAccuracy:	1.000
1st Token Accuracy:	0.229
Average Loss:	1.237
[2021-09-22 13:43:42,154][core.trainer][INFO] - EPOCH 5 / 100
[2021-09-22 13:43:42,154][core.trainer][INFO] - Computing metrics for 'train' dataset
[2021-09-22 13:43:43,509][core.metrics.meter][INFO] - Meter:
SequenceAccuracy:	0.000
TokenAccuracy:	0.443
LengthAccuracy:	1.000
1st Token Accuracy:	0.169
Average Loss:	1.231
[2021-09-22 13:43:43,514][core.trainer][INFO] - Computing metrics for 'val' dataset
[2021-09-22 13:43:43,612][core.metrics.meter][INFO] - Meter:
SequenceAccuracy:	0.000
TokenAccuracy:	0.437
LengthAccuracy:	1.000
1st Token Accuracy:	0.150
Average Loss:	1.223
[2021-09-22 13:43:43,612][core.trainer][INFO] - Computing metrics for 'test' dataset
[2021-09-22 13:43:43,709][core.metrics.meter][INFO] - Meter:
SequenceAccuracy:	0.000
TokenAccuracy:	0.425
LengthAccuracy:	1.000
1st Token Accuracy:	0.153
Average Loss:	1.224
[2021-09-22 13:43:43,789][core.trainer][INFO] - EPOCH 6 / 100
[2021-09-22 13:43:43,789][core.trainer][INFO] - Computing metrics for 'train' dataset
[2021-09-22 13:43:45,157][core.metrics.meter][INFO] - Meter:
SequenceAccuracy:	0.000
TokenAccuracy:	0.449
LengthAccuracy:	1.000
1st Token Accuracy:	0.156
Average Loss:	1.218
[2021-09-22 13:43:45,161][core.trainer][INFO] - Computing metrics for 'val' dataset
[2021-09-22 13:43:45,260][core.metrics.meter][INFO] - Meter:
SequenceAccuracy:	0.000
TokenAccuracy:	0.447
LengthAccuracy:	1.000
1st Token Accuracy:	0.212
Average Loss:	1.216
[2021-09-22 13:43:45,260][core.trainer][INFO] - Computing metrics for 'test' dataset
[2021-09-22 13:43:45,356][core.metrics.meter][INFO] - Meter:
SequenceAccuracy:	0.000
TokenAccuracy:	0.434
LengthAccuracy:	1.000
1st Token Accuracy:	0.186
Average Loss:	1.220
[2021-09-22 13:43:45,359][core.trainer][INFO] - EPOCH 7 / 100
[2021-09-22 13:43:45,359][core.trainer][INFO] - Computing metrics for 'train' dataset
[2021-09-22 13:43:46,716][core.metrics.meter][INFO] - Meter:
SequenceAccuracy:	0.000
TokenAccuracy:	0.449
LengthAccuracy:	1.000
1st Token Accuracy:	0.180
Average Loss:	1.213
[2021-09-22 13:43:46,721][core.trainer][INFO] - Computing metrics for 'val' dataset
[2021-09-22 13:43:46,820][core.metrics.meter][INFO] - Meter:
SequenceAccuracy:	0.000
TokenAccuracy:	0.466
LengthAccuracy:	1.000
1st Token Accuracy:	0.265
Average Loss:	1.209
[2021-09-22 13:43:46,820][core.trainer][INFO] - Computing metrics for 'test' dataset
[2021-09-22 13:43:46,916][core.metrics.meter][INFO] - Meter:
SequenceAccuracy:	0.000
TokenAccuracy:	0.453
LengthAccuracy:	1.000
1st Token Accuracy:	0.246
Average Loss:	1.213
[2021-09-22 13:43:46,919][core.trainer][INFO] - EPOCH 8 / 100
[2021-09-22 13:43:46,919][core.trainer][INFO] - Computing metrics for 'train' dataset
[2021-09-22 13:43:48,275][core.metrics.meter][INFO] - Meter:
SequenceAccuracy:	0.003
TokenAccuracy:	0.453
LengthAccuracy:	1.000
1st Token Accuracy:	0.180
Average Loss:	1.207
[2021-09-22 13:43:48,281][core.trainer][INFO] - Computing metrics for 'val' dataset
[2021-09-22 13:43:48,378][core.metrics.meter][INFO] - Meter:
SequenceAccuracy:	0.000
TokenAccuracy:	0.434
LengthAccuracy:	1.000
1st Token Accuracy:	0.150
Average Loss:	1.214
[2021-09-22 13:43:48,378][core.trainer][INFO] - Computing metrics for 'test' dataset
[2021-09-22 13:43:48,475][core.metrics.meter][INFO] - Meter:
SequenceAccuracy:	0.000
TokenAccuracy:	0.431
LengthAccuracy:	1.000
1st Token Accuracy:	0.153
Average Loss:	1.213
[2021-09-22 13:43:48,475][core.early_stopping][INFO] - Early stopping counter: 1 / 5
[2021-09-22 13:43:48,475][core.early_stopping][INFO] - Pausing model saving until validation loss decreases by 0.001
[2021-09-22 13:43:48,475][core.trainer][INFO] - EPOCH 9 / 100
[2021-09-22 13:43:48,475][core.trainer][INFO] - Computing metrics for 'train' dataset
[2021-09-22 13:43:49,825][core.metrics.meter][INFO] - Meter:
SequenceAccuracy:	0.000
TokenAccuracy:	0.449
LengthAccuracy:	1.000
1st Token Accuracy:	0.183
Average Loss:	1.206
[2021-09-22 13:43:49,829][core.trainer][INFO] - Computing metrics for 'val' dataset
[2021-09-22 13:43:49,928][core.metrics.meter][INFO] - Meter:
SequenceAccuracy:	0.000
TokenAccuracy:	0.432
LengthAccuracy:	1.000
1st Token Accuracy:	0.150
Average Loss:	1.211
[2021-09-22 13:43:49,928][core.trainer][INFO] - Computing metrics for 'test' dataset
[2021-09-22 13:43:50,027][core.metrics.meter][INFO] - Meter:
SequenceAccuracy:	0.000
TokenAccuracy:	0.428
LengthAccuracy:	1.000
1st Token Accuracy:	0.153
Average Loss:	1.213
[2021-09-22 13:43:50,027][core.early_stopping][INFO] - Early stopping counter: 2 / 5
[2021-09-22 13:43:50,027][core.early_stopping][INFO] - Pausing model saving until validation loss decreases by 0.001
[2021-09-22 13:43:50,027][core.trainer][INFO] - EPOCH 10 / 100
[2021-09-22 13:43:50,027][core.trainer][INFO] - Computing metrics for 'train' dataset
[2021-09-22 13:43:51,378][core.metrics.meter][INFO] - Meter:
SequenceAccuracy:	0.000
TokenAccuracy:	0.458
LengthAccuracy:	1.000
1st Token Accuracy:	0.193
Average Loss:	1.203
[2021-09-22 13:43:51,384][core.trainer][INFO] - Computing metrics for 'val' dataset
[2021-09-22 13:43:51,482][core.metrics.meter][INFO] - Meter:
SequenceAccuracy:	0.000
TokenAccuracy:	0.450
LengthAccuracy:	1.000
1st Token Accuracy:	0.221
Average Loss:	1.201
[2021-09-22 13:43:51,482][core.trainer][INFO] - Computing metrics for 'test' dataset
[2021-09-22 13:43:51,579][core.metrics.meter][INFO] - Meter:
SequenceAccuracy:	0.000
TokenAccuracy:	0.429
LengthAccuracy:	1.000
1st Token Accuracy:	0.127
Average Loss:	1.205
[2021-09-22 13:43:51,627][core.trainer][INFO] - EPOCH 11 / 100
[2021-09-22 13:43:51,627][core.trainer][INFO] - Computing metrics for 'train' dataset
[2021-09-22 13:43:52,989][core.metrics.meter][INFO] - Meter:
SequenceAccuracy:	0.001
TokenAccuracy:	0.450
LengthAccuracy:	1.000
1st Token Accuracy:	0.170
Average Loss:	1.202
[2021-09-22 13:43:52,993][core.trainer][INFO] - Computing metrics for 'val' dataset
[2021-09-22 13:43:53,091][core.metrics.meter][INFO] - Meter:
SequenceAccuracy:	0.000
TokenAccuracy:	0.438
LengthAccuracy:	1.000
1st Token Accuracy:	0.186
Average Loss:	1.204
[2021-09-22 13:43:53,091][core.trainer][INFO] - Computing metrics for 'test' dataset
[2021-09-22 13:43:53,188][core.metrics.meter][INFO] - Meter:
SequenceAccuracy:	0.000
TokenAccuracy:	0.435
LengthAccuracy:	1.000
1st Token Accuracy:	0.195
Average Loss:	1.208
[2021-09-22 13:43:53,190][core.trainer][INFO] - EPOCH 12 / 100
[2021-09-22 13:43:53,190][core.trainer][INFO] - Computing metrics for 'train' dataset
[2021-09-22 13:43:54,553][core.metrics.meter][INFO] - Meter:
SequenceAccuracy:	0.001
TokenAccuracy:	0.462
LengthAccuracy:	1.000
1st Token Accuracy:	0.203
Average Loss:	1.200
[2021-09-22 13:43:54,558][core.trainer][INFO] - Computing metrics for 'val' dataset
[2021-09-22 13:43:54,654][core.metrics.meter][INFO] - Meter:
SequenceAccuracy:	0.000
TokenAccuracy:	0.465
LengthAccuracy:	1.000
1st Token Accuracy:	0.239
Average Loss:	1.200
[2021-09-22 13:43:54,654][core.trainer][INFO] - Computing metrics for 'test' dataset
[2021-09-22 13:43:54,750][core.metrics.meter][INFO] - Meter:
SequenceAccuracy:	0.000
TokenAccuracy:	0.463
LengthAccuracy:	1.000
1st Token Accuracy:	0.263
Average Loss:	1.202
[2021-09-22 13:43:54,751][core.early_stopping][INFO] - Early stopping counter: 1 / 5
[2021-09-22 13:43:54,751][core.early_stopping][INFO] - Pausing model saving until validation loss decreases by 0.001
[2021-09-22 13:43:54,751][core.trainer][INFO] - EPOCH 13 / 100
[2021-09-22 13:43:54,751][core.trainer][INFO] - Computing metrics for 'train' dataset
[2021-09-22 13:43:56,093][core.metrics.meter][INFO] - Meter:
SequenceAccuracy:	0.000
TokenAccuracy:	0.458
LengthAccuracy:	1.000
1st Token Accuracy:	0.183
Average Loss:	1.199
[2021-09-22 13:43:56,097][core.trainer][INFO] - Computing metrics for 'val' dataset
[2021-09-22 13:43:56,195][core.metrics.meter][INFO] - Meter:
SequenceAccuracy:	0.000
TokenAccuracy:	0.447
LengthAccuracy:	1.000
1st Token Accuracy:	0.195
Average Loss:	1.200
[2021-09-22 13:43:56,195][core.trainer][INFO] - Computing metrics for 'test' dataset
[2021-09-22 13:43:56,291][core.metrics.meter][INFO] - Meter:
SequenceAccuracy:	0.000
TokenAccuracy:	0.459
LengthAccuracy:	1.000
1st Token Accuracy:	0.229
Average Loss:	1.199
[2021-09-22 13:43:56,291][core.early_stopping][INFO] - Early stopping counter: 2 / 5
[2021-09-22 13:43:56,291][core.early_stopping][INFO] - Pausing model saving until validation loss decreases by 0.001
[2021-09-22 13:43:56,291][core.trainer][INFO] - EPOCH 14 / 100
[2021-09-22 13:43:56,291][core.trainer][INFO] - Computing metrics for 'train' dataset
[2021-09-22 13:43:57,816][core.metrics.meter][INFO] - Meter:
SequenceAccuracy:	0.003
TokenAccuracy:	0.462
LengthAccuracy:	1.000
1st Token Accuracy:	0.192
Average Loss:	1.197
[2021-09-22 13:43:57,823][core.trainer][INFO] - Computing metrics for 'val' dataset
[2021-09-22 13:43:57,932][core.metrics.meter][INFO] - Meter:
SequenceAccuracy:	0.000
TokenAccuracy:	0.447
LengthAccuracy:	1.000
1st Token Accuracy:	0.239
Average Loss:	1.200
[2021-09-22 13:43:57,932][core.trainer][INFO] - Computing metrics for 'test' dataset
[2021-09-22 13:43:58,038][core.metrics.meter][INFO] - Meter:
SequenceAccuracy:	0.000
TokenAccuracy:	0.429
LengthAccuracy:	1.000
1st Token Accuracy:	0.161
Average Loss:	1.205
[2021-09-22 13:43:58,039][core.early_stopping][INFO] - Early stopping counter: 3 / 5
[2021-09-22 13:43:58,039][core.early_stopping][INFO] - Pausing model saving until validation loss decreases by 0.001
[2021-09-22 13:43:58,039][core.trainer][INFO] - EPOCH 15 / 100
[2021-09-22 13:43:58,039][core.trainer][INFO] - Computing metrics for 'train' dataset
[2021-09-22 13:43:59,623][core.metrics.meter][INFO] - Meter:
SequenceAccuracy:	0.000
TokenAccuracy:	0.468
LengthAccuracy:	1.000
1st Token Accuracy:	0.224
Average Loss:	1.196
[2021-09-22 13:43:59,627][core.trainer][INFO] - Computing metrics for 'val' dataset
[2021-09-22 13:43:59,738][core.metrics.meter][INFO] - Meter:
SequenceAccuracy:	0.000
TokenAccuracy:	0.481
LengthAccuracy:	1.000
1st Token Accuracy:	0.186
Average Loss:	1.197
[2021-09-22 13:43:59,738][core.trainer][INFO] - Computing metrics for 'test' dataset
[2021-09-22 13:43:59,845][core.metrics.meter][INFO] - Meter:
SequenceAccuracy:	0.000
TokenAccuracy:	0.477
LengthAccuracy:	1.000
1st Token Accuracy:	0.229
Average Loss:	1.198
[2021-09-22 13:43:59,845][core.early_stopping][INFO] - Early stopping counter: 4 / 5
[2021-09-22 13:43:59,845][core.early_stopping][INFO] - Pausing model saving until validation loss decreases by 0.001
[2021-09-22 13:43:59,845][core.trainer][INFO] - EPOCH 16 / 100
[2021-09-22 13:43:59,845][core.trainer][INFO] - Computing metrics for 'train' dataset
[2021-09-22 13:44:01,418][core.metrics.meter][INFO] - Meter:
SequenceAccuracy:	0.001
TokenAccuracy:	0.469
LengthAccuracy:	1.000
1st Token Accuracy:	0.234
Average Loss:	1.194
[2021-09-22 13:44:01,423][core.trainer][INFO] - Computing metrics for 'val' dataset
[2021-09-22 13:44:01,531][core.metrics.meter][INFO] - Meter:
SequenceAccuracy:	0.000
TokenAccuracy:	0.447
LengthAccuracy:	1.000
1st Token Accuracy:	0.177
Average Loss:	1.199
[2021-09-22 13:44:01,531][core.trainer][INFO] - Computing metrics for 'test' dataset
[2021-09-22 13:44:01,634][core.metrics.meter][INFO] - Meter:
SequenceAccuracy:	0.000
TokenAccuracy:	0.432
LengthAccuracy:	1.000
1st Token Accuracy:	0.153
Average Loss:	1.206
[2021-09-22 13:44:01,634][core.early_stopping][INFO] - Early stopping counter: 5 / 5
[2021-09-22 13:44:01,634][core.early_stopping][INFO] - Pausing model saving until validation loss decreases by 0.001
