/ext3/miniconda3/lib/python3.8/site-packages/hydra/_internal/defaults_list.py:251: UserWarning: In 'train.yaml': Defaults list is missing `_self_`. See https://hydra.cc/docs/upgrades/1.0_to_1.1/default_composition_order for more information
  warnings.warn(msg, UserWarning)
/ext3/miniconda3/lib/python3.8/site-packages/hydra/_internal/defaults_list.py:412: UserWarning: In train.yaml: Invalid overriding of hydra/output:
Default list overrides requires 'override' keyword.
See https://hydra.cc/docs/next/upgrades/1.0_to_1.1/defaults_list_override for more information.

  deprecation_warning(msg)
In 'experiment/ms-passivization': Could not find 'dataset/ms-passivization'

Available options in 'dataset':
	alice-1
	alice-2
	alice-3-10
	alice-3-11
	alice-3-12
	alice-3-13
	alice-3-14
	alice-3-2
	alice-3-3
	alice-3-4
	alice-3-5
	alice-3-6
	alice-3-7
	alice-3-8
	alice-3-9
	alice-4a
	alice-4b
	alice-5a
	alice-5b
	iden
	intervening-subject
	intervening-subject-strict
	lights
	negation
	tom-question
	tom-tense
Config search path:
	provider=hydra, path=pkg://hydra.conf
	provider=main, path=file:///scratch/lw2534/lab/transductions/conf
	provider=schema, path=structured://

Set the environment variable HYDRA_FULL_ERROR=1 for a complete stack trace.
