experiment:
  dataset:
    name: ms-passivization
    input: tom-question.tsv
    source_format: sequence
    target_format: sequence
    overwrite: false
    transform_field: target
    splits:
      train: 80
      test: 10
      val: 10
  hyperparameters:
    epochs: 50
    batch_size: 5
    lr: 0.001
    tolerance: 0.0001
    num_iters_eval: 1000
    min_iters: 30000
    patience: 5
    tf_ratio: 0.0
    cuda: 0
  model:
    name: LSTM-Multiplicative
    encoder:
      unit: LSTM
      type: sequence
      dropout: 0
      num_layers: 1
      hidden_size: 256
      max_length: 0
      embedding_size: 256
      bidirectional: false
    decoder:
      unit: LSTM
      type: sequence
      dropout: 0
      num_layers: 1
      max_length: 30
      hidden_size: 256
      attention: Multiplicative
      embedding_size: 256
  name: ms-passivization
pretty_print: true

[2021-09-24 22:25:58,690][core.trainer][INFO] - DEVICE: cuda
[2021-09-24 22:25:58,690][core.dataset.base_dataset][INFO] - Initializing dataset
[2021-09-24 22:25:58,692][core.dataset.base_dataset][INFO] - Constructing fields from dataset.
