/ext3/miniconda3/lib/python3.8/site-packages/hydra/_internal/defaults_list.py:251: UserWarning: In 'train.yaml': Defaults list is missing `_self_`. See https://hydra.cc/docs/upgrades/1.0_to_1.1/default_composition_order for more information
  warnings.warn(msg, UserWarning)
/ext3/miniconda3/lib/python3.8/site-packages/hydra/_internal/defaults_list.py:412: UserWarning: In train.yaml: Invalid overriding of hydra/output:
Default list overrides requires 'override' keyword.
See https://hydra.cc/docs/next/upgrades/1.0_to_1.1/defaults_list_override for more information.

  deprecation_warning(msg)
Error executing job with overrides: ['experiment=ms-passivization']
Traceback (most recent call last):
  File "./train.py", line 18, in main
    trainer.train()
  File "/scratch/lw2534/lab/transductions/core/trainer.py", line 132, in train
    self._load_checkpoint()
  File "/scratch/lw2534/lab/transductions/core/trainer.py", line 122, in _load_checkpoint
    self._dataset = self._load_dataset(self._cfg.experiment)
  File "/scratch/lw2534/lab/transductions/core/trainer.py", line 101, in _load_dataset
    dataset = TransductionDataset(cfg, self._device, BERT=BERT)
  File "/scratch/lw2534/lab/transductions/core/dataset/base_dataset.py", line 212, in __init__
    self.target_field.build_vocab(*self._in_sample_data)
  File "/ext3/miniconda3/lib/python3.8/site-packages/torchtext/legacy/data/field.py", line 292, in build_vocab
    for x in data:
  File "/ext3/miniconda3/lib/python3.8/site-packages/torchtext/legacy/data/dataset.py", line 154, in __getattr__
    yield getattr(x, attr)
AttributeError: 'Example' object has no attribute 'target'

Set the environment variable HYDRA_FULL_ERROR=1 for a complete stack trace.
