experiment:
  dataset:
    name: ms-question
    input: ms-question.tsv
    source_format: sequence
    target_format: sequence
    overwrite: false
    transform_field: target
    splits:
      train: 80
      test: 10
      val: 10
  hyperparameters:
    epochs: 50
    batch_size: 5
    lr: 0.001
    tolerance: 0.0001
    num_iters_eval: 1000
    min_iters: 30000
    patience: 5
    tf_ratio: 0.0
    cuda: 0
  model:
    name: Transformer
    encoder:
      unit: Transformer
      type: sequence
      dropout: 0
      num_layers: 2
      hidden_size: 256
      embedding_size: 256
      num_heads: 8
    decoder:
      unit: Transformer
      type: sequence
      dropout: 0
      num_layers: 2
      max_length: 30
      hidden_size: 256
      embedding_size: 256
      num_heads: 8
      attention: null
  name: ms-question
pretty_print: true

[2021-10-03 22:18:49,616][core.trainer][INFO] - DEVICE: cuda
[2021-10-03 22:18:49,617][core.dataset.base_dataset][INFO] - Initializing dataset
[2021-10-03 22:18:49,618][core.dataset.base_dataset][INFO] - Constructing fields from dataset.
[2021-10-03 22:18:52,656][core.trainer][INFO] - TransductionDataset(
 splits: [val (1000 sequences), train (100000 sequences), test (10000 sequences), gen (10000 sequences)]
 fields: [source, annotation, target]
)
[2021-10-03 22:18:52,656][core.models.base_model][INFO] - Initializing model
[2021-10-03 22:18:57,872][core.trainer][INFO] - TransductionModel(
  (_encoder): TransductionSequenceEncoder(
    (module): Sequential(
      (0): Sequential(
        (0): Embedding(68, 256)
        (1): PositionalEncoding(
          (dropout): Dropout(p=0.0, inplace=False)
        )
      )
      (1): TransformerEncoder(
        (layers): ModuleList(
          (0): TransformerEncoderLayer(
            (self_attn): MultiheadAttention(
              (out_proj): _LinearWithBias(in_features=256, out_features=256, bias=True)
            )
            (linear1): Linear(in_features=256, out_features=2048, bias=True)
            (dropout): Dropout(p=0.1, inplace=False)
            (linear2): Linear(in_features=2048, out_features=256, bias=True)
            (norm1): LayerNorm((256,), eps=1e-05, elementwise_affine=True)
            (norm2): LayerNorm((256,), eps=1e-05, elementwise_affine=True)
            (dropout1): Dropout(p=0.1, inplace=False)
            (dropout2): Dropout(p=0.1, inplace=False)
          )
          (1): TransformerEncoderLayer(
            (self_attn): MultiheadAttention(
              (out_proj): _LinearWithBias(in_features=256, out_features=256, bias=True)
            )
            (linear1): Linear(in_features=256, out_features=2048, bias=True)
            (dropout): Dropout(p=0.1, inplace=False)
            (linear2): Linear(in_features=2048, out_features=256, bias=True)
            (norm1): LayerNorm((256,), eps=1e-05, elementwise_affine=True)
            (norm2): LayerNorm((256,), eps=1e-05, elementwise_affine=True)
            (dropout1): Dropout(p=0.1, inplace=False)
            (dropout2): Dropout(p=0.1, inplace=False)
          )
        )
      )
    )
  )
  (_decoder): TransformerSequenceDecoder(
    (_embedding): Sequential(
      (0): Embedding(71, 256)
      (1): PositionalEncoding(
        (dropout): Dropout(p=0.0, inplace=False)
      )
    )
    (_unit): TransformerDecoder(
      (layers): ModuleList(
        (0): TransformerDecoderLayer(
          (self_attn): MultiheadAttention(
            (out_proj): _LinearWithBias(in_features=256, out_features=256, bias=True)
          )
          (multihead_attn): MultiheadAttention(
            (out_proj): _LinearWithBias(in_features=256, out_features=256, bias=True)
          )
          (linear1): Linear(in_features=256, out_features=2048, bias=True)
          (dropout): Dropout(p=0.0, inplace=False)
          (linear2): Linear(in_features=2048, out_features=256, bias=True)
          (norm1): LayerNorm((256,), eps=1e-05, elementwise_affine=True)
          (norm2): LayerNorm((256,), eps=1e-05, elementwise_affine=True)
          (norm3): LayerNorm((256,), eps=1e-05, elementwise_affine=True)
          (dropout1): Dropout(p=0.0, inplace=False)
          (dropout2): Dropout(p=0.0, inplace=False)
          (dropout3): Dropout(p=0.0, inplace=False)
        )
        (1): TransformerDecoderLayer(
          (self_attn): MultiheadAttention(
            (out_proj): _LinearWithBias(in_features=256, out_features=256, bias=True)
          )
          (multihead_attn): MultiheadAttention(
            (out_proj): _LinearWithBias(in_features=256, out_features=256, bias=True)
          )
          (linear1): Linear(in_features=256, out_features=2048, bias=True)
          (dropout): Dropout(p=0.0, inplace=False)
          (linear2): Linear(in_features=2048, out_features=256, bias=True)
          (norm1): LayerNorm((256,), eps=1e-05, elementwise_affine=True)
          (norm2): LayerNorm((256,), eps=1e-05, elementwise_affine=True)
          (norm3): LayerNorm((256,), eps=1e-05, elementwise_affine=True)
          (dropout1): Dropout(p=0.0, inplace=False)
          (dropout2): Dropout(p=0.0, inplace=False)
          (dropout3): Dropout(p=0.0, inplace=False)
        )
      )
    )
    (_out): Linear(in_features=256, out_features=71, bias=True)
  )
)
[2021-10-03 22:18:57,880][core.trainer][INFO] - Beginning training
[2021-10-03 22:18:58,430][core.metrics.meter][INFO] - Logging with tensorboard; view with `tensorboard --logdir=/scratch/lw2534/lab/transductions/outputs/ms-question/Transformer/2021-10-03_22-18-49/tensorboard`
[2021-10-03 22:18:58,430][core.trainer][INFO] - EPOCH 1 / 50
[2021-10-03 22:18:58,430][core.trainer][INFO] - Computing metrics for 'train' dataset
[2021-10-03 22:19:27,264][core.trainer][INFO] - Computing metrics for 'val' dataset
[2021-10-03 22:19:30,883][core.metrics.meter][INFO] - Meter:
SequenceAccuracy:	0.000
TokenAccuracy:	0.143
LengthAccuracy:	0.322
1st Token Accuracy:	0.167
Average Loss:	3.658
[2021-10-03 22:20:00,982][core.trainer][INFO] - Computing metrics for 'val' dataset
[2021-10-03 22:20:05,305][core.metrics.meter][INFO] - Meter:
SequenceAccuracy:	0.000
TokenAccuracy:	0.199
LengthAccuracy:	0.489
1st Token Accuracy:	0.360
Average Loss:	3.412
[2021-10-03 22:20:36,776][core.trainer][INFO] - Computing metrics for 'val' dataset
[2021-10-03 22:20:41,057][core.metrics.meter][INFO] - Meter:
SequenceAccuracy:	0.000
TokenAccuracy:	0.236
LengthAccuracy:	0.579
1st Token Accuracy:	0.561
Average Loss:	3.292
[2021-10-03 22:21:12,940][core.trainer][INFO] - Computing metrics for 'val' dataset
[2021-10-03 22:21:17,340][core.metrics.meter][INFO] - Meter:
SequenceAccuracy:	0.000
TokenAccuracy:	0.260
LengthAccuracy:	0.623
1st Token Accuracy:	0.667
Average Loss:	3.159
[2021-10-03 22:21:49,666][core.trainer][INFO] - Computing metrics for 'val' dataset
[2021-10-03 22:21:54,155][core.metrics.meter][INFO] - Meter:
SequenceAccuracy:	0.000
TokenAccuracy:	0.280
LengthAccuracy:	0.684
1st Token Accuracy:	0.701
Average Loss:	3.015
[2021-10-03 22:22:26,654][core.trainer][INFO] - Computing metrics for 'val' dataset
[2021-10-03 22:22:31,142][core.metrics.meter][INFO] - Meter:
SequenceAccuracy:	0.000
TokenAccuracy:	0.302
LengthAccuracy:	0.736
1st Token Accuracy:	0.735
Average Loss:	2.875
[2021-10-03 22:23:03,781][core.trainer][INFO] - Computing metrics for 'val' dataset
[2021-10-03 22:23:08,340][core.metrics.meter][INFO] - Meter:
SequenceAccuracy:	0.000
TokenAccuracy:	0.323
LengthAccuracy:	0.777
1st Token Accuracy:	0.776
Average Loss:	2.748
[2021-10-03 22:23:41,318][core.trainer][INFO] - Computing metrics for 'val' dataset
[2021-10-03 22:23:45,864][core.metrics.meter][INFO] - Meter:
SequenceAccuracy:	0.000
TokenAccuracy:	0.343
LengthAccuracy:	0.813
1st Token Accuracy:	0.837
Average Loss:	2.628
[2021-10-03 22:24:18,930][core.trainer][INFO] - Computing metrics for 'val' dataset
[2021-10-03 22:24:23,470][core.metrics.meter][INFO] - Meter:
SequenceAccuracy:	0.000
TokenAccuracy:	0.360
LengthAccuracy:	0.813
1st Token Accuracy:	0.882
Average Loss:	2.529
[2021-10-03 22:24:56,411][core.trainer][INFO] - Computing metrics for 'val' dataset
[2021-10-03 22:25:01,053][core.metrics.meter][INFO] - Meter:
SequenceAccuracy:	0.000
TokenAccuracy:	0.380
LengthAccuracy:	0.824
1st Token Accuracy:	0.928
Average Loss:	2.425
[2021-10-03 22:25:33,921][core.trainer][INFO] - Computing metrics for 'val' dataset
[2021-10-03 22:25:38,492][core.metrics.meter][INFO] - Meter:
SequenceAccuracy:	0.000
TokenAccuracy:	0.397
LengthAccuracy:	0.836
1st Token Accuracy:	0.959
Average Loss:	2.321
[2021-10-03 22:26:11,627][core.trainer][INFO] - Computing metrics for 'val' dataset
[2021-10-03 22:26:16,187][core.metrics.meter][INFO] - Meter:
SequenceAccuracy:	0.000
TokenAccuracy:	0.410
LengthAccuracy:	0.847
1st Token Accuracy:	0.975
Average Loss:	2.226
[2021-10-03 22:26:49,404][core.trainer][INFO] - Computing metrics for 'val' dataset
[2021-10-03 22:26:53,942][core.metrics.meter][INFO] - Meter:
SequenceAccuracy:	0.000
TokenAccuracy:	0.422
LengthAccuracy:	0.848
1st Token Accuracy:	0.984
Average Loss:	2.122
[2021-10-03 22:27:27,080][core.trainer][INFO] - Computing metrics for 'val' dataset
[2021-10-03 22:27:31,650][core.metrics.meter][INFO] - Meter:
SequenceAccuracy:	0.001
TokenAccuracy:	0.438
LengthAccuracy:	0.865
1st Token Accuracy:	0.988
Average Loss:	2.016
[2021-10-03 22:28:05,113][core.trainer][INFO] - Computing metrics for 'val' dataset
[2021-10-03 22:28:09,689][core.metrics.meter][INFO] - Meter:
SequenceAccuracy:	0.001
TokenAccuracy:	0.451
LengthAccuracy:	0.895
1st Token Accuracy:	0.991
Average Loss:	1.922
[2021-10-03 22:28:42,658][core.trainer][INFO] - Computing metrics for 'val' dataset
[2021-10-03 22:28:47,190][core.metrics.meter][INFO] - Meter:
SequenceAccuracy:	0.003
TokenAccuracy:	0.474
LengthAccuracy:	0.889
1st Token Accuracy:	0.996
Average Loss:	1.790
[2021-10-03 22:29:20,707][core.trainer][INFO] - Computing metrics for 'val' dataset
[2021-10-03 22:29:25,278][core.metrics.meter][INFO] - Meter:
SequenceAccuracy:	0.006
TokenAccuracy:	0.504
LengthAccuracy:	0.898
1st Token Accuracy:	0.997
Average Loss:	1.683
[2021-10-03 22:29:58,640][core.trainer][INFO] - Computing metrics for 'val' dataset
[2021-10-03 22:30:03,335][core.metrics.meter][INFO] - Meter:
SequenceAccuracy:	0.011
TokenAccuracy:	0.538
LengthAccuracy:	0.923
1st Token Accuracy:	0.995
Average Loss:	1.545
[2021-10-03 22:30:36,792][core.trainer][INFO] - Computing metrics for 'val' dataset
[2021-10-03 22:30:41,384][core.metrics.meter][INFO] - Meter:
SequenceAccuracy:	0.026
TokenAccuracy:	0.580
LengthAccuracy:	0.928
1st Token Accuracy:	0.996
Average Loss:	1.393
[2021-10-03 22:31:14,626][core.trainer][INFO] - Computing metrics for 'val' dataset
[2021-10-03 22:31:19,199][core.metrics.meter][INFO] - Meter:
SequenceAccuracy:	0.064
TokenAccuracy:	0.631
LengthAccuracy:	0.937
1st Token Accuracy:	0.997
Average Loss:	1.220
[2021-10-03 22:31:19,657][core.trainer][INFO] - Computing metrics for 'test' dataset
[2021-10-03 22:32:04,078][core.metrics.meter][INFO] - Meter:
SequenceAccuracy:	0.087
TokenAccuracy:	0.645
LengthAccuracy:	0.930
1st Token Accuracy:	0.997
Average Loss:	1.164
[2021-10-03 22:32:04,079][core.trainer][INFO] - Computing metrics for 'gen' dataset
[2021-10-03 22:32:52,057][core.metrics.meter][INFO] - Meter:
SequenceAccuracy:	0.000
TokenAccuracy:	0.518
LengthAccuracy:	0.884
1st Token Accuracy:	0.041
Average Loss:	1.471
[2021-10-03 22:32:52,057][core.trainer][INFO] - EPOCH 2 / 50
[2021-10-03 22:32:52,057][core.trainer][INFO] - Computing metrics for 'train' dataset
[2021-10-03 22:33:25,121][core.trainer][INFO] - Computing metrics for 'val' dataset
[2021-10-03 22:33:29,698][core.metrics.meter][INFO] - Meter:
SequenceAccuracy:	0.132
TokenAccuracy:	0.681
LengthAccuracy:	0.929
1st Token Accuracy:	0.996
Average Loss:	1.061
[2021-10-03 22:34:03,033][core.trainer][INFO] - Computing metrics for 'val' dataset
[2021-10-03 22:34:07,739][core.metrics.meter][INFO] - Meter:
SequenceAccuracy:	0.213
TokenAccuracy:	0.728
LengthAccuracy:	0.943
1st Token Accuracy:	0.997
Average Loss:	0.919
[2021-10-03 22:34:40,988][core.trainer][INFO] - Computing metrics for 'val' dataset
[2021-10-03 22:34:45,679][core.metrics.meter][INFO] - Meter:
SequenceAccuracy:	0.316
TokenAccuracy:	0.774
LengthAccuracy:	0.933
1st Token Accuracy:	0.998
Average Loss:	0.780
[2021-10-03 22:35:19,118][core.trainer][INFO] - Computing metrics for 'val' dataset
[2021-10-03 22:35:23,811][core.metrics.meter][INFO] - Meter:
SequenceAccuracy:	0.410
TokenAccuracy:	0.809
LengthAccuracy:	0.935
1st Token Accuracy:	0.999
Average Loss:	0.673
[2021-10-03 22:35:57,199][core.trainer][INFO] - Computing metrics for 'val' dataset
[2021-10-03 22:36:01,891][core.metrics.meter][INFO] - Meter:
SequenceAccuracy:	0.474
TokenAccuracy:	0.833
LengthAccuracy:	0.941
1st Token Accuracy:	0.999
Average Loss:	0.588
[2021-10-03 22:36:35,236][core.trainer][INFO] - Computing metrics for 'val' dataset
[2021-10-03 22:36:39,904][core.metrics.meter][INFO] - Meter:
SequenceAccuracy:	0.541
TokenAccuracy:	0.860
LengthAccuracy:	0.942
1st Token Accuracy:	1.000
Average Loss:	0.504
[2021-10-03 22:37:13,263][core.trainer][INFO] - Computing metrics for 'val' dataset
[2021-10-03 22:37:17,943][core.metrics.meter][INFO] - Meter:
SequenceAccuracy:	0.591
TokenAccuracy:	0.879
LengthAccuracy:	0.948
1st Token Accuracy:	1.000
Average Loss:	0.446
[2021-10-03 22:37:51,316][core.trainer][INFO] - Computing metrics for 'val' dataset
[2021-10-03 22:37:56,006][core.metrics.meter][INFO] - Meter:
SequenceAccuracy:	0.624
TokenAccuracy:	0.895
LengthAccuracy:	0.937
1st Token Accuracy:	1.000
Average Loss:	0.402
[2021-10-03 22:38:29,349][core.trainer][INFO] - Computing metrics for 'val' dataset
[2021-10-03 22:38:33,921][core.metrics.meter][INFO] - Meter:
SequenceAccuracy:	0.665
TokenAccuracy:	0.912
LengthAccuracy:	0.947
1st Token Accuracy:	1.000
Average Loss:	0.346
[2021-10-03 22:39:07,465][core.trainer][INFO] - Computing metrics for 'val' dataset
[2021-10-03 22:39:12,170][core.metrics.meter][INFO] - Meter:
SequenceAccuracy:	0.691
TokenAccuracy:	0.922
LengthAccuracy:	0.948
1st Token Accuracy:	1.000
Average Loss:	0.316
[2021-10-03 22:39:45,561][core.trainer][INFO] - Computing metrics for 'val' dataset
[2021-10-03 22:39:50,164][core.metrics.meter][INFO] - Meter:
SequenceAccuracy:	0.724
TokenAccuracy:	0.936
LengthAccuracy:	0.951
1st Token Accuracy:	1.000
Average Loss:	0.279
[2021-10-03 22:40:23,555][core.trainer][INFO] - Computing metrics for 'val' dataset
[2021-10-03 22:40:28,252][core.metrics.meter][INFO] - Meter:
SequenceAccuracy:	0.751
TokenAccuracy:	0.942
LengthAccuracy:	0.948
1st Token Accuracy:	1.000
Average Loss:	0.255
[2021-10-03 22:41:01,690][core.trainer][INFO] - Computing metrics for 'val' dataset
[2021-10-03 22:41:06,282][core.metrics.meter][INFO] - Meter:
SequenceAccuracy:	0.773
TokenAccuracy:	0.948
LengthAccuracy:	0.958
1st Token Accuracy:	1.000
Average Loss:	0.227
[2021-10-03 22:41:39,475][core.trainer][INFO] - Computing metrics for 'val' dataset
[2021-10-03 22:41:44,074][core.metrics.meter][INFO] - Meter:
SequenceAccuracy:	0.796
TokenAccuracy:	0.957
LengthAccuracy:	0.951
1st Token Accuracy:	1.000
Average Loss:	0.213
[2021-10-03 22:41:44,196][core.early_stopping][INFO] - Early stopping counter: 1 / 5
[2021-10-03 22:41:44,248][core.early_stopping][INFO] - Pausing model saving until validation loss decreases by 0.0001
[2021-10-03 22:42:17,292][core.trainer][INFO] - Computing metrics for 'val' dataset
[2021-10-03 22:42:21,878][core.metrics.meter][INFO] - Meter:
SequenceAccuracy:	0.807
TokenAccuracy:	0.960
LengthAccuracy:	0.949
1st Token Accuracy:	1.000
Average Loss:	0.203
[2021-10-03 22:42:55,312][core.trainer][INFO] - Computing metrics for 'val' dataset
[2021-10-03 22:42:59,993][core.metrics.meter][INFO] - Meter:
SequenceAccuracy:	0.828
TokenAccuracy:	0.965
LengthAccuracy:	0.948
1st Token Accuracy:	1.000
Average Loss:	0.183
[2021-10-03 22:43:33,300][core.trainer][INFO] - Computing metrics for 'val' dataset
[2021-10-03 22:43:37,892][core.metrics.meter][INFO] - Meter:
SequenceAccuracy:	0.844
TokenAccuracy:	0.969
LengthAccuracy:	0.948
1st Token Accuracy:	1.000
Average Loss:	0.172
[2021-10-03 22:44:11,197][core.trainer][INFO] - Computing metrics for 'val' dataset
[2021-10-03 22:44:15,782][core.metrics.meter][INFO] - Meter:
SequenceAccuracy:	0.851
TokenAccuracy:	0.971
LengthAccuracy:	0.948
1st Token Accuracy:	1.000
Average Loss:	0.166
[2021-10-03 22:44:49,074][core.trainer][INFO] - Computing metrics for 'val' dataset
[2021-10-03 22:44:53,649][core.metrics.meter][INFO] - Meter:
SequenceAccuracy:	0.856
TokenAccuracy:	0.973
LengthAccuracy:	0.949
1st Token Accuracy:	1.000
Average Loss:	0.156
[2021-10-03 22:45:27,105][core.trainer][INFO] - Computing metrics for 'val' dataset
[2021-10-03 22:45:31,703][core.metrics.meter][INFO] - Meter:
SequenceAccuracy:	0.858
TokenAccuracy:	0.973
LengthAccuracy:	0.949
1st Token Accuracy:	1.000
Average Loss:	0.155
[2021-10-03 22:45:31,821][core.early_stopping][INFO] - Early stopping counter: 1 / 5
[2021-10-03 22:45:31,872][core.early_stopping][INFO] - Pausing model saving until validation loss decreases by 0.0001
[2021-10-03 22:45:31,875][core.trainer][INFO] - Computing metrics for 'test' dataset
[2021-10-03 22:46:16,548][core.metrics.meter][INFO] - Meter:
SequenceAccuracy:	0.864
TokenAccuracy:	0.975
LengthAccuracy:	0.953
1st Token Accuracy:	1.000
Average Loss:	0.146
[2021-10-03 22:46:16,549][core.trainer][INFO] - Computing metrics for 'gen' dataset
[2021-10-03 22:47:05,082][core.metrics.meter][INFO] - Meter:
SequenceAccuracy:	0.002
TokenAccuracy:	0.630
LengthAccuracy:	0.980
1st Token Accuracy:	0.015
Average Loss:	1.334
[2021-10-03 22:47:05,083][core.trainer][INFO] - EPOCH 3 / 50
[2021-10-03 22:47:05,083][core.trainer][INFO] - Computing metrics for 'train' dataset
[2021-10-03 22:47:38,288][core.trainer][INFO] - Computing metrics for 'val' dataset
[2021-10-03 22:47:42,900][core.metrics.meter][INFO] - Meter:
SequenceAccuracy:	0.871
TokenAccuracy:	0.977
LengthAccuracy:	0.951
1st Token Accuracy:	1.000
Average Loss:	0.143
[2021-10-03 22:47:43,007][core.early_stopping][INFO] - Early stopping counter: 2 / 5
[2021-10-03 22:47:43,059][core.early_stopping][INFO] - Pausing model saving until validation loss decreases by 0.0001
[2021-10-03 22:48:16,038][core.trainer][INFO] - Computing metrics for 'val' dataset
[2021-10-03 22:48:20,734][core.metrics.meter][INFO] - Meter:
SequenceAccuracy:	0.874
TokenAccuracy:	0.977
LengthAccuracy:	0.952
1st Token Accuracy:	1.000
Average Loss:	0.133
[2021-10-03 22:48:54,095][core.trainer][INFO] - Computing metrics for 'val' dataset
[2021-10-03 22:48:58,679][core.metrics.meter][INFO] - Meter:
SequenceAccuracy:	0.870
TokenAccuracy:	0.979
LengthAccuracy:	0.949
1st Token Accuracy:	1.000
Average Loss:	0.138
[2021-10-03 22:48:58,804][core.early_stopping][INFO] - Early stopping counter: 1 / 5
[2021-10-03 22:48:58,855][core.early_stopping][INFO] - Pausing model saving until validation loss decreases by 0.0001
[2021-10-03 22:49:31,807][core.trainer][INFO] - Computing metrics for 'val' dataset
[2021-10-03 22:49:36,414][core.metrics.meter][INFO] - Meter:
SequenceAccuracy:	0.878
TokenAccuracy:	0.981
LengthAccuracy:	0.952
1st Token Accuracy:	1.000
Average Loss:	0.128
[2021-10-03 22:49:36,554][core.early_stopping][INFO] - Early stopping counter: 2 / 5
[2021-10-03 22:49:36,605][core.early_stopping][INFO] - Pausing model saving until validation loss decreases by 0.0001
[2021-10-03 22:50:09,663][core.trainer][INFO] - Computing metrics for 'val' dataset
[2021-10-03 22:50:14,237][core.metrics.meter][INFO] - Meter:
SequenceAccuracy:	0.886
TokenAccuracy:	0.983
LengthAccuracy:	0.953
1st Token Accuracy:	1.000
Average Loss:	0.120
[2021-10-03 22:50:47,659][core.trainer][INFO] - Computing metrics for 'val' dataset
[2021-10-03 22:50:52,263][core.metrics.meter][INFO] - Meter:
SequenceAccuracy:	0.884
TokenAccuracy:	0.984
LengthAccuracy:	0.949
1st Token Accuracy:	1.000
Average Loss:	0.125
[2021-10-03 22:50:52,383][core.early_stopping][INFO] - Early stopping counter: 1 / 5
[2021-10-03 22:50:52,435][core.early_stopping][INFO] - Pausing model saving until validation loss decreases by 0.0001
[2021-10-03 22:51:25,553][core.trainer][INFO] - Computing metrics for 'val' dataset
[2021-10-03 22:51:30,264][core.metrics.meter][INFO] - Meter:
SequenceAccuracy:	0.891
TokenAccuracy:	0.985
LengthAccuracy:	0.958
1st Token Accuracy:	1.000
Average Loss:	0.111
[2021-10-03 22:52:03,561][core.trainer][INFO] - Computing metrics for 'val' dataset
[2021-10-03 22:52:08,153][core.metrics.meter][INFO] - Meter:
SequenceAccuracy:	0.889
TokenAccuracy:	0.986
LengthAccuracy:	0.944
1st Token Accuracy:	1.000
Average Loss:	0.118
[2021-10-03 22:52:08,261][core.early_stopping][INFO] - Early stopping counter: 1 / 5
[2021-10-03 22:52:08,313][core.early_stopping][INFO] - Pausing model saving until validation loss decreases by 0.0001
[2021-10-03 22:52:41,391][core.trainer][INFO] - Computing metrics for 'val' dataset
[2021-10-03 22:52:45,981][core.metrics.meter][INFO] - Meter:
SequenceAccuracy:	0.903
TokenAccuracy:	0.988
LengthAccuracy:	0.955
1st Token Accuracy:	1.000
Average Loss:	0.101
[2021-10-03 22:53:19,397][core.trainer][INFO] - Computing metrics for 'val' dataset
[2021-10-03 22:53:24,012][core.metrics.meter][INFO] - Meter:
SequenceAccuracy:	0.900
TokenAccuracy:	0.988
LengthAccuracy:	0.949
1st Token Accuracy:	1.000
Average Loss:	0.110
[2021-10-03 22:53:24,146][core.early_stopping][INFO] - Early stopping counter: 1 / 5
[2021-10-03 22:53:24,198][core.early_stopping][INFO] - Pausing model saving until validation loss decreases by 0.0001
[2021-10-03 22:53:57,270][core.trainer][INFO] - Computing metrics for 'val' dataset
[2021-10-03 22:54:01,864][core.metrics.meter][INFO] - Meter:
SequenceAccuracy:	0.913
TokenAccuracy:	0.989
LengthAccuracy:	0.955
1st Token Accuracy:	1.000
Average Loss:	0.099
[2021-10-03 22:54:01,973][core.early_stopping][INFO] - Early stopping counter: 2 / 5
[2021-10-03 22:54:02,025][core.early_stopping][INFO] - Pausing model saving until validation loss decreases by 0.0001
[2021-10-03 22:54:35,197][core.trainer][INFO] - Computing metrics for 'val' dataset
[2021-10-03 22:54:39,786][core.metrics.meter][INFO] - Meter:
SequenceAccuracy:	0.901
TokenAccuracy:	0.991
LengthAccuracy:	0.945
1st Token Accuracy:	1.000
Average Loss:	0.109
[2021-10-03 22:54:39,901][core.early_stopping][INFO] - Early stopping counter: 3 / 5
[2021-10-03 22:54:39,953][core.early_stopping][INFO] - Pausing model saving until validation loss decreases by 0.0001
[2021-10-03 22:55:12,838][core.trainer][INFO] - Computing metrics for 'val' dataset
[2021-10-03 22:55:17,427][core.metrics.meter][INFO] - Meter:
SequenceAccuracy:	0.918
TokenAccuracy:	0.991
LengthAccuracy:	0.954
1st Token Accuracy:	1.000
Average Loss:	0.095
[2021-10-03 22:55:50,844][core.trainer][INFO] - Computing metrics for 'val' dataset
[2021-10-03 22:55:55,575][core.metrics.meter][INFO] - Meter:
SequenceAccuracy:	0.913
TokenAccuracy:	0.992
LengthAccuracy:	0.950
1st Token Accuracy:	1.000
Average Loss:	0.099
[2021-10-03 22:55:55,682][core.early_stopping][INFO] - Early stopping counter: 1 / 5
[2021-10-03 22:55:55,738][core.early_stopping][INFO] - Pausing model saving until validation loss decreases by 0.0001
[2021-10-03 22:56:28,910][core.trainer][INFO] - Computing metrics for 'val' dataset
[2021-10-03 22:56:33,492][core.metrics.meter][INFO] - Meter:
SequenceAccuracy:	0.914
TokenAccuracy:	0.992
LengthAccuracy:	0.950
1st Token Accuracy:	1.000
Average Loss:	0.095
[2021-10-03 22:57:07,135][core.trainer][INFO] - Computing metrics for 'val' dataset
[2021-10-03 22:57:11,835][core.metrics.meter][INFO] - Meter:
SequenceAccuracy:	0.913
TokenAccuracy:	0.991
LengthAccuracy:	0.953
1st Token Accuracy:	1.000
Average Loss:	0.097
[2021-10-03 22:57:11,960][core.early_stopping][INFO] - Early stopping counter: 1 / 5
[2021-10-03 22:57:12,010][core.early_stopping][INFO] - Pausing model saving until validation loss decreases by 0.0001
[2021-10-03 22:57:45,117][core.trainer][INFO] - Computing metrics for 'val' dataset
[2021-10-03 22:57:49,707][core.metrics.meter][INFO] - Meter:
SequenceAccuracy:	0.921
TokenAccuracy:	0.993
LengthAccuracy:	0.953
1st Token Accuracy:	1.000
Average Loss:	0.093
[2021-10-03 22:58:23,545][core.trainer][INFO] - Computing metrics for 'val' dataset
[2021-10-03 22:58:28,133][core.metrics.meter][INFO] - Meter:
SequenceAccuracy:	0.918
TokenAccuracy:	0.994
LengthAccuracy:	0.945
1st Token Accuracy:	1.000
Average Loss:	0.101
[2021-10-03 22:58:28,243][core.early_stopping][INFO] - Early stopping counter: 1 / 5
[2021-10-03 22:58:28,294][core.early_stopping][INFO] - Pausing model saving until validation loss decreases by 0.0001
[2021-10-03 22:59:01,641][core.trainer][INFO] - Computing metrics for 'val' dataset
[2021-10-03 22:59:06,366][core.metrics.meter][INFO] - Meter:
SequenceAccuracy:	0.927
TokenAccuracy:	0.994
LengthAccuracy:	0.954
1st Token Accuracy:	1.000
Average Loss:	0.087
[2021-10-03 22:59:06,491][core.early_stopping][INFO] - Early stopping counter: 2 / 5
[2021-10-03 22:59:06,545][core.early_stopping][INFO] - Pausing model saving until validation loss decreases by 0.0001
[2021-10-03 22:59:40,037][core.trainer][INFO] - Computing metrics for 'val' dataset
[2021-10-03 22:59:44,676][core.metrics.meter][INFO] - Meter:
SequenceAccuracy:	0.923
TokenAccuracy:	0.994
LengthAccuracy:	0.953
1st Token Accuracy:	1.000
Average Loss:	0.088
[2021-10-03 22:59:45,212][core.trainer][INFO] - Computing metrics for 'test' dataset
[2021-10-03 23:00:30,073][core.metrics.meter][INFO] - Meter:
SequenceAccuracy:	0.921
TokenAccuracy:	0.995
LengthAccuracy:	0.947
1st Token Accuracy:	1.000
Average Loss:	0.094
[2021-10-03 23:00:30,073][core.trainer][INFO] - Computing metrics for 'gen' dataset
[2021-10-03 23:01:18,729][core.metrics.meter][INFO] - Meter:
SequenceAccuracy:	0.002
TokenAccuracy:	0.660
LengthAccuracy:	0.983
1st Token Accuracy:	0.013
Average Loss:	1.490
[2021-10-03 23:01:18,729][core.trainer][INFO] - EPOCH 4 / 50
[2021-10-03 23:01:18,729][core.trainer][INFO] - Computing metrics for 'train' dataset
[2021-10-03 23:01:52,237][core.trainer][INFO] - Computing metrics for 'val' dataset
[2021-10-03 23:01:56,965][core.metrics.meter][INFO] - Meter:
SequenceAccuracy:	0.932
TokenAccuracy:	0.995
LengthAccuracy:	0.956
1st Token Accuracy:	1.000
Average Loss:	0.080
[2021-10-03 23:02:30,869][core.trainer][INFO] - Computing metrics for 'val' dataset
[2021-10-03 23:02:35,502][core.metrics.meter][INFO] - Meter:
SequenceAccuracy:	0.935
TokenAccuracy:	0.996
LengthAccuracy:	0.957
1st Token Accuracy:	1.000
Average Loss:	0.081
[2021-10-03 23:02:35,634][core.early_stopping][INFO] - Early stopping counter: 1 / 5
[2021-10-03 23:02:35,689][core.early_stopping][INFO] - Pausing model saving until validation loss decreases by 0.0001
[2021-10-03 23:03:09,046][core.trainer][INFO] - Computing metrics for 'val' dataset
[2021-10-03 23:03:13,669][core.metrics.meter][INFO] - Meter:
SequenceAccuracy:	0.921
TokenAccuracy:	0.995
LengthAccuracy:	0.945
1st Token Accuracy:	1.000
Average Loss:	0.094
[2021-10-03 23:03:13,780][core.early_stopping][INFO] - Early stopping counter: 2 / 5
[2021-10-03 23:03:13,836][core.early_stopping][INFO] - Pausing model saving until validation loss decreases by 0.0001
[2021-10-03 23:03:47,166][core.trainer][INFO] - Computing metrics for 'val' dataset
[2021-10-03 23:03:51,886][core.metrics.meter][INFO] - Meter:
SequenceAccuracy:	0.932
TokenAccuracy:	0.996
LengthAccuracy:	0.952
1st Token Accuracy:	1.000
Average Loss:	0.083
[2021-10-03 23:03:51,995][core.early_stopping][INFO] - Early stopping counter: 3 / 5
[2021-10-03 23:03:52,048][core.early_stopping][INFO] - Pausing model saving until validation loss decreases by 0.0001
[2021-10-03 23:04:25,408][core.trainer][INFO] - Computing metrics for 'val' dataset
[2021-10-03 23:04:30,129][core.metrics.meter][INFO] - Meter:
SequenceAccuracy:	0.930
TokenAccuracy:	0.996
LengthAccuracy:	0.951
1st Token Accuracy:	1.000
Average Loss:	0.084
[2021-10-03 23:04:30,253][core.early_stopping][INFO] - Early stopping counter: 4 / 5
[2021-10-03 23:04:30,308][core.early_stopping][INFO] - Pausing model saving until validation loss decreases by 0.0001
[2021-10-03 23:05:03,648][core.trainer][INFO] - Computing metrics for 'val' dataset
[2021-10-03 23:05:08,376][core.metrics.meter][INFO] - Meter:
SequenceAccuracy:	0.931
TokenAccuracy:	0.996
LengthAccuracy:	0.950
1st Token Accuracy:	1.000
Average Loss:	0.087
[2021-10-03 23:05:08,519][core.early_stopping][INFO] - Early stopping counter: 5 / 5
[2021-10-03 23:05:08,573][core.early_stopping][INFO] - Pausing model saving until validation loss decreases by 0.0001
[2021-10-03 23:05:08,573][core.trainer][INFO] - Computing metrics for 'test' dataset
[2021-10-03 23:05:54,223][core.metrics.meter][INFO] - Meter:
SequenceAccuracy:	0.927
TokenAccuracy:	0.995
LengthAccuracy:	0.950
1st Token Accuracy:	1.000
Average Loss:	0.088
[2021-10-03 23:05:54,237][core.trainer][INFO] - Computing metrics for 'gen' dataset
[2021-10-03 23:06:43,806][core.metrics.meter][INFO] - Meter:
SequenceAccuracy:	0.002
TokenAccuracy:	0.647
LengthAccuracy:	0.984
1st Token Accuracy:	0.008
Average Loss:	1.612
[2021-10-03 23:06:43,807][core.trainer][INFO] - EPOCH 5 / 50
[2021-10-03 23:06:43,807][core.trainer][INFO] - Computing metrics for 'train' dataset
[2021-10-03 23:07:17,339][core.trainer][INFO] - Computing metrics for 'val' dataset
[2021-10-03 23:07:21,986][core.metrics.meter][INFO] - Meter:
SequenceAccuracy:	0.928
TokenAccuracy:	0.996
LengthAccuracy:	0.949
1st Token Accuracy:	1.000
Average Loss:	0.087
[2021-10-03 23:07:22,101][core.early_stopping][INFO] - Early stopping counter: 6 / 5
[2021-10-03 23:07:22,157][core.early_stopping][INFO] - Pausing model saving until validation loss decreases by 0.0001
[2021-10-03 23:07:22,157][core.trainer][INFO] - Computing metrics for 'test' dataset
[2021-10-03 23:08:06,993][core.metrics.meter][INFO] - Meter:
SequenceAccuracy:	0.933
TokenAccuracy:	0.995
LengthAccuracy:	0.952
1st Token Accuracy:	1.000
Average Loss:	0.083
[2021-10-03 23:08:06,993][core.trainer][INFO] - Computing metrics for 'gen' dataset
[2021-10-03 23:08:55,651][core.metrics.meter][INFO] - Meter:
SequenceAccuracy:	0.001
TokenAccuracy:	0.650
LengthAccuracy:	0.983
1st Token Accuracy:	0.011
Average Loss:	1.634
[2021-10-03 23:08:55,652][core.trainer][INFO] - EPOCH 6 / 50
[2021-10-03 23:08:55,652][core.trainer][INFO] - Computing metrics for 'train' dataset
[2021-10-03 23:09:29,252][core.trainer][INFO] - Computing metrics for 'val' dataset
[2021-10-03 23:09:33,896][core.metrics.meter][INFO] - Meter:
SequenceAccuracy:	0.933
TokenAccuracy:	0.996
LengthAccuracy:	0.951
1st Token Accuracy:	1.000
Average Loss:	0.083
[2021-10-03 23:09:34,034][core.early_stopping][INFO] - Early stopping counter: 7 / 5
[2021-10-03 23:09:34,089][core.early_stopping][INFO] - Pausing model saving until validation loss decreases by 0.0001
[2021-10-03 23:09:34,089][core.trainer][INFO] - Computing metrics for 'test' dataset
[2021-10-03 23:10:18,689][core.metrics.meter][INFO] - Meter:
SequenceAccuracy:	0.935
TokenAccuracy:	0.996
LengthAccuracy:	0.953
1st Token Accuracy:	1.000
Average Loss:	0.083
[2021-10-03 23:10:18,689][core.trainer][INFO] - Computing metrics for 'gen' dataset
[2021-10-03 23:11:07,133][core.metrics.meter][INFO] - Meter:
SequenceAccuracy:	0.001
TokenAccuracy:	0.669
LengthAccuracy:	0.982
1st Token Accuracy:	0.004
Average Loss:	1.506
[2021-10-03 23:11:07,133][core.trainer][INFO] - EPOCH 7 / 50
[2021-10-03 23:11:07,133][core.trainer][INFO] - Computing metrics for 'train' dataset
[2021-10-03 23:11:40,640][core.trainer][INFO] - Computing metrics for 'val' dataset
[2021-10-03 23:11:45,267][core.metrics.meter][INFO] - Meter:
SequenceAccuracy:	0.932
TokenAccuracy:	0.996
LengthAccuracy:	0.949
1st Token Accuracy:	1.000
Average Loss:	0.086
[2021-10-03 23:12:19,323][core.trainer][INFO] - Computing metrics for 'val' dataset
[2021-10-03 23:12:24,051][core.metrics.meter][INFO] - Meter:
SequenceAccuracy:	0.933
TokenAccuracy:	0.997
LengthAccuracy:	0.950
1st Token Accuracy:	1.000
Average Loss:	0.083
[2021-10-03 23:12:58,062][core.trainer][INFO] - Computing metrics for 'val' dataset
[2021-10-03 23:13:02,712][core.metrics.meter][INFO] - Meter:
SequenceAccuracy:	0.933
TokenAccuracy:	0.996
LengthAccuracy:	0.949
1st Token Accuracy:	1.000
Average Loss:	0.083
[2021-10-03 23:13:36,497][core.trainer][INFO] - Computing metrics for 'val' dataset
[2021-10-03 23:13:41,225][core.metrics.meter][INFO] - Meter:
SequenceAccuracy:	0.933
TokenAccuracy:	0.997
LengthAccuracy:	0.948
1st Token Accuracy:	1.000
Average Loss:	0.084
[2021-10-03 23:13:41,334][core.early_stopping][INFO] - Early stopping counter: 1 / 5
[2021-10-03 23:13:41,391][core.early_stopping][INFO] - Pausing model saving until validation loss decreases by 0.0001
[2021-10-03 23:14:14,870][core.trainer][INFO] - Computing metrics for 'val' dataset
[2021-10-03 23:14:19,593][core.metrics.meter][INFO] - Meter:
SequenceAccuracy:	0.939
TokenAccuracy:	0.997
LengthAccuracy:	0.952
1st Token Accuracy:	1.000
Average Loss:	0.073
[2021-10-03 23:14:19,712][core.early_stopping][INFO] - Early stopping counter: 2 / 5
[2021-10-03 23:14:19,767][core.early_stopping][INFO] - Pausing model saving until validation loss decreases by 0.0001
[2021-10-03 23:14:53,209][core.trainer][INFO] - Computing metrics for 'val' dataset
[2021-10-03 23:14:57,827][core.metrics.meter][INFO] - Meter:
SequenceAccuracy:	0.943
TokenAccuracy:	0.997
LengthAccuracy:	0.956
1st Token Accuracy:	1.000
Average Loss:	0.070
[2021-10-03 23:14:57,967][core.early_stopping][INFO] - Early stopping counter: 3 / 5
[2021-10-03 23:14:58,022][core.early_stopping][INFO] - Pausing model saving until validation loss decreases by 0.0001
[2021-10-03 23:15:31,142][core.trainer][INFO] - Computing metrics for 'val' dataset
[2021-10-03 23:15:35,766][core.metrics.meter][INFO] - Meter:
SequenceAccuracy:	0.943
TokenAccuracy:	0.997
LengthAccuracy:	0.957
1st Token Accuracy:	1.000
Average Loss:	0.068
[2021-10-03 23:16:09,678][core.trainer][INFO] - Computing metrics for 'val' dataset
[2021-10-03 23:16:14,404][core.metrics.meter][INFO] - Meter:
SequenceAccuracy:	0.935
TokenAccuracy:	0.997
LengthAccuracy:	0.950
1st Token Accuracy:	1.000
Average Loss:	0.082
[2021-10-03 23:16:14,518][core.early_stopping][INFO] - Early stopping counter: 1 / 5
[2021-10-03 23:16:14,571][core.early_stopping][INFO] - Pausing model saving until validation loss decreases by 0.0001
[2021-10-03 23:16:47,878][core.trainer][INFO] - Computing metrics for 'val' dataset
[2021-10-03 23:16:52,504][core.metrics.meter][INFO] - Meter:
SequenceAccuracy:	0.938
TokenAccuracy:	0.997
LengthAccuracy:	0.949
1st Token Accuracy:	1.000
Average Loss:	0.078
[2021-10-03 23:16:52,640][core.early_stopping][INFO] - Early stopping counter: 2 / 5
[2021-10-03 23:16:52,695][core.early_stopping][INFO] - Pausing model saving until validation loss decreases by 0.0001
[2021-10-03 23:17:26,157][core.trainer][INFO] - Computing metrics for 'val' dataset
[2021-10-03 23:17:30,767][core.metrics.meter][INFO] - Meter:
SequenceAccuracy:	0.942
TokenAccuracy:	0.997
LengthAccuracy:	0.954
1st Token Accuracy:	1.000
Average Loss:	0.077
[2021-10-03 23:17:30,881][core.early_stopping][INFO] - Early stopping counter: 3 / 5
[2021-10-03 23:17:30,941][core.early_stopping][INFO] - Pausing model saving until validation loss decreases by 0.0001
[2021-10-03 23:18:04,205][core.trainer][INFO] - Computing metrics for 'val' dataset
[2021-10-03 23:18:08,933][core.metrics.meter][INFO] - Meter:
SequenceAccuracy:	0.938
TokenAccuracy:	0.998
LengthAccuracy:	0.949
1st Token Accuracy:	1.000
Average Loss:	0.080
[2021-10-03 23:18:09,045][core.early_stopping][INFO] - Early stopping counter: 4 / 5
[2021-10-03 23:18:09,100][core.early_stopping][INFO] - Pausing model saving until validation loss decreases by 0.0001
[2021-10-03 23:18:42,460][core.trainer][INFO] - Computing metrics for 'val' dataset
[2021-10-03 23:18:47,189][core.metrics.meter][INFO] - Meter:
SequenceAccuracy:	0.941
TokenAccuracy:	0.998
LengthAccuracy:	0.953
1st Token Accuracy:	1.000
Average Loss:	0.075
[2021-10-03 23:18:47,317][core.early_stopping][INFO] - Early stopping counter: 5 / 5
[2021-10-03 23:18:47,371][core.early_stopping][INFO] - Pausing model saving until validation loss decreases by 0.0001
[2021-10-03 23:18:47,371][core.trainer][INFO] - Computing metrics for 'test' dataset
[2021-10-03 23:19:33,055][core.metrics.meter][INFO] - Meter:
SequenceAccuracy:	0.938
TokenAccuracy:	0.997
LengthAccuracy:	0.948
1st Token Accuracy:	1.000
Average Loss:	0.079
[2021-10-03 23:19:33,056][core.trainer][INFO] - Computing metrics for 'gen' dataset
[2021-10-03 23:20:22,626][core.metrics.meter][INFO] - Meter:
SequenceAccuracy:	0.001
TokenAccuracy:	0.652
LengthAccuracy:	0.986
1st Token Accuracy:	0.008
Average Loss:	1.705
[2021-10-03 23:20:22,627][core.trainer][INFO] - EPOCH 8 / 50
[2021-10-03 23:20:22,627][core.trainer][INFO] - Computing metrics for 'train' dataset
[2021-10-03 23:20:56,052][core.trainer][INFO] - Computing metrics for 'val' dataset
[2021-10-03 23:21:00,685][core.metrics.meter][INFO] - Meter:
SequenceAccuracy:	0.936
TokenAccuracy:	0.997
LengthAccuracy:	0.948
1st Token Accuracy:	1.000
Average Loss:	0.080
[2021-10-03 23:21:00,845][core.early_stopping][INFO] - Early stopping counter: 6 / 5
[2021-10-03 23:21:00,845][core.early_stopping][INFO] - Pausing model saving until validation loss decreases by 0.0001
[2021-10-03 23:21:00,846][core.trainer][INFO] - Computing metrics for 'test' dataset
[2021-10-03 23:21:45,744][core.metrics.meter][INFO] - Meter:
SequenceAccuracy:	0.936
TokenAccuracy:	0.997
LengthAccuracy:	0.947
1st Token Accuracy:	1.000
Average Loss:	0.083
[2021-10-03 23:21:45,744][core.trainer][INFO] - Computing metrics for 'gen' dataset
[2021-10-03 23:22:34,442][core.metrics.meter][INFO] - Meter:
SequenceAccuracy:	0.001
TokenAccuracy:	0.648
LengthAccuracy:	0.979
1st Token Accuracy:	0.010
Average Loss:	1.729
[2021-10-03 23:22:34,443][core.trainer][INFO] - EPOCH 9 / 50
[2021-10-03 23:22:34,443][core.trainer][INFO] - Computing metrics for 'train' dataset
[2021-10-03 23:23:07,996][core.trainer][INFO] - Computing metrics for 'val' dataset
[2021-10-03 23:23:12,610][core.metrics.meter][INFO] - Meter:
SequenceAccuracy:	0.945
TokenAccuracy:	0.997
LengthAccuracy:	0.956
1st Token Accuracy:	1.000
Average Loss:	0.073
[2021-10-03 23:23:46,198][core.trainer][INFO] - Computing metrics for 'val' dataset
[2021-10-03 23:23:50,819][core.metrics.meter][INFO] - Meter:
SequenceAccuracy:	0.942
TokenAccuracy:	0.998
LengthAccuracy:	0.953
1st Token Accuracy:	1.000
Average Loss:	0.072
[2021-10-03 23:23:50,965][core.early_stopping][INFO] - Early stopping counter: 1 / 5
[2021-10-03 23:23:51,022][core.early_stopping][INFO] - Pausing model saving until validation loss decreases by 0.0001
[2021-10-03 23:24:24,235][core.trainer][INFO] - Computing metrics for 'val' dataset
[2021-10-03 23:24:28,845][core.metrics.meter][INFO] - Meter:
SequenceAccuracy:	0.945
TokenAccuracy:	0.998
LengthAccuracy:	0.955
1st Token Accuracy:	1.000
Average Loss:	0.073
[2021-10-03 23:24:28,957][core.early_stopping][INFO] - Early stopping counter: 2 / 5
[2021-10-03 23:24:29,012][core.early_stopping][INFO] - Pausing model saving until validation loss decreases by 0.0001
[2021-10-03 23:25:02,274][core.trainer][INFO] - Computing metrics for 'val' dataset
[2021-10-03 23:25:06,885][core.metrics.meter][INFO] - Meter:
SequenceAccuracy:	0.940
TokenAccuracy:	0.996
LengthAccuracy:	0.952
1st Token Accuracy:	1.000
Average Loss:	0.084
[2021-10-03 23:25:07,008][core.early_stopping][INFO] - Early stopping counter: 3 / 5
[2021-10-03 23:25:07,064][core.early_stopping][INFO] - Pausing model saving until validation loss decreases by 0.0001
[2021-10-03 23:25:40,403][core.trainer][INFO] - Computing metrics for 'val' dataset
[2021-10-03 23:25:45,036][core.metrics.meter][INFO] - Meter:
SequenceAccuracy:	0.938
TokenAccuracy:	0.998
LengthAccuracy:	0.948
1st Token Accuracy:	1.000
Average Loss:	0.080
[2021-10-03 23:25:45,177][core.early_stopping][INFO] - Early stopping counter: 4 / 5
[2021-10-03 23:25:45,232][core.early_stopping][INFO] - Pausing model saving until validation loss decreases by 0.0001
[2021-10-03 23:26:18,566][core.trainer][INFO] - Computing metrics for 'val' dataset
[2021-10-03 23:26:23,183][core.metrics.meter][INFO] - Meter:
SequenceAccuracy:	0.936
TokenAccuracy:	0.997
LengthAccuracy:	0.946
1st Token Accuracy:	1.000
Average Loss:	0.083
[2021-10-03 23:26:23,295][core.early_stopping][INFO] - Early stopping counter: 5 / 5
[2021-10-03 23:26:23,351][core.early_stopping][INFO] - Pausing model saving until validation loss decreases by 0.0001
[2021-10-03 23:26:23,351][core.trainer][INFO] - Computing metrics for 'test' dataset
[2021-10-03 23:27:08,091][core.metrics.meter][INFO] - Meter:
SequenceAccuracy:	0.940
TokenAccuracy:	0.998
LengthAccuracy:	0.951
1st Token Accuracy:	1.000
Average Loss:	0.076
[2021-10-03 23:27:08,092][core.trainer][INFO] - Computing metrics for 'gen' dataset
[2021-10-03 23:27:56,617][core.metrics.meter][INFO] - Meter:
SequenceAccuracy:	0.001
TokenAccuracy:	0.657
LengthAccuracy:	0.985
1st Token Accuracy:	0.005
Average Loss:	1.715
[2021-10-03 23:27:56,618][core.trainer][INFO] - EPOCH 10 / 50
[2021-10-03 23:27:56,618][core.trainer][INFO] - Computing metrics for 'train' dataset
[2021-10-03 23:28:30,111][core.trainer][INFO] - Computing metrics for 'val' dataset
[2021-10-03 23:28:34,740][core.metrics.meter][INFO] - Meter:
SequenceAccuracy:	0.943
TokenAccuracy:	0.998
LengthAccuracy:	0.954
1st Token Accuracy:	1.000
Average Loss:	0.073
[2021-10-03 23:28:34,867][core.early_stopping][INFO] - Early stopping counter: 6 / 5
[2021-10-03 23:28:34,921][core.early_stopping][INFO] - Pausing model saving until validation loss decreases by 0.0001
[2021-10-03 23:28:34,922][core.trainer][INFO] - Computing metrics for 'test' dataset
[2021-10-03 23:29:19,745][core.metrics.meter][INFO] - Meter:
SequenceAccuracy:	0.941
TokenAccuracy:	0.998
LengthAccuracy:	0.951
1st Token Accuracy:	1.000
Average Loss:	0.078
[2021-10-03 23:29:19,746][core.trainer][INFO] - Computing metrics for 'gen' dataset
[2021-10-03 23:30:08,461][core.metrics.meter][INFO] - Meter:
SequenceAccuracy:	0.002
TokenAccuracy:	0.656
LengthAccuracy:	0.979
1st Token Accuracy:	0.008
Average Loss:	1.739
[2021-10-03 23:30:08,462][core.trainer][INFO] - EPOCH 11 / 50
[2021-10-03 23:30:08,462][core.trainer][INFO] - Computing metrics for 'train' dataset
[2021-10-03 23:30:41,926][core.trainer][INFO] - Computing metrics for 'val' dataset
[2021-10-03 23:30:46,630][core.metrics.meter][INFO] - Meter:
SequenceAccuracy:	0.942
TokenAccuracy:	0.998
LengthAccuracy:	0.952
1st Token Accuracy:	1.000
Average Loss:	0.074
[2021-10-03 23:30:46,737][core.early_stopping][INFO] - Early stopping counter: 7 / 5
[2021-10-03 23:30:46,791][core.early_stopping][INFO] - Pausing model saving until validation loss decreases by 0.0001
[2021-10-03 23:30:46,791][core.trainer][INFO] - Computing metrics for 'test' dataset
[2021-10-03 23:31:32,376][core.metrics.meter][INFO] - Meter:
SequenceAccuracy:	0.945
TokenAccuracy:	0.998
LengthAccuracy:	0.954
1st Token Accuracy:	1.000
Average Loss:	0.073
[2021-10-03 23:31:32,376][core.trainer][INFO] - Computing metrics for 'gen' dataset
[2021-10-03 23:32:21,878][core.metrics.meter][INFO] - Meter:
SequenceAccuracy:	0.002
TokenAccuracy:	0.653
LengthAccuracy:	0.980
1st Token Accuracy:	0.010
Average Loss:	1.774
[2021-10-03 23:32:21,878][core.trainer][INFO] - EPOCH 12 / 50
[2021-10-03 23:32:21,878][core.trainer][INFO] - Computing metrics for 'train' dataset
[2021-10-03 23:32:55,196][core.trainer][INFO] - Computing metrics for 'val' dataset
[2021-10-03 23:32:59,811][core.metrics.meter][INFO] - Meter:
SequenceAccuracy:	0.943
TokenAccuracy:	0.998
LengthAccuracy:	0.953
1st Token Accuracy:	1.000
Average Loss:	0.070
[2021-10-03 23:32:59,977][core.early_stopping][INFO] - Early stopping counter: 8 / 5
[2021-10-03 23:32:59,978][core.early_stopping][INFO] - Pausing model saving until validation loss decreases by 0.0001
[2021-10-03 23:32:59,978][core.trainer][INFO] - Computing metrics for 'test' dataset
[2021-10-03 23:33:44,786][core.metrics.meter][INFO] - Meter:
SequenceAccuracy:	0.943
TokenAccuracy:	0.998
LengthAccuracy:	0.953
1st Token Accuracy:	1.000
Average Loss:	0.071
[2021-10-03 23:33:44,786][core.trainer][INFO] - Computing metrics for 'gen' dataset
[2021-10-03 23:34:33,396][core.metrics.meter][INFO] - Meter:
SequenceAccuracy:	0.001
TokenAccuracy:	0.652
LengthAccuracy:	0.983
1st Token Accuracy:	0.010
Average Loss:	1.783
[2021-10-03 23:34:33,396][core.trainer][INFO] - EPOCH 13 / 50
[2021-10-03 23:34:33,397][core.trainer][INFO] - Computing metrics for 'train' dataset
[2021-10-03 23:35:06,751][core.trainer][INFO] - Computing metrics for 'val' dataset
[2021-10-03 23:35:11,387][core.metrics.meter][INFO] - Meter:
SequenceAccuracy:	0.942
TokenAccuracy:	0.998
LengthAccuracy:	0.950
1st Token Accuracy:	1.000
Average Loss:	0.078
[2021-10-03 23:35:11,498][core.early_stopping][INFO] - Early stopping counter: 9 / 5
[2021-10-03 23:35:11,553][core.early_stopping][INFO] - Pausing model saving until validation loss decreases by 0.0001
[2021-10-03 23:35:11,553][core.trainer][INFO] - Computing metrics for 'test' dataset
[2021-10-03 23:35:56,326][core.metrics.meter][INFO] - Meter:
SequenceAccuracy:	0.941
TokenAccuracy:	0.998
LengthAccuracy:	0.950
1st Token Accuracy:	1.000
Average Loss:	0.078
[2021-10-03 23:35:56,326][core.trainer][INFO] - Computing metrics for 'gen' dataset
[2021-10-03 23:36:44,899][core.metrics.meter][INFO] - Meter:
SequenceAccuracy:	0.001
TokenAccuracy:	0.652
LengthAccuracy:	0.981
1st Token Accuracy:	0.009
Average Loss:	1.782
[2021-10-03 23:36:44,900][core.trainer][INFO] - EPOCH 14 / 50
[2021-10-03 23:36:44,900][core.trainer][INFO] - Computing metrics for 'train' dataset
[2021-10-03 23:37:18,238][core.trainer][INFO] - Computing metrics for 'val' dataset
[2021-10-03 23:37:22,933][core.metrics.meter][INFO] - Meter:
SequenceAccuracy:	0.948
TokenAccuracy:	0.998
LengthAccuracy:	0.955
1st Token Accuracy:	1.000
Average Loss:	0.070
[2021-10-03 23:37:23,047][core.early_stopping][INFO] - Early stopping counter: 10 / 5
[2021-10-03 23:37:23,100][core.early_stopping][INFO] - Pausing model saving until validation loss decreases by 0.0001
[2021-10-03 23:37:23,100][core.trainer][INFO] - Computing metrics for 'test' dataset
[2021-10-03 23:38:08,597][core.metrics.meter][INFO] - Meter:
SequenceAccuracy:	0.940
TokenAccuracy:	0.998
LengthAccuracy:	0.949
1st Token Accuracy:	1.000
Average Loss:	0.076
[2021-10-03 23:38:08,598][core.trainer][INFO] - Computing metrics for 'gen' dataset
[2021-10-03 23:38:57,024][core.metrics.meter][INFO] - Meter:
SequenceAccuracy:	0.002
TokenAccuracy:	0.648
LengthAccuracy:	0.980
1st Token Accuracy:	0.012
Average Loss:	1.811
[2021-10-03 23:38:57,024][core.trainer][INFO] - EPOCH 15 / 50
[2021-10-03 23:38:57,024][core.trainer][INFO] - Computing metrics for 'train' dataset
[2021-10-03 23:39:30,306][core.trainer][INFO] - Computing metrics for 'val' dataset
[2021-10-03 23:39:34,925][core.metrics.meter][INFO] - Meter:
SequenceAccuracy:	0.946
TokenAccuracy:	0.998
LengthAccuracy:	0.954
1st Token Accuracy:	1.000
Average Loss:	0.072
[2021-10-03 23:39:35,070][core.early_stopping][INFO] - Early stopping counter: 11 / 5
[2021-10-03 23:39:35,123][core.early_stopping][INFO] - Pausing model saving until validation loss decreases by 0.0001
[2021-10-03 23:39:35,124][core.trainer][INFO] - Computing metrics for 'test' dataset
[2021-10-03 23:40:19,986][core.metrics.meter][INFO] - Meter:
SequenceAccuracy:	0.947
TokenAccuracy:	0.998
LengthAccuracy:	0.955
1st Token Accuracy:	1.000
Average Loss:	0.068
[2021-10-03 23:40:19,987][core.trainer][INFO] - Computing metrics for 'gen' dataset
[2021-10-03 23:41:08,795][core.metrics.meter][INFO] - Meter:
SequenceAccuracy:	0.001
TokenAccuracy:	0.655
LengthAccuracy:	0.982
1st Token Accuracy:	0.011
Average Loss:	1.780
[2021-10-03 23:41:08,795][core.trainer][INFO] - EPOCH 16 / 50
[2021-10-03 23:41:08,795][core.trainer][INFO] - Computing metrics for 'train' dataset
[2021-10-03 23:41:42,160][core.trainer][INFO] - Computing metrics for 'val' dataset
[2021-10-03 23:41:46,775][core.metrics.meter][INFO] - Meter:
SequenceAccuracy:	0.943
TokenAccuracy:	0.999
LengthAccuracy:	0.950
1st Token Accuracy:	1.000
Average Loss:	0.074
[2021-10-03 23:41:46,889][core.early_stopping][INFO] - Early stopping counter: 12 / 5
[2021-10-03 23:41:46,942][core.early_stopping][INFO] - Pausing model saving until validation loss decreases by 0.0001
[2021-10-03 23:41:46,943][core.trainer][INFO] - Computing metrics for 'test' dataset
[2021-10-03 23:42:31,784][core.metrics.meter][INFO] - Meter:
SequenceAccuracy:	0.945
TokenAccuracy:	0.998
LengthAccuracy:	0.953
1st Token Accuracy:	1.000
Average Loss:	0.072
[2021-10-03 23:42:31,785][core.trainer][INFO] - Computing metrics for 'gen' dataset
[2021-10-03 23:43:20,455][core.metrics.meter][INFO] - Meter:
SequenceAccuracy:	0.001
TokenAccuracy:	0.654
LengthAccuracy:	0.980
1st Token Accuracy:	0.008
Average Loss:	1.788
[2021-10-03 23:43:20,455][core.trainer][INFO] - EPOCH 17 / 50
[2021-10-03 23:43:20,455][core.trainer][INFO] - Computing metrics for 'train' dataset
[2021-10-03 23:43:53,800][core.trainer][INFO] - Computing metrics for 'val' dataset
[2021-10-03 23:43:58,522][core.metrics.meter][INFO] - Meter:
SequenceAccuracy:	0.937
TokenAccuracy:	0.998
LengthAccuracy:	0.947
1st Token Accuracy:	1.000
Average Loss:	0.079
[2021-10-03 23:43:58,656][core.early_stopping][INFO] - Early stopping counter: 13 / 5
[2021-10-03 23:43:58,708][core.early_stopping][INFO] - Pausing model saving until validation loss decreases by 0.0001
[2021-10-03 23:43:58,709][core.trainer][INFO] - Computing metrics for 'test' dataset
[2021-10-03 23:44:44,230][core.metrics.meter][INFO] - Meter:
SequenceAccuracy:	0.944
TokenAccuracy:	0.998
LengthAccuracy:	0.952
1st Token Accuracy:	1.000
Average Loss:	0.073
[2021-10-03 23:44:44,230][core.trainer][INFO] - Computing metrics for 'gen' dataset
[2021-10-03 23:45:33,607][core.metrics.meter][INFO] - Meter:
SequenceAccuracy:	0.001
TokenAccuracy:	0.655
LengthAccuracy:	0.986
1st Token Accuracy:	0.008
Average Loss:	1.784
[2021-10-03 23:45:33,608][core.trainer][INFO] - EPOCH 18 / 50
[2021-10-03 23:45:33,608][core.trainer][INFO] - Computing metrics for 'train' dataset
[2021-10-03 23:46:06,893][core.trainer][INFO] - Computing metrics for 'val' dataset
[2021-10-03 23:46:11,489][core.metrics.meter][INFO] - Meter:
SequenceAccuracy:	0.942
TokenAccuracy:	0.998
LengthAccuracy:	0.950
1st Token Accuracy:	1.000
Average Loss:	0.078
[2021-10-03 23:46:11,639][core.early_stopping][INFO] - Early stopping counter: 14 / 5
[2021-10-03 23:46:11,639][core.early_stopping][INFO] - Pausing model saving until validation loss decreases by 0.0001
[2021-10-03 23:46:11,639][core.trainer][INFO] - Computing metrics for 'test' dataset
[2021-10-03 23:46:56,270][core.metrics.meter][INFO] - Meter:
SequenceAccuracy:	0.943
TokenAccuracy:	0.998
LengthAccuracy:	0.952
1st Token Accuracy:	1.000
Average Loss:	0.077
[2021-10-03 23:46:56,270][core.trainer][INFO] - Computing metrics for 'gen' dataset
[2021-10-03 23:47:44,783][core.metrics.meter][INFO] - Meter:
SequenceAccuracy:	0.001
TokenAccuracy:	0.660
LengthAccuracy:	0.984
1st Token Accuracy:	0.007
Average Loss:	1.763
[2021-10-03 23:47:44,783][core.trainer][INFO] - EPOCH 19 / 50
[2021-10-03 23:47:44,783][core.trainer][INFO] - Computing metrics for 'train' dataset
[2021-10-03 23:48:18,189][core.trainer][INFO] - Computing metrics for 'val' dataset
[2021-10-03 23:48:22,775][core.metrics.meter][INFO] - Meter:
SequenceAccuracy:	0.946
TokenAccuracy:	0.998
LengthAccuracy:	0.955
1st Token Accuracy:	1.000
Average Loss:	0.071
[2021-10-03 23:48:22,907][core.early_stopping][INFO] - Early stopping counter: 15 / 5
[2021-10-03 23:48:22,959][core.early_stopping][INFO] - Pausing model saving until validation loss decreases by 0.0001
[2021-10-03 23:48:22,960][core.trainer][INFO] - Computing metrics for 'test' dataset
[2021-10-03 23:49:07,496][core.metrics.meter][INFO] - Meter:
SequenceAccuracy:	0.945
TokenAccuracy:	0.998
LengthAccuracy:	0.952
1st Token Accuracy:	1.000
Average Loss:	0.071
[2021-10-03 23:49:07,497][core.trainer][INFO] - Computing metrics for 'gen' dataset
[2021-10-03 23:49:55,822][core.metrics.meter][INFO] - Meter:
SequenceAccuracy:	0.001
TokenAccuracy:	0.660
LengthAccuracy:	0.980
1st Token Accuracy:	0.007
Average Loss:	1.761
[2021-10-03 23:49:55,822][core.trainer][INFO] - EPOCH 20 / 50
[2021-10-03 23:49:55,822][core.trainer][INFO] - Computing metrics for 'train' dataset
[2021-10-03 23:50:29,050][core.trainer][INFO] - Computing metrics for 'val' dataset
[2021-10-03 23:50:33,654][core.metrics.meter][INFO] - Meter:
SequenceAccuracy:	0.945
TokenAccuracy:	0.998
LengthAccuracy:	0.952
1st Token Accuracy:	1.000
Average Loss:	0.075
[2021-10-03 23:50:33,765][core.early_stopping][INFO] - Early stopping counter: 16 / 5
[2021-10-03 23:50:33,817][core.early_stopping][INFO] - Pausing model saving until validation loss decreases by 0.0001
[2021-10-03 23:50:33,817][core.trainer][INFO] - Computing metrics for 'test' dataset
[2021-10-03 23:51:18,421][core.metrics.meter][INFO] - Meter:
SequenceAccuracy:	0.945
TokenAccuracy:	0.998
LengthAccuracy:	0.953
1st Token Accuracy:	1.000
Average Loss:	0.072
[2021-10-03 23:51:18,421][core.trainer][INFO] - Computing metrics for 'gen' dataset
[2021-10-03 23:52:06,876][core.metrics.meter][INFO] - Meter:
SequenceAccuracy:	0.001
TokenAccuracy:	0.655
LengthAccuracy:	0.979
1st Token Accuracy:	0.009
Average Loss:	1.803
[2021-10-03 23:52:06,877][core.trainer][INFO] - EPOCH 21 / 50
[2021-10-03 23:52:06,877][core.trainer][INFO] - Computing metrics for 'train' dataset
[2021-10-03 23:52:40,387][core.trainer][INFO] - Computing metrics for 'val' dataset
[2021-10-03 23:52:45,004][core.metrics.meter][INFO] - Meter:
SequenceAccuracy:	0.946
TokenAccuracy:	0.999
LengthAccuracy:	0.952
1st Token Accuracy:	1.000
Average Loss:	0.074
[2021-10-03 23:52:45,134][core.early_stopping][INFO] - Early stopping counter: 17 / 5
[2021-10-03 23:52:45,186][core.early_stopping][INFO] - Pausing model saving until validation loss decreases by 0.0001
[2021-10-03 23:52:45,187][core.trainer][INFO] - Computing metrics for 'test' dataset
[2021-10-03 23:53:30,020][core.metrics.meter][INFO] - Meter:
SequenceAccuracy:	0.944
TokenAccuracy:	0.998
LengthAccuracy:	0.952
1st Token Accuracy:	1.000
Average Loss:	0.073
[2021-10-03 23:53:30,020][core.trainer][INFO] - Computing metrics for 'gen' dataset
[2021-10-03 23:54:18,695][core.metrics.meter][INFO] - Meter:
SequenceAccuracy:	0.001
TokenAccuracy:	0.661
LengthAccuracy:	0.985
1st Token Accuracy:	0.009
Average Loss:	1.775
[2021-10-03 23:54:18,696][core.trainer][INFO] - EPOCH 22 / 50
[2021-10-03 23:54:18,696][core.trainer][INFO] - Computing metrics for 'train' dataset
[2021-10-03 23:54:51,955][core.trainer][INFO] - Computing metrics for 'val' dataset
[2021-10-03 23:54:56,549][core.metrics.meter][INFO] - Meter:
SequenceAccuracy:	0.952
TokenAccuracy:	0.998
LengthAccuracy:	0.959
1st Token Accuracy:	1.000
Average Loss:	0.063
[2021-10-03 23:54:56,660][core.early_stopping][INFO] - Early stopping counter: 18 / 5
[2021-10-03 23:54:56,712][core.early_stopping][INFO] - Pausing model saving until validation loss decreases by 0.0001
[2021-10-03 23:54:56,712][core.trainer][INFO] - Computing metrics for 'test' dataset
[2021-10-03 23:55:41,281][core.metrics.meter][INFO] - Meter:
SequenceAccuracy:	0.943
TokenAccuracy:	0.998
LengthAccuracy:	0.950
1st Token Accuracy:	1.000
Average Loss:	0.078
[2021-10-03 23:55:41,281][core.trainer][INFO] - Computing metrics for 'gen' dataset
[2021-10-03 23:56:29,765][core.metrics.meter][INFO] - Meter:
SequenceAccuracy:	0.001
TokenAccuracy:	0.660
LengthAccuracy:	0.985
1st Token Accuracy:	0.010
Average Loss:	1.768
[2021-10-03 23:56:29,765][core.trainer][INFO] - EPOCH 23 / 50
[2021-10-03 23:56:29,765][core.trainer][INFO] - Computing metrics for 'train' dataset
[2021-10-03 23:57:02,882][core.trainer][INFO] - Computing metrics for 'val' dataset
[2021-10-03 23:57:07,478][core.metrics.meter][INFO] - Meter:
SequenceAccuracy:	0.946
TokenAccuracy:	0.998
LengthAccuracy:	0.952
1st Token Accuracy:	1.000
Average Loss:	0.072
[2021-10-03 23:57:07,604][core.early_stopping][INFO] - Early stopping counter: 19 / 5
[2021-10-03 23:57:07,656][core.early_stopping][INFO] - Pausing model saving until validation loss decreases by 0.0001
[2021-10-03 23:57:07,656][core.trainer][INFO] - Computing metrics for 'test' dataset
[2021-10-03 23:57:52,219][core.metrics.meter][INFO] - Meter:
SequenceAccuracy:	0.942
TokenAccuracy:	0.998
LengthAccuracy:	0.950
1st Token Accuracy:	1.000
Average Loss:	0.077
[2021-10-03 23:57:52,219][core.trainer][INFO] - Computing metrics for 'gen' dataset
[2021-10-03 23:58:40,611][core.metrics.meter][INFO] - Meter:
SequenceAccuracy:	0.001
TokenAccuracy:	0.661
LengthAccuracy:	0.982
1st Token Accuracy:	0.010
Average Loss:	1.797
[2021-10-03 23:58:40,611][core.trainer][INFO] - EPOCH 24 / 50
[2021-10-03 23:58:40,611][core.trainer][INFO] - Computing metrics for 'train' dataset
[2021-10-03 23:59:13,819][core.trainer][INFO] - Computing metrics for 'val' dataset
[2021-10-03 23:59:18,432][core.metrics.meter][INFO] - Meter:
SequenceAccuracy:	0.952
TokenAccuracy:	0.998
LengthAccuracy:	0.959
1st Token Accuracy:	1.000
Average Loss:	0.063
[2021-10-03 23:59:18,542][core.early_stopping][INFO] - Early stopping counter: 20 / 5
[2021-10-03 23:59:18,594][core.early_stopping][INFO] - Pausing model saving until validation loss decreases by 0.0001
[2021-10-03 23:59:18,602][core.trainer][INFO] - Computing metrics for 'test' dataset
[2021-10-04 00:00:03,380][core.metrics.meter][INFO] - Meter:
SequenceAccuracy:	0.946
TokenAccuracy:	0.999
LengthAccuracy:	0.953
1st Token Accuracy:	1.000
Average Loss:	0.072
[2021-10-04 00:00:03,381][core.trainer][INFO] - Computing metrics for 'gen' dataset
[2021-10-04 00:00:52,008][core.metrics.meter][INFO] - Meter:
SequenceAccuracy:	0.002
TokenAccuracy:	0.657
LengthAccuracy:	0.985
1st Token Accuracy:	0.008
Average Loss:	1.800
[2021-10-04 00:00:52,008][core.trainer][INFO] - EPOCH 25 / 50
[2021-10-04 00:00:52,008][core.trainer][INFO] - Computing metrics for 'train' dataset
[2021-10-04 00:01:25,215][core.trainer][INFO] - Computing metrics for 'val' dataset
[2021-10-04 00:01:29,812][core.metrics.meter][INFO] - Meter:
SequenceAccuracy:	0.947
TokenAccuracy:	0.998
LengthAccuracy:	0.953
1st Token Accuracy:	1.000
Average Loss:	0.069
[2021-10-04 00:01:29,936][core.early_stopping][INFO] - Early stopping counter: 21 / 5
[2021-10-04 00:01:29,989][core.early_stopping][INFO] - Pausing model saving until validation loss decreases by 0.0001
[2021-10-04 00:01:29,989][core.trainer][INFO] - Computing metrics for 'test' dataset
[2021-10-04 00:02:14,664][core.metrics.meter][INFO] - Meter:
SequenceAccuracy:	0.942
TokenAccuracy:	0.999
LengthAccuracy:	0.948
1st Token Accuracy:	1.000
Average Loss:	0.076
[2021-10-04 00:02:14,665][core.trainer][INFO] - Computing metrics for 'gen' dataset
[2021-10-04 00:03:03,127][core.metrics.meter][INFO] - Meter:
SequenceAccuracy:	0.001
TokenAccuracy:	0.663
LengthAccuracy:	0.984
1st Token Accuracy:	0.010
Average Loss:	1.776
[2021-10-04 00:03:03,127][core.trainer][INFO] - EPOCH 26 / 50
[2021-10-04 00:03:03,127][core.trainer][INFO] - Computing metrics for 'train' dataset
[2021-10-04 00:03:36,512][core.trainer][INFO] - Computing metrics for 'val' dataset
[2021-10-04 00:03:41,134][core.metrics.meter][INFO] - Meter:
SequenceAccuracy:	0.946
TokenAccuracy:	0.999
LengthAccuracy:	0.952
1st Token Accuracy:	1.000
Average Loss:	0.071
[2021-10-04 00:03:41,245][core.early_stopping][INFO] - Early stopping counter: 22 / 5
[2021-10-04 00:03:41,298][core.early_stopping][INFO] - Pausing model saving until validation loss decreases by 0.0001
[2021-10-04 00:03:41,298][core.trainer][INFO] - Computing metrics for 'test' dataset
[2021-10-04 00:04:26,159][core.metrics.meter][INFO] - Meter:
SequenceAccuracy:	0.946
TokenAccuracy:	0.998
LengthAccuracy:	0.952
1st Token Accuracy:	1.000
Average Loss:	0.072
[2021-10-04 00:04:26,159][core.trainer][INFO] - Computing metrics for 'gen' dataset
[2021-10-04 00:05:14,832][core.metrics.meter][INFO] - Meter:
SequenceAccuracy:	0.001
TokenAccuracy:	0.658
LengthAccuracy:	0.985
1st Token Accuracy:	0.008
Average Loss:	1.828
[2021-10-04 00:05:14,832][core.trainer][INFO] - EPOCH 27 / 50
[2021-10-04 00:05:14,832][core.trainer][INFO] - Computing metrics for 'train' dataset
[2021-10-04 00:05:48,083][core.trainer][INFO] - Computing metrics for 'val' dataset
[2021-10-04 00:05:52,704][core.metrics.meter][INFO] - Meter:
SequenceAccuracy:	0.950
TokenAccuracy:	0.999
LengthAccuracy:	0.957
1st Token Accuracy:	1.000
Average Loss:	0.066
[2021-10-04 00:05:52,825][core.early_stopping][INFO] - Early stopping counter: 23 / 5
[2021-10-04 00:05:52,876][core.early_stopping][INFO] - Pausing model saving until validation loss decreases by 0.0001
[2021-10-04 00:05:52,877][core.trainer][INFO] - Computing metrics for 'test' dataset
[2021-10-04 00:06:37,661][core.metrics.meter][INFO] - Meter:
SequenceAccuracy:	0.948
TokenAccuracy:	0.998
LengthAccuracy:	0.954
1st Token Accuracy:	1.000
Average Loss:	0.070
[2021-10-04 00:06:37,661][core.trainer][INFO] - Computing metrics for 'gen' dataset
[2021-10-04 00:07:26,275][core.metrics.meter][INFO] - Meter:
SequenceAccuracy:	0.002
TokenAccuracy:	0.656
LengthAccuracy:	0.980
1st Token Accuracy:	0.008
Average Loss:	1.825
[2021-10-04 00:07:26,276][core.trainer][INFO] - EPOCH 28 / 50
[2021-10-04 00:07:26,276][core.trainer][INFO] - Computing metrics for 'train' dataset
[2021-10-04 00:07:59,413][core.trainer][INFO] - Computing metrics for 'val' dataset
[2021-10-04 00:08:04,029][core.metrics.meter][INFO] - Meter:
SequenceAccuracy:	0.943
TokenAccuracy:	0.999
LengthAccuracy:	0.948
1st Token Accuracy:	1.000
Average Loss:	0.077
[2021-10-04 00:08:04,141][core.early_stopping][INFO] - Early stopping counter: 24 / 5
[2021-10-04 00:08:04,193][core.early_stopping][INFO] - Pausing model saving until validation loss decreases by 0.0001
[2021-10-04 00:08:04,193][core.trainer][INFO] - Computing metrics for 'test' dataset
[2021-10-04 00:08:48,796][core.metrics.meter][INFO] - Meter:
SequenceAccuracy:	0.944
TokenAccuracy:	0.998
LengthAccuracy:	0.952
1st Token Accuracy:	1.000
Average Loss:	0.074
[2021-10-04 00:08:48,797][core.trainer][INFO] - Computing metrics for 'gen' dataset
[2021-10-04 00:09:37,268][core.metrics.meter][INFO] - Meter:
SequenceAccuracy:	0.001
TokenAccuracy:	0.664
LengthAccuracy:	0.983
1st Token Accuracy:	0.007
Average Loss:	1.798
[2021-10-04 00:09:37,268][core.trainer][INFO] - EPOCH 29 / 50
[2021-10-04 00:09:37,268][core.trainer][INFO] - Computing metrics for 'train' dataset
[2021-10-04 00:10:10,514][core.trainer][INFO] - Computing metrics for 'val' dataset
[2021-10-04 00:10:15,227][core.metrics.meter][INFO] - Meter:
SequenceAccuracy:	0.946
TokenAccuracy:	0.998
LengthAccuracy:	0.952
1st Token Accuracy:	1.000
Average Loss:	0.071
[2021-10-04 00:10:15,340][core.early_stopping][INFO] - Early stopping counter: 25 / 5
[2021-10-04 00:10:15,391][core.early_stopping][INFO] - Pausing model saving until validation loss decreases by 0.0001
[2021-10-04 00:10:15,392][core.trainer][INFO] - Computing metrics for 'test' dataset
[2021-10-04 00:11:00,935][core.metrics.meter][INFO] - Meter:
SequenceAccuracy:	0.949
TokenAccuracy:	0.999
LengthAccuracy:	0.955
1st Token Accuracy:	1.000
Average Loss:	0.068
[2021-10-04 00:11:00,935][core.trainer][INFO] - Computing metrics for 'gen' dataset
[2021-10-04 00:11:50,370][core.metrics.meter][INFO] - Meter:
SequenceAccuracy:	0.001
TokenAccuracy:	0.667
LengthAccuracy:	0.982
1st Token Accuracy:	0.007
Average Loss:	1.769
[2021-10-04 00:11:50,371][core.trainer][INFO] - EPOCH 30 / 50
[2021-10-04 00:11:50,371][core.trainer][INFO] - Computing metrics for 'train' dataset
[2021-10-04 00:12:23,690][core.trainer][INFO] - Computing metrics for 'val' dataset
[2021-10-04 00:12:28,321][core.metrics.meter][INFO] - Meter:
SequenceAccuracy:	0.947
TokenAccuracy:	0.999
LengthAccuracy:	0.951
1st Token Accuracy:	1.000
Average Loss:	0.073
[2021-10-04 00:12:28,464][core.early_stopping][INFO] - Early stopping counter: 26 / 5
[2021-10-04 00:12:28,517][core.early_stopping][INFO] - Pausing model saving until validation loss decreases by 0.0001
[2021-10-04 00:12:28,517][core.trainer][INFO] - Computing metrics for 'test' dataset
[2021-10-04 00:13:13,309][core.metrics.meter][INFO] - Meter:
SequenceAccuracy:	0.946
TokenAccuracy:	0.998
LengthAccuracy:	0.953
1st Token Accuracy:	1.000
Average Loss:	0.074
[2021-10-04 00:13:13,309][core.trainer][INFO] - Computing metrics for 'gen' dataset
[2021-10-04 00:14:01,933][core.metrics.meter][INFO] - Meter:
SequenceAccuracy:	0.001
TokenAccuracy:	0.660
LengthAccuracy:	0.984
1st Token Accuracy:	0.009
Average Loss:	1.824
[2021-10-04 00:14:01,934][core.trainer][INFO] - EPOCH 31 / 50
[2021-10-04 00:14:01,934][core.trainer][INFO] - Computing metrics for 'train' dataset
[2021-10-04 00:14:35,175][core.trainer][INFO] - Computing metrics for 'val' dataset
[2021-10-04 00:14:39,895][core.metrics.meter][INFO] - Meter:
SequenceAccuracy:	0.944
TokenAccuracy:	0.999
LengthAccuracy:	0.950
1st Token Accuracy:	1.000
Average Loss:	0.075
[2021-10-04 00:14:40,004][core.early_stopping][INFO] - Early stopping counter: 27 / 5
[2021-10-04 00:14:40,055][core.early_stopping][INFO] - Pausing model saving until validation loss decreases by 0.0001
[2021-10-04 00:14:40,056][core.trainer][INFO] - Computing metrics for 'test' dataset
[2021-10-04 00:15:25,681][core.metrics.meter][INFO] - Meter:
SequenceAccuracy:	0.945
TokenAccuracy:	0.998
LengthAccuracy:	0.951
1st Token Accuracy:	1.000
Average Loss:	0.075
[2021-10-04 00:15:25,682][core.trainer][INFO] - Computing metrics for 'gen' dataset
[2021-10-04 00:16:15,199][core.metrics.meter][INFO] - Meter:
SequenceAccuracy:	0.001
TokenAccuracy:	0.670
LengthAccuracy:	0.984
1st Token Accuracy:	0.006
Average Loss:	1.762
[2021-10-04 00:16:15,200][core.trainer][INFO] - EPOCH 32 / 50
[2021-10-04 00:16:15,200][core.trainer][INFO] - Computing metrics for 'train' dataset
[2021-10-04 00:16:48,385][core.trainer][INFO] - Computing metrics for 'val' dataset
[2021-10-04 00:16:53,001][core.metrics.meter][INFO] - Meter:
SequenceAccuracy:	0.946
TokenAccuracy:	0.999
LengthAccuracy:	0.952
1st Token Accuracy:	1.000
Average Loss:	0.071
[2021-10-04 00:16:53,136][core.early_stopping][INFO] - Early stopping counter: 28 / 5
[2021-10-04 00:16:53,188][core.early_stopping][INFO] - Pausing model saving until validation loss decreases by 0.0001
[2021-10-04 00:16:53,188][core.trainer][INFO] - Computing metrics for 'test' dataset
[2021-10-04 00:17:37,957][core.metrics.meter][INFO] - Meter:
SequenceAccuracy:	0.950
TokenAccuracy:	0.999
LengthAccuracy:	0.954
1st Token Accuracy:	1.000
Average Loss:	0.067
[2021-10-04 00:17:37,958][core.trainer][INFO] - Computing metrics for 'gen' dataset
[2021-10-04 00:18:26,641][core.metrics.meter][INFO] - Meter:
SequenceAccuracy:	0.001
TokenAccuracy:	0.659
LengthAccuracy:	0.982
1st Token Accuracy:	0.013
Average Loss:	1.832
[2021-10-04 00:18:26,642][core.trainer][INFO] - EPOCH 33 / 50
[2021-10-04 00:18:26,642][core.trainer][INFO] - Computing metrics for 'train' dataset
[2021-10-04 00:18:59,855][core.trainer][INFO] - Computing metrics for 'val' dataset
[2021-10-04 00:19:04,553][core.metrics.meter][INFO] - Meter:
SequenceAccuracy:	0.950
TokenAccuracy:	0.999
LengthAccuracy:	0.955
1st Token Accuracy:	1.000
Average Loss:	0.064
[2021-10-04 00:19:04,659][core.early_stopping][INFO] - Early stopping counter: 29 / 5
[2021-10-04 00:19:04,711][core.early_stopping][INFO] - Pausing model saving until validation loss decreases by 0.0001
[2021-10-04 00:19:04,711][core.trainer][INFO] - Computing metrics for 'test' dataset
[2021-10-04 00:19:50,249][core.metrics.meter][INFO] - Meter:
SequenceAccuracy:	0.949
TokenAccuracy:	0.999
LengthAccuracy:	0.954
1st Token Accuracy:	1.000
Average Loss:	0.069
[2021-10-04 00:19:50,249][core.trainer][INFO] - Computing metrics for 'gen' dataset
[2021-10-04 00:20:39,734][core.metrics.meter][INFO] - Meter:
SequenceAccuracy:	0.002
TokenAccuracy:	0.662
LengthAccuracy:	0.982
1st Token Accuracy:	0.009
Average Loss:	1.809
[2021-10-04 00:20:39,734][core.trainer][INFO] - EPOCH 34 / 50
[2021-10-04 00:20:39,734][core.trainer][INFO] - Computing metrics for 'train' dataset
[2021-10-04 00:21:12,958][core.trainer][INFO] - Computing metrics for 'val' dataset
[2021-10-04 00:21:17,555][core.metrics.meter][INFO] - Meter:
SequenceAccuracy:	0.946
TokenAccuracy:	0.999
LengthAccuracy:	0.951
1st Token Accuracy:	1.000
Average Loss:	0.072
[2021-10-04 00:21:17,685][core.early_stopping][INFO] - Early stopping counter: 30 / 5
[2021-10-04 00:21:17,737][core.early_stopping][INFO] - Pausing model saving until validation loss decreases by 0.0001
[2021-10-04 00:21:17,737][core.trainer][INFO] - Computing metrics for 'test' dataset
[2021-10-04 00:22:02,336][core.metrics.meter][INFO] - Meter:
SequenceAccuracy:	0.949
TokenAccuracy:	0.999
LengthAccuracy:	0.954
1st Token Accuracy:	1.000
Average Loss:	0.070
[2021-10-04 00:22:02,336][core.trainer][INFO] - Computing metrics for 'gen' dataset
[2021-10-04 00:22:50,864][core.metrics.meter][INFO] - Meter:
SequenceAccuracy:	0.001
TokenAccuracy:	0.661
LengthAccuracy:	0.983
1st Token Accuracy:	0.009
Average Loss:	1.823
[2021-10-04 00:22:50,864][core.trainer][INFO] - EPOCH 35 / 50
[2021-10-04 00:22:50,864][core.trainer][INFO] - Computing metrics for 'train' dataset
[2021-10-04 00:23:24,082][core.trainer][INFO] - Computing metrics for 'val' dataset
[2021-10-04 00:23:28,780][core.metrics.meter][INFO] - Meter:
SequenceAccuracy:	0.949
TokenAccuracy:	0.999
LengthAccuracy:	0.953
1st Token Accuracy:	1.000
Average Loss:	0.070
[2021-10-04 00:23:28,886][core.early_stopping][INFO] - Early stopping counter: 31 / 5
[2021-10-04 00:23:28,938][core.early_stopping][INFO] - Pausing model saving until validation loss decreases by 0.0001
[2021-10-04 00:23:28,938][core.trainer][INFO] - Computing metrics for 'test' dataset
[2021-10-04 00:24:13,991][core.metrics.meter][INFO] - Meter:
SequenceAccuracy:	0.947
TokenAccuracy:	0.999
LengthAccuracy:	0.952
1st Token Accuracy:	1.000
Average Loss:	0.073
[2021-10-04 00:24:13,992][core.trainer][INFO] - Computing metrics for 'gen' dataset
[2021-10-04 00:25:02,301][core.metrics.meter][INFO] - Meter:
SequenceAccuracy:	0.001
TokenAccuracy:	0.665
LengthAccuracy:	0.984
1st Token Accuracy:	0.007
Average Loss:	1.798
[2021-10-04 00:25:02,301][core.trainer][INFO] - EPOCH 36 / 50
[2021-10-04 00:25:02,301][core.trainer][INFO] - Computing metrics for 'train' dataset
[2021-10-04 00:25:35,534][core.trainer][INFO] - Computing metrics for 'val' dataset
[2021-10-04 00:25:40,158][core.metrics.meter][INFO] - Meter:
SequenceAccuracy:	0.945
TokenAccuracy:	0.999
LengthAccuracy:	0.951
1st Token Accuracy:	1.000
Average Loss:	0.072
[2021-10-04 00:25:40,284][core.early_stopping][INFO] - Early stopping counter: 32 / 5
[2021-10-04 00:25:40,336][core.early_stopping][INFO] - Pausing model saving until validation loss decreases by 0.0001
[2021-10-04 00:25:40,336][core.trainer][INFO] - Computing metrics for 'test' dataset
[2021-10-04 00:26:25,094][core.metrics.meter][INFO] - Meter:
SequenceAccuracy:	0.950
TokenAccuracy:	0.999
LengthAccuracy:	0.956
1st Token Accuracy:	1.000
Average Loss:	0.068
[2021-10-04 00:26:25,095][core.trainer][INFO] - Computing metrics for 'gen' dataset
[2021-10-04 00:27:13,781][core.metrics.meter][INFO] - Meter:
SequenceAccuracy:	0.001
TokenAccuracy:	0.668
LengthAccuracy:	0.983
1st Token Accuracy:	0.009
Average Loss:	1.795
[2021-10-04 00:27:13,781][core.trainer][INFO] - EPOCH 37 / 50
[2021-10-04 00:27:13,781][core.trainer][INFO] - Computing metrics for 'train' dataset
[2021-10-04 00:27:47,023][core.trainer][INFO] - Computing metrics for 'val' dataset
[2021-10-04 00:27:51,615][core.metrics.meter][INFO] - Meter:
SequenceAccuracy:	0.950
TokenAccuracy:	0.999
LengthAccuracy:	0.954
1st Token Accuracy:	1.000
Average Loss:	0.068
[2021-10-04 00:27:51,726][core.early_stopping][INFO] - Early stopping counter: 33 / 5
[2021-10-04 00:27:51,781][core.early_stopping][INFO] - Pausing model saving until validation loss decreases by 0.0001
[2021-10-04 00:27:51,781][core.trainer][INFO] - Computing metrics for 'test' dataset
[2021-10-04 00:28:36,308][core.metrics.meter][INFO] - Meter:
SequenceAccuracy:	0.946
TokenAccuracy:	0.999
LengthAccuracy:	0.951
1st Token Accuracy:	1.000
Average Loss:	0.072
[2021-10-04 00:28:36,309][core.trainer][INFO] - Computing metrics for 'gen' dataset
[2021-10-04 00:29:24,686][core.metrics.meter][INFO] - Meter:
SequenceAccuracy:	0.001
TokenAccuracy:	0.662
LengthAccuracy:	0.983
1st Token Accuracy:	0.009
Average Loss:	1.844
[2021-10-04 00:29:24,687][core.trainer][INFO] - EPOCH 38 / 50
[2021-10-04 00:29:24,687][core.trainer][INFO] - Computing metrics for 'train' dataset
[2021-10-04 00:29:58,030][core.trainer][INFO] - Computing metrics for 'val' dataset
[2021-10-04 00:30:02,640][core.metrics.meter][INFO] - Meter:
SequenceAccuracy:	0.946
TokenAccuracy:	0.999
LengthAccuracy:	0.950
1st Token Accuracy:	1.000
Average Loss:	0.074
[2021-10-04 00:30:02,811][core.early_stopping][INFO] - Early stopping counter: 34 / 5
[2021-10-04 00:30:02,812][core.early_stopping][INFO] - Pausing model saving until validation loss decreases by 0.0001
[2021-10-04 00:30:02,812][core.trainer][INFO] - Computing metrics for 'test' dataset
[2021-10-04 00:30:47,622][core.metrics.meter][INFO] - Meter:
SequenceAccuracy:	0.949
TokenAccuracy:	0.999
LengthAccuracy:	0.954
1st Token Accuracy:	1.000
Average Loss:	0.068
[2021-10-04 00:30:47,623][core.trainer][INFO] - Computing metrics for 'gen' dataset
[2021-10-04 00:31:36,353][core.metrics.meter][INFO] - Meter:
SequenceAccuracy:	0.002
TokenAccuracy:	0.663
LengthAccuracy:	0.984
1st Token Accuracy:	0.008
Average Loss:	1.833
[2021-10-04 00:31:36,354][core.trainer][INFO] - EPOCH 39 / 50
[2021-10-04 00:31:36,354][core.trainer][INFO] - Computing metrics for 'train' dataset
[2021-10-04 00:32:09,490][core.trainer][INFO] - Computing metrics for 'val' dataset
[2021-10-04 00:32:14,191][core.metrics.meter][INFO] - Meter:
SequenceAccuracy:	0.945
TokenAccuracy:	0.999
LengthAccuracy:	0.949
1st Token Accuracy:	1.000
Average Loss:	0.073
[2021-10-04 00:32:14,297][core.early_stopping][INFO] - Early stopping counter: 35 / 5
[2021-10-04 00:32:14,348][core.early_stopping][INFO] - Pausing model saving until validation loss decreases by 0.0001
[2021-10-04 00:32:14,348][core.trainer][INFO] - Computing metrics for 'test' dataset
[2021-10-04 00:32:59,912][core.metrics.meter][INFO] - Meter:
SequenceAccuracy:	0.948
TokenAccuracy:	0.999
LengthAccuracy:	0.953
1st Token Accuracy:	1.000
Average Loss:	0.070
[2021-10-04 00:32:59,912][core.trainer][INFO] - Computing metrics for 'gen' dataset
[2021-10-04 00:33:49,342][core.metrics.meter][INFO] - Meter:
SequenceAccuracy:	0.001
TokenAccuracy:	0.665
LengthAccuracy:	0.982
1st Token Accuracy:	0.007
Average Loss:	1.814
[2021-10-04 00:33:49,343][core.trainer][INFO] - EPOCH 40 / 50
[2021-10-04 00:33:49,343][core.trainer][INFO] - Computing metrics for 'train' dataset
[2021-10-04 00:34:22,673][core.trainer][INFO] - Computing metrics for 'val' dataset
[2021-10-04 00:34:27,275][core.metrics.meter][INFO] - Meter:
SequenceAccuracy:	0.949
TokenAccuracy:	0.999
LengthAccuracy:	0.952
1st Token Accuracy:	1.000
Average Loss:	0.071
[2021-10-04 00:34:27,392][core.early_stopping][INFO] - Early stopping counter: 36 / 5
[2021-10-04 00:34:27,444][core.early_stopping][INFO] - Pausing model saving until validation loss decreases by 0.0001
[2021-10-04 00:34:27,444][core.trainer][INFO] - Computing metrics for 'test' dataset
[2021-10-04 00:35:11,993][core.metrics.meter][INFO] - Meter:
SequenceAccuracy:	0.952
TokenAccuracy:	0.999
LengthAccuracy:	0.957
1st Token Accuracy:	1.000
Average Loss:	0.067
[2021-10-04 00:35:11,994][core.trainer][INFO] - Computing metrics for 'gen' dataset
[2021-10-04 00:36:00,375][core.metrics.meter][INFO] - Meter:
SequenceAccuracy:	0.001
TokenAccuracy:	0.671
LengthAccuracy:	0.985
1st Token Accuracy:	0.007
Average Loss:	1.784
[2021-10-04 00:36:00,376][core.trainer][INFO] - EPOCH 41 / 50
[2021-10-04 00:36:00,376][core.trainer][INFO] - Computing metrics for 'train' dataset
[2021-10-04 00:36:33,778][core.trainer][INFO] - Computing metrics for 'val' dataset
[2021-10-04 00:36:38,491][core.metrics.meter][INFO] - Meter:
SequenceAccuracy:	0.947
TokenAccuracy:	0.999
LengthAccuracy:	0.951
1st Token Accuracy:	1.000
Average Loss:	0.070
[2021-10-04 00:36:38,632][core.early_stopping][INFO] - Early stopping counter: 37 / 5
[2021-10-04 00:36:38,684][core.early_stopping][INFO] - Pausing model saving until validation loss decreases by 0.0001
[2021-10-04 00:36:38,684][core.trainer][INFO] - Computing metrics for 'test' dataset
[2021-10-04 00:37:24,240][core.metrics.meter][INFO] - Meter:
SequenceAccuracy:	0.947
TokenAccuracy:	0.999
LengthAccuracy:	0.951
1st Token Accuracy:	1.000
Average Loss:	0.074
[2021-10-04 00:37:24,241][core.trainer][INFO] - Computing metrics for 'gen' dataset
[2021-10-04 00:38:13,725][core.metrics.meter][INFO] - Meter:
SequenceAccuracy:	0.001
TokenAccuracy:	0.659
LengthAccuracy:	0.982
1st Token Accuracy:	0.006
Average Loss:	1.866
[2021-10-04 00:38:13,725][core.trainer][INFO] - EPOCH 42 / 50
[2021-10-04 00:38:13,725][core.trainer][INFO] - Computing metrics for 'train' dataset
[2021-10-04 00:38:46,797][core.trainer][INFO] - Computing metrics for 'val' dataset
[2021-10-04 00:38:51,398][core.metrics.meter][INFO] - Meter:
SequenceAccuracy:	0.949
TokenAccuracy:	0.999
LengthAccuracy:	0.953
1st Token Accuracy:	1.000
Average Loss:	0.071
[2021-10-04 00:38:51,511][core.early_stopping][INFO] - Early stopping counter: 38 / 5
[2021-10-04 00:38:51,563][core.early_stopping][INFO] - Pausing model saving until validation loss decreases by 0.0001
[2021-10-04 00:38:51,563][core.trainer][INFO] - Computing metrics for 'test' dataset
[2021-10-04 00:39:36,115][core.metrics.meter][INFO] - Meter:
SequenceAccuracy:	0.948
TokenAccuracy:	0.999
LengthAccuracy:	0.952
1st Token Accuracy:	1.000
Average Loss:	0.067
[2021-10-04 00:39:36,116][core.trainer][INFO] - Computing metrics for 'gen' dataset
[2021-10-04 00:40:24,457][core.metrics.meter][INFO] - Meter:
SequenceAccuracy:	0.001
TokenAccuracy:	0.655
LengthAccuracy:	0.980
1st Token Accuracy:	0.009
Average Loss:	1.901
[2021-10-04 00:40:24,458][core.trainer][INFO] - EPOCH 43 / 50
[2021-10-04 00:40:24,458][core.trainer][INFO] - Computing metrics for 'train' dataset
[2021-10-04 00:40:57,760][core.trainer][INFO] - Computing metrics for 'val' dataset
[2021-10-04 00:41:02,368][core.metrics.meter][INFO] - Meter:
SequenceAccuracy:	0.950
TokenAccuracy:	0.999
LengthAccuracy:	0.955
1st Token Accuracy:	1.000
Average Loss:	0.065
[2021-10-04 00:41:02,557][core.early_stopping][INFO] - Early stopping counter: 39 / 5
[2021-10-04 00:41:02,557][core.early_stopping][INFO] - Pausing model saving until validation loss decreases by 0.0001
[2021-10-04 00:41:02,557][core.trainer][INFO] - Computing metrics for 'test' dataset
[2021-10-04 00:41:47,184][core.metrics.meter][INFO] - Meter:
SequenceAccuracy:	0.942
TokenAccuracy:	0.999
LengthAccuracy:	0.946
1st Token Accuracy:	1.000
Average Loss:	0.079
[2021-10-04 00:41:47,184][core.trainer][INFO] - Computing metrics for 'gen' dataset
[2021-10-04 00:42:35,638][core.metrics.meter][INFO] - Meter:
SequenceAccuracy:	0.001
TokenAccuracy:	0.660
LengthAccuracy:	0.982
1st Token Accuracy:	0.009
Average Loss:	1.865
[2021-10-04 00:42:35,638][core.trainer][INFO] - EPOCH 44 / 50
[2021-10-04 00:42:35,638][core.trainer][INFO] - Computing metrics for 'train' dataset
[2021-10-04 00:43:09,026][core.trainer][INFO] - Computing metrics for 'val' dataset
[2021-10-04 00:43:13,724][core.metrics.meter][INFO] - Meter:
SequenceAccuracy:	0.947
TokenAccuracy:	0.999
LengthAccuracy:	0.951
1st Token Accuracy:	1.000
Average Loss:	0.072
[2021-10-04 00:43:13,831][core.early_stopping][INFO] - Early stopping counter: 40 / 5
[2021-10-04 00:43:13,882][core.early_stopping][INFO] - Pausing model saving until validation loss decreases by 0.0001
[2021-10-04 00:43:13,882][core.trainer][INFO] - Computing metrics for 'test' dataset
[2021-10-04 00:43:59,540][core.metrics.meter][INFO] - Meter:
SequenceAccuracy:	0.949
TokenAccuracy:	0.999
LengthAccuracy:	0.954
1st Token Accuracy:	1.000
Average Loss:	0.071
[2021-10-04 00:43:59,541][core.trainer][INFO] - Computing metrics for 'gen' dataset
[2021-10-04 00:44:49,052][core.metrics.meter][INFO] - Meter:
SequenceAccuracy:	0.001
TokenAccuracy:	0.665
LengthAccuracy:	0.982
1st Token Accuracy:	0.005
Average Loss:	1.860
[2021-10-04 00:44:49,052][core.trainer][INFO] - EPOCH 45 / 50
[2021-10-04 00:44:49,052][core.trainer][INFO] - Computing metrics for 'train' dataset
[2021-10-04 00:45:22,276][core.trainer][INFO] - Computing metrics for 'val' dataset
[2021-10-04 00:45:26,865][core.metrics.meter][INFO] - Meter:
SequenceAccuracy:	0.950
TokenAccuracy:	0.999
LengthAccuracy:	0.953
1st Token Accuracy:	1.000
Average Loss:	0.067
[2021-10-04 00:46:00,212][core.trainer][INFO] - Computing metrics for 'val' dataset
[2021-10-04 00:46:04,801][core.metrics.meter][INFO] - Meter:
SequenceAccuracy:	0.951
TokenAccuracy:	0.999
LengthAccuracy:	0.954
1st Token Accuracy:	1.000
Average Loss:	0.064
[2021-10-04 00:46:04,912][core.early_stopping][INFO] - Early stopping counter: 1 / 5
[2021-10-04 00:46:04,965][core.early_stopping][INFO] - Pausing model saving until validation loss decreases by 0.0001
[2021-10-04 00:46:38,251][core.trainer][INFO] - Computing metrics for 'val' dataset
[2021-10-04 00:46:42,959][core.metrics.meter][INFO] - Meter:
SequenceAccuracy:	0.944
TokenAccuracy:	0.999
LengthAccuracy:	0.947
1st Token Accuracy:	1.000
Average Loss:	0.077
[2021-10-04 00:46:43,069][core.early_stopping][INFO] - Early stopping counter: 2 / 5
[2021-10-04 00:46:43,121][core.early_stopping][INFO] - Pausing model saving until validation loss decreases by 0.0001
[2021-10-04 00:47:16,356][core.trainer][INFO] - Computing metrics for 'val' dataset
[2021-10-04 00:47:20,979][core.metrics.meter][INFO] - Meter:
SequenceAccuracy:	0.948
TokenAccuracy:	0.999
LengthAccuracy:	0.951
1st Token Accuracy:	1.000
Average Loss:	0.068
[2021-10-04 00:47:21,109][core.early_stopping][INFO] - Early stopping counter: 3 / 5
[2021-10-04 00:47:21,161][core.early_stopping][INFO] - Pausing model saving until validation loss decreases by 0.0001
[2021-10-04 00:47:54,211][core.trainer][INFO] - Computing metrics for 'val' dataset
[2021-10-04 00:47:58,806][core.metrics.meter][INFO] - Meter:
SequenceAccuracy:	0.943
TokenAccuracy:	0.999
LengthAccuracy:	0.946
1st Token Accuracy:	1.000
Average Loss:	0.079
[2021-10-04 00:47:58,917][core.early_stopping][INFO] - Early stopping counter: 4 / 5
[2021-10-04 00:47:58,970][core.early_stopping][INFO] - Pausing model saving until validation loss decreases by 0.0001
[2021-10-04 00:48:32,158][core.trainer][INFO] - Computing metrics for 'val' dataset
[2021-10-04 00:48:36,742][core.metrics.meter][INFO] - Meter:
SequenceAccuracy:	0.944
TokenAccuracy:	0.999
LengthAccuracy:	0.950
1st Token Accuracy:	1.000
Average Loss:	0.074
[2021-10-04 00:48:36,853][core.early_stopping][INFO] - Early stopping counter: 5 / 5
[2021-10-04 00:48:36,905][core.early_stopping][INFO] - Pausing model saving until validation loss decreases by 0.0001
[2021-10-04 00:48:36,905][core.trainer][INFO] - Computing metrics for 'test' dataset
[2021-10-04 00:49:21,553][core.metrics.meter][INFO] - Meter:
SequenceAccuracy:	0.949
TokenAccuracy:	0.999
LengthAccuracy:	0.952
1st Token Accuracy:	1.000
Average Loss:	0.071
[2021-10-04 00:49:21,554][core.trainer][INFO] - Computing metrics for 'gen' dataset
[2021-10-04 00:50:09,979][core.metrics.meter][INFO] - Meter:
SequenceAccuracy:	0.002
TokenAccuracy:	0.665
LengthAccuracy:	0.986
1st Token Accuracy:	0.008
Average Loss:	1.860
[2021-10-04 00:50:09,979][core.trainer][INFO] - EPOCH 46 / 50
[2021-10-04 00:50:09,979][core.trainer][INFO] - Computing metrics for 'train' dataset
[2021-10-04 00:50:43,254][core.trainer][INFO] - Computing metrics for 'val' dataset
[2021-10-04 00:50:47,867][core.metrics.meter][INFO] - Meter:
SequenceAccuracy:	0.946
TokenAccuracy:	0.999
LengthAccuracy:	0.949
1st Token Accuracy:	1.000
Average Loss:	0.076
[2021-10-04 00:50:48,001][core.early_stopping][INFO] - Early stopping counter: 6 / 5
[2021-10-04 00:50:48,052][core.early_stopping][INFO] - Pausing model saving until validation loss decreases by 0.0001
[2021-10-04 00:50:48,053][core.trainer][INFO] - Computing metrics for 'test' dataset
[2021-10-04 00:51:32,795][core.metrics.meter][INFO] - Meter:
SequenceAccuracy:	0.950
TokenAccuracy:	0.999
LengthAccuracy:	0.954
1st Token Accuracy:	1.000
Average Loss:	0.068
[2021-10-04 00:51:32,795][core.trainer][INFO] - Computing metrics for 'gen' dataset
[2021-10-04 00:52:21,348][core.metrics.meter][INFO] - Meter:
SequenceAccuracy:	0.001
TokenAccuracy:	0.643
LengthAccuracy:	0.980
1st Token Accuracy:	0.013
Average Loss:	1.979
[2021-10-04 00:52:21,348][core.trainer][INFO] - EPOCH 47 / 50
[2021-10-04 00:52:21,348][core.trainer][INFO] - Computing metrics for 'train' dataset
[2021-10-04 00:52:54,667][core.trainer][INFO] - Computing metrics for 'val' dataset
[2021-10-04 00:52:59,275][core.metrics.meter][INFO] - Meter:
SequenceAccuracy:	0.948
TokenAccuracy:	0.999
LengthAccuracy:	0.951
1st Token Accuracy:	1.000
Average Loss:	0.071
[2021-10-04 00:52:59,433][core.early_stopping][INFO] - Early stopping counter: 7 / 5
[2021-10-04 00:52:59,434][core.early_stopping][INFO] - Pausing model saving until validation loss decreases by 0.0001
[2021-10-04 00:52:59,434][core.trainer][INFO] - Computing metrics for 'test' dataset
[2021-10-04 00:53:44,031][core.metrics.meter][INFO] - Meter:
SequenceAccuracy:	0.948
TokenAccuracy:	0.999
LengthAccuracy:	0.952
1st Token Accuracy:	1.000
Average Loss:	0.070
[2021-10-04 00:53:44,032][core.trainer][INFO] - Computing metrics for 'gen' dataset
[2021-10-04 00:54:32,425][core.metrics.meter][INFO] - Meter:
SequenceAccuracy:	0.002
TokenAccuracy:	0.662
LengthAccuracy:	0.983
1st Token Accuracy:	0.009
Average Loss:	1.898
[2021-10-04 00:54:32,426][core.trainer][INFO] - EPOCH 48 / 50
[2021-10-04 00:54:32,426][core.trainer][INFO] - Computing metrics for 'train' dataset
[2021-10-04 00:55:05,642][core.trainer][INFO] - Computing metrics for 'val' dataset
[2021-10-04 00:55:10,253][core.metrics.meter][INFO] - Meter:
SequenceAccuracy:	0.947
TokenAccuracy:	0.999
LengthAccuracy:	0.950
1st Token Accuracy:	1.000
Average Loss:	0.074
[2021-10-04 00:55:10,384][core.early_stopping][INFO] - Early stopping counter: 8 / 5
[2021-10-04 00:55:10,436][core.early_stopping][INFO] - Pausing model saving until validation loss decreases by 0.0001
[2021-10-04 00:55:10,437][core.trainer][INFO] - Computing metrics for 'test' dataset
[2021-10-04 00:55:54,988][core.metrics.meter][INFO] - Meter:
SequenceAccuracy:	0.955
TokenAccuracy:	0.999
LengthAccuracy:	0.958
1st Token Accuracy:	1.000
Average Loss:	0.064
[2021-10-04 00:55:54,988][core.trainer][INFO] - Computing metrics for 'gen' dataset
[2021-10-04 00:56:43,428][core.metrics.meter][INFO] - Meter:
SequenceAccuracy:	0.001
TokenAccuracy:	0.661
LengthAccuracy:	0.985
1st Token Accuracy:	0.007
Average Loss:	1.871
[2021-10-04 00:56:43,429][core.trainer][INFO] - EPOCH 49 / 50
[2021-10-04 00:56:43,429][core.trainer][INFO] - Computing metrics for 'train' dataset
[2021-10-04 00:57:16,799][core.trainer][INFO] - Computing metrics for 'val' dataset
[2021-10-04 00:57:21,401][core.metrics.meter][INFO] - Meter:
SequenceAccuracy:	0.950
TokenAccuracy:	0.999
LengthAccuracy:	0.953
1st Token Accuracy:	1.000
Average Loss:	0.069
[2021-10-04 00:57:21,559][core.early_stopping][INFO] - Early stopping counter: 9 / 5
[2021-10-04 00:57:21,559][core.early_stopping][INFO] - Pausing model saving until validation loss decreases by 0.0001
[2021-10-04 00:57:21,560][core.trainer][INFO] - Computing metrics for 'test' dataset
[2021-10-04 00:58:06,225][core.metrics.meter][INFO] - Meter:
SequenceAccuracy:	0.950
TokenAccuracy:	0.999
LengthAccuracy:	0.952
1st Token Accuracy:	1.000
Average Loss:	0.071
[2021-10-04 00:58:06,225][core.trainer][INFO] - Computing metrics for 'gen' dataset
[2021-10-04 00:58:54,671][core.metrics.meter][INFO] - Meter:
SequenceAccuracy:	0.001
TokenAccuracy:	0.665
LengthAccuracy:	0.984
1st Token Accuracy:	0.006
Average Loss:	1.852
[2021-10-04 00:58:54,671][core.trainer][INFO] - EPOCH 50 / 50
[2021-10-04 00:58:54,672][core.trainer][INFO] - Computing metrics for 'train' dataset
[2021-10-04 00:59:27,868][core.trainer][INFO] - Computing metrics for 'val' dataset
[2021-10-04 00:59:32,551][core.metrics.meter][INFO] - Meter:
SequenceAccuracy:	0.955
TokenAccuracy:	1.000
LengthAccuracy:	0.956
1st Token Accuracy:	1.000
Average Loss:	0.063
[2021-10-04 01:00:05,827][core.trainer][INFO] - Computing metrics for 'val' dataset
[2021-10-04 01:00:10,420][core.metrics.meter][INFO] - Meter:
SequenceAccuracy:	0.952
TokenAccuracy:	0.999
LengthAccuracy:	0.955
1st Token Accuracy:	1.000
Average Loss:	0.067
[2021-10-04 01:00:10,530][core.early_stopping][INFO] - Early stopping counter: 1 / 5
[2021-10-04 01:00:10,582][core.early_stopping][INFO] - Pausing model saving until validation loss decreases by 0.0001
[2021-10-04 01:00:43,846][core.trainer][INFO] - Computing metrics for 'val' dataset
[2021-10-04 01:00:48,437][core.metrics.meter][INFO] - Meter:
SequenceAccuracy:	0.955
TokenAccuracy:	1.000
LengthAccuracy:	0.957
1st Token Accuracy:	1.000
Average Loss:	0.064
[2021-10-04 01:00:48,598][core.early_stopping][INFO] - Early stopping counter: 2 / 5
[2021-10-04 01:00:48,599][core.early_stopping][INFO] - Pausing model saving until validation loss decreases by 0.0001
[2021-10-04 01:01:21,787][core.trainer][INFO] - Computing metrics for 'val' dataset
[2021-10-04 01:01:26,375][core.metrics.meter][INFO] - Meter:
SequenceAccuracy:	0.948
TokenAccuracy:	0.999
LengthAccuracy:	0.951
1st Token Accuracy:	1.000
Average Loss:	0.071
[2021-10-04 01:01:26,501][core.early_stopping][INFO] - Early stopping counter: 3 / 5
[2021-10-04 01:01:26,553][core.early_stopping][INFO] - Pausing model saving until validation loss decreases by 0.0001
[2021-10-04 01:01:59,602][core.trainer][INFO] - Computing metrics for 'val' dataset
[2021-10-04 01:02:04,201][core.metrics.meter][INFO] - Meter:
SequenceAccuracy:	0.948
TokenAccuracy:	0.999
LengthAccuracy:	0.951
1st Token Accuracy:	1.000
Average Loss:	0.071
[2021-10-04 01:02:04,362][core.early_stopping][INFO] - Early stopping counter: 4 / 5
[2021-10-04 01:02:04,413][core.early_stopping][INFO] - Pausing model saving until validation loss decreases by 0.0001
[2021-10-04 01:02:37,666][core.trainer][INFO] - Computing metrics for 'val' dataset
[2021-10-04 01:02:42,273][core.metrics.meter][INFO] - Meter:
SequenceAccuracy:	0.950
TokenAccuracy:	0.999
LengthAccuracy:	0.952
1st Token Accuracy:	1.000
Average Loss:	0.071
[2021-10-04 01:02:42,384][core.early_stopping][INFO] - Early stopping counter: 5 / 5
[2021-10-04 01:02:42,435][core.early_stopping][INFO] - Pausing model saving until validation loss decreases by 0.0001
[2021-10-04 01:02:42,436][core.trainer][INFO] - Computing metrics for 'test' dataset
[2021-10-04 01:03:27,178][core.metrics.meter][INFO] - Meter:
SequenceAccuracy:	0.951
TokenAccuracy:	0.999
LengthAccuracy:	0.953
1st Token Accuracy:	1.000
Average Loss:	0.067
[2021-10-04 01:03:27,179][core.trainer][INFO] - Computing metrics for 'gen' dataset
[2021-10-04 01:04:15,754][core.metrics.meter][INFO] - Meter:
SequenceAccuracy:	0.001
TokenAccuracy:	0.653
LengthAccuracy:	0.982
1st Token Accuracy:	0.006
Average Loss:	1.958
