experiment:
  dataset:
    name: ms-question-de
    input: ms-question.tsv
    source_format: sequence
    target_format: sequence
    overwrite: false
    transform_field: target
    splits:
      train: 80
      test: 10
      val: 10
  hyperparameters:
    epochs: 50
    batch_size: 5
    lr: 0.001
    tolerance: 0.0001
    num_iters_eval: 1000
    min_iters: 30000
    patience: 5
    tf_ratio: 0.0
    cuda: 0
  model:
    name: Transformer
    encoder:
      unit: Transformer
      type: sequence
      dropout: 0
      num_layers: 2
      hidden_size: 256
      embedding_size: 256
      num_heads: 8
    decoder:
      unit: Transformer
      type: sequence
      dropout: 0
      num_layers: 2
      max_length: 30
      hidden_size: 256
      embedding_size: 256
      num_heads: 8
      attention: null
  name: ms-question-de-transformer-2layers
pretty_print: true

[2021-10-05 20:54:25,632][core.trainer][INFO] - DEVICE: cuda
[2021-10-05 20:54:25,632][core.dataset.base_dataset][INFO] - Initializing dataset
[2021-10-05 20:54:25,634][core.dataset.base_dataset][INFO] - Constructing fields from dataset.
[2021-10-05 20:54:28,548][core.trainer][INFO] - TransductionDataset(
 splits: [val (1000 sequences), train (100000 sequences), test (10000 sequences), gen (10000 sequences)]
 fields: [source, annotation, target]
)
[2021-10-05 20:54:28,548][core.models.base_model][INFO] - Initializing model
[2021-10-05 20:54:32,920][core.trainer][INFO] - TransductionModel(
  (_encoder): TransductionSequenceEncoder(
    (module): Sequential(
      (0): Sequential(
        (0): Embedding(104, 256)
        (1): PositionalEncoding(
          (dropout): Dropout(p=0.0, inplace=False)
        )
      )
      (1): TransformerEncoder(
        (layers): ModuleList(
          (0): TransformerEncoderLayer(
            (self_attn): MultiheadAttention(
              (out_proj): _LinearWithBias(in_features=256, out_features=256, bias=True)
            )
            (linear1): Linear(in_features=256, out_features=2048, bias=True)
            (dropout): Dropout(p=0.1, inplace=False)
            (linear2): Linear(in_features=2048, out_features=256, bias=True)
            (norm1): LayerNorm((256,), eps=1e-05, elementwise_affine=True)
            (norm2): LayerNorm((256,), eps=1e-05, elementwise_affine=True)
            (dropout1): Dropout(p=0.1, inplace=False)
            (dropout2): Dropout(p=0.1, inplace=False)
          )
          (1): TransformerEncoderLayer(
            (self_attn): MultiheadAttention(
              (out_proj): _LinearWithBias(in_features=256, out_features=256, bias=True)
            )
            (linear1): Linear(in_features=256, out_features=2048, bias=True)
            (dropout): Dropout(p=0.1, inplace=False)
            (linear2): Linear(in_features=2048, out_features=256, bias=True)
            (norm1): LayerNorm((256,), eps=1e-05, elementwise_affine=True)
            (norm2): LayerNorm((256,), eps=1e-05, elementwise_affine=True)
            (dropout1): Dropout(p=0.1, inplace=False)
            (dropout2): Dropout(p=0.1, inplace=False)
          )
        )
      )
    )
  )
  (_decoder): TransformerSequenceDecoder(
    (_embedding): Sequential(
      (0): Embedding(107, 256)
      (1): PositionalEncoding(
        (dropout): Dropout(p=0.0, inplace=False)
      )
    )
    (_unit): TransformerDecoder(
      (layers): ModuleList(
        (0): TransformerDecoderLayer(
          (self_attn): MultiheadAttention(
            (out_proj): _LinearWithBias(in_features=256, out_features=256, bias=True)
          )
          (multihead_attn): MultiheadAttention(
            (out_proj): _LinearWithBias(in_features=256, out_features=256, bias=True)
          )
          (linear1): Linear(in_features=256, out_features=2048, bias=True)
          (dropout): Dropout(p=0.0, inplace=False)
          (linear2): Linear(in_features=2048, out_features=256, bias=True)
          (norm1): LayerNorm((256,), eps=1e-05, elementwise_affine=True)
          (norm2): LayerNorm((256,), eps=1e-05, elementwise_affine=True)
          (norm3): LayerNorm((256,), eps=1e-05, elementwise_affine=True)
          (dropout1): Dropout(p=0.0, inplace=False)
          (dropout2): Dropout(p=0.0, inplace=False)
          (dropout3): Dropout(p=0.0, inplace=False)
        )
        (1): TransformerDecoderLayer(
          (self_attn): MultiheadAttention(
            (out_proj): _LinearWithBias(in_features=256, out_features=256, bias=True)
          )
          (multihead_attn): MultiheadAttention(
            (out_proj): _LinearWithBias(in_features=256, out_features=256, bias=True)
          )
          (linear1): Linear(in_features=256, out_features=2048, bias=True)
          (dropout): Dropout(p=0.0, inplace=False)
          (linear2): Linear(in_features=2048, out_features=256, bias=True)
          (norm1): LayerNorm((256,), eps=1e-05, elementwise_affine=True)
          (norm2): LayerNorm((256,), eps=1e-05, elementwise_affine=True)
          (norm3): LayerNorm((256,), eps=1e-05, elementwise_affine=True)
          (dropout1): Dropout(p=0.0, inplace=False)
          (dropout2): Dropout(p=0.0, inplace=False)
          (dropout3): Dropout(p=0.0, inplace=False)
        )
      )
    )
    (_out): Linear(in_features=256, out_features=107, bias=True)
  )
)
[2021-10-05 20:54:32,931][core.trainer][INFO] - Beginning training
[2021-10-05 20:54:33,281][core.metrics.meter][INFO] - Logging with tensorboard; view with `tensorboard --logdir=/scratch/lw2534/lab/transductions/outputs/ms-question-de-transformer-2layers/Transformer/2021-10-05_20-54-25/tensorboard`
[2021-10-05 20:54:33,342][core.trainer][INFO] - EPOCH 1 / 50
[2021-10-05 20:54:33,342][core.trainer][INFO] - Computing metrics for 'train' dataset
[2021-10-05 20:55:02,023][core.trainer][INFO] - Computing metrics for 'val' dataset
[2021-10-05 20:55:06,669][core.metrics.meter][INFO] - Meter:
SequenceAccuracy:	0.000
TokenAccuracy:	0.124
LengthAccuracy:	0.459
1st Token Accuracy:	0.043
Average Loss:	4.079
[2021-10-05 20:55:43,092][core.trainer][INFO] - Computing metrics for 'val' dataset
[2021-10-05 20:55:47,855][core.metrics.meter][INFO] - Meter:
SequenceAccuracy:	0.000
TokenAccuracy:	0.200
LengthAccuracy:	0.760
1st Token Accuracy:	0.216
Average Loss:	3.689
[2021-10-05 20:56:24,517][core.trainer][INFO] - Computing metrics for 'val' dataset
[2021-10-05 20:56:29,201][core.metrics.meter][INFO] - Meter:
SequenceAccuracy:	0.000
TokenAccuracy:	0.220
LengthAccuracy:	0.714
1st Token Accuracy:	0.281
Average Loss:	3.537
[2021-10-05 20:57:05,687][core.trainer][INFO] - Computing metrics for 'val' dataset
[2021-10-05 20:57:11,650][core.metrics.meter][INFO] - Meter:
SequenceAccuracy:	0.000
TokenAccuracy:	0.236
LengthAccuracy:	0.691
1st Token Accuracy:	0.372
Average Loss:	3.408
[2021-10-05 20:57:48,055][core.trainer][INFO] - Computing metrics for 'val' dataset
[2021-10-05 20:57:52,851][core.metrics.meter][INFO] - Meter:
SequenceAccuracy:	0.000
TokenAccuracy:	0.260
LengthAccuracy:	0.739
1st Token Accuracy:	0.454
Average Loss:	3.271
[2021-10-05 20:58:29,568][core.trainer][INFO] - Computing metrics for 'val' dataset
[2021-10-05 20:58:35,604][core.metrics.meter][INFO] - Meter:
SequenceAccuracy:	0.000
TokenAccuracy:	0.281
LengthAccuracy:	0.755
1st Token Accuracy:	0.520
Average Loss:	3.150
[2021-10-05 20:59:12,555][core.trainer][INFO] - Computing metrics for 'val' dataset
[2021-10-05 20:59:18,666][core.metrics.meter][INFO] - Meter:
SequenceAccuracy:	0.000
TokenAccuracy:	0.307
LengthAccuracy:	0.776
1st Token Accuracy:	0.581
Average Loss:	3.032
[2021-10-05 20:59:55,702][core.trainer][INFO] - Computing metrics for 'val' dataset
[2021-10-05 21:00:00,556][core.metrics.meter][INFO] - Meter:
SequenceAccuracy:	0.000
TokenAccuracy:	0.330
LengthAccuracy:	0.826
1st Token Accuracy:	0.644
Average Loss:	2.908
[2021-10-05 21:00:37,477][core.trainer][INFO] - Computing metrics for 'val' dataset
[2021-10-05 21:00:43,584][core.metrics.meter][INFO] - Meter:
SequenceAccuracy:	0.000
TokenAccuracy:	0.349
LengthAccuracy:	0.819
1st Token Accuracy:	0.697
Average Loss:	2.810
[2021-10-05 21:01:20,527][core.trainer][INFO] - Computing metrics for 'val' dataset
[2021-10-05 21:01:26,573][core.metrics.meter][INFO] - Meter:
SequenceAccuracy:	0.000
TokenAccuracy:	0.366
LengthAccuracy:	0.822
1st Token Accuracy:	0.757
Average Loss:	2.708
[2021-10-05 21:02:03,695][core.trainer][INFO] - Computing metrics for 'val' dataset
[2021-10-05 21:02:08,504][core.metrics.meter][INFO] - Meter:
SequenceAccuracy:	0.000
TokenAccuracy:	0.383
LengthAccuracy:	0.843
1st Token Accuracy:	0.817
Average Loss:	2.620
[2021-10-05 21:02:45,878][core.trainer][INFO] - Computing metrics for 'val' dataset
[2021-10-05 21:02:50,681][core.metrics.meter][INFO] - Meter:
SequenceAccuracy:	0.000
TokenAccuracy:	0.399
LengthAccuracy:	0.831
1st Token Accuracy:	0.883
Average Loss:	2.531
[2021-10-05 21:03:27,711][core.trainer][INFO] - Computing metrics for 'val' dataset
[2021-10-05 21:03:33,840][core.metrics.meter][INFO] - Meter:
SequenceAccuracy:	0.000
TokenAccuracy:	0.418
LengthAccuracy:	0.854
1st Token Accuracy:	0.928
Average Loss:	2.426
[2021-10-05 21:04:10,660][core.trainer][INFO] - Computing metrics for 'val' dataset
[2021-10-05 21:04:15,486][core.metrics.meter][INFO] - Meter:
SequenceAccuracy:	0.000
TokenAccuracy:	0.430
LengthAccuracy:	0.854
1st Token Accuracy:	0.955
Average Loss:	2.334
[2021-10-05 21:04:52,513][core.trainer][INFO] - Computing metrics for 'val' dataset
[2021-10-05 21:04:58,653][core.metrics.meter][INFO] - Meter:
SequenceAccuracy:	0.000
TokenAccuracy:	0.444
LengthAccuracy:	0.861
1st Token Accuracy:	0.976
Average Loss:	2.250
[2021-10-05 21:05:35,674][core.trainer][INFO] - Computing metrics for 'val' dataset
[2021-10-05 21:05:41,806][core.metrics.meter][INFO] - Meter:
SequenceAccuracy:	0.000
TokenAccuracy:	0.457
LengthAccuracy:	0.869
1st Token Accuracy:	0.985
Average Loss:	2.155
[2021-10-05 21:06:18,988][core.trainer][INFO] - Computing metrics for 'val' dataset
[2021-10-05 21:06:23,786][core.metrics.meter][INFO] - Meter:
SequenceAccuracy:	0.000
TokenAccuracy:	0.469
LengthAccuracy:	0.874
1st Token Accuracy:	0.990
Average Loss:	2.073
[2021-10-05 21:07:01,052][core.trainer][INFO] - Computing metrics for 'val' dataset
[2021-10-05 21:07:07,165][core.metrics.meter][INFO] - Meter:
SequenceAccuracy:	0.000
TokenAccuracy:	0.480
LengthAccuracy:	0.853
1st Token Accuracy:	0.993
Average Loss:	2.004
[2021-10-05 21:07:44,338][core.trainer][INFO] - Computing metrics for 'val' dataset
[2021-10-05 21:07:49,144][core.metrics.meter][INFO] - Meter:
SequenceAccuracy:	0.000
TokenAccuracy:	0.501
LengthAccuracy:	0.874
1st Token Accuracy:	0.996
Average Loss:	1.900
[2021-10-05 21:08:26,376][core.trainer][INFO] - Computing metrics for 'val' dataset
[2021-10-05 21:08:31,186][core.metrics.meter][INFO] - Meter:
SequenceAccuracy:	0.001
TokenAccuracy:	0.520
LengthAccuracy:	0.874
1st Token Accuracy:	0.998
Average Loss:	1.800
[2021-10-05 21:08:31,466][core.trainer][INFO] - Computing metrics for 'test' dataset
[2021-10-05 21:09:18,224][core.metrics.meter][INFO] - Meter:
SequenceAccuracy:	0.001
TokenAccuracy:	0.530
LengthAccuracy:	0.884
1st Token Accuracy:	0.998
Average Loss:	1.747
[2021-10-05 21:09:18,224][core.trainer][INFO] - Computing metrics for 'gen' dataset
[2021-10-05 21:10:11,145][core.metrics.meter][INFO] - Meter:
SequenceAccuracy:	0.000
TokenAccuracy:	0.379
LengthAccuracy:	0.416
1st Token Accuracy:	0.313
Average Loss:	2.228
[2021-10-05 21:10:11,145][core.trainer][INFO] - EPOCH 2 / 50
[2021-10-05 21:10:11,146][core.trainer][INFO] - Computing metrics for 'train' dataset
[2021-10-05 21:10:48,120][core.trainer][INFO] - Computing metrics for 'val' dataset
[2021-10-05 21:10:52,949][core.metrics.meter][INFO] - Meter:
SequenceAccuracy:	0.002
TokenAccuracy:	0.547
LengthAccuracy:	0.900
1st Token Accuracy:	0.998
Average Loss:	1.689
[2021-10-05 21:11:29,977][core.trainer][INFO] - Computing metrics for 'val' dataset
[2021-10-05 21:11:34,802][core.metrics.meter][INFO] - Meter:
SequenceAccuracy:	0.008
TokenAccuracy:	0.573
LengthAccuracy:	0.891
1st Token Accuracy:	0.999
Average Loss:	1.574
[2021-10-05 21:12:11,806][core.trainer][INFO] - Computing metrics for 'val' dataset
[2021-10-05 21:12:16,651][core.metrics.meter][INFO] - Meter:
SequenceAccuracy:	0.019
TokenAccuracy:	0.601
LengthAccuracy:	0.891
1st Token Accuracy:	0.999
Average Loss:	1.458
[2021-10-05 21:12:53,945][core.trainer][INFO] - Computing metrics for 'val' dataset
[2021-10-05 21:12:58,771][core.metrics.meter][INFO] - Meter:
SequenceAccuracy:	0.038
TokenAccuracy:	0.626
LengthAccuracy:	0.893
1st Token Accuracy:	1.000
Average Loss:	1.347
[2021-10-05 21:13:35,793][core.trainer][INFO] - Computing metrics for 'val' dataset
[2021-10-05 21:13:40,618][core.metrics.meter][INFO] - Meter:
SequenceAccuracy:	0.074
TokenAccuracy:	0.658
LengthAccuracy:	0.915
1st Token Accuracy:	1.000
Average Loss:	1.222
[2021-10-05 21:14:17,708][core.trainer][INFO] - Computing metrics for 'val' dataset
[2021-10-05 21:14:22,553][core.metrics.meter][INFO] - Meter:
SequenceAccuracy:	0.123
TokenAccuracy:	0.685
LengthAccuracy:	0.914
1st Token Accuracy:	1.000
Average Loss:	1.115
[2021-10-05 21:14:59,787][core.trainer][INFO] - Computing metrics for 'val' dataset
[2021-10-05 21:15:05,959][core.metrics.meter][INFO] - Meter:
SequenceAccuracy:	0.156
TokenAccuracy:	0.708
LengthAccuracy:	0.924
1st Token Accuracy:	1.000
Average Loss:	1.025
[2021-10-05 21:15:43,394][core.trainer][INFO] - Computing metrics for 'val' dataset
[2021-10-05 21:15:48,256][core.metrics.meter][INFO] - Meter:
SequenceAccuracy:	0.207
TokenAccuracy:	0.727
LengthAccuracy:	0.905
1st Token Accuracy:	1.000
Average Loss:	0.947
[2021-10-05 21:16:25,461][core.trainer][INFO] - Computing metrics for 'val' dataset
[2021-10-05 21:16:30,298][core.metrics.meter][INFO] - Meter:
SequenceAccuracy:	0.255
TokenAccuracy:	0.759
LengthAccuracy:	0.926
1st Token Accuracy:	1.000
Average Loss:	0.828
[2021-10-05 21:17:07,651][core.trainer][INFO] - Computing metrics for 'val' dataset
[2021-10-05 21:17:12,532][core.metrics.meter][INFO] - Meter:
SequenceAccuracy:	0.291
TokenAccuracy:	0.772
LengthAccuracy:	0.920
1st Token Accuracy:	1.000
Average Loss:	0.768
[2021-10-05 21:17:49,665][core.trainer][INFO] - Computing metrics for 'val' dataset
[2021-10-05 21:17:54,472][core.metrics.meter][INFO] - Meter:
SequenceAccuracy:	0.348
TokenAccuracy:	0.794
LengthAccuracy:	0.915
1st Token Accuracy:	1.000
Average Loss:	0.693
[2021-10-05 21:18:32,027][core.trainer][INFO] - Computing metrics for 'val' dataset
[2021-10-05 21:18:36,852][core.metrics.meter][INFO] - Meter:
SequenceAccuracy:	0.376
TokenAccuracy:	0.808
LengthAccuracy:	0.913
1st Token Accuracy:	1.000
Average Loss:	0.645
[2021-10-05 21:19:13,232][core.trainer][INFO] - Computing metrics for 'val' dataset
[2021-10-05 21:19:18,067][core.metrics.meter][INFO] - Meter:
SequenceAccuracy:	0.434
TokenAccuracy:	0.828
LengthAccuracy:	0.920
1st Token Accuracy:	1.000
Average Loss:	0.575
[2021-10-05 21:19:52,707][core.trainer][INFO] - Computing metrics for 'val' dataset
[2021-10-05 21:19:57,558][core.metrics.meter][INFO] - Meter:
SequenceAccuracy:	0.463
TokenAccuracy:	0.844
LengthAccuracy:	0.928
1st Token Accuracy:	1.000
Average Loss:	0.521
[2021-10-05 21:20:32,446][core.trainer][INFO] - Computing metrics for 'val' dataset
[2021-10-05 21:20:37,250][core.metrics.meter][INFO] - Meter:
SequenceAccuracy:	0.495
TokenAccuracy:	0.854
LengthAccuracy:	0.920
1st Token Accuracy:	1.000
Average Loss:	0.492
[2021-10-05 21:21:14,268][core.trainer][INFO] - Computing metrics for 'val' dataset
[2021-10-05 21:21:19,098][core.metrics.meter][INFO] - Meter:
SequenceAccuracy:	0.546
TokenAccuracy:	0.871
LengthAccuracy:	0.922
1st Token Accuracy:	1.000
Average Loss:	0.443
[2021-10-05 21:21:56,318][core.trainer][INFO] - Computing metrics for 'val' dataset
[2021-10-05 21:22:02,471][core.metrics.meter][INFO] - Meter:
SequenceAccuracy:	0.570
TokenAccuracy:	0.877
LengthAccuracy:	0.929
1st Token Accuracy:	1.000
Average Loss:	0.414
[2021-10-05 21:22:39,901][core.trainer][INFO] - Computing metrics for 'val' dataset
[2021-10-05 21:22:44,721][core.metrics.meter][INFO] - Meter:
SequenceAccuracy:	0.591
TokenAccuracy:	0.887
LengthAccuracy:	0.926
1st Token Accuracy:	1.000
Average Loss:	0.397
[2021-10-05 21:23:21,856][core.trainer][INFO] - Computing metrics for 'val' dataset
[2021-10-05 21:23:26,689][core.metrics.meter][INFO] - Meter:
SequenceAccuracy:	0.621
TokenAccuracy:	0.897
LengthAccuracy:	0.931
1st Token Accuracy:	1.000
Average Loss:	0.360
[2021-10-05 21:24:03,977][core.trainer][INFO] - Computing metrics for 'val' dataset
[2021-10-05 21:24:08,810][core.metrics.meter][INFO] - Meter:
SequenceAccuracy:	0.638
TokenAccuracy:	0.903
LengthAccuracy:	0.935
1st Token Accuracy:	1.000
Average Loss:	0.343
[2021-10-05 21:24:09,184][core.trainer][INFO] - Computing metrics for 'test' dataset
[2021-10-05 21:24:56,308][core.metrics.meter][INFO] - Meter:
SequenceAccuracy:	0.654
TokenAccuracy:	0.907
LengthAccuracy:	0.943
1st Token Accuracy:	1.000
Average Loss:	0.330
[2021-10-05 21:24:56,309][core.trainer][INFO] - Computing metrics for 'gen' dataset
[2021-10-05 21:25:51,311][core.metrics.meter][INFO] - Meter:
SequenceAccuracy:	0.000
TokenAccuracy:	0.618
LengthAccuracy:	0.981
1st Token Accuracy:	0.105
Average Loss:	1.211
[2021-10-05 21:25:51,311][core.trainer][INFO] - EPOCH 3 / 50
[2021-10-05 21:25:51,312][core.trainer][INFO] - Computing metrics for 'train' dataset
[2021-10-05 21:26:28,452][core.trainer][INFO] - Computing metrics for 'val' dataset
[2021-10-05 21:26:34,626][core.metrics.meter][INFO] - Meter:
SequenceAccuracy:	0.661
TokenAccuracy:	0.909
LengthAccuracy:	0.936
1st Token Accuracy:	1.000
Average Loss:	0.324
[2021-10-05 21:27:11,981][core.trainer][INFO] - Computing metrics for 'val' dataset
[2021-10-05 21:27:16,862][core.metrics.meter][INFO] - Meter:
SequenceAccuracy:	0.676
TokenAccuracy:	0.917
LengthAccuracy:	0.931
1st Token Accuracy:	1.000
Average Loss:	0.311
[2021-10-05 21:27:54,265][core.trainer][INFO] - Computing metrics for 'val' dataset
[2021-10-05 21:27:59,100][core.metrics.meter][INFO] - Meter:
SequenceAccuracy:	0.688
TokenAccuracy:	0.920
LengthAccuracy:	0.929
1st Token Accuracy:	1.000
Average Loss:	0.300
[2021-10-05 21:28:36,560][core.trainer][INFO] - Computing metrics for 'val' dataset
[2021-10-05 21:28:41,433][core.metrics.meter][INFO] - Meter:
SequenceAccuracy:	0.703
TokenAccuracy:	0.927
LengthAccuracy:	0.925
1st Token Accuracy:	1.000
Average Loss:	0.284
[2021-10-05 21:29:18,787][core.trainer][INFO] - Computing metrics for 'val' dataset
[2021-10-05 21:29:24,975][core.metrics.meter][INFO] - Meter:
SequenceAccuracy:	0.722
TokenAccuracy:	0.934
LengthAccuracy:	0.930
1st Token Accuracy:	1.000
Average Loss:	0.267
[2021-10-05 21:30:02,101][core.trainer][INFO] - Computing metrics for 'val' dataset
[2021-10-05 21:30:06,966][core.metrics.meter][INFO] - Meter:
SequenceAccuracy:	0.744
TokenAccuracy:	0.939
LengthAccuracy:	0.936
1st Token Accuracy:	1.000
Average Loss:	0.248
[2021-10-05 21:30:44,492][core.trainer][INFO] - Computing metrics for 'val' dataset
[2021-10-05 21:30:50,654][core.metrics.meter][INFO] - Meter:
SequenceAccuracy:	0.740
TokenAccuracy:	0.935
LengthAccuracy:	0.932
1st Token Accuracy:	1.000
Average Loss:	0.255
[2021-10-05 21:31:27,920][core.trainer][INFO] - Computing metrics for 'val' dataset
[2021-10-05 21:31:32,783][core.metrics.meter][INFO] - Meter:
SequenceAccuracy:	0.766
TokenAccuracy:	0.945
LengthAccuracy:	0.937
1st Token Accuracy:	1.000
Average Loss:	0.230
[2021-10-05 21:32:10,151][core.trainer][INFO] - Computing metrics for 'val' dataset
[2021-10-05 21:32:16,327][core.metrics.meter][INFO] - Meter:
SequenceAccuracy:	0.760
TokenAccuracy:	0.946
LengthAccuracy:	0.931
1st Token Accuracy:	1.000
Average Loss:	0.235
[2021-10-05 21:32:52,007][core.trainer][INFO] - Computing metrics for 'val' dataset
[2021-10-05 21:32:56,839][core.metrics.meter][INFO] - Meter:
SequenceAccuracy:	0.781
TokenAccuracy:	0.949
LengthAccuracy:	0.932
1st Token Accuracy:	1.000
Average Loss:	0.223
[2021-10-05 21:33:31,369][core.trainer][INFO] - Computing metrics for 'val' dataset
[2021-10-05 21:33:36,217][core.metrics.meter][INFO] - Meter:
SequenceAccuracy:	0.790
TokenAccuracy:	0.952
LengthAccuracy:	0.931
1st Token Accuracy:	1.000
Average Loss:	0.217
[2021-10-05 21:34:10,989][core.trainer][INFO] - Computing metrics for 'val' dataset
[2021-10-05 21:34:15,829][core.metrics.meter][INFO] - Meter:
SequenceAccuracy:	0.807
TokenAccuracy:	0.957
LengthAccuracy:	0.934
1st Token Accuracy:	1.000
Average Loss:	0.199
[2021-10-05 21:34:53,141][core.trainer][INFO] - Computing metrics for 'val' dataset
[2021-10-05 21:34:57,981][core.metrics.meter][INFO] - Meter:
SequenceAccuracy:	0.802
TokenAccuracy:	0.957
LengthAccuracy:	0.942
1st Token Accuracy:	1.000
Average Loss:	0.200
[2021-10-05 21:34:58,089][core.early_stopping][INFO] - Early stopping counter: 1 / 5
[2021-10-05 21:34:58,138][core.early_stopping][INFO] - Pausing model saving until validation loss decreases by 0.0001
[2021-10-05 21:35:35,216][core.trainer][INFO] - Computing metrics for 'val' dataset
[2021-10-05 21:35:40,057][core.metrics.meter][INFO] - Meter:
SequenceAccuracy:	0.811
TokenAccuracy:	0.959
LengthAccuracy:	0.937
1st Token Accuracy:	1.000
Average Loss:	0.194
[2021-10-05 21:35:40,174][core.early_stopping][INFO] - Early stopping counter: 2 / 5
[2021-10-05 21:35:40,223][core.early_stopping][INFO] - Pausing model saving until validation loss decreases by 0.0001
[2021-10-05 21:36:17,121][core.trainer][INFO] - Computing metrics for 'val' dataset
[2021-10-05 21:36:22,004][core.metrics.meter][INFO] - Meter:
SequenceAccuracy:	0.814
TokenAccuracy:	0.961
LengthAccuracy:	0.939
1st Token Accuracy:	1.000
Average Loss:	0.187
[2021-10-05 21:36:59,368][core.trainer][INFO] - Computing metrics for 'val' dataset
[2021-10-05 21:37:04,213][core.metrics.meter][INFO] - Meter:
SequenceAccuracy:	0.815
TokenAccuracy:	0.961
LengthAccuracy:	0.932
1st Token Accuracy:	1.000
Average Loss:	0.195
[2021-10-05 21:37:04,316][core.early_stopping][INFO] - Early stopping counter: 1 / 5
[2021-10-05 21:37:04,365][core.early_stopping][INFO] - Pausing model saving until validation loss decreases by 0.0001
[2021-10-05 21:37:41,447][core.trainer][INFO] - Computing metrics for 'val' dataset
[2021-10-05 21:37:46,321][core.metrics.meter][INFO] - Meter:
SequenceAccuracy:	0.818
TokenAccuracy:	0.963
LengthAccuracy:	0.938
1st Token Accuracy:	1.000
Average Loss:	0.180
[2021-10-05 21:37:46,427][core.early_stopping][INFO] - Early stopping counter: 2 / 5
[2021-10-05 21:37:46,475][core.early_stopping][INFO] - Pausing model saving until validation loss decreases by 0.0001
[2021-10-05 21:38:23,387][core.trainer][INFO] - Computing metrics for 'val' dataset
[2021-10-05 21:38:29,564][core.metrics.meter][INFO] - Meter:
SequenceAccuracy:	0.829
TokenAccuracy:	0.965
LengthAccuracy:	0.940
1st Token Accuracy:	1.000
Average Loss:	0.174
[2021-10-05 21:38:29,681][core.early_stopping][INFO] - Early stopping counter: 3 / 5
[2021-10-05 21:38:29,730][core.early_stopping][INFO] - Pausing model saving until validation loss decreases by 0.0001
[2021-10-05 21:39:06,609][core.trainer][INFO] - Computing metrics for 'val' dataset
[2021-10-05 21:39:11,448][core.metrics.meter][INFO] - Meter:
SequenceAccuracy:	0.835
TokenAccuracy:	0.968
LengthAccuracy:	0.937
1st Token Accuracy:	1.000
Average Loss:	0.170
[2021-10-05 21:39:11,572][core.early_stopping][INFO] - Early stopping counter: 4 / 5
[2021-10-05 21:39:11,622][core.early_stopping][INFO] - Pausing model saving until validation loss decreases by 0.0001
[2021-10-05 21:39:48,552][core.trainer][INFO] - Computing metrics for 'val' dataset
[2021-10-05 21:39:53,436][core.metrics.meter][INFO] - Meter:
SequenceAccuracy:	0.826
TokenAccuracy:	0.966
LengthAccuracy:	0.939
1st Token Accuracy:	1.000
Average Loss:	0.171
[2021-10-05 21:39:53,583][core.early_stopping][INFO] - Early stopping counter: 5 / 5
[2021-10-05 21:39:53,584][core.early_stopping][INFO] - Pausing model saving until validation loss decreases by 0.0001
[2021-10-05 21:39:53,584][core.trainer][INFO] - Computing metrics for 'test' dataset
[2021-10-05 21:40:40,923][core.metrics.meter][INFO] - Meter:
SequenceAccuracy:	0.837
TokenAccuracy:	0.967
LengthAccuracy:	0.942
1st Token Accuracy:	1.000
Average Loss:	0.168
[2021-10-05 21:40:40,923][core.trainer][INFO] - Computing metrics for 'gen' dataset
[2021-10-05 21:41:36,222][core.metrics.meter][INFO] - Meter:
SequenceAccuracy:	0.000
TokenAccuracy:	0.711
LengthAccuracy:	0.983
1st Token Accuracy:	0.001
Average Loss:	1.067
[2021-10-05 21:41:36,222][core.trainer][INFO] - EPOCH 4 / 50
[2021-10-05 21:41:36,222][core.trainer][INFO] - Computing metrics for 'train' dataset
[2021-10-05 21:42:13,429][core.trainer][INFO] - Computing metrics for 'val' dataset
[2021-10-05 21:42:18,267][core.metrics.meter][INFO] - Meter:
SequenceAccuracy:	0.840
TokenAccuracy:	0.971
LengthAccuracy:	0.941
1st Token Accuracy:	1.000
Average Loss:	0.165
[2021-10-05 21:42:55,547][core.trainer][INFO] - Computing metrics for 'val' dataset
[2021-10-05 21:43:00,423][core.metrics.meter][INFO] - Meter:
SequenceAccuracy:	0.849
TokenAccuracy:	0.974
LengthAccuracy:	0.939
1st Token Accuracy:	1.000
Average Loss:	0.156
[2021-10-05 21:43:00,534][core.early_stopping][INFO] - Early stopping counter: 1 / 5
[2021-10-05 21:43:00,583][core.early_stopping][INFO] - Pausing model saving until validation loss decreases by 0.0001
[2021-10-05 21:43:37,496][core.trainer][INFO] - Computing metrics for 'val' dataset
[2021-10-05 21:43:43,673][core.metrics.meter][INFO] - Meter:
SequenceAccuracy:	0.852
TokenAccuracy:	0.975
LengthAccuracy:	0.935
1st Token Accuracy:	1.000
Average Loss:	0.159
[2021-10-05 21:43:43,794][core.early_stopping][INFO] - Early stopping counter: 2 / 5
[2021-10-05 21:43:43,843][core.early_stopping][INFO] - Pausing model saving until validation loss decreases by 0.0001
[2021-10-05 21:44:20,939][core.trainer][INFO] - Computing metrics for 'val' dataset
[2021-10-05 21:44:25,812][core.metrics.meter][INFO] - Meter:
SequenceAccuracy:	0.853
TokenAccuracy:	0.976
LengthAccuracy:	0.937
1st Token Accuracy:	1.000
Average Loss:	0.157
[2021-10-05 21:44:25,946][core.early_stopping][INFO] - Early stopping counter: 3 / 5
[2021-10-05 21:44:25,995][core.early_stopping][INFO] - Pausing model saving until validation loss decreases by 0.0001
[2021-10-05 21:45:02,883][core.trainer][INFO] - Computing metrics for 'val' dataset
[2021-10-05 21:45:07,754][core.metrics.meter][INFO] - Meter:
SequenceAccuracy:	0.859
TokenAccuracy:	0.979
LengthAccuracy:	0.935
1st Token Accuracy:	1.000
Average Loss:	0.152
[2021-10-05 21:45:45,581][core.trainer][INFO] - Computing metrics for 'val' dataset
[2021-10-05 21:45:50,416][core.metrics.meter][INFO] - Meter:
SequenceAccuracy:	0.855
TokenAccuracy:	0.977
LengthAccuracy:	0.934
1st Token Accuracy:	1.000
Average Loss:	0.161
[2021-10-05 21:45:50,525][core.early_stopping][INFO] - Early stopping counter: 1 / 5
[2021-10-05 21:45:50,573][core.early_stopping][INFO] - Pausing model saving until validation loss decreases by 0.0001
[2021-10-05 21:46:27,380][core.trainer][INFO] - Computing metrics for 'val' dataset
[2021-10-05 21:46:32,247][core.metrics.meter][INFO] - Meter:
SequenceAccuracy:	0.872
TokenAccuracy:	0.979
LengthAccuracy:	0.944
1st Token Accuracy:	1.000
Average Loss:	0.141
[2021-10-05 21:46:32,413][core.early_stopping][INFO] - Early stopping counter: 2 / 5
[2021-10-05 21:46:32,413][core.early_stopping][INFO] - Pausing model saving until validation loss decreases by 0.0001
[2021-10-05 21:47:09,336][core.trainer][INFO] - Computing metrics for 'val' dataset
[2021-10-05 21:47:14,184][core.metrics.meter][INFO] - Meter:
SequenceAccuracy:	0.869
TokenAccuracy:	0.982
LengthAccuracy:	0.939
1st Token Accuracy:	1.000
Average Loss:	0.146
[2021-10-05 21:47:51,480][core.trainer][INFO] - Computing metrics for 'val' dataset
[2021-10-05 21:47:56,364][core.metrics.meter][INFO] - Meter:
SequenceAccuracy:	0.866
TokenAccuracy:	0.981
LengthAccuracy:	0.930
1st Token Accuracy:	1.000
Average Loss:	0.153
[2021-10-05 21:47:56,465][core.early_stopping][INFO] - Early stopping counter: 1 / 5
[2021-10-05 21:47:56,514][core.early_stopping][INFO] - Pausing model saving until validation loss decreases by 0.0001
[2021-10-05 21:48:33,366][core.trainer][INFO] - Computing metrics for 'val' dataset
[2021-10-05 21:48:38,204][core.metrics.meter][INFO] - Meter:
SequenceAccuracy:	0.877
TokenAccuracy:	0.982
LengthAccuracy:	0.941
1st Token Accuracy:	1.000
Average Loss:	0.135
[2021-10-05 21:49:15,409][core.trainer][INFO] - Computing metrics for 'val' dataset
[2021-10-05 21:49:21,596][core.metrics.meter][INFO] - Meter:
SequenceAccuracy:	0.885
TokenAccuracy:	0.985
LengthAccuracy:	0.945
1st Token Accuracy:	1.000
Average Loss:	0.129
[2021-10-05 21:49:21,736][core.early_stopping][INFO] - Early stopping counter: 1 / 5
[2021-10-05 21:49:21,785][core.early_stopping][INFO] - Pausing model saving until validation loss decreases by 0.0001
[2021-10-05 21:49:58,808][core.trainer][INFO] - Computing metrics for 'val' dataset
[2021-10-05 21:50:03,656][core.metrics.meter][INFO] - Meter:
SequenceAccuracy:	0.883
TokenAccuracy:	0.984
LengthAccuracy:	0.940
1st Token Accuracy:	1.000
Average Loss:	0.135
[2021-10-05 21:50:03,782][core.early_stopping][INFO] - Early stopping counter: 2 / 5
[2021-10-05 21:50:03,830][core.early_stopping][INFO] - Pausing model saving until validation loss decreases by 0.0001
[2021-10-05 21:50:40,841][core.trainer][INFO] - Computing metrics for 'val' dataset
[2021-10-05 21:50:45,691][core.metrics.meter][INFO] - Meter:
SequenceAccuracy:	0.880
TokenAccuracy:	0.984
LengthAccuracy:	0.938
1st Token Accuracy:	1.000
Average Loss:	0.138
[2021-10-05 21:50:45,813][core.early_stopping][INFO] - Early stopping counter: 3 / 5
[2021-10-05 21:50:45,862][core.early_stopping][INFO] - Pausing model saving until validation loss decreases by 0.0001
[2021-10-05 21:51:22,916][core.trainer][INFO] - Computing metrics for 'val' dataset
[2021-10-05 21:51:27,773][core.metrics.meter][INFO] - Meter:
SequenceAccuracy:	0.892
TokenAccuracy:	0.987
LengthAccuracy:	0.940
1st Token Accuracy:	1.000
Average Loss:	0.129
[2021-10-05 21:51:27,879][core.early_stopping][INFO] - Early stopping counter: 4 / 5
[2021-10-05 21:51:27,928][core.early_stopping][INFO] - Pausing model saving until validation loss decreases by 0.0001
[2021-10-05 21:52:05,122][core.trainer][INFO] - Computing metrics for 'val' dataset
[2021-10-05 21:52:09,971][core.metrics.meter][INFO] - Meter:
SequenceAccuracy:	0.886
TokenAccuracy:	0.986
LengthAccuracy:	0.939
1st Token Accuracy:	1.000
Average Loss:	0.132
[2021-10-05 21:52:10,086][core.early_stopping][INFO] - Early stopping counter: 5 / 5
[2021-10-05 21:52:10,135][core.early_stopping][INFO] - Pausing model saving until validation loss decreases by 0.0001
[2021-10-05 21:52:10,135][core.trainer][INFO] - Computing metrics for 'test' dataset
[2021-10-05 21:52:57,247][core.metrics.meter][INFO] - Meter:
SequenceAccuracy:	0.886
TokenAccuracy:	0.987
LengthAccuracy:	0.937
1st Token Accuracy:	1.000
Average Loss:	0.134
[2021-10-05 21:52:57,247][core.trainer][INFO] - Computing metrics for 'gen' dataset
[2021-10-05 21:53:52,437][core.metrics.meter][INFO] - Meter:
SequenceAccuracy:	0.000
TokenAccuracy:	0.760
LengthAccuracy:	0.981
1st Token Accuracy:	0.001
Average Loss:	0.990
[2021-10-05 21:53:52,437][core.trainer][INFO] - EPOCH 5 / 50
[2021-10-05 21:53:52,437][core.trainer][INFO] - Computing metrics for 'train' dataset
[2021-10-05 21:54:29,636][core.trainer][INFO] - Computing metrics for 'val' dataset
[2021-10-05 21:54:34,476][core.metrics.meter][INFO] - Meter:
SequenceAccuracy:	0.893
TokenAccuracy:	0.987
LengthAccuracy:	0.947
1st Token Accuracy:	1.000
Average Loss:	0.122
[2021-10-05 21:54:34,598][core.early_stopping][INFO] - Early stopping counter: 6 / 5
[2021-10-05 21:54:34,646][core.early_stopping][INFO] - Pausing model saving until validation loss decreases by 0.0001
[2021-10-05 21:54:34,647][core.trainer][INFO] - Computing metrics for 'test' dataset
[2021-10-05 21:55:21,789][core.metrics.meter][INFO] - Meter:
SequenceAccuracy:	0.895
TokenAccuracy:	0.988
LengthAccuracy:	0.940
1st Token Accuracy:	1.000
Average Loss:	0.128
[2021-10-05 21:55:21,789][core.trainer][INFO] - Computing metrics for 'gen' dataset
[2021-10-05 21:56:16,773][core.metrics.meter][INFO] - Meter:
SequenceAccuracy:	0.000
TokenAccuracy:	0.754
LengthAccuracy:	0.983
1st Token Accuracy:	0.001
Average Loss:	1.019
[2021-10-05 21:56:16,773][core.trainer][INFO] - EPOCH 6 / 50
[2021-10-05 21:56:16,773][core.trainer][INFO] - Computing metrics for 'train' dataset
[2021-10-05 21:56:53,882][core.trainer][INFO] - Computing metrics for 'val' dataset
[2021-10-05 21:56:58,723][core.metrics.meter][INFO] - Meter:
SequenceAccuracy:	0.891
TokenAccuracy:	0.987
LengthAccuracy:	0.938
1st Token Accuracy:	1.000
Average Loss:	0.128
[2021-10-05 21:57:36,098][core.trainer][INFO] - Computing metrics for 'val' dataset
[2021-10-05 21:57:40,934][core.metrics.meter][INFO] - Meter:
SequenceAccuracy:	0.904
TokenAccuracy:	0.989
LengthAccuracy:	0.945
1st Token Accuracy:	1.000
Average Loss:	0.116
[2021-10-05 21:58:18,197][core.trainer][INFO] - Computing metrics for 'val' dataset
[2021-10-05 21:58:23,045][core.metrics.meter][INFO] - Meter:
SequenceAccuracy:	0.891
TokenAccuracy:	0.988
LengthAccuracy:	0.936
1st Token Accuracy:	1.000
Average Loss:	0.129
[2021-10-05 21:58:23,156][core.early_stopping][INFO] - Early stopping counter: 1 / 5
[2021-10-05 21:58:23,205][core.early_stopping][INFO] - Pausing model saving until validation loss decreases by 0.0001
[2021-10-05 21:59:00,213][core.trainer][INFO] - Computing metrics for 'val' dataset
[2021-10-05 21:59:06,393][core.metrics.meter][INFO] - Meter:
SequenceAccuracy:	0.897
TokenAccuracy:	0.988
LengthAccuracy:	0.939
1st Token Accuracy:	1.000
Average Loss:	0.124
[2021-10-05 21:59:06,562][core.early_stopping][INFO] - Early stopping counter: 2 / 5
[2021-10-05 21:59:06,562][core.early_stopping][INFO] - Pausing model saving until validation loss decreases by 0.0001
[2021-10-05 21:59:43,446][core.trainer][INFO] - Computing metrics for 'val' dataset
[2021-10-05 21:59:48,292][core.metrics.meter][INFO] - Meter:
SequenceAccuracy:	0.898
TokenAccuracy:	0.989
LengthAccuracy:	0.943
1st Token Accuracy:	1.000
Average Loss:	0.119
[2021-10-05 22:00:25,805][core.trainer][INFO] - Computing metrics for 'val' dataset
[2021-10-05 22:00:30,646][core.metrics.meter][INFO] - Meter:
SequenceAccuracy:	0.896
TokenAccuracy:	0.990
LengthAccuracy:	0.938
1st Token Accuracy:	1.000
Average Loss:	0.119
[2021-10-05 22:00:30,748][core.early_stopping][INFO] - Early stopping counter: 1 / 5
[2021-10-05 22:00:30,797][core.early_stopping][INFO] - Pausing model saving until validation loss decreases by 0.0001
[2021-10-05 22:01:07,866][core.trainer][INFO] - Computing metrics for 'val' dataset
[2021-10-05 22:01:14,064][core.metrics.meter][INFO] - Meter:
SequenceAccuracy:	0.894
TokenAccuracy:	0.989
LengthAccuracy:	0.940
1st Token Accuracy:	1.000
Average Loss:	0.125
[2021-10-05 22:01:14,175][core.early_stopping][INFO] - Early stopping counter: 2 / 5
[2021-10-05 22:01:14,224][core.early_stopping][INFO] - Pausing model saving until validation loss decreases by 0.0001
[2021-10-05 22:01:51,232][core.trainer][INFO] - Computing metrics for 'val' dataset
[2021-10-05 22:01:56,080][core.metrics.meter][INFO] - Meter:
SequenceAccuracy:	0.902
TokenAccuracy:	0.991
LengthAccuracy:	0.940
1st Token Accuracy:	1.000
Average Loss:	0.120
[2021-10-05 22:01:56,199][core.early_stopping][INFO] - Early stopping counter: 3 / 5
[2021-10-05 22:01:56,249][core.early_stopping][INFO] - Pausing model saving until validation loss decreases by 0.0001
[2021-10-05 22:02:33,187][core.trainer][INFO] - Computing metrics for 'val' dataset
[2021-10-05 22:02:38,042][core.metrics.meter][INFO] - Meter:
SequenceAccuracy:	0.899
TokenAccuracy:	0.991
LengthAccuracy:	0.937
1st Token Accuracy:	1.000
Average Loss:	0.123
[2021-10-05 22:02:38,178][core.early_stopping][INFO] - Early stopping counter: 4 / 5
[2021-10-05 22:02:38,227][core.early_stopping][INFO] - Pausing model saving until validation loss decreases by 0.0001
[2021-10-05 22:03:15,127][core.trainer][INFO] - Computing metrics for 'val' dataset
[2021-10-05 22:03:19,982][core.metrics.meter][INFO] - Meter:
SequenceAccuracy:	0.903
TokenAccuracy:	0.991
LengthAccuracy:	0.938
1st Token Accuracy:	1.000
Average Loss:	0.117
[2021-10-05 22:03:20,085][core.early_stopping][INFO] - Early stopping counter: 5 / 5
[2021-10-05 22:03:20,134][core.early_stopping][INFO] - Pausing model saving until validation loss decreases by 0.0001
[2021-10-05 22:03:20,134][core.trainer][INFO] - Computing metrics for 'test' dataset
[2021-10-05 22:04:07,212][core.metrics.meter][INFO] - Meter:
SequenceAccuracy:	0.909
TokenAccuracy:	0.991
LengthAccuracy:	0.946
1st Token Accuracy:	1.000
Average Loss:	0.108
[2021-10-05 22:04:07,212][core.trainer][INFO] - Computing metrics for 'gen' dataset
[2021-10-05 22:05:02,095][core.metrics.meter][INFO] - Meter:
SequenceAccuracy:	0.000
TokenAccuracy:	0.761
LengthAccuracy:	0.985
1st Token Accuracy:	0.001
Average Loss:	1.025
[2021-10-05 22:05:02,096][core.trainer][INFO] - EPOCH 7 / 50
[2021-10-05 22:05:02,096][core.trainer][INFO] - Computing metrics for 'train' dataset
[2021-10-05 22:05:39,230][core.trainer][INFO] - Computing metrics for 'val' dataset
[2021-10-05 22:05:44,108][core.metrics.meter][INFO] - Meter:
SequenceAccuracy:	0.908
TokenAccuracy:	0.991
LengthAccuracy:	0.942
1st Token Accuracy:	1.000
Average Loss:	0.114
[2021-10-05 22:05:44,215][core.early_stopping][INFO] - Early stopping counter: 6 / 5
[2021-10-05 22:05:44,264][core.early_stopping][INFO] - Pausing model saving until validation loss decreases by 0.0001
[2021-10-05 22:05:44,264][core.trainer][INFO] - Computing metrics for 'test' dataset
[2021-10-05 22:06:31,704][core.metrics.meter][INFO] - Meter:
SequenceAccuracy:	0.904
TokenAccuracy:	0.991
LengthAccuracy:	0.941
1st Token Accuracy:	1.000
Average Loss:	0.117
[2021-10-05 22:06:31,704][core.trainer][INFO] - Computing metrics for 'gen' dataset
[2021-10-05 22:07:27,006][core.metrics.meter][INFO] - Meter:
SequenceAccuracy:	0.000
TokenAccuracy:	0.756
LengthAccuracy:	0.982
1st Token Accuracy:	0.001
Average Loss:	1.049
[2021-10-05 22:07:27,006][core.trainer][INFO] - EPOCH 8 / 50
[2021-10-05 22:07:27,006][core.trainer][INFO] - Computing metrics for 'train' dataset
[2021-10-05 22:08:04,074][core.trainer][INFO] - Computing metrics for 'val' dataset
[2021-10-05 22:08:08,964][core.metrics.meter][INFO] - Meter:
SequenceAccuracy:	0.908
TokenAccuracy:	0.991
LengthAccuracy:	0.946
1st Token Accuracy:	1.000
Average Loss:	0.106
[2021-10-05 22:08:46,209][core.trainer][INFO] - Computing metrics for 'val' dataset
[2021-10-05 22:08:51,056][core.metrics.meter][INFO] - Meter:
SequenceAccuracy:	0.903
TokenAccuracy:	0.991
LengthAccuracy:	0.941
1st Token Accuracy:	1.000
Average Loss:	0.119
[2021-10-05 22:08:51,183][core.early_stopping][INFO] - Early stopping counter: 1 / 5
[2021-10-05 22:08:51,232][core.early_stopping][INFO] - Pausing model saving until validation loss decreases by 0.0001
[2021-10-05 22:09:28,304][core.trainer][INFO] - Computing metrics for 'val' dataset
[2021-10-05 22:09:34,508][core.metrics.meter][INFO] - Meter:
SequenceAccuracy:	0.911
TokenAccuracy:	0.992
LengthAccuracy:	0.945
1st Token Accuracy:	1.000
Average Loss:	0.109
[2021-10-05 22:09:34,611][core.early_stopping][INFO] - Early stopping counter: 2 / 5
[2021-10-05 22:09:34,660][core.early_stopping][INFO] - Pausing model saving until validation loss decreases by 0.0001
[2021-10-05 22:10:11,707][core.trainer][INFO] - Computing metrics for 'val' dataset
[2021-10-05 22:10:16,565][core.metrics.meter][INFO] - Meter:
SequenceAccuracy:	0.901
TokenAccuracy:	0.991
LengthAccuracy:	0.939
1st Token Accuracy:	1.000
Average Loss:	0.120
[2021-10-05 22:10:16,671][core.early_stopping][INFO] - Early stopping counter: 3 / 5
[2021-10-05 22:10:16,721][core.early_stopping][INFO] - Pausing model saving until validation loss decreases by 0.0001
[2021-10-05 22:10:53,904][core.trainer][INFO] - Computing metrics for 'val' dataset
[2021-10-05 22:10:58,762][core.metrics.meter][INFO] - Meter:
SequenceAccuracy:	0.906
TokenAccuracy:	0.992
LengthAccuracy:	0.939
1st Token Accuracy:	1.000
Average Loss:	0.118
[2021-10-05 22:10:58,874][core.early_stopping][INFO] - Early stopping counter: 4 / 5
[2021-10-05 22:10:58,924][core.early_stopping][INFO] - Pausing model saving until validation loss decreases by 0.0001
[2021-10-05 22:11:35,937][core.trainer][INFO] - Computing metrics for 'val' dataset
[2021-10-05 22:11:42,134][core.metrics.meter][INFO] - Meter:
SequenceAccuracy:	0.900
TokenAccuracy:	0.992
LengthAccuracy:	0.938
1st Token Accuracy:	1.000
Average Loss:	0.120
[2021-10-05 22:11:42,257][core.early_stopping][INFO] - Early stopping counter: 5 / 5
[2021-10-05 22:11:42,306][core.early_stopping][INFO] - Pausing model saving until validation loss decreases by 0.0001
[2021-10-05 22:11:42,306][core.trainer][INFO] - Computing metrics for 'test' dataset
[2021-10-05 22:12:42,640][core.metrics.meter][INFO] - Meter:
SequenceAccuracy:	0.908
TokenAccuracy:	0.993
LengthAccuracy:	0.942
1st Token Accuracy:	1.000
Average Loss:	0.108
[2021-10-05 22:12:42,641][core.trainer][INFO] - Computing metrics for 'gen' dataset
[2021-10-05 22:13:52,984][core.metrics.meter][INFO] - Meter:
SequenceAccuracy:	0.000
TokenAccuracy:	0.782
LengthAccuracy:	0.985
1st Token Accuracy:	0.001
Average Loss:	0.962
[2021-10-05 22:13:52,985][core.trainer][INFO] - EPOCH 9 / 50
[2021-10-05 22:13:52,985][core.trainer][INFO] - Computing metrics for 'train' dataset
[2021-10-05 22:14:29,733][core.trainer][INFO] - Computing metrics for 'val' dataset
[2021-10-05 22:14:34,584][core.metrics.meter][INFO] - Meter:
SequenceAccuracy:	0.898
TokenAccuracy:	0.991
LengthAccuracy:	0.937
1st Token Accuracy:	1.000
Average Loss:	0.123
[2021-10-05 22:14:34,693][core.early_stopping][INFO] - Early stopping counter: 6 / 5
[2021-10-05 22:14:34,743][core.early_stopping][INFO] - Pausing model saving until validation loss decreases by 0.0001
[2021-10-05 22:14:34,743][core.trainer][INFO] - Computing metrics for 'test' dataset
[2021-10-05 22:15:21,984][core.metrics.meter][INFO] - Meter:
SequenceAccuracy:	0.903
TokenAccuracy:	0.990
LengthAccuracy:	0.941
1st Token Accuracy:	1.000
Average Loss:	0.116
[2021-10-05 22:15:21,985][core.trainer][INFO] - Computing metrics for 'gen' dataset
[2021-10-05 22:16:17,078][core.metrics.meter][INFO] - Meter:
SequenceAccuracy:	0.001
TokenAccuracy:	0.712
LengthAccuracy:	0.977
1st Token Accuracy:	0.002
Average Loss:	1.277
[2021-10-05 22:16:17,080][core.trainer][INFO] - EPOCH 10 / 50
[2021-10-05 22:16:17,080][core.trainer][INFO] - Computing metrics for 'train' dataset
[2021-10-05 22:16:54,085][core.trainer][INFO] - Computing metrics for 'val' dataset
[2021-10-05 22:16:58,980][core.metrics.meter][INFO] - Meter:
SequenceAccuracy:	0.912
TokenAccuracy:	0.993
LengthAccuracy:	0.942
1st Token Accuracy:	1.000
Average Loss:	0.108
[2021-10-05 22:16:59,099][core.early_stopping][INFO] - Early stopping counter: 7 / 5
[2021-10-05 22:16:59,148][core.early_stopping][INFO] - Pausing model saving until validation loss decreases by 0.0001
[2021-10-05 22:16:59,148][core.trainer][INFO] - Computing metrics for 'test' dataset
[2021-10-05 22:17:46,502][core.metrics.meter][INFO] - Meter:
SequenceAccuracy:	0.908
TokenAccuracy:	0.993
LengthAccuracy:	0.941
1st Token Accuracy:	1.000
Average Loss:	0.111
[2021-10-05 22:17:46,502][core.trainer][INFO] - Computing metrics for 'gen' dataset
[2021-10-05 22:18:41,768][core.metrics.meter][INFO] - Meter:
SequenceAccuracy:	0.000
TokenAccuracy:	0.754
LengthAccuracy:	0.983
1st Token Accuracy:	0.001
Average Loss:	1.090
[2021-10-05 22:18:41,768][core.trainer][INFO] - EPOCH 11 / 50
[2021-10-05 22:18:41,768][core.trainer][INFO] - Computing metrics for 'train' dataset
[2021-10-05 22:19:18,900][core.trainer][INFO] - Computing metrics for 'val' dataset
[2021-10-05 22:19:25,099][core.metrics.meter][INFO] - Meter:
SequenceAccuracy:	0.911
TokenAccuracy:	0.993
LengthAccuracy:	0.942
1st Token Accuracy:	1.000
Average Loss:	0.108
[2021-10-05 22:19:25,228][core.early_stopping][INFO] - Early stopping counter: 8 / 5
[2021-10-05 22:19:25,278][core.early_stopping][INFO] - Pausing model saving until validation loss decreases by 0.0001
[2021-10-05 22:19:25,278][core.trainer][INFO] - Computing metrics for 'test' dataset
[2021-10-05 22:20:25,689][core.metrics.meter][INFO] - Meter:
SequenceAccuracy:	0.910
TokenAccuracy:	0.994
LengthAccuracy:	0.940
1st Token Accuracy:	1.000
Average Loss:	0.115
[2021-10-05 22:20:25,690][core.trainer][INFO] - Computing metrics for 'gen' dataset
[2021-10-05 22:21:36,149][core.metrics.meter][INFO] - Meter:
SequenceAccuracy:	0.000
TokenAccuracy:	0.769
LengthAccuracy:	0.985
1st Token Accuracy:	0.001
Average Loss:	1.026
[2021-10-05 22:21:36,149][core.trainer][INFO] - EPOCH 12 / 50
[2021-10-05 22:21:36,149][core.trainer][INFO] - Computing metrics for 'train' dataset
[2021-10-05 22:22:13,469][core.trainer][INFO] - Computing metrics for 'val' dataset
[2021-10-05 22:22:18,330][core.metrics.meter][INFO] - Meter:
SequenceAccuracy:	0.904
TokenAccuracy:	0.993
LengthAccuracy:	0.935
1st Token Accuracy:	1.000
Average Loss:	0.119
[2021-10-05 22:22:18,443][core.early_stopping][INFO] - Early stopping counter: 9 / 5
[2021-10-05 22:22:18,492][core.early_stopping][INFO] - Pausing model saving until validation loss decreases by 0.0001
[2021-10-05 22:22:18,492][core.trainer][INFO] - Computing metrics for 'test' dataset
[2021-10-05 22:23:05,624][core.metrics.meter][INFO] - Meter:
SequenceAccuracy:	0.909
TokenAccuracy:	0.992
LengthAccuracy:	0.942
1st Token Accuracy:	1.000
Average Loss:	0.112
[2021-10-05 22:23:05,624][core.trainer][INFO] - Computing metrics for 'gen' dataset
[2021-10-05 22:24:00,613][core.metrics.meter][INFO] - Meter:
SequenceAccuracy:	0.000
TokenAccuracy:	0.778
LengthAccuracy:	0.985
1st Token Accuracy:	0.001
Average Loss:	0.990
[2021-10-05 22:24:00,613][core.trainer][INFO] - EPOCH 13 / 50
[2021-10-05 22:24:00,614][core.trainer][INFO] - Computing metrics for 'train' dataset
[2021-10-05 22:24:37,856][core.trainer][INFO] - Computing metrics for 'val' dataset
[2021-10-05 22:24:44,041][core.metrics.meter][INFO] - Meter:
SequenceAccuracy:	0.903
TokenAccuracy:	0.993
LengthAccuracy:	0.937
1st Token Accuracy:	1.000
Average Loss:	0.119
[2021-10-05 22:24:44,164][core.early_stopping][INFO] - Early stopping counter: 10 / 5
[2021-10-05 22:24:44,213][core.early_stopping][INFO] - Pausing model saving until validation loss decreases by 0.0001
[2021-10-05 22:24:44,213][core.trainer][INFO] - Computing metrics for 'test' dataset
[2021-10-05 22:25:44,691][core.metrics.meter][INFO] - Meter:
SequenceAccuracy:	0.908
TokenAccuracy:	0.993
LengthAccuracy:	0.939
1st Token Accuracy:	1.000
Average Loss:	0.115
[2021-10-05 22:25:44,691][core.trainer][INFO] - Computing metrics for 'gen' dataset
[2021-10-05 22:26:55,176][core.metrics.meter][INFO] - Meter:
SequenceAccuracy:	0.000
TokenAccuracy:	0.764
LengthAccuracy:	0.981
1st Token Accuracy:	0.001
Average Loss:	1.060
[2021-10-05 22:26:55,176][core.trainer][INFO] - EPOCH 14 / 50
[2021-10-05 22:26:55,176][core.trainer][INFO] - Computing metrics for 'train' dataset
[2021-10-05 22:27:32,335][core.trainer][INFO] - Computing metrics for 'val' dataset
[2021-10-05 22:27:38,514][core.metrics.meter][INFO] - Meter:
SequenceAccuracy:	0.904
TokenAccuracy:	0.993
LengthAccuracy:	0.939
1st Token Accuracy:	1.000
Average Loss:	0.116
[2021-10-05 22:27:38,622][core.early_stopping][INFO] - Early stopping counter: 11 / 5
[2021-10-05 22:27:38,672][core.early_stopping][INFO] - Pausing model saving until validation loss decreases by 0.0001
[2021-10-05 22:27:38,672][core.trainer][INFO] - Computing metrics for 'test' dataset
[2021-10-05 22:28:39,083][core.metrics.meter][INFO] - Meter:
SequenceAccuracy:	0.911
TokenAccuracy:	0.993
LengthAccuracy:	0.942
1st Token Accuracy:	1.000
Average Loss:	0.108
[2021-10-05 22:28:39,083][core.trainer][INFO] - Computing metrics for 'gen' dataset
[2021-10-05 22:29:49,571][core.metrics.meter][INFO] - Meter:
SequenceAccuracy:	0.000
TokenAccuracy:	0.753
LengthAccuracy:	0.984
1st Token Accuracy:	0.001
Average Loss:	1.103
[2021-10-05 22:29:49,572][core.trainer][INFO] - EPOCH 15 / 50
[2021-10-05 22:29:49,572][core.trainer][INFO] - Computing metrics for 'train' dataset
[2021-10-05 22:30:26,798][core.trainer][INFO] - Computing metrics for 'val' dataset
[2021-10-05 22:30:32,986][core.metrics.meter][INFO] - Meter:
SequenceAccuracy:	0.917
TokenAccuracy:	0.994
LengthAccuracy:	0.945
1st Token Accuracy:	1.000
Average Loss:	0.104
[2021-10-05 22:30:33,121][core.early_stopping][INFO] - Early stopping counter: 12 / 5
[2021-10-05 22:30:33,170][core.early_stopping][INFO] - Pausing model saving until validation loss decreases by 0.0001
[2021-10-05 22:30:33,170][core.trainer][INFO] - Computing metrics for 'test' dataset
[2021-10-05 22:31:33,430][core.metrics.meter][INFO] - Meter:
SequenceAccuracy:	0.913
TokenAccuracy:	0.994
LengthAccuracy:	0.943
1st Token Accuracy:	1.000
Average Loss:	0.106
[2021-10-05 22:31:33,431][core.trainer][INFO] - Computing metrics for 'gen' dataset
[2021-10-05 22:32:43,775][core.metrics.meter][INFO] - Meter:
SequenceAccuracy:	0.001
TokenAccuracy:	0.731
LengthAccuracy:	0.982
1st Token Accuracy:	0.002
Average Loss:	1.217
[2021-10-05 22:32:43,776][core.trainer][INFO] - EPOCH 16 / 50
[2021-10-05 22:32:43,776][core.trainer][INFO] - Computing metrics for 'train' dataset
[2021-10-05 22:33:21,017][core.trainer][INFO] - Computing metrics for 'val' dataset
[2021-10-05 22:33:25,894][core.metrics.meter][INFO] - Meter:
SequenceAccuracy:	0.906
TokenAccuracy:	0.992
LengthAccuracy:	0.939
1st Token Accuracy:	1.000
Average Loss:	0.117
[2021-10-05 22:33:26,012][core.early_stopping][INFO] - Early stopping counter: 13 / 5
[2021-10-05 22:33:26,061][core.early_stopping][INFO] - Pausing model saving until validation loss decreases by 0.0001
[2021-10-05 22:33:26,062][core.trainer][INFO] - Computing metrics for 'test' dataset
[2021-10-05 22:34:13,511][core.metrics.meter][INFO] - Meter:
SequenceAccuracy:	0.908
TokenAccuracy:	0.993
LengthAccuracy:	0.937
1st Token Accuracy:	1.000
Average Loss:	0.116
[2021-10-05 22:34:13,512][core.trainer][INFO] - Computing metrics for 'gen' dataset
[2021-10-05 22:35:08,862][core.metrics.meter][INFO] - Meter:
SequenceAccuracy:	0.000
TokenAccuracy:	0.747
LengthAccuracy:	0.984
1st Token Accuracy:	0.001
Average Loss:	1.136
[2021-10-05 22:35:08,862][core.trainer][INFO] - EPOCH 17 / 50
[2021-10-05 22:35:08,862][core.trainer][INFO] - Computing metrics for 'train' dataset
[2021-10-05 22:35:45,966][core.trainer][INFO] - Computing metrics for 'val' dataset
[2021-10-05 22:35:50,824][core.metrics.meter][INFO] - Meter:
SequenceAccuracy:	0.915
TokenAccuracy:	0.994
LengthAccuracy:	0.942
1st Token Accuracy:	1.000
Average Loss:	0.108
[2021-10-05 22:35:50,952][core.early_stopping][INFO] - Early stopping counter: 14 / 5
[2021-10-05 22:35:51,002][core.early_stopping][INFO] - Pausing model saving until validation loss decreases by 0.0001
[2021-10-05 22:35:51,002][core.trainer][INFO] - Computing metrics for 'test' dataset
[2021-10-05 22:36:38,174][core.metrics.meter][INFO] - Meter:
SequenceAccuracy:	0.910
TokenAccuracy:	0.994
LengthAccuracy:	0.940
1st Token Accuracy:	1.000
Average Loss:	0.112
[2021-10-05 22:36:38,175][core.trainer][INFO] - Computing metrics for 'gen' dataset
[2021-10-05 22:37:33,158][core.metrics.meter][INFO] - Meter:
SequenceAccuracy:	0.000
TokenAccuracy:	0.754
LengthAccuracy:	0.983
1st Token Accuracy:	0.000
Average Loss:	1.123
[2021-10-05 22:37:33,158][core.trainer][INFO] - EPOCH 18 / 50
[2021-10-05 22:37:33,159][core.trainer][INFO] - Computing metrics for 'train' dataset
[2021-10-05 22:38:10,330][core.trainer][INFO] - Computing metrics for 'val' dataset
[2021-10-05 22:38:15,181][core.metrics.meter][INFO] - Meter:
SequenceAccuracy:	0.909
TokenAccuracy:	0.994
LengthAccuracy:	0.937
1st Token Accuracy:	1.000
Average Loss:	0.116
[2021-10-05 22:38:15,297][core.early_stopping][INFO] - Early stopping counter: 15 / 5
[2021-10-05 22:38:15,346][core.early_stopping][INFO] - Pausing model saving until validation loss decreases by 0.0001
[2021-10-05 22:38:15,346][core.trainer][INFO] - Computing metrics for 'test' dataset
[2021-10-05 22:39:02,587][core.metrics.meter][INFO] - Meter:
SequenceAccuracy:	0.908
TokenAccuracy:	0.994
LengthAccuracy:	0.937
1st Token Accuracy:	1.000
Average Loss:	0.115
[2021-10-05 22:39:02,587][core.trainer][INFO] - Computing metrics for 'gen' dataset
[2021-10-05 22:39:57,643][core.metrics.meter][INFO] - Meter:
SequenceAccuracy:	0.000
TokenAccuracy:	0.743
LengthAccuracy:	0.983
1st Token Accuracy:	0.001
Average Loss:	1.172
[2021-10-05 22:39:57,643][core.trainer][INFO] - EPOCH 19 / 50
[2021-10-05 22:39:57,643][core.trainer][INFO] - Computing metrics for 'train' dataset
[2021-10-05 22:40:34,641][core.trainer][INFO] - Computing metrics for 'val' dataset
[2021-10-05 22:40:39,520][core.metrics.meter][INFO] - Meter:
SequenceAccuracy:	0.916
TokenAccuracy:	0.995
LengthAccuracy:	0.943
1st Token Accuracy:	1.000
Average Loss:	0.103
[2021-10-05 22:40:39,623][core.early_stopping][INFO] - Early stopping counter: 16 / 5
[2021-10-05 22:40:39,672][core.early_stopping][INFO] - Pausing model saving until validation loss decreases by 0.0001
[2021-10-05 22:40:39,673][core.trainer][INFO] - Computing metrics for 'test' dataset
[2021-10-05 22:41:27,113][core.metrics.meter][INFO] - Meter:
SequenceAccuracy:	0.913
TokenAccuracy:	0.994
LengthAccuracy:	0.940
1st Token Accuracy:	1.000
Average Loss:	0.107
[2021-10-05 22:41:27,113][core.trainer][INFO] - Computing metrics for 'gen' dataset
[2021-10-05 22:42:22,461][core.metrics.meter][INFO] - Meter:
SequenceAccuracy:	0.000
TokenAccuracy:	0.757
LengthAccuracy:	0.983
1st Token Accuracy:	0.001
Average Loss:	1.107
[2021-10-05 22:42:22,462][core.trainer][INFO] - EPOCH 20 / 50
[2021-10-05 22:42:22,462][core.trainer][INFO] - Computing metrics for 'train' dataset
[2021-10-05 22:42:59,692][core.trainer][INFO] - Computing metrics for 'val' dataset
[2021-10-05 22:43:04,539][core.metrics.meter][INFO] - Meter:
SequenceAccuracy:	0.912
TokenAccuracy:	0.995
LengthAccuracy:	0.936
1st Token Accuracy:	1.000
Average Loss:	0.113
[2021-10-05 22:43:04,652][core.early_stopping][INFO] - Early stopping counter: 17 / 5
[2021-10-05 22:43:04,700][core.early_stopping][INFO] - Pausing model saving until validation loss decreases by 0.0001
[2021-10-05 22:43:04,700][core.trainer][INFO] - Computing metrics for 'test' dataset
[2021-10-05 22:43:51,911][core.metrics.meter][INFO] - Meter:
SequenceAccuracy:	0.911
TokenAccuracy:	0.994
LengthAccuracy:	0.942
1st Token Accuracy:	1.000
Average Loss:	0.106
[2021-10-05 22:43:51,911][core.trainer][INFO] - Computing metrics for 'gen' dataset
[2021-10-05 22:44:46,971][core.metrics.meter][INFO] - Meter:
SequenceAccuracy:	0.000
TokenAccuracy:	0.762
LengthAccuracy:	0.985
1st Token Accuracy:	0.000
Average Loss:	1.087
[2021-10-05 22:44:46,971][core.trainer][INFO] - EPOCH 21 / 50
[2021-10-05 22:44:46,971][core.trainer][INFO] - Computing metrics for 'train' dataset
[2021-10-05 22:45:24,117][core.trainer][INFO] - Computing metrics for 'val' dataset
[2021-10-05 22:45:28,971][core.metrics.meter][INFO] - Meter:
SequenceAccuracy:	0.909
TokenAccuracy:	0.994
LengthAccuracy:	0.938
1st Token Accuracy:	1.000
Average Loss:	0.111
[2021-10-05 22:45:29,095][core.early_stopping][INFO] - Early stopping counter: 18 / 5
[2021-10-05 22:45:29,145][core.early_stopping][INFO] - Pausing model saving until validation loss decreases by 0.0001
[2021-10-05 22:45:29,145][core.trainer][INFO] - Computing metrics for 'test' dataset
[2021-10-05 22:46:16,280][core.metrics.meter][INFO] - Meter:
SequenceAccuracy:	0.910
TokenAccuracy:	0.994
LengthAccuracy:	0.938
1st Token Accuracy:	1.000
Average Loss:	0.113
[2021-10-05 22:46:16,280][core.trainer][INFO] - Computing metrics for 'gen' dataset
[2021-10-05 22:47:11,334][core.metrics.meter][INFO] - Meter:
SequenceAccuracy:	0.000
TokenAccuracy:	0.754
LengthAccuracy:	0.983
1st Token Accuracy:	0.000
Average Loss:	1.135
[2021-10-05 22:47:11,334][core.trainer][INFO] - EPOCH 22 / 50
[2021-10-05 22:47:11,334][core.trainer][INFO] - Computing metrics for 'train' dataset
[2021-10-05 22:47:48,560][core.trainer][INFO] - Computing metrics for 'val' dataset
[2021-10-05 22:47:54,747][core.metrics.meter][INFO] - Meter:
SequenceAccuracy:	0.913
TokenAccuracy:	0.993
LengthAccuracy:	0.945
1st Token Accuracy:	1.000
Average Loss:	0.103
[2021-10-05 22:47:54,883][core.early_stopping][INFO] - Early stopping counter: 19 / 5
[2021-10-05 22:47:54,933][core.early_stopping][INFO] - Pausing model saving until validation loss decreases by 0.0001
[2021-10-05 22:47:54,933][core.trainer][INFO] - Computing metrics for 'test' dataset
[2021-10-05 22:48:55,296][core.metrics.meter][INFO] - Meter:
SequenceAccuracy:	0.910
TokenAccuracy:	0.993
LengthAccuracy:	0.939
1st Token Accuracy:	1.000
Average Loss:	0.113
[2021-10-05 22:48:55,296][core.trainer][INFO] - Computing metrics for 'gen' dataset
[2021-10-05 22:50:05,959][core.metrics.meter][INFO] - Meter:
SequenceAccuracy:	0.000
TokenAccuracy:	0.737
LengthAccuracy:	0.981
1st Token Accuracy:	0.001
Average Loss:	1.221
[2021-10-05 22:50:05,959][core.trainer][INFO] - EPOCH 23 / 50
[2021-10-05 22:50:05,959][core.trainer][INFO] - Computing metrics for 'train' dataset
[2021-10-05 22:50:43,090][core.trainer][INFO] - Computing metrics for 'val' dataset
[2021-10-05 22:50:47,950][core.metrics.meter][INFO] - Meter:
SequenceAccuracy:	0.918
TokenAccuracy:	0.995
LengthAccuracy:	0.946
1st Token Accuracy:	1.000
Average Loss:	0.098
[2021-10-05 22:50:48,068][core.early_stopping][INFO] - Early stopping counter: 20 / 5
[2021-10-05 22:50:48,118][core.early_stopping][INFO] - Pausing model saving until validation loss decreases by 0.0001
[2021-10-05 22:50:48,118][core.trainer][INFO] - Computing metrics for 'test' dataset
[2021-10-05 22:51:35,337][core.metrics.meter][INFO] - Meter:
SequenceAccuracy:	0.909
TokenAccuracy:	0.994
LengthAccuracy:	0.937
1st Token Accuracy:	1.000
Average Loss:	0.115
[2021-10-05 22:51:35,338][core.trainer][INFO] - Computing metrics for 'gen' dataset
[2021-10-05 22:52:30,373][core.metrics.meter][INFO] - Meter:
SequenceAccuracy:	0.001
TokenAccuracy:	0.734
LengthAccuracy:	0.985
1st Token Accuracy:	0.001
Average Loss:	1.230
[2021-10-05 22:52:30,374][core.trainer][INFO] - EPOCH 24 / 50
[2021-10-05 22:52:30,374][core.trainer][INFO] - Computing metrics for 'train' dataset
[2021-10-05 22:53:07,616][core.trainer][INFO] - Computing metrics for 'val' dataset
[2021-10-05 22:53:12,511][core.metrics.meter][INFO] - Meter:
SequenceAccuracy:	0.908
TokenAccuracy:	0.994
LengthAccuracy:	0.938
1st Token Accuracy:	1.000
Average Loss:	0.110
[2021-10-05 22:53:12,638][core.early_stopping][INFO] - Early stopping counter: 21 / 5
[2021-10-05 22:53:12,689][core.early_stopping][INFO] - Pausing model saving until validation loss decreases by 0.0001
[2021-10-05 22:53:12,689][core.trainer][INFO] - Computing metrics for 'test' dataset
[2021-10-05 22:54:00,115][core.metrics.meter][INFO] - Meter:
SequenceAccuracy:	0.911
TokenAccuracy:	0.994
LengthAccuracy:	0.941
1st Token Accuracy:	1.000
Average Loss:	0.105
[2021-10-05 22:54:00,115][core.trainer][INFO] - Computing metrics for 'gen' dataset
[2021-10-05 22:54:55,404][core.metrics.meter][INFO] - Meter:
SequenceAccuracy:	0.000
TokenAccuracy:	0.783
LengthAccuracy:	0.986
1st Token Accuracy:	0.001
Average Loss:	0.991
[2021-10-05 22:54:55,404][core.trainer][INFO] - EPOCH 25 / 50
[2021-10-05 22:54:55,404][core.trainer][INFO] - Computing metrics for 'train' dataset
[2021-10-05 22:55:32,549][core.trainer][INFO] - Computing metrics for 'val' dataset
[2021-10-05 22:55:38,741][core.metrics.meter][INFO] - Meter:
SequenceAccuracy:	0.909
TokenAccuracy:	0.993
LengthAccuracy:	0.940
1st Token Accuracy:	1.000
Average Loss:	0.109
[2021-10-05 22:55:38,844][core.early_stopping][INFO] - Early stopping counter: 22 / 5
[2021-10-05 22:55:38,893][core.early_stopping][INFO] - Pausing model saving until validation loss decreases by 0.0001
[2021-10-05 22:55:38,893][core.trainer][INFO] - Computing metrics for 'test' dataset
[2021-10-05 22:56:39,215][core.metrics.meter][INFO] - Meter:
SequenceAccuracy:	0.907
TokenAccuracy:	0.995
LengthAccuracy:	0.934
1st Token Accuracy:	1.000
Average Loss:	0.115
[2021-10-05 22:56:39,215][core.trainer][INFO] - Computing metrics for 'gen' dataset
[2021-10-05 22:57:49,572][core.metrics.meter][INFO] - Meter:
SequenceAccuracy:	0.000
TokenAccuracy:	0.740
LengthAccuracy:	0.982
1st Token Accuracy:	0.001
Average Loss:	1.207
[2021-10-05 22:57:49,572][core.trainer][INFO] - EPOCH 26 / 50
[2021-10-05 22:57:49,572][core.trainer][INFO] - Computing metrics for 'train' dataset
[2021-10-05 22:58:26,895][core.trainer][INFO] - Computing metrics for 'val' dataset
[2021-10-05 22:58:31,793][core.metrics.meter][INFO] - Meter:
SequenceAccuracy:	0.912
TokenAccuracy:	0.995
LengthAccuracy:	0.939
1st Token Accuracy:	1.000
Average Loss:	0.113
[2021-10-05 22:59:09,274][core.trainer][INFO] - Computing metrics for 'val' dataset
[2021-10-05 22:59:14,163][core.metrics.meter][INFO] - Meter:
SequenceAccuracy:	0.915
TokenAccuracy:	0.994
LengthAccuracy:	0.940
1st Token Accuracy:	1.000
Average Loss:	0.109
[2021-10-05 22:59:14,296][core.early_stopping][INFO] - Early stopping counter: 1 / 5
[2021-10-05 22:59:14,345][core.early_stopping][INFO] - Pausing model saving until validation loss decreases by 0.0001
[2021-10-05 22:59:51,544][core.trainer][INFO] - Computing metrics for 'val' dataset
[2021-10-05 22:59:57,769][core.metrics.meter][INFO] - Meter:
SequenceAccuracy:	0.910
TokenAccuracy:	0.994
LengthAccuracy:	0.940
1st Token Accuracy:	1.000
Average Loss:	0.108
[2021-10-05 22:59:57,873][core.early_stopping][INFO] - Early stopping counter: 2 / 5
[2021-10-05 22:59:57,923][core.early_stopping][INFO] - Pausing model saving until validation loss decreases by 0.0001
[2021-10-05 23:00:34,762][core.trainer][INFO] - Computing metrics for 'val' dataset
[2021-10-05 23:00:39,613][core.metrics.meter][INFO] - Meter:
SequenceAccuracy:	0.917
TokenAccuracy:	0.995
LengthAccuracy:	0.943
1st Token Accuracy:	1.000
Average Loss:	0.105
[2021-10-05 23:00:39,720][core.early_stopping][INFO] - Early stopping counter: 3 / 5
[2021-10-05 23:00:39,769][core.early_stopping][INFO] - Pausing model saving until validation loss decreases by 0.0001
[2021-10-05 23:01:16,881][core.trainer][INFO] - Computing metrics for 'val' dataset
[2021-10-05 23:01:23,074][core.metrics.meter][INFO] - Meter:
SequenceAccuracy:	0.915
TokenAccuracy:	0.994
LengthAccuracy:	0.944
1st Token Accuracy:	1.000
Average Loss:	0.101
[2021-10-05 23:01:23,236][core.early_stopping][INFO] - Early stopping counter: 4 / 5
[2021-10-05 23:01:23,236][core.early_stopping][INFO] - Pausing model saving until validation loss decreases by 0.0001
[2021-10-05 23:02:00,019][core.trainer][INFO] - Computing metrics for 'val' dataset
[2021-10-05 23:02:04,867][core.metrics.meter][INFO] - Meter:
SequenceAccuracy:	0.919
TokenAccuracy:	0.996
LengthAccuracy:	0.941
1st Token Accuracy:	1.000
Average Loss:	0.103
[2021-10-05 23:02:04,992][core.early_stopping][INFO] - Early stopping counter: 5 / 5
[2021-10-05 23:02:05,041][core.early_stopping][INFO] - Pausing model saving until validation loss decreases by 0.0001
[2021-10-05 23:02:05,041][core.trainer][INFO] - Computing metrics for 'test' dataset
[2021-10-05 23:02:52,240][core.metrics.meter][INFO] - Meter:
SequenceAccuracy:	0.905
TokenAccuracy:	0.993
LengthAccuracy:	0.938
1st Token Accuracy:	1.000
Average Loss:	0.112
[2021-10-05 23:02:52,240][core.trainer][INFO] - Computing metrics for 'gen' dataset
[2021-10-05 23:03:47,225][core.metrics.meter][INFO] - Meter:
SequenceAccuracy:	0.000
TokenAccuracy:	0.701
LengthAccuracy:	0.961
1st Token Accuracy:	0.001
Average Loss:	1.437
[2021-10-05 23:03:47,225][core.trainer][INFO] - EPOCH 27 / 50
[2021-10-05 23:03:47,225][core.trainer][INFO] - Computing metrics for 'train' dataset
[2021-10-05 23:04:24,475][core.trainer][INFO] - Computing metrics for 'val' dataset
[2021-10-05 23:04:29,356][core.metrics.meter][INFO] - Meter:
SequenceAccuracy:	0.915
TokenAccuracy:	0.995
LengthAccuracy:	0.942
1st Token Accuracy:	1.000
Average Loss:	0.104
[2021-10-05 23:05:06,972][core.trainer][INFO] - Computing metrics for 'val' dataset
[2021-10-05 23:05:11,818][core.metrics.meter][INFO] - Meter:
SequenceAccuracy:	0.909
TokenAccuracy:	0.995
LengthAccuracy:	0.940
1st Token Accuracy:	1.000
Average Loss:	0.107
[2021-10-05 23:05:11,922][core.early_stopping][INFO] - Early stopping counter: 1 / 5
[2021-10-05 23:05:11,972][core.early_stopping][INFO] - Pausing model saving until validation loss decreases by 0.0001
[2021-10-05 23:05:48,737][core.trainer][INFO] - Computing metrics for 'val' dataset
[2021-10-05 23:05:53,582][core.metrics.meter][INFO] - Meter:
SequenceAccuracy:	0.911
TokenAccuracy:	0.995
LengthAccuracy:	0.935
1st Token Accuracy:	1.000
Average Loss:	0.112
[2021-10-05 23:05:53,697][core.early_stopping][INFO] - Early stopping counter: 2 / 5
[2021-10-05 23:05:53,747][core.early_stopping][INFO] - Pausing model saving until validation loss decreases by 0.0001
[2021-10-05 23:06:30,810][core.trainer][INFO] - Computing metrics for 'val' dataset
[2021-10-05 23:06:37,005][core.metrics.meter][INFO] - Meter:
SequenceAccuracy:	0.914
TokenAccuracy:	0.996
LengthAccuracy:	0.934
1st Token Accuracy:	1.000
Average Loss:	0.113
[2021-10-05 23:06:37,130][core.early_stopping][INFO] - Early stopping counter: 3 / 5
[2021-10-05 23:06:37,179][core.early_stopping][INFO] - Pausing model saving until validation loss decreases by 0.0001
[2021-10-05 23:07:14,171][core.trainer][INFO] - Computing metrics for 'val' dataset
[2021-10-05 23:07:19,065][core.metrics.meter][INFO] - Meter:
SequenceAccuracy:	0.905
TokenAccuracy:	0.995
LengthAccuracy:	0.934
1st Token Accuracy:	1.000
Average Loss:	0.115
[2021-10-05 23:07:19,249][core.early_stopping][INFO] - Early stopping counter: 4 / 5
[2021-10-05 23:07:19,250][core.early_stopping][INFO] - Pausing model saving until validation loss decreases by 0.0001
[2021-10-05 23:07:56,349][core.trainer][INFO] - Computing metrics for 'val' dataset
[2021-10-05 23:08:01,190][core.metrics.meter][INFO] - Meter:
SequenceAccuracy:	0.912
TokenAccuracy:	0.995
LengthAccuracy:	0.938
1st Token Accuracy:	1.000
Average Loss:	0.110
[2021-10-05 23:08:01,294][core.early_stopping][INFO] - Early stopping counter: 5 / 5
[2021-10-05 23:08:01,344][core.early_stopping][INFO] - Pausing model saving until validation loss decreases by 0.0001
[2021-10-05 23:08:01,358][core.trainer][INFO] - Computing metrics for 'test' dataset
[2021-10-05 23:08:48,530][core.metrics.meter][INFO] - Meter:
SequenceAccuracy:	0.919
TokenAccuracy:	0.995
LengthAccuracy:	0.944
1st Token Accuracy:	1.000
Average Loss:	0.101
[2021-10-05 23:08:48,530][core.trainer][INFO] - Computing metrics for 'gen' dataset
[2021-10-05 23:09:43,508][core.metrics.meter][INFO] - Meter:
SequenceAccuracy:	0.000
TokenAccuracy:	0.740
LengthAccuracy:	0.986
1st Token Accuracy:	0.001
Average Loss:	1.241
[2021-10-05 23:09:43,508][core.trainer][INFO] - EPOCH 28 / 50
[2021-10-05 23:09:43,508][core.trainer][INFO] - Computing metrics for 'train' dataset
[2021-10-05 23:10:20,853][core.trainer][INFO] - Computing metrics for 'val' dataset
[2021-10-05 23:10:25,702][core.metrics.meter][INFO] - Meter:
SequenceAccuracy:	0.911
TokenAccuracy:	0.995
LengthAccuracy:	0.938
1st Token Accuracy:	1.000
Average Loss:	0.106
[2021-10-05 23:10:25,813][core.early_stopping][INFO] - Early stopping counter: 6 / 5
[2021-10-05 23:10:25,863][core.early_stopping][INFO] - Pausing model saving until validation loss decreases by 0.0001
[2021-10-05 23:10:25,863][core.trainer][INFO] - Computing metrics for 'test' dataset
[2021-10-05 23:11:12,987][core.metrics.meter][INFO] - Meter:
SequenceAccuracy:	0.911
TokenAccuracy:	0.995
LengthAccuracy:	0.936
1st Token Accuracy:	1.000
Average Loss:	0.114
[2021-10-05 23:11:12,987][core.trainer][INFO] - Computing metrics for 'gen' dataset
[2021-10-05 23:12:07,910][core.metrics.meter][INFO] - Meter:
SequenceAccuracy:	0.000
TokenAccuracy:	0.709
LengthAccuracy:	0.971
1st Token Accuracy:	0.001
Average Loss:	1.408
[2021-10-05 23:12:07,910][core.trainer][INFO] - EPOCH 29 / 50
[2021-10-05 23:12:07,910][core.trainer][INFO] - Computing metrics for 'train' dataset
[2021-10-05 23:12:45,205][core.trainer][INFO] - Computing metrics for 'val' dataset
[2021-10-05 23:12:50,077][core.metrics.meter][INFO] - Meter:
SequenceAccuracy:	0.915
TokenAccuracy:	0.996
LengthAccuracy:	0.937
1st Token Accuracy:	1.000
Average Loss:	0.110
[2021-10-05 23:13:27,659][core.trainer][INFO] - Computing metrics for 'val' dataset
[2021-10-05 23:13:32,554][core.metrics.meter][INFO] - Meter:
SequenceAccuracy:	0.919
TokenAccuracy:	0.995
LengthAccuracy:	0.944
1st Token Accuracy:	1.000
Average Loss:	0.105
[2021-10-05 23:13:32,688][core.early_stopping][INFO] - Early stopping counter: 1 / 5
[2021-10-05 23:13:32,737][core.early_stopping][INFO] - Pausing model saving until validation loss decreases by 0.0001
[2021-10-05 23:14:09,774][core.trainer][INFO] - Computing metrics for 'val' dataset
[2021-10-05 23:14:14,622][core.metrics.meter][INFO] - Meter:
SequenceAccuracy:	0.918
TokenAccuracy:	0.995
LengthAccuracy:	0.945
1st Token Accuracy:	1.000
Average Loss:	0.099
[2021-10-05 23:14:52,071][core.trainer][INFO] - Computing metrics for 'val' dataset
[2021-10-05 23:14:56,917][core.metrics.meter][INFO] - Meter:
SequenceAccuracy:	0.907
TokenAccuracy:	0.995
LengthAccuracy:	0.932
1st Token Accuracy:	1.000
Average Loss:	0.118
[2021-10-05 23:14:57,027][core.early_stopping][INFO] - Early stopping counter: 1 / 5
[2021-10-05 23:14:57,077][core.early_stopping][INFO] - Pausing model saving until validation loss decreases by 0.0001
[2021-10-05 23:15:34,439][core.trainer][INFO] - Computing metrics for 'val' dataset
[2021-10-05 23:15:39,291][core.metrics.meter][INFO] - Meter:
SequenceAccuracy:	0.908
TokenAccuracy:	0.995
LengthAccuracy:	0.934
1st Token Accuracy:	1.000
Average Loss:	0.117
[2021-10-05 23:15:39,410][core.early_stopping][INFO] - Early stopping counter: 2 / 5
[2021-10-05 23:15:39,460][core.early_stopping][INFO] - Pausing model saving until validation loss decreases by 0.0001
[2021-10-05 23:16:16,786][core.trainer][INFO] - Computing metrics for 'val' dataset
[2021-10-05 23:16:21,668][core.metrics.meter][INFO] - Meter:
SequenceAccuracy:	0.909
TokenAccuracy:	0.995
LengthAccuracy:	0.936
1st Token Accuracy:	1.000
Average Loss:	0.113
[2021-10-05 23:16:21,797][core.early_stopping][INFO] - Early stopping counter: 3 / 5
[2021-10-05 23:16:21,847][core.early_stopping][INFO] - Pausing model saving until validation loss decreases by 0.0001
[2021-10-05 23:16:58,554][core.trainer][INFO] - Computing metrics for 'val' dataset
[2021-10-05 23:17:03,391][core.metrics.meter][INFO] - Meter:
SequenceAccuracy:	0.919
TokenAccuracy:	0.996
LengthAccuracy:	0.941
1st Token Accuracy:	1.000
Average Loss:	0.101
[2021-10-05 23:17:03,494][core.early_stopping][INFO] - Early stopping counter: 4 / 5
[2021-10-05 23:17:03,545][core.early_stopping][INFO] - Pausing model saving until validation loss decreases by 0.0001
[2021-10-05 23:17:40,764][core.trainer][INFO] - Computing metrics for 'val' dataset
[2021-10-05 23:17:45,639][core.metrics.meter][INFO] - Meter:
SequenceAccuracy:	0.919
TokenAccuracy:	0.996
LengthAccuracy:	0.945
1st Token Accuracy:	1.000
Average Loss:	0.097
[2021-10-05 23:17:45,745][core.early_stopping][INFO] - Early stopping counter: 5 / 5
[2021-10-05 23:17:45,795][core.early_stopping][INFO] - Pausing model saving until validation loss decreases by 0.0001
[2021-10-05 23:17:45,795][core.trainer][INFO] - Computing metrics for 'test' dataset
[2021-10-05 23:18:33,259][core.metrics.meter][INFO] - Meter:
SequenceAccuracy:	0.918
TokenAccuracy:	0.996
LengthAccuracy:	0.940
1st Token Accuracy:	1.000
Average Loss:	0.103
[2021-10-05 23:18:33,259][core.trainer][INFO] - Computing metrics for 'gen' dataset
[2021-10-05 23:19:28,599][core.metrics.meter][INFO] - Meter:
SequenceAccuracy:	0.001
TokenAccuracy:	0.749
LengthAccuracy:	0.980
1st Token Accuracy:	0.002
Average Loss:	1.221
[2021-10-05 23:19:28,600][core.trainer][INFO] - EPOCH 30 / 50
[2021-10-05 23:19:28,600][core.trainer][INFO] - Computing metrics for 'train' dataset
[2021-10-05 23:20:05,901][core.trainer][INFO] - Computing metrics for 'val' dataset
[2021-10-05 23:20:10,747][core.metrics.meter][INFO] - Meter:
SequenceAccuracy:	0.908
TokenAccuracy:	0.996
LengthAccuracy:	0.932
1st Token Accuracy:	1.000
Average Loss:	0.117
[2021-10-05 23:20:10,862][core.early_stopping][INFO] - Early stopping counter: 6 / 5
[2021-10-05 23:20:10,912][core.early_stopping][INFO] - Pausing model saving until validation loss decreases by 0.0001
[2021-10-05 23:20:10,912][core.trainer][INFO] - Computing metrics for 'test' dataset
[2021-10-05 23:20:58,054][core.metrics.meter][INFO] - Meter:
SequenceAccuracy:	0.914
TokenAccuracy:	0.996
LengthAccuracy:	0.937
1st Token Accuracy:	1.000
Average Loss:	0.110
[2021-10-05 23:20:58,054][core.trainer][INFO] - Computing metrics for 'gen' dataset
[2021-10-05 23:21:53,040][core.metrics.meter][INFO] - Meter:
SequenceAccuracy:	0.000
TokenAccuracy:	0.749
LengthAccuracy:	0.983
1st Token Accuracy:	0.001
Average Loss:	1.227
[2021-10-05 23:21:53,040][core.trainer][INFO] - EPOCH 31 / 50
[2021-10-05 23:21:53,040][core.trainer][INFO] - Computing metrics for 'train' dataset
[2021-10-05 23:22:30,498][core.trainer][INFO] - Computing metrics for 'val' dataset
[2021-10-05 23:22:35,394][core.metrics.meter][INFO] - Meter:
SequenceAccuracy:	0.912
TokenAccuracy:	0.996
LengthAccuracy:	0.939
1st Token Accuracy:	1.000
Average Loss:	0.109
[2021-10-05 23:22:35,518][core.early_stopping][INFO] - Early stopping counter: 7 / 5
[2021-10-05 23:22:35,568][core.early_stopping][INFO] - Pausing model saving until validation loss decreases by 0.0001
[2021-10-05 23:22:35,569][core.trainer][INFO] - Computing metrics for 'test' dataset
[2021-10-05 23:23:22,946][core.metrics.meter][INFO] - Meter:
SequenceAccuracy:	0.913
TokenAccuracy:	0.995
LengthAccuracy:	0.935
1st Token Accuracy:	1.000
Average Loss:	0.113
[2021-10-05 23:23:22,946][core.trainer][INFO] - Computing metrics for 'gen' dataset
[2021-10-05 23:24:18,191][core.metrics.meter][INFO] - Meter:
SequenceAccuracy:	0.001
TokenAccuracy:	0.741
LengthAccuracy:	0.981
1st Token Accuracy:	0.002
Average Loss:	1.286
[2021-10-05 23:24:18,191][core.trainer][INFO] - EPOCH 32 / 50
[2021-10-05 23:24:18,191][core.trainer][INFO] - Computing metrics for 'train' dataset
[2021-10-05 23:24:55,316][core.trainer][INFO] - Computing metrics for 'val' dataset
[2021-10-05 23:25:00,195][core.metrics.meter][INFO] - Meter:
SequenceAccuracy:	0.920
TokenAccuracy:	0.996
LengthAccuracy:	0.943
1st Token Accuracy:	1.000
Average Loss:	0.103
[2021-10-05 23:25:00,340][core.early_stopping][INFO] - Early stopping counter: 8 / 5
[2021-10-05 23:25:00,340][core.early_stopping][INFO] - Pausing model saving until validation loss decreases by 0.0001
[2021-10-05 23:25:00,340][core.trainer][INFO] - Computing metrics for 'test' dataset
[2021-10-05 23:25:47,823][core.metrics.meter][INFO] - Meter:
SequenceAccuracy:	0.913
TokenAccuracy:	0.995
LengthAccuracy:	0.938
1st Token Accuracy:	1.000
Average Loss:	0.109
[2021-10-05 23:25:47,824][core.trainer][INFO] - Computing metrics for 'gen' dataset
[2021-10-05 23:26:43,122][core.metrics.meter][INFO] - Meter:
SequenceAccuracy:	0.000
TokenAccuracy:	0.781
LengthAccuracy:	0.984
1st Token Accuracy:	0.002
Average Loss:	1.060
[2021-10-05 23:26:43,122][core.trainer][INFO] - EPOCH 33 / 50
[2021-10-05 23:26:43,122][core.trainer][INFO] - Computing metrics for 'train' dataset
[2021-10-05 23:27:20,395][core.trainer][INFO] - Computing metrics for 'val' dataset
[2021-10-05 23:27:25,246][core.metrics.meter][INFO] - Meter:
SequenceAccuracy:	0.915
TokenAccuracy:	0.996
LengthAccuracy:	0.937
1st Token Accuracy:	1.000
Average Loss:	0.107
[2021-10-05 23:27:25,350][core.early_stopping][INFO] - Early stopping counter: 9 / 5
[2021-10-05 23:27:25,399][core.early_stopping][INFO] - Pausing model saving until validation loss decreases by 0.0001
[2021-10-05 23:27:25,400][core.trainer][INFO] - Computing metrics for 'test' dataset
[2021-10-05 23:28:12,637][core.metrics.meter][INFO] - Meter:
SequenceAccuracy:	0.915
TokenAccuracy:	0.996
LengthAccuracy:	0.937
1st Token Accuracy:	1.000
Average Loss:	0.110
[2021-10-05 23:28:12,637][core.trainer][INFO] - Computing metrics for 'gen' dataset
[2021-10-05 23:29:07,683][core.metrics.meter][INFO] - Meter:
SequenceAccuracy:	0.000
TokenAccuracy:	0.744
LengthAccuracy:	0.983
1st Token Accuracy:	0.001
Average Loss:	1.248
[2021-10-05 23:29:07,683][core.trainer][INFO] - EPOCH 34 / 50
[2021-10-05 23:29:07,683][core.trainer][INFO] - Computing metrics for 'train' dataset
[2021-10-05 23:29:44,930][core.trainer][INFO] - Computing metrics for 'val' dataset
[2021-10-05 23:29:49,805][core.metrics.meter][INFO] - Meter:
SequenceAccuracy:	0.925
TokenAccuracy:	0.996
LengthAccuracy:	0.947
1st Token Accuracy:	1.000
Average Loss:	0.091
[2021-10-05 23:29:49,915][core.early_stopping][INFO] - Early stopping counter: 10 / 5
[2021-10-05 23:29:49,965][core.early_stopping][INFO] - Pausing model saving until validation loss decreases by 0.0001
[2021-10-05 23:29:49,966][core.trainer][INFO] - Computing metrics for 'test' dataset
[2021-10-05 23:30:37,477][core.metrics.meter][INFO] - Meter:
SequenceAccuracy:	0.918
TokenAccuracy:	0.996
LengthAccuracy:	0.940
1st Token Accuracy:	1.000
Average Loss:	0.105
[2021-10-05 23:30:37,477][core.trainer][INFO] - Computing metrics for 'gen' dataset
[2021-10-05 23:31:32,942][core.metrics.meter][INFO] - Meter:
SequenceAccuracy:	0.001
TokenAccuracy:	0.744
LengthAccuracy:	0.984
1st Token Accuracy:	0.002
Average Loss:	1.249
[2021-10-05 23:31:32,942][core.trainer][INFO] - EPOCH 35 / 50
[2021-10-05 23:31:32,942][core.trainer][INFO] - Computing metrics for 'train' dataset
[2021-10-05 23:32:10,041][core.trainer][INFO] - Computing metrics for 'val' dataset
[2021-10-05 23:32:14,881][core.metrics.meter][INFO] - Meter:
SequenceAccuracy:	0.917
TokenAccuracy:	0.996
LengthAccuracy:	0.941
1st Token Accuracy:	1.000
Average Loss:	0.106
[2021-10-05 23:32:15,000][core.early_stopping][INFO] - Early stopping counter: 11 / 5
[2021-10-05 23:32:15,050][core.early_stopping][INFO] - Pausing model saving until validation loss decreases by 0.0001
[2021-10-05 23:32:15,050][core.trainer][INFO] - Computing metrics for 'test' dataset
[2021-10-05 23:33:02,212][core.metrics.meter][INFO] - Meter:
SequenceAccuracy:	0.913
TokenAccuracy:	0.996
LengthAccuracy:	0.935
1st Token Accuracy:	1.000
Average Loss:	0.113
[2021-10-05 23:33:02,213][core.trainer][INFO] - Computing metrics for 'gen' dataset
[2021-10-05 23:33:57,283][core.metrics.meter][INFO] - Meter:
SequenceAccuracy:	0.000
TokenAccuracy:	0.752
LengthAccuracy:	0.983
1st Token Accuracy:	0.002
Average Loss:	1.213
[2021-10-05 23:33:57,284][core.trainer][INFO] - EPOCH 36 / 50
[2021-10-05 23:33:57,284][core.trainer][INFO] - Computing metrics for 'train' dataset
[2021-10-05 23:34:34,608][core.trainer][INFO] - Computing metrics for 'val' dataset
[2021-10-05 23:34:40,814][core.metrics.meter][INFO] - Meter:
SequenceAccuracy:	0.916
TokenAccuracy:	0.995
LengthAccuracy:	0.942
1st Token Accuracy:	1.000
Average Loss:	0.100
[2021-10-05 23:34:40,943][core.early_stopping][INFO] - Early stopping counter: 12 / 5
[2021-10-05 23:34:40,993][core.early_stopping][INFO] - Pausing model saving until validation loss decreases by 0.0001
[2021-10-05 23:34:40,993][core.trainer][INFO] - Computing metrics for 'test' dataset
[2021-10-05 23:35:41,370][core.metrics.meter][INFO] - Meter:
SequenceAccuracy:	0.924
TokenAccuracy:	0.996
LengthAccuracy:	0.946
1st Token Accuracy:	1.000
Average Loss:	0.095
[2021-10-05 23:35:41,370][core.trainer][INFO] - Computing metrics for 'gen' dataset
[2021-10-05 23:36:51,741][core.metrics.meter][INFO] - Meter:
SequenceAccuracy:	0.000
TokenAccuracy:	0.740
LengthAccuracy:	0.984
1st Token Accuracy:	0.001
Average Loss:	1.283
[2021-10-05 23:36:51,742][core.trainer][INFO] - EPOCH 37 / 50
[2021-10-05 23:36:51,742][core.trainer][INFO] - Computing metrics for 'train' dataset
[2021-10-05 23:37:28,914][core.trainer][INFO] - Computing metrics for 'val' dataset
[2021-10-05 23:37:33,765][core.metrics.meter][INFO] - Meter:
SequenceAccuracy:	0.922
TokenAccuracy:	0.996
LengthAccuracy:	0.944
1st Token Accuracy:	1.000
Average Loss:	0.097
[2021-10-05 23:37:33,877][core.early_stopping][INFO] - Early stopping counter: 13 / 5
[2021-10-05 23:37:33,926][core.early_stopping][INFO] - Pausing model saving until validation loss decreases by 0.0001
[2021-10-05 23:37:33,926][core.trainer][INFO] - Computing metrics for 'test' dataset
[2021-10-05 23:38:21,055][core.metrics.meter][INFO] - Meter:
SequenceAccuracy:	0.917
TokenAccuracy:	0.996
LengthAccuracy:	0.938
1st Token Accuracy:	1.000
Average Loss:	0.107
[2021-10-05 23:38:21,055][core.trainer][INFO] - Computing metrics for 'gen' dataset
[2021-10-05 23:39:16,023][core.metrics.meter][INFO] - Meter:
SequenceAccuracy:	0.000
TokenAccuracy:	0.749
LengthAccuracy:	0.982
1st Token Accuracy:	0.001
Average Loss:	1.244
[2021-10-05 23:39:16,023][core.trainer][INFO] - EPOCH 38 / 50
[2021-10-05 23:39:16,023][core.trainer][INFO] - Computing metrics for 'train' dataset
[2021-10-05 23:39:53,184][core.trainer][INFO] - Computing metrics for 'val' dataset
[2021-10-05 23:39:58,076][core.metrics.meter][INFO] - Meter:
SequenceAccuracy:	0.924
TokenAccuracy:	0.996
LengthAccuracy:	0.944
1st Token Accuracy:	1.000
Average Loss:	0.100
[2021-10-05 23:39:58,198][core.early_stopping][INFO] - Early stopping counter: 14 / 5
[2021-10-05 23:39:58,247][core.early_stopping][INFO] - Pausing model saving until validation loss decreases by 0.0001
[2021-10-05 23:39:58,248][core.trainer][INFO] - Computing metrics for 'test' dataset
[2021-10-05 23:40:45,720][core.metrics.meter][INFO] - Meter:
SequenceAccuracy:	0.919
TokenAccuracy:	0.996
LengthAccuracy:	0.942
1st Token Accuracy:	1.000
Average Loss:	0.100
[2021-10-05 23:40:45,721][core.trainer][INFO] - Computing metrics for 'gen' dataset
[2021-10-05 23:41:41,107][core.metrics.meter][INFO] - Meter:
SequenceAccuracy:	0.000
TokenAccuracy:	0.743
LengthAccuracy:	0.983
1st Token Accuracy:	0.001
Average Loss:	1.272
[2021-10-05 23:41:41,107][core.trainer][INFO] - EPOCH 39 / 50
[2021-10-05 23:41:41,108][core.trainer][INFO] - Computing metrics for 'train' dataset
[2021-10-05 23:42:18,499][core.trainer][INFO] - Computing metrics for 'val' dataset
[2021-10-05 23:42:23,369][core.metrics.meter][INFO] - Meter:
SequenceAccuracy:	0.919
TokenAccuracy:	0.996
LengthAccuracy:	0.940
1st Token Accuracy:	1.000
Average Loss:	0.101
[2021-10-05 23:42:23,503][core.early_stopping][INFO] - Early stopping counter: 15 / 5
[2021-10-05 23:42:23,552][core.early_stopping][INFO] - Pausing model saving until validation loss decreases by 0.0001
[2021-10-05 23:42:23,553][core.trainer][INFO] - Computing metrics for 'test' dataset
[2021-10-05 23:43:10,802][core.metrics.meter][INFO] - Meter:
SequenceAccuracy:	0.915
TokenAccuracy:	0.996
LengthAccuracy:	0.937
1st Token Accuracy:	1.000
Average Loss:	0.108
[2021-10-05 23:43:10,802][core.trainer][INFO] - Computing metrics for 'gen' dataset
[2021-10-05 23:44:05,871][core.metrics.meter][INFO] - Meter:
SequenceAccuracy:	0.000
TokenAccuracy:	0.756
LengthAccuracy:	0.983
1st Token Accuracy:	0.001
Average Loss:	1.205
[2021-10-05 23:44:05,872][core.trainer][INFO] - EPOCH 40 / 50
[2021-10-05 23:44:05,872][core.trainer][INFO] - Computing metrics for 'train' dataset
[2021-10-05 23:44:42,905][core.trainer][INFO] - Computing metrics for 'val' dataset
[2021-10-05 23:44:47,749][core.metrics.meter][INFO] - Meter:
SequenceAccuracy:	0.917
TokenAccuracy:	0.996
LengthAccuracy:	0.941
1st Token Accuracy:	1.000
Average Loss:	0.099
[2021-10-05 23:44:47,894][core.early_stopping][INFO] - Early stopping counter: 16 / 5
[2021-10-05 23:44:47,894][core.early_stopping][INFO] - Pausing model saving until validation loss decreases by 0.0001
[2021-10-05 23:44:47,894][core.trainer][INFO] - Computing metrics for 'test' dataset
[2021-10-05 23:45:35,047][core.metrics.meter][INFO] - Meter:
SequenceAccuracy:	0.919
TokenAccuracy:	0.996
LengthAccuracy:	0.941
1st Token Accuracy:	1.000
Average Loss:	0.103
[2021-10-05 23:45:35,047][core.trainer][INFO] - Computing metrics for 'gen' dataset
[2021-10-05 23:46:30,024][core.metrics.meter][INFO] - Meter:
SequenceAccuracy:	0.000
TokenAccuracy:	0.755
LengthAccuracy:	0.984
1st Token Accuracy:	0.001
Average Loss:	1.230
[2021-10-05 23:46:30,025][core.trainer][INFO] - EPOCH 41 / 50
[2021-10-05 23:46:30,025][core.trainer][INFO] - Computing metrics for 'train' dataset
[2021-10-05 23:47:07,221][core.trainer][INFO] - Computing metrics for 'val' dataset
[2021-10-05 23:47:13,410][core.metrics.meter][INFO] - Meter:
SequenceAccuracy:	0.921
TokenAccuracy:	0.996
LengthAccuracy:	0.943
1st Token Accuracy:	1.000
Average Loss:	0.097
[2021-10-05 23:47:13,518][core.early_stopping][INFO] - Early stopping counter: 17 / 5
[2021-10-05 23:47:13,568][core.early_stopping][INFO] - Pausing model saving until validation loss decreases by 0.0001
[2021-10-05 23:47:13,568][core.trainer][INFO] - Computing metrics for 'test' dataset
[2021-10-05 23:48:13,922][core.metrics.meter][INFO] - Meter:
SequenceAccuracy:	0.915
TokenAccuracy:	0.995
LengthAccuracy:	0.940
1st Token Accuracy:	1.000
Average Loss:	0.107
[2021-10-05 23:48:13,923][core.trainer][INFO] - Computing metrics for 'gen' dataset
[2021-10-05 23:49:24,179][core.metrics.meter][INFO] - Meter:
SequenceAccuracy:	0.000
TokenAccuracy:	0.675
LengthAccuracy:	0.933
1st Token Accuracy:	0.002
Average Loss:	1.693
[2021-10-05 23:49:24,181][core.trainer][INFO] - EPOCH 42 / 50
[2021-10-05 23:49:24,181][core.trainer][INFO] - Computing metrics for 'train' dataset
[2021-10-05 23:50:01,267][core.trainer][INFO] - Computing metrics for 'val' dataset
[2021-10-05 23:50:07,476][core.metrics.meter][INFO] - Meter:
SequenceAccuracy:	0.922
TokenAccuracy:	0.996
LengthAccuracy:	0.943
1st Token Accuracy:	1.000
Average Loss:	0.096
[2021-10-05 23:50:07,592][core.early_stopping][INFO] - Early stopping counter: 18 / 5
[2021-10-05 23:50:07,643][core.early_stopping][INFO] - Pausing model saving until validation loss decreases by 0.0001
[2021-10-05 23:50:07,643][core.trainer][INFO] - Computing metrics for 'test' dataset
[2021-10-05 23:51:08,062][core.metrics.meter][INFO] - Meter:
SequenceAccuracy:	0.918
TokenAccuracy:	0.996
LengthAccuracy:	0.939
1st Token Accuracy:	1.000
Average Loss:	0.105
[2021-10-05 23:51:08,062][core.trainer][INFO] - Computing metrics for 'gen' dataset
[2021-10-05 23:52:18,564][core.metrics.meter][INFO] - Meter:
SequenceAccuracy:	0.000
TokenAccuracy:	0.733
LengthAccuracy:	0.981
1st Token Accuracy:	0.001
Average Loss:	1.325
[2021-10-05 23:52:18,565][core.trainer][INFO] - EPOCH 43 / 50
[2021-10-05 23:52:18,565][core.trainer][INFO] - Computing metrics for 'train' dataset
[2021-10-05 23:52:55,749][core.trainer][INFO] - Computing metrics for 'val' dataset
[2021-10-05 23:53:01,939][core.metrics.meter][INFO] - Meter:
SequenceAccuracy:	0.918
TokenAccuracy:	0.997
LengthAccuracy:	0.937
1st Token Accuracy:	1.000
Average Loss:	0.109
[2021-10-05 23:53:02,057][core.early_stopping][INFO] - Early stopping counter: 19 / 5
[2021-10-05 23:53:02,106][core.early_stopping][INFO] - Pausing model saving until validation loss decreases by 0.0001
[2021-10-05 23:53:02,107][core.trainer][INFO] - Computing metrics for 'test' dataset
[2021-10-05 23:54:02,516][core.metrics.meter][INFO] - Meter:
SequenceAccuracy:	0.923
TokenAccuracy:	0.997
LengthAccuracy:	0.943
1st Token Accuracy:	1.000
Average Loss:	0.101
[2021-10-05 23:54:02,516][core.trainer][INFO] - Computing metrics for 'gen' dataset
[2021-10-05 23:55:12,968][core.metrics.meter][INFO] - Meter:
SequenceAccuracy:	0.000
TokenAccuracy:	0.751
LengthAccuracy:	0.985
1st Token Accuracy:	0.001
Average Loss:	1.245
[2021-10-05 23:55:12,969][core.trainer][INFO] - EPOCH 44 / 50
[2021-10-05 23:55:12,969][core.trainer][INFO] - Computing metrics for 'train' dataset
[2021-10-05 23:55:50,097][core.trainer][INFO] - Computing metrics for 'val' dataset
[2021-10-05 23:55:54,984][core.metrics.meter][INFO] - Meter:
SequenceAccuracy:	0.921
TokenAccuracy:	0.997
LengthAccuracy:	0.941
1st Token Accuracy:	1.000
Average Loss:	0.101
[2021-10-05 23:55:55,089][core.early_stopping][INFO] - Early stopping counter: 20 / 5
[2021-10-05 23:55:55,138][core.early_stopping][INFO] - Pausing model saving until validation loss decreases by 0.0001
[2021-10-05 23:55:55,138][core.trainer][INFO] - Computing metrics for 'test' dataset
[2021-10-05 23:56:42,551][core.metrics.meter][INFO] - Meter:
SequenceAccuracy:	0.918
TokenAccuracy:	0.996
LengthAccuracy:	0.938
1st Token Accuracy:	1.000
Average Loss:	0.108
[2021-10-05 23:56:42,551][core.trainer][INFO] - Computing metrics for 'gen' dataset
[2021-10-05 23:57:37,873][core.metrics.meter][INFO] - Meter:
SequenceAccuracy:	0.000
TokenAccuracy:	0.731
LengthAccuracy:	0.979
1st Token Accuracy:	0.002
Average Loss:	1.363
[2021-10-05 23:57:37,873][core.trainer][INFO] - EPOCH 45 / 50
[2021-10-05 23:57:37,873][core.trainer][INFO] - Computing metrics for 'train' dataset
[2021-10-05 23:58:14,860][core.trainer][INFO] - Computing metrics for 'val' dataset
[2021-10-05 23:58:19,721][core.metrics.meter][INFO] - Meter:
SequenceAccuracy:	0.924
TokenAccuracy:	0.997
LengthAccuracy:	0.945
1st Token Accuracy:	1.000
Average Loss:	0.097
[2021-10-05 23:58:19,834][core.early_stopping][INFO] - Early stopping counter: 21 / 5
[2021-10-05 23:58:19,884][core.early_stopping][INFO] - Pausing model saving until validation loss decreases by 0.0001
[2021-10-05 23:58:19,884][core.trainer][INFO] - Computing metrics for 'test' dataset
[2021-10-05 23:59:07,047][core.metrics.meter][INFO] - Meter:
SequenceAccuracy:	0.921
TokenAccuracy:	0.996
LengthAccuracy:	0.942
1st Token Accuracy:	1.000
Average Loss:	0.102
[2021-10-05 23:59:07,047][core.trainer][INFO] - Computing metrics for 'gen' dataset
[2021-10-06 00:00:02,108][core.metrics.meter][INFO] - Meter:
SequenceAccuracy:	0.000
TokenAccuracy:	0.718
LengthAccuracy:	0.979
1st Token Accuracy:	0.001
Average Loss:	1.438
[2021-10-06 00:00:02,108][core.trainer][INFO] - EPOCH 46 / 50
[2021-10-06 00:00:02,109][core.trainer][INFO] - Computing metrics for 'train' dataset
[2021-10-06 00:00:39,382][core.trainer][INFO] - Computing metrics for 'val' dataset
[2021-10-06 00:00:44,232][core.metrics.meter][INFO] - Meter:
SequenceAccuracy:	0.911
TokenAccuracy:	0.995
LengthAccuracy:	0.937
1st Token Accuracy:	1.000
Average Loss:	0.113
[2021-10-06 00:00:44,356][core.early_stopping][INFO] - Early stopping counter: 22 / 5
[2021-10-06 00:00:44,405][core.early_stopping][INFO] - Pausing model saving until validation loss decreases by 0.0001
[2021-10-06 00:00:44,406][core.trainer][INFO] - Computing metrics for 'test' dataset
[2021-10-06 00:01:31,611][core.metrics.meter][INFO] - Meter:
SequenceAccuracy:	0.921
TokenAccuracy:	0.996
LengthAccuracy:	0.942
1st Token Accuracy:	1.000
Average Loss:	0.099
[2021-10-06 00:01:31,612][core.trainer][INFO] - Computing metrics for 'gen' dataset
[2021-10-06 00:02:26,718][core.metrics.meter][INFO] - Meter:
SequenceAccuracy:	0.000
TokenAccuracy:	0.760
LengthAccuracy:	0.984
1st Token Accuracy:	0.001
Average Loss:	1.196
[2021-10-06 00:02:26,718][core.trainer][INFO] - EPOCH 47 / 50
[2021-10-06 00:02:26,718][core.trainer][INFO] - Computing metrics for 'train' dataset
[2021-10-06 00:03:04,043][core.trainer][INFO] - Computing metrics for 'val' dataset
[2021-10-06 00:03:10,244][core.metrics.meter][INFO] - Meter:
SequenceAccuracy:	0.917
TokenAccuracy:	0.996
LengthAccuracy:	0.938
1st Token Accuracy:	1.000
Average Loss:	0.104
[2021-10-06 00:03:10,379][core.early_stopping][INFO] - Early stopping counter: 23 / 5
[2021-10-06 00:03:10,428][core.early_stopping][INFO] - Pausing model saving until validation loss decreases by 0.0001
[2021-10-06 00:03:10,429][core.trainer][INFO] - Computing metrics for 'test' dataset
[2021-10-06 00:04:10,978][core.metrics.meter][INFO] - Meter:
SequenceAccuracy:	0.917
TokenAccuracy:	0.996
LengthAccuracy:	0.938
1st Token Accuracy:	1.000
Average Loss:	0.106
[2021-10-06 00:04:10,979][core.trainer][INFO] - Computing metrics for 'gen' dataset
[2021-10-06 00:05:21,603][core.metrics.meter][INFO] - Meter:
SequenceAccuracy:	0.001
TokenAccuracy:	0.743
LengthAccuracy:	0.980
1st Token Accuracy:	0.002
Average Loss:	1.286
[2021-10-06 00:05:21,603][core.trainer][INFO] - EPOCH 48 / 50
[2021-10-06 00:05:21,603][core.trainer][INFO] - Computing metrics for 'train' dataset
[2021-10-06 00:05:58,740][core.trainer][INFO] - Computing metrics for 'val' dataset
[2021-10-06 00:06:03,625][core.metrics.meter][INFO] - Meter:
SequenceAccuracy:	0.915
TokenAccuracy:	0.997
LengthAccuracy:	0.937
1st Token Accuracy:	1.000
Average Loss:	0.107
[2021-10-06 00:06:03,739][core.early_stopping][INFO] - Early stopping counter: 24 / 5
[2021-10-06 00:06:03,788][core.early_stopping][INFO] - Pausing model saving until validation loss decreases by 0.0001
[2021-10-06 00:06:03,789][core.trainer][INFO] - Computing metrics for 'test' dataset
[2021-10-06 00:06:51,324][core.metrics.meter][INFO] - Meter:
SequenceAccuracy:	0.914
TokenAccuracy:	0.996
LengthAccuracy:	0.935
1st Token Accuracy:	1.000
Average Loss:	0.111
[2021-10-06 00:06:51,325][core.trainer][INFO] - Computing metrics for 'gen' dataset
[2021-10-06 00:07:46,773][core.metrics.meter][INFO] - Meter:
SequenceAccuracy:	0.000
TokenAccuracy:	0.725
LengthAccuracy:	0.981
1st Token Accuracy:	0.002
Average Loss:	1.386
[2021-10-06 00:07:46,773][core.trainer][INFO] - EPOCH 49 / 50
[2021-10-06 00:07:46,774][core.trainer][INFO] - Computing metrics for 'train' dataset
[2021-10-06 00:08:24,011][core.trainer][INFO] - Computing metrics for 'val' dataset
[2021-10-06 00:08:28,868][core.metrics.meter][INFO] - Meter:
SequenceAccuracy:	0.917
TokenAccuracy:	0.996
LengthAccuracy:	0.939
1st Token Accuracy:	1.000
Average Loss:	0.104
[2021-10-06 00:08:29,039][core.early_stopping][INFO] - Early stopping counter: 25 / 5
[2021-10-06 00:08:29,039][core.early_stopping][INFO] - Pausing model saving until validation loss decreases by 0.0001
[2021-10-06 00:08:29,039][core.trainer][INFO] - Computing metrics for 'test' dataset
[2021-10-06 00:09:16,241][core.metrics.meter][INFO] - Meter:
SequenceAccuracy:	0.924
TokenAccuracy:	0.996
LengthAccuracy:	0.944
1st Token Accuracy:	1.000
Average Loss:	0.098
[2021-10-06 00:09:16,255][core.trainer][INFO] - Computing metrics for 'gen' dataset
[2021-10-06 00:10:11,311][core.metrics.meter][INFO] - Meter:
SequenceAccuracy:	0.000
TokenAccuracy:	0.744
LengthAccuracy:	0.985
1st Token Accuracy:	0.001
Average Loss:	1.283
[2021-10-06 00:10:11,311][core.trainer][INFO] - EPOCH 50 / 50
[2021-10-06 00:10:11,312][core.trainer][INFO] - Computing metrics for 'train' dataset
[2021-10-06 00:10:48,391][core.trainer][INFO] - Computing metrics for 'val' dataset
[2021-10-06 00:10:53,266][core.metrics.meter][INFO] - Meter:
SequenceAccuracy:	0.914
TokenAccuracy:	0.997
LengthAccuracy:	0.936
1st Token Accuracy:	1.000
Average Loss:	0.109
[2021-10-06 00:10:53,369][core.early_stopping][INFO] - Early stopping counter: 26 / 5
[2021-10-06 00:10:53,434][core.early_stopping][INFO] - Pausing model saving until validation loss decreases by 0.0001
[2021-10-06 00:10:53,434][core.trainer][INFO] - Computing metrics for 'test' dataset
[2021-10-06 00:11:41,019][core.metrics.meter][INFO] - Meter:
SequenceAccuracy:	0.920
TokenAccuracy:	0.997
LengthAccuracy:	0.941
1st Token Accuracy:	1.000
Average Loss:	0.102
[2021-10-06 00:11:41,019][core.trainer][INFO] - Computing metrics for 'gen' dataset
[2021-10-06 00:12:36,453][core.metrics.meter][INFO] - Meter:
SequenceAccuracy:	0.000
TokenAccuracy:	0.737
LengthAccuracy:	0.983
1st Token Accuracy:	0.001
Average Loss:	1.325
