experiment:
  dataset:
    name: ms-passivization-de
    input: ms-passivization.tsv
    source_format: sequence
    target_format: sequence
    overwrite: false
    transform_field: target
    splits:
      train: 80
      test: 10
      val: 10
  hyperparameters:
    epochs: 50
    batch_size: 5
    lr: 0.001
    tolerance: 0.0001
    num_iters_eval: 1000
    min_iters: 30000
    patience: 5
    tf_ratio: 0.5
    cuda: 0
  model:
    name: LSTM-Multiplicative
    encoder:
      unit: LSTM
      type: sequence
      dropout: 0
      num_layers: 1
      hidden_size: 256
      max_length: 0
      embedding_size: 256
      bidirectional: false
    decoder:
      unit: LSTM
      type: sequence
      dropout: 0
      num_layers: 1
      max_length: 30
      hidden_size: 256
      attention: Multiplicative
      embedding_size: 256
  name: passiv-de-lstm-1layer
pretty_print: true

[2021-10-26 19:04:58,449][core.trainer][INFO] - DEVICE: cuda
[2021-10-26 19:04:58,450][core.dataset.base_dataset][INFO] - Initializing dataset
[2021-10-26 19:04:58,451][core.dataset.base_dataset][INFO] - Constructing fields from dataset.
[2021-10-26 19:05:01,410][core.trainer][INFO] - TransductionDataset(
 splits: [val (1000 sequences), train (100000 sequences), test (10000 sequences), gen (10000 sequences)]
 fields: [source, annotation, target]
)
[2021-10-26 19:05:01,412][core.models.base_model][INFO] - Initializing model
[2021-10-26 19:05:04,897][core.trainer][INFO] - TransductionModel(
  (_encoder): TransductionSequenceEncoder(
    (module): Sequential(
      (0): Embedding(83, 256)
      (1): LSTM(256, 256)
    )
  )
  (_decoder): LSTMSequenceDecoder(
    (_embedding): Embedding(97, 256)
    (_unit): LSTM(512, 256)
    (_out): Linear(in_features=256, out_features=97, bias=True)
    (_attention): MultiplicativeAttention(
      (key_map): Linear(in_features=256, out_features=256, bias=True)
      (val_map): Linear(in_features=256, out_features=256, bias=True)
    )
  )
)
[2021-10-26 19:05:05,009][core.trainer][INFO] - Beginning training
[2021-10-26 19:05:05,033][core.metrics.meter][INFO] - Logging with tensorboard; view with `tensorboard --logdir=/scratch/lw2534/lab/transductions/outputs/passiv-de-lstm-1layer/LSTM-Multiplicative/2021-10-26_19-04-57/tensorboard`
[2021-10-26 19:05:05,034][core.trainer][INFO] - EPOCH 1 / 50
[2021-10-26 19:05:05,034][core.trainer][INFO] - Computing metrics for 'train' dataset
[2021-10-26 19:05:20,636][core.trainer][INFO] - Computing metrics for 'val' dataset
[2021-10-26 19:05:21,999][core.metrics.meter][INFO] - Meter:
SequenceAccuracy:	0.000
TokenAccuracy:	0.095
LengthAccuracy:	0.412
1st Token Accuracy:	0.000
2nd Token Accuracy:	0.006
Average Loss:	4.518
[2021-10-26 19:05:36,851][core.trainer][INFO] - Computing metrics for 'val' dataset
[2021-10-26 19:05:38,237][core.metrics.meter][INFO] - Meter:
SequenceAccuracy:	0.000
TokenAccuracy:	0.125
LengthAccuracy:	0.233
1st Token Accuracy:	0.000
2nd Token Accuracy:	0.000
Average Loss:	4.428
[2021-10-26 19:05:53,904][core.trainer][INFO] - Computing metrics for 'val' dataset
[2021-10-26 19:05:55,213][core.metrics.meter][INFO] - Meter:
SequenceAccuracy:	0.000
TokenAccuracy:	0.119
LengthAccuracy:	0.350
1st Token Accuracy:	0.000
2nd Token Accuracy:	0.000
Average Loss:	4.315
[2021-10-26 19:06:09,764][core.trainer][INFO] - Computing metrics for 'val' dataset
[2021-10-26 19:06:10,843][core.metrics.meter][INFO] - Meter:
SequenceAccuracy:	0.000
TokenAccuracy:	0.109
LengthAccuracy:	0.294
1st Token Accuracy:	0.000
2nd Token Accuracy:	0.000
Average Loss:	4.218
[2021-10-26 19:06:24,657][core.trainer][INFO] - Computing metrics for 'val' dataset
[2021-10-26 19:06:25,737][core.metrics.meter][INFO] - Meter:
SequenceAccuracy:	0.000
TokenAccuracy:	0.108
LengthAccuracy:	0.204
1st Token Accuracy:	0.000
2nd Token Accuracy:	0.000
Average Loss:	4.140
[2021-10-26 19:06:38,382][core.trainer][INFO] - Computing metrics for 'val' dataset
[2021-10-26 19:06:39,390][core.metrics.meter][INFO] - Meter:
SequenceAccuracy:	0.000
TokenAccuracy:	0.105
LengthAccuracy:	0.096
1st Token Accuracy:	0.000
2nd Token Accuracy:	0.000
Average Loss:	4.094
[2021-10-26 19:06:51,697][core.trainer][INFO] - Computing metrics for 'val' dataset
[2021-10-26 19:06:52,833][core.metrics.meter][INFO] - Meter:
SequenceAccuracy:	0.000
TokenAccuracy:	0.106
LengthAccuracy:	0.046
1st Token Accuracy:	0.000
2nd Token Accuracy:	0.000
Average Loss:	4.067
[2021-10-26 19:07:05,696][core.trainer][INFO] - Computing metrics for 'val' dataset
[2021-10-26 19:07:06,945][core.metrics.meter][INFO] - Meter:
SequenceAccuracy:	0.000
TokenAccuracy:	0.121
LengthAccuracy:	0.097
1st Token Accuracy:	0.000
2nd Token Accuracy:	0.000
Average Loss:	4.029
[2021-10-26 19:07:20,119][core.trainer][INFO] - Computing metrics for 'val' dataset
[2021-10-26 19:07:21,385][core.metrics.meter][INFO] - Meter:
SequenceAccuracy:	0.000
TokenAccuracy:	0.125
LengthAccuracy:	0.116
1st Token Accuracy:	0.000
2nd Token Accuracy:	0.000
Average Loss:	4.001
[2021-10-26 19:07:34,531][core.trainer][INFO] - Computing metrics for 'val' dataset
[2021-10-26 19:07:35,797][core.metrics.meter][INFO] - Meter:
SequenceAccuracy:	0.000
TokenAccuracy:	0.125
LengthAccuracy:	0.122
1st Token Accuracy:	0.000
2nd Token Accuracy:	0.000
Average Loss:	3.977
[2021-10-26 19:07:49,304][core.trainer][INFO] - Computing metrics for 'val' dataset
[2021-10-26 19:07:50,565][core.metrics.meter][INFO] - Meter:
SequenceAccuracy:	0.000
TokenAccuracy:	0.127
LengthAccuracy:	0.130
1st Token Accuracy:	0.000
2nd Token Accuracy:	0.000
Average Loss:	3.957
[2021-10-26 19:08:04,325][core.trainer][INFO] - Computing metrics for 'val' dataset
[2021-10-26 19:08:05,550][core.metrics.meter][INFO] - Meter:
SequenceAccuracy:	0.000
TokenAccuracy:	0.126
LengthAccuracy:	0.127
1st Token Accuracy:	0.000
2nd Token Accuracy:	0.000
Average Loss:	3.940
[2021-10-26 19:08:18,856][core.trainer][INFO] - Computing metrics for 'val' dataset
[2021-10-26 19:08:20,088][core.metrics.meter][INFO] - Meter:
SequenceAccuracy:	0.000
TokenAccuracy:	0.127
LengthAccuracy:	0.128
1st Token Accuracy:	0.000
2nd Token Accuracy:	0.000
Average Loss:	3.925
[2021-10-26 19:08:33,315][core.trainer][INFO] - Computing metrics for 'val' dataset
[2021-10-26 19:08:34,582][core.metrics.meter][INFO] - Meter:
SequenceAccuracy:	0.000
TokenAccuracy:	0.127
LengthAccuracy:	0.128
1st Token Accuracy:	0.000
2nd Token Accuracy:	0.000
Average Loss:	3.910
[2021-10-26 19:08:48,046][core.trainer][INFO] - Computing metrics for 'val' dataset
[2021-10-26 19:08:49,300][core.metrics.meter][INFO] - Meter:
SequenceAccuracy:	0.000
TokenAccuracy:	0.127
LengthAccuracy:	0.127
1st Token Accuracy:	0.000
2nd Token Accuracy:	0.004
Average Loss:	3.899
[2021-10-26 19:09:02,368][core.trainer][INFO] - Computing metrics for 'val' dataset
[2021-10-26 19:09:03,645][core.metrics.meter][INFO] - Meter:
SequenceAccuracy:	0.000
TokenAccuracy:	0.126
LengthAccuracy:	0.119
1st Token Accuracy:	0.000
2nd Token Accuracy:	0.012
Average Loss:	3.891
[2021-10-26 19:09:17,022][core.trainer][INFO] - Computing metrics for 'val' dataset
[2021-10-26 19:09:18,209][core.metrics.meter][INFO] - Meter:
SequenceAccuracy:	0.000
TokenAccuracy:	0.123
LengthAccuracy:	0.099
1st Token Accuracy:	0.000
2nd Token Accuracy:	0.008
Average Loss:	3.885
[2021-10-26 19:09:18,288][core.early_stopping][INFO] - Early stopping counter: 1 / 5
[2021-10-26 19:09:18,326][core.early_stopping][INFO] - Pausing model saving until validation loss decreases by 0.0001
[2021-10-26 19:09:31,233][core.trainer][INFO] - Computing metrics for 'val' dataset
[2021-10-26 19:09:32,417][core.metrics.meter][INFO] - Meter:
SequenceAccuracy:	0.000
TokenAccuracy:	0.124
LengthAccuracy:	0.105
1st Token Accuracy:	0.001
2nd Token Accuracy:	0.004
Average Loss:	3.872
[2021-10-26 19:09:32,496][core.early_stopping][INFO] - Early stopping counter: 2 / 5
[2021-10-26 19:09:32,532][core.early_stopping][INFO] - Pausing model saving until validation loss decreases by 0.0001
[2021-10-26 19:09:45,541][core.trainer][INFO] - Computing metrics for 'val' dataset
[2021-10-26 19:09:46,747][core.metrics.meter][INFO] - Meter:
SequenceAccuracy:	0.000
TokenAccuracy:	0.125
LengthAccuracy:	0.107
1st Token Accuracy:	0.007
2nd Token Accuracy:	0.009
Average Loss:	3.861
[2021-10-26 19:10:00,066][core.trainer][INFO] - Computing metrics for 'val' dataset
[2021-10-26 19:10:01,241][core.metrics.meter][INFO] - Meter:
SequenceAccuracy:	0.000
TokenAccuracy:	0.127
LengthAccuracy:	0.103
1st Token Accuracy:	0.025
2nd Token Accuracy:	0.018
Average Loss:	3.855
[2021-10-26 19:10:01,543][core.trainer][INFO] - Computing metrics for 'test' dataset
[2021-10-26 19:10:12,735][core.metrics.meter][INFO] - Meter:
SequenceAccuracy:	0.000
TokenAccuracy:	0.124
LengthAccuracy:	0.079
1st Token Accuracy:	0.034
2nd Token Accuracy:	0.006
Average Loss:	3.853
[2021-10-26 19:10:12,736][core.trainer][INFO] - Computing metrics for 'gen' dataset
[2021-10-26 19:10:23,659][core.metrics.meter][INFO] - Meter:
SequenceAccuracy:	0.000
TokenAccuracy:	0.117
LengthAccuracy:	0.000
1st Token Accuracy:	0.086
2nd Token Accuracy:	0.001
Average Loss:	3.979
[2021-10-26 19:10:23,661][core.trainer][INFO] - EPOCH 2 / 50
[2021-10-26 19:10:23,661][core.trainer][INFO] - Computing metrics for 'train' dataset
[2021-10-26 19:10:36,332][core.trainer][INFO] - Computing metrics for 'val' dataset
[2021-10-26 19:10:37,590][core.metrics.meter][INFO] - Meter:
SequenceAccuracy:	0.000
TokenAccuracy:	0.133
LengthAccuracy:	0.111
1st Token Accuracy:	0.054
2nd Token Accuracy:	0.044
Average Loss:	3.841
[2021-10-26 19:10:50,599][core.trainer][INFO] - Computing metrics for 'val' dataset
[2021-10-26 19:10:51,829][core.metrics.meter][INFO] - Meter:
SequenceAccuracy:	0.000
TokenAccuracy:	0.141
LengthAccuracy:	0.115
1st Token Accuracy:	0.087
2nd Token Accuracy:	0.069
Average Loss:	3.820
[2021-10-26 19:11:05,078][core.trainer][INFO] - Computing metrics for 'val' dataset
[2021-10-26 19:11:06,280][core.metrics.meter][INFO] - Meter:
SequenceAccuracy:	0.000
TokenAccuracy:	0.139
LengthAccuracy:	0.105
1st Token Accuracy:	0.089
2nd Token Accuracy:	0.067
Average Loss:	3.819
[2021-10-26 19:11:19,671][core.trainer][INFO] - Computing metrics for 'val' dataset
[2021-10-26 19:11:20,909][core.metrics.meter][INFO] - Meter:
SequenceAccuracy:	0.000
TokenAccuracy:	0.141
LengthAccuracy:	0.116
1st Token Accuracy:	0.091
2nd Token Accuracy:	0.072
Average Loss:	3.802
[2021-10-26 19:11:34,108][core.trainer][INFO] - Computing metrics for 'val' dataset
[2021-10-26 19:11:35,373][core.metrics.meter][INFO] - Meter:
SequenceAccuracy:	0.000
TokenAccuracy:	0.141
LengthAccuracy:	0.117
1st Token Accuracy:	0.084
2nd Token Accuracy:	0.071
Average Loss:	3.784
[2021-10-26 19:11:48,334][core.trainer][INFO] - Computing metrics for 'val' dataset
[2021-10-26 19:11:49,539][core.metrics.meter][INFO] - Meter:
SequenceAccuracy:	0.000
TokenAccuracy:	0.140
LengthAccuracy:	0.109
1st Token Accuracy:	0.087
2nd Token Accuracy:	0.062
Average Loss:	3.778
[2021-10-26 19:11:49,619][core.early_stopping][INFO] - Early stopping counter: 1 / 5
[2021-10-26 19:11:49,659][core.early_stopping][INFO] - Pausing model saving until validation loss decreases by 0.0001
[2021-10-26 19:12:02,225][core.trainer][INFO] - Computing metrics for 'val' dataset
[2021-10-26 19:12:03,425][core.metrics.meter][INFO] - Meter:
SequenceAccuracy:	0.000
TokenAccuracy:	0.141
LengthAccuracy:	0.102
1st Token Accuracy:	0.094
2nd Token Accuracy:	0.084
Average Loss:	3.773
[2021-10-26 19:12:03,506][core.early_stopping][INFO] - Early stopping counter: 2 / 5
[2021-10-26 19:12:03,557][core.early_stopping][INFO] - Pausing model saving until validation loss decreases by 0.0001
[2021-10-26 19:12:16,430][core.trainer][INFO] - Computing metrics for 'val' dataset
[2021-10-26 19:12:17,650][core.metrics.meter][INFO] - Meter:
SequenceAccuracy:	0.000
TokenAccuracy:	0.143
LengthAccuracy:	0.103
1st Token Accuracy:	0.104
2nd Token Accuracy:	0.091
Average Loss:	3.768
[2021-10-26 19:12:30,649][core.trainer][INFO] - Computing metrics for 'val' dataset
[2021-10-26 19:12:31,862][core.metrics.meter][INFO] - Meter:
SequenceAccuracy:	0.000
TokenAccuracy:	0.141
LengthAccuracy:	0.093
1st Token Accuracy:	0.101
2nd Token Accuracy:	0.097
Average Loss:	3.760
[2021-10-26 19:12:45,018][core.trainer][INFO] - Computing metrics for 'val' dataset
[2021-10-26 19:12:46,231][core.metrics.meter][INFO] - Meter:
SequenceAccuracy:	0.000
TokenAccuracy:	0.146
LengthAccuracy:	0.120
1st Token Accuracy:	0.108
2nd Token Accuracy:	0.101
Average Loss:	3.744
[2021-10-26 19:12:59,232][core.trainer][INFO] - Computing metrics for 'val' dataset
[2021-10-26 19:13:00,451][core.metrics.meter][INFO] - Meter:
SequenceAccuracy:	0.000
TokenAccuracy:	0.144
LengthAccuracy:	0.108
1st Token Accuracy:	0.101
2nd Token Accuracy:	0.097
Average Loss:	3.744
[2021-10-26 19:13:00,529][core.early_stopping][INFO] - Early stopping counter: 1 / 5
[2021-10-26 19:13:00,569][core.early_stopping][INFO] - Pausing model saving until validation loss decreases by 0.0001
[2021-10-26 19:13:13,091][core.trainer][INFO] - Computing metrics for 'val' dataset
[2021-10-26 19:13:14,331][core.metrics.meter][INFO] - Meter:
SequenceAccuracy:	0.000
TokenAccuracy:	0.143
LengthAccuracy:	0.109
1st Token Accuracy:	0.114
2nd Token Accuracy:	0.087
Average Loss:	3.739
[2021-10-26 19:13:27,123][core.trainer][INFO] - Computing metrics for 'val' dataset
[2021-10-26 19:13:28,283][core.metrics.meter][INFO] - Meter:
SequenceAccuracy:	0.000
TokenAccuracy:	0.142
LengthAccuracy:	0.094
1st Token Accuracy:	0.115
2nd Token Accuracy:	0.084
Average Loss:	3.731
[2021-10-26 19:13:28,363][core.early_stopping][INFO] - Early stopping counter: 1 / 5
[2021-10-26 19:13:28,399][core.early_stopping][INFO] - Pausing model saving until validation loss decreases by 0.0001
[2021-10-26 19:13:41,071][core.trainer][INFO] - Computing metrics for 'val' dataset
[2021-10-26 19:13:42,315][core.metrics.meter][INFO] - Meter:
SequenceAccuracy:	0.000
TokenAccuracy:	0.144
LengthAccuracy:	0.106
1st Token Accuracy:	0.111
2nd Token Accuracy:	0.098
Average Loss:	3.721
[2021-10-26 19:13:55,319][core.trainer][INFO] - Computing metrics for 'val' dataset
[2021-10-26 19:13:56,561][core.metrics.meter][INFO] - Meter:
SequenceAccuracy:	0.000
TokenAccuracy:	0.145
LengthAccuracy:	0.115
1st Token Accuracy:	0.102
2nd Token Accuracy:	0.110
Average Loss:	3.715
[2021-10-26 19:14:09,624][core.trainer][INFO] - Computing metrics for 'val' dataset
[2021-10-26 19:14:10,805][core.metrics.meter][INFO] - Meter:
SequenceAccuracy:	0.000
TokenAccuracy:	0.146
LengthAccuracy:	0.106
1st Token Accuracy:	0.109
2nd Token Accuracy:	0.113
Average Loss:	3.712
[2021-10-26 19:14:10,883][core.early_stopping][INFO] - Early stopping counter: 1 / 5
[2021-10-26 19:14:10,919][core.early_stopping][INFO] - Pausing model saving until validation loss decreases by 0.0001
[2021-10-26 19:14:23,514][core.trainer][INFO] - Computing metrics for 'val' dataset
[2021-10-26 19:14:24,747][core.metrics.meter][INFO] - Meter:
SequenceAccuracy:	0.000
TokenAccuracy:	0.145
LengthAccuracy:	0.110
1st Token Accuracy:	0.096
2nd Token Accuracy:	0.111
Average Loss:	3.702
[2021-10-26 19:14:37,503][core.trainer][INFO] - Computing metrics for 'val' dataset
[2021-10-26 19:14:38,721][core.metrics.meter][INFO] - Meter:
SequenceAccuracy:	0.000
TokenAccuracy:	0.149
LengthAccuracy:	0.119
1st Token Accuracy:	0.102
2nd Token Accuracy:	0.126
Average Loss:	3.700
[2021-10-26 19:14:38,799][core.early_stopping][INFO] - Early stopping counter: 1 / 5
[2021-10-26 19:14:38,836][core.early_stopping][INFO] - Pausing model saving until validation loss decreases by 0.0001
[2021-10-26 19:14:51,378][core.trainer][INFO] - Computing metrics for 'val' dataset
[2021-10-26 19:14:52,623][core.metrics.meter][INFO] - Meter:
SequenceAccuracy:	0.000
TokenAccuracy:	0.148
LengthAccuracy:	0.112
1st Token Accuracy:	0.108
2nd Token Accuracy:	0.117
Average Loss:	3.692
[2021-10-26 19:15:05,667][core.trainer][INFO] - Computing metrics for 'val' dataset
[2021-10-26 19:15:06,850][core.metrics.meter][INFO] - Meter:
SequenceAccuracy:	0.000
TokenAccuracy:	0.146
LengthAccuracy:	0.097
1st Token Accuracy:	0.102
2nd Token Accuracy:	0.112
Average Loss:	3.689
[2021-10-26 19:15:06,928][core.early_stopping][INFO] - Early stopping counter: 1 / 5
[2021-10-26 19:15:06,964][core.early_stopping][INFO] - Pausing model saving until validation loss decreases by 0.0001
[2021-10-26 19:15:06,967][core.trainer][INFO] - Computing metrics for 'test' dataset
[2021-10-26 19:15:18,104][core.metrics.meter][INFO] - Meter:
SequenceAccuracy:	0.000
TokenAccuracy:	0.136
LengthAccuracy:	0.043
1st Token Accuracy:	0.095
2nd Token Accuracy:	0.105
Average Loss:	3.710
[2021-10-26 19:15:18,105][core.trainer][INFO] - Computing metrics for 'gen' dataset
[2021-10-26 19:15:29,085][core.metrics.meter][INFO] - Meter:
SequenceAccuracy:	0.000
TokenAccuracy:	0.129
LengthAccuracy:	0.000
1st Token Accuracy:	0.105
2nd Token Accuracy:	0.141
Average Loss:	3.844
[2021-10-26 19:15:29,086][core.trainer][INFO] - EPOCH 3 / 50
[2021-10-26 19:15:29,086][core.trainer][INFO] - Computing metrics for 'train' dataset
[2021-10-26 19:15:41,855][core.trainer][INFO] - Computing metrics for 'val' dataset
[2021-10-26 19:15:43,105][core.metrics.meter][INFO] - Meter:
SequenceAccuracy:	0.000
TokenAccuracy:	0.149
LengthAccuracy:	0.121
1st Token Accuracy:	0.097
2nd Token Accuracy:	0.116
Average Loss:	3.678
[2021-10-26 19:15:56,001][core.trainer][INFO] - Computing metrics for 'val' dataset
[2021-10-26 19:15:57,271][core.metrics.meter][INFO] - Meter:
SequenceAccuracy:	0.000
TokenAccuracy:	0.151
LengthAccuracy:	0.117
1st Token Accuracy:	0.106
2nd Token Accuracy:	0.111
Average Loss:	3.680
[2021-10-26 19:16:10,295][core.trainer][INFO] - Computing metrics for 'val' dataset
[2021-10-26 19:16:11,570][core.metrics.meter][INFO] - Meter:
SequenceAccuracy:	0.000
TokenAccuracy:	0.154
LengthAccuracy:	0.118
1st Token Accuracy:	0.111
2nd Token Accuracy:	0.111
Average Loss:	3.672
[2021-10-26 19:16:24,476][core.trainer][INFO] - Computing metrics for 'val' dataset
[2021-10-26 19:16:25,748][core.metrics.meter][INFO] - Meter:
SequenceAccuracy:	0.000
TokenAccuracy:	0.154
LengthAccuracy:	0.113
1st Token Accuracy:	0.115
2nd Token Accuracy:	0.110
Average Loss:	3.672
[2021-10-26 19:16:38,905][core.trainer][INFO] - Computing metrics for 'val' dataset
[2021-10-26 19:16:40,175][core.metrics.meter][INFO] - Meter:
SequenceAccuracy:	0.000
TokenAccuracy:	0.155
LengthAccuracy:	0.112
1st Token Accuracy:	0.112
2nd Token Accuracy:	0.110
Average Loss:	3.663
[2021-10-26 19:16:53,075][core.trainer][INFO] - Computing metrics for 'val' dataset
[2021-10-26 19:16:54,354][core.metrics.meter][INFO] - Meter:
SequenceAccuracy:	0.000
TokenAccuracy:	0.156
LengthAccuracy:	0.120
1st Token Accuracy:	0.119
2nd Token Accuracy:	0.113
Average Loss:	3.653
[2021-10-26 19:16:54,435][core.early_stopping][INFO] - Early stopping counter: 1 / 5
[2021-10-26 19:16:54,476][core.early_stopping][INFO] - Pausing model saving until validation loss decreases by 0.0001
[2021-10-26 19:17:07,251][core.trainer][INFO] - Computing metrics for 'val' dataset
[2021-10-26 19:17:08,553][core.metrics.meter][INFO] - Meter:
SequenceAccuracy:	0.000
TokenAccuracy:	0.156
LengthAccuracy:	0.115
1st Token Accuracy:	0.119
2nd Token Accuracy:	0.115
Average Loss:	3.651
[2021-10-26 19:17:21,992][core.trainer][INFO] - Computing metrics for 'val' dataset
[2021-10-26 19:17:23,232][core.metrics.meter][INFO] - Meter:
SequenceAccuracy:	0.000
TokenAccuracy:	0.157
LengthAccuracy:	0.112
1st Token Accuracy:	0.113
2nd Token Accuracy:	0.128
Average Loss:	3.641
[2021-10-26 19:17:36,528][core.trainer][INFO] - Computing metrics for 'val' dataset
[2021-10-26 19:17:37,773][core.metrics.meter][INFO] - Meter:
SequenceAccuracy:	0.000
TokenAccuracy:	0.158
LengthAccuracy:	0.106
1st Token Accuracy:	0.119
2nd Token Accuracy:	0.117
Average Loss:	3.634
[2021-10-26 19:17:50,757][core.trainer][INFO] - Computing metrics for 'val' dataset
[2021-10-26 19:17:52,012][core.metrics.meter][INFO] - Meter:
SequenceAccuracy:	0.000
TokenAccuracy:	0.158
LengthAccuracy:	0.113
1st Token Accuracy:	0.114
2nd Token Accuracy:	0.119
Average Loss:	3.625
[2021-10-26 19:18:05,246][core.trainer][INFO] - Computing metrics for 'val' dataset
[2021-10-26 19:18:06,504][core.metrics.meter][INFO] - Meter:
SequenceAccuracy:	0.000
TokenAccuracy:	0.158
LengthAccuracy:	0.119
1st Token Accuracy:	0.106
2nd Token Accuracy:	0.109
Average Loss:	3.615
[2021-10-26 19:18:19,599][core.trainer][INFO] - Computing metrics for 'val' dataset
[2021-10-26 19:18:20,869][core.metrics.meter][INFO] - Meter:
SequenceAccuracy:	0.000
TokenAccuracy:	0.157
LengthAccuracy:	0.108
1st Token Accuracy:	0.093
2nd Token Accuracy:	0.111
Average Loss:	3.611
[2021-10-26 19:18:20,948][core.early_stopping][INFO] - Early stopping counter: 1 / 5
[2021-10-26 19:18:20,985][core.early_stopping][INFO] - Pausing model saving until validation loss decreases by 0.0001
[2021-10-26 19:18:33,883][core.trainer][INFO] - Computing metrics for 'val' dataset
[2021-10-26 19:18:35,153][core.metrics.meter][INFO] - Meter:
SequenceAccuracy:	0.000
TokenAccuracy:	0.160
LengthAccuracy:	0.117
1st Token Accuracy:	0.103
2nd Token Accuracy:	0.112
Average Loss:	3.602
[2021-10-26 19:18:48,418][core.trainer][INFO] - Computing metrics for 'val' dataset
[2021-10-26 19:18:49,680][core.metrics.meter][INFO] - Meter:
SequenceAccuracy:	0.000
TokenAccuracy:	0.161
LengthAccuracy:	0.118
1st Token Accuracy:	0.106
2nd Token Accuracy:	0.114
Average Loss:	3.608
[2021-10-26 19:18:49,782][core.early_stopping][INFO] - Early stopping counter: 1 / 5
[2021-10-26 19:18:49,822][core.early_stopping][INFO] - Pausing model saving until validation loss decreases by 0.0001
[2021-10-26 19:19:02,682][core.trainer][INFO] - Computing metrics for 'val' dataset
[2021-10-26 19:19:03,962][core.metrics.meter][INFO] - Meter:
SequenceAccuracy:	0.000
TokenAccuracy:	0.161
LengthAccuracy:	0.112
1st Token Accuracy:	0.104
2nd Token Accuracy:	0.122
Average Loss:	3.605
[2021-10-26 19:19:16,790][core.trainer][INFO] - Computing metrics for 'val' dataset
[2021-10-26 19:19:18,030][core.metrics.meter][INFO] - Meter:
SequenceAccuracy:	0.000
TokenAccuracy:	0.162
LengthAccuracy:	0.116
1st Token Accuracy:	0.099
2nd Token Accuracy:	0.112
Average Loss:	3.586
[2021-10-26 19:19:30,967][core.trainer][INFO] - Computing metrics for 'val' dataset
[2021-10-26 19:19:32,176][core.metrics.meter][INFO] - Meter:
SequenceAccuracy:	0.000
TokenAccuracy:	0.161
LengthAccuracy:	0.103
1st Token Accuracy:	0.109
2nd Token Accuracy:	0.113
Average Loss:	3.589
[2021-10-26 19:19:32,254][core.early_stopping][INFO] - Early stopping counter: 1 / 5
[2021-10-26 19:19:32,296][core.early_stopping][INFO] - Pausing model saving until validation loss decreases by 0.0001
[2021-10-26 19:19:44,806][core.trainer][INFO] - Computing metrics for 'val' dataset
[2021-10-26 19:19:45,993][core.metrics.meter][INFO] - Meter:
SequenceAccuracy:	0.000
TokenAccuracy:	0.161
LengthAccuracy:	0.090
1st Token Accuracy:	0.120
2nd Token Accuracy:	0.114
Average Loss:	3.590
[2021-10-26 19:19:46,072][core.early_stopping][INFO] - Early stopping counter: 2 / 5
[2021-10-26 19:19:46,112][core.early_stopping][INFO] - Pausing model saving until validation loss decreases by 0.0001
[2021-10-26 19:19:58,607][core.trainer][INFO] - Computing metrics for 'val' dataset
[2021-10-26 19:19:59,820][core.metrics.meter][INFO] - Meter:
SequenceAccuracy:	0.000
TokenAccuracy:	0.160
LengthAccuracy:	0.099
1st Token Accuracy:	0.114
2nd Token Accuracy:	0.113
Average Loss:	3.586
[2021-10-26 19:19:59,926][core.early_stopping][INFO] - Early stopping counter: 3 / 5
[2021-10-26 19:19:59,927][core.early_stopping][INFO] - Pausing model saving until validation loss decreases by 0.0001
[2021-10-26 19:20:12,414][core.trainer][INFO] - Computing metrics for 'val' dataset
[2021-10-26 19:20:13,602][core.metrics.meter][INFO] - Meter:
SequenceAccuracy:	0.000
TokenAccuracy:	0.162
LengthAccuracy:	0.069
1st Token Accuracy:	0.112
2nd Token Accuracy:	0.118
Average Loss:	3.576
[2021-10-26 19:20:13,706][core.early_stopping][INFO] - Early stopping counter: 4 / 5
[2021-10-26 19:20:13,748][core.early_stopping][INFO] - Pausing model saving until validation loss decreases by 0.0001
[2021-10-26 19:20:13,750][core.trainer][INFO] - Computing metrics for 'test' dataset
[2021-10-26 19:20:24,986][core.metrics.meter][INFO] - Meter:
SequenceAccuracy:	0.000
TokenAccuracy:	0.156
LengthAccuracy:	0.024
1st Token Accuracy:	0.110
2nd Token Accuracy:	0.098
Average Loss:	3.583
[2021-10-26 19:20:24,988][core.trainer][INFO] - Computing metrics for 'gen' dataset
[2021-10-26 19:20:36,989][core.metrics.meter][INFO] - Meter:
SequenceAccuracy:	0.000
TokenAccuracy:	0.148
LengthAccuracy:	0.000
1st Token Accuracy:	0.106
2nd Token Accuracy:	0.112
Average Loss:	3.678
[2021-10-26 19:20:36,990][core.trainer][INFO] - EPOCH 4 / 50
[2021-10-26 19:20:36,990][core.trainer][INFO] - Computing metrics for 'train' dataset
[2021-10-26 19:20:49,677][core.trainer][INFO] - Computing metrics for 'val' dataset
[2021-10-26 19:20:50,865][core.metrics.meter][INFO] - Meter:
SequenceAccuracy:	0.000
TokenAccuracy:	0.160
LengthAccuracy:	0.072
1st Token Accuracy:	0.105
2nd Token Accuracy:	0.103
Average Loss:	3.560
[2021-10-26 19:21:03,892][core.trainer][INFO] - Computing metrics for 'val' dataset
[2021-10-26 19:21:05,100][core.metrics.meter][INFO] - Meter:
SequenceAccuracy:	0.000
TokenAccuracy:	0.166
LengthAccuracy:	0.080
1st Token Accuracy:	0.122
2nd Token Accuracy:	0.112
Average Loss:	3.543
[2021-10-26 19:21:18,294][core.trainer][INFO] - Computing metrics for 'val' dataset
[2021-10-26 19:21:19,528][core.metrics.meter][INFO] - Meter:
SequenceAccuracy:	0.000
TokenAccuracy:	0.166
LengthAccuracy:	0.093
1st Token Accuracy:	0.129
2nd Token Accuracy:	0.110
Average Loss:	3.533
[2021-10-26 19:21:32,975][core.trainer][INFO] - Computing metrics for 'val' dataset
[2021-10-26 19:21:34,186][core.metrics.meter][INFO] - Meter:
SequenceAccuracy:	0.000
TokenAccuracy:	0.169
LengthAccuracy:	0.089
1st Token Accuracy:	0.117
2nd Token Accuracy:	0.124
Average Loss:	3.515
[2021-10-26 19:21:47,552][core.trainer][INFO] - Computing metrics for 'val' dataset
[2021-10-26 19:21:48,793][core.metrics.meter][INFO] - Meter:
SequenceAccuracy:	0.000
TokenAccuracy:	0.170
LengthAccuracy:	0.099
1st Token Accuracy:	0.119
2nd Token Accuracy:	0.123
Average Loss:	3.509
[2021-10-26 19:22:01,900][core.trainer][INFO] - Computing metrics for 'val' dataset
[2021-10-26 19:22:03,152][core.metrics.meter][INFO] - Meter:
SequenceAccuracy:	0.000
TokenAccuracy:	0.170
LengthAccuracy:	0.093
1st Token Accuracy:	0.122
2nd Token Accuracy:	0.115
Average Loss:	3.503
[2021-10-26 19:22:16,530][core.trainer][INFO] - Computing metrics for 'val' dataset
[2021-10-26 19:22:17,833][core.metrics.meter][INFO] - Meter:
SequenceAccuracy:	0.000
TokenAccuracy:	0.172
LengthAccuracy:	0.113
1st Token Accuracy:	0.097
2nd Token Accuracy:	0.107
Average Loss:	3.475
[2021-10-26 19:22:31,197][core.trainer][INFO] - Computing metrics for 'val' dataset
[2021-10-26 19:22:32,449][core.metrics.meter][INFO] - Meter:
SequenceAccuracy:	0.000
TokenAccuracy:	0.173
LengthAccuracy:	0.117
1st Token Accuracy:	0.114
2nd Token Accuracy:	0.102
Average Loss:	3.468
[2021-10-26 19:22:45,773][core.trainer][INFO] - Computing metrics for 'val' dataset
[2021-10-26 19:22:47,047][core.metrics.meter][INFO] - Meter:
SequenceAccuracy:	0.000
TokenAccuracy:	0.174
LengthAccuracy:	0.118
1st Token Accuracy:	0.114
2nd Token Accuracy:	0.106
Average Loss:	3.461
[2021-10-26 19:23:00,308][core.trainer][INFO] - Computing metrics for 'val' dataset
[2021-10-26 19:23:01,581][core.metrics.meter][INFO] - Meter:
SequenceAccuracy:	0.000
TokenAccuracy:	0.175
LengthAccuracy:	0.121
1st Token Accuracy:	0.106
2nd Token Accuracy:	0.104
Average Loss:	3.438
[2021-10-26 19:23:15,291][core.trainer][INFO] - Computing metrics for 'val' dataset
[2021-10-26 19:23:16,563][core.metrics.meter][INFO] - Meter:
SequenceAccuracy:	0.000
TokenAccuracy:	0.175
LengthAccuracy:	0.121
1st Token Accuracy:	0.108
2nd Token Accuracy:	0.102
Average Loss:	3.439
[2021-10-26 19:23:16,645][core.early_stopping][INFO] - Early stopping counter: 1 / 5
[2021-10-26 19:23:16,683][core.early_stopping][INFO] - Pausing model saving until validation loss decreases by 0.0001
[2021-10-26 19:23:29,854][core.trainer][INFO] - Computing metrics for 'val' dataset
[2021-10-26 19:23:31,126][core.metrics.meter][INFO] - Meter:
SequenceAccuracy:	0.000
TokenAccuracy:	0.175
LengthAccuracy:	0.117
1st Token Accuracy:	0.096
2nd Token Accuracy:	0.100
Average Loss:	3.432
[2021-10-26 19:23:44,672][core.trainer][INFO] - Computing metrics for 'val' dataset
[2021-10-26 19:23:45,977][core.metrics.meter][INFO] - Meter:
SequenceAccuracy:	0.000
TokenAccuracy:	0.180
LengthAccuracy:	0.138
1st Token Accuracy:	0.112
2nd Token Accuracy:	0.103
Average Loss:	3.410
[2021-10-26 19:23:59,824][core.trainer][INFO] - Computing metrics for 'val' dataset
[2021-10-26 19:24:01,189][core.metrics.meter][INFO] - Meter:
SequenceAccuracy:	0.000
TokenAccuracy:	0.188
LengthAccuracy:	0.174
1st Token Accuracy:	0.120
2nd Token Accuracy:	0.112
Average Loss:	3.408
[2021-10-26 19:24:15,179][core.trainer][INFO] - Computing metrics for 'val' dataset
[2021-10-26 19:24:16,475][core.metrics.meter][INFO] - Meter:
SequenceAccuracy:	0.000
TokenAccuracy:	0.191
LengthAccuracy:	0.176
1st Token Accuracy:	0.110
2nd Token Accuracy:	0.122
Average Loss:	3.385
[2021-10-26 19:24:16,563][core.early_stopping][INFO] - Early stopping counter: 1 / 5
[2021-10-26 19:24:16,602][core.early_stopping][INFO] - Pausing model saving until validation loss decreases by 0.0001
[2021-10-26 19:24:30,160][core.trainer][INFO] - Computing metrics for 'val' dataset
[2021-10-26 19:24:31,445][core.metrics.meter][INFO] - Meter:
SequenceAccuracy:	0.000
TokenAccuracy:	0.194
LengthAccuracy:	0.151
1st Token Accuracy:	0.116
2nd Token Accuracy:	0.115
Average Loss:	3.390
[2021-10-26 19:24:31,528][core.early_stopping][INFO] - Early stopping counter: 2 / 5
[2021-10-26 19:24:31,568][core.early_stopping][INFO] - Pausing model saving until validation loss decreases by 0.0001
[2021-10-26 19:24:45,233][core.trainer][INFO] - Computing metrics for 'val' dataset
[2021-10-26 19:24:46,559][core.metrics.meter][INFO] - Meter:
SequenceAccuracy:	0.000
TokenAccuracy:	0.193
LengthAccuracy:	0.155
1st Token Accuracy:	0.103
2nd Token Accuracy:	0.118
Average Loss:	3.370
[2021-10-26 19:25:00,636][core.trainer][INFO] - Computing metrics for 'val' dataset
[2021-10-26 19:25:01,993][core.metrics.meter][INFO] - Meter:
SequenceAccuracy:	0.000
TokenAccuracy:	0.197
LengthAccuracy:	0.191
1st Token Accuracy:	0.101
2nd Token Accuracy:	0.110
Average Loss:	3.333
[2021-10-26 19:25:16,181][core.trainer][INFO] - Computing metrics for 'val' dataset
[2021-10-26 19:25:17,547][core.metrics.meter][INFO] - Meter:
SequenceAccuracy:	0.000
TokenAccuracy:	0.201
LengthAccuracy:	0.207
1st Token Accuracy:	0.107
2nd Token Accuracy:	0.113
Average Loss:	3.315
[2021-10-26 19:25:31,566][core.trainer][INFO] - Computing metrics for 'val' dataset
[2021-10-26 19:25:32,929][core.metrics.meter][INFO] - Meter:
SequenceAccuracy:	0.000
TokenAccuracy:	0.203
LengthAccuracy:	0.215
1st Token Accuracy:	0.133
2nd Token Accuracy:	0.108
Average Loss:	3.300
[2021-10-26 19:25:33,283][core.trainer][INFO] - Computing metrics for 'test' dataset
[2021-10-26 19:25:46,140][core.metrics.meter][INFO] - Meter:
SequenceAccuracy:	0.000
TokenAccuracy:	0.206
LengthAccuracy:	0.281
1st Token Accuracy:	0.145
2nd Token Accuracy:	0.099
Average Loss:	3.296
[2021-10-26 19:25:46,142][core.trainer][INFO] - Computing metrics for 'gen' dataset
[2021-10-26 19:26:00,833][core.metrics.meter][INFO] - Meter:
SequenceAccuracy:	0.000
TokenAccuracy:	0.176
LengthAccuracy:	0.000
1st Token Accuracy:	0.125
2nd Token Accuracy:	0.088
Average Loss:	3.441
[2021-10-26 19:26:00,835][core.trainer][INFO] - EPOCH 5 / 50
[2021-10-26 19:26:00,835][core.trainer][INFO] - Computing metrics for 'train' dataset
[2021-10-26 19:26:14,801][core.trainer][INFO] - Computing metrics for 'val' dataset
[2021-10-26 19:26:16,165][core.metrics.meter][INFO] - Meter:
SequenceAccuracy:	0.000
TokenAccuracy:	0.207
LengthAccuracy:	0.216
1st Token Accuracy:	0.138
2nd Token Accuracy:	0.121
Average Loss:	3.295
[2021-10-26 19:26:30,219][core.trainer][INFO] - Computing metrics for 'val' dataset
[2021-10-26 19:26:31,587][core.metrics.meter][INFO] - Meter:
SequenceAccuracy:	0.000
TokenAccuracy:	0.210
LengthAccuracy:	0.228
1st Token Accuracy:	0.141
2nd Token Accuracy:	0.120
Average Loss:	3.268
[2021-10-26 19:26:45,689][core.trainer][INFO] - Computing metrics for 'val' dataset
[2021-10-26 19:26:47,054][core.metrics.meter][INFO] - Meter:
SequenceAccuracy:	0.000
TokenAccuracy:	0.207
LengthAccuracy:	0.227
1st Token Accuracy:	0.138
2nd Token Accuracy:	0.129
Average Loss:	3.269
[2021-10-26 19:26:47,180][core.early_stopping][INFO] - Early stopping counter: 1 / 5
[2021-10-26 19:26:47,181][core.early_stopping][INFO] - Pausing model saving until validation loss decreases by 0.0001
[2021-10-26 19:27:01,218][core.trainer][INFO] - Computing metrics for 'val' dataset
[2021-10-26 19:27:02,568][core.metrics.meter][INFO] - Meter:
SequenceAccuracy:	0.000
TokenAccuracy:	0.215
LengthAccuracy:	0.244
1st Token Accuracy:	0.129
2nd Token Accuracy:	0.146
Average Loss:	3.235
[2021-10-26 19:27:17,006][core.trainer][INFO] - Computing metrics for 'val' dataset
[2021-10-26 19:27:18,366][core.metrics.meter][INFO] - Meter:
SequenceAccuracy:	0.000
TokenAccuracy:	0.210
LengthAccuracy:	0.236
1st Token Accuracy:	0.146
2nd Token Accuracy:	0.147
Average Loss:	3.235
[2021-10-26 19:27:32,729][core.trainer][INFO] - Computing metrics for 'val' dataset
[2021-10-26 19:27:34,017][core.metrics.meter][INFO] - Meter:
SequenceAccuracy:	0.000
TokenAccuracy:	0.206
LengthAccuracy:	0.188
1st Token Accuracy:	0.140
2nd Token Accuracy:	0.152
Average Loss:	3.242
[2021-10-26 19:27:34,102][core.early_stopping][INFO] - Early stopping counter: 1 / 5
[2021-10-26 19:27:34,145][core.early_stopping][INFO] - Pausing model saving until validation loss decreases by 0.0001
[2021-10-26 19:27:48,119][core.trainer][INFO] - Computing metrics for 'val' dataset
[2021-10-26 19:27:49,489][core.metrics.meter][INFO] - Meter:
SequenceAccuracy:	0.000
TokenAccuracy:	0.213
LengthAccuracy:	0.208
1st Token Accuracy:	0.134
2nd Token Accuracy:	0.150
Average Loss:	3.207
[2021-10-26 19:28:04,012][core.trainer][INFO] - Computing metrics for 'val' dataset
[2021-10-26 19:28:05,390][core.metrics.meter][INFO] - Meter:
SequenceAccuracy:	0.000
TokenAccuracy:	0.220
LengthAccuracy:	0.239
1st Token Accuracy:	0.149
2nd Token Accuracy:	0.154
Average Loss:	3.173
[2021-10-26 19:28:20,085][core.trainer][INFO] - Computing metrics for 'val' dataset
[2021-10-26 19:28:21,493][core.metrics.meter][INFO] - Meter:
SequenceAccuracy:	0.000
TokenAccuracy:	0.218
LengthAccuracy:	0.237
1st Token Accuracy:	0.131
2nd Token Accuracy:	0.142
Average Loss:	3.172
[2021-10-26 19:28:35,696][core.trainer][INFO] - Computing metrics for 'val' dataset
[2021-10-26 19:28:37,057][core.metrics.meter][INFO] - Meter:
SequenceAccuracy:	0.000
TokenAccuracy:	0.222
LengthAccuracy:	0.242
1st Token Accuracy:	0.132
2nd Token Accuracy:	0.145
Average Loss:	3.149
[2021-10-26 19:28:51,687][core.trainer][INFO] - Computing metrics for 'val' dataset
[2021-10-26 19:28:53,050][core.metrics.meter][INFO] - Meter:
SequenceAccuracy:	0.000
TokenAccuracy:	0.225
LengthAccuracy:	0.255
1st Token Accuracy:	0.130
2nd Token Accuracy:	0.150
Average Loss:	3.131
[2021-10-26 19:29:07,739][core.trainer][INFO] - Computing metrics for 'val' dataset
[2021-10-26 19:29:09,098][core.metrics.meter][INFO] - Meter:
SequenceAccuracy:	0.000
TokenAccuracy:	0.228
LengthAccuracy:	0.256
1st Token Accuracy:	0.137
2nd Token Accuracy:	0.139
Average Loss:	3.113
[2021-10-26 19:29:23,664][core.trainer][INFO] - Computing metrics for 'val' dataset
[2021-10-26 19:29:25,025][core.metrics.meter][INFO] - Meter:
SequenceAccuracy:	0.000
TokenAccuracy:	0.225
LengthAccuracy:	0.237
1st Token Accuracy:	0.127
2nd Token Accuracy:	0.142
Average Loss:	3.115
[2021-10-26 19:29:39,442][core.trainer][INFO] - Computing metrics for 'val' dataset
[2021-10-26 19:29:40,810][core.metrics.meter][INFO] - Meter:
SequenceAccuracy:	0.000
TokenAccuracy:	0.233
LengthAccuracy:	0.246
1st Token Accuracy:	0.167
2nd Token Accuracy:	0.155
Average Loss:	3.101
[2021-10-26 19:29:55,378][core.trainer][INFO] - Computing metrics for 'val' dataset
[2021-10-26 19:29:56,745][core.metrics.meter][INFO] - Meter:
SequenceAccuracy:	0.000
TokenAccuracy:	0.234
LengthAccuracy:	0.251
1st Token Accuracy:	0.176
2nd Token Accuracy:	0.164
Average Loss:	3.089
[2021-10-26 19:30:11,177][core.trainer][INFO] - Computing metrics for 'val' dataset
[2021-10-26 19:30:12,547][core.metrics.meter][INFO] - Meter:
SequenceAccuracy:	0.000
TokenAccuracy:	0.232
LengthAccuracy:	0.243
1st Token Accuracy:	0.143
2nd Token Accuracy:	0.166
Average Loss:	3.076
[2021-10-26 19:30:26,860][core.trainer][INFO] - Computing metrics for 'val' dataset
[2021-10-26 19:30:28,223][core.metrics.meter][INFO] - Meter:
SequenceAccuracy:	0.000
TokenAccuracy:	0.234
LengthAccuracy:	0.250
1st Token Accuracy:	0.188
2nd Token Accuracy:	0.167
Average Loss:	3.071
[2021-10-26 19:30:42,817][core.trainer][INFO] - Computing metrics for 'val' dataset
[2021-10-26 19:30:44,183][core.metrics.meter][INFO] - Meter:
SequenceAccuracy:	0.000
TokenAccuracy:	0.232
LengthAccuracy:	0.247
1st Token Accuracy:	0.168
2nd Token Accuracy:	0.164
Average Loss:	3.063
[2021-10-26 19:30:58,927][core.trainer][INFO] - Computing metrics for 'val' dataset
[2021-10-26 19:31:00,293][core.metrics.meter][INFO] - Meter:
SequenceAccuracy:	0.000
TokenAccuracy:	0.234
LengthAccuracy:	0.255
1st Token Accuracy:	0.154
2nd Token Accuracy:	0.160
Average Loss:	3.047
[2021-10-26 19:31:14,609][core.trainer][INFO] - Computing metrics for 'val' dataset
[2021-10-26 19:31:15,983][core.metrics.meter][INFO] - Meter:
SequenceAccuracy:	0.000
TokenAccuracy:	0.237
LengthAccuracy:	0.249
1st Token Accuracy:	0.189
2nd Token Accuracy:	0.160
Average Loss:	3.041
[2021-10-26 19:31:16,300][core.trainer][INFO] - Computing metrics for 'test' dataset
[2021-10-26 19:31:29,360][core.metrics.meter][INFO] - Meter:
SequenceAccuracy:	0.000
TokenAccuracy:	0.230
LengthAccuracy:	0.304
1st Token Accuracy:	0.183
2nd Token Accuracy:	0.152
Average Loss:	3.048
[2021-10-26 19:31:29,361][core.trainer][INFO] - Computing metrics for 'gen' dataset
[2021-10-26 19:31:44,227][core.metrics.meter][INFO] - Meter:
SequenceAccuracy:	0.000
TokenAccuracy:	0.215
LengthAccuracy:	0.000
1st Token Accuracy:	0.148
2nd Token Accuracy:	0.230
Average Loss:	3.252
[2021-10-26 19:31:44,229][core.trainer][INFO] - EPOCH 6 / 50
[2021-10-26 19:31:44,229][core.trainer][INFO] - Computing metrics for 'train' dataset
[2021-10-26 19:31:58,399][core.trainer][INFO] - Computing metrics for 'val' dataset
[2021-10-26 19:31:59,767][core.metrics.meter][INFO] - Meter:
SequenceAccuracy:	0.000
TokenAccuracy:	0.235
LengthAccuracy:	0.260
1st Token Accuracy:	0.169
2nd Token Accuracy:	0.164
Average Loss:	3.034
[2021-10-26 19:31:59,864][core.early_stopping][INFO] - Early stopping counter: 1 / 5
[2021-10-26 19:31:59,906][core.early_stopping][INFO] - Pausing model saving until validation loss decreases by 0.0001
[2021-10-26 19:32:13,978][core.trainer][INFO] - Computing metrics for 'val' dataset
[2021-10-26 19:32:15,350][core.metrics.meter][INFO] - Meter:
SequenceAccuracy:	0.000
TokenAccuracy:	0.235
LengthAccuracy:	0.264
1st Token Accuracy:	0.177
2nd Token Accuracy:	0.157
Average Loss:	3.020
[2021-10-26 19:32:29,593][core.trainer][INFO] - Computing metrics for 'val' dataset
[2021-10-26 19:32:30,971][core.metrics.meter][INFO] - Meter:
SequenceAccuracy:	0.000
TokenAccuracy:	0.239
LengthAccuracy:	0.265
1st Token Accuracy:	0.183
2nd Token Accuracy:	0.178
Average Loss:	3.013
[2021-10-26 19:32:45,538][core.trainer][INFO] - Computing metrics for 'val' dataset
[2021-10-26 19:32:46,906][core.metrics.meter][INFO] - Meter:
SequenceAccuracy:	0.000
TokenAccuracy:	0.238
LengthAccuracy:	0.250
1st Token Accuracy:	0.174
2nd Token Accuracy:	0.185
Average Loss:	3.011
[2021-10-26 19:33:01,425][core.trainer][INFO] - Computing metrics for 'val' dataset
[2021-10-26 19:33:02,796][core.metrics.meter][INFO] - Meter:
SequenceAccuracy:	0.000
TokenAccuracy:	0.246
LengthAccuracy:	0.264
1st Token Accuracy:	0.208
2nd Token Accuracy:	0.181
Average Loss:	2.989
[2021-10-26 19:33:17,396][core.trainer][INFO] - Computing metrics for 'val' dataset
[2021-10-26 19:33:18,771][core.metrics.meter][INFO] - Meter:
SequenceAccuracy:	0.000
TokenAccuracy:	0.243
LengthAccuracy:	0.271
1st Token Accuracy:	0.187
2nd Token Accuracy:	0.178
Average Loss:	2.979
[2021-10-26 19:33:33,511][core.trainer][INFO] - Computing metrics for 'val' dataset
[2021-10-26 19:33:34,886][core.metrics.meter][INFO] - Meter:
SequenceAccuracy:	0.000
TokenAccuracy:	0.242
LengthAccuracy:	0.264
1st Token Accuracy:	0.166
2nd Token Accuracy:	0.190
Average Loss:	2.977
[2021-10-26 19:33:49,411][core.trainer][INFO] - Computing metrics for 'val' dataset
[2021-10-26 19:33:50,818][core.metrics.meter][INFO] - Meter:
SequenceAccuracy:	0.000
TokenAccuracy:	0.250
LengthAccuracy:	0.273
1st Token Accuracy:	0.200
2nd Token Accuracy:	0.200
Average Loss:	2.961
[2021-10-26 19:34:05,269][core.trainer][INFO] - Computing metrics for 'val' dataset
[2021-10-26 19:34:06,634][core.metrics.meter][INFO] - Meter:
SequenceAccuracy:	0.000
TokenAccuracy:	0.247
LengthAccuracy:	0.268
1st Token Accuracy:	0.184
2nd Token Accuracy:	0.198
Average Loss:	2.961
[2021-10-26 19:34:21,050][core.trainer][INFO] - Computing metrics for 'val' dataset
[2021-10-26 19:34:22,422][core.metrics.meter][INFO] - Meter:
SequenceAccuracy:	0.000
TokenAccuracy:	0.247
LengthAccuracy:	0.260
1st Token Accuracy:	0.177
2nd Token Accuracy:	0.209
Average Loss:	2.959
[2021-10-26 19:34:36,828][core.trainer][INFO] - Computing metrics for 'val' dataset
[2021-10-26 19:34:38,209][core.metrics.meter][INFO] - Meter:
SequenceAccuracy:	0.000
TokenAccuracy:	0.248
LengthAccuracy:	0.263
1st Token Accuracy:	0.198
2nd Token Accuracy:	0.190
Average Loss:	2.952
[2021-10-26 19:34:52,824][core.trainer][INFO] - Computing metrics for 'val' dataset
[2021-10-26 19:34:54,204][core.metrics.meter][INFO] - Meter:
SequenceAccuracy:	0.000
TokenAccuracy:	0.249
LengthAccuracy:	0.259
1st Token Accuracy:	0.201
2nd Token Accuracy:	0.213
Average Loss:	2.949
[2021-10-26 19:34:54,296][core.early_stopping][INFO] - Early stopping counter: 1 / 5
[2021-10-26 19:34:54,342][core.early_stopping][INFO] - Pausing model saving until validation loss decreases by 0.0001
[2021-10-26 19:35:08,565][core.trainer][INFO] - Computing metrics for 'val' dataset
[2021-10-26 19:35:09,956][core.metrics.meter][INFO] - Meter:
SequenceAccuracy:	0.000
TokenAccuracy:	0.249
LengthAccuracy:	0.269
1st Token Accuracy:	0.191
2nd Token Accuracy:	0.213
Average Loss:	2.935
[2021-10-26 19:35:24,504][core.trainer][INFO] - Computing metrics for 'val' dataset
[2021-10-26 19:35:25,873][core.metrics.meter][INFO] - Meter:
SequenceAccuracy:	0.000
TokenAccuracy:	0.251
LengthAccuracy:	0.267
1st Token Accuracy:	0.165
2nd Token Accuracy:	0.223
Average Loss:	2.926
[2021-10-26 19:35:40,490][core.trainer][INFO] - Computing metrics for 'val' dataset
[2021-10-26 19:35:41,869][core.metrics.meter][INFO] - Meter:
SequenceAccuracy:	0.000
TokenAccuracy:	0.251
LengthAccuracy:	0.268
1st Token Accuracy:	0.188
2nd Token Accuracy:	0.213
Average Loss:	2.920
[2021-10-26 19:35:56,424][core.trainer][INFO] - Computing metrics for 'val' dataset
[2021-10-26 19:35:57,826][core.metrics.meter][INFO] - Meter:
SequenceAccuracy:	0.000
TokenAccuracy:	0.253
LengthAccuracy:	0.270
1st Token Accuracy:	0.205
2nd Token Accuracy:	0.225
Average Loss:	2.916
[2021-10-26 19:36:12,569][core.trainer][INFO] - Computing metrics for 'val' dataset
[2021-10-26 19:36:13,949][core.metrics.meter][INFO] - Meter:
SequenceAccuracy:	0.000
TokenAccuracy:	0.255
LengthAccuracy:	0.266
1st Token Accuracy:	0.216
2nd Token Accuracy:	0.219
Average Loss:	2.910
[2021-10-26 19:36:28,884][core.trainer][INFO] - Computing metrics for 'val' dataset
[2021-10-26 19:36:30,255][core.metrics.meter][INFO] - Meter:
SequenceAccuracy:	0.000
TokenAccuracy:	0.257
LengthAccuracy:	0.279
1st Token Accuracy:	0.221
2nd Token Accuracy:	0.227
Average Loss:	2.900
[2021-10-26 19:36:30,348][core.early_stopping][INFO] - Early stopping counter: 1 / 5
[2021-10-26 19:36:30,397][core.early_stopping][INFO] - Pausing model saving until validation loss decreases by 0.0001
[2021-10-26 19:36:44,810][core.trainer][INFO] - Computing metrics for 'val' dataset
[2021-10-26 19:36:46,179][core.metrics.meter][INFO] - Meter:
SequenceAccuracy:	0.000
TokenAccuracy:	0.258
LengthAccuracy:	0.282
1st Token Accuracy:	0.196
2nd Token Accuracy:	0.223
Average Loss:	2.875
[2021-10-26 19:37:00,759][core.trainer][INFO] - Computing metrics for 'val' dataset
[2021-10-26 19:37:02,126][core.metrics.meter][INFO] - Meter:
SequenceAccuracy:	0.000
TokenAccuracy:	0.259
LengthAccuracy:	0.281
1st Token Accuracy:	0.217
2nd Token Accuracy:	0.235
Average Loss:	2.883
[2021-10-26 19:37:02,379][core.trainer][INFO] - Computing metrics for 'test' dataset
[2021-10-26 19:37:15,367][core.metrics.meter][INFO] - Meter:
SequenceAccuracy:	0.000
TokenAccuracy:	0.253
LengthAccuracy:	0.305
1st Token Accuracy:	0.212
2nd Token Accuracy:	0.226
Average Loss:	2.919
[2021-10-26 19:37:15,368][core.trainer][INFO] - Computing metrics for 'gen' dataset
[2021-10-26 19:37:30,179][core.metrics.meter][INFO] - Meter:
SequenceAccuracy:	0.000
TokenAccuracy:	0.226
LengthAccuracy:	0.000
1st Token Accuracy:	0.106
2nd Token Accuracy:	0.247
Average Loss:	3.203
[2021-10-26 19:37:30,181][core.trainer][INFO] - EPOCH 7 / 50
[2021-10-26 19:37:30,181][core.trainer][INFO] - Computing metrics for 'train' dataset
[2021-10-26 19:37:44,779][core.trainer][INFO] - Computing metrics for 'val' dataset
[2021-10-26 19:37:46,154][core.metrics.meter][INFO] - Meter:
SequenceAccuracy:	0.000
TokenAccuracy:	0.261
LengthAccuracy:	0.276
1st Token Accuracy:	0.217
2nd Token Accuracy:	0.236
Average Loss:	2.874
[2021-10-26 19:38:00,882][core.trainer][INFO] - Computing metrics for 'val' dataset
[2021-10-26 19:38:02,260][core.metrics.meter][INFO] - Meter:
SequenceAccuracy:	0.000
TokenAccuracy:	0.261
LengthAccuracy:	0.279
1st Token Accuracy:	0.216
2nd Token Accuracy:	0.240
Average Loss:	2.868
[2021-10-26 19:38:17,025][core.trainer][INFO] - Computing metrics for 'val' dataset
[2021-10-26 19:38:18,401][core.metrics.meter][INFO] - Meter:
SequenceAccuracy:	0.000
TokenAccuracy:	0.260
LengthAccuracy:	0.275
1st Token Accuracy:	0.221
2nd Token Accuracy:	0.241
Average Loss:	2.858
[2021-10-26 19:38:33,750][core.trainer][INFO] - Computing metrics for 'val' dataset
[2021-10-26 19:38:35,144][core.metrics.meter][INFO] - Meter:
SequenceAccuracy:	0.000
TokenAccuracy:	0.266
LengthAccuracy:	0.289
1st Token Accuracy:	0.231
2nd Token Accuracy:	0.238
Average Loss:	2.832
[2021-10-26 19:38:50,230][core.trainer][INFO] - Computing metrics for 'val' dataset
[2021-10-26 19:38:51,616][core.metrics.meter][INFO] - Meter:
SequenceAccuracy:	0.000
TokenAccuracy:	0.271
LengthAccuracy:	0.304
1st Token Accuracy:	0.249
2nd Token Accuracy:	0.245
Average Loss:	2.814
[2021-10-26 19:39:07,052][core.trainer][INFO] - Computing metrics for 'val' dataset
[2021-10-26 19:39:08,489][core.metrics.meter][INFO] - Meter:
SequenceAccuracy:	0.000
TokenAccuracy:	0.274
LengthAccuracy:	0.314
1st Token Accuracy:	0.236
2nd Token Accuracy:	0.260
Average Loss:	2.787
[2021-10-26 19:39:24,150][core.trainer][INFO] - Computing metrics for 'val' dataset
[2021-10-26 19:39:25,606][core.metrics.meter][INFO] - Meter:
SequenceAccuracy:	0.000
TokenAccuracy:	0.282
LengthAccuracy:	0.338
1st Token Accuracy:	0.265
2nd Token Accuracy:	0.254
Average Loss:	2.758
[2021-10-26 19:39:41,484][core.trainer][INFO] - Computing metrics for 'val' dataset
[2021-10-26 19:39:42,898][core.metrics.meter][INFO] - Meter:
SequenceAccuracy:	0.000
TokenAccuracy:	0.284
LengthAccuracy:	0.360
1st Token Accuracy:	0.243
2nd Token Accuracy:	0.254
Average Loss:	2.732
[2021-10-26 19:39:58,865][core.trainer][INFO] - Computing metrics for 'val' dataset
[2021-10-26 19:40:00,421][core.metrics.meter][INFO] - Meter:
SequenceAccuracy:	0.000
TokenAccuracy:	0.291
LengthAccuracy:	0.411
1st Token Accuracy:	0.229
2nd Token Accuracy:	0.257
Average Loss:	2.675
[2021-10-26 19:40:17,042][core.trainer][INFO] - Computing metrics for 'val' dataset
[2021-10-26 19:40:18,589][core.metrics.meter][INFO] - Meter:
SequenceAccuracy:	0.000
TokenAccuracy:	0.296
LengthAccuracy:	0.472
1st Token Accuracy:	0.201
2nd Token Accuracy:	0.226
Average Loss:	2.614
[2021-10-26 19:40:35,808][core.trainer][INFO] - Computing metrics for 'val' dataset
[2021-10-26 19:40:37,414][core.metrics.meter][INFO] - Meter:
SequenceAccuracy:	0.000
TokenAccuracy:	0.306
LengthAccuracy:	0.532
1st Token Accuracy:	0.220
2nd Token Accuracy:	0.242
Average Loss:	2.555
[2021-10-26 19:40:54,430][core.trainer][INFO] - Computing metrics for 'val' dataset
[2021-10-26 19:40:56,028][core.metrics.meter][INFO] - Meter:
SequenceAccuracy:	0.000
TokenAccuracy:	0.317
LengthAccuracy:	0.575
1st Token Accuracy:	0.229
2nd Token Accuracy:	0.255
Average Loss:	2.515
[2021-10-26 19:41:13,239][core.trainer][INFO] - Computing metrics for 'val' dataset
[2021-10-26 19:41:14,860][core.metrics.meter][INFO] - Meter:
SequenceAccuracy:	0.000
TokenAccuracy:	0.321
LengthAccuracy:	0.589
1st Token Accuracy:	0.225
2nd Token Accuracy:	0.252
Average Loss:	2.485
[2021-10-26 19:41:32,218][core.trainer][INFO] - Computing metrics for 'val' dataset
[2021-10-26 19:41:33,803][core.metrics.meter][INFO] - Meter:
SequenceAccuracy:	0.000
TokenAccuracy:	0.322
LengthAccuracy:	0.562
1st Token Accuracy:	0.208
2nd Token Accuracy:	0.256
Average Loss:	2.459
[2021-10-26 19:41:33,925][core.early_stopping][INFO] - Early stopping counter: 1 / 5
[2021-10-26 19:41:33,982][core.early_stopping][INFO] - Pausing model saving until validation loss decreases by 0.0001
[2021-10-26 19:41:50,924][core.trainer][INFO] - Computing metrics for 'val' dataset
[2021-10-26 19:41:52,532][core.metrics.meter][INFO] - Meter:
SequenceAccuracy:	0.000
TokenAccuracy:	0.324
LengthAccuracy:	0.568
1st Token Accuracy:	0.210
2nd Token Accuracy:	0.244
Average Loss:	2.440
[2021-10-26 19:41:52,639][core.early_stopping][INFO] - Early stopping counter: 2 / 5
[2021-10-26 19:41:52,692][core.early_stopping][INFO] - Pausing model saving until validation loss decreases by 0.0001
[2021-10-26 19:42:09,735][core.trainer][INFO] - Computing metrics for 'val' dataset
[2021-10-26 19:42:11,352][core.metrics.meter][INFO] - Meter:
SequenceAccuracy:	0.000
TokenAccuracy:	0.329
LengthAccuracy:	0.578
1st Token Accuracy:	0.211
2nd Token Accuracy:	0.240
Average Loss:	2.415
[2021-10-26 19:42:28,713][core.trainer][INFO] - Computing metrics for 'val' dataset
[2021-10-26 19:42:30,321][core.metrics.meter][INFO] - Meter:
SequenceAccuracy:	0.000
TokenAccuracy:	0.335
LengthAccuracy:	0.569
1st Token Accuracy:	0.204
2nd Token Accuracy:	0.248
Average Loss:	2.395
[2021-10-26 19:42:30,428][core.early_stopping][INFO] - Early stopping counter: 1 / 5
[2021-10-26 19:42:30,488][core.early_stopping][INFO] - Pausing model saving until validation loss decreases by 0.0001
[2021-10-26 19:42:47,715][core.trainer][INFO] - Computing metrics for 'val' dataset
[2021-10-26 19:42:49,339][core.metrics.meter][INFO] - Meter:
SequenceAccuracy:	0.000
TokenAccuracy:	0.342
LengthAccuracy:	0.595
1st Token Accuracy:	0.199
2nd Token Accuracy:	0.246
Average Loss:	2.368
[2021-10-26 19:43:06,843][core.trainer][INFO] - Computing metrics for 'val' dataset
[2021-10-26 19:43:08,448][core.metrics.meter][INFO] - Meter:
SequenceAccuracy:	0.000
TokenAccuracy:	0.342
LengthAccuracy:	0.597
1st Token Accuracy:	0.201
2nd Token Accuracy:	0.248
Average Loss:	2.360
[2021-10-26 19:43:08,558][core.early_stopping][INFO] - Early stopping counter: 1 / 5
[2021-10-26 19:43:08,616][core.early_stopping][INFO] - Pausing model saving until validation loss decreases by 0.0001
[2021-10-26 19:43:25,721][core.trainer][INFO] - Computing metrics for 'val' dataset
[2021-10-26 19:43:27,394][core.metrics.meter][INFO] - Meter:
SequenceAccuracy:	0.000
TokenAccuracy:	0.351
LengthAccuracy:	0.653
1st Token Accuracy:	0.191
2nd Token Accuracy:	0.256
Average Loss:	2.316
[2021-10-26 19:43:27,665][core.trainer][INFO] - Computing metrics for 'test' dataset
[2021-10-26 19:43:43,639][core.metrics.meter][INFO] - Meter:
SequenceAccuracy:	0.000
TokenAccuracy:	0.356
LengthAccuracy:	0.738
1st Token Accuracy:	0.192
2nd Token Accuracy:	0.245
Average Loss:	2.305
[2021-10-26 19:43:43,641][core.trainer][INFO] - Computing metrics for 'gen' dataset
[2021-10-26 19:44:02,522][core.metrics.meter][INFO] - Meter:
SequenceAccuracy:	0.000
TokenAccuracy:	0.246
LengthAccuracy:	0.172
1st Token Accuracy:	0.136
2nd Token Accuracy:	0.203
Average Loss:	3.214
[2021-10-26 19:44:02,524][core.trainer][INFO] - EPOCH 8 / 50
[2021-10-26 19:44:02,524][core.trainer][INFO] - Computing metrics for 'train' dataset
[2021-10-26 19:44:19,969][core.trainer][INFO] - Computing metrics for 'val' dataset
[2021-10-26 19:44:21,584][core.metrics.meter][INFO] - Meter:
SequenceAccuracy:	0.000
TokenAccuracy:	0.355
LengthAccuracy:	0.637
1st Token Accuracy:	0.202
2nd Token Accuracy:	0.262
Average Loss:	2.308
[2021-10-26 19:44:21,694][core.early_stopping][INFO] - Early stopping counter: 1 / 5
[2021-10-26 19:44:21,747][core.early_stopping][INFO] - Pausing model saving until validation loss decreases by 0.0001
[2021-10-26 19:44:39,022][core.trainer][INFO] - Computing metrics for 'val' dataset
[2021-10-26 19:44:40,640][core.metrics.meter][INFO] - Meter:
SequenceAccuracy:	0.000
TokenAccuracy:	0.358
LengthAccuracy:	0.644
1st Token Accuracy:	0.199
2nd Token Accuracy:	0.253
Average Loss:	2.286
[2021-10-26 19:44:40,753][core.early_stopping][INFO] - Early stopping counter: 2 / 5
[2021-10-26 19:44:40,807][core.early_stopping][INFO] - Pausing model saving until validation loss decreases by 0.0001
[2021-10-26 19:44:58,368][core.trainer][INFO] - Computing metrics for 'val' dataset
[2021-10-26 19:45:00,038][core.metrics.meter][INFO] - Meter:
SequenceAccuracy:	0.000
TokenAccuracy:	0.364
LengthAccuracy:	0.671
1st Token Accuracy:	0.206
2nd Token Accuracy:	0.268
Average Loss:	2.273
[2021-10-26 19:45:00,148][core.early_stopping][INFO] - Early stopping counter: 3 / 5
[2021-10-26 19:45:00,202][core.early_stopping][INFO] - Pausing model saving until validation loss decreases by 0.0001
[2021-10-26 19:45:17,626][core.trainer][INFO] - Computing metrics for 'val' dataset
[2021-10-26 19:45:19,254][core.metrics.meter][INFO] - Meter:
SequenceAccuracy:	0.000
TokenAccuracy:	0.370
LengthAccuracy:	0.687
1st Token Accuracy:	0.217
2nd Token Accuracy:	0.266
Average Loss:	2.248
[2021-10-26 19:45:19,394][core.early_stopping][INFO] - Early stopping counter: 4 / 5
[2021-10-26 19:45:19,453][core.early_stopping][INFO] - Pausing model saving until validation loss decreases by 0.0001
[2021-10-26 19:45:36,926][core.trainer][INFO] - Computing metrics for 'val' dataset
[2021-10-26 19:45:38,549][core.metrics.meter][INFO] - Meter:
SequenceAccuracy:	0.000
TokenAccuracy:	0.378
LengthAccuracy:	0.708
1st Token Accuracy:	0.200
2nd Token Accuracy:	0.272
Average Loss:	2.221
[2021-10-26 19:45:38,664][core.early_stopping][INFO] - Early stopping counter: 5 / 5
[2021-10-26 19:45:38,720][core.early_stopping][INFO] - Pausing model saving until validation loss decreases by 0.0001
[2021-10-26 19:45:38,721][core.trainer][INFO] - Computing metrics for 'test' dataset
[2021-10-26 19:45:54,274][core.metrics.meter][INFO] - Meter:
SequenceAccuracy:	0.000
TokenAccuracy:	0.364
LengthAccuracy:	0.604
1st Token Accuracy:	0.194
2nd Token Accuracy:	0.274
Average Loss:	2.300
[2021-10-26 19:45:54,276][core.trainer][INFO] - Computing metrics for 'gen' dataset
[2021-10-26 19:46:12,513][core.metrics.meter][INFO] - Meter:
SequenceAccuracy:	0.000
TokenAccuracy:	0.256
LengthAccuracy:	0.030
1st Token Accuracy:	0.170
2nd Token Accuracy:	0.276
Average Loss:	3.250
[2021-10-26 19:46:12,515][core.trainer][INFO] - EPOCH 9 / 50
[2021-10-26 19:46:12,515][core.trainer][INFO] - Computing metrics for 'train' dataset
[2021-10-26 19:46:30,293][core.trainer][INFO] - Computing metrics for 'val' dataset
[2021-10-26 19:46:31,961][core.metrics.meter][INFO] - Meter:
SequenceAccuracy:	0.000
TokenAccuracy:	0.387
LengthAccuracy:	0.745
1st Token Accuracy:	0.202
2nd Token Accuracy:	0.287
Average Loss:	2.189
[2021-10-26 19:46:49,933][core.trainer][INFO] - Computing metrics for 'val' dataset
[2021-10-26 19:46:51,594][core.metrics.meter][INFO] - Meter:
SequenceAccuracy:	0.000
TokenAccuracy:	0.392
LengthAccuracy:	0.763
1st Token Accuracy:	0.221
2nd Token Accuracy:	0.289
Average Loss:	2.176
[2021-10-26 19:47:09,518][core.trainer][INFO] - Computing metrics for 'val' dataset
[2021-10-26 19:47:11,208][core.metrics.meter][INFO] - Meter:
SequenceAccuracy:	0.000
TokenAccuracy:	0.404
LengthAccuracy:	0.809
1st Token Accuracy:	0.218
2nd Token Accuracy:	0.298
Average Loss:	2.130
[2021-10-26 19:47:29,065][core.trainer][INFO] - Computing metrics for 'val' dataset
[2021-10-26 19:47:30,756][core.metrics.meter][INFO] - Meter:
SequenceAccuracy:	0.000
TokenAccuracy:	0.406
LengthAccuracy:	0.821
1st Token Accuracy:	0.212
2nd Token Accuracy:	0.300
Average Loss:	2.121
[2021-10-26 19:47:48,899][core.trainer][INFO] - Computing metrics for 'val' dataset
[2021-10-26 19:47:50,550][core.metrics.meter][INFO] - Meter:
SequenceAccuracy:	0.000
TokenAccuracy:	0.405
LengthAccuracy:	0.810
1st Token Accuracy:	0.209
2nd Token Accuracy:	0.303
Average Loss:	2.113
[2021-10-26 19:47:50,678][core.early_stopping][INFO] - Early stopping counter: 1 / 5
[2021-10-26 19:47:50,733][core.early_stopping][INFO] - Pausing model saving until validation loss decreases by 0.0001
[2021-10-26 19:48:08,525][core.trainer][INFO] - Computing metrics for 'val' dataset
[2021-10-26 19:48:10,239][core.metrics.meter][INFO] - Meter:
SequenceAccuracy:	0.000
TokenAccuracy:	0.413
LengthAccuracy:	0.809
1st Token Accuracy:	0.218
2nd Token Accuracy:	0.311
Average Loss:	2.095
[2021-10-26 19:48:10,353][core.early_stopping][INFO] - Early stopping counter: 2 / 5
[2021-10-26 19:48:10,410][core.early_stopping][INFO] - Pausing model saving until validation loss decreases by 0.0001
[2021-10-26 19:48:28,519][core.trainer][INFO] - Computing metrics for 'val' dataset
[2021-10-26 19:48:30,215][core.metrics.meter][INFO] - Meter:
SequenceAccuracy:	0.000
TokenAccuracy:	0.419
LengthAccuracy:	0.845
1st Token Accuracy:	0.214
2nd Token Accuracy:	0.324
Average Loss:	2.066
[2021-10-26 19:48:30,330][core.early_stopping][INFO] - Early stopping counter: 3 / 5
[2021-10-26 19:48:30,392][core.early_stopping][INFO] - Pausing model saving until validation loss decreases by 0.0001
[2021-10-26 19:48:48,558][core.trainer][INFO] - Computing metrics for 'val' dataset
[2021-10-26 19:48:50,271][core.metrics.meter][INFO] - Meter:
SequenceAccuracy:	0.000
TokenAccuracy:	0.426
LengthAccuracy:	0.874
1st Token Accuracy:	0.220
2nd Token Accuracy:	0.318
Average Loss:	2.047
[2021-10-26 19:49:08,681][core.trainer][INFO] - Computing metrics for 'val' dataset
[2021-10-26 19:49:10,355][core.metrics.meter][INFO] - Meter:
SequenceAccuracy:	0.000
TokenAccuracy:	0.430
LengthAccuracy:	0.881
1st Token Accuracy:	0.234
2nd Token Accuracy:	0.328
Average Loss:	2.028
[2021-10-26 19:49:10,499][core.early_stopping][INFO] - Early stopping counter: 1 / 5
[2021-10-26 19:49:10,556][core.early_stopping][INFO] - Pausing model saving until validation loss decreases by 0.0001
[2021-10-26 19:49:28,673][core.trainer][INFO] - Computing metrics for 'val' dataset
[2021-10-26 19:49:30,369][core.metrics.meter][INFO] - Meter:
SequenceAccuracy:	0.000
TokenAccuracy:	0.436
LengthAccuracy:	0.896
1st Token Accuracy:	0.232
2nd Token Accuracy:	0.333
Average Loss:	2.011
[2021-10-26 19:49:30,482][core.early_stopping][INFO] - Early stopping counter: 2 / 5
[2021-10-26 19:49:30,538][core.early_stopping][INFO] - Pausing model saving until validation loss decreases by 0.0001
[2021-10-26 19:49:48,611][core.trainer][INFO] - Computing metrics for 'val' dataset
[2021-10-26 19:49:50,288][core.metrics.meter][INFO] - Meter:
SequenceAccuracy:	0.000
TokenAccuracy:	0.441
LengthAccuracy:	0.903
1st Token Accuracy:	0.229
2nd Token Accuracy:	0.343
Average Loss:	1.992
[2021-10-26 19:49:50,401][core.early_stopping][INFO] - Early stopping counter: 3 / 5
[2021-10-26 19:49:50,459][core.early_stopping][INFO] - Pausing model saving until validation loss decreases by 0.0001
[2021-10-26 19:50:08,469][core.trainer][INFO] - Computing metrics for 'val' dataset
[2021-10-26 19:50:10,180][core.metrics.meter][INFO] - Meter:
SequenceAccuracy:	0.000
TokenAccuracy:	0.447
LengthAccuracy:	0.923
1st Token Accuracy:	0.226
2nd Token Accuracy:	0.351
Average Loss:	1.968
[2021-10-26 19:50:28,660][core.trainer][INFO] - Computing metrics for 'val' dataset
[2021-10-26 19:50:30,384][core.metrics.meter][INFO] - Meter:
SequenceAccuracy:	0.000
TokenAccuracy:	0.452
LengthAccuracy:	0.938
1st Token Accuracy:	0.220
2nd Token Accuracy:	0.349
Average Loss:	1.951
[2021-10-26 19:50:49,053][core.trainer][INFO] - Computing metrics for 'val' dataset
[2021-10-26 19:50:50,756][core.metrics.meter][INFO] - Meter:
SequenceAccuracy:	0.000
TokenAccuracy:	0.455
LengthAccuracy:	0.942
1st Token Accuracy:	0.238
2nd Token Accuracy:	0.353
Average Loss:	1.937
[2021-10-26 19:50:50,872][core.early_stopping][INFO] - Early stopping counter: 1 / 5
[2021-10-26 19:50:50,931][core.early_stopping][INFO] - Pausing model saving until validation loss decreases by 0.0001
[2021-10-26 19:51:09,017][core.trainer][INFO] - Computing metrics for 'val' dataset
[2021-10-26 19:51:10,709][core.metrics.meter][INFO] - Meter:
SequenceAccuracy:	0.000
TokenAccuracy:	0.460
LengthAccuracy:	0.938
1st Token Accuracy:	0.242
2nd Token Accuracy:	0.361
Average Loss:	1.926
[2021-10-26 19:51:10,828][core.early_stopping][INFO] - Early stopping counter: 2 / 5
[2021-10-26 19:51:10,889][core.early_stopping][INFO] - Pausing model saving until validation loss decreases by 0.0001
[2021-10-26 19:51:28,944][core.trainer][INFO] - Computing metrics for 'val' dataset
[2021-10-26 19:51:30,662][core.metrics.meter][INFO] - Meter:
SequenceAccuracy:	0.000
TokenAccuracy:	0.470
LengthAccuracy:	0.964
1st Token Accuracy:	0.248
2nd Token Accuracy:	0.370
Average Loss:	1.893
[2021-10-26 19:51:49,150][core.trainer][INFO] - Computing metrics for 'val' dataset
[2021-10-26 19:51:50,861][core.metrics.meter][INFO] - Meter:
SequenceAccuracy:	0.000
TokenAccuracy:	0.472
LengthAccuracy:	0.966
1st Token Accuracy:	0.249
2nd Token Accuracy:	0.375
Average Loss:	1.881
[2021-10-26 19:52:09,392][core.trainer][INFO] - Computing metrics for 'val' dataset
[2021-10-26 19:52:11,107][core.metrics.meter][INFO] - Meter:
SequenceAccuracy:	0.000
TokenAccuracy:	0.478
LengthAccuracy:	0.958
1st Token Accuracy:	0.267
2nd Token Accuracy:	0.388
Average Loss:	1.875
[2021-10-26 19:52:29,827][core.trainer][INFO] - Computing metrics for 'val' dataset
[2021-10-26 19:52:31,549][core.metrics.meter][INFO] - Meter:
SequenceAccuracy:	0.000
TokenAccuracy:	0.483
LengthAccuracy:	0.970
1st Token Accuracy:	0.271
2nd Token Accuracy:	0.398
Average Loss:	1.851
[2021-10-26 19:52:49,939][core.trainer][INFO] - Computing metrics for 'val' dataset
[2021-10-26 19:52:51,659][core.metrics.meter][INFO] - Meter:
SequenceAccuracy:	0.000
TokenAccuracy:	0.490
LengthAccuracy:	0.971
1st Token Accuracy:	0.274
2nd Token Accuracy:	0.409
Average Loss:	1.836
[2021-10-26 19:52:51,877][core.trainer][INFO] - Computing metrics for 'test' dataset
[2021-10-26 19:53:08,381][core.metrics.meter][INFO] - Meter:
SequenceAccuracy:	0.000
TokenAccuracy:	0.487
LengthAccuracy:	0.979
1st Token Accuracy:	0.279
2nd Token Accuracy:	0.402
Average Loss:	1.864
[2021-10-26 19:53:08,383][core.trainer][INFO] - Computing metrics for 'gen' dataset
[2021-10-26 19:53:27,408][core.metrics.meter][INFO] - Meter:
SequenceAccuracy:	0.000
TokenAccuracy:	0.278
LengthAccuracy:	0.387
1st Token Accuracy:	0.242
2nd Token Accuracy:	0.278
Average Loss:	3.331
[2021-10-26 19:53:27,410][core.trainer][INFO] - EPOCH 10 / 50
[2021-10-26 19:53:27,410][core.trainer][INFO] - Computing metrics for 'train' dataset
[2021-10-26 19:53:45,813][core.trainer][INFO] - Computing metrics for 'val' dataset
[2021-10-26 19:53:47,543][core.metrics.meter][INFO] - Meter:
SequenceAccuracy:	0.000
TokenAccuracy:	0.494
LengthAccuracy:	0.980
1st Token Accuracy:	0.288
2nd Token Accuracy:	0.415
Average Loss:	1.820
[2021-10-26 19:54:05,919][core.trainer][INFO] - Computing metrics for 'val' dataset
[2021-10-26 19:54:07,635][core.metrics.meter][INFO] - Meter:
SequenceAccuracy:	0.000
TokenAccuracy:	0.498
LengthAccuracy:	0.979
1st Token Accuracy:	0.282
2nd Token Accuracy:	0.429
Average Loss:	1.807
[2021-10-26 19:54:26,113][core.trainer][INFO] - Computing metrics for 'val' dataset
[2021-10-26 19:54:27,828][core.metrics.meter][INFO] - Meter:
SequenceAccuracy:	0.000
TokenAccuracy:	0.508
LengthAccuracy:	0.983
1st Token Accuracy:	0.304
2nd Token Accuracy:	0.451
Average Loss:	1.788
[2021-10-26 19:54:46,629][core.trainer][INFO] - Computing metrics for 'val' dataset
[2021-10-26 19:54:48,374][core.metrics.meter][INFO] - Meter:
SequenceAccuracy:	0.000
TokenAccuracy:	0.506
LengthAccuracy:	0.973
1st Token Accuracy:	0.301
2nd Token Accuracy:	0.457
Average Loss:	1.786
[2021-10-26 19:54:48,490][core.early_stopping][INFO] - Early stopping counter: 1 / 5
[2021-10-26 19:54:48,547][core.early_stopping][INFO] - Pausing model saving until validation loss decreases by 0.0001
[2021-10-26 19:55:06,851][core.trainer][INFO] - Computing metrics for 'val' dataset
[2021-10-26 19:55:08,556][core.metrics.meter][INFO] - Meter:
SequenceAccuracy:	0.001
TokenAccuracy:	0.510
LengthAccuracy:	0.980
1st Token Accuracy:	0.312
2nd Token Accuracy:	0.461
Average Loss:	1.768
[2021-10-26 19:55:26,984][core.trainer][INFO] - Computing metrics for 'val' dataset
[2021-10-26 19:55:28,702][core.metrics.meter][INFO] - Meter:
SequenceAccuracy:	0.001
TokenAccuracy:	0.518
LengthAccuracy:	0.983
1st Token Accuracy:	0.332
2nd Token Accuracy:	0.477
Average Loss:	1.749
[2021-10-26 19:55:47,347][core.trainer][INFO] - Computing metrics for 'val' dataset
[2021-10-26 19:55:49,057][core.metrics.meter][INFO] - Meter:
SequenceAccuracy:	0.001
TokenAccuracy:	0.520
LengthAccuracy:	0.979
1st Token Accuracy:	0.319
2nd Token Accuracy:	0.498
Average Loss:	1.743
[2021-10-26 19:56:07,453][core.trainer][INFO] - Computing metrics for 'val' dataset
[2021-10-26 19:56:09,167][core.metrics.meter][INFO] - Meter:
SequenceAccuracy:	0.001
TokenAccuracy:	0.529
LengthAccuracy:	0.983
1st Token Accuracy:	0.347
2nd Token Accuracy:	0.509
Average Loss:	1.719
[2021-10-26 19:56:27,526][core.trainer][INFO] - Computing metrics for 'val' dataset
[2021-10-26 19:56:29,233][core.metrics.meter][INFO] - Meter:
SequenceAccuracy:	0.001
TokenAccuracy:	0.533
LengthAccuracy:	0.985
1st Token Accuracy:	0.359
2nd Token Accuracy:	0.525
Average Loss:	1.703
[2021-10-26 19:56:47,697][core.trainer][INFO] - Computing metrics for 'val' dataset
[2021-10-26 19:56:49,401][core.metrics.meter][INFO] - Meter:
SequenceAccuracy:	0.002
TokenAccuracy:	0.541
LengthAccuracy:	0.983
1st Token Accuracy:	0.385
2nd Token Accuracy:	0.535
Average Loss:	1.684
[2021-10-26 19:57:07,917][core.trainer][INFO] - Computing metrics for 'val' dataset
[2021-10-26 19:57:09,621][core.metrics.meter][INFO] - Meter:
SequenceAccuracy:	0.001
TokenAccuracy:	0.545
LengthAccuracy:	0.984
1st Token Accuracy:	0.397
2nd Token Accuracy:	0.543
Average Loss:	1.673
[2021-10-26 19:57:28,133][core.trainer][INFO] - Computing metrics for 'val' dataset
[2021-10-26 19:57:29,842][core.metrics.meter][INFO] - Meter:
SequenceAccuracy:	0.001
TokenAccuracy:	0.553
LengthAccuracy:	0.982
1st Token Accuracy:	0.402
2nd Token Accuracy:	0.569
Average Loss:	1.653
[2021-10-26 19:57:48,342][core.trainer][INFO] - Computing metrics for 'val' dataset
[2021-10-26 19:57:50,096][core.metrics.meter][INFO] - Meter:
SequenceAccuracy:	0.002
TokenAccuracy:	0.556
LengthAccuracy:	0.985
1st Token Accuracy:	0.415
2nd Token Accuracy:	0.585
Average Loss:	1.639
[2021-10-26 19:58:08,790][core.trainer][INFO] - Computing metrics for 'val' dataset
[2021-10-26 19:58:10,554][core.metrics.meter][INFO] - Meter:
SequenceAccuracy:	0.003
TokenAccuracy:	0.558
LengthAccuracy:	0.981
1st Token Accuracy:	0.406
2nd Token Accuracy:	0.589
Average Loss:	1.634
[2021-10-26 19:58:29,246][core.trainer][INFO] - Computing metrics for 'val' dataset
[2021-10-26 19:58:30,955][core.metrics.meter][INFO] - Meter:
SequenceAccuracy:	0.001
TokenAccuracy:	0.565
LengthAccuracy:	0.983
1st Token Accuracy:	0.433
2nd Token Accuracy:	0.614
Average Loss:	1.613
[2021-10-26 19:58:49,393][core.trainer][INFO] - Computing metrics for 'val' dataset
[2021-10-26 19:58:51,108][core.metrics.meter][INFO] - Meter:
SequenceAccuracy:	0.002
TokenAccuracy:	0.571
LengthAccuracy:	0.985
1st Token Accuracy:	0.433
2nd Token Accuracy:	0.620
Average Loss:	1.593
[2021-10-26 19:59:09,734][core.trainer][INFO] - Computing metrics for 'val' dataset
[2021-10-26 19:59:11,445][core.metrics.meter][INFO] - Meter:
SequenceAccuracy:	0.003
TokenAccuracy:	0.575
LengthAccuracy:	0.984
1st Token Accuracy:	0.441
2nd Token Accuracy:	0.630
Average Loss:	1.578
[2021-10-26 19:59:30,182][core.trainer][INFO] - Computing metrics for 'val' dataset
[2021-10-26 19:59:31,953][core.metrics.meter][INFO] - Meter:
SequenceAccuracy:	0.003
TokenAccuracy:	0.578
LengthAccuracy:	0.983
1st Token Accuracy:	0.450
2nd Token Accuracy:	0.649
Average Loss:	1.563
[2021-10-26 19:59:51,193][core.trainer][INFO] - Computing metrics for 'val' dataset
[2021-10-26 19:59:52,955][core.metrics.meter][INFO] - Meter:
SequenceAccuracy:	0.003
TokenAccuracy:	0.586
LengthAccuracy:	0.986
1st Token Accuracy:	0.469
2nd Token Accuracy:	0.666
Average Loss:	1.545
[2021-10-26 20:00:12,437][core.trainer][INFO] - Computing metrics for 'val' dataset
[2021-10-26 20:00:14,193][core.metrics.meter][INFO] - Meter:
SequenceAccuracy:	0.002
TokenAccuracy:	0.588
LengthAccuracy:	0.984
1st Token Accuracy:	0.477
2nd Token Accuracy:	0.679
Average Loss:	1.531
[2021-10-26 20:00:14,464][core.trainer][INFO] - Computing metrics for 'test' dataset
[2021-10-26 20:00:31,185][core.metrics.meter][INFO] - Meter:
SequenceAccuracy:	0.003
TokenAccuracy:	0.586
LengthAccuracy:	0.984
1st Token Accuracy:	0.488
2nd Token Accuracy:	0.665
Average Loss:	1.559
[2021-10-26 20:00:31,186][core.trainer][INFO] - Computing metrics for 'gen' dataset
[2021-10-26 20:00:50,590][core.metrics.meter][INFO] - Meter:
SequenceAccuracy:	0.000
TokenAccuracy:	0.259
LengthAccuracy:	0.487
1st Token Accuracy:	0.211
2nd Token Accuracy:	0.179
Average Loss:	3.442
[2021-10-26 20:00:50,591][core.trainer][INFO] - EPOCH 11 / 50
[2021-10-26 20:00:50,591][core.trainer][INFO] - Computing metrics for 'train' dataset
[2021-10-26 20:01:09,631][core.trainer][INFO] - Computing metrics for 'val' dataset
[2021-10-26 20:01:11,734][core.metrics.meter][INFO] - Meter:
SequenceAccuracy:	0.002
TokenAccuracy:	0.595
LengthAccuracy:	0.984
1st Token Accuracy:	0.477
2nd Token Accuracy:	0.683
Average Loss:	1.516
