experiment:
  dataset:
    name: ms-question-en
    input: ms-question.tsv
    source_format: sequence
    target_format: sequence
    overwrite: false
    transform_field: target
    splits:
      train: 80
      test: 10
      val: 10
  hyperparameters:
    epochs: 50
    batch_size: 5
    lr: 0.001
    tolerance: 0.0001
    num_iters_eval: 1000
    min_iters: 30000
    patience: 5
    tf_ratio: 0.5
    cuda: 0
  model:
    name: Transformer
    encoder:
      unit: Transformer
      type: sequence
      dropout: 0
      num_layers: 1
      hidden_size: 256
      embedding_size: 256
      num_heads: 8
    decoder:
      unit: Transformer
      type: sequence
      dropout: 0
      num_layers: 1
      max_length: 30
      hidden_size: 256
      embedding_size: 256
      num_heads: 8
      attention: null
  name: qform-en-transformer-1layer
pretty_print: true

[2021-10-27 01:09:45,831][core.trainer][INFO] - DEVICE: cuda
[2021-10-27 01:09:45,831][core.dataset.base_dataset][INFO] - Initializing dataset
[2021-10-27 01:09:45,832][core.dataset.base_dataset][INFO] - Constructing fields from dataset.
[2021-10-27 01:09:48,849][core.trainer][INFO] - TransductionDataset(
 splits: [val (1000 sequences), train (100000 sequences), test (10000 sequences), gen (10000 sequences)]
 fields: [source, annotation, target]
)
[2021-10-27 01:09:48,849][core.models.base_model][INFO] - Initializing model
[2021-10-27 01:09:55,675][core.trainer][INFO] - TransductionModel(
  (_encoder): TransductionSequenceEncoder(
    (module): Sequential(
      (0): Sequential(
        (0): Embedding(68, 256)
        (1): PositionalEncoding(
          (dropout): Dropout(p=0.0, inplace=False)
        )
      )
      (1): TransformerEncoder(
        (layers): ModuleList(
          (0): TransformerEncoderLayer(
            (self_attn): MultiheadAttention(
              (out_proj): _LinearWithBias(in_features=256, out_features=256, bias=True)
            )
            (linear1): Linear(in_features=256, out_features=2048, bias=True)
            (dropout): Dropout(p=0.1, inplace=False)
            (linear2): Linear(in_features=2048, out_features=256, bias=True)
            (norm1): LayerNorm((256,), eps=1e-05, elementwise_affine=True)
            (norm2): LayerNorm((256,), eps=1e-05, elementwise_affine=True)
            (dropout1): Dropout(p=0.1, inplace=False)
            (dropout2): Dropout(p=0.1, inplace=False)
          )
        )
      )
    )
  )
  (_decoder): TransformerSequenceDecoder(
    (_embedding): Sequential(
      (0): Embedding(71, 256)
      (1): PositionalEncoding(
        (dropout): Dropout(p=0.0, inplace=False)
      )
    )
    (_unit): TransformerDecoder(
      (layers): ModuleList(
        (0): TransformerDecoderLayer(
          (self_attn): MultiheadAttention(
            (out_proj): _LinearWithBias(in_features=256, out_features=256, bias=True)
          )
          (multihead_attn): MultiheadAttention(
            (out_proj): _LinearWithBias(in_features=256, out_features=256, bias=True)
          )
          (linear1): Linear(in_features=256, out_features=2048, bias=True)
          (dropout): Dropout(p=0.0, inplace=False)
          (linear2): Linear(in_features=2048, out_features=256, bias=True)
          (norm1): LayerNorm((256,), eps=1e-05, elementwise_affine=True)
          (norm2): LayerNorm((256,), eps=1e-05, elementwise_affine=True)
          (norm3): LayerNorm((256,), eps=1e-05, elementwise_affine=True)
          (dropout1): Dropout(p=0.0, inplace=False)
          (dropout2): Dropout(p=0.0, inplace=False)
          (dropout3): Dropout(p=0.0, inplace=False)
        )
      )
    )
    (_out): Linear(in_features=256, out_features=71, bias=True)
  )
)
[2021-10-27 01:09:55,675][core.trainer][INFO] - Beginning training
[2021-10-27 01:09:55,680][core.metrics.meter][INFO] - Logging with tensorboard; view with `tensorboard --logdir=/scratch/lw2534/lab/transductions/outputs/qform-en-transformer-1layer/Transformer/2021-10-27_01-09-45/tensorboard`
[2021-10-27 01:09:55,685][core.trainer][INFO] - EPOCH 1 / 50
[2021-10-27 01:09:55,685][core.trainer][INFO] - Computing metrics for 'train' dataset
[2021-10-27 01:10:13,979][core.trainer][INFO] - Computing metrics for 'val' dataset
[2021-10-27 01:10:16,109][core.metrics.meter][INFO] - Meter:
SequenceAccuracy:	0.000
TokenAccuracy:	0.125
LengthAccuracy:	0.316
1st Token Accuracy:	0.107
2nd Token Accuracy:	0.061
Average Loss:	3.746
[2021-10-27 01:10:32,878][core.trainer][INFO] - Computing metrics for 'val' dataset
[2021-10-27 01:10:35,216][core.metrics.meter][INFO] - Meter:
SequenceAccuracy:	0.000
TokenAccuracy:	0.154
LengthAccuracy:	0.280
1st Token Accuracy:	0.225
2nd Token Accuracy:	0.088
Average Loss:	3.527
[2021-10-27 01:10:52,603][core.trainer][INFO] - Computing metrics for 'val' dataset
[2021-10-27 01:10:54,947][core.metrics.meter][INFO] - Meter:
SequenceAccuracy:	0.000
TokenAccuracy:	0.172
LengthAccuracy:	0.295
1st Token Accuracy:	0.348
2nd Token Accuracy:	0.101
Average Loss:	3.436
[2021-10-27 01:11:12,603][core.trainer][INFO] - Computing metrics for 'val' dataset
[2021-10-27 01:11:15,282][core.metrics.meter][INFO] - Meter:
SequenceAccuracy:	0.000
TokenAccuracy:	0.197
LengthAccuracy:	0.381
1st Token Accuracy:	0.476
2nd Token Accuracy:	0.124
Average Loss:	3.347
[2021-10-27 01:11:33,479][core.trainer][INFO] - Computing metrics for 'val' dataset
[2021-10-27 01:11:36,007][core.metrics.meter][INFO] - Meter:
SequenceAccuracy:	0.000
TokenAccuracy:	0.223
LengthAccuracy:	0.457
1st Token Accuracy:	0.546
2nd Token Accuracy:	0.156
Average Loss:	3.243
[2021-10-27 01:11:54,269][core.trainer][INFO] - Computing metrics for 'val' dataset
[2021-10-27 01:11:56,913][core.metrics.meter][INFO] - Meter:
SequenceAccuracy:	0.000
TokenAccuracy:	0.244
LengthAccuracy:	0.501
1st Token Accuracy:	0.628
2nd Token Accuracy:	0.174
Average Loss:	3.160
[2021-10-27 01:12:15,767][core.trainer][INFO] - Computing metrics for 'val' dataset
[2021-10-27 01:12:18,490][core.metrics.meter][INFO] - Meter:
SequenceAccuracy:	0.000
TokenAccuracy:	0.258
LengthAccuracy:	0.553
1st Token Accuracy:	0.665
2nd Token Accuracy:	0.203
Average Loss:	3.088
[2021-10-27 01:12:37,366][core.trainer][INFO] - Computing metrics for 'val' dataset
[2021-10-27 01:12:40,041][core.metrics.meter][INFO] - Meter:
SequenceAccuracy:	0.000
TokenAccuracy:	0.281
LengthAccuracy:	0.577
1st Token Accuracy:	0.730
2nd Token Accuracy:	0.213
Average Loss:	2.981
[2021-10-27 01:12:58,999][core.trainer][INFO] - Computing metrics for 'val' dataset
[2021-10-27 01:13:01,703][core.metrics.meter][INFO] - Meter:
SequenceAccuracy:	0.000
TokenAccuracy:	0.304
LengthAccuracy:	0.609
1st Token Accuracy:	0.779
2nd Token Accuracy:	0.238
Average Loss:	2.869
[2021-10-27 01:13:21,172][core.trainer][INFO] - Computing metrics for 'val' dataset
[2021-10-27 01:13:23,908][core.metrics.meter][INFO] - Meter:
SequenceAccuracy:	0.000
TokenAccuracy:	0.335
LengthAccuracy:	0.671
1st Token Accuracy:	0.872
2nd Token Accuracy:	0.299
Average Loss:	2.723
[2021-10-27 01:13:43,396][core.trainer][INFO] - Computing metrics for 'val' dataset
[2021-10-27 01:13:46,165][core.metrics.meter][INFO] - Meter:
SequenceAccuracy:	0.000
TokenAccuracy:	0.362
LengthAccuracy:	0.697
1st Token Accuracy:	0.944
2nd Token Accuracy:	0.362
Average Loss:	2.579
[2021-10-27 01:14:05,816][core.trainer][INFO] - Computing metrics for 'val' dataset
[2021-10-27 01:14:08,634][core.metrics.meter][INFO] - Meter:
SequenceAccuracy:	0.000
TokenAccuracy:	0.382
LengthAccuracy:	0.737
1st Token Accuracy:	0.968
2nd Token Accuracy:	0.405
Average Loss:	2.464
[2021-10-27 01:14:28,285][core.trainer][INFO] - Computing metrics for 'val' dataset
[2021-10-27 01:14:31,099][core.metrics.meter][INFO] - Meter:
SequenceAccuracy:	0.000
TokenAccuracy:	0.399
LengthAccuracy:	0.723
1st Token Accuracy:	0.974
2nd Token Accuracy:	0.431
Average Loss:	2.386
[2021-10-27 01:14:50,827][core.trainer][INFO] - Computing metrics for 'val' dataset
[2021-10-27 01:14:53,691][core.metrics.meter][INFO] - Meter:
SequenceAccuracy:	0.000
TokenAccuracy:	0.425
LengthAccuracy:	0.801
1st Token Accuracy:	0.986
2nd Token Accuracy:	0.449
Average Loss:	2.286
[2021-10-27 01:15:13,670][core.trainer][INFO] - Computing metrics for 'val' dataset
[2021-10-27 01:15:16,542][core.metrics.meter][INFO] - Meter:
SequenceAccuracy:	0.000
TokenAccuracy:	0.432
LengthAccuracy:	0.793
1st Token Accuracy:	0.989
2nd Token Accuracy:	0.466
Average Loss:	2.238
[2021-10-27 01:15:36,426][core.trainer][INFO] - Computing metrics for 'val' dataset
[2021-10-27 01:15:39,276][core.metrics.meter][INFO] - Meter:
SequenceAccuracy:	0.000
TokenAccuracy:	0.453
LengthAccuracy:	0.794
1st Token Accuracy:	0.990
2nd Token Accuracy:	0.522
Average Loss:	2.143
[2021-10-27 01:15:59,282][core.trainer][INFO] - Computing metrics for 'val' dataset
[2021-10-27 01:16:02,112][core.metrics.meter][INFO] - Meter:
SequenceAccuracy:	0.001
TokenAccuracy:	0.472
LengthAccuracy:	0.796
1st Token Accuracy:	0.992
2nd Token Accuracy:	0.561
Average Loss:	2.064
[2021-10-27 01:16:22,014][core.trainer][INFO] - Computing metrics for 'val' dataset
[2021-10-27 01:16:24,870][core.metrics.meter][INFO] - Meter:
SequenceAccuracy:	0.002
TokenAccuracy:	0.500
LengthAccuracy:	0.838
1st Token Accuracy:	0.991
2nd Token Accuracy:	0.626
Average Loss:	1.962
[2021-10-27 01:16:44,715][core.trainer][INFO] - Computing metrics for 'val' dataset
[2021-10-27 01:16:47,551][core.metrics.meter][INFO] - Meter:
SequenceAccuracy:	0.003
TokenAccuracy:	0.535
LengthAccuracy:	0.843
1st Token Accuracy:	0.995
2nd Token Accuracy:	0.656
Average Loss:	1.840
[2021-10-27 01:17:07,544][core.trainer][INFO] - Computing metrics for 'val' dataset
[2021-10-27 01:17:10,405][core.metrics.meter][INFO] - Meter:
SequenceAccuracy:	0.006
TokenAccuracy:	0.567
LengthAccuracy:	0.875
1st Token Accuracy:	0.992
2nd Token Accuracy:	0.700
Average Loss:	1.716
[2021-10-27 01:17:10,543][core.trainer][INFO] - Computing metrics for 'test' dataset
[2021-10-27 01:17:38,202][core.metrics.meter][INFO] - Meter:
SequenceAccuracy:	0.012
TokenAccuracy:	0.534
LengthAccuracy:	0.858
1st Token Accuracy:	0.990
2nd Token Accuracy:	0.714
Average Loss:	1.891
[2021-10-27 01:17:38,203][core.trainer][INFO] - Computing metrics for 'gen' dataset
[2021-10-27 01:18:07,831][core.metrics.meter][INFO] - Meter:
SequenceAccuracy:	0.000
TokenAccuracy:	0.445
LengthAccuracy:	0.707
1st Token Accuracy:	0.165
2nd Token Accuracy:	0.999
Average Loss:	2.178
[2021-10-27 01:18:07,831][core.trainer][INFO] - EPOCH 2 / 50
[2021-10-27 01:18:07,831][core.trainer][INFO] - Computing metrics for 'train' dataset
[2021-10-27 01:18:27,815][core.trainer][INFO] - Computing metrics for 'val' dataset
[2021-10-27 01:18:30,693][core.metrics.meter][INFO] - Meter:
SequenceAccuracy:	0.014
TokenAccuracy:	0.600
LengthAccuracy:	0.891
1st Token Accuracy:	0.994
2nd Token Accuracy:	0.743
Average Loss:	1.597
[2021-10-27 01:18:50,264][core.trainer][INFO] - Computing metrics for 'val' dataset
[2021-10-27 01:18:53,090][core.metrics.meter][INFO] - Meter:
SequenceAccuracy:	0.029
TokenAccuracy:	0.647
LengthAccuracy:	0.911
1st Token Accuracy:	0.995
2nd Token Accuracy:	0.781
Average Loss:	1.429
[2021-10-27 01:19:12,798][core.trainer][INFO] - Computing metrics for 'val' dataset
[2021-10-27 01:19:15,632][core.metrics.meter][INFO] - Meter:
SequenceAccuracy:	0.066
TokenAccuracy:	0.679
LengthAccuracy:	0.921
1st Token Accuracy:	0.994
2nd Token Accuracy:	0.850
Average Loss:	1.299
[2021-10-27 01:19:35,329][core.trainer][INFO] - Computing metrics for 'val' dataset
[2021-10-27 01:19:38,158][core.metrics.meter][INFO] - Meter:
SequenceAccuracy:	0.141
TokenAccuracy:	0.739
LengthAccuracy:	0.927
1st Token Accuracy:	0.995
2nd Token Accuracy:	0.922
Average Loss:	1.108
[2021-10-27 01:19:57,984][core.trainer][INFO] - Computing metrics for 'val' dataset
[2021-10-27 01:20:00,812][core.metrics.meter][INFO] - Meter:
SequenceAccuracy:	0.242
TokenAccuracy:	0.785
LengthAccuracy:	0.924
1st Token Accuracy:	0.995
2nd Token Accuracy:	0.969
Average Loss:	0.951
[2021-10-27 01:20:20,552][core.trainer][INFO] - Computing metrics for 'val' dataset
[2021-10-27 01:20:23,392][core.metrics.meter][INFO] - Meter:
SequenceAccuracy:	0.359
TokenAccuracy:	0.825
LengthAccuracy:	0.932
1st Token Accuracy:	0.997
2nd Token Accuracy:	0.986
Average Loss:	0.801
[2021-10-27 01:20:43,038][core.trainer][INFO] - Computing metrics for 'val' dataset
[2021-10-27 01:20:45,874][core.metrics.meter][INFO] - Meter:
SequenceAccuracy:	0.464
TokenAccuracy:	0.863
LengthAccuracy:	0.933
1st Token Accuracy:	1.000
2nd Token Accuracy:	0.995
Average Loss:	0.648
[2021-10-27 01:21:05,536][core.trainer][INFO] - Computing metrics for 'val' dataset
[2021-10-27 01:21:08,368][core.metrics.meter][INFO] - Meter:
SequenceAccuracy:	0.556
TokenAccuracy:	0.890
LengthAccuracy:	0.940
1st Token Accuracy:	0.999
2nd Token Accuracy:	0.998
Average Loss:	0.544
[2021-10-27 01:21:28,125][core.trainer][INFO] - Computing metrics for 'val' dataset
[2021-10-27 01:21:30,958][core.metrics.meter][INFO] - Meter:
SequenceAccuracy:	0.616
TokenAccuracy:	0.907
LengthAccuracy:	0.942
1st Token Accuracy:	0.999
2nd Token Accuracy:	0.999
Average Loss:	0.457
[2021-10-27 01:21:50,708][core.trainer][INFO] - Computing metrics for 'val' dataset
[2021-10-27 01:21:53,551][core.metrics.meter][INFO] - Meter:
SequenceAccuracy:	0.668
TokenAccuracy:	0.922
LengthAccuracy:	0.947
1st Token Accuracy:	1.000
2nd Token Accuracy:	1.000
Average Loss:	0.391
[2021-10-27 01:22:13,298][core.trainer][INFO] - Computing metrics for 'val' dataset
[2021-10-27 01:22:16,139][core.metrics.meter][INFO] - Meter:
SequenceAccuracy:	0.695
TokenAccuracy:	0.935
LengthAccuracy:	0.938
1st Token Accuracy:	1.000
2nd Token Accuracy:	1.000
Average Loss:	0.341
[2021-10-27 01:22:35,992][core.trainer][INFO] - Computing metrics for 'val' dataset
[2021-10-27 01:22:38,834][core.metrics.meter][INFO] - Meter:
SequenceAccuracy:	0.734
TokenAccuracy:	0.946
LengthAccuracy:	0.942
1st Token Accuracy:	1.000
2nd Token Accuracy:	1.000
Average Loss:	0.291
[2021-10-27 01:22:58,591][core.trainer][INFO] - Computing metrics for 'val' dataset
[2021-10-27 01:23:01,423][core.metrics.meter][INFO] - Meter:
SequenceAccuracy:	0.760
TokenAccuracy:	0.953
LengthAccuracy:	0.947
1st Token Accuracy:	1.000
2nd Token Accuracy:	1.000
Average Loss:	0.255
[2021-10-27 01:23:21,097][core.trainer][INFO] - Computing metrics for 'val' dataset
[2021-10-27 01:23:23,942][core.metrics.meter][INFO] - Meter:
SequenceAccuracy:	0.779
TokenAccuracy:	0.958
LengthAccuracy:	0.945
1st Token Accuracy:	1.000
2nd Token Accuracy:	1.000
Average Loss:	0.231
[2021-10-27 01:23:43,757][core.trainer][INFO] - Computing metrics for 'val' dataset
[2021-10-27 01:23:46,605][core.metrics.meter][INFO] - Meter:
SequenceAccuracy:	0.796
TokenAccuracy:	0.965
LengthAccuracy:	0.949
1st Token Accuracy:	1.000
2nd Token Accuracy:	1.000
Average Loss:	0.205
[2021-10-27 01:24:06,312][core.trainer][INFO] - Computing metrics for 'val' dataset
[2021-10-27 01:24:09,152][core.metrics.meter][INFO] - Meter:
SequenceAccuracy:	0.830
TokenAccuracy:	0.972
LengthAccuracy:	0.947
1st Token Accuracy:	1.000
2nd Token Accuracy:	1.000
Average Loss:	0.176
[2021-10-27 01:24:28,827][core.trainer][INFO] - Computing metrics for 'val' dataset
[2021-10-27 01:24:31,666][core.metrics.meter][INFO] - Meter:
SequenceAccuracy:	0.840
TokenAccuracy:	0.976
LengthAccuracy:	0.945
1st Token Accuracy:	1.000
2nd Token Accuracy:	1.000
Average Loss:	0.160
[2021-10-27 01:24:51,422][core.trainer][INFO] - Computing metrics for 'val' dataset
[2021-10-27 01:24:54,269][core.metrics.meter][INFO] - Meter:
SequenceAccuracy:	0.846
TokenAccuracy:	0.978
LengthAccuracy:	0.947
1st Token Accuracy:	1.000
2nd Token Accuracy:	1.000
Average Loss:	0.149
[2021-10-27 01:25:14,045][core.trainer][INFO] - Computing metrics for 'val' dataset
[2021-10-27 01:25:16,885][core.metrics.meter][INFO] - Meter:
SequenceAccuracy:	0.866
TokenAccuracy:	0.982
LengthAccuracy:	0.946
1st Token Accuracy:	1.000
2nd Token Accuracy:	1.000
Average Loss:	0.133
[2021-10-27 01:25:36,684][core.trainer][INFO] - Computing metrics for 'val' dataset
[2021-10-27 01:25:39,525][core.metrics.meter][INFO] - Meter:
SequenceAccuracy:	0.874
TokenAccuracy:	0.985
LengthAccuracy:	0.944
1st Token Accuracy:	1.000
2nd Token Accuracy:	1.000
Average Loss:	0.125
[2021-10-27 01:25:39,684][core.trainer][INFO] - Computing metrics for 'test' dataset
[2021-10-27 01:26:07,133][core.metrics.meter][INFO] - Meter:
SequenceAccuracy:	0.879
TokenAccuracy:	0.982
LengthAccuracy:	0.946
1st Token Accuracy:	1.000
2nd Token Accuracy:	1.000
Average Loss:	0.134
[2021-10-27 01:26:07,133][core.trainer][INFO] - Computing metrics for 'gen' dataset
[2021-10-27 01:26:36,797][core.metrics.meter][INFO] - Meter:
SequenceAccuracy:	0.004
TokenAccuracy:	0.608
LengthAccuracy:	0.922
1st Token Accuracy:	0.023
2nd Token Accuracy:	1.000
Average Loss:	1.703
[2021-10-27 01:26:36,797][core.trainer][INFO] - EPOCH 3 / 50
[2021-10-27 01:26:36,797][core.trainer][INFO] - Computing metrics for 'train' dataset
[2021-10-27 01:26:56,531][core.trainer][INFO] - Computing metrics for 'val' dataset
[2021-10-27 01:26:59,367][core.metrics.meter][INFO] - Meter:
SequenceAccuracy:	0.890
TokenAccuracy:	0.987
LengthAccuracy:	0.949
1st Token Accuracy:	1.000
2nd Token Accuracy:	1.000
Average Loss:	0.114
[2021-10-27 01:26:59,433][core.early_stopping][INFO] - Early stopping counter: 1 / 5
[2021-10-27 01:26:59,459][core.early_stopping][INFO] - Pausing model saving until validation loss decreases by 0.0001
[2021-10-27 01:27:18,946][core.trainer][INFO] - Computing metrics for 'val' dataset
[2021-10-27 01:27:21,782][core.metrics.meter][INFO] - Meter:
SequenceAccuracy:	0.894
TokenAccuracy:	0.988
LengthAccuracy:	0.944
1st Token Accuracy:	1.000
2nd Token Accuracy:	1.000
Average Loss:	0.109
[2021-10-27 01:27:41,517][core.trainer][INFO] - Computing metrics for 'val' dataset
[2021-10-27 01:27:44,358][core.metrics.meter][INFO] - Meter:
SequenceAccuracy:	0.902
TokenAccuracy:	0.990
LengthAccuracy:	0.946
1st Token Accuracy:	1.000
2nd Token Accuracy:	1.000
Average Loss:	0.100
[2021-10-27 01:28:04,363][core.trainer][INFO] - Computing metrics for 'val' dataset
[2021-10-27 01:28:07,239][core.metrics.meter][INFO] - Meter:
SequenceAccuracy:	0.906
TokenAccuracy:	0.990
LengthAccuracy:	0.947
1st Token Accuracy:	1.000
2nd Token Accuracy:	1.000
Average Loss:	0.096
[2021-10-27 01:28:27,268][core.trainer][INFO] - Computing metrics for 'val' dataset
[2021-10-27 01:28:30,156][core.metrics.meter][INFO] - Meter:
SequenceAccuracy:	0.912
TokenAccuracy:	0.993
LengthAccuracy:	0.945
1st Token Accuracy:	1.000
2nd Token Accuracy:	1.000
Average Loss:	0.093
[2021-10-27 01:28:50,200][core.trainer][INFO] - Computing metrics for 'val' dataset
[2021-10-27 01:28:53,090][core.metrics.meter][INFO] - Meter:
SequenceAccuracy:	0.919
TokenAccuracy:	0.994
LengthAccuracy:	0.953
1st Token Accuracy:	1.000
2nd Token Accuracy:	1.000
Average Loss:	0.083
[2021-10-27 01:29:13,320][core.trainer][INFO] - Computing metrics for 'val' dataset
[2021-10-27 01:29:16,211][core.metrics.meter][INFO] - Meter:
SequenceAccuracy:	0.921
TokenAccuracy:	0.994
LengthAccuracy:	0.951
1st Token Accuracy:	1.000
2nd Token Accuracy:	1.000
Average Loss:	0.081
[2021-10-27 01:29:36,179][core.trainer][INFO] - Computing metrics for 'val' dataset
[2021-10-27 01:29:39,067][core.metrics.meter][INFO] - Meter:
SequenceAccuracy:	0.919
TokenAccuracy:	0.995
LengthAccuracy:	0.948
1st Token Accuracy:	1.000
2nd Token Accuracy:	1.000
Average Loss:	0.082
[2021-10-27 01:29:39,136][core.early_stopping][INFO] - Early stopping counter: 1 / 5
[2021-10-27 01:29:39,162][core.early_stopping][INFO] - Pausing model saving until validation loss decreases by 0.0001
[2021-10-27 01:29:59,091][core.trainer][INFO] - Computing metrics for 'val' dataset
[2021-10-27 01:30:01,988][core.metrics.meter][INFO] - Meter:
SequenceAccuracy:	0.924
TokenAccuracy:	0.995
LengthAccuracy:	0.951
1st Token Accuracy:	1.000
2nd Token Accuracy:	1.000
Average Loss:	0.076
[2021-10-27 01:30:22,068][core.trainer][INFO] - Computing metrics for 'val' dataset
[2021-10-27 01:30:24,958][core.metrics.meter][INFO] - Meter:
SequenceAccuracy:	0.927
TokenAccuracy:	0.995
LengthAccuracy:	0.953
1st Token Accuracy:	1.000
2nd Token Accuracy:	1.000
Average Loss:	0.074
[2021-10-27 01:30:45,057][core.trainer][INFO] - Computing metrics for 'val' dataset
[2021-10-27 01:30:47,952][core.metrics.meter][INFO] - Meter:
SequenceAccuracy:	0.925
TokenAccuracy:	0.995
LengthAccuracy:	0.953
1st Token Accuracy:	1.000
2nd Token Accuracy:	1.000
Average Loss:	0.071
[2021-10-27 01:30:48,010][core.early_stopping][INFO] - Early stopping counter: 1 / 5
[2021-10-27 01:30:48,036][core.early_stopping][INFO] - Pausing model saving until validation loss decreases by 0.0001
[2021-10-27 01:31:07,944][core.trainer][INFO] - Computing metrics for 'val' dataset
[2021-10-27 01:31:10,835][core.metrics.meter][INFO] - Meter:
SequenceAccuracy:	0.933
TokenAccuracy:	0.997
LengthAccuracy:	0.955
1st Token Accuracy:	1.000
2nd Token Accuracy:	1.000
Average Loss:	0.068
[2021-10-27 01:31:10,914][core.early_stopping][INFO] - Early stopping counter: 2 / 5
[2021-10-27 01:31:10,914][core.early_stopping][INFO] - Pausing model saving until validation loss decreases by 0.0001
[2021-10-27 01:31:30,933][core.trainer][INFO] - Computing metrics for 'val' dataset
[2021-10-27 01:31:33,828][core.metrics.meter][INFO] - Meter:
SequenceAccuracy:	0.930
TokenAccuracy:	0.997
LengthAccuracy:	0.951
1st Token Accuracy:	1.000
2nd Token Accuracy:	1.000
Average Loss:	0.071
[2021-10-27 01:31:33,892][core.early_stopping][INFO] - Early stopping counter: 3 / 5
[2021-10-27 01:31:33,918][core.early_stopping][INFO] - Pausing model saving until validation loss decreases by 0.0001
[2021-10-27 01:31:53,853][core.trainer][INFO] - Computing metrics for 'val' dataset
[2021-10-27 01:31:56,751][core.metrics.meter][INFO] - Meter:
SequenceAccuracy:	0.937
TokenAccuracy:	0.997
LengthAccuracy:	0.952
1st Token Accuracy:	1.000
2nd Token Accuracy:	1.000
Average Loss:	0.068
[2021-10-27 01:31:56,808][core.early_stopping][INFO] - Early stopping counter: 4 / 5
[2021-10-27 01:31:56,833][core.early_stopping][INFO] - Pausing model saving until validation loss decreases by 0.0001
[2021-10-27 01:32:16,794][core.trainer][INFO] - Computing metrics for 'val' dataset
[2021-10-27 01:32:19,682][core.metrics.meter][INFO] - Meter:
SequenceAccuracy:	0.937
TokenAccuracy:	0.997
LengthAccuracy:	0.955
1st Token Accuracy:	1.000
2nd Token Accuracy:	1.000
Average Loss:	0.064
[2021-10-27 01:32:19,753][core.early_stopping][INFO] - Early stopping counter: 5 / 5
[2021-10-27 01:32:19,779][core.early_stopping][INFO] - Pausing model saving until validation loss decreases by 0.0001
[2021-10-27 01:32:19,779][core.trainer][INFO] - Computing metrics for 'test' dataset
[2021-10-27 01:32:47,699][core.metrics.meter][INFO] - Meter:
SequenceAccuracy:	0.929
TokenAccuracy:	0.996
LengthAccuracy:	0.949
1st Token Accuracy:	1.000
2nd Token Accuracy:	1.000
Average Loss:	0.075
[2021-10-27 01:32:47,699][core.trainer][INFO] - Computing metrics for 'gen' dataset
[2021-10-27 01:33:18,071][core.metrics.meter][INFO] - Meter:
SequenceAccuracy:	0.005
TokenAccuracy:	0.603
LengthAccuracy:	0.915
1st Token Accuracy:	0.037
2nd Token Accuracy:	1.000
Average Loss:	1.919
[2021-10-27 01:33:18,071][core.trainer][INFO] - EPOCH 4 / 50
[2021-10-27 01:33:18,071][core.trainer][INFO] - Computing metrics for 'train' dataset
[2021-10-27 01:33:38,683][core.trainer][INFO] - Computing metrics for 'val' dataset
[2021-10-27 01:33:41,550][core.metrics.meter][INFO] - Meter:
SequenceAccuracy:	0.938
TokenAccuracy:	0.997
LengthAccuracy:	0.955
1st Token Accuracy:	1.000
2nd Token Accuracy:	1.000
Average Loss:	0.065
[2021-10-27 01:34:01,568][core.trainer][INFO] - Computing metrics for 'val' dataset
[2021-10-27 01:34:04,442][core.metrics.meter][INFO] - Meter:
SequenceAccuracy:	0.938
TokenAccuracy:	0.997
LengthAccuracy:	0.952
1st Token Accuracy:	1.000
2nd Token Accuracy:	1.000
Average Loss:	0.067
[2021-10-27 01:34:04,515][core.early_stopping][INFO] - Early stopping counter: 1 / 5
[2021-10-27 01:34:04,541][core.early_stopping][INFO] - Pausing model saving until validation loss decreases by 0.0001
[2021-10-27 01:34:24,259][core.trainer][INFO] - Computing metrics for 'val' dataset
[2021-10-27 01:34:27,107][core.metrics.meter][INFO] - Meter:
SequenceAccuracy:	0.938
TokenAccuracy:	0.998
LengthAccuracy:	0.954
1st Token Accuracy:	1.000
2nd Token Accuracy:	1.000
Average Loss:	0.063
[2021-10-27 01:34:27,163][core.early_stopping][INFO] - Early stopping counter: 2 / 5
[2021-10-27 01:34:27,189][core.early_stopping][INFO] - Pausing model saving until validation loss decreases by 0.0001
[2021-10-27 01:34:46,798][core.trainer][INFO] - Computing metrics for 'val' dataset
[2021-10-27 01:34:49,638][core.metrics.meter][INFO] - Meter:
SequenceAccuracy:	0.934
TokenAccuracy:	0.998
LengthAccuracy:	0.950
1st Token Accuracy:	1.000
2nd Token Accuracy:	1.000
Average Loss:	0.066
[2021-10-27 01:34:49,695][core.early_stopping][INFO] - Early stopping counter: 3 / 5
[2021-10-27 01:34:49,721][core.early_stopping][INFO] - Pausing model saving until validation loss decreases by 0.0001
[2021-10-27 01:35:09,365][core.trainer][INFO] - Computing metrics for 'val' dataset
[2021-10-27 01:35:12,213][core.metrics.meter][INFO] - Meter:
SequenceAccuracy:	0.936
TokenAccuracy:	0.998
LengthAccuracy:	0.949
1st Token Accuracy:	1.000
2nd Token Accuracy:	1.000
Average Loss:	0.069
[2021-10-27 01:35:12,274][core.early_stopping][INFO] - Early stopping counter: 4 / 5
[2021-10-27 01:35:12,299][core.early_stopping][INFO] - Pausing model saving until validation loss decreases by 0.0001
[2021-10-27 01:35:31,962][core.trainer][INFO] - Computing metrics for 'val' dataset
[2021-10-27 01:35:34,807][core.metrics.meter][INFO] - Meter:
SequenceAccuracy:	0.946
TokenAccuracy:	0.999
LengthAccuracy:	0.956
1st Token Accuracy:	1.000
2nd Token Accuracy:	1.000
Average Loss:	0.058
[2021-10-27 01:35:34,863][core.early_stopping][INFO] - Early stopping counter: 5 / 5
[2021-10-27 01:35:34,889][core.early_stopping][INFO] - Pausing model saving until validation loss decreases by 0.0001
[2021-10-27 01:35:34,889][core.trainer][INFO] - Computing metrics for 'test' dataset
[2021-10-27 01:36:02,345][core.metrics.meter][INFO] - Meter:
SequenceAccuracy:	0.940
TokenAccuracy:	0.998
LengthAccuracy:	0.952
1st Token Accuracy:	1.000
2nd Token Accuracy:	1.000
Average Loss:	0.066
[2021-10-27 01:36:02,345][core.trainer][INFO] - Computing metrics for 'gen' dataset
[2021-10-27 01:36:32,014][core.metrics.meter][INFO] - Meter:
SequenceAccuracy:	0.005
TokenAccuracy:	0.597
LengthAccuracy:	0.925
1st Token Accuracy:	0.036
2nd Token Accuracy:	1.000
Average Loss:	1.997
[2021-10-27 01:36:32,014][core.trainer][INFO] - EPOCH 5 / 50
[2021-10-27 01:36:32,014][core.trainer][INFO] - Computing metrics for 'train' dataset
[2021-10-27 01:36:51,770][core.trainer][INFO] - Computing metrics for 'val' dataset
[2021-10-27 01:36:54,607][core.metrics.meter][INFO] - Meter:
SequenceAccuracy:	0.940
TokenAccuracy:	0.999
LengthAccuracy:	0.951
1st Token Accuracy:	1.000
2nd Token Accuracy:	1.000
Average Loss:	0.066
[2021-10-27 01:37:14,368][core.trainer][INFO] - Computing metrics for 'val' dataset
[2021-10-27 01:37:17,214][core.metrics.meter][INFO] - Meter:
SequenceAccuracy:	0.943
TokenAccuracy:	0.999
LengthAccuracy:	0.949
1st Token Accuracy:	1.000
2nd Token Accuracy:	1.000
Average Loss:	0.065
[2021-10-27 01:37:17,271][core.early_stopping][INFO] - Early stopping counter: 1 / 5
[2021-10-27 01:37:17,297][core.early_stopping][INFO] - Pausing model saving until validation loss decreases by 0.0001
[2021-10-27 01:37:36,921][core.trainer][INFO] - Computing metrics for 'val' dataset
[2021-10-27 01:37:39,775][core.metrics.meter][INFO] - Meter:
SequenceAccuracy:	0.945
TokenAccuracy:	0.999
LengthAccuracy:	0.955
1st Token Accuracy:	1.000
2nd Token Accuracy:	1.000
Average Loss:	0.058
[2021-10-27 01:37:39,843][core.early_stopping][INFO] - Early stopping counter: 2 / 5
[2021-10-27 01:37:39,868][core.early_stopping][INFO] - Pausing model saving until validation loss decreases by 0.0001
[2021-10-27 01:37:59,498][core.trainer][INFO] - Computing metrics for 'val' dataset
[2021-10-27 01:38:02,342][core.metrics.meter][INFO] - Meter:
SequenceAccuracy:	0.946
TokenAccuracy:	0.999
LengthAccuracy:	0.953
1st Token Accuracy:	1.000
2nd Token Accuracy:	1.000
Average Loss:	0.059
[2021-10-27 01:38:02,399][core.early_stopping][INFO] - Early stopping counter: 3 / 5
[2021-10-27 01:38:02,425][core.early_stopping][INFO] - Pausing model saving until validation loss decreases by 0.0001
[2021-10-27 01:38:22,134][core.trainer][INFO] - Computing metrics for 'val' dataset
[2021-10-27 01:38:24,974][core.metrics.meter][INFO] - Meter:
SequenceAccuracy:	0.950
TokenAccuracy:	0.999
LengthAccuracy:	0.956
1st Token Accuracy:	1.000
2nd Token Accuracy:	1.000
Average Loss:	0.056
[2021-10-27 01:38:25,053][core.early_stopping][INFO] - Early stopping counter: 4 / 5
[2021-10-27 01:38:25,078][core.early_stopping][INFO] - Pausing model saving until validation loss decreases by 0.0001
[2021-10-27 01:38:44,720][core.trainer][INFO] - Computing metrics for 'val' dataset
[2021-10-27 01:38:47,564][core.metrics.meter][INFO] - Meter:
SequenceAccuracy:	0.946
TokenAccuracy:	0.999
LengthAccuracy:	0.953
1st Token Accuracy:	1.000
2nd Token Accuracy:	1.000
Average Loss:	0.060
[2021-10-27 01:38:47,622][core.early_stopping][INFO] - Early stopping counter: 5 / 5
[2021-10-27 01:38:47,646][core.early_stopping][INFO] - Pausing model saving until validation loss decreases by 0.0001
[2021-10-27 01:38:47,647][core.trainer][INFO] - Computing metrics for 'test' dataset
[2021-10-27 01:39:15,137][core.metrics.meter][INFO] - Meter:
SequenceAccuracy:	0.943
TokenAccuracy:	0.999
LengthAccuracy:	0.950
1st Token Accuracy:	1.000
2nd Token Accuracy:	1.000
Average Loss:	0.063
[2021-10-27 01:39:15,137][core.trainer][INFO] - Computing metrics for 'gen' dataset
[2021-10-27 01:39:44,845][core.metrics.meter][INFO] - Meter:
SequenceAccuracy:	0.006
TokenAccuracy:	0.604
LengthAccuracy:	0.925
1st Token Accuracy:	0.039
2nd Token Accuracy:	1.000
Average Loss:	2.010
[2021-10-27 01:39:44,845][core.trainer][INFO] - EPOCH 6 / 50
[2021-10-27 01:39:44,845][core.trainer][INFO] - Computing metrics for 'train' dataset
[2021-10-27 01:40:04,584][core.trainer][INFO] - Computing metrics for 'val' dataset
[2021-10-27 01:40:07,434][core.metrics.meter][INFO] - Meter:
SequenceAccuracy:	0.946
TokenAccuracy:	0.999
LengthAccuracy:	0.951
1st Token Accuracy:	1.000
2nd Token Accuracy:	1.000
Average Loss:	0.062
[2021-10-27 01:40:07,510][core.early_stopping][INFO] - Early stopping counter: 6 / 5
[2021-10-27 01:40:07,510][core.early_stopping][INFO] - Pausing model saving until validation loss decreases by 0.0001
[2021-10-27 01:40:07,510][core.trainer][INFO] - Computing metrics for 'test' dataset
[2021-10-27 01:40:34,990][core.metrics.meter][INFO] - Meter:
SequenceAccuracy:	0.945
TokenAccuracy:	0.999
LengthAccuracy:	0.950
1st Token Accuracy:	1.000
2nd Token Accuracy:	1.000
Average Loss:	0.063
[2021-10-27 01:40:34,990][core.trainer][INFO] - Computing metrics for 'gen' dataset
[2021-10-27 01:41:04,684][core.metrics.meter][INFO] - Meter:
SequenceAccuracy:	0.007
TokenAccuracy:	0.604
LengthAccuracy:	0.925
1st Token Accuracy:	0.040
2nd Token Accuracy:	1.000
Average Loss:	2.017
[2021-10-27 01:41:04,684][core.trainer][INFO] - EPOCH 7 / 50
[2021-10-27 01:41:04,684][core.trainer][INFO] - Computing metrics for 'train' dataset
[2021-10-27 01:41:24,362][core.trainer][INFO] - Computing metrics for 'val' dataset
[2021-10-27 01:41:27,201][core.metrics.meter][INFO] - Meter:
SequenceAccuracy:	0.946
TokenAccuracy:	0.999
LengthAccuracy:	0.951
1st Token Accuracy:	1.000
2nd Token Accuracy:	1.000
Average Loss:	0.062
[2021-10-27 01:41:27,257][core.early_stopping][INFO] - Early stopping counter: 7 / 5
[2021-10-27 01:41:27,283][core.early_stopping][INFO] - Pausing model saving until validation loss decreases by 0.0001
[2021-10-27 01:41:27,283][core.trainer][INFO] - Computing metrics for 'test' dataset
[2021-10-27 01:41:54,722][core.metrics.meter][INFO] - Meter:
SequenceAccuracy:	0.943
TokenAccuracy:	0.999
LengthAccuracy:	0.948
1st Token Accuracy:	1.000
2nd Token Accuracy:	1.000
Average Loss:	0.065
[2021-10-27 01:41:54,722][core.trainer][INFO] - Computing metrics for 'gen' dataset
[2021-10-27 01:42:24,338][core.metrics.meter][INFO] - Meter:
SequenceAccuracy:	0.006
TokenAccuracy:	0.600
LengthAccuracy:	0.908
1st Token Accuracy:	0.040
2nd Token Accuracy:	1.000
Average Loss:	2.054
[2021-10-27 01:42:24,338][core.trainer][INFO] - EPOCH 8 / 50
[2021-10-27 01:42:24,338][core.trainer][INFO] - Computing metrics for 'train' dataset
[2021-10-27 01:42:44,000][core.trainer][INFO] - Computing metrics for 'val' dataset
[2021-10-27 01:42:46,853][core.metrics.meter][INFO] - Meter:
SequenceAccuracy:	0.948
TokenAccuracy:	0.999
LengthAccuracy:	0.954
1st Token Accuracy:	1.000
2nd Token Accuracy:	1.000
Average Loss:	0.058
[2021-10-27 01:42:46,928][core.early_stopping][INFO] - Early stopping counter: 8 / 5
[2021-10-27 01:42:46,954][core.early_stopping][INFO] - Pausing model saving until validation loss decreases by 0.0001
[2021-10-27 01:42:46,954][core.trainer][INFO] - Computing metrics for 'test' dataset
[2021-10-27 01:43:14,441][core.metrics.meter][INFO] - Meter:
SequenceAccuracy:	0.949
TokenAccuracy:	0.999
LengthAccuracy:	0.955
1st Token Accuracy:	1.000
2nd Token Accuracy:	1.000
Average Loss:	0.057
[2021-10-27 01:43:14,441][core.trainer][INFO] - Computing metrics for 'gen' dataset
[2021-10-27 01:43:44,160][core.metrics.meter][INFO] - Meter:
SequenceAccuracy:	0.008
TokenAccuracy:	0.605
LengthAccuracy:	0.926
1st Token Accuracy:	0.038
2nd Token Accuracy:	1.000
Average Loss:	2.030
[2021-10-27 01:43:44,160][core.trainer][INFO] - EPOCH 9 / 50
[2021-10-27 01:43:44,160][core.trainer][INFO] - Computing metrics for 'train' dataset
[2021-10-27 01:44:03,920][core.trainer][INFO] - Computing metrics for 'val' dataset
[2021-10-27 01:44:06,770][core.metrics.meter][INFO] - Meter:
SequenceAccuracy:	0.947
TokenAccuracy:	0.999
LengthAccuracy:	0.950
1st Token Accuracy:	1.000
2nd Token Accuracy:	1.000
Average Loss:	0.061
[2021-10-27 01:44:06,826][core.early_stopping][INFO] - Early stopping counter: 9 / 5
[2021-10-27 01:44:06,852][core.early_stopping][INFO] - Pausing model saving until validation loss decreases by 0.0001
[2021-10-27 01:44:06,853][core.trainer][INFO] - Computing metrics for 'test' dataset
[2021-10-27 01:44:34,273][core.metrics.meter][INFO] - Meter:
SequenceAccuracy:	0.946
TokenAccuracy:	0.999
LengthAccuracy:	0.951
1st Token Accuracy:	1.000
2nd Token Accuracy:	1.000
Average Loss:	0.061
[2021-10-27 01:44:34,273][core.trainer][INFO] - Computing metrics for 'gen' dataset
[2021-10-27 01:45:03,888][core.metrics.meter][INFO] - Meter:
SequenceAccuracy:	0.006
TokenAccuracy:	0.599
LengthAccuracy:	0.919
1st Token Accuracy:	0.037
2nd Token Accuracy:	1.000
Average Loss:	2.072
[2021-10-27 01:45:03,889][core.trainer][INFO] - EPOCH 10 / 50
[2021-10-27 01:45:03,889][core.trainer][INFO] - Computing metrics for 'train' dataset
[2021-10-27 01:45:23,873][core.trainer][INFO] - Computing metrics for 'val' dataset
[2021-10-27 01:45:26,767][core.metrics.meter][INFO] - Meter:
SequenceAccuracy:	0.946
TokenAccuracy:	0.999
LengthAccuracy:	0.951
1st Token Accuracy:	1.000
2nd Token Accuracy:	1.000
Average Loss:	0.063
[2021-10-27 01:45:26,834][core.early_stopping][INFO] - Early stopping counter: 10 / 5
[2021-10-27 01:45:26,859][core.early_stopping][INFO] - Pausing model saving until validation loss decreases by 0.0001
[2021-10-27 01:45:26,859][core.trainer][INFO] - Computing metrics for 'test' dataset
[2021-10-27 01:45:54,698][core.metrics.meter][INFO] - Meter:
SequenceAccuracy:	0.946
TokenAccuracy:	0.999
LengthAccuracy:	0.951
1st Token Accuracy:	1.000
2nd Token Accuracy:	1.000
Average Loss:	0.061
[2021-10-27 01:45:54,698][core.trainer][INFO] - Computing metrics for 'gen' dataset
[2021-10-27 01:46:24,792][core.metrics.meter][INFO] - Meter:
SequenceAccuracy:	0.006
TokenAccuracy:	0.598
LengthAccuracy:	0.928
1st Token Accuracy:	0.039
2nd Token Accuracy:	1.000
Average Loss:	2.088
[2021-10-27 01:46:24,792][core.trainer][INFO] - EPOCH 11 / 50
[2021-10-27 01:46:24,792][core.trainer][INFO] - Computing metrics for 'train' dataset
[2021-10-27 01:46:44,863][core.trainer][INFO] - Computing metrics for 'val' dataset
[2021-10-27 01:46:47,756][core.metrics.meter][INFO] - Meter:
SequenceAccuracy:	0.949
TokenAccuracy:	1.000
LengthAccuracy:	0.953
1st Token Accuracy:	1.000
2nd Token Accuracy:	1.000
Average Loss:	0.058
[2021-10-27 01:47:07,920][core.trainer][INFO] - Computing metrics for 'val' dataset
[2021-10-27 01:47:10,815][core.metrics.meter][INFO] - Meter:
SequenceAccuracy:	0.947
TokenAccuracy:	1.000
LengthAccuracy:	0.951
1st Token Accuracy:	1.000
2nd Token Accuracy:	1.000
Average Loss:	0.061
[2021-10-27 01:47:10,906][core.early_stopping][INFO] - Early stopping counter: 1 / 5
[2021-10-27 01:47:10,906][core.early_stopping][INFO] - Pausing model saving until validation loss decreases by 0.0001
[2021-10-27 01:47:30,896][core.trainer][INFO] - Computing metrics for 'val' dataset
[2021-10-27 01:47:33,784][core.metrics.meter][INFO] - Meter:
SequenceAccuracy:	0.944
TokenAccuracy:	0.999
LengthAccuracy:	0.947
1st Token Accuracy:	1.000
2nd Token Accuracy:	1.000
Average Loss:	0.063
[2021-10-27 01:47:33,841][core.early_stopping][INFO] - Early stopping counter: 2 / 5
[2021-10-27 01:47:33,866][core.early_stopping][INFO] - Pausing model saving until validation loss decreases by 0.0001
[2021-10-27 01:47:53,692][core.trainer][INFO] - Computing metrics for 'val' dataset
[2021-10-27 01:47:56,588][core.metrics.meter][INFO] - Meter:
SequenceAccuracy:	0.946
TokenAccuracy:	1.000
LengthAccuracy:	0.949
1st Token Accuracy:	1.000
2nd Token Accuracy:	1.000
Average Loss:	0.061
[2021-10-27 01:47:56,644][core.early_stopping][INFO] - Early stopping counter: 3 / 5
[2021-10-27 01:47:56,670][core.early_stopping][INFO] - Pausing model saving until validation loss decreases by 0.0001
[2021-10-27 01:48:16,799][core.trainer][INFO] - Computing metrics for 'val' dataset
[2021-10-27 01:48:19,697][core.metrics.meter][INFO] - Meter:
SequenceAccuracy:	0.950
TokenAccuracy:	1.000
LengthAccuracy:	0.952
1st Token Accuracy:	1.000
2nd Token Accuracy:	1.000
Average Loss:	0.059
[2021-10-27 01:48:39,800][core.trainer][INFO] - Computing metrics for 'val' dataset
[2021-10-27 01:48:42,682][core.metrics.meter][INFO] - Meter:
SequenceAccuracy:	0.952
TokenAccuracy:	1.000
LengthAccuracy:	0.955
1st Token Accuracy:	1.000
2nd Token Accuracy:	1.000
Average Loss:	0.054
[2021-10-27 01:49:02,837][core.trainer][INFO] - Computing metrics for 'val' dataset
[2021-10-27 01:49:05,730][core.metrics.meter][INFO] - Meter:
SequenceAccuracy:	0.946
TokenAccuracy:	1.000
LengthAccuracy:	0.949
1st Token Accuracy:	1.000
2nd Token Accuracy:	1.000
Average Loss:	0.062
[2021-10-27 01:49:05,792][core.early_stopping][INFO] - Early stopping counter: 1 / 5
[2021-10-27 01:49:05,817][core.early_stopping][INFO] - Pausing model saving until validation loss decreases by 0.0001
[2021-10-27 01:49:25,744][core.trainer][INFO] - Computing metrics for 'val' dataset
[2021-10-27 01:49:28,636][core.metrics.meter][INFO] - Meter:
SequenceAccuracy:	0.954
TokenAccuracy:	1.000
LengthAccuracy:	0.957
1st Token Accuracy:	1.000
2nd Token Accuracy:	1.000
Average Loss:	0.053
[2021-10-27 01:49:28,693][core.early_stopping][INFO] - Early stopping counter: 2 / 5
[2021-10-27 01:49:28,719][core.early_stopping][INFO] - Pausing model saving until validation loss decreases by 0.0001
[2021-10-27 01:49:48,572][core.trainer][INFO] - Computing metrics for 'val' dataset
[2021-10-27 01:49:51,463][core.metrics.meter][INFO] - Meter:
SequenceAccuracy:	0.953
TokenAccuracy:	1.000
LengthAccuracy:	0.956
1st Token Accuracy:	1.000
2nd Token Accuracy:	1.000
Average Loss:	0.055
[2021-10-27 01:49:51,533][core.early_stopping][INFO] - Early stopping counter: 3 / 5
[2021-10-27 01:49:51,559][core.early_stopping][INFO] - Pausing model saving until validation loss decreases by 0.0001
[2021-10-27 01:50:11,505][core.trainer][INFO] - Computing metrics for 'val' dataset
[2021-10-27 01:50:14,393][core.metrics.meter][INFO] - Meter:
SequenceAccuracy:	0.947
TokenAccuracy:	1.000
LengthAccuracy:	0.949
1st Token Accuracy:	1.000
2nd Token Accuracy:	1.000
Average Loss:	0.059
[2021-10-27 01:50:14,449][core.early_stopping][INFO] - Early stopping counter: 4 / 5
[2021-10-27 01:50:14,474][core.early_stopping][INFO] - Pausing model saving until validation loss decreases by 0.0001
[2021-10-27 01:50:34,392][core.trainer][INFO] - Computing metrics for 'val' dataset
[2021-10-27 01:50:37,282][core.metrics.meter][INFO] - Meter:
SequenceAccuracy:	0.955
TokenAccuracy:	1.000
LengthAccuracy:	0.956
1st Token Accuracy:	1.000
2nd Token Accuracy:	1.000
Average Loss:	0.054
[2021-10-27 01:50:57,338][core.trainer][INFO] - Computing metrics for 'val' dataset
[2021-10-27 01:51:00,228][core.metrics.meter][INFO] - Meter:
SequenceAccuracy:	0.956
TokenAccuracy:	1.000
LengthAccuracy:	0.958
1st Token Accuracy:	1.000
2nd Token Accuracy:	1.000
Average Loss:	0.051
[2021-10-27 01:51:00,287][core.early_stopping][INFO] - Early stopping counter: 1 / 5
[2021-10-27 01:51:00,312][core.early_stopping][INFO] - Pausing model saving until validation loss decreases by 0.0001
[2021-10-27 01:51:20,027][core.trainer][INFO] - Computing metrics for 'val' dataset
[2021-10-27 01:51:22,856][core.metrics.meter][INFO] - Meter:
SequenceAccuracy:	0.956
TokenAccuracy:	1.000
LengthAccuracy:	0.958
1st Token Accuracy:	1.000
2nd Token Accuracy:	1.000
Average Loss:	0.050
[2021-10-27 01:51:22,912][core.early_stopping][INFO] - Early stopping counter: 2 / 5
[2021-10-27 01:51:22,937][core.early_stopping][INFO] - Pausing model saving until validation loss decreases by 0.0001
[2021-10-27 01:51:42,611][core.trainer][INFO] - Computing metrics for 'val' dataset
[2021-10-27 01:51:45,458][core.metrics.meter][INFO] - Meter:
SequenceAccuracy:	0.950
TokenAccuracy:	1.000
LengthAccuracy:	0.952
1st Token Accuracy:	1.000
2nd Token Accuracy:	1.000
Average Loss:	0.057
[2021-10-27 01:52:05,241][core.trainer][INFO] - Computing metrics for 'val' dataset
[2021-10-27 01:52:08,078][core.metrics.meter][INFO] - Meter:
SequenceAccuracy:	0.955
TokenAccuracy:	1.000
LengthAccuracy:	0.956
1st Token Accuracy:	1.000
2nd Token Accuracy:	1.000
Average Loss:	0.054
[2021-10-27 01:52:27,766][core.trainer][INFO] - Computing metrics for 'val' dataset
[2021-10-27 01:52:30,616][core.metrics.meter][INFO] - Meter:
SequenceAccuracy:	0.952
TokenAccuracy:	1.000
LengthAccuracy:	0.955
1st Token Accuracy:	1.000
2nd Token Accuracy:	1.000
Average Loss:	0.053
[2021-10-27 01:52:30,691][core.early_stopping][INFO] - Early stopping counter: 1 / 5
[2021-10-27 01:52:30,716][core.early_stopping][INFO] - Pausing model saving until validation loss decreases by 0.0001
[2021-10-27 01:52:50,309][core.trainer][INFO] - Computing metrics for 'val' dataset
[2021-10-27 01:52:53,155][core.metrics.meter][INFO] - Meter:
SequenceAccuracy:	0.947
TokenAccuracy:	1.000
LengthAccuracy:	0.949
1st Token Accuracy:	1.000
2nd Token Accuracy:	1.000
Average Loss:	0.062
[2021-10-27 01:52:53,212][core.early_stopping][INFO] - Early stopping counter: 2 / 5
[2021-10-27 01:52:53,238][core.early_stopping][INFO] - Pausing model saving until validation loss decreases by 0.0001
[2021-10-27 01:53:12,836][core.trainer][INFO] - Computing metrics for 'val' dataset
[2021-10-27 01:53:15,679][core.metrics.meter][INFO] - Meter:
SequenceAccuracy:	0.948
TokenAccuracy:	1.000
LengthAccuracy:	0.949
1st Token Accuracy:	1.000
2nd Token Accuracy:	1.000
Average Loss:	0.061
[2021-10-27 01:53:15,737][core.early_stopping][INFO] - Early stopping counter: 3 / 5
[2021-10-27 01:53:15,761][core.early_stopping][INFO] - Pausing model saving until validation loss decreases by 0.0001
[2021-10-27 01:53:35,437][core.trainer][INFO] - Computing metrics for 'val' dataset
[2021-10-27 01:53:38,284][core.metrics.meter][INFO] - Meter:
SequenceAccuracy:	0.952
TokenAccuracy:	1.000
LengthAccuracy:	0.953
1st Token Accuracy:	1.000
2nd Token Accuracy:	1.000
Average Loss:	0.056
[2021-10-27 01:53:38,345][core.early_stopping][INFO] - Early stopping counter: 4 / 5
[2021-10-27 01:53:38,371][core.early_stopping][INFO] - Pausing model saving until validation loss decreases by 0.0001
[2021-10-27 01:53:57,966][core.trainer][INFO] - Computing metrics for 'val' dataset
[2021-10-27 01:54:00,820][core.metrics.meter][INFO] - Meter:
SequenceAccuracy:	0.952
TokenAccuracy:	1.000
LengthAccuracy:	0.953
1st Token Accuracy:	1.000
2nd Token Accuracy:	1.000
Average Loss:	0.056
[2021-10-27 01:54:00,876][core.early_stopping][INFO] - Early stopping counter: 5 / 5
[2021-10-27 01:54:00,903][core.early_stopping][INFO] - Pausing model saving until validation loss decreases by 0.0001
[2021-10-27 01:54:00,903][core.trainer][INFO] - Computing metrics for 'test' dataset
[2021-10-27 01:54:28,364][core.metrics.meter][INFO] - Meter:
SequenceAccuracy:	0.952
TokenAccuracy:	1.000
LengthAccuracy:	0.953
1st Token Accuracy:	1.000
2nd Token Accuracy:	1.000
Average Loss:	0.057
[2021-10-27 01:54:28,364][core.trainer][INFO] - Computing metrics for 'gen' dataset
[2021-10-27 01:54:58,069][core.metrics.meter][INFO] - Meter:
SequenceAccuracy:	0.004
TokenAccuracy:	0.604
LengthAccuracy:	0.925
1st Token Accuracy:	0.036
2nd Token Accuracy:	1.000
Average Loss:	2.166
[2021-10-27 01:54:58,069][core.trainer][INFO] - EPOCH 12 / 50
[2021-10-27 01:54:58,069][core.trainer][INFO] - Computing metrics for 'train' dataset
[2021-10-27 01:55:17,811][core.trainer][INFO] - Computing metrics for 'val' dataset
[2021-10-27 01:55:20,658][core.metrics.meter][INFO] - Meter:
SequenceAccuracy:	0.948
TokenAccuracy:	1.000
LengthAccuracy:	0.950
1st Token Accuracy:	1.000
2nd Token Accuracy:	1.000
Average Loss:	0.059
[2021-10-27 01:55:20,720][core.early_stopping][INFO] - Early stopping counter: 6 / 5
[2021-10-27 01:55:20,746][core.early_stopping][INFO] - Pausing model saving until validation loss decreases by 0.0001
[2021-10-27 01:55:20,747][core.trainer][INFO] - Computing metrics for 'test' dataset
[2021-10-27 01:55:48,222][core.metrics.meter][INFO] - Meter:
SequenceAccuracy:	0.949
TokenAccuracy:	1.000
LengthAccuracy:	0.949
1st Token Accuracy:	1.000
2nd Token Accuracy:	1.000
Average Loss:	0.060
[2021-10-27 01:55:48,222][core.trainer][INFO] - Computing metrics for 'gen' dataset
[2021-10-27 01:56:17,903][core.metrics.meter][INFO] - Meter:
SequenceAccuracy:	0.005
TokenAccuracy:	0.604
LengthAccuracy:	0.922
1st Token Accuracy:	0.037
2nd Token Accuracy:	1.000
Average Loss:	2.165
[2021-10-27 01:56:17,903][core.trainer][INFO] - EPOCH 13 / 50
[2021-10-27 01:56:17,903][core.trainer][INFO] - Computing metrics for 'train' dataset
[2021-10-27 01:56:37,627][core.trainer][INFO] - Computing metrics for 'val' dataset
[2021-10-27 01:56:40,476][core.metrics.meter][INFO] - Meter:
SequenceAccuracy:	0.949
TokenAccuracy:	1.000
LengthAccuracy:	0.950
1st Token Accuracy:	1.000
2nd Token Accuracy:	1.000
Average Loss:	0.057
[2021-10-27 01:56:40,532][core.early_stopping][INFO] - Early stopping counter: 7 / 5
[2021-10-27 01:56:40,558][core.early_stopping][INFO] - Pausing model saving until validation loss decreases by 0.0001
[2021-10-27 01:56:40,558][core.trainer][INFO] - Computing metrics for 'test' dataset
[2021-10-27 01:57:08,055][core.metrics.meter][INFO] - Meter:
SequenceAccuracy:	0.953
TokenAccuracy:	1.000
LengthAccuracy:	0.954
1st Token Accuracy:	1.000
2nd Token Accuracy:	1.000
Average Loss:	0.055
[2021-10-27 01:57:08,055][core.trainer][INFO] - Computing metrics for 'gen' dataset
[2021-10-27 01:57:37,783][core.metrics.meter][INFO] - Meter:
SequenceAccuracy:	0.005
TokenAccuracy:	0.601
LengthAccuracy:	0.924
1st Token Accuracy:	0.040
2nd Token Accuracy:	1.000
Average Loss:	2.182
[2021-10-27 01:57:37,783][core.trainer][INFO] - EPOCH 14 / 50
[2021-10-27 01:57:37,783][core.trainer][INFO] - Computing metrics for 'train' dataset
[2021-10-27 01:57:57,482][core.trainer][INFO] - Computing metrics for 'val' dataset
[2021-10-27 01:58:00,327][core.metrics.meter][INFO] - Meter:
SequenceAccuracy:	0.951
TokenAccuracy:	1.000
LengthAccuracy:	0.952
1st Token Accuracy:	1.000
2nd Token Accuracy:	1.000
Average Loss:	0.055
[2021-10-27 01:58:00,386][core.early_stopping][INFO] - Early stopping counter: 8 / 5
[2021-10-27 01:58:00,411][core.early_stopping][INFO] - Pausing model saving until validation loss decreases by 0.0001
[2021-10-27 01:58:00,412][core.trainer][INFO] - Computing metrics for 'test' dataset
[2021-10-27 01:58:27,916][core.metrics.meter][INFO] - Meter:
SequenceAccuracy:	0.949
TokenAccuracy:	1.000
LengthAccuracy:	0.950
1st Token Accuracy:	1.000
2nd Token Accuracy:	1.000
Average Loss:	0.058
[2021-10-27 01:58:27,916][core.trainer][INFO] - Computing metrics for 'gen' dataset
[2021-10-27 01:58:57,652][core.metrics.meter][INFO] - Meter:
SequenceAccuracy:	0.004
TokenAccuracy:	0.603
LengthAccuracy:	0.920
1st Token Accuracy:	0.034
2nd Token Accuracy:	1.000
Average Loss:	2.185
[2021-10-27 01:58:57,652][core.trainer][INFO] - EPOCH 15 / 50
[2021-10-27 01:58:57,652][core.trainer][INFO] - Computing metrics for 'train' dataset
[2021-10-27 01:59:17,340][core.trainer][INFO] - Computing metrics for 'val' dataset
[2021-10-27 01:59:20,195][core.metrics.meter][INFO] - Meter:
SequenceAccuracy:	0.955
TokenAccuracy:	1.000
LengthAccuracy:	0.955
1st Token Accuracy:	1.000
2nd Token Accuracy:	1.000
Average Loss:	0.052
[2021-10-27 01:59:20,251][core.early_stopping][INFO] - Early stopping counter: 9 / 5
[2021-10-27 01:59:20,277][core.early_stopping][INFO] - Pausing model saving until validation loss decreases by 0.0001
[2021-10-27 01:59:20,278][core.trainer][INFO] - Computing metrics for 'test' dataset
[2021-10-27 01:59:47,751][core.metrics.meter][INFO] - Meter:
SequenceAccuracy:	0.949
TokenAccuracy:	1.000
LengthAccuracy:	0.951
1st Token Accuracy:	1.000
2nd Token Accuracy:	1.000
Average Loss:	0.058
[2021-10-27 01:59:47,751][core.trainer][INFO] - Computing metrics for 'gen' dataset
[2021-10-27 02:00:17,450][core.metrics.meter][INFO] - Meter:
SequenceAccuracy:	0.006
TokenAccuracy:	0.602
LengthAccuracy:	0.923
1st Token Accuracy:	0.041
2nd Token Accuracy:	1.000
Average Loss:	2.194
[2021-10-27 02:00:17,450][core.trainer][INFO] - EPOCH 16 / 50
[2021-10-27 02:00:17,450][core.trainer][INFO] - Computing metrics for 'train' dataset
[2021-10-27 02:00:37,185][core.trainer][INFO] - Computing metrics for 'val' dataset
[2021-10-27 02:00:40,031][core.metrics.meter][INFO] - Meter:
SequenceAccuracy:	0.958
TokenAccuracy:	1.000
LengthAccuracy:	0.959
1st Token Accuracy:	1.000
2nd Token Accuracy:	1.000
Average Loss:	0.048
[2021-10-27 02:00:40,088][core.early_stopping][INFO] - Early stopping counter: 10 / 5
[2021-10-27 02:00:40,113][core.early_stopping][INFO] - Pausing model saving until validation loss decreases by 0.0001
[2021-10-27 02:00:40,114][core.trainer][INFO] - Computing metrics for 'test' dataset
[2021-10-27 02:01:07,670][core.metrics.meter][INFO] - Meter:
SequenceAccuracy:	0.948
TokenAccuracy:	1.000
LengthAccuracy:	0.949
1st Token Accuracy:	1.000
2nd Token Accuracy:	1.000
Average Loss:	0.060
[2021-10-27 02:01:07,670][core.trainer][INFO] - Computing metrics for 'gen' dataset
[2021-10-27 02:01:37,441][core.metrics.meter][INFO] - Meter:
SequenceAccuracy:	0.004
TokenAccuracy:	0.605
LengthAccuracy:	0.925
1st Token Accuracy:	0.036
2nd Token Accuracy:	1.000
Average Loss:	2.184
[2021-10-27 02:01:37,441][core.trainer][INFO] - EPOCH 17 / 50
[2021-10-27 02:01:37,441][core.trainer][INFO] - Computing metrics for 'train' dataset
[2021-10-27 02:01:57,129][core.trainer][INFO] - Computing metrics for 'val' dataset
[2021-10-27 02:01:59,977][core.metrics.meter][INFO] - Meter:
SequenceAccuracy:	0.954
TokenAccuracy:	1.000
LengthAccuracy:	0.954
1st Token Accuracy:	1.000
2nd Token Accuracy:	1.000
Average Loss:	0.054
[2021-10-27 02:02:00,053][core.early_stopping][INFO] - Early stopping counter: 11 / 5
[2021-10-27 02:02:00,079][core.early_stopping][INFO] - Pausing model saving until validation loss decreases by 0.0001
[2021-10-27 02:02:00,080][core.trainer][INFO] - Computing metrics for 'test' dataset
[2021-10-27 02:02:27,523][core.metrics.meter][INFO] - Meter:
SequenceAccuracy:	0.950
TokenAccuracy:	1.000
LengthAccuracy:	0.952
1st Token Accuracy:	1.000
2nd Token Accuracy:	1.000
Average Loss:	0.057
[2021-10-27 02:02:27,523][core.trainer][INFO] - Computing metrics for 'gen' dataset
[2021-10-27 02:02:57,171][core.metrics.meter][INFO] - Meter:
SequenceAccuracy:	0.005
TokenAccuracy:	0.605
LengthAccuracy:	0.920
1st Token Accuracy:	0.039
2nd Token Accuracy:	1.000
Average Loss:	2.184
[2021-10-27 02:02:57,172][core.trainer][INFO] - EPOCH 18 / 50
[2021-10-27 02:02:57,172][core.trainer][INFO] - Computing metrics for 'train' dataset
[2021-10-27 02:03:16,899][core.trainer][INFO] - Computing metrics for 'val' dataset
[2021-10-27 02:03:19,739][core.metrics.meter][INFO] - Meter:
SequenceAccuracy:	0.949
TokenAccuracy:	1.000
LengthAccuracy:	0.950
1st Token Accuracy:	1.000
2nd Token Accuracy:	1.000
Average Loss:	0.059
[2021-10-27 02:03:19,796][core.early_stopping][INFO] - Early stopping counter: 12 / 5
[2021-10-27 02:03:19,823][core.early_stopping][INFO] - Pausing model saving until validation loss decreases by 0.0001
[2021-10-27 02:03:19,823][core.trainer][INFO] - Computing metrics for 'test' dataset
[2021-10-27 02:03:47,309][core.metrics.meter][INFO] - Meter:
SequenceAccuracy:	0.949
TokenAccuracy:	1.000
LengthAccuracy:	0.950
1st Token Accuracy:	1.000
2nd Token Accuracy:	1.000
Average Loss:	0.059
[2021-10-27 02:03:47,309][core.trainer][INFO] - Computing metrics for 'gen' dataset
[2021-10-27 02:04:16,974][core.metrics.meter][INFO] - Meter:
SequenceAccuracy:	0.005
TokenAccuracy:	0.607
LengthAccuracy:	0.926
1st Token Accuracy:	0.033
2nd Token Accuracy:	1.000
Average Loss:	2.173
[2021-10-27 02:04:16,974][core.trainer][INFO] - EPOCH 19 / 50
[2021-10-27 02:04:16,974][core.trainer][INFO] - Computing metrics for 'train' dataset
[2021-10-27 02:04:36,685][core.trainer][INFO] - Computing metrics for 'val' dataset
[2021-10-27 02:04:39,530][core.metrics.meter][INFO] - Meter:
SequenceAccuracy:	0.956
TokenAccuracy:	1.000
LengthAccuracy:	0.956
1st Token Accuracy:	1.000
2nd Token Accuracy:	1.000
Average Loss:	0.051
[2021-10-27 02:04:59,254][core.trainer][INFO] - Computing metrics for 'val' dataset
[2021-10-27 02:05:02,091][core.metrics.meter][INFO] - Meter:
SequenceAccuracy:	0.954
TokenAccuracy:	1.000
LengthAccuracy:	0.955
1st Token Accuracy:	1.000
2nd Token Accuracy:	1.000
Average Loss:	0.054
[2021-10-27 02:05:21,766][core.trainer][INFO] - Computing metrics for 'val' dataset
[2021-10-27 02:05:24,602][core.metrics.meter][INFO] - Meter:
SequenceAccuracy:	0.956
TokenAccuracy:	1.000
LengthAccuracy:	0.957
1st Token Accuracy:	1.000
2nd Token Accuracy:	1.000
Average Loss:	0.051
[2021-10-27 02:05:24,658][core.early_stopping][INFO] - Early stopping counter: 1 / 5
[2021-10-27 02:05:24,684][core.early_stopping][INFO] - Pausing model saving until validation loss decreases by 0.0001
[2021-10-27 02:05:44,403][core.trainer][INFO] - Computing metrics for 'val' dataset
[2021-10-27 02:05:47,268][core.metrics.meter][INFO] - Meter:
SequenceAccuracy:	0.954
TokenAccuracy:	1.000
LengthAccuracy:	0.955
1st Token Accuracy:	1.000
2nd Token Accuracy:	1.000
Average Loss:	0.052
[2021-10-27 02:05:47,348][core.early_stopping][INFO] - Early stopping counter: 2 / 5
[2021-10-27 02:05:47,348][core.early_stopping][INFO] - Pausing model saving until validation loss decreases by 0.0001
[2021-10-27 02:06:07,048][core.trainer][INFO] - Computing metrics for 'val' dataset
[2021-10-27 02:06:09,907][core.metrics.meter][INFO] - Meter:
SequenceAccuracy:	0.944
TokenAccuracy:	1.000
LengthAccuracy:	0.944
1st Token Accuracy:	1.000
2nd Token Accuracy:	1.000
Average Loss:	0.064
[2021-10-27 02:06:09,963][core.early_stopping][INFO] - Early stopping counter: 3 / 5
[2021-10-27 02:06:09,989][core.early_stopping][INFO] - Pausing model saving until validation loss decreases by 0.0001
[2021-10-27 02:06:29,809][core.trainer][INFO] - Computing metrics for 'val' dataset
[2021-10-27 02:06:32,679][core.metrics.meter][INFO] - Meter:
SequenceAccuracy:	0.958
TokenAccuracy:	1.000
LengthAccuracy:	0.958
1st Token Accuracy:	1.000
2nd Token Accuracy:	1.000
Average Loss:	0.048
[2021-10-27 02:06:32,742][core.early_stopping][INFO] - Early stopping counter: 4 / 5
[2021-10-27 02:06:32,768][core.early_stopping][INFO] - Pausing model saving until validation loss decreases by 0.0001
[2021-10-27 02:06:52,456][core.trainer][INFO] - Computing metrics for 'val' dataset
[2021-10-27 02:06:55,317][core.metrics.meter][INFO] - Meter:
SequenceAccuracy:	0.946
TokenAccuracy:	1.000
LengthAccuracy:	0.946
1st Token Accuracy:	1.000
2nd Token Accuracy:	1.000
Average Loss:	0.062
[2021-10-27 02:06:55,373][core.early_stopping][INFO] - Early stopping counter: 5 / 5
[2021-10-27 02:06:55,399][core.early_stopping][INFO] - Pausing model saving until validation loss decreases by 0.0001
[2021-10-27 02:06:55,399][core.trainer][INFO] - Computing metrics for 'test' dataset
[2021-10-27 02:07:23,117][core.metrics.meter][INFO] - Meter:
SequenceAccuracy:	0.953
TokenAccuracy:	1.000
LengthAccuracy:	0.953
1st Token Accuracy:	1.000
2nd Token Accuracy:	1.000
Average Loss:	0.053
[2021-10-27 02:07:23,117][core.trainer][INFO] - Computing metrics for 'gen' dataset
[2021-10-27 02:07:53,069][core.metrics.meter][INFO] - Meter:
SequenceAccuracy:	0.004
TokenAccuracy:	0.608
LengthAccuracy:	0.931
1st Token Accuracy:	0.036
2nd Token Accuracy:	1.000
Average Loss:	2.194
[2021-10-27 02:07:53,080][core.trainer][INFO] - EPOCH 20 / 50
[2021-10-27 02:07:53,080][core.trainer][INFO] - Computing metrics for 'train' dataset
[2021-10-27 02:08:12,955][core.trainer][INFO] - Computing metrics for 'val' dataset
[2021-10-27 02:08:15,830][core.metrics.meter][INFO] - Meter:
SequenceAccuracy:	0.945
TokenAccuracy:	1.000
LengthAccuracy:	0.945
1st Token Accuracy:	1.000
2nd Token Accuracy:	1.000
Average Loss:	0.064
[2021-10-27 02:08:15,920][core.early_stopping][INFO] - Early stopping counter: 6 / 5
[2021-10-27 02:08:15,920][core.early_stopping][INFO] - Pausing model saving until validation loss decreases by 0.0001
[2021-10-27 02:08:15,921][core.trainer][INFO] - Computing metrics for 'test' dataset
[2021-10-27 02:08:43,582][core.metrics.meter][INFO] - Meter:
SequenceAccuracy:	0.954
TokenAccuracy:	1.000
LengthAccuracy:	0.954
1st Token Accuracy:	1.000
2nd Token Accuracy:	1.000
Average Loss:	0.054
[2021-10-27 02:08:43,582][core.trainer][INFO] - Computing metrics for 'gen' dataset
[2021-10-27 02:09:13,515][core.metrics.meter][INFO] - Meter:
SequenceAccuracy:	0.005
TokenAccuracy:	0.606
LengthAccuracy:	0.934
1st Token Accuracy:	0.037
2nd Token Accuracy:	1.000
Average Loss:	2.207
[2021-10-27 02:09:13,516][core.trainer][INFO] - EPOCH 21 / 50
[2021-10-27 02:09:13,516][core.trainer][INFO] - Computing metrics for 'train' dataset
[2021-10-27 02:09:33,344][core.trainer][INFO] - Computing metrics for 'val' dataset
[2021-10-27 02:09:36,205][core.metrics.meter][INFO] - Meter:
SequenceAccuracy:	0.956
TokenAccuracy:	1.000
LengthAccuracy:	0.956
1st Token Accuracy:	1.000
2nd Token Accuracy:	1.000
Average Loss:	0.050
[2021-10-27 02:09:36,262][core.early_stopping][INFO] - Early stopping counter: 7 / 5
[2021-10-27 02:09:36,288][core.early_stopping][INFO] - Pausing model saving until validation loss decreases by 0.0001
[2021-10-27 02:09:36,288][core.trainer][INFO] - Computing metrics for 'test' dataset
[2021-10-27 02:10:03,995][core.metrics.meter][INFO] - Meter:
SequenceAccuracy:	0.950
TokenAccuracy:	1.000
LengthAccuracy:	0.951
1st Token Accuracy:	1.000
2nd Token Accuracy:	1.000
Average Loss:	0.058
[2021-10-27 02:10:03,996][core.trainer][INFO] - Computing metrics for 'gen' dataset
[2021-10-27 02:10:33,939][core.metrics.meter][INFO] - Meter:
SequenceAccuracy:	0.004
TokenAccuracy:	0.601
LengthAccuracy:	0.931
1st Token Accuracy:	0.042
2nd Token Accuracy:	1.000
Average Loss:	2.249
[2021-10-27 02:10:33,939][core.trainer][INFO] - EPOCH 22 / 50
[2021-10-27 02:10:33,939][core.trainer][INFO] - Computing metrics for 'train' dataset
[2021-10-27 02:10:53,840][core.trainer][INFO] - Computing metrics for 'val' dataset
[2021-10-27 02:10:56,712][core.metrics.meter][INFO] - Meter:
SequenceAccuracy:	0.955
TokenAccuracy:	1.000
LengthAccuracy:	0.955
1st Token Accuracy:	1.000
2nd Token Accuracy:	1.000
Average Loss:	0.053
[2021-10-27 02:10:56,772][core.early_stopping][INFO] - Early stopping counter: 8 / 5
[2021-10-27 02:10:56,799][core.early_stopping][INFO] - Pausing model saving until validation loss decreases by 0.0001
[2021-10-27 02:10:56,799][core.trainer][INFO] - Computing metrics for 'test' dataset
[2021-10-27 02:11:24,526][core.metrics.meter][INFO] - Meter:
SequenceAccuracy:	0.951
TokenAccuracy:	1.000
LengthAccuracy:	0.952
1st Token Accuracy:	1.000
2nd Token Accuracy:	1.000
Average Loss:	0.057
[2021-10-27 02:11:24,526][core.trainer][INFO] - Computing metrics for 'gen' dataset
[2021-10-27 02:11:54,540][core.metrics.meter][INFO] - Meter:
SequenceAccuracy:	0.004
TokenAccuracy:	0.608
LengthAccuracy:	0.935
1st Token Accuracy:	0.033
2nd Token Accuracy:	1.000
Average Loss:	2.210
[2021-10-27 02:11:54,541][core.trainer][INFO] - EPOCH 23 / 50
[2021-10-27 02:11:54,541][core.trainer][INFO] - Computing metrics for 'train' dataset
[2021-10-27 02:12:14,500][core.trainer][INFO] - Computing metrics for 'val' dataset
[2021-10-27 02:12:17,363][core.metrics.meter][INFO] - Meter:
SequenceAccuracy:	0.951
TokenAccuracy:	1.000
LengthAccuracy:	0.951
1st Token Accuracy:	1.000
2nd Token Accuracy:	1.000
Average Loss:	0.057
[2021-10-27 02:12:17,437][core.early_stopping][INFO] - Early stopping counter: 9 / 5
[2021-10-27 02:12:17,463][core.early_stopping][INFO] - Pausing model saving until validation loss decreases by 0.0001
[2021-10-27 02:12:17,463][core.trainer][INFO] - Computing metrics for 'test' dataset
[2021-10-27 02:12:45,183][core.metrics.meter][INFO] - Meter:
SequenceAccuracy:	0.952
TokenAccuracy:	1.000
LengthAccuracy:	0.953
1st Token Accuracy:	1.000
2nd Token Accuracy:	1.000
Average Loss:	0.055
[2021-10-27 02:12:45,183][core.trainer][INFO] - Computing metrics for 'gen' dataset
[2021-10-27 02:13:15,086][core.metrics.meter][INFO] - Meter:
SequenceAccuracy:	0.004
TokenAccuracy:	0.603
LengthAccuracy:	0.927
1st Token Accuracy:	0.036
2nd Token Accuracy:	1.000
Average Loss:	2.236
[2021-10-27 02:13:15,086][core.trainer][INFO] - EPOCH 24 / 50
[2021-10-27 02:13:15,086][core.trainer][INFO] - Computing metrics for 'train' dataset
[2021-10-27 02:13:34,989][core.trainer][INFO] - Computing metrics for 'val' dataset
[2021-10-27 02:13:37,872][core.metrics.meter][INFO] - Meter:
SequenceAccuracy:	0.952
TokenAccuracy:	1.000
LengthAccuracy:	0.952
1st Token Accuracy:	1.000
2nd Token Accuracy:	1.000
Average Loss:	0.055
[2021-10-27 02:13:37,928][core.early_stopping][INFO] - Early stopping counter: 10 / 5
[2021-10-27 02:13:37,954][core.early_stopping][INFO] - Pausing model saving until validation loss decreases by 0.0001
[2021-10-27 02:13:37,955][core.trainer][INFO] - Computing metrics for 'test' dataset
[2021-10-27 02:14:05,706][core.metrics.meter][INFO] - Meter:
SequenceAccuracy:	0.951
TokenAccuracy:	1.000
LengthAccuracy:	0.951
1st Token Accuracy:	1.000
2nd Token Accuracy:	1.000
Average Loss:	0.058
[2021-10-27 02:14:05,706][core.trainer][INFO] - Computing metrics for 'gen' dataset
[2021-10-27 02:14:35,703][core.metrics.meter][INFO] - Meter:
SequenceAccuracy:	0.004
TokenAccuracy:	0.603
LengthAccuracy:	0.925
1st Token Accuracy:	0.038
2nd Token Accuracy:	1.000
Average Loss:	2.246
[2021-10-27 02:14:35,703][core.trainer][INFO] - EPOCH 25 / 50
[2021-10-27 02:14:35,703][core.trainer][INFO] - Computing metrics for 'train' dataset
[2021-10-27 02:14:55,613][core.trainer][INFO] - Computing metrics for 'val' dataset
[2021-10-27 02:14:58,486][core.metrics.meter][INFO] - Meter:
SequenceAccuracy:	0.952
TokenAccuracy:	1.000
LengthAccuracy:	0.952
1st Token Accuracy:	1.000
2nd Token Accuracy:	1.000
Average Loss:	0.057
[2021-10-27 02:14:58,562][core.early_stopping][INFO] - Early stopping counter: 11 / 5
[2021-10-27 02:14:58,588][core.early_stopping][INFO] - Pausing model saving until validation loss decreases by 0.0001
[2021-10-27 02:14:58,588][core.trainer][INFO] - Computing metrics for 'test' dataset
[2021-10-27 02:15:26,278][core.metrics.meter][INFO] - Meter:
SequenceAccuracy:	0.952
TokenAccuracy:	1.000
LengthAccuracy:	0.953
1st Token Accuracy:	1.000
2nd Token Accuracy:	1.000
Average Loss:	0.055
[2021-10-27 02:15:26,279][core.trainer][INFO] - Computing metrics for 'gen' dataset
[2021-10-27 02:15:56,217][core.metrics.meter][INFO] - Meter:
SequenceAccuracy:	0.005
TokenAccuracy:	0.609
LengthAccuracy:	0.914
1st Token Accuracy:	0.035
2nd Token Accuracy:	1.000
Average Loss:	2.224
[2021-10-27 02:15:56,217][core.trainer][INFO] - EPOCH 26 / 50
[2021-10-27 02:15:56,217][core.trainer][INFO] - Computing metrics for 'train' dataset
[2021-10-27 02:16:16,076][core.trainer][INFO] - Computing metrics for 'val' dataset
[2021-10-27 02:16:18,953][core.metrics.meter][INFO] - Meter:
SequenceAccuracy:	0.956
TokenAccuracy:	1.000
LengthAccuracy:	0.957
1st Token Accuracy:	1.000
2nd Token Accuracy:	1.000
Average Loss:	0.052
[2021-10-27 02:16:19,010][core.early_stopping][INFO] - Early stopping counter: 12 / 5
[2021-10-27 02:16:19,035][core.early_stopping][INFO] - Pausing model saving until validation loss decreases by 0.0001
[2021-10-27 02:16:19,035][core.trainer][INFO] - Computing metrics for 'test' dataset
[2021-10-27 02:16:46,735][core.metrics.meter][INFO] - Meter:
SequenceAccuracy:	0.951
TokenAccuracy:	1.000
LengthAccuracy:	0.952
1st Token Accuracy:	1.000
2nd Token Accuracy:	1.000
Average Loss:	0.056
[2021-10-27 02:16:46,735][core.trainer][INFO] - Computing metrics for 'gen' dataset
[2021-10-27 02:17:16,684][core.metrics.meter][INFO] - Meter:
SequenceAccuracy:	0.003
TokenAccuracy:	0.609
LengthAccuracy:	0.929
1st Token Accuracy:	0.035
2nd Token Accuracy:	1.000
Average Loss:	2.217
[2021-10-27 02:17:16,684][core.trainer][INFO] - EPOCH 27 / 50
[2021-10-27 02:17:16,684][core.trainer][INFO] - Computing metrics for 'train' dataset
[2021-10-27 02:17:36,621][core.trainer][INFO] - Computing metrics for 'val' dataset
[2021-10-27 02:17:39,494][core.metrics.meter][INFO] - Meter:
SequenceAccuracy:	0.952
TokenAccuracy:	1.000
LengthAccuracy:	0.952
1st Token Accuracy:	1.000
2nd Token Accuracy:	1.000
Average Loss:	0.057
[2021-10-27 02:17:39,560][core.early_stopping][INFO] - Early stopping counter: 13 / 5
[2021-10-27 02:17:39,585][core.early_stopping][INFO] - Pausing model saving until validation loss decreases by 0.0001
[2021-10-27 02:17:39,586][core.trainer][INFO] - Computing metrics for 'test' dataset
[2021-10-27 02:18:07,347][core.metrics.meter][INFO] - Meter:
SequenceAccuracy:	0.947
TokenAccuracy:	1.000
LengthAccuracy:	0.948
1st Token Accuracy:	1.000
2nd Token Accuracy:	1.000
Average Loss:	0.060
[2021-10-27 02:18:07,347][core.trainer][INFO] - Computing metrics for 'gen' dataset
[2021-10-27 02:18:37,349][core.metrics.meter][INFO] - Meter:
SequenceAccuracy:	0.004
TokenAccuracy:	0.604
LengthAccuracy:	0.932
1st Token Accuracy:	0.034
2nd Token Accuracy:	1.000
Average Loss:	2.252
[2021-10-27 02:18:37,349][core.trainer][INFO] - EPOCH 28 / 50
[2021-10-27 02:18:37,349][core.trainer][INFO] - Computing metrics for 'train' dataset
[2021-10-27 02:18:57,339][core.trainer][INFO] - Computing metrics for 'val' dataset
[2021-10-27 02:19:00,207][core.metrics.meter][INFO] - Meter:
SequenceAccuracy:	0.953
TokenAccuracy:	1.000
LengthAccuracy:	0.954
1st Token Accuracy:	1.000
2nd Token Accuracy:	1.000
Average Loss:	0.053
[2021-10-27 02:19:00,263][core.early_stopping][INFO] - Early stopping counter: 14 / 5
[2021-10-27 02:19:00,290][core.early_stopping][INFO] - Pausing model saving until validation loss decreases by 0.0001
[2021-10-27 02:19:00,290][core.trainer][INFO] - Computing metrics for 'test' dataset
[2021-10-27 02:19:28,021][core.metrics.meter][INFO] - Meter:
SequenceAccuracy:	0.954
TokenAccuracy:	1.000
LengthAccuracy:	0.954
1st Token Accuracy:	1.000
2nd Token Accuracy:	1.000
Average Loss:	0.054
[2021-10-27 02:19:28,021][core.trainer][INFO] - Computing metrics for 'gen' dataset
[2021-10-27 02:19:57,989][core.metrics.meter][INFO] - Meter:
SequenceAccuracy:	0.006
TokenAccuracy:	0.607
LengthAccuracy:	0.932
1st Token Accuracy:	0.038
2nd Token Accuracy:	1.000
Average Loss:	2.234
[2021-10-27 02:19:57,990][core.trainer][INFO] - EPOCH 29 / 50
[2021-10-27 02:19:57,990][core.trainer][INFO] - Computing metrics for 'train' dataset
[2021-10-27 02:20:17,972][core.trainer][INFO] - Computing metrics for 'val' dataset
[2021-10-27 02:20:20,844][core.metrics.meter][INFO] - Meter:
SequenceAccuracy:	0.950
TokenAccuracy:	1.000
LengthAccuracy:	0.950
1st Token Accuracy:	1.000
2nd Token Accuracy:	1.000
Average Loss:	0.058
[2021-10-27 02:20:20,904][core.early_stopping][INFO] - Early stopping counter: 15 / 5
[2021-10-27 02:20:20,930][core.early_stopping][INFO] - Pausing model saving until validation loss decreases by 0.0001
[2021-10-27 02:20:20,931][core.trainer][INFO] - Computing metrics for 'test' dataset
[2021-10-27 02:20:48,647][core.metrics.meter][INFO] - Meter:
SequenceAccuracy:	0.953
TokenAccuracy:	1.000
LengthAccuracy:	0.954
1st Token Accuracy:	1.000
2nd Token Accuracy:	1.000
Average Loss:	0.053
[2021-10-27 02:20:48,647][core.trainer][INFO] - Computing metrics for 'gen' dataset
[2021-10-27 02:21:18,603][core.metrics.meter][INFO] - Meter:
SequenceAccuracy:	0.005
TokenAccuracy:	0.604
LengthAccuracy:	0.927
1st Token Accuracy:	0.037
2nd Token Accuracy:	1.000
Average Loss:	2.254
[2021-10-27 02:21:18,603][core.trainer][INFO] - EPOCH 30 / 50
[2021-10-27 02:21:18,603][core.trainer][INFO] - Computing metrics for 'train' dataset
[2021-10-27 02:21:38,505][core.trainer][INFO] - Computing metrics for 'val' dataset
[2021-10-27 02:21:41,370][core.metrics.meter][INFO] - Meter:
SequenceAccuracy:	0.949
TokenAccuracy:	1.000
LengthAccuracy:	0.950
1st Token Accuracy:	1.000
2nd Token Accuracy:	1.000
Average Loss:	0.058
[2021-10-27 02:21:41,451][core.early_stopping][INFO] - Early stopping counter: 16 / 5
[2021-10-27 02:21:41,451][core.early_stopping][INFO] - Pausing model saving until validation loss decreases by 0.0001
[2021-10-27 02:21:41,452][core.trainer][INFO] - Computing metrics for 'test' dataset
[2021-10-27 02:22:09,167][core.metrics.meter][INFO] - Meter:
SequenceAccuracy:	0.953
TokenAccuracy:	1.000
LengthAccuracy:	0.954
1st Token Accuracy:	1.000
2nd Token Accuracy:	1.000
Average Loss:	0.053
[2021-10-27 02:22:09,167][core.trainer][INFO] - Computing metrics for 'gen' dataset
[2021-10-27 02:22:39,121][core.metrics.meter][INFO] - Meter:
SequenceAccuracy:	0.005
TokenAccuracy:	0.608
LengthAccuracy:	0.927
1st Token Accuracy:	0.037
2nd Token Accuracy:	1.000
Average Loss:	2.232
[2021-10-27 02:22:39,121][core.trainer][INFO] - EPOCH 31 / 50
[2021-10-27 02:22:39,121][core.trainer][INFO] - Computing metrics for 'train' dataset
[2021-10-27 02:22:59,114][core.trainer][INFO] - Computing metrics for 'val' dataset
[2021-10-27 02:23:01,980][core.metrics.meter][INFO] - Meter:
SequenceAccuracy:	0.953
TokenAccuracy:	1.000
LengthAccuracy:	0.953
1st Token Accuracy:	1.000
2nd Token Accuracy:	1.000
Average Loss:	0.054
[2021-10-27 02:23:02,037][core.early_stopping][INFO] - Early stopping counter: 17 / 5
[2021-10-27 02:23:02,063][core.early_stopping][INFO] - Pausing model saving until validation loss decreases by 0.0001
[2021-10-27 02:23:02,063][core.trainer][INFO] - Computing metrics for 'test' dataset
[2021-10-27 02:23:29,758][core.metrics.meter][INFO] - Meter:
SequenceAccuracy:	0.952
TokenAccuracy:	1.000
LengthAccuracy:	0.953
1st Token Accuracy:	1.000
2nd Token Accuracy:	1.000
Average Loss:	0.057
[2021-10-27 02:23:29,758][core.trainer][INFO] - Computing metrics for 'gen' dataset
[2021-10-27 02:23:59,720][core.metrics.meter][INFO] - Meter:
SequenceAccuracy:	0.003
TokenAccuracy:	0.601
LengthAccuracy:	0.928
1st Token Accuracy:	0.034
2nd Token Accuracy:	1.000
Average Loss:	2.277
[2021-10-27 02:23:59,720][core.trainer][INFO] - EPOCH 32 / 50
[2021-10-27 02:23:59,720][core.trainer][INFO] - Computing metrics for 'train' dataset
[2021-10-27 02:24:19,562][core.trainer][INFO] - Computing metrics for 'val' dataset
[2021-10-27 02:24:22,436][core.metrics.meter][INFO] - Meter:
SequenceAccuracy:	0.954
TokenAccuracy:	1.000
LengthAccuracy:	0.954
1st Token Accuracy:	1.000
2nd Token Accuracy:	1.000
Average Loss:	0.053
[2021-10-27 02:24:22,511][core.early_stopping][INFO] - Early stopping counter: 18 / 5
[2021-10-27 02:24:22,536][core.early_stopping][INFO] - Pausing model saving until validation loss decreases by 0.0001
[2021-10-27 02:24:22,537][core.trainer][INFO] - Computing metrics for 'test' dataset
[2021-10-27 02:24:50,218][core.metrics.meter][INFO] - Meter:
SequenceAccuracy:	0.953
TokenAccuracy:	1.000
LengthAccuracy:	0.953
1st Token Accuracy:	1.000
2nd Token Accuracy:	1.000
Average Loss:	0.056
[2021-10-27 02:24:50,218][core.trainer][INFO] - Computing metrics for 'gen' dataset
[2021-10-27 02:25:20,167][core.metrics.meter][INFO] - Meter:
SequenceAccuracy:	0.004
TokenAccuracy:	0.610
LengthAccuracy:	0.931
1st Token Accuracy:	0.034
2nd Token Accuracy:	1.000
Average Loss:	2.233
[2021-10-27 02:25:20,167][core.trainer][INFO] - EPOCH 33 / 50
[2021-10-27 02:25:20,167][core.trainer][INFO] - Computing metrics for 'train' dataset
[2021-10-27 02:25:40,012][core.trainer][INFO] - Computing metrics for 'val' dataset
[2021-10-27 02:25:42,875][core.metrics.meter][INFO] - Meter:
SequenceAccuracy:	0.953
TokenAccuracy:	1.000
LengthAccuracy:	0.953
1st Token Accuracy:	1.000
2nd Token Accuracy:	1.000
Average Loss:	0.054
[2021-10-27 02:25:42,932][core.early_stopping][INFO] - Early stopping counter: 19 / 5
[2021-10-27 02:25:42,957][core.early_stopping][INFO] - Pausing model saving until validation loss decreases by 0.0001
[2021-10-27 02:25:42,982][core.trainer][INFO] - Computing metrics for 'test' dataset
[2021-10-27 02:26:10,717][core.metrics.meter][INFO] - Meter:
SequenceAccuracy:	0.952
TokenAccuracy:	1.000
LengthAccuracy:	0.953
1st Token Accuracy:	1.000
2nd Token Accuracy:	1.000
Average Loss:	0.054
[2021-10-27 02:26:10,717][core.trainer][INFO] - Computing metrics for 'gen' dataset
[2021-10-27 02:26:40,663][core.metrics.meter][INFO] - Meter:
SequenceAccuracy:	0.005
TokenAccuracy:	0.603
LengthAccuracy:	0.938
1st Token Accuracy:	0.038
2nd Token Accuracy:	1.000
Average Loss:	2.267
[2021-10-27 02:26:40,663][core.trainer][INFO] - EPOCH 34 / 50
[2021-10-27 02:26:40,663][core.trainer][INFO] - Computing metrics for 'train' dataset
[2021-10-27 02:27:00,630][core.trainer][INFO] - Computing metrics for 'val' dataset
[2021-10-27 02:27:03,506][core.metrics.meter][INFO] - Meter:
SequenceAccuracy:	0.947
TokenAccuracy:	1.000
LengthAccuracy:	0.947
1st Token Accuracy:	1.000
2nd Token Accuracy:	1.000
Average Loss:	0.060
[2021-10-27 02:27:03,593][core.early_stopping][INFO] - Early stopping counter: 20 / 5
[2021-10-27 02:27:03,594][core.early_stopping][INFO] - Pausing model saving until validation loss decreases by 0.0001
[2021-10-27 02:27:03,594][core.trainer][INFO] - Computing metrics for 'test' dataset
[2021-10-27 02:27:31,330][core.metrics.meter][INFO] - Meter:
SequenceAccuracy:	0.955
TokenAccuracy:	1.000
LengthAccuracy:	0.955
1st Token Accuracy:	1.000
2nd Token Accuracy:	1.000
Average Loss:	0.051
[2021-10-27 02:27:31,330][core.trainer][INFO] - Computing metrics for 'gen' dataset
[2021-10-27 02:28:01,324][core.metrics.meter][INFO] - Meter:
SequenceAccuracy:	0.005
TokenAccuracy:	0.608
LengthAccuracy:	0.931
1st Token Accuracy:	0.037
2nd Token Accuracy:	1.000
Average Loss:	2.249
[2021-10-27 02:28:01,324][core.trainer][INFO] - EPOCH 35 / 50
[2021-10-27 02:28:01,324][core.trainer][INFO] - Computing metrics for 'train' dataset
[2021-10-27 02:28:21,274][core.trainer][INFO] - Computing metrics for 'val' dataset
[2021-10-27 02:28:24,142][core.metrics.meter][INFO] - Meter:
SequenceAccuracy:	0.954
TokenAccuracy:	1.000
LengthAccuracy:	0.955
1st Token Accuracy:	1.000
2nd Token Accuracy:	1.000
Average Loss:	0.055
[2021-10-27 02:28:24,224][core.early_stopping][INFO] - Early stopping counter: 21 / 5
[2021-10-27 02:28:24,224][core.early_stopping][INFO] - Pausing model saving until validation loss decreases by 0.0001
[2021-10-27 02:28:24,225][core.trainer][INFO] - Computing metrics for 'test' dataset
[2021-10-27 02:28:51,881][core.metrics.meter][INFO] - Meter:
SequenceAccuracy:	0.952
TokenAccuracy:	1.000
LengthAccuracy:	0.953
1st Token Accuracy:	1.000
2nd Token Accuracy:	1.000
Average Loss:	0.055
[2021-10-27 02:28:51,881][core.trainer][INFO] - Computing metrics for 'gen' dataset
[2021-10-27 02:29:21,814][core.metrics.meter][INFO] - Meter:
SequenceAccuracy:	0.004
TokenAccuracy:	0.609
LengthAccuracy:	0.933
1st Token Accuracy:	0.039
2nd Token Accuracy:	1.000
Average Loss:	2.251
[2021-10-27 02:29:21,814][core.trainer][INFO] - EPOCH 36 / 50
[2021-10-27 02:29:21,814][core.trainer][INFO] - Computing metrics for 'train' dataset
[2021-10-27 02:29:41,754][core.trainer][INFO] - Computing metrics for 'val' dataset
[2021-10-27 02:29:44,588][core.metrics.meter][INFO] - Meter:
SequenceAccuracy:	0.954
TokenAccuracy:	1.000
LengthAccuracy:	0.955
1st Token Accuracy:	1.000
2nd Token Accuracy:	1.000
Average Loss:	0.053
[2021-10-27 02:29:44,649][core.early_stopping][INFO] - Early stopping counter: 22 / 5
[2021-10-27 02:29:44,675][core.early_stopping][INFO] - Pausing model saving until validation loss decreases by 0.0001
[2021-10-27 02:29:44,675][core.trainer][INFO] - Computing metrics for 'test' dataset
[2021-10-27 02:30:12,136][core.metrics.meter][INFO] - Meter:
SequenceAccuracy:	0.950
TokenAccuracy:	1.000
LengthAccuracy:	0.950
1st Token Accuracy:	1.000
2nd Token Accuracy:	1.000
Average Loss:	0.058
[2021-10-27 02:30:12,136][core.trainer][INFO] - Computing metrics for 'gen' dataset
[2021-10-27 02:30:41,856][core.metrics.meter][INFO] - Meter:
SequenceAccuracy:	0.004
TokenAccuracy:	0.607
LengthAccuracy:	0.931
1st Token Accuracy:	0.039
2nd Token Accuracy:	1.000
Average Loss:	2.264
[2021-10-27 02:30:41,871][core.trainer][INFO] - EPOCH 37 / 50
[2021-10-27 02:30:41,871][core.trainer][INFO] - Computing metrics for 'train' dataset
[2021-10-27 02:31:01,608][core.trainer][INFO] - Computing metrics for 'val' dataset
[2021-10-27 02:31:04,458][core.metrics.meter][INFO] - Meter:
SequenceAccuracy:	0.955
TokenAccuracy:	1.000
LengthAccuracy:	0.955
1st Token Accuracy:	1.000
2nd Token Accuracy:	1.000
Average Loss:	0.052
[2021-10-27 02:31:04,515][core.early_stopping][INFO] - Early stopping counter: 23 / 5
[2021-10-27 02:31:04,541][core.early_stopping][INFO] - Pausing model saving until validation loss decreases by 0.0001
[2021-10-27 02:31:04,542][core.trainer][INFO] - Computing metrics for 'test' dataset
[2021-10-27 02:31:32,007][core.metrics.meter][INFO] - Meter:
SequenceAccuracy:	0.954
TokenAccuracy:	1.000
LengthAccuracy:	0.954
1st Token Accuracy:	1.000
2nd Token Accuracy:	1.000
Average Loss:	0.053
[2021-10-27 02:31:32,007][core.trainer][INFO] - Computing metrics for 'gen' dataset
[2021-10-27 02:32:01,685][core.metrics.meter][INFO] - Meter:
SequenceAccuracy:	0.006
TokenAccuracy:	0.613
LengthAccuracy:	0.929
1st Token Accuracy:	0.036
2nd Token Accuracy:	1.000
Average Loss:	2.235
[2021-10-27 02:32:01,685][core.trainer][INFO] - EPOCH 38 / 50
[2021-10-27 02:32:01,685][core.trainer][INFO] - Computing metrics for 'train' dataset
[2021-10-27 02:32:21,307][core.trainer][INFO] - Computing metrics for 'val' dataset
[2021-10-27 02:32:24,154][core.metrics.meter][INFO] - Meter:
SequenceAccuracy:	0.957
TokenAccuracy:	1.000
LengthAccuracy:	0.957
1st Token Accuracy:	1.000
2nd Token Accuracy:	1.000
Average Loss:	0.049
[2021-10-27 02:32:24,236][core.early_stopping][INFO] - Early stopping counter: 24 / 5
[2021-10-27 02:32:24,236][core.early_stopping][INFO] - Pausing model saving until validation loss decreases by 0.0001
[2021-10-27 02:32:24,237][core.trainer][INFO] - Computing metrics for 'test' dataset
[2021-10-27 02:32:51,705][core.metrics.meter][INFO] - Meter:
SequenceAccuracy:	0.953
TokenAccuracy:	1.000
LengthAccuracy:	0.954
1st Token Accuracy:	1.000
2nd Token Accuracy:	1.000
Average Loss:	0.053
[2021-10-27 02:32:51,705][core.trainer][INFO] - Computing metrics for 'gen' dataset
[2021-10-27 02:33:21,427][core.metrics.meter][INFO] - Meter:
SequenceAccuracy:	0.004
TokenAccuracy:	0.608
LengthAccuracy:	0.933
1st Token Accuracy:	0.034
2nd Token Accuracy:	1.000
Average Loss:	2.263
[2021-10-27 02:33:21,427][core.trainer][INFO] - EPOCH 39 / 50
[2021-10-27 02:33:21,427][core.trainer][INFO] - Computing metrics for 'train' dataset
[2021-10-27 02:33:41,184][core.trainer][INFO] - Computing metrics for 'val' dataset
[2021-10-27 02:33:44,033][core.metrics.meter][INFO] - Meter:
SequenceAccuracy:	0.955
TokenAccuracy:	1.000
LengthAccuracy:	0.955
1st Token Accuracy:	1.000
2nd Token Accuracy:	1.000
Average Loss:	0.051
[2021-10-27 02:33:44,089][core.early_stopping][INFO] - Early stopping counter: 25 / 5
[2021-10-27 02:33:44,115][core.early_stopping][INFO] - Pausing model saving until validation loss decreases by 0.0001
[2021-10-27 02:33:44,115][core.trainer][INFO] - Computing metrics for 'test' dataset
[2021-10-27 02:34:11,585][core.metrics.meter][INFO] - Meter:
SequenceAccuracy:	0.955
TokenAccuracy:	1.000
LengthAccuracy:	0.955
1st Token Accuracy:	1.000
2nd Token Accuracy:	1.000
Average Loss:	0.054
[2021-10-27 02:34:11,585][core.trainer][INFO] - Computing metrics for 'gen' dataset
[2021-10-27 02:34:41,240][core.metrics.meter][INFO] - Meter:
SequenceAccuracy:	0.004
TokenAccuracy:	0.604
LengthAccuracy:	0.920
1st Token Accuracy:	0.038
2nd Token Accuracy:	1.000
Average Loss:	2.294
[2021-10-27 02:34:41,241][core.trainer][INFO] - EPOCH 40 / 50
[2021-10-27 02:34:41,241][core.trainer][INFO] - Computing metrics for 'train' dataset
[2021-10-27 02:35:00,951][core.trainer][INFO] - Computing metrics for 'val' dataset
[2021-10-27 02:35:03,794][core.metrics.meter][INFO] - Meter:
SequenceAccuracy:	0.956
TokenAccuracy:	1.000
LengthAccuracy:	0.956
1st Token Accuracy:	1.000
2nd Token Accuracy:	1.000
Average Loss:	0.052
[2021-10-27 02:35:03,850][core.early_stopping][INFO] - Early stopping counter: 26 / 5
[2021-10-27 02:35:03,876][core.early_stopping][INFO] - Pausing model saving until validation loss decreases by 0.0001
[2021-10-27 02:35:03,876][core.trainer][INFO] - Computing metrics for 'test' dataset
[2021-10-27 02:35:31,386][core.metrics.meter][INFO] - Meter:
SequenceAccuracy:	0.952
TokenAccuracy:	1.000
LengthAccuracy:	0.953
1st Token Accuracy:	1.000
2nd Token Accuracy:	1.000
Average Loss:	0.056
[2021-10-27 02:35:31,386][core.trainer][INFO] - Computing metrics for 'gen' dataset
[2021-10-27 02:36:01,084][core.metrics.meter][INFO] - Meter:
SequenceAccuracy:	0.003
TokenAccuracy:	0.605
LengthAccuracy:	0.925
1st Token Accuracy:	0.033
2nd Token Accuracy:	1.000
Average Loss:	2.282
[2021-10-27 02:36:01,084][core.trainer][INFO] - EPOCH 41 / 50
[2021-10-27 02:36:01,084][core.trainer][INFO] - Computing metrics for 'train' dataset
[2021-10-27 02:36:20,842][core.trainer][INFO] - Computing metrics for 'val' dataset
[2021-10-27 02:36:23,685][core.metrics.meter][INFO] - Meter:
SequenceAccuracy:	0.953
TokenAccuracy:	1.000
LengthAccuracy:	0.953
1st Token Accuracy:	1.000
2nd Token Accuracy:	1.000
Average Loss:	0.054
[2021-10-27 02:36:23,760][core.early_stopping][INFO] - Early stopping counter: 27 / 5
[2021-10-27 02:36:23,785][core.early_stopping][INFO] - Pausing model saving until validation loss decreases by 0.0001
[2021-10-27 02:36:23,786][core.trainer][INFO] - Computing metrics for 'test' dataset
[2021-10-27 02:36:51,291][core.metrics.meter][INFO] - Meter:
SequenceAccuracy:	0.950
TokenAccuracy:	1.000
LengthAccuracy:	0.950
1st Token Accuracy:	1.000
2nd Token Accuracy:	1.000
Average Loss:	0.057
[2021-10-27 02:36:51,292][core.trainer][INFO] - Computing metrics for 'gen' dataset
[2021-10-27 02:37:21,034][core.metrics.meter][INFO] - Meter:
SequenceAccuracy:	0.002
TokenAccuracy:	0.609
LengthAccuracy:	0.928
1st Token Accuracy:	0.034
2nd Token Accuracy:	1.000
Average Loss:	2.262
[2021-10-27 02:37:21,034][core.trainer][INFO] - EPOCH 42 / 50
[2021-10-27 02:37:21,034][core.trainer][INFO] - Computing metrics for 'train' dataset
[2021-10-27 02:37:40,753][core.trainer][INFO] - Computing metrics for 'val' dataset
[2021-10-27 02:37:43,598][core.metrics.meter][INFO] - Meter:
SequenceAccuracy:	0.951
TokenAccuracy:	1.000
LengthAccuracy:	0.951
1st Token Accuracy:	1.000
2nd Token Accuracy:	1.000
Average Loss:	0.056
[2021-10-27 02:37:43,654][core.early_stopping][INFO] - Early stopping counter: 28 / 5
[2021-10-27 02:37:43,680][core.early_stopping][INFO] - Pausing model saving until validation loss decreases by 0.0001
[2021-10-27 02:37:43,680][core.trainer][INFO] - Computing metrics for 'test' dataset
[2021-10-27 02:38:11,217][core.metrics.meter][INFO] - Meter:
SequenceAccuracy:	0.954
TokenAccuracy:	1.000
LengthAccuracy:	0.954
1st Token Accuracy:	1.000
2nd Token Accuracy:	1.000
Average Loss:	0.054
[2021-10-27 02:38:11,217][core.trainer][INFO] - Computing metrics for 'gen' dataset
[2021-10-27 02:38:40,972][core.metrics.meter][INFO] - Meter:
SequenceAccuracy:	0.004
TokenAccuracy:	0.606
LengthAccuracy:	0.931
1st Token Accuracy:	0.035
2nd Token Accuracy:	1.000
Average Loss:	2.287
[2021-10-27 02:38:40,973][core.trainer][INFO] - EPOCH 43 / 50
[2021-10-27 02:38:40,973][core.trainer][INFO] - Computing metrics for 'train' dataset
[2021-10-27 02:39:00,688][core.trainer][INFO] - Computing metrics for 'val' dataset
[2021-10-27 02:39:03,538][core.metrics.meter][INFO] - Meter:
SequenceAccuracy:	0.953
TokenAccuracy:	1.000
LengthAccuracy:	0.954
1st Token Accuracy:	1.000
2nd Token Accuracy:	1.000
Average Loss:	0.054
[2021-10-27 02:39:03,604][core.early_stopping][INFO] - Early stopping counter: 29 / 5
[2021-10-27 02:39:03,630][core.early_stopping][INFO] - Pausing model saving until validation loss decreases by 0.0001
[2021-10-27 02:39:03,631][core.trainer][INFO] - Computing metrics for 'test' dataset
[2021-10-27 02:39:31,130][core.metrics.meter][INFO] - Meter:
SequenceAccuracy:	0.957
TokenAccuracy:	1.000
LengthAccuracy:	0.957
1st Token Accuracy:	1.000
2nd Token Accuracy:	1.000
Average Loss:	0.049
[2021-10-27 02:39:31,131][core.trainer][INFO] - Computing metrics for 'gen' dataset
[2021-10-27 02:40:00,889][core.metrics.meter][INFO] - Meter:
SequenceAccuracy:	0.003
TokenAccuracy:	0.610
LengthAccuracy:	0.931
1st Token Accuracy:	0.034
2nd Token Accuracy:	1.000
Average Loss:	2.269
[2021-10-27 02:40:00,890][core.trainer][INFO] - EPOCH 44 / 50
[2021-10-27 02:40:00,890][core.trainer][INFO] - Computing metrics for 'train' dataset
[2021-10-27 02:40:20,668][core.trainer][INFO] - Computing metrics for 'val' dataset
[2021-10-27 02:40:23,518][core.metrics.meter][INFO] - Meter:
SequenceAccuracy:	0.947
TokenAccuracy:	1.000
LengthAccuracy:	0.948
1st Token Accuracy:	1.000
2nd Token Accuracy:	1.000
Average Loss:	0.061
[2021-10-27 02:40:23,574][core.early_stopping][INFO] - Early stopping counter: 30 / 5
[2021-10-27 02:40:23,600][core.early_stopping][INFO] - Pausing model saving until validation loss decreases by 0.0001
[2021-10-27 02:40:23,600][core.trainer][INFO] - Computing metrics for 'test' dataset
[2021-10-27 02:40:51,085][core.metrics.meter][INFO] - Meter:
SequenceAccuracy:	0.951
TokenAccuracy:	1.000
LengthAccuracy:	0.951
1st Token Accuracy:	1.000
2nd Token Accuracy:	1.000
Average Loss:	0.056
[2021-10-27 02:40:51,085][core.trainer][INFO] - Computing metrics for 'gen' dataset
[2021-10-27 02:41:20,770][core.metrics.meter][INFO] - Meter:
SequenceAccuracy:	0.004
TokenAccuracy:	0.604
LengthAccuracy:	0.925
1st Token Accuracy:	0.038
2nd Token Accuracy:	1.000
Average Loss:	2.295
[2021-10-27 02:41:20,770][core.trainer][INFO] - EPOCH 45 / 50
[2021-10-27 02:41:20,770][core.trainer][INFO] - Computing metrics for 'train' dataset
[2021-10-27 02:41:40,449][core.trainer][INFO] - Computing metrics for 'val' dataset
[2021-10-27 02:41:43,297][core.metrics.meter][INFO] - Meter:
SequenceAccuracy:	0.950
TokenAccuracy:	1.000
LengthAccuracy:	0.950
1st Token Accuracy:	1.000
2nd Token Accuracy:	1.000
Average Loss:	0.058
[2021-10-27 02:41:43,359][core.early_stopping][INFO] - Early stopping counter: 31 / 5
[2021-10-27 02:41:43,384][core.early_stopping][INFO] - Pausing model saving until validation loss decreases by 0.0001
[2021-10-27 02:41:43,385][core.trainer][INFO] - Computing metrics for 'test' dataset
[2021-10-27 02:42:10,880][core.metrics.meter][INFO] - Meter:
SequenceAccuracy:	0.951
TokenAccuracy:	1.000
LengthAccuracy:	0.951
1st Token Accuracy:	1.000
2nd Token Accuracy:	1.000
Average Loss:	0.055
[2021-10-27 02:42:10,880][core.trainer][INFO] - Computing metrics for 'gen' dataset
[2021-10-27 02:42:40,636][core.metrics.meter][INFO] - Meter:
SequenceAccuracy:	0.003
TokenAccuracy:	0.606
LengthAccuracy:	0.934
1st Token Accuracy:	0.035
2nd Token Accuracy:	1.000
Average Loss:	2.285
[2021-10-27 02:42:40,636][core.trainer][INFO] - EPOCH 46 / 50
[2021-10-27 02:42:40,636][core.trainer][INFO] - Computing metrics for 'train' dataset
[2021-10-27 02:43:00,307][core.trainer][INFO] - Computing metrics for 'val' dataset
[2021-10-27 02:43:03,160][core.metrics.meter][INFO] - Meter:
SequenceAccuracy:	0.954
TokenAccuracy:	1.000
LengthAccuracy:	0.954
1st Token Accuracy:	1.000
2nd Token Accuracy:	1.000
Average Loss:	0.053
[2021-10-27 02:43:03,216][core.early_stopping][INFO] - Early stopping counter: 32 / 5
[2021-10-27 02:43:03,242][core.early_stopping][INFO] - Pausing model saving until validation loss decreases by 0.0001
[2021-10-27 02:43:03,243][core.trainer][INFO] - Computing metrics for 'test' dataset
[2021-10-27 02:43:30,711][core.metrics.meter][INFO] - Meter:
SequenceAccuracy:	0.951
TokenAccuracy:	1.000
LengthAccuracy:	0.952
1st Token Accuracy:	1.000
2nd Token Accuracy:	1.000
Average Loss:	0.058
[2021-10-27 02:43:30,711][core.trainer][INFO] - Computing metrics for 'gen' dataset
[2021-10-27 02:44:00,416][core.metrics.meter][INFO] - Meter:
SequenceAccuracy:	0.004
TokenAccuracy:	0.606
LengthAccuracy:	0.932
1st Token Accuracy:	0.039
2nd Token Accuracy:	1.000
Average Loss:	2.294
[2021-10-27 02:44:00,416][core.trainer][INFO] - EPOCH 47 / 50
[2021-10-27 02:44:00,416][core.trainer][INFO] - Computing metrics for 'train' dataset
[2021-10-27 02:44:20,256][core.trainer][INFO] - Computing metrics for 'val' dataset
[2021-10-27 02:44:23,104][core.metrics.meter][INFO] - Meter:
SequenceAccuracy:	0.949
TokenAccuracy:	1.000
LengthAccuracy:	0.949
1st Token Accuracy:	1.000
2nd Token Accuracy:	1.000
Average Loss:	0.059
[2021-10-27 02:44:23,161][core.early_stopping][INFO] - Early stopping counter: 33 / 5
[2021-10-27 02:44:23,187][core.early_stopping][INFO] - Pausing model saving until validation loss decreases by 0.0001
[2021-10-27 02:44:23,187][core.trainer][INFO] - Computing metrics for 'test' dataset
[2021-10-27 02:44:50,677][core.metrics.meter][INFO] - Meter:
SequenceAccuracy:	0.950
TokenAccuracy:	1.000
LengthAccuracy:	0.951
1st Token Accuracy:	1.000
2nd Token Accuracy:	1.000
Average Loss:	0.059
[2021-10-27 02:44:50,677][core.trainer][INFO] - Computing metrics for 'gen' dataset
[2021-10-27 02:45:20,387][core.metrics.meter][INFO] - Meter:
SequenceAccuracy:	0.003
TokenAccuracy:	0.609
LengthAccuracy:	0.925
1st Token Accuracy:	0.038
2nd Token Accuracy:	1.000
Average Loss:	2.283
[2021-10-27 02:45:20,387][core.trainer][INFO] - EPOCH 48 / 50
[2021-10-27 02:45:20,387][core.trainer][INFO] - Computing metrics for 'train' dataset
[2021-10-27 02:45:40,181][core.trainer][INFO] - Computing metrics for 'val' dataset
[2021-10-27 02:45:43,027][core.metrics.meter][INFO] - Meter:
SequenceAccuracy:	0.955
TokenAccuracy:	1.000
LengthAccuracy:	0.955
1st Token Accuracy:	1.000
2nd Token Accuracy:	1.000
Average Loss:	0.051
[2021-10-27 02:45:43,083][core.early_stopping][INFO] - Early stopping counter: 34 / 5
[2021-10-27 02:45:43,109][core.early_stopping][INFO] - Pausing model saving until validation loss decreases by 0.0001
[2021-10-27 02:45:43,110][core.trainer][INFO] - Computing metrics for 'test' dataset
[2021-10-27 02:46:10,597][core.metrics.meter][INFO] - Meter:
SequenceAccuracy:	0.952
TokenAccuracy:	1.000
LengthAccuracy:	0.952
1st Token Accuracy:	1.000
2nd Token Accuracy:	1.000
Average Loss:	0.055
[2021-10-27 02:46:10,597][core.trainer][INFO] - Computing metrics for 'gen' dataset
[2021-10-27 02:46:40,336][core.metrics.meter][INFO] - Meter:
SequenceAccuracy:	0.004
TokenAccuracy:	0.611
LengthAccuracy:	0.927
1st Token Accuracy:	0.037
2nd Token Accuracy:	1.000
Average Loss:	2.268
[2021-10-27 02:46:40,337][core.trainer][INFO] - EPOCH 49 / 50
[2021-10-27 02:46:40,337][core.trainer][INFO] - Computing metrics for 'train' dataset
[2021-10-27 02:47:00,105][core.trainer][INFO] - Computing metrics for 'val' dataset
[2021-10-27 02:47:02,956][core.metrics.meter][INFO] - Meter:
SequenceAccuracy:	0.951
TokenAccuracy:	1.000
LengthAccuracy:	0.951
1st Token Accuracy:	1.000
2nd Token Accuracy:	1.000
Average Loss:	0.057
[2021-10-27 02:47:03,036][core.early_stopping][INFO] - Early stopping counter: 35 / 5
[2021-10-27 02:47:03,036][core.early_stopping][INFO] - Pausing model saving until validation loss decreases by 0.0001
[2021-10-27 02:47:03,036][core.trainer][INFO] - Computing metrics for 'test' dataset
[2021-10-27 02:47:30,522][core.metrics.meter][INFO] - Meter:
SequenceAccuracy:	0.951
TokenAccuracy:	1.000
LengthAccuracy:	0.952
1st Token Accuracy:	1.000
2nd Token Accuracy:	1.000
Average Loss:	0.056
[2021-10-27 02:47:30,522][core.trainer][INFO] - Computing metrics for 'gen' dataset
[2021-10-27 02:48:00,265][core.metrics.meter][INFO] - Meter:
SequenceAccuracy:	0.004
TokenAccuracy:	0.609
LengthAccuracy:	0.931
1st Token Accuracy:	0.038
2nd Token Accuracy:	1.000
Average Loss:	2.290
[2021-10-27 02:48:00,266][core.trainer][INFO] - EPOCH 50 / 50
[2021-10-27 02:48:00,266][core.trainer][INFO] - Computing metrics for 'train' dataset
[2021-10-27 02:48:20,034][core.trainer][INFO] - Computing metrics for 'val' dataset
[2021-10-27 02:48:22,889][core.metrics.meter][INFO] - Meter:
SequenceAccuracy:	0.951
TokenAccuracy:	1.000
LengthAccuracy:	0.951
1st Token Accuracy:	1.000
2nd Token Accuracy:	1.000
Average Loss:	0.055
[2021-10-27 02:48:22,965][core.early_stopping][INFO] - Early stopping counter: 36 / 5
[2021-10-27 02:48:22,991][core.early_stopping][INFO] - Pausing model saving until validation loss decreases by 0.0001
[2021-10-27 02:48:23,009][core.trainer][INFO] - Computing metrics for 'test' dataset
[2021-10-27 02:48:50,518][core.metrics.meter][INFO] - Meter:
SequenceAccuracy:	0.949
TokenAccuracy:	1.000
LengthAccuracy:	0.949
1st Token Accuracy:	1.000
2nd Token Accuracy:	1.000
Average Loss:	0.061
[2021-10-27 02:48:50,519][core.trainer][INFO] - Computing metrics for 'gen' dataset
[2021-10-27 02:49:20,222][core.metrics.meter][INFO] - Meter:
SequenceAccuracy:	0.004
TokenAccuracy:	0.609
LengthAccuracy:	0.927
1st Token Accuracy:	0.036
2nd Token Accuracy:	1.000
Average Loss:	2.285
