experiment:
  dataset:
    name: ms-passivization-de
    input: ms-passivization.tsv
    source_format: sequence
    target_format: sequence
    overwrite: false
    transform_field: target
    splits:
      train: 80
      test: 10
      val: 10
  hyperparameters:
    epochs: 50
    batch_size: 5
    lr: 0.001
    tolerance: 0.0001
    num_iters_eval: 1000
    min_iters: 30000
    patience: 5
    tf_ratio: 0.5
    cuda: 0
  model:
    name: LSTM-Multiplicative
    encoder:
      unit: LSTM
      type: sequence
      dropout: 0
      num_layers: 1
      hidden_size: 256
      max_length: 0
      embedding_size: 256
      bidirectional: false
    decoder:
      unit: LSTM
      type: sequence
      dropout: 0
      num_layers: 1
      max_length: 30
      hidden_size: 256
      attention: Multiplicative
      embedding_size: 256
  name: passiv-de-lstm-1layer
pretty_print: true

[2021-10-26 19:04:57,086][core.trainer][INFO] - DEVICE: cuda
[2021-10-26 19:04:57,087][core.dataset.base_dataset][INFO] - Initializing dataset
[2021-10-26 19:04:57,088][core.dataset.base_dataset][INFO] - Constructing fields from dataset.
[2021-10-26 19:05:00,016][core.trainer][INFO] - TransductionDataset(
 splits: [val (1000 sequences), train (100000 sequences), test (10000 sequences), gen (10000 sequences)]
 fields: [source, annotation, target]
)
[2021-10-26 19:05:00,017][core.models.base_model][INFO] - Initializing model
[2021-10-26 19:05:04,781][core.trainer][INFO] - TransductionModel(
  (_encoder): TransductionSequenceEncoder(
    (module): Sequential(
      (0): Embedding(83, 256)
      (1): LSTM(256, 256)
    )
  )
  (_decoder): LSTMSequenceDecoder(
    (_embedding): Embedding(97, 256)
    (_unit): LSTM(512, 256)
    (_out): Linear(in_features=256, out_features=97, bias=True)
    (_attention): MultiplicativeAttention(
      (key_map): Linear(in_features=256, out_features=256, bias=True)
      (val_map): Linear(in_features=256, out_features=256, bias=True)
    )
  )
)
[2021-10-26 19:05:04,783][core.trainer][INFO] - Beginning training
[2021-10-26 19:05:04,787][core.metrics.meter][INFO] - Logging with tensorboard; view with `tensorboard --logdir=/scratch/lw2534/lab/transductions/outputs/passiv-de-lstm-1layer/LSTM-Multiplicative/2021-10-26_19-04-57/tensorboard`
[2021-10-26 19:05:04,787][core.trainer][INFO] - EPOCH 1 / 50
[2021-10-26 19:05:04,791][core.trainer][INFO] - Computing metrics for 'train' dataset
[2021-10-26 19:05:22,452][core.trainer][INFO] - Computing metrics for 'val' dataset
[2021-10-26 19:05:23,928][core.metrics.meter][INFO] - Meter:
SequenceAccuracy:	0.000
TokenAccuracy:	0.085
LengthAccuracy:	0.582
1st Token Accuracy:	0.001
2nd Token Accuracy:	0.012
Average Loss:	4.526
[2021-10-26 19:05:38,813][core.trainer][INFO] - Computing metrics for 'val' dataset
[2021-10-26 19:05:39,943][core.metrics.meter][INFO] - Meter:
SequenceAccuracy:	0.000
TokenAccuracy:	0.112
LengthAccuracy:	0.402
1st Token Accuracy:	0.000
2nd Token Accuracy:	0.000
Average Loss:	4.445
[2021-10-26 19:05:55,997][core.trainer][INFO] - Computing metrics for 'val' dataset
[2021-10-26 19:05:57,096][core.metrics.meter][INFO] - Meter:
SequenceAccuracy:	0.000
TokenAccuracy:	0.106
LengthAccuracy:	0.438
1st Token Accuracy:	0.000
2nd Token Accuracy:	0.000
Average Loss:	4.341
[2021-10-26 19:06:13,448][core.trainer][INFO] - Computing metrics for 'val' dataset
[2021-10-26 19:06:14,631][core.metrics.meter][INFO] - Meter:
SequenceAccuracy:	0.000
TokenAccuracy:	0.104
LengthAccuracy:	0.415
1st Token Accuracy:	0.000
2nd Token Accuracy:	0.000
Average Loss:	4.241
[2021-10-26 19:06:29,895][core.trainer][INFO] - Computing metrics for 'val' dataset
[2021-10-26 19:06:30,962][core.metrics.meter][INFO] - Meter:
SequenceAccuracy:	0.000
TokenAccuracy:	0.112
LengthAccuracy:	0.379
1st Token Accuracy:	0.000
2nd Token Accuracy:	0.000
Average Loss:	4.158
[2021-10-26 19:06:44,604][core.trainer][INFO] - Computing metrics for 'val' dataset
[2021-10-26 19:06:45,612][core.metrics.meter][INFO] - Meter:
SequenceAccuracy:	0.000
TokenAccuracy:	0.112
LengthAccuracy:	0.188
1st Token Accuracy:	0.000
2nd Token Accuracy:	0.000
Average Loss:	4.133
[2021-10-26 19:06:58,050][core.trainer][INFO] - Computing metrics for 'val' dataset
[2021-10-26 19:06:58,952][core.metrics.meter][INFO] - Meter:
SequenceAccuracy:	0.000
TokenAccuracy:	0.105
LengthAccuracy:	0.087
1st Token Accuracy:	0.000
2nd Token Accuracy:	0.000
Average Loss:	4.111
[2021-10-26 19:07:09,595][core.trainer][INFO] - Computing metrics for 'val' dataset
[2021-10-26 19:07:10,328][core.metrics.meter][INFO] - Meter:
SequenceAccuracy:	0.000
TokenAccuracy:	0.101
LengthAccuracy:	0.038
1st Token Accuracy:	0.000
2nd Token Accuracy:	0.000
Average Loss:	4.094
[2021-10-26 19:07:19,999][core.trainer][INFO] - Computing metrics for 'val' dataset
[2021-10-26 19:07:20,899][core.metrics.meter][INFO] - Meter:
SequenceAccuracy:	0.000
TokenAccuracy:	0.099
LengthAccuracy:	0.020
1st Token Accuracy:	0.000
2nd Token Accuracy:	0.000
Average Loss:	4.079
[2021-10-26 19:07:31,786][core.trainer][INFO] - Computing metrics for 'val' dataset
[2021-10-26 19:07:32,849][core.metrics.meter][INFO] - Meter:
SequenceAccuracy:	0.000
TokenAccuracy:	0.101
LengthAccuracy:	0.010
1st Token Accuracy:	0.000
2nd Token Accuracy:	0.026
Average Loss:	4.061
[2021-10-26 19:07:43,857][core.trainer][INFO] - Computing metrics for 'val' dataset
[2021-10-26 19:07:44,924][core.metrics.meter][INFO] - Meter:
SequenceAccuracy:	0.000
TokenAccuracy:	0.103
LengthAccuracy:	0.003
1st Token Accuracy:	0.000
2nd Token Accuracy:	0.046
Average Loss:	4.046
[2021-10-26 19:07:54,948][core.trainer][INFO] - Computing metrics for 'val' dataset
[2021-10-26 19:07:55,824][core.metrics.meter][INFO] - Meter:
SequenceAccuracy:	0.000
TokenAccuracy:	0.103
LengthAccuracy:	0.003
1st Token Accuracy:	0.000
2nd Token Accuracy:	0.046
Average Loss:	4.031
[2021-10-26 19:08:05,637][core.trainer][INFO] - Computing metrics for 'val' dataset
[2021-10-26 19:08:06,635][core.metrics.meter][INFO] - Meter:
SequenceAccuracy:	0.000
TokenAccuracy:	0.104
LengthAccuracy:	0.002
1st Token Accuracy:	0.001
2nd Token Accuracy:	0.050
Average Loss:	4.014
[2021-10-26 19:08:17,629][core.trainer][INFO] - Computing metrics for 'val' dataset
[2021-10-26 19:08:18,825][core.metrics.meter][INFO] - Meter:
SequenceAccuracy:	0.000
TokenAccuracy:	0.110
LengthAccuracy:	0.052
1st Token Accuracy:	0.001
2nd Token Accuracy:	0.025
Average Loss:	3.989
[2021-10-26 19:08:30,657][core.trainer][INFO] - Computing metrics for 'val' dataset
[2021-10-26 19:08:31,942][core.metrics.meter][INFO] - Meter:
SequenceAccuracy:	0.000
TokenAccuracy:	0.116
LengthAccuracy:	0.089
1st Token Accuracy:	0.001
2nd Token Accuracy:	0.030
Average Loss:	3.962
[2021-10-26 19:08:44,735][core.trainer][INFO] - Computing metrics for 'val' dataset
[2021-10-26 19:08:46,054][core.metrics.meter][INFO] - Meter:
SequenceAccuracy:	0.000
TokenAccuracy:	0.123
LengthAccuracy:	0.113
1st Token Accuracy:	0.007
2nd Token Accuracy:	0.030
Average Loss:	3.939
[2021-10-26 19:08:58,961][core.trainer][INFO] - Computing metrics for 'val' dataset
[2021-10-26 19:09:00,193][core.metrics.meter][INFO] - Meter:
SequenceAccuracy:	0.000
TokenAccuracy:	0.124
LengthAccuracy:	0.119
1st Token Accuracy:	0.028
2nd Token Accuracy:	0.027
Average Loss:	3.928
[2021-10-26 19:09:00,270][core.early_stopping][INFO] - Early stopping counter: 1 / 5
[2021-10-26 19:09:00,305][core.early_stopping][INFO] - Pausing model saving until validation loss decreases by 0.0001
[2021-10-26 19:09:12,406][core.trainer][INFO] - Computing metrics for 'val' dataset
[2021-10-26 19:09:13,525][core.metrics.meter][INFO] - Meter:
SequenceAccuracy:	0.000
TokenAccuracy:	0.122
LengthAccuracy:	0.105
1st Token Accuracy:	0.036
2nd Token Accuracy:	0.037
Average Loss:	3.921
[2021-10-26 19:09:13,623][core.early_stopping][INFO] - Early stopping counter: 2 / 5
[2021-10-26 19:09:13,624][core.early_stopping][INFO] - Pausing model saving until validation loss decreases by 0.0001
[2021-10-26 19:09:25,617][core.trainer][INFO] - Computing metrics for 'val' dataset
[2021-10-26 19:09:26,781][core.metrics.meter][INFO] - Meter:
SequenceAccuracy:	0.000
TokenAccuracy:	0.125
LengthAccuracy:	0.087
1st Token Accuracy:	0.064
2nd Token Accuracy:	0.041
Average Loss:	3.919
[2021-10-26 19:09:39,640][core.trainer][INFO] - Computing metrics for 'val' dataset
[2021-10-26 19:09:40,793][core.metrics.meter][INFO] - Meter:
SequenceAccuracy:	0.000
TokenAccuracy:	0.134
LengthAccuracy:	0.104
1st Token Accuracy:	0.090
2nd Token Accuracy:	0.056
Average Loss:	3.901
[2021-10-26 19:09:41,116][core.trainer][INFO] - Computing metrics for 'test' dataset
[2021-10-26 19:09:52,044][core.metrics.meter][INFO] - Meter:
SequenceAccuracy:	0.000
TokenAccuracy:	0.127
LengthAccuracy:	0.043
1st Token Accuracy:	0.087
2nd Token Accuracy:	0.079
Average Loss:	3.910
[2021-10-26 19:09:52,045][core.trainer][INFO] - Computing metrics for 'gen' dataset
[2021-10-26 19:10:02,974][core.metrics.meter][INFO] - Meter:
SequenceAccuracy:	0.000
TokenAccuracy:	0.109
LengthAccuracy:	0.000
1st Token Accuracy:	0.086
2nd Token Accuracy:	0.092
Average Loss:	4.043
[2021-10-26 19:10:02,976][core.trainer][INFO] - EPOCH 2 / 50
[2021-10-26 19:10:02,976][core.trainer][INFO] - Computing metrics for 'train' dataset
[2021-10-26 19:10:15,763][core.trainer][INFO] - Computing metrics for 'val' dataset
[2021-10-26 19:10:16,952][core.metrics.meter][INFO] - Meter:
SequenceAccuracy:	0.000
TokenAccuracy:	0.136
LengthAccuracy:	0.111
1st Token Accuracy:	0.087
2nd Token Accuracy:	0.065
Average Loss:	3.882
[2021-10-26 19:10:29,900][core.trainer][INFO] - Computing metrics for 'val' dataset
[2021-10-26 19:10:31,081][core.metrics.meter][INFO] - Meter:
SequenceAccuracy:	0.000
TokenAccuracy:	0.139
LengthAccuracy:	0.112
1st Token Accuracy:	0.096
2nd Token Accuracy:	0.072
Average Loss:	3.870
[2021-10-26 19:10:44,006][core.trainer][INFO] - Computing metrics for 'val' dataset
[2021-10-26 19:10:45,198][core.metrics.meter][INFO] - Meter:
SequenceAccuracy:	0.000
TokenAccuracy:	0.142
LengthAccuracy:	0.116
1st Token Accuracy:	0.099
2nd Token Accuracy:	0.073
Average Loss:	3.856
[2021-10-26 19:10:57,939][core.trainer][INFO] - Computing metrics for 'val' dataset
[2021-10-26 19:10:59,167][core.metrics.meter][INFO] - Meter:
SequenceAccuracy:	0.000
TokenAccuracy:	0.139
LengthAccuracy:	0.104
1st Token Accuracy:	0.113
2nd Token Accuracy:	0.081
Average Loss:	3.854
[2021-10-26 19:11:13,132][core.trainer][INFO] - Computing metrics for 'val' dataset
[2021-10-26 19:11:14,407][core.metrics.meter][INFO] - Meter:
SequenceAccuracy:	0.000
TokenAccuracy:	0.142
LengthAccuracy:	0.121
1st Token Accuracy:	0.106
2nd Token Accuracy:	0.085
Average Loss:	3.831
[2021-10-26 19:11:29,084][core.trainer][INFO] - Computing metrics for 'val' dataset
[2021-10-26 19:11:30,266][core.metrics.meter][INFO] - Meter:
SequenceAccuracy:	0.000
TokenAccuracy:	0.137
LengthAccuracy:	0.109
1st Token Accuracy:	0.097
2nd Token Accuracy:	0.085
Average Loss:	3.827
[2021-10-26 19:11:30,345][core.early_stopping][INFO] - Early stopping counter: 1 / 5
[2021-10-26 19:11:30,382][core.early_stopping][INFO] - Pausing model saving until validation loss decreases by 0.0001
[2021-10-26 19:11:44,540][core.trainer][INFO] - Computing metrics for 'val' dataset
[2021-10-26 19:11:45,754][core.metrics.meter][INFO] - Meter:
SequenceAccuracy:	0.000
TokenAccuracy:	0.138
LengthAccuracy:	0.106
1st Token Accuracy:	0.101
2nd Token Accuracy:	0.082
Average Loss:	3.813
[2021-10-26 19:12:00,241][core.trainer][INFO] - Computing metrics for 'val' dataset
[2021-10-26 19:12:01,492][core.metrics.meter][INFO] - Meter:
SequenceAccuracy:	0.000
TokenAccuracy:	0.140
LengthAccuracy:	0.113
1st Token Accuracy:	0.093
2nd Token Accuracy:	0.087
Average Loss:	3.801
[2021-10-26 19:12:14,624][core.trainer][INFO] - Computing metrics for 'val' dataset
[2021-10-26 19:12:15,845][core.metrics.meter][INFO] - Meter:
SequenceAccuracy:	0.000
TokenAccuracy:	0.140
LengthAccuracy:	0.113
1st Token Accuracy:	0.103
2nd Token Accuracy:	0.097
Average Loss:	3.794
[2021-10-26 19:12:15,920][core.early_stopping][INFO] - Early stopping counter: 1 / 5
[2021-10-26 19:12:15,956][core.early_stopping][INFO] - Pausing model saving until validation loss decreases by 0.0001
[2021-10-26 19:12:29,785][core.trainer][INFO] - Computing metrics for 'val' dataset
[2021-10-26 19:12:31,301][core.metrics.meter][INFO] - Meter:
SequenceAccuracy:	0.000
TokenAccuracy:	0.143
LengthAccuracy:	0.114
1st Token Accuracy:	0.114
2nd Token Accuracy:	0.090
Average Loss:	3.781
[2021-10-26 19:12:44,529][core.trainer][INFO] - Computing metrics for 'val' dataset
[2021-10-26 19:12:45,791][core.metrics.meter][INFO] - Meter:
SequenceAccuracy:	0.000
TokenAccuracy:	0.142
LengthAccuracy:	0.109
1st Token Accuracy:	0.109
2nd Token Accuracy:	0.094
Average Loss:	3.774
[2021-10-26 19:12:58,595][core.trainer][INFO] - Computing metrics for 'val' dataset
[2021-10-26 19:12:59,788][core.metrics.meter][INFO] - Meter:
SequenceAccuracy:	0.000
TokenAccuracy:	0.144
LengthAccuracy:	0.115
1st Token Accuracy:	0.108
2nd Token Accuracy:	0.085
Average Loss:	3.761
[2021-10-26 19:12:59,866][core.early_stopping][INFO] - Early stopping counter: 1 / 5
[2021-10-26 19:12:59,903][core.early_stopping][INFO] - Pausing model saving until validation loss decreases by 0.0001
[2021-10-26 19:13:12,797][core.trainer][INFO] - Computing metrics for 'val' dataset
[2021-10-26 19:13:14,252][core.metrics.meter][INFO] - Meter:
SequenceAccuracy:	0.000
TokenAccuracy:	0.143
LengthAccuracy:	0.104
1st Token Accuracy:	0.114
2nd Token Accuracy:	0.085
Average Loss:	3.758
[2021-10-26 19:13:14,329][core.early_stopping][INFO] - Early stopping counter: 2 / 5
[2021-10-26 19:13:14,366][core.early_stopping][INFO] - Pausing model saving until validation loss decreases by 0.0001
[2021-10-26 19:13:28,490][core.trainer][INFO] - Computing metrics for 'val' dataset
[2021-10-26 19:13:29,906][core.metrics.meter][INFO] - Meter:
SequenceAccuracy:	0.000
TokenAccuracy:	0.143
LengthAccuracy:	0.102
1st Token Accuracy:	0.121
2nd Token Accuracy:	0.074
Average Loss:	3.752
[2021-10-26 19:13:29,982][core.early_stopping][INFO] - Early stopping counter: 3 / 5
[2021-10-26 19:13:30,018][core.early_stopping][INFO] - Pausing model saving until validation loss decreases by 0.0001
[2021-10-26 19:13:44,036][core.trainer][INFO] - Computing metrics for 'val' dataset
[2021-10-26 19:13:45,462][core.metrics.meter][INFO] - Meter:
SequenceAccuracy:	0.000
TokenAccuracy:	0.141
LengthAccuracy:	0.102
1st Token Accuracy:	0.111
2nd Token Accuracy:	0.075
Average Loss:	3.749
[2021-10-26 19:13:59,938][core.trainer][INFO] - Computing metrics for 'val' dataset
[2021-10-26 19:14:01,412][core.metrics.meter][INFO] - Meter:
SequenceAccuracy:	0.000
TokenAccuracy:	0.145
LengthAccuracy:	0.112
1st Token Accuracy:	0.106
2nd Token Accuracy:	0.082
Average Loss:	3.733
[2021-10-26 19:14:15,749][core.trainer][INFO] - Computing metrics for 'val' dataset
[2021-10-26 19:14:17,270][core.metrics.meter][INFO] - Meter:
SequenceAccuracy:	0.000
TokenAccuracy:	0.149
LengthAccuracy:	0.120
1st Token Accuracy:	0.116
2nd Token Accuracy:	0.095
Average Loss:	3.724
[2021-10-26 19:14:31,578][core.trainer][INFO] - Computing metrics for 'val' dataset
[2021-10-26 19:14:33,003][core.metrics.meter][INFO] - Meter:
SequenceAccuracy:	0.000
TokenAccuracy:	0.149
LengthAccuracy:	0.109
1st Token Accuracy:	0.126
2nd Token Accuracy:	0.097
Average Loss:	3.725
[2021-10-26 19:14:33,078][core.early_stopping][INFO] - Early stopping counter: 1 / 5
[2021-10-26 19:14:33,112][core.early_stopping][INFO] - Pausing model saving until validation loss decreases by 0.0001
[2021-10-26 19:14:47,060][core.trainer][INFO] - Computing metrics for 'val' dataset
[2021-10-26 19:14:48,559][core.metrics.meter][INFO] - Meter:
SequenceAccuracy:	0.000
TokenAccuracy:	0.153
LengthAccuracy:	0.122
1st Token Accuracy:	0.144
2nd Token Accuracy:	0.092
Average Loss:	3.715
[2021-10-26 19:14:48,633][core.early_stopping][INFO] - Early stopping counter: 2 / 5
[2021-10-26 19:14:48,667][core.early_stopping][INFO] - Pausing model saving until validation loss decreases by 0.0001
[2021-10-26 19:15:02,599][core.trainer][INFO] - Computing metrics for 'val' dataset
[2021-10-26 19:15:04,097][core.metrics.meter][INFO] - Meter:
SequenceAccuracy:	0.000
TokenAccuracy:	0.154
LengthAccuracy:	0.118
1st Token Accuracy:	0.145
2nd Token Accuracy:	0.090
Average Loss:	3.706
[2021-10-26 19:15:04,419][core.trainer][INFO] - Computing metrics for 'test' dataset
[2021-10-26 19:15:18,555][core.metrics.meter][INFO] - Meter:
SequenceAccuracy:	0.000
TokenAccuracy:	0.158
LengthAccuracy:	0.134
1st Token Accuracy:	0.134
2nd Token Accuracy:	0.098
Average Loss:	3.706
[2021-10-26 19:15:18,557][core.trainer][INFO] - Computing metrics for 'gen' dataset
[2021-10-26 19:15:32,453][core.metrics.meter][INFO] - Meter:
SequenceAccuracy:	0.000
TokenAccuracy:	0.136
LengthAccuracy:	0.000
1st Token Accuracy:	0.160
2nd Token Accuracy:	0.127
Average Loss:	3.860
[2021-10-26 19:15:32,455][core.trainer][INFO] - EPOCH 3 / 50
[2021-10-26 19:15:32,455][core.trainer][INFO] - Computing metrics for 'train' dataset
[2021-10-26 19:15:46,584][core.trainer][INFO] - Computing metrics for 'val' dataset
[2021-10-26 19:15:48,052][core.metrics.meter][INFO] - Meter:
SequenceAccuracy:	0.000
TokenAccuracy:	0.156
LengthAccuracy:	0.116
1st Token Accuracy:	0.150
2nd Token Accuracy:	0.100
Average Loss:	3.703
[2021-10-26 19:15:48,128][core.early_stopping][INFO] - Early stopping counter: 1 / 5
[2021-10-26 19:15:48,163][core.early_stopping][INFO] - Pausing model saving until validation loss decreases by 0.0001
[2021-10-26 19:16:02,185][core.trainer][INFO] - Computing metrics for 'val' dataset
[2021-10-26 19:16:03,626][core.metrics.meter][INFO] - Meter:
SequenceAccuracy:	0.000
TokenAccuracy:	0.153
LengthAccuracy:	0.106
1st Token Accuracy:	0.137
2nd Token Accuracy:	0.100
Average Loss:	3.699
[2021-10-26 19:16:03,704][core.early_stopping][INFO] - Early stopping counter: 2 / 5
[2021-10-26 19:16:03,739][core.early_stopping][INFO] - Pausing model saving until validation loss decreases by 0.0001
[2021-10-26 19:16:17,627][core.trainer][INFO] - Computing metrics for 'val' dataset
[2021-10-26 19:16:19,159][core.metrics.meter][INFO] - Meter:
SequenceAccuracy:	0.000
TokenAccuracy:	0.154
LengthAccuracy:	0.107
1st Token Accuracy:	0.138
2nd Token Accuracy:	0.103
Average Loss:	3.697
[2021-10-26 19:16:33,538][core.trainer][INFO] - Computing metrics for 'val' dataset
[2021-10-26 19:16:35,031][core.metrics.meter][INFO] - Meter:
SequenceAccuracy:	0.000
TokenAccuracy:	0.157
LengthAccuracy:	0.106
1st Token Accuracy:	0.142
2nd Token Accuracy:	0.098
Average Loss:	3.682
[2021-10-26 19:16:35,106][core.early_stopping][INFO] - Early stopping counter: 1 / 5
[2021-10-26 19:16:35,140][core.early_stopping][INFO] - Pausing model saving until validation loss decreases by 0.0001
[2021-10-26 19:16:49,323][core.trainer][INFO] - Computing metrics for 'val' dataset
[2021-10-26 19:16:50,842][core.metrics.meter][INFO] - Meter:
SequenceAccuracy:	0.000
TokenAccuracy:	0.156
LengthAccuracy:	0.112
1st Token Accuracy:	0.134
2nd Token Accuracy:	0.098
Average Loss:	3.676
[2021-10-26 19:17:05,289][core.trainer][INFO] - Computing metrics for 'val' dataset
[2021-10-26 19:17:06,787][core.metrics.meter][INFO] - Meter:
SequenceAccuracy:	0.000
TokenAccuracy:	0.154
LengthAccuracy:	0.102
1st Token Accuracy:	0.150
2nd Token Accuracy:	0.091
Average Loss:	3.671
[2021-10-26 19:17:20,889][core.trainer][INFO] - Computing metrics for 'val' dataset
[2021-10-26 19:17:22,294][core.metrics.meter][INFO] - Meter:
SequenceAccuracy:	0.000
TokenAccuracy:	0.154
LengthAccuracy:	0.102
1st Token Accuracy:	0.127
2nd Token Accuracy:	0.095
Average Loss:	3.669
[2021-10-26 19:17:22,409][core.early_stopping][INFO] - Early stopping counter: 1 / 5
[2021-10-26 19:17:22,409][core.early_stopping][INFO] - Pausing model saving until validation loss decreases by 0.0001
[2021-10-26 19:17:35,229][core.trainer][INFO] - Computing metrics for 'val' dataset
[2021-10-26 19:17:36,686][core.metrics.meter][INFO] - Meter:
SequenceAccuracy:	0.000
TokenAccuracy:	0.156
LengthAccuracy:	0.107
1st Token Accuracy:	0.120
2nd Token Accuracy:	0.098
Average Loss:	3.653
[2021-10-26 19:17:36,763][core.early_stopping][INFO] - Early stopping counter: 2 / 5
[2021-10-26 19:17:36,807][core.early_stopping][INFO] - Pausing model saving until validation loss decreases by 0.0001
[2021-10-26 19:17:50,662][core.trainer][INFO] - Computing metrics for 'val' dataset
[2021-10-26 19:17:51,816][core.metrics.meter][INFO] - Meter:
SequenceAccuracy:	0.000
TokenAccuracy:	0.153
LengthAccuracy:	0.100
1st Token Accuracy:	0.125
2nd Token Accuracy:	0.097
Average Loss:	3.659
[2021-10-26 19:17:51,922][core.early_stopping][INFO] - Early stopping counter: 3 / 5
[2021-10-26 19:17:51,922][core.early_stopping][INFO] - Pausing model saving until validation loss decreases by 0.0001
[2021-10-26 19:18:04,399][core.trainer][INFO] - Computing metrics for 'val' dataset
[2021-10-26 19:18:05,628][core.metrics.meter][INFO] - Meter:
SequenceAccuracy:	0.000
TokenAccuracy:	0.154
LengthAccuracy:	0.102
1st Token Accuracy:	0.127
2nd Token Accuracy:	0.093
Average Loss:	3.653
[2021-10-26 19:18:18,194][core.trainer][INFO] - Computing metrics for 'val' dataset
[2021-10-26 19:18:19,425][core.metrics.meter][INFO] - Meter:
SequenceAccuracy:	0.000
TokenAccuracy:	0.157
LengthAccuracy:	0.113
1st Token Accuracy:	0.121
2nd Token Accuracy:	0.106
Average Loss:	3.642
[2021-10-26 19:18:32,241][core.trainer][INFO] - Computing metrics for 'val' dataset
[2021-10-26 19:18:33,473][core.metrics.meter][INFO] - Meter:
SequenceAccuracy:	0.000
TokenAccuracy:	0.161
LengthAccuracy:	0.124
1st Token Accuracy:	0.141
2nd Token Accuracy:	0.105
Average Loss:	3.630
[2021-10-26 19:18:45,964][core.trainer][INFO] - Computing metrics for 'val' dataset
[2021-10-26 19:18:47,102][core.metrics.meter][INFO] - Meter:
SequenceAccuracy:	0.000
TokenAccuracy:	0.155
LengthAccuracy:	0.085
1st Token Accuracy:	0.119
2nd Token Accuracy:	0.106
Average Loss:	3.643
[2021-10-26 19:18:47,222][core.early_stopping][INFO] - Early stopping counter: 1 / 5
[2021-10-26 19:18:47,222][core.early_stopping][INFO] - Pausing model saving until validation loss decreases by 0.0001
[2021-10-26 19:18:59,385][core.trainer][INFO] - Computing metrics for 'val' dataset
[2021-10-26 19:19:00,565][core.metrics.meter][INFO] - Meter:
SequenceAccuracy:	0.000
TokenAccuracy:	0.155
LengthAccuracy:	0.077
1st Token Accuracy:	0.121
2nd Token Accuracy:	0.106
Average Loss:	3.635
[2021-10-26 19:19:00,639][core.early_stopping][INFO] - Early stopping counter: 2 / 5
[2021-10-26 19:19:00,673][core.early_stopping][INFO] - Pausing model saving until validation loss decreases by 0.0001
[2021-10-26 19:19:13,190][core.trainer][INFO] - Computing metrics for 'val' dataset
[2021-10-26 19:19:14,404][core.metrics.meter][INFO] - Meter:
SequenceAccuracy:	0.000
TokenAccuracy:	0.158
LengthAccuracy:	0.106
1st Token Accuracy:	0.128
2nd Token Accuracy:	0.101
Average Loss:	3.619
[2021-10-26 19:19:27,026][core.trainer][INFO] - Computing metrics for 'val' dataset
[2021-10-26 19:19:28,250][core.metrics.meter][INFO] - Meter:
SequenceAccuracy:	0.000
TokenAccuracy:	0.158
LengthAccuracy:	0.109
1st Token Accuracy:	0.117
2nd Token Accuracy:	0.108
Average Loss:	3.610
[2021-10-26 19:19:40,727][core.trainer][INFO] - Computing metrics for 'val' dataset
[2021-10-26 19:19:41,907][core.metrics.meter][INFO] - Meter:
SequenceAccuracy:	0.000
TokenAccuracy:	0.158
LengthAccuracy:	0.085
1st Token Accuracy:	0.128
2nd Token Accuracy:	0.105
Average Loss:	3.608
[2021-10-26 19:19:42,007][core.early_stopping][INFO] - Early stopping counter: 1 / 5
[2021-10-26 19:19:42,008][core.early_stopping][INFO] - Pausing model saving until validation loss decreases by 0.0001
[2021-10-26 19:19:54,962][core.trainer][INFO] - Computing metrics for 'val' dataset
[2021-10-26 19:19:56,464][core.metrics.meter][INFO] - Meter:
SequenceAccuracy:	0.000
TokenAccuracy:	0.162
LengthAccuracy:	0.104
1st Token Accuracy:	0.134
2nd Token Accuracy:	0.104
Average Loss:	3.595
[2021-10-26 19:20:10,752][core.trainer][INFO] - Computing metrics for 'val' dataset
[2021-10-26 19:20:12,298][core.metrics.meter][INFO] - Meter:
SequenceAccuracy:	0.000
TokenAccuracy:	0.160
LengthAccuracy:	0.104
1st Token Accuracy:	0.113
2nd Token Accuracy:	0.107
Average Loss:	3.588
[2021-10-26 19:20:26,817][core.trainer][INFO] - Computing metrics for 'val' dataset
[2021-10-26 19:20:28,337][core.metrics.meter][INFO] - Meter:
SequenceAccuracy:	0.000
TokenAccuracy:	0.164
LengthAccuracy:	0.117
1st Token Accuracy:	0.122
2nd Token Accuracy:	0.100
Average Loss:	3.586
[2021-10-26 19:20:28,415][core.early_stopping][INFO] - Early stopping counter: 1 / 5
[2021-10-26 19:20:28,451][core.early_stopping][INFO] - Pausing model saving until validation loss decreases by 0.0001
[2021-10-26 19:20:28,453][core.trainer][INFO] - Computing metrics for 'test' dataset
[2021-10-26 19:20:42,846][core.metrics.meter][INFO] - Meter:
SequenceAccuracy:	0.000
TokenAccuracy:	0.168
LengthAccuracy:	0.141
1st Token Accuracy:	0.121
2nd Token Accuracy:	0.105
Average Loss:	3.578
[2021-10-26 19:20:42,847][core.trainer][INFO] - Computing metrics for 'gen' dataset
[2021-10-26 19:20:56,773][core.metrics.meter][INFO] - Meter:
SequenceAccuracy:	0.000
TokenAccuracy:	0.139
LengthAccuracy:	0.000
1st Token Accuracy:	0.122
2nd Token Accuracy:	0.130
Average Loss:	3.758
[2021-10-26 19:20:56,774][core.trainer][INFO] - EPOCH 4 / 50
[2021-10-26 19:20:56,774][core.trainer][INFO] - Computing metrics for 'train' dataset
[2021-10-26 19:21:10,975][core.trainer][INFO] - Computing metrics for 'val' dataset
[2021-10-26 19:21:12,473][core.metrics.meter][INFO] - Meter:
SequenceAccuracy:	0.000
TokenAccuracy:	0.163
LengthAccuracy:	0.117
1st Token Accuracy:	0.118
2nd Token Accuracy:	0.107
Average Loss:	3.576
[2021-10-26 19:21:12,566][core.early_stopping][INFO] - Early stopping counter: 2 / 5
[2021-10-26 19:21:12,602][core.early_stopping][INFO] - Pausing model saving until validation loss decreases by 0.0001
[2021-10-26 19:21:25,971][core.trainer][INFO] - Computing metrics for 'val' dataset
[2021-10-26 19:21:27,237][core.metrics.meter][INFO] - Meter:
SequenceAccuracy:	0.000
TokenAccuracy:	0.162
LengthAccuracy:	0.124
1st Token Accuracy:	0.123
2nd Token Accuracy:	0.103
Average Loss:	3.564
[2021-10-26 19:21:40,085][core.trainer][INFO] - Computing metrics for 'val' dataset
[2021-10-26 19:21:41,345][core.metrics.meter][INFO] - Meter:
SequenceAccuracy:	0.000
TokenAccuracy:	0.167
LengthAccuracy:	0.142
1st Token Accuracy:	0.124
2nd Token Accuracy:	0.101
Average Loss:	3.540
[2021-10-26 19:21:54,243][core.trainer][INFO] - Computing metrics for 'val' dataset
[2021-10-26 19:21:55,508][core.metrics.meter][INFO] - Meter:
SequenceAccuracy:	0.000
TokenAccuracy:	0.166
LengthAccuracy:	0.127
1st Token Accuracy:	0.124
2nd Token Accuracy:	0.102
Average Loss:	3.540
[2021-10-26 19:22:08,657][core.trainer][INFO] - Computing metrics for 'val' dataset
[2021-10-26 19:22:09,947][core.metrics.meter][INFO] - Meter:
SequenceAccuracy:	0.000
TokenAccuracy:	0.171
LengthAccuracy:	0.139
1st Token Accuracy:	0.134
2nd Token Accuracy:	0.103
Average Loss:	3.513
[2021-10-26 19:22:23,153][core.trainer][INFO] - Computing metrics for 'val' dataset
[2021-10-26 19:22:24,465][core.metrics.meter][INFO] - Meter:
SequenceAccuracy:	0.000
TokenAccuracy:	0.168
LengthAccuracy:	0.140
1st Token Accuracy:	0.125
2nd Token Accuracy:	0.099
Average Loss:	3.517
[2021-10-26 19:22:24,546][core.early_stopping][INFO] - Early stopping counter: 1 / 5
[2021-10-26 19:22:24,583][core.early_stopping][INFO] - Pausing model saving until validation loss decreases by 0.0001
[2021-10-26 19:22:37,764][core.trainer][INFO] - Computing metrics for 'val' dataset
[2021-10-26 19:22:39,083][core.metrics.meter][INFO] - Meter:
SequenceAccuracy:	0.000
TokenAccuracy:	0.169
LengthAccuracy:	0.149
1st Token Accuracy:	0.130
2nd Token Accuracy:	0.101
Average Loss:	3.507
[2021-10-26 19:22:52,403][core.trainer][INFO] - Computing metrics for 'val' dataset
[2021-10-26 19:22:53,708][core.metrics.meter][INFO] - Meter:
SequenceAccuracy:	0.000
TokenAccuracy:	0.170
LengthAccuracy:	0.143
1st Token Accuracy:	0.121
2nd Token Accuracy:	0.112
Average Loss:	3.510
[2021-10-26 19:23:07,061][core.trainer][INFO] - Computing metrics for 'val' dataset
[2021-10-26 19:23:08,357][core.metrics.meter][INFO] - Meter:
SequenceAccuracy:	0.000
TokenAccuracy:	0.172
LengthAccuracy:	0.144
1st Token Accuracy:	0.118
2nd Token Accuracy:	0.114
Average Loss:	3.494
[2021-10-26 19:23:22,120][core.trainer][INFO] - Computing metrics for 'val' dataset
[2021-10-26 19:23:23,445][core.metrics.meter][INFO] - Meter:
SequenceAccuracy:	0.000
TokenAccuracy:	0.176
LengthAccuracy:	0.151
1st Token Accuracy:	0.121
2nd Token Accuracy:	0.133
Average Loss:	3.477
[2021-10-26 19:23:39,076][core.trainer][INFO] - Computing metrics for 'val' dataset
[2021-10-26 19:23:40,461][core.metrics.meter][INFO] - Meter:
SequenceAccuracy:	0.000
TokenAccuracy:	0.177
LengthAccuracy:	0.157
1st Token Accuracy:	0.126
2nd Token Accuracy:	0.141
Average Loss:	3.474
[2021-10-26 19:23:40,543][core.early_stopping][INFO] - Early stopping counter: 1 / 5
[2021-10-26 19:23:40,582][core.early_stopping][INFO] - Pausing model saving until validation loss decreases by 0.0001
[2021-10-26 19:23:55,418][core.trainer][INFO] - Computing metrics for 'val' dataset
[2021-10-26 19:23:56,776][core.metrics.meter][INFO] - Meter:
SequenceAccuracy:	0.000
TokenAccuracy:	0.175
LengthAccuracy:	0.154
1st Token Accuracy:	0.144
2nd Token Accuracy:	0.135
Average Loss:	3.493
[2021-10-26 19:23:56,878][core.early_stopping][INFO] - Early stopping counter: 2 / 5
[2021-10-26 19:23:56,918][core.early_stopping][INFO] - Pausing model saving until validation loss decreases by 0.0001
[2021-10-26 19:24:11,439][core.trainer][INFO] - Computing metrics for 'val' dataset
[2021-10-26 19:24:12,836][core.metrics.meter][INFO] - Meter:
SequenceAccuracy:	0.000
TokenAccuracy:	0.180
LengthAccuracy:	0.165
1st Token Accuracy:	0.164
2nd Token Accuracy:	0.148
Average Loss:	3.478
[2021-10-26 19:24:12,921][core.early_stopping][INFO] - Early stopping counter: 3 / 5
[2021-10-26 19:24:12,963][core.early_stopping][INFO] - Pausing model saving until validation loss decreases by 0.0001
[2021-10-26 19:24:27,159][core.trainer][INFO] - Computing metrics for 'val' dataset
[2021-10-26 19:24:28,495][core.metrics.meter][INFO] - Meter:
SequenceAccuracy:	0.000
TokenAccuracy:	0.183
LengthAccuracy:	0.150
1st Token Accuracy:	0.172
2nd Token Accuracy:	0.144
Average Loss:	3.455
[2021-10-26 19:24:42,392][core.trainer][INFO] - Computing metrics for 'val' dataset
[2021-10-26 19:24:43,718][core.metrics.meter][INFO] - Meter:
SequenceAccuracy:	0.000
TokenAccuracy:	0.183
LengthAccuracy:	0.148
1st Token Accuracy:	0.143
2nd Token Accuracy:	0.141
Average Loss:	3.441
[2021-10-26 19:24:57,523][core.trainer][INFO] - Computing metrics for 'val' dataset
[2021-10-26 19:24:58,835][core.metrics.meter][INFO] - Meter:
SequenceAccuracy:	0.000
TokenAccuracy:	0.182
LengthAccuracy:	0.148
1st Token Accuracy:	0.140
2nd Token Accuracy:	0.148
Average Loss:	3.435
[2021-10-26 19:25:12,561][core.trainer][INFO] - Computing metrics for 'val' dataset
[2021-10-26 19:25:13,877][core.metrics.meter][INFO] - Meter:
SequenceAccuracy:	0.000
TokenAccuracy:	0.184
LengthAccuracy:	0.153
1st Token Accuracy:	0.128
2nd Token Accuracy:	0.150
Average Loss:	3.411
[2021-10-26 19:25:27,477][core.trainer][INFO] - Computing metrics for 'val' dataset
[2021-10-26 19:25:28,792][core.metrics.meter][INFO] - Meter:
SequenceAccuracy:	0.000
TokenAccuracy:	0.185
LengthAccuracy:	0.158
1st Token Accuracy:	0.123
2nd Token Accuracy:	0.141
Average Loss:	3.394
[2021-10-26 19:25:42,670][core.trainer][INFO] - Computing metrics for 'val' dataset
[2021-10-26 19:25:43,985][core.metrics.meter][INFO] - Meter:
SequenceAccuracy:	0.000
TokenAccuracy:	0.188
LengthAccuracy:	0.160
1st Token Accuracy:	0.136
2nd Token Accuracy:	0.141
Average Loss:	3.383
[2021-10-26 19:25:57,841][core.trainer][INFO] - Computing metrics for 'val' dataset
[2021-10-26 19:25:59,158][core.metrics.meter][INFO] - Meter:
SequenceAccuracy:	0.000
TokenAccuracy:	0.191
LengthAccuracy:	0.154
1st Token Accuracy:	0.148
2nd Token Accuracy:	0.145
Average Loss:	3.371
[2021-10-26 19:25:59,409][core.trainer][INFO] - Computing metrics for 'test' dataset
[2021-10-26 19:26:11,874][core.metrics.meter][INFO] - Meter:
SequenceAccuracy:	0.000
TokenAccuracy:	0.188
LengthAccuracy:	0.152
1st Token Accuracy:	0.134
2nd Token Accuracy:	0.142
Average Loss:	3.360
[2021-10-26 19:26:11,876][core.trainer][INFO] - Computing metrics for 'gen' dataset
[2021-10-26 19:26:25,265][core.metrics.meter][INFO] - Meter:
SequenceAccuracy:	0.000
TokenAccuracy:	0.152
LengthAccuracy:	0.000
1st Token Accuracy:	0.096
2nd Token Accuracy:	0.141
Average Loss:	3.500
[2021-10-26 19:26:25,267][core.trainer][INFO] - EPOCH 5 / 50
[2021-10-26 19:26:25,267][core.trainer][INFO] - Computing metrics for 'train' dataset
[2021-10-26 19:26:38,994][core.trainer][INFO] - Computing metrics for 'val' dataset
[2021-10-26 19:26:40,309][core.metrics.meter][INFO] - Meter:
SequenceAccuracy:	0.000
TokenAccuracy:	0.190
LengthAccuracy:	0.149
1st Token Accuracy:	0.147
2nd Token Accuracy:	0.145
Average Loss:	3.365
[2021-10-26 19:26:54,096][core.trainer][INFO] - Computing metrics for 'val' dataset
[2021-10-26 19:26:55,412][core.metrics.meter][INFO] - Meter:
SequenceAccuracy:	0.000
TokenAccuracy:	0.194
LengthAccuracy:	0.158
1st Token Accuracy:	0.129
2nd Token Accuracy:	0.155
Average Loss:	3.340
[2021-10-26 19:27:09,410][core.trainer][INFO] - Computing metrics for 'val' dataset
[2021-10-26 19:27:10,726][core.metrics.meter][INFO] - Meter:
SequenceAccuracy:	0.000
TokenAccuracy:	0.195
LengthAccuracy:	0.163
1st Token Accuracy:	0.114
2nd Token Accuracy:	0.166
Average Loss:	3.323
[2021-10-26 19:27:25,738][core.trainer][INFO] - Computing metrics for 'val' dataset
[2021-10-26 19:27:27,049][core.metrics.meter][INFO] - Meter:
SequenceAccuracy:	0.000
TokenAccuracy:	0.199
LengthAccuracy:	0.157
1st Token Accuracy:	0.152
2nd Token Accuracy:	0.144
Average Loss:	3.313
[2021-10-26 19:27:41,207][core.trainer][INFO] - Computing metrics for 'val' dataset
[2021-10-26 19:27:42,524][core.metrics.meter][INFO] - Meter:
SequenceAccuracy:	0.000
TokenAccuracy:	0.199
LengthAccuracy:	0.168
1st Token Accuracy:	0.126
2nd Token Accuracy:	0.157
Average Loss:	3.293
[2021-10-26 19:27:56,554][core.trainer][INFO] - Computing metrics for 'val' dataset
[2021-10-26 19:27:57,869][core.metrics.meter][INFO] - Meter:
SequenceAccuracy:	0.000
TokenAccuracy:	0.199
LengthAccuracy:	0.179
1st Token Accuracy:	0.109
2nd Token Accuracy:	0.151
Average Loss:	3.265
[2021-10-26 19:28:11,924][core.trainer][INFO] - Computing metrics for 'val' dataset
[2021-10-26 19:28:13,253][core.metrics.meter][INFO] - Meter:
SequenceAccuracy:	0.000
TokenAccuracy:	0.197
LengthAccuracy:	0.185
1st Token Accuracy:	0.135
2nd Token Accuracy:	0.146
Average Loss:	3.260
[2021-10-26 19:28:28,051][core.trainer][INFO] - Computing metrics for 'val' dataset
[2021-10-26 19:28:29,390][core.metrics.meter][INFO] - Meter:
SequenceAccuracy:	0.000
TokenAccuracy:	0.204
LengthAccuracy:	0.198
1st Token Accuracy:	0.162
2nd Token Accuracy:	0.173
Average Loss:	3.241
[2021-10-26 19:28:45,555][core.trainer][INFO] - Computing metrics for 'val' dataset
[2021-10-26 19:28:46,993][core.metrics.meter][INFO] - Meter:
SequenceAccuracy:	0.000
TokenAccuracy:	0.210
LengthAccuracy:	0.293
1st Token Accuracy:	0.143
2nd Token Accuracy:	0.180
Average Loss:	3.216
[2021-10-26 19:29:02,176][core.trainer][INFO] - Computing metrics for 'val' dataset
[2021-10-26 19:29:03,816][core.metrics.meter][INFO] - Meter:
SequenceAccuracy:	0.000
TokenAccuracy:	0.209
LengthAccuracy:	0.265
1st Token Accuracy:	0.157
2nd Token Accuracy:	0.183
Average Loss:	3.223
[2021-10-26 19:29:03,939][core.early_stopping][INFO] - Early stopping counter: 1 / 5
[2021-10-26 19:29:03,939][core.early_stopping][INFO] - Pausing model saving until validation loss decreases by 0.0001
[2021-10-26 19:29:19,320][core.trainer][INFO] - Computing metrics for 'val' dataset
[2021-10-26 19:29:20,923][core.metrics.meter][INFO] - Meter:
SequenceAccuracy:	0.000
TokenAccuracy:	0.211
LengthAccuracy:	0.236
1st Token Accuracy:	0.159
2nd Token Accuracy:	0.179
Average Loss:	3.217
[2021-10-26 19:29:21,026][core.early_stopping][INFO] - Early stopping counter: 2 / 5
[2021-10-26 19:29:21,065][core.early_stopping][INFO] - Pausing model saving until validation loss decreases by 0.0001
[2021-10-26 19:29:36,495][core.trainer][INFO] - Computing metrics for 'val' dataset
[2021-10-26 19:29:38,117][core.metrics.meter][INFO] - Meter:
SequenceAccuracy:	0.000
TokenAccuracy:	0.212
LengthAccuracy:	0.230
1st Token Accuracy:	0.164
2nd Token Accuracy:	0.171
Average Loss:	3.199
[2021-10-26 19:29:38,201][core.early_stopping][INFO] - Early stopping counter: 3 / 5
[2021-10-26 19:29:38,241][core.early_stopping][INFO] - Pausing model saving until validation loss decreases by 0.0001
[2021-10-26 19:29:53,903][core.trainer][INFO] - Computing metrics for 'val' dataset
[2021-10-26 19:29:55,586][core.metrics.meter][INFO] - Meter:
SequenceAccuracy:	0.000
TokenAccuracy:	0.218
LengthAccuracy:	0.237
1st Token Accuracy:	0.154
2nd Token Accuracy:	0.184
Average Loss:	3.161
[2021-10-26 19:30:12,177][core.trainer][INFO] - Computing metrics for 'val' dataset
[2021-10-26 19:30:13,856][core.metrics.meter][INFO] - Meter:
SequenceAccuracy:	0.000
TokenAccuracy:	0.227
LengthAccuracy:	0.248
1st Token Accuracy:	0.162
2nd Token Accuracy:	0.173
Average Loss:	3.132
[2021-10-26 19:30:30,281][core.trainer][INFO] - Computing metrics for 'val' dataset
[2021-10-26 19:30:31,958][core.metrics.meter][INFO] - Meter:
SequenceAccuracy:	0.000
TokenAccuracy:	0.228
LengthAccuracy:	0.238
1st Token Accuracy:	0.127
2nd Token Accuracy:	0.196
Average Loss:	3.121
[2021-10-26 19:30:48,133][core.trainer][INFO] - Computing metrics for 'val' dataset
[2021-10-26 19:30:49,809][core.metrics.meter][INFO] - Meter:
SequenceAccuracy:	0.000
TokenAccuracy:	0.234
LengthAccuracy:	0.247
1st Token Accuracy:	0.137
2nd Token Accuracy:	0.192
Average Loss:	3.103
[2021-10-26 19:31:06,012][core.trainer][INFO] - Computing metrics for 'val' dataset
[2021-10-26 19:31:07,688][core.metrics.meter][INFO] - Meter:
SequenceAccuracy:	0.000
TokenAccuracy:	0.239
LengthAccuracy:	0.255
1st Token Accuracy:	0.140
2nd Token Accuracy:	0.206
Average Loss:	3.088
[2021-10-26 19:31:23,742][core.trainer][INFO] - Computing metrics for 'val' dataset
[2021-10-26 19:31:25,416][core.metrics.meter][INFO] - Meter:
SequenceAccuracy:	0.000
TokenAccuracy:	0.241
LengthAccuracy:	0.247
1st Token Accuracy:	0.172
2nd Token Accuracy:	0.206
Average Loss:	3.073
[2021-10-26 19:31:40,785][core.trainer][INFO] - Computing metrics for 'val' dataset
[2021-10-26 19:31:42,163][core.metrics.meter][INFO] - Meter:
SequenceAccuracy:	0.000
TokenAccuracy:	0.247
LengthAccuracy:	0.257
1st Token Accuracy:	0.198
2nd Token Accuracy:	0.199
Average Loss:	3.051
[2021-10-26 19:31:56,600][core.trainer][INFO] - Computing metrics for 'val' dataset
[2021-10-26 19:31:57,984][core.metrics.meter][INFO] - Meter:
SequenceAccuracy:	0.000
TokenAccuracy:	0.247
LengthAccuracy:	0.258
1st Token Accuracy:	0.182
2nd Token Accuracy:	0.202
Average Loss:	3.031
[2021-10-26 19:31:58,184][core.trainer][INFO] - Computing metrics for 'test' dataset
[2021-10-26 19:32:11,265][core.metrics.meter][INFO] - Meter:
SequenceAccuracy:	0.000
TokenAccuracy:	0.246
LengthAccuracy:	0.306
1st Token Accuracy:	0.165
2nd Token Accuracy:	0.193
Average Loss:	3.037
[2021-10-26 19:32:11,267][core.trainer][INFO] - Computing metrics for 'gen' dataset
[2021-10-26 19:32:26,130][core.metrics.meter][INFO] - Meter:
SequenceAccuracy:	0.000
TokenAccuracy:	0.215
LengthAccuracy:	0.000
1st Token Accuracy:	0.163
2nd Token Accuracy:	0.147
Average Loss:	3.269
[2021-10-26 19:32:26,132][core.trainer][INFO] - EPOCH 6 / 50
[2021-10-26 19:32:26,132][core.trainer][INFO] - Computing metrics for 'train' dataset
[2021-10-26 19:32:40,658][core.trainer][INFO] - Computing metrics for 'val' dataset
[2021-10-26 19:32:42,044][core.metrics.meter][INFO] - Meter:
SequenceAccuracy:	0.000
TokenAccuracy:	0.253
LengthAccuracy:	0.273
1st Token Accuracy:	0.186
2nd Token Accuracy:	0.211
Average Loss:	3.004
[2021-10-26 19:32:57,362][core.trainer][INFO] - Computing metrics for 'val' dataset
[2021-10-26 19:32:58,838][core.metrics.meter][INFO] - Meter:
SequenceAccuracy:	0.000
TokenAccuracy:	0.264
LengthAccuracy:	0.354
1st Token Accuracy:	0.187
2nd Token Accuracy:	0.198
Average Loss:	2.938
[2021-10-26 19:33:16,465][core.trainer][INFO] - Computing metrics for 'val' dataset
[2021-10-26 19:33:17,989][core.metrics.meter][INFO] - Meter:
SequenceAccuracy:	0.000
TokenAccuracy:	0.276
LengthAccuracy:	0.465
1st Token Accuracy:	0.157
2nd Token Accuracy:	0.197
Average Loss:	2.840
[2021-10-26 19:33:36,569][core.trainer][INFO] - Computing metrics for 'val' dataset
[2021-10-26 19:33:38,453][core.metrics.meter][INFO] - Meter:
SequenceAccuracy:	0.000
TokenAccuracy:	0.282
LengthAccuracy:	0.500
1st Token Accuracy:	0.153
2nd Token Accuracy:	0.207
Average Loss:	2.793
[2021-10-26 19:33:56,249][core.trainer][INFO] - Computing metrics for 'val' dataset
[2021-10-26 19:33:57,817][core.metrics.meter][INFO] - Meter:
SequenceAccuracy:	0.000
TokenAccuracy:	0.289
LengthAccuracy:	0.542
1st Token Accuracy:	0.142
2nd Token Accuracy:	0.196
Average Loss:	2.741
[2021-10-26 19:34:14,727][core.trainer][INFO] - Computing metrics for 'val' dataset
[2021-10-26 19:34:16,304][core.metrics.meter][INFO] - Meter:
SequenceAccuracy:	0.000
TokenAccuracy:	0.300
LengthAccuracy:	0.562
1st Token Accuracy:	0.142
2nd Token Accuracy:	0.196
Average Loss:	2.710
[2021-10-26 19:34:33,227][core.trainer][INFO] - Computing metrics for 'val' dataset
[2021-10-26 19:34:34,811][core.metrics.meter][INFO] - Meter:
SequenceAccuracy:	0.000
TokenAccuracy:	0.308
LengthAccuracy:	0.599
1st Token Accuracy:	0.146
2nd Token Accuracy:	0.215
Average Loss:	2.657
[2021-10-26 19:34:51,876][core.trainer][INFO] - Computing metrics for 'val' dataset
[2021-10-26 19:34:53,487][core.metrics.meter][INFO] - Meter:
SequenceAccuracy:	0.000
TokenAccuracy:	0.311
LengthAccuracy:	0.597
1st Token Accuracy:	0.144
2nd Token Accuracy:	0.213
Average Loss:	2.634
[2021-10-26 19:35:10,486][core.trainer][INFO] - Computing metrics for 'val' dataset
[2021-10-26 19:35:12,101][core.metrics.meter][INFO] - Meter:
SequenceAccuracy:	0.000
TokenAccuracy:	0.314
LengthAccuracy:	0.583
1st Token Accuracy:	0.163
2nd Token Accuracy:	0.211
Average Loss:	2.608
[2021-10-26 19:35:30,126][core.trainer][INFO] - Computing metrics for 'val' dataset
[2021-10-26 19:35:31,743][core.metrics.meter][INFO] - Meter:
SequenceAccuracy:	0.000
TokenAccuracy:	0.315
LengthAccuracy:	0.570
1st Token Accuracy:	0.152
2nd Token Accuracy:	0.225
Average Loss:	2.594
[2021-10-26 19:35:48,991][core.trainer][INFO] - Computing metrics for 'val' dataset
[2021-10-26 19:35:50,596][core.metrics.meter][INFO] - Meter:
SequenceAccuracy:	0.000
TokenAccuracy:	0.320
LengthAccuracy:	0.580
1st Token Accuracy:	0.141
2nd Token Accuracy:	0.223
Average Loss:	2.572
[2021-10-26 19:36:07,870][core.trainer][INFO] - Computing metrics for 'val' dataset
[2021-10-26 19:36:09,473][core.metrics.meter][INFO] - Meter:
SequenceAccuracy:	0.000
TokenAccuracy:	0.317
LengthAccuracy:	0.527
1st Token Accuracy:	0.128
2nd Token Accuracy:	0.215
Average Loss:	2.567
[2021-10-26 19:36:09,632][core.early_stopping][INFO] - Early stopping counter: 1 / 5
[2021-10-26 19:36:09,633][core.early_stopping][INFO] - Pausing model saving until validation loss decreases by 0.0001
[2021-10-26 19:36:26,484][core.trainer][INFO] - Computing metrics for 'val' dataset
[2021-10-26 19:36:28,066][core.metrics.meter][INFO] - Meter:
SequenceAccuracy:	0.000
TokenAccuracy:	0.318
LengthAccuracy:	0.520
1st Token Accuracy:	0.142
2nd Token Accuracy:	0.205
Average Loss:	2.547
[2021-10-26 19:36:45,045][core.trainer][INFO] - Computing metrics for 'val' dataset
[2021-10-26 19:36:46,639][core.metrics.meter][INFO] - Meter:
SequenceAccuracy:	0.000
TokenAccuracy:	0.323
LengthAccuracy:	0.519
1st Token Accuracy:	0.153
2nd Token Accuracy:	0.213
Average Loss:	2.525
[2021-10-26 19:37:04,033][core.trainer][INFO] - Computing metrics for 'val' dataset
[2021-10-26 19:37:05,626][core.metrics.meter][INFO] - Meter:
SequenceAccuracy:	0.000
TokenAccuracy:	0.324
LengthAccuracy:	0.517
1st Token Accuracy:	0.153
2nd Token Accuracy:	0.212
Average Loss:	2.523
[2021-10-26 19:37:25,216][core.trainer][INFO] - Computing metrics for 'val' dataset
[2021-10-26 19:37:26,815][core.metrics.meter][INFO] - Meter:
SequenceAccuracy:	0.000
TokenAccuracy:	0.330
LengthAccuracy:	0.537
1st Token Accuracy:	0.153
2nd Token Accuracy:	0.214
Average Loss:	2.491
[2021-10-26 19:37:46,441][core.trainer][INFO] - Computing metrics for 'val' dataset
[2021-10-26 19:37:48,064][core.metrics.meter][INFO] - Meter:
SequenceAccuracy:	0.000
TokenAccuracy:	0.334
LengthAccuracy:	0.548
1st Token Accuracy:	0.151
2nd Token Accuracy:	0.226
Average Loss:	2.470
[2021-10-26 19:38:07,775][core.trainer][INFO] - Computing metrics for 'val' dataset
[2021-10-26 19:38:09,425][core.metrics.meter][INFO] - Meter:
SequenceAccuracy:	0.000
TokenAccuracy:	0.342
LengthAccuracy:	0.568
1st Token Accuracy:	0.169
2nd Token Accuracy:	0.233
Average Loss:	2.455
[2021-10-26 19:38:28,992][core.trainer][INFO] - Computing metrics for 'val' dataset
[2021-10-26 19:38:30,604][core.metrics.meter][INFO] - Meter:
SequenceAccuracy:	0.000
TokenAccuracy:	0.347
LengthAccuracy:	0.582
1st Token Accuracy:	0.161
2nd Token Accuracy:	0.232
Average Loss:	2.426
[2021-10-26 19:38:49,861][core.trainer][INFO] - Computing metrics for 'val' dataset
[2021-10-26 19:38:51,458][core.metrics.meter][INFO] - Meter:
SequenceAccuracy:	0.000
TokenAccuracy:	0.347
LengthAccuracy:	0.593
1st Token Accuracy:	0.161
2nd Token Accuracy:	0.208
Average Loss:	2.412
[2021-10-26 19:38:51,569][core.early_stopping][INFO] - Early stopping counter: 1 / 5
[2021-10-26 19:38:51,632][core.early_stopping][INFO] - Pausing model saving until validation loss decreases by 0.0001
[2021-10-26 19:38:51,634][core.trainer][INFO] - Computing metrics for 'test' dataset
[2021-10-26 19:39:06,937][core.metrics.meter][INFO] - Meter:
SequenceAccuracy:	0.000
TokenAccuracy:	0.337
LengthAccuracy:	0.534
1st Token Accuracy:	0.165
2nd Token Accuracy:	0.215
Average Loss:	2.444
[2021-10-26 19:39:06,939][core.trainer][INFO] - Computing metrics for 'gen' dataset
[2021-10-26 19:39:24,582][core.metrics.meter][INFO] - Meter:
SequenceAccuracy:	0.000
TokenAccuracy:	0.233
LengthAccuracy:	0.166
1st Token Accuracy:	0.115
2nd Token Accuracy:	0.180
Average Loss:	3.272
[2021-10-26 19:39:24,584][core.trainer][INFO] - EPOCH 7 / 50
[2021-10-26 19:39:24,584][core.trainer][INFO] - Computing metrics for 'train' dataset
[2021-10-26 19:39:42,002][core.trainer][INFO] - Computing metrics for 'val' dataset
[2021-10-26 19:39:43,607][core.metrics.meter][INFO] - Meter:
SequenceAccuracy:	0.000
TokenAccuracy:	0.357
LengthAccuracy:	0.604
1st Token Accuracy:	0.177
2nd Token Accuracy:	0.218
Average Loss:	2.380
[2021-10-26 19:40:03,032][core.trainer][INFO] - Computing metrics for 'val' dataset
[2021-10-26 19:40:04,998][core.metrics.meter][INFO] - Meter:
SequenceAccuracy:	0.000
TokenAccuracy:	0.364
LengthAccuracy:	0.624
1st Token Accuracy:	0.184
2nd Token Accuracy:	0.244
Average Loss:	2.355
[2021-10-26 19:40:05,126][core.early_stopping][INFO] - Early stopping counter: 1 / 5
[2021-10-26 19:40:05,180][core.early_stopping][INFO] - Pausing model saving until validation loss decreases by 0.0001
[2021-10-26 19:40:24,828][core.trainer][INFO] - Computing metrics for 'val' dataset
[2021-10-26 19:40:26,825][core.metrics.meter][INFO] - Meter:
SequenceAccuracy:	0.000
TokenAccuracy:	0.368
LengthAccuracy:	0.648
1st Token Accuracy:	0.188
2nd Token Accuracy:	0.227
Average Loss:	2.336
[2021-10-26 19:40:46,836][core.trainer][INFO] - Computing metrics for 'val' dataset
[2021-10-26 19:40:48,823][core.metrics.meter][INFO] - Meter:
SequenceAccuracy:	0.000
TokenAccuracy:	0.378
LengthAccuracy:	0.660
1st Token Accuracy:	0.193
2nd Token Accuracy:	0.259
Average Loss:	2.314
[2021-10-26 19:41:08,626][core.trainer][INFO] - Computing metrics for 'val' dataset
[2021-10-26 19:41:10,292][core.metrics.meter][INFO] - Meter:
SequenceAccuracy:	0.000
TokenAccuracy:	0.385
LengthAccuracy:	0.701
1st Token Accuracy:	0.192
2nd Token Accuracy:	0.264
Average Loss:	2.287
[2021-10-26 19:41:30,315][core.trainer][INFO] - Computing metrics for 'val' dataset
[2021-10-26 19:41:31,966][core.metrics.meter][INFO] - Meter:
SequenceAccuracy:	0.000
TokenAccuracy:	0.385
LengthAccuracy:	0.684
1st Token Accuracy:	0.182
2nd Token Accuracy:	0.261
Average Loss:	2.281
[2021-10-26 19:41:32,086][core.early_stopping][INFO] - Early stopping counter: 1 / 5
[2021-10-26 19:41:32,141][core.early_stopping][INFO] - Pausing model saving until validation loss decreases by 0.0001
[2021-10-26 19:41:52,255][core.trainer][INFO] - Computing metrics for 'val' dataset
[2021-10-26 19:41:53,907][core.metrics.meter][INFO] - Meter:
SequenceAccuracy:	0.000
TokenAccuracy:	0.388
LengthAccuracy:	0.695
1st Token Accuracy:	0.169
2nd Token Accuracy:	0.266
Average Loss:	2.261
[2021-10-26 19:42:14,246][core.trainer][INFO] - Computing metrics for 'val' dataset
[2021-10-26 19:42:15,932][core.metrics.meter][INFO] - Meter:
SequenceAccuracy:	0.000
TokenAccuracy:	0.399
LengthAccuracy:	0.710
1st Token Accuracy:	0.175
2nd Token Accuracy:	0.283
Average Loss:	2.235
[2021-10-26 19:42:36,333][core.trainer][INFO] - Computing metrics for 'val' dataset
[2021-10-26 19:42:38,390][core.metrics.meter][INFO] - Meter:
SequenceAccuracy:	0.000
TokenAccuracy:	0.399
LengthAccuracy:	0.732
1st Token Accuracy:	0.183
2nd Token Accuracy:	0.282
Average Loss:	2.228
[2021-10-26 19:42:38,504][core.early_stopping][INFO] - Early stopping counter: 1 / 5
[2021-10-26 19:42:38,559][core.early_stopping][INFO] - Pausing model saving until validation loss decreases by 0.0001
[2021-10-26 19:42:58,532][core.trainer][INFO] - Computing metrics for 'val' dataset
[2021-10-26 19:43:00,562][core.metrics.meter][INFO] - Meter:
SequenceAccuracy:	0.000
TokenAccuracy:	0.402
LengthAccuracy:	0.719
1st Token Accuracy:	0.197
2nd Token Accuracy:	0.271
Average Loss:	2.216
[2021-10-26 19:43:00,680][core.early_stopping][INFO] - Early stopping counter: 2 / 5
[2021-10-26 19:43:00,735][core.early_stopping][INFO] - Pausing model saving until validation loss decreases by 0.0001
[2021-10-26 19:43:20,636][core.trainer][INFO] - Computing metrics for 'val' dataset
[2021-10-26 19:43:22,684][core.metrics.meter][INFO] - Meter:
SequenceAccuracy:	0.000
TokenAccuracy:	0.409
LengthAccuracy:	0.726
1st Token Accuracy:	0.196
2nd Token Accuracy:	0.285
Average Loss:	2.194
[2021-10-26 19:43:42,982][core.trainer][INFO] - Computing metrics for 'val' dataset
[2021-10-26 19:43:45,034][core.metrics.meter][INFO] - Meter:
SequenceAccuracy:	0.000
TokenAccuracy:	0.411
LengthAccuracy:	0.732
1st Token Accuracy:	0.201
2nd Token Accuracy:	0.288
Average Loss:	2.180
[2021-10-26 19:44:05,296][core.trainer][INFO] - Computing metrics for 'val' dataset
[2021-10-26 19:44:06,964][core.metrics.meter][INFO] - Meter:
SequenceAccuracy:	0.000
TokenAccuracy:	0.416
LengthAccuracy:	0.745
1st Token Accuracy:	0.211
2nd Token Accuracy:	0.290
Average Loss:	2.166
[2021-10-26 19:44:25,231][core.trainer][INFO] - Computing metrics for 'val' dataset
[2021-10-26 19:44:26,918][core.metrics.meter][INFO] - Meter:
SequenceAccuracy:	0.000
TokenAccuracy:	0.417
LengthAccuracy:	0.753
1st Token Accuracy:	0.204
2nd Token Accuracy:	0.300
Average Loss:	2.153
[2021-10-26 19:44:45,944][core.trainer][INFO] - Computing metrics for 'val' dataset
[2021-10-26 19:44:47,615][core.metrics.meter][INFO] - Meter:
SequenceAccuracy:	0.000
TokenAccuracy:	0.423
LengthAccuracy:	0.750
1st Token Accuracy:	0.219
2nd Token Accuracy:	0.300
Average Loss:	2.131
[2021-10-26 19:44:47,723][core.early_stopping][INFO] - Early stopping counter: 1 / 5
[2021-10-26 19:44:47,776][core.early_stopping][INFO] - Pausing model saving until validation loss decreases by 0.0001
[2021-10-26 19:45:07,940][core.trainer][INFO] - Computing metrics for 'val' dataset
[2021-10-26 19:45:09,602][core.metrics.meter][INFO] - Meter:
SequenceAccuracy:	0.000
TokenAccuracy:	0.421
LengthAccuracy:	0.743
1st Token Accuracy:	0.227
2nd Token Accuracy:	0.296
Average Loss:	2.128
[2021-10-26 19:45:09,760][core.early_stopping][INFO] - Early stopping counter: 2 / 5
[2021-10-26 19:45:09,760][core.early_stopping][INFO] - Pausing model saving until validation loss decreases by 0.0001
[2021-10-26 19:45:29,920][core.trainer][INFO] - Computing metrics for 'val' dataset
[2021-10-26 19:45:31,603][core.metrics.meter][INFO] - Meter:
SequenceAccuracy:	0.000
TokenAccuracy:	0.428
LengthAccuracy:	0.737
1st Token Accuracy:	0.223
2nd Token Accuracy:	0.313
Average Loss:	2.113
[2021-10-26 19:45:31,716][core.early_stopping][INFO] - Early stopping counter: 3 / 5
[2021-10-26 19:45:31,772][core.early_stopping][INFO] - Pausing model saving until validation loss decreases by 0.0001
[2021-10-26 19:45:52,168][core.trainer][INFO] - Computing metrics for 'val' dataset
[2021-10-26 19:45:53,861][core.metrics.meter][INFO] - Meter:
SequenceAccuracy:	0.000
TokenAccuracy:	0.435
LengthAccuracy:	0.757
1st Token Accuracy:	0.233
2nd Token Accuracy:	0.325
Average Loss:	2.091
[2021-10-26 19:46:13,138][core.trainer][INFO] - Computing metrics for 'val' dataset
[2021-10-26 19:46:14,813][core.metrics.meter][INFO] - Meter:
SequenceAccuracy:	0.000
TokenAccuracy:	0.435
LengthAccuracy:	0.768
1st Token Accuracy:	0.226
2nd Token Accuracy:	0.324
Average Loss:	2.076
[2021-10-26 19:46:32,713][core.trainer][INFO] - Computing metrics for 'val' dataset
[2021-10-26 19:46:34,392][core.metrics.meter][INFO] - Meter:
SequenceAccuracy:	0.000
TokenAccuracy:	0.440
LengthAccuracy:	0.788
1st Token Accuracy:	0.213
2nd Token Accuracy:	0.332
Average Loss:	2.052
[2021-10-26 19:46:35,104][core.trainer][INFO] - Computing metrics for 'test' dataset
[2021-10-26 19:46:51,231][core.metrics.meter][INFO] - Meter:
SequenceAccuracy:	0.000
TokenAccuracy:	0.441
LengthAccuracy:	0.827
1st Token Accuracy:	0.211
2nd Token Accuracy:	0.319
Average Loss:	2.057
[2021-10-26 19:46:51,233][core.trainer][INFO] - Computing metrics for 'gen' dataset
[2021-10-26 19:47:09,339][core.metrics.meter][INFO] - Meter:
SequenceAccuracy:	0.000
TokenAccuracy:	0.228
LengthAccuracy:	0.024
1st Token Accuracy:	0.198
2nd Token Accuracy:	0.256
Average Loss:	3.492
[2021-10-26 19:47:09,339][core.trainer][INFO] - EPOCH 8 / 50
[2021-10-26 19:47:09,339][core.trainer][INFO] - Computing metrics for 'train' dataset
[2021-10-26 19:47:27,212][core.trainer][INFO] - Computing metrics for 'val' dataset
[2021-10-26 19:47:28,891][core.metrics.meter][INFO] - Meter:
SequenceAccuracy:	0.000
TokenAccuracy:	0.443
LengthAccuracy:	0.792
1st Token Accuracy:	0.222
2nd Token Accuracy:	0.335
Average Loss:	2.036
[2021-10-26 19:47:48,371][core.trainer][INFO] - Computing metrics for 'val' dataset
[2021-10-26 19:47:50,440][core.metrics.meter][INFO] - Meter:
SequenceAccuracy:	0.000
TokenAccuracy:	0.448
LengthAccuracy:	0.818
1st Token Accuracy:	0.210
2nd Token Accuracy:	0.332
Average Loss:	2.020
[2021-10-26 19:48:10,797][core.trainer][INFO] - Computing metrics for 'val' dataset
[2021-10-26 19:48:12,865][core.metrics.meter][INFO] - Meter:
SequenceAccuracy:	0.000
TokenAccuracy:	0.451
LengthAccuracy:	0.806
1st Token Accuracy:	0.225
2nd Token Accuracy:	0.364
Average Loss:	2.009
[2021-10-26 19:48:12,995][core.early_stopping][INFO] - Early stopping counter: 1 / 5
[2021-10-26 19:48:13,052][core.early_stopping][INFO] - Pausing model saving until validation loss decreases by 0.0001
[2021-10-26 19:48:33,066][core.trainer][INFO] - Computing metrics for 'val' dataset
[2021-10-26 19:48:35,135][core.metrics.meter][INFO] - Meter:
SequenceAccuracy:	0.000
TokenAccuracy:	0.455
LengthAccuracy:	0.809
1st Token Accuracy:	0.242
2nd Token Accuracy:	0.351
Average Loss:	1.991
[2021-10-26 19:48:55,446][core.trainer][INFO] - Computing metrics for 'val' dataset
[2021-10-26 19:48:57,515][core.metrics.meter][INFO] - Meter:
SequenceAccuracy:	0.000
TokenAccuracy:	0.458
LengthAccuracy:	0.817
1st Token Accuracy:	0.246
2nd Token Accuracy:	0.366
Average Loss:	1.978
[2021-10-26 19:49:17,906][core.trainer][INFO] - Computing metrics for 'val' dataset
[2021-10-26 19:49:19,982][core.metrics.meter][INFO] - Meter:
SequenceAccuracy:	0.000
TokenAccuracy:	0.462
LengthAccuracy:	0.841
1st Token Accuracy:	0.244
2nd Token Accuracy:	0.366
Average Loss:	1.958
[2021-10-26 19:49:40,444][core.trainer][INFO] - Computing metrics for 'val' dataset
[2021-10-26 19:49:42,520][core.metrics.meter][INFO] - Meter:
SequenceAccuracy:	0.000
TokenAccuracy:	0.469
LengthAccuracy:	0.857
1st Token Accuracy:	0.245
2nd Token Accuracy:	0.379
Average Loss:	1.939
[2021-10-26 19:50:02,955][core.trainer][INFO] - Computing metrics for 'val' dataset
[2021-10-26 19:50:05,017][core.metrics.meter][INFO] - Meter:
SequenceAccuracy:	0.000
TokenAccuracy:	0.472
LengthAccuracy:	0.848
1st Token Accuracy:	0.239
2nd Token Accuracy:	0.390
Average Loss:	1.921
[2021-10-26 19:50:05,129][core.early_stopping][INFO] - Early stopping counter: 1 / 5
[2021-10-26 19:50:05,185][core.early_stopping][INFO] - Pausing model saving until validation loss decreases by 0.0001
[2021-10-26 19:50:25,504][core.trainer][INFO] - Computing metrics for 'val' dataset
[2021-10-26 19:50:27,213][core.metrics.meter][INFO] - Meter:
SequenceAccuracy:	0.000
TokenAccuracy:	0.475
LengthAccuracy:	0.858
1st Token Accuracy:	0.246
2nd Token Accuracy:	0.391
Average Loss:	1.905
[2021-10-26 19:50:47,904][core.trainer][INFO] - Computing metrics for 'val' dataset
[2021-10-26 19:50:49,597][core.metrics.meter][INFO] - Meter:
SequenceAccuracy:	0.000
TokenAccuracy:	0.480
LengthAccuracy:	0.880
1st Token Accuracy:	0.250
2nd Token Accuracy:	0.419
Average Loss:	1.882
[2021-10-26 19:51:10,235][core.trainer][INFO] - Computing metrics for 'val' dataset
[2021-10-26 19:51:11,935][core.metrics.meter][INFO] - Meter:
SequenceAccuracy:	0.001
TokenAccuracy:	0.485
LengthAccuracy:	0.910
1st Token Accuracy:	0.263
2nd Token Accuracy:	0.416
Average Loss:	1.864
[2021-10-26 19:51:32,588][core.trainer][INFO] - Computing metrics for 'val' dataset
[2021-10-26 19:51:34,297][core.metrics.meter][INFO] - Meter:
SequenceAccuracy:	0.000
TokenAccuracy:	0.491
LengthAccuracy:	0.922
1st Token Accuracy:	0.268
2nd Token Accuracy:	0.426
Average Loss:	1.844
[2021-10-26 19:51:55,127][core.trainer][INFO] - Computing metrics for 'val' dataset
[2021-10-26 19:51:56,819][core.metrics.meter][INFO] - Meter:
SequenceAccuracy:	0.000
TokenAccuracy:	0.496
LengthAccuracy:	0.921
1st Token Accuracy:	0.269
2nd Token Accuracy:	0.442
Average Loss:	1.830
[2021-10-26 19:51:56,928][core.early_stopping][INFO] - Early stopping counter: 1 / 5
[2021-10-26 19:51:56,983][core.early_stopping][INFO] - Pausing model saving until validation loss decreases by 0.0001
[2021-10-26 19:52:17,616][core.trainer][INFO] - Computing metrics for 'val' dataset
[2021-10-26 19:52:19,320][core.metrics.meter][INFO] - Meter:
SequenceAccuracy:	0.000
TokenAccuracy:	0.499
LengthAccuracy:	0.925
1st Token Accuracy:	0.270
2nd Token Accuracy:	0.455
Average Loss:	1.816
[2021-10-26 19:52:39,879][core.trainer][INFO] - Computing metrics for 'val' dataset
[2021-10-26 19:52:41,966][core.metrics.meter][INFO] - Meter:
SequenceAccuracy:	0.000
TokenAccuracy:	0.509
LengthAccuracy:	0.938
1st Token Accuracy:	0.282
2nd Token Accuracy:	0.469
Average Loss:	1.790
[2021-10-26 19:53:02,412][core.trainer][INFO] - Computing metrics for 'val' dataset
[2021-10-26 19:53:04,486][core.metrics.meter][INFO] - Meter:
SequenceAccuracy:	0.001
TokenAccuracy:	0.509
LengthAccuracy:	0.937
1st Token Accuracy:	0.292
2nd Token Accuracy:	0.477
Average Loss:	1.783
[2021-10-26 19:53:04,601][core.early_stopping][INFO] - Early stopping counter: 1 / 5
[2021-10-26 19:53:04,657][core.early_stopping][INFO] - Pausing model saving until validation loss decreases by 0.0001
[2021-10-26 19:53:24,980][core.trainer][INFO] - Computing metrics for 'val' dataset
[2021-10-26 19:53:27,078][core.metrics.meter][INFO] - Meter:
SequenceAccuracy:	0.001
TokenAccuracy:	0.516
LengthAccuracy:	0.957
1st Token Accuracy:	0.293
2nd Token Accuracy:	0.488
Average Loss:	1.762
[2021-10-26 19:53:47,773][core.trainer][INFO] - Computing metrics for 'val' dataset
[2021-10-26 19:53:49,864][core.metrics.meter][INFO] - Meter:
SequenceAccuracy:	0.000
TokenAccuracy:	0.520
LengthAccuracy:	0.956
1st Token Accuracy:	0.304
2nd Token Accuracy:	0.497
Average Loss:	1.749
[2021-10-26 19:54:10,588][core.trainer][INFO] - Computing metrics for 'val' dataset
[2021-10-26 19:54:12,680][core.metrics.meter][INFO] - Meter:
SequenceAccuracy:	0.001
TokenAccuracy:	0.528
LengthAccuracy:	0.967
1st Token Accuracy:	0.320
2nd Token Accuracy:	0.517
Average Loss:	1.726
[2021-10-26 19:54:33,388][core.trainer][INFO] - Computing metrics for 'val' dataset
[2021-10-26 19:54:35,495][core.metrics.meter][INFO] - Meter:
SequenceAccuracy:	0.001
TokenAccuracy:	0.533
LengthAccuracy:	0.974
1st Token Accuracy:	0.328
2nd Token Accuracy:	0.535
Average Loss:	1.714
[2021-10-26 19:54:35,709][core.trainer][INFO] - Computing metrics for 'test' dataset
[2021-10-26 19:54:55,838][core.metrics.meter][INFO] - Meter:
SequenceAccuracy:	0.000
TokenAccuracy:	0.530
LengthAccuracy:	0.972
1st Token Accuracy:	0.340
2nd Token Accuracy:	0.515
Average Loss:	1.738
[2021-10-26 19:54:55,839][core.trainer][INFO] - Computing metrics for 'gen' dataset
[2021-10-26 19:55:18,854][core.metrics.meter][INFO] - Meter:
SequenceAccuracy:	0.000
TokenAccuracy:	0.259
LengthAccuracy:	0.351
1st Token Accuracy:	0.267
2nd Token Accuracy:	0.259
Average Loss:	3.464
[2021-10-26 19:55:18,855][core.trainer][INFO] - EPOCH 9 / 50
[2021-10-26 19:55:18,855][core.trainer][INFO] - Computing metrics for 'train' dataset
[2021-10-26 19:55:39,338][core.trainer][INFO] - Computing metrics for 'val' dataset
[2021-10-26 19:55:41,426][core.metrics.meter][INFO] - Meter:
SequenceAccuracy:	0.001
TokenAccuracy:	0.537
LengthAccuracy:	0.972
1st Token Accuracy:	0.342
2nd Token Accuracy:	0.547
Average Loss:	1.704
[2021-10-26 19:56:02,093][core.trainer][INFO] - Computing metrics for 'val' dataset
[2021-10-26 19:56:04,187][core.metrics.meter][INFO] - Meter:
SequenceAccuracy:	0.002
TokenAccuracy:	0.544
LengthAccuracy:	0.981
1st Token Accuracy:	0.367
2nd Token Accuracy:	0.571
Average Loss:	1.681
[2021-10-26 19:56:24,744][core.trainer][INFO] - Computing metrics for 'val' dataset
[2021-10-26 19:56:26,829][core.metrics.meter][INFO] - Meter:
SequenceAccuracy:	0.001
TokenAccuracy:	0.546
LengthAccuracy:	0.978
1st Token Accuracy:	0.367
2nd Token Accuracy:	0.581
Average Loss:	1.672
[2021-10-26 19:56:47,272][core.trainer][INFO] - Computing metrics for 'val' dataset
[2021-10-26 19:56:49,357][core.metrics.meter][INFO] - Meter:
SequenceAccuracy:	0.001
TokenAccuracy:	0.554
LengthAccuracy:	0.983
1st Token Accuracy:	0.377
2nd Token Accuracy:	0.614
Average Loss:	1.644
[2021-10-26 19:57:10,179][core.trainer][INFO] - Computing metrics for 'val' dataset
[2021-10-26 19:57:11,915][core.metrics.meter][INFO] - Meter:
SequenceAccuracy:	0.002
TokenAccuracy:	0.559
LengthAccuracy:	0.982
1st Token Accuracy:	0.388
2nd Token Accuracy:	0.618
Average Loss:	1.633
[2021-10-26 19:57:32,805][core.trainer][INFO] - Computing metrics for 'val' dataset
[2021-10-26 19:57:34,893][core.metrics.meter][INFO] - Meter:
SequenceAccuracy:	0.002
TokenAccuracy:	0.561
LengthAccuracy:	0.983
1st Token Accuracy:	0.392
2nd Token Accuracy:	0.645
Average Loss:	1.616
[2021-10-26 19:57:35,064][core.early_stopping][INFO] - Early stopping counter: 1 / 5
[2021-10-26 19:57:35,065][core.early_stopping][INFO] - Pausing model saving until validation loss decreases by 0.0001
[2021-10-26 19:57:54,789][core.trainer][INFO] - Computing metrics for 'val' dataset
[2021-10-26 19:57:56,488][core.metrics.meter][INFO] - Meter:
SequenceAccuracy:	0.002
TokenAccuracy:	0.569
LengthAccuracy:	0.986
1st Token Accuracy:	0.412
2nd Token Accuracy:	0.666
Average Loss:	1.600
[2021-10-26 19:58:16,893][core.trainer][INFO] - Computing metrics for 'val' dataset
[2021-10-26 19:58:18,986][core.metrics.meter][INFO] - Meter:
SequenceAccuracy:	0.002
TokenAccuracy:	0.572
LengthAccuracy:	0.982
1st Token Accuracy:	0.403
2nd Token Accuracy:	0.681
Average Loss:	1.582
[2021-10-26 19:58:37,576][core.trainer][INFO] - Computing metrics for 'val' dataset
[2021-10-26 19:58:39,300][core.metrics.meter][INFO] - Meter:
SequenceAccuracy:	0.002
TokenAccuracy:	0.576
LengthAccuracy:	0.983
1st Token Accuracy:	0.420
2nd Token Accuracy:	0.702
Average Loss:	1.572
[2021-10-26 19:58:57,835][core.trainer][INFO] - Computing metrics for 'val' dataset
[2021-10-26 19:58:59,567][core.metrics.meter][INFO] - Meter:
SequenceAccuracy:	0.002
TokenAccuracy:	0.579
LengthAccuracy:	0.984
1st Token Accuracy:	0.414
2nd Token Accuracy:	0.726
Average Loss:	1.557
[2021-10-26 19:59:18,056][core.trainer][INFO] - Computing metrics for 'val' dataset
[2021-10-26 19:59:19,780][core.metrics.meter][INFO] - Meter:
SequenceAccuracy:	0.004
TokenAccuracy:	0.584
LengthAccuracy:	0.985
1st Token Accuracy:	0.436
2nd Token Accuracy:	0.742
Average Loss:	1.544
[2021-10-26 19:59:38,237][core.trainer][INFO] - Computing metrics for 'val' dataset
[2021-10-26 19:59:39,940][core.metrics.meter][INFO] - Meter:
SequenceAccuracy:	0.003
TokenAccuracy:	0.590
LengthAccuracy:	0.986
1st Token Accuracy:	0.435
2nd Token Accuracy:	0.761
Average Loss:	1.527
[2021-10-26 19:59:58,440][core.trainer][INFO] - Computing metrics for 'val' dataset
[2021-10-26 20:00:00,150][core.metrics.meter][INFO] - Meter:
SequenceAccuracy:	0.003
TokenAccuracy:	0.594
LengthAccuracy:	0.983
1st Token Accuracy:	0.449
2nd Token Accuracy:	0.782
Average Loss:	1.519
[2021-10-26 20:00:18,548][core.trainer][INFO] - Computing metrics for 'val' dataset
[2021-10-26 20:00:20,257][core.metrics.meter][INFO] - Meter:
SequenceAccuracy:	0.005
TokenAccuracy:	0.596
LengthAccuracy:	0.984
1st Token Accuracy:	0.450
2nd Token Accuracy:	0.793
Average Loss:	1.504
[2021-10-26 20:00:39,225][core.trainer][INFO] - Computing metrics for 'val' dataset
[2021-10-26 20:00:40,930][core.metrics.meter][INFO] - Meter:
SequenceAccuracy:	0.004
TokenAccuracy:	0.603
LengthAccuracy:	0.985
1st Token Accuracy:	0.472
2nd Token Accuracy:	0.811
Average Loss:	1.489
[2021-10-26 20:00:59,251][core.trainer][INFO] - Computing metrics for 'val' dataset
[2021-10-26 20:01:00,951][core.metrics.meter][INFO] - Meter:
SequenceAccuracy:	0.005
TokenAccuracy:	0.608
LengthAccuracy:	0.986
1st Token Accuracy:	0.479
2nd Token Accuracy:	0.823
Average Loss:	1.469
