experiment:
  dataset:
    name: ms-passivization-de
    input: ms-passivization.tsv
    source_format: sequence
    target_format: sequence
    overwrite: false
    transform_field: target
    splits:
      train: 80
      test: 10
      val: 10
  hyperparameters:
    epochs: 50
    batch_size: 5
    lr: 0.001
    tolerance: 0.0001
    num_iters_eval: 1000
    min_iters: 30000
    patience: 5
    tf_ratio: 0.5
    cuda: 0
  model:
    name: LSTM-Multiplicative
    encoder:
      unit: LSTM
      type: sequence
      dropout: 0
      num_layers: 1
      hidden_size: 256
      max_length: 0
      embedding_size: 256
      bidirectional: false
    decoder:
      unit: LSTM
      type: sequence
      dropout: 0
      num_layers: 1
      max_length: 30
      hidden_size: 256
      attention: Multiplicative
      embedding_size: 256
  name: passiv-de-lstm-1layer
pretty_print: true

[2021-10-26 19:04:57,086][core.trainer][INFO] - DEVICE: cuda
[2021-10-26 19:04:57,087][core.dataset.base_dataset][INFO] - Initializing dataset
[2021-10-26 19:04:57,088][core.dataset.base_dataset][INFO] - Constructing fields from dataset.
[2021-10-26 19:05:00,015][core.trainer][INFO] - TransductionDataset(
 splits: [val (1000 sequences), train (100000 sequences), test (10000 sequences), gen (10000 sequences)]
 fields: [source, annotation, target]
)
[2021-10-26 19:05:00,017][core.models.base_model][INFO] - Initializing model
[2021-10-26 19:05:04,787][core.trainer][INFO] - TransductionModel(
  (_encoder): TransductionSequenceEncoder(
    (module): Sequential(
      (0): Embedding(83, 256)
      (1): LSTM(256, 256)
    )
  )
  (_decoder): LSTMSequenceDecoder(
    (_embedding): Embedding(97, 256)
    (_unit): LSTM(512, 256)
    (_out): Linear(in_features=256, out_features=97, bias=True)
    (_attention): MultiplicativeAttention(
      (key_map): Linear(in_features=256, out_features=256, bias=True)
      (val_map): Linear(in_features=256, out_features=256, bias=True)
    )
  )
)
[2021-10-26 19:05:04,791][core.trainer][INFO] - Beginning training
[2021-10-26 19:05:04,794][core.metrics.meter][INFO] - Logging with tensorboard; view with `tensorboard --logdir=/scratch/lw2534/lab/transductions/outputs/passiv-de-lstm-1layer/LSTM-Multiplicative/2021-10-26_19-04-57/tensorboard`
[2021-10-26 19:05:04,794][core.trainer][INFO] - EPOCH 1 / 50
[2021-10-26 19:05:04,794][core.trainer][INFO] - Computing metrics for 'train' dataset
[2021-10-26 19:05:21,909][core.trainer][INFO] - Computing metrics for 'val' dataset
[2021-10-26 19:05:23,278][core.metrics.meter][INFO] - Meter:
SequenceAccuracy:	0.000
TokenAccuracy:	0.105
LengthAccuracy:	0.608
1st Token Accuracy:	0.010
2nd Token Accuracy:	0.002
Average Loss:	4.515
[2021-10-26 19:05:39,252][core.trainer][INFO] - Computing metrics for 'val' dataset
[2021-10-26 19:05:40,502][core.metrics.meter][INFO] - Meter:
SequenceAccuracy:	0.000
TokenAccuracy:	0.115
LengthAccuracy:	0.435
1st Token Accuracy:	0.000
2nd Token Accuracy:	0.000
Average Loss:	4.415
[2021-10-26 19:05:56,031][core.trainer][INFO] - Computing metrics for 'val' dataset
[2021-10-26 19:05:57,200][core.metrics.meter][INFO] - Meter:
SequenceAccuracy:	0.000
TokenAccuracy:	0.108
LengthAccuracy:	0.419
1st Token Accuracy:	0.000
2nd Token Accuracy:	0.000
Average Loss:	4.313
[2021-10-26 19:06:11,840][core.trainer][INFO] - Computing metrics for 'val' dataset
[2021-10-26 19:06:12,873][core.metrics.meter][INFO] - Meter:
SequenceAccuracy:	0.000
TokenAccuracy:	0.105
LengthAccuracy:	0.369
1st Token Accuracy:	0.000
2nd Token Accuracy:	0.000
Average Loss:	4.209
[2021-10-26 19:06:26,036][core.trainer][INFO] - Computing metrics for 'val' dataset
[2021-10-26 19:06:26,901][core.metrics.meter][INFO] - Meter:
SequenceAccuracy:	0.000
TokenAccuracy:	0.108
LengthAccuracy:	0.253
1st Token Accuracy:	0.000
2nd Token Accuracy:	0.000
Average Loss:	4.145
[2021-10-26 19:06:38,996][core.trainer][INFO] - Computing metrics for 'val' dataset
[2021-10-26 19:06:39,869][core.metrics.meter][INFO] - Meter:
SequenceAccuracy:	0.000
TokenAccuracy:	0.107
LengthAccuracy:	0.140
1st Token Accuracy:	0.000
2nd Token Accuracy:	0.000
Average Loss:	4.106
[2021-10-26 19:06:51,489][core.trainer][INFO] - Computing metrics for 'val' dataset
[2021-10-26 19:06:52,240][core.metrics.meter][INFO] - Meter:
SequenceAccuracy:	0.000
TokenAccuracy:	0.103
LengthAccuracy:	0.065
1st Token Accuracy:	0.000
2nd Token Accuracy:	0.000
Average Loss:	4.088
[2021-10-26 19:07:02,300][core.trainer][INFO] - Computing metrics for 'val' dataset
[2021-10-26 19:07:03,053][core.metrics.meter][INFO] - Meter:
SequenceAccuracy:	0.000
TokenAccuracy:	0.101
LengthAccuracy:	0.035
1st Token Accuracy:	0.000
2nd Token Accuracy:	0.000
Average Loss:	4.071
[2021-10-26 19:07:12,684][core.trainer][INFO] - Computing metrics for 'val' dataset
[2021-10-26 19:07:13,556][core.metrics.meter][INFO] - Meter:
SequenceAccuracy:	0.000
TokenAccuracy:	0.100
LengthAccuracy:	0.014
1st Token Accuracy:	0.000
2nd Token Accuracy:	0.010
Average Loss:	4.050
[2021-10-26 19:07:23,161][core.trainer][INFO] - Computing metrics for 'val' dataset
[2021-10-26 19:07:24,028][core.metrics.meter][INFO] - Meter:
SequenceAccuracy:	0.000
TokenAccuracy:	0.104
LengthAccuracy:	0.006
1st Token Accuracy:	0.000
2nd Token Accuracy:	0.054
Average Loss:	4.032
[2021-10-26 19:07:33,820][core.trainer][INFO] - Computing metrics for 'val' dataset
[2021-10-26 19:07:34,800][core.metrics.meter][INFO] - Meter:
SequenceAccuracy:	0.000
TokenAccuracy:	0.106
LengthAccuracy:	0.004
1st Token Accuracy:	0.001
2nd Token Accuracy:	0.060
Average Loss:	4.010
[2021-10-26 19:07:47,389][core.trainer][INFO] - Computing metrics for 'val' dataset
[2021-10-26 19:07:48,671][core.metrics.meter][INFO] - Meter:
SequenceAccuracy:	0.000
TokenAccuracy:	0.128
LengthAccuracy:	0.090
1st Token Accuracy:	0.001
2nd Token Accuracy:	0.056
Average Loss:	3.960
[2021-10-26 19:08:02,295][core.trainer][INFO] - Computing metrics for 'val' dataset
[2021-10-26 19:08:03,522][core.metrics.meter][INFO] - Meter:
SequenceAccuracy:	0.000
TokenAccuracy:	0.132
LengthAccuracy:	0.124
1st Token Accuracy:	0.000
2nd Token Accuracy:	0.054
Average Loss:	3.933
[2021-10-26 19:08:03,600][core.early_stopping][INFO] - Early stopping counter: 1 / 5
[2021-10-26 19:08:03,637][core.early_stopping][INFO] - Pausing model saving until validation loss decreases by 0.0001
[2021-10-26 19:08:16,870][core.trainer][INFO] - Computing metrics for 'val' dataset
[2021-10-26 19:08:18,102][core.metrics.meter][INFO] - Meter:
SequenceAccuracy:	0.000
TokenAccuracy:	0.131
LengthAccuracy:	0.132
1st Token Accuracy:	0.000
2nd Token Accuracy:	0.024
Average Loss:	3.913
[2021-10-26 19:08:31,570][core.trainer][INFO] - Computing metrics for 'val' dataset
[2021-10-26 19:08:32,812][core.metrics.meter][INFO] - Meter:
SequenceAccuracy:	0.000
TokenAccuracy:	0.132
LengthAccuracy:	0.129
1st Token Accuracy:	0.001
2nd Token Accuracy:	0.041
Average Loss:	3.901
[2021-10-26 19:08:46,320][core.trainer][INFO] - Computing metrics for 'val' dataset
[2021-10-26 19:08:47,535][core.metrics.meter][INFO] - Meter:
SequenceAccuracy:	0.000
TokenAccuracy:	0.130
LengthAccuracy:	0.132
1st Token Accuracy:	0.010
2nd Token Accuracy:	0.019
Average Loss:	3.891
[2021-10-26 19:08:47,619][core.early_stopping][INFO] - Early stopping counter: 1 / 5
[2021-10-26 19:08:47,656][core.early_stopping][INFO] - Pausing model saving until validation loss decreases by 0.0001
[2021-10-26 19:09:00,987][core.trainer][INFO] - Computing metrics for 'val' dataset
[2021-10-26 19:09:02,209][core.metrics.meter][INFO] - Meter:
SequenceAccuracy:	0.000
TokenAccuracy:	0.133
LengthAccuracy:	0.148
1st Token Accuracy:	0.033
2nd Token Accuracy:	0.001
Average Loss:	3.871
[2021-10-26 19:09:15,778][core.trainer][INFO] - Computing metrics for 'val' dataset
[2021-10-26 19:09:16,959][core.metrics.meter][INFO] - Meter:
SequenceAccuracy:	0.000
TokenAccuracy:	0.137
LengthAccuracy:	0.137
1st Token Accuracy:	0.078
2nd Token Accuracy:	0.002
Average Loss:	3.865
[2021-10-26 19:09:17,034][core.early_stopping][INFO] - Early stopping counter: 1 / 5
[2021-10-26 19:09:17,073][core.early_stopping][INFO] - Pausing model saving until validation loss decreases by 0.0001
[2021-10-26 19:09:30,438][core.trainer][INFO] - Computing metrics for 'val' dataset
[2021-10-26 19:09:31,607][core.metrics.meter][INFO] - Meter:
SequenceAccuracy:	0.000
TokenAccuracy:	0.139
LengthAccuracy:	0.128
1st Token Accuracy:	0.108
2nd Token Accuracy:	0.005
Average Loss:	3.857
[2021-10-26 19:09:31,686][core.early_stopping][INFO] - Early stopping counter: 2 / 5
[2021-10-26 19:09:31,729][core.early_stopping][INFO] - Pausing model saving until validation loss decreases by 0.0001
[2021-10-26 19:09:45,127][core.trainer][INFO] - Computing metrics for 'val' dataset
[2021-10-26 19:09:46,326][core.metrics.meter][INFO] - Meter:
SequenceAccuracy:	0.000
TokenAccuracy:	0.137
LengthAccuracy:	0.113
1st Token Accuracy:	0.100
2nd Token Accuracy:	0.008
Average Loss:	3.846
[2021-10-26 19:09:46,763][core.trainer][INFO] - Computing metrics for 'test' dataset
[2021-10-26 19:09:57,943][core.metrics.meter][INFO] - Meter:
SequenceAccuracy:	0.000
TokenAccuracy:	0.125
LengthAccuracy:	0.021
1st Token Accuracy:	0.093
2nd Token Accuracy:	0.012
Average Loss:	3.865
[2021-10-26 19:09:57,945][core.trainer][INFO] - Computing metrics for 'gen' dataset
[2021-10-26 19:10:09,443][core.metrics.meter][INFO] - Meter:
SequenceAccuracy:	0.000
TokenAccuracy:	0.119
LengthAccuracy:	0.000
1st Token Accuracy:	0.101
2nd Token Accuracy:	0.000
Average Loss:	3.971
[2021-10-26 19:10:09,444][core.trainer][INFO] - EPOCH 2 / 50
[2021-10-26 19:10:09,444][core.trainer][INFO] - Computing metrics for 'train' dataset
[2021-10-26 19:10:22,819][core.trainer][INFO] - Computing metrics for 'val' dataset
[2021-10-26 19:10:24,086][core.metrics.meter][INFO] - Meter:
SequenceAccuracy:	0.000
TokenAccuracy:	0.141
LengthAccuracy:	0.130
1st Token Accuracy:	0.092
2nd Token Accuracy:	0.035
Average Loss:	3.825
[2021-10-26 19:10:37,489][core.trainer][INFO] - Computing metrics for 'val' dataset
[2021-10-26 19:10:38,760][core.metrics.meter][INFO] - Meter:
SequenceAccuracy:	0.000
TokenAccuracy:	0.144
LengthAccuracy:	0.136
1st Token Accuracy:	0.088
2nd Token Accuracy:	0.052
Average Loss:	3.803
[2021-10-26 19:10:52,635][core.trainer][INFO] - Computing metrics for 'val' dataset
[2021-10-26 19:10:53,904][core.metrics.meter][INFO] - Meter:
SequenceAccuracy:	0.000
TokenAccuracy:	0.143
LengthAccuracy:	0.129
1st Token Accuracy:	0.088
2nd Token Accuracy:	0.063
Average Loss:	3.794
[2021-10-26 19:10:53,985][core.early_stopping][INFO] - Early stopping counter: 1 / 5
[2021-10-26 19:10:54,022][core.early_stopping][INFO] - Pausing model saving until validation loss decreases by 0.0001
[2021-10-26 19:11:07,326][core.trainer][INFO] - Computing metrics for 'val' dataset
[2021-10-26 19:11:08,608][core.metrics.meter][INFO] - Meter:
SequenceAccuracy:	0.000
TokenAccuracy:	0.144
LengthAccuracy:	0.132
1st Token Accuracy:	0.094
2nd Token Accuracy:	0.059
Average Loss:	3.780
[2021-10-26 19:11:22,228][core.trainer][INFO] - Computing metrics for 'val' dataset
[2021-10-26 19:11:23,473][core.metrics.meter][INFO] - Meter:
SequenceAccuracy:	0.000
TokenAccuracy:	0.141
LengthAccuracy:	0.125
1st Token Accuracy:	0.108
2nd Token Accuracy:	0.036
Average Loss:	3.776
[2021-10-26 19:11:23,550][core.early_stopping][INFO] - Early stopping counter: 1 / 5
[2021-10-26 19:11:23,587][core.early_stopping][INFO] - Pausing model saving until validation loss decreases by 0.0001
[2021-10-26 19:11:36,787][core.trainer][INFO] - Computing metrics for 'val' dataset
[2021-10-26 19:11:38,040][core.metrics.meter][INFO] - Meter:
SequenceAccuracy:	0.000
TokenAccuracy:	0.143
LengthAccuracy:	0.126
1st Token Accuracy:	0.103
2nd Token Accuracy:	0.050
Average Loss:	3.762
[2021-10-26 19:11:51,981][core.trainer][INFO] - Computing metrics for 'val' dataset
[2021-10-26 19:11:53,265][core.metrics.meter][INFO] - Meter:
SequenceAccuracy:	0.000
TokenAccuracy:	0.145
LengthAccuracy:	0.133
1st Token Accuracy:	0.102
2nd Token Accuracy:	0.057
Average Loss:	3.745
[2021-10-26 19:12:06,772][core.trainer][INFO] - Computing metrics for 'val' dataset
[2021-10-26 19:12:08,064][core.metrics.meter][INFO] - Meter:
SequenceAccuracy:	0.000
TokenAccuracy:	0.145
LengthAccuracy:	0.138
1st Token Accuracy:	0.107
2nd Token Accuracy:	0.056
Average Loss:	3.739
[2021-10-26 19:12:21,627][core.trainer][INFO] - Computing metrics for 'val' dataset
[2021-10-26 19:12:22,906][core.metrics.meter][INFO] - Meter:
SequenceAccuracy:	0.000
TokenAccuracy:	0.146
LengthAccuracy:	0.132
1st Token Accuracy:	0.107
2nd Token Accuracy:	0.072
Average Loss:	3.730
[2021-10-26 19:12:22,989][core.early_stopping][INFO] - Early stopping counter: 1 / 5
[2021-10-26 19:12:23,027][core.early_stopping][INFO] - Pausing model saving until validation loss decreases by 0.0001
[2021-10-26 19:12:36,525][core.trainer][INFO] - Computing metrics for 'val' dataset
[2021-10-26 19:12:37,803][core.metrics.meter][INFO] - Meter:
SequenceAccuracy:	0.000
TokenAccuracy:	0.147
LengthAccuracy:	0.134
1st Token Accuracy:	0.107
2nd Token Accuracy:	0.082
Average Loss:	3.726
[2021-10-26 19:12:37,886][core.early_stopping][INFO] - Early stopping counter: 2 / 5
[2021-10-26 19:12:37,924][core.early_stopping][INFO] - Pausing model saving until validation loss decreases by 0.0001
[2021-10-26 19:12:50,691][core.trainer][INFO] - Computing metrics for 'val' dataset
[2021-10-26 19:12:51,972][core.metrics.meter][INFO] - Meter:
SequenceAccuracy:	0.000
TokenAccuracy:	0.144
LengthAccuracy:	0.119
1st Token Accuracy:	0.102
2nd Token Accuracy:	0.078
Average Loss:	3.726
[2021-10-26 19:13:05,805][core.trainer][INFO] - Computing metrics for 'val' dataset
[2021-10-26 19:13:07,079][core.metrics.meter][INFO] - Meter:
SequenceAccuracy:	0.000
TokenAccuracy:	0.146
LengthAccuracy:	0.134
1st Token Accuracy:	0.091
2nd Token Accuracy:	0.090
Average Loss:	3.710
[2021-10-26 19:13:20,450][core.trainer][INFO] - Computing metrics for 'val' dataset
[2021-10-26 19:13:21,728][core.metrics.meter][INFO] - Meter:
SequenceAccuracy:	0.000
TokenAccuracy:	0.146
LengthAccuracy:	0.127
1st Token Accuracy:	0.094
2nd Token Accuracy:	0.098
Average Loss:	3.707
[2021-10-26 19:13:35,044][core.trainer][INFO] - Computing metrics for 'val' dataset
[2021-10-26 19:13:36,341][core.metrics.meter][INFO] - Meter:
SequenceAccuracy:	0.000
TokenAccuracy:	0.146
LengthAccuracy:	0.127
1st Token Accuracy:	0.098
2nd Token Accuracy:	0.088
Average Loss:	3.695
[2021-10-26 19:13:49,800][core.trainer][INFO] - Computing metrics for 'val' dataset
[2021-10-26 19:13:51,162][core.metrics.meter][INFO] - Meter:
SequenceAccuracy:	0.000
TokenAccuracy:	0.146
LengthAccuracy:	0.132
1st Token Accuracy:	0.084
2nd Token Accuracy:	0.097
Average Loss:	3.690
[2021-10-26 19:14:04,498][core.trainer][INFO] - Computing metrics for 'val' dataset
[2021-10-26 19:14:05,829][core.metrics.meter][INFO] - Meter:
SequenceAccuracy:	0.000
TokenAccuracy:	0.147
LengthAccuracy:	0.133
1st Token Accuracy:	0.094
2nd Token Accuracy:	0.100
Average Loss:	3.686
[2021-10-26 19:14:18,849][core.trainer][INFO] - Computing metrics for 'val' dataset
[2021-10-26 19:14:20,122][core.metrics.meter][INFO] - Meter:
SequenceAccuracy:	0.000
TokenAccuracy:	0.151
LengthAccuracy:	0.135
1st Token Accuracy:	0.097
2nd Token Accuracy:	0.104
Average Loss:	3.684
[2021-10-26 19:14:20,230][core.early_stopping][INFO] - Early stopping counter: 1 / 5
[2021-10-26 19:14:20,231][core.early_stopping][INFO] - Pausing model saving until validation loss decreases by 0.0001
[2021-10-26 19:14:32,870][core.trainer][INFO] - Computing metrics for 'val' dataset
[2021-10-26 19:14:34,142][core.metrics.meter][INFO] - Meter:
SequenceAccuracy:	0.000
TokenAccuracy:	0.150
LengthAccuracy:	0.111
1st Token Accuracy:	0.097
2nd Token Accuracy:	0.100
Average Loss:	3.689
[2021-10-26 19:14:46,857][core.trainer][INFO] - Computing metrics for 'val' dataset
[2021-10-26 19:14:48,102][core.metrics.meter][INFO] - Meter:
SequenceAccuracy:	0.000
TokenAccuracy:	0.150
LengthAccuracy:	0.107
1st Token Accuracy:	0.101
2nd Token Accuracy:	0.104
Average Loss:	3.682
[2021-10-26 19:15:00,773][core.trainer][INFO] - Computing metrics for 'val' dataset
[2021-10-26 19:15:01,953][core.metrics.meter][INFO] - Meter:
SequenceAccuracy:	0.000
TokenAccuracy:	0.146
LengthAccuracy:	0.078
1st Token Accuracy:	0.100
2nd Token Accuracy:	0.099
Average Loss:	3.684
[2021-10-26 19:15:02,025][core.early_stopping][INFO] - Early stopping counter: 1 / 5
[2021-10-26 19:15:02,058][core.early_stopping][INFO] - Pausing model saving until validation loss decreases by 0.0001
[2021-10-26 19:15:02,062][core.trainer][INFO] - Computing metrics for 'test' dataset
[2021-10-26 19:15:13,294][core.metrics.meter][INFO] - Meter:
SequenceAccuracy:	0.000
TokenAccuracy:	0.141
LengthAccuracy:	0.056
1st Token Accuracy:	0.100
2nd Token Accuracy:	0.090
Average Loss:	3.692
[2021-10-26 19:15:13,295][core.trainer][INFO] - Computing metrics for 'gen' dataset
[2021-10-26 19:15:24,117][core.metrics.meter][INFO] - Meter:
SequenceAccuracy:	0.000
TokenAccuracy:	0.125
LengthAccuracy:	0.000
1st Token Accuracy:	0.104
2nd Token Accuracy:	0.087
Average Loss:	3.832
[2021-10-26 19:15:24,119][core.trainer][INFO] - EPOCH 3 / 50
[2021-10-26 19:15:24,119][core.trainer][INFO] - Computing metrics for 'train' dataset
[2021-10-26 19:15:36,998][core.trainer][INFO] - Computing metrics for 'val' dataset
[2021-10-26 19:15:38,209][core.metrics.meter][INFO] - Meter:
SequenceAccuracy:	0.000
TokenAccuracy:	0.152
LengthAccuracy:	0.110
1st Token Accuracy:	0.115
2nd Token Accuracy:	0.107
Average Loss:	3.667
[2021-10-26 19:15:38,281][core.early_stopping][INFO] - Early stopping counter: 2 / 5
[2021-10-26 19:15:38,316][core.early_stopping][INFO] - Pausing model saving until validation loss decreases by 0.0001
[2021-10-26 19:15:51,077][core.trainer][INFO] - Computing metrics for 'val' dataset
[2021-10-26 19:15:52,316][core.metrics.meter][INFO] - Meter:
SequenceAccuracy:	0.000
TokenAccuracy:	0.152
LengthAccuracy:	0.122
1st Token Accuracy:	0.107
2nd Token Accuracy:	0.100
Average Loss:	3.654
[2021-10-26 19:16:05,679][core.trainer][INFO] - Computing metrics for 'val' dataset
[2021-10-26 19:16:06,939][core.metrics.meter][INFO] - Meter:
SequenceAccuracy:	0.000
TokenAccuracy:	0.151
LengthAccuracy:	0.121
1st Token Accuracy:	0.114
2nd Token Accuracy:	0.092
Average Loss:	3.650
[2021-10-26 19:16:19,967][core.trainer][INFO] - Computing metrics for 'val' dataset
[2021-10-26 19:16:21,229][core.metrics.meter][INFO] - Meter:
SequenceAccuracy:	0.000
TokenAccuracy:	0.152
LengthAccuracy:	0.115
1st Token Accuracy:	0.101
2nd Token Accuracy:	0.104
Average Loss:	3.642
[2021-10-26 19:16:34,422][core.trainer][INFO] - Computing metrics for 'val' dataset
[2021-10-26 19:16:35,718][core.metrics.meter][INFO] - Meter:
SequenceAccuracy:	0.000
TokenAccuracy:	0.157
LengthAccuracy:	0.127
1st Token Accuracy:	0.120
2nd Token Accuracy:	0.101
Average Loss:	3.633
[2021-10-26 19:16:49,073][core.trainer][INFO] - Computing metrics for 'val' dataset
[2021-10-26 19:16:50,419][core.metrics.meter][INFO] - Meter:
SequenceAccuracy:	0.000
TokenAccuracy:	0.154
LengthAccuracy:	0.127
1st Token Accuracy:	0.107
2nd Token Accuracy:	0.104
Average Loss:	3.636
[2021-10-26 19:16:50,499][core.early_stopping][INFO] - Early stopping counter: 1 / 5
[2021-10-26 19:16:50,536][core.early_stopping][INFO] - Pausing model saving until validation loss decreases by 0.0001
[2021-10-26 19:17:03,938][core.trainer][INFO] - Computing metrics for 'val' dataset
[2021-10-26 19:17:05,283][core.metrics.meter][INFO] - Meter:
SequenceAccuracy:	0.000
TokenAccuracy:	0.156
LengthAccuracy:	0.136
1st Token Accuracy:	0.101
2nd Token Accuracy:	0.104
Average Loss:	3.626
[2021-10-26 19:17:19,003][core.trainer][INFO] - Computing metrics for 'val' dataset
[2021-10-26 19:17:20,395][core.metrics.meter][INFO] - Meter:
SequenceAccuracy:	0.000
TokenAccuracy:	0.153
LengthAccuracy:	0.134
1st Token Accuracy:	0.100
2nd Token Accuracy:	0.091
Average Loss:	3.620
[2021-10-26 19:17:34,435][core.trainer][INFO] - Computing metrics for 'val' dataset
[2021-10-26 19:17:35,746][core.metrics.meter][INFO] - Meter:
SequenceAccuracy:	0.000
TokenAccuracy:	0.154
LengthAccuracy:	0.130
1st Token Accuracy:	0.103
2nd Token Accuracy:	0.094
Average Loss:	3.608
[2021-10-26 19:17:35,829][core.early_stopping][INFO] - Early stopping counter: 1 / 5
[2021-10-26 19:17:35,868][core.early_stopping][INFO] - Pausing model saving until validation loss decreases by 0.0001
[2021-10-26 19:17:49,372][core.trainer][INFO] - Computing metrics for 'val' dataset
[2021-10-26 19:17:50,760][core.metrics.meter][INFO] - Meter:
SequenceAccuracy:	0.000
TokenAccuracy:	0.159
LengthAccuracy:	0.157
1st Token Accuracy:	0.099
2nd Token Accuracy:	0.098
Average Loss:	3.588
[2021-10-26 19:18:04,792][core.trainer][INFO] - Computing metrics for 'val' dataset
[2021-10-26 19:18:06,221][core.metrics.meter][INFO] - Meter:
SequenceAccuracy:	0.000
TokenAccuracy:	0.166
LengthAccuracy:	0.179
1st Token Accuracy:	0.110
2nd Token Accuracy:	0.104
Average Loss:	3.573
[2021-10-26 19:18:06,306][core.early_stopping][INFO] - Early stopping counter: 1 / 5
[2021-10-26 19:18:06,346][core.early_stopping][INFO] - Pausing model saving until validation loss decreases by 0.0001
[2021-10-26 19:18:20,073][core.trainer][INFO] - Computing metrics for 'val' dataset
[2021-10-26 19:18:21,472][core.metrics.meter][INFO] - Meter:
SequenceAccuracy:	0.000
TokenAccuracy:	0.168
LengthAccuracy:	0.158
1st Token Accuracy:	0.111
2nd Token Accuracy:	0.100
Average Loss:	3.564
[2021-10-26 19:18:35,284][core.trainer][INFO] - Computing metrics for 'val' dataset
[2021-10-26 19:18:36,600][core.metrics.meter][INFO] - Meter:
SequenceAccuracy:	0.000
TokenAccuracy:	0.169
LengthAccuracy:	0.173
1st Token Accuracy:	0.117
2nd Token Accuracy:	0.093
Average Loss:	3.559
[2021-10-26 19:18:36,685][core.early_stopping][INFO] - Early stopping counter: 1 / 5
[2021-10-26 19:18:36,724][core.early_stopping][INFO] - Pausing model saving until validation loss decreases by 0.0001
[2021-10-26 19:18:50,500][core.trainer][INFO] - Computing metrics for 'val' dataset
[2021-10-26 19:18:51,855][core.metrics.meter][INFO] - Meter:
SequenceAccuracy:	0.000
TokenAccuracy:	0.172
LengthAccuracy:	0.199
1st Token Accuracy:	0.108
2nd Token Accuracy:	0.099
Average Loss:	3.539
[2021-10-26 19:19:05,496][core.trainer][INFO] - Computing metrics for 'val' dataset
[2021-10-26 19:19:06,785][core.metrics.meter][INFO] - Meter:
SequenceAccuracy:	0.000
TokenAccuracy:	0.179
LengthAccuracy:	0.166
1st Token Accuracy:	0.113
2nd Token Accuracy:	0.110
Average Loss:	3.527
[2021-10-26 19:19:06,863][core.early_stopping][INFO] - Early stopping counter: 1 / 5
[2021-10-26 19:19:06,900][core.early_stopping][INFO] - Pausing model saving until validation loss decreases by 0.0001
[2021-10-26 19:19:20,268][core.trainer][INFO] - Computing metrics for 'val' dataset
[2021-10-26 19:19:21,607][core.metrics.meter][INFO] - Meter:
SequenceAccuracy:	0.000
TokenAccuracy:	0.177
LengthAccuracy:	0.165
1st Token Accuracy:	0.102
2nd Token Accuracy:	0.094
Average Loss:	3.516
[2021-10-26 19:19:35,243][core.trainer][INFO] - Computing metrics for 'val' dataset
[2021-10-26 19:19:36,603][core.metrics.meter][INFO] - Meter:
SequenceAccuracy:	0.000
TokenAccuracy:	0.178
LengthAccuracy:	0.165
1st Token Accuracy:	0.110
2nd Token Accuracy:	0.095
Average Loss:	3.514
[2021-10-26 19:19:50,225][core.trainer][INFO] - Computing metrics for 'val' dataset
[2021-10-26 19:19:51,595][core.metrics.meter][INFO] - Meter:
SequenceAccuracy:	0.000
TokenAccuracy:	0.178
LengthAccuracy:	0.157
1st Token Accuracy:	0.114
2nd Token Accuracy:	0.105
Average Loss:	3.504
[2021-10-26 19:20:05,314][core.trainer][INFO] - Computing metrics for 'val' dataset
[2021-10-26 19:20:06,691][core.metrics.meter][INFO] - Meter:
SequenceAccuracy:	0.000
TokenAccuracy:	0.181
LengthAccuracy:	0.168
1st Token Accuracy:	0.107
2nd Token Accuracy:	0.109
Average Loss:	3.485
[2021-10-26 19:20:20,342][core.trainer][INFO] - Computing metrics for 'val' dataset
[2021-10-26 19:20:21,702][core.metrics.meter][INFO] - Meter:
SequenceAccuracy:	0.000
TokenAccuracy:	0.180
LengthAccuracy:	0.167
1st Token Accuracy:	0.122
2nd Token Accuracy:	0.095
Average Loss:	3.480
[2021-10-26 19:20:21,898][core.trainer][INFO] - Computing metrics for 'test' dataset
[2021-10-26 19:20:34,760][core.metrics.meter][INFO] - Meter:
SequenceAccuracy:	0.000
TokenAccuracy:	0.194
LengthAccuracy:	0.271
1st Token Accuracy:	0.118
2nd Token Accuracy:	0.095
Average Loss:	3.417
[2021-10-26 19:20:34,762][core.trainer][INFO] - Computing metrics for 'gen' dataset
[2021-10-26 19:20:49,430][core.metrics.meter][INFO] - Meter:
SequenceAccuracy:	0.000
TokenAccuracy:	0.173
LengthAccuracy:	0.000
1st Token Accuracy:	0.118
2nd Token Accuracy:	0.098
Average Loss:	3.544
[2021-10-26 19:20:49,432][core.trainer][INFO] - EPOCH 4 / 50
[2021-10-26 19:20:49,432][core.trainer][INFO] - Computing metrics for 'train' dataset
[2021-10-26 19:21:02,975][core.trainer][INFO] - Computing metrics for 'val' dataset
[2021-10-26 19:21:04,324][core.metrics.meter][INFO] - Meter:
SequenceAccuracy:	0.000
TokenAccuracy:	0.182
LengthAccuracy:	0.177
1st Token Accuracy:	0.106
2nd Token Accuracy:	0.104
Average Loss:	3.462
[2021-10-26 19:21:18,270][core.trainer][INFO] - Computing metrics for 'val' dataset
[2021-10-26 19:21:19,640][core.metrics.meter][INFO] - Meter:
SequenceAccuracy:	0.000
TokenAccuracy:	0.186
LengthAccuracy:	0.179
1st Token Accuracy:	0.122
2nd Token Accuracy:	0.102
Average Loss:	3.451
[2021-10-26 19:21:33,453][core.trainer][INFO] - Computing metrics for 'val' dataset
[2021-10-26 19:21:34,812][core.metrics.meter][INFO] - Meter:
SequenceAccuracy:	0.000
TokenAccuracy:	0.185
LengthAccuracy:	0.184
1st Token Accuracy:	0.127
2nd Token Accuracy:	0.093
Average Loss:	3.440
[2021-10-26 19:21:48,717][core.trainer][INFO] - Computing metrics for 'val' dataset
[2021-10-26 19:21:50,065][core.metrics.meter][INFO] - Meter:
SequenceAccuracy:	0.000
TokenAccuracy:	0.188
LengthAccuracy:	0.180
1st Token Accuracy:	0.137
2nd Token Accuracy:	0.099
Average Loss:	3.420
[2021-10-26 19:21:50,149][core.early_stopping][INFO] - Early stopping counter: 1 / 5
[2021-10-26 19:21:50,188][core.early_stopping][INFO] - Pausing model saving until validation loss decreases by 0.0001
[2021-10-26 19:22:03,815][core.trainer][INFO] - Computing metrics for 'val' dataset
[2021-10-26 19:22:05,162][core.metrics.meter][INFO] - Meter:
SequenceAccuracy:	0.000
TokenAccuracy:	0.187
LengthAccuracy:	0.185
1st Token Accuracy:	0.126
2nd Token Accuracy:	0.107
Average Loss:	3.413
[2021-10-26 19:22:05,241][core.early_stopping][INFO] - Early stopping counter: 2 / 5
[2021-10-26 19:22:05,279][core.early_stopping][INFO] - Pausing model saving until validation loss decreases by 0.0001
[2021-10-26 19:22:18,974][core.trainer][INFO] - Computing metrics for 'val' dataset
[2021-10-26 19:22:20,340][core.metrics.meter][INFO] - Meter:
SequenceAccuracy:	0.000
TokenAccuracy:	0.190
LengthAccuracy:	0.202
1st Token Accuracy:	0.116
2nd Token Accuracy:	0.104
Average Loss:	3.383
[2021-10-26 19:22:34,424][core.trainer][INFO] - Computing metrics for 'val' dataset
[2021-10-26 19:22:35,773][core.metrics.meter][INFO] - Meter:
SequenceAccuracy:	0.000
TokenAccuracy:	0.191
LengthAccuracy:	0.202
1st Token Accuracy:	0.134
2nd Token Accuracy:	0.101
Average Loss:	3.383
[2021-10-26 19:22:35,857][core.early_stopping][INFO] - Early stopping counter: 1 / 5
[2021-10-26 19:22:35,896][core.early_stopping][INFO] - Pausing model saving until validation loss decreases by 0.0001
[2021-10-26 19:22:49,707][core.trainer][INFO] - Computing metrics for 'val' dataset
[2021-10-26 19:22:51,061][core.metrics.meter][INFO] - Meter:
SequenceAccuracy:	0.000
TokenAccuracy:	0.193
LengthAccuracy:	0.201
1st Token Accuracy:	0.145
2nd Token Accuracy:	0.104
Average Loss:	3.370
[2021-10-26 19:23:05,285][core.trainer][INFO] - Computing metrics for 'val' dataset
[2021-10-26 19:23:06,658][core.metrics.meter][INFO] - Meter:
SequenceAccuracy:	0.000
TokenAccuracy:	0.196
LengthAccuracy:	0.214
1st Token Accuracy:	0.145
2nd Token Accuracy:	0.109
Average Loss:	3.356
[2021-10-26 19:23:20,901][core.trainer][INFO] - Computing metrics for 'val' dataset
[2021-10-26 19:23:22,266][core.metrics.meter][INFO] - Meter:
SequenceAccuracy:	0.000
TokenAccuracy:	0.200
LengthAccuracy:	0.221
1st Token Accuracy:	0.169
2nd Token Accuracy:	0.102
Average Loss:	3.335
[2021-10-26 19:23:36,583][core.trainer][INFO] - Computing metrics for 'val' dataset
[2021-10-26 19:23:37,951][core.metrics.meter][INFO] - Meter:
SequenceAccuracy:	0.000
TokenAccuracy:	0.201
LengthAccuracy:	0.228
1st Token Accuracy:	0.148
2nd Token Accuracy:	0.100
Average Loss:	3.321
[2021-10-26 19:23:38,031][core.early_stopping][INFO] - Early stopping counter: 1 / 5
[2021-10-26 19:23:38,070][core.early_stopping][INFO] - Pausing model saving until validation loss decreases by 0.0001
[2021-10-26 19:23:52,142][core.trainer][INFO] - Computing metrics for 'val' dataset
[2021-10-26 19:23:53,506][core.metrics.meter][INFO] - Meter:
SequenceAccuracy:	0.000
TokenAccuracy:	0.202
LengthAccuracy:	0.234
1st Token Accuracy:	0.151
2nd Token Accuracy:	0.103
Average Loss:	3.292
[2021-10-26 19:24:08,188][core.trainer][INFO] - Computing metrics for 'val' dataset
[2021-10-26 19:24:09,593][core.metrics.meter][INFO] - Meter:
SequenceAccuracy:	0.000
TokenAccuracy:	0.205
LengthAccuracy:	0.243
1st Token Accuracy:	0.166
2nd Token Accuracy:	0.099
Average Loss:	3.274
[2021-10-26 19:24:24,048][core.trainer][INFO] - Computing metrics for 'val' dataset
[2021-10-26 19:24:25,427][core.metrics.meter][INFO] - Meter:
SequenceAccuracy:	0.000
TokenAccuracy:	0.206
LengthAccuracy:	0.235
1st Token Accuracy:	0.161
2nd Token Accuracy:	0.094
Average Loss:	3.273
[2021-10-26 19:24:39,761][core.trainer][INFO] - Computing metrics for 'val' dataset
[2021-10-26 19:24:41,134][core.metrics.meter][INFO] - Meter:
SequenceAccuracy:	0.000
TokenAccuracy:	0.207
LengthAccuracy:	0.245
1st Token Accuracy:	0.160
2nd Token Accuracy:	0.100
Average Loss:	3.250
[2021-10-26 19:24:55,670][core.trainer][INFO] - Computing metrics for 'val' dataset
[2021-10-26 19:24:57,048][core.metrics.meter][INFO] - Meter:
SequenceAccuracy:	0.000
TokenAccuracy:	0.207
LengthAccuracy:	0.247
1st Token Accuracy:	0.143
2nd Token Accuracy:	0.105
Average Loss:	3.245
[2021-10-26 19:25:11,638][core.trainer][INFO] - Computing metrics for 'val' dataset
[2021-10-26 19:25:13,010][core.metrics.meter][INFO] - Meter:
SequenceAccuracy:	0.000
TokenAccuracy:	0.209
LengthAccuracy:	0.253
1st Token Accuracy:	0.144
2nd Token Accuracy:	0.111
Average Loss:	3.229
[2021-10-26 19:25:27,664][core.trainer][INFO] - Computing metrics for 'val' dataset
[2021-10-26 19:25:29,023][core.metrics.meter][INFO] - Meter:
SequenceAccuracy:	0.000
TokenAccuracy:	0.210
LengthAccuracy:	0.248
1st Token Accuracy:	0.136
2nd Token Accuracy:	0.111
Average Loss:	3.206
[2021-10-26 19:25:43,371][core.trainer][INFO] - Computing metrics for 'val' dataset
[2021-10-26 19:25:44,742][core.metrics.meter][INFO] - Meter:
SequenceAccuracy:	0.000
TokenAccuracy:	0.212
LengthAccuracy:	0.257
1st Token Accuracy:	0.147
2nd Token Accuracy:	0.110
Average Loss:	3.190
[2021-10-26 19:25:59,209][core.trainer][INFO] - Computing metrics for 'val' dataset
[2021-10-26 19:26:00,608][core.metrics.meter][INFO] - Meter:
SequenceAccuracy:	0.000
TokenAccuracy:	0.216
LengthAccuracy:	0.268
1st Token Accuracy:	0.151
2nd Token Accuracy:	0.117
Average Loss:	3.165
[2021-10-26 19:26:00,745][core.trainer][INFO] - Computing metrics for 'test' dataset
[2021-10-26 19:26:13,976][core.metrics.meter][INFO] - Meter:
SequenceAccuracy:	0.000
TokenAccuracy:	0.210
LengthAccuracy:	0.298
1st Token Accuracy:	0.158
2nd Token Accuracy:	0.120
Average Loss:	3.167
[2021-10-26 19:26:13,977][core.trainer][INFO] - Computing metrics for 'gen' dataset
[2021-10-26 19:26:29,062][core.metrics.meter][INFO] - Meter:
SequenceAccuracy:	0.000
TokenAccuracy:	0.178
LengthAccuracy:	0.000
1st Token Accuracy:	0.109
2nd Token Accuracy:	0.116
Average Loss:	3.477
[2021-10-26 19:26:29,063][core.trainer][INFO] - EPOCH 5 / 50
[2021-10-26 19:26:29,063][core.trainer][INFO] - Computing metrics for 'train' dataset
[2021-10-26 19:26:43,636][core.trainer][INFO] - Computing metrics for 'val' dataset
[2021-10-26 19:26:45,016][core.metrics.meter][INFO] - Meter:
SequenceAccuracy:	0.000
TokenAccuracy:	0.218
LengthAccuracy:	0.261
1st Token Accuracy:	0.145
2nd Token Accuracy:	0.116
Average Loss:	3.158
[2021-10-26 19:26:59,355][core.trainer][INFO] - Computing metrics for 'val' dataset
[2021-10-26 19:27:00,731][core.metrics.meter][INFO] - Meter:
SequenceAccuracy:	0.000
TokenAccuracy:	0.215
LengthAccuracy:	0.263
1st Token Accuracy:	0.138
2nd Token Accuracy:	0.110
Average Loss:	3.142
[2021-10-26 19:27:15,244][core.trainer][INFO] - Computing metrics for 'val' dataset
[2021-10-26 19:27:16,618][core.metrics.meter][INFO] - Meter:
SequenceAccuracy:	0.000
TokenAccuracy:	0.218
LengthAccuracy:	0.258
1st Token Accuracy:	0.159
2nd Token Accuracy:	0.122
Average Loss:	3.126
[2021-10-26 19:27:31,262][core.trainer][INFO] - Computing metrics for 'val' dataset
[2021-10-26 19:27:32,623][core.metrics.meter][INFO] - Meter:
SequenceAccuracy:	0.000
TokenAccuracy:	0.222
LengthAccuracy:	0.265
1st Token Accuracy:	0.187
2nd Token Accuracy:	0.107
Average Loss:	3.107
[2021-10-26 19:27:47,233][core.trainer][INFO] - Computing metrics for 'val' dataset
[2021-10-26 19:27:48,596][core.metrics.meter][INFO] - Meter:
SequenceAccuracy:	0.000
TokenAccuracy:	0.226
LengthAccuracy:	0.266
1st Token Accuracy:	0.210
2nd Token Accuracy:	0.112
Average Loss:	3.089
[2021-10-26 19:28:03,125][core.trainer][INFO] - Computing metrics for 'val' dataset
[2021-10-26 19:28:04,499][core.metrics.meter][INFO] - Meter:
SequenceAccuracy:	0.000
TokenAccuracy:	0.223
LengthAccuracy:	0.266
1st Token Accuracy:	0.199
2nd Token Accuracy:	0.119
Average Loss:	3.094
[2021-10-26 19:28:19,054][core.trainer][INFO] - Computing metrics for 'val' dataset
[2021-10-26 19:28:20,431][core.metrics.meter][INFO] - Meter:
SequenceAccuracy:	0.000
TokenAccuracy:	0.225
LengthAccuracy:	0.258
1st Token Accuracy:	0.190
2nd Token Accuracy:	0.115
Average Loss:	3.066
[2021-10-26 19:28:20,534][core.early_stopping][INFO] - Early stopping counter: 1 / 5
[2021-10-26 19:28:20,577][core.early_stopping][INFO] - Pausing model saving until validation loss decreases by 0.0001
[2021-10-26 19:28:34,876][core.trainer][INFO] - Computing metrics for 'val' dataset
[2021-10-26 19:28:36,267][core.metrics.meter][INFO] - Meter:
SequenceAccuracy:	0.000
TokenAccuracy:	0.226
LengthAccuracy:	0.268
1st Token Accuracy:	0.183
2nd Token Accuracy:	0.123
Average Loss:	3.060
[2021-10-26 19:28:50,893][core.trainer][INFO] - Computing metrics for 'val' dataset
[2021-10-26 19:28:52,303][core.metrics.meter][INFO] - Meter:
SequenceAccuracy:	0.000
TokenAccuracy:	0.224
LengthAccuracy:	0.274
1st Token Accuracy:	0.165
2nd Token Accuracy:	0.125
Average Loss:	3.048
[2021-10-26 19:28:52,391][core.early_stopping][INFO] - Early stopping counter: 1 / 5
[2021-10-26 19:28:52,432][core.early_stopping][INFO] - Pausing model saving until validation loss decreases by 0.0001
[2021-10-26 19:29:06,887][core.trainer][INFO] - Computing metrics for 'val' dataset
[2021-10-26 19:29:08,282][core.metrics.meter][INFO] - Meter:
SequenceAccuracy:	0.000
TokenAccuracy:	0.220
LengthAccuracy:	0.262
1st Token Accuracy:	0.152
2nd Token Accuracy:	0.130
Average Loss:	3.052
[2021-10-26 19:29:08,375][core.early_stopping][INFO] - Early stopping counter: 2 / 5
[2021-10-26 19:29:08,416][core.early_stopping][INFO] - Pausing model saving until validation loss decreases by 0.0001
[2021-10-26 19:29:22,828][core.trainer][INFO] - Computing metrics for 'val' dataset
[2021-10-26 19:29:24,237][core.metrics.meter][INFO] - Meter:
SequenceAccuracy:	0.000
TokenAccuracy:	0.227
LengthAccuracy:	0.258
1st Token Accuracy:	0.179
2nd Token Accuracy:	0.135
Average Loss:	3.045
[2021-10-26 19:29:38,708][core.trainer][INFO] - Computing metrics for 'val' dataset
[2021-10-26 19:29:40,082][core.metrics.meter][INFO] - Meter:
SequenceAccuracy:	0.000
TokenAccuracy:	0.235
LengthAccuracy:	0.248
1st Token Accuracy:	0.203
2nd Token Accuracy:	0.137
Average Loss:	3.036
[2021-10-26 19:29:54,308][core.trainer][INFO] - Computing metrics for 'val' dataset
[2021-10-26 19:29:55,670][core.metrics.meter][INFO] - Meter:
SequenceAccuracy:	0.000
TokenAccuracy:	0.231
LengthAccuracy:	0.260
1st Token Accuracy:	0.167
2nd Token Accuracy:	0.130
Average Loss:	3.025
[2021-10-26 19:30:10,110][core.trainer][INFO] - Computing metrics for 'val' dataset
[2021-10-26 19:30:11,486][core.metrics.meter][INFO] - Meter:
SequenceAccuracy:	0.000
TokenAccuracy:	0.233
LengthAccuracy:	0.242
1st Token Accuracy:	0.195
2nd Token Accuracy:	0.133
Average Loss:	3.013
[2021-10-26 19:30:26,179][core.trainer][INFO] - Computing metrics for 'val' dataset
[2021-10-26 19:30:27,558][core.metrics.meter][INFO] - Meter:
SequenceAccuracy:	0.000
TokenAccuracy:	0.237
LengthAccuracy:	0.251
1st Token Accuracy:	0.199
2nd Token Accuracy:	0.150
Average Loss:	2.995
[2021-10-26 19:30:42,044][core.trainer][INFO] - Computing metrics for 'val' dataset
[2021-10-26 19:30:43,407][core.metrics.meter][INFO] - Meter:
SequenceAccuracy:	0.000
TokenAccuracy:	0.234
LengthAccuracy:	0.251
1st Token Accuracy:	0.188
2nd Token Accuracy:	0.150
Average Loss:	2.991
[2021-10-26 19:30:57,872][core.trainer][INFO] - Computing metrics for 'val' dataset
[2021-10-26 19:30:59,236][core.metrics.meter][INFO] - Meter:
SequenceAccuracy:	0.000
TokenAccuracy:	0.234
LengthAccuracy:	0.263
1st Token Accuracy:	0.185
2nd Token Accuracy:	0.134
Average Loss:	2.971
[2021-10-26 19:31:13,532][core.trainer][INFO] - Computing metrics for 'val' dataset
[2021-10-26 19:31:14,890][core.metrics.meter][INFO] - Meter:
SequenceAccuracy:	0.000
TokenAccuracy:	0.239
LengthAccuracy:	0.265
1st Token Accuracy:	0.228
2nd Token Accuracy:	0.133
Average Loss:	2.966
[2021-10-26 19:31:29,373][core.trainer][INFO] - Computing metrics for 'val' dataset
[2021-10-26 19:31:30,748][core.metrics.meter][INFO] - Meter:
SequenceAccuracy:	0.000
TokenAccuracy:	0.241
LengthAccuracy:	0.271
1st Token Accuracy:	0.244
2nd Token Accuracy:	0.122
Average Loss:	2.954
[2021-10-26 19:31:45,298][core.trainer][INFO] - Computing metrics for 'val' dataset
[2021-10-26 19:31:46,676][core.metrics.meter][INFO] - Meter:
SequenceAccuracy:	0.000
TokenAccuracy:	0.241
LengthAccuracy:	0.257
1st Token Accuracy:	0.215
2nd Token Accuracy:	0.136
Average Loss:	2.953
[2021-10-26 19:31:46,908][core.trainer][INFO] - Computing metrics for 'test' dataset
[2021-10-26 19:31:59,958][core.metrics.meter][INFO] - Meter:
SequenceAccuracy:	0.000
TokenAccuracy:	0.237
LengthAccuracy:	0.305
1st Token Accuracy:	0.219
2nd Token Accuracy:	0.137
Average Loss:	2.972
[2021-10-26 19:31:59,960][core.trainer][INFO] - Computing metrics for 'gen' dataset
[2021-10-26 19:32:14,803][core.metrics.meter][INFO] - Meter:
SequenceAccuracy:	0.000
TokenAccuracy:	0.227
LengthAccuracy:	0.000
1st Token Accuracy:	0.154
2nd Token Accuracy:	0.200
Average Loss:	3.238
[2021-10-26 19:32:14,805][core.trainer][INFO] - EPOCH 6 / 50
[2021-10-26 19:32:14,805][core.trainer][INFO] - Computing metrics for 'train' dataset
[2021-10-26 19:32:29,306][core.trainer][INFO] - Computing metrics for 'val' dataset
[2021-10-26 19:32:30,683][core.metrics.meter][INFO] - Meter:
SequenceAccuracy:	0.000
TokenAccuracy:	0.242
LengthAccuracy:	0.270
1st Token Accuracy:	0.196
2nd Token Accuracy:	0.145
Average Loss:	2.927
[2021-10-26 19:32:45,515][core.trainer][INFO] - Computing metrics for 'val' dataset
[2021-10-26 19:32:46,881][core.metrics.meter][INFO] - Meter:
SequenceAccuracy:	0.000
TokenAccuracy:	0.241
LengthAccuracy:	0.266
1st Token Accuracy:	0.207
2nd Token Accuracy:	0.151
Average Loss:	2.930
[2021-10-26 19:33:01,563][core.trainer][INFO] - Computing metrics for 'val' dataset
[2021-10-26 19:33:02,930][core.metrics.meter][INFO] - Meter:
SequenceAccuracy:	0.000
TokenAccuracy:	0.242
LengthAccuracy:	0.275
1st Token Accuracy:	0.180
2nd Token Accuracy:	0.149
Average Loss:	2.910
[2021-10-26 19:33:17,576][core.trainer][INFO] - Computing metrics for 'val' dataset
[2021-10-26 19:33:18,944][core.metrics.meter][INFO] - Meter:
SequenceAccuracy:	0.000
TokenAccuracy:	0.246
LengthAccuracy:	0.267
1st Token Accuracy:	0.242
2nd Token Accuracy:	0.151
Average Loss:	2.902
[2021-10-26 19:33:33,485][core.trainer][INFO] - Computing metrics for 'val' dataset
[2021-10-26 19:33:34,863][core.metrics.meter][INFO] - Meter:
SequenceAccuracy:	0.000
TokenAccuracy:	0.246
LengthAccuracy:	0.289
1st Token Accuracy:	0.243
2nd Token Accuracy:	0.135
Average Loss:	2.886
[2021-10-26 19:33:49,813][core.trainer][INFO] - Computing metrics for 'val' dataset
[2021-10-26 19:33:51,213][core.metrics.meter][INFO] - Meter:
SequenceAccuracy:	0.000
TokenAccuracy:	0.252
LengthAccuracy:	0.320
1st Token Accuracy:	0.249
2nd Token Accuracy:	0.137
Average Loss:	2.845
[2021-10-26 19:34:06,779][core.trainer][INFO] - Computing metrics for 'val' dataset
[2021-10-26 19:34:08,317][core.metrics.meter][INFO] - Meter:
SequenceAccuracy:	0.000
TokenAccuracy:	0.258
LengthAccuracy:	0.375
1st Token Accuracy:	0.211
2nd Token Accuracy:	0.141
Average Loss:	2.789
[2021-10-26 19:34:24,326][core.trainer][INFO] - Computing metrics for 'val' dataset
[2021-10-26 19:34:25,829][core.metrics.meter][INFO] - Meter:
SequenceAccuracy:	0.000
TokenAccuracy:	0.262
LengthAccuracy:	0.409
1st Token Accuracy:	0.205
2nd Token Accuracy:	0.151
Average Loss:	2.744
[2021-10-26 19:34:25,925][core.early_stopping][INFO] - Early stopping counter: 1 / 5
[2021-10-26 19:34:25,970][core.early_stopping][INFO] - Pausing model saving until validation loss decreases by 0.0001
[2021-10-26 19:34:41,878][core.trainer][INFO] - Computing metrics for 'val' dataset
[2021-10-26 19:34:43,426][core.metrics.meter][INFO] - Meter:
SequenceAccuracy:	0.000
TokenAccuracy:	0.272
LengthAccuracy:	0.452
1st Token Accuracy:	0.232
2nd Token Accuracy:	0.152
Average Loss:	2.700
[2021-10-26 19:34:59,650][core.trainer][INFO] - Computing metrics for 'val' dataset
[2021-10-26 19:35:01,225][core.metrics.meter][INFO] - Meter:
SequenceAccuracy:	0.000
TokenAccuracy:	0.274
LengthAccuracy:	0.458
1st Token Accuracy:	0.239
2nd Token Accuracy:	0.150
Average Loss:	2.688
[2021-10-26 19:35:17,500][core.trainer][INFO] - Computing metrics for 'val' dataset
[2021-10-26 19:35:19,063][core.metrics.meter][INFO] - Meter:
SequenceAccuracy:	0.000
TokenAccuracy:	0.283
LengthAccuracy:	0.486
1st Token Accuracy:	0.261
2nd Token Accuracy:	0.155
Average Loss:	2.648
[2021-10-26 19:35:35,477][core.trainer][INFO] - Computing metrics for 'val' dataset
[2021-10-26 19:35:37,052][core.metrics.meter][INFO] - Meter:
SequenceAccuracy:	0.000
TokenAccuracy:	0.287
LengthAccuracy:	0.502
1st Token Accuracy:	0.253
2nd Token Accuracy:	0.155
Average Loss:	2.623
[2021-10-26 19:35:53,658][core.trainer][INFO] - Computing metrics for 'val' dataset
[2021-10-26 19:35:55,273][core.metrics.meter][INFO] - Meter:
SequenceAccuracy:	0.000
TokenAccuracy:	0.288
LengthAccuracy:	0.537
1st Token Accuracy:	0.224
2nd Token Accuracy:	0.155
Average Loss:	2.593
[2021-10-26 19:36:12,125][core.trainer][INFO] - Computing metrics for 'val' dataset
[2021-10-26 19:36:13,751][core.metrics.meter][INFO] - Meter:
SequenceAccuracy:	0.000
TokenAccuracy:	0.296
LengthAccuracy:	0.571
1st Token Accuracy:	0.229
2nd Token Accuracy:	0.150
Average Loss:	2.551
[2021-10-26 19:36:30,538][core.trainer][INFO] - Computing metrics for 'val' dataset
[2021-10-26 19:36:32,124][core.metrics.meter][INFO] - Meter:
SequenceAccuracy:	0.000
TokenAccuracy:	0.301
LengthAccuracy:	0.570
1st Token Accuracy:	0.258
2nd Token Accuracy:	0.154
Average Loss:	2.526
[2021-10-26 19:36:32,225][core.early_stopping][INFO] - Early stopping counter: 1 / 5
[2021-10-26 19:36:32,277][core.early_stopping][INFO] - Pausing model saving until validation loss decreases by 0.0001
[2021-10-26 19:36:48,861][core.trainer][INFO] - Computing metrics for 'val' dataset
[2021-10-26 19:36:50,477][core.metrics.meter][INFO] - Meter:
SequenceAccuracy:	0.000
TokenAccuracy:	0.301
LengthAccuracy:	0.583
1st Token Accuracy:	0.236
2nd Token Accuracy:	0.157
Average Loss:	2.515
[2021-10-26 19:37:07,341][core.trainer][INFO] - Computing metrics for 'val' dataset
[2021-10-26 19:37:08,964][core.metrics.meter][INFO] - Meter:
SequenceAccuracy:	0.000
TokenAccuracy:	0.308
LengthAccuracy:	0.606
1st Token Accuracy:	0.216
2nd Token Accuracy:	0.169
Average Loss:	2.474
[2021-10-26 19:37:25,900][core.trainer][INFO] - Computing metrics for 'val' dataset
[2021-10-26 19:37:27,501][core.metrics.meter][INFO] - Meter:
SequenceAccuracy:	0.000
TokenAccuracy:	0.309
LengthAccuracy:	0.606
1st Token Accuracy:	0.216
2nd Token Accuracy:	0.165
Average Loss:	2.458
[2021-10-26 19:37:27,622][core.early_stopping][INFO] - Early stopping counter: 1 / 5
[2021-10-26 19:37:27,672][core.early_stopping][INFO] - Pausing model saving until validation loss decreases by 0.0001
[2021-10-26 19:37:44,515][core.trainer][INFO] - Computing metrics for 'val' dataset
[2021-10-26 19:37:46,130][core.metrics.meter][INFO] - Meter:
SequenceAccuracy:	0.000
TokenAccuracy:	0.314
LengthAccuracy:	0.604
1st Token Accuracy:	0.234
2nd Token Accuracy:	0.172
Average Loss:	2.434
[2021-10-26 19:37:46,232][core.early_stopping][INFO] - Early stopping counter: 2 / 5
[2021-10-26 19:37:46,284][core.early_stopping][INFO] - Pausing model saving until validation loss decreases by 0.0001
[2021-10-26 19:38:03,190][core.trainer][INFO] - Computing metrics for 'val' dataset
[2021-10-26 19:38:04,798][core.metrics.meter][INFO] - Meter:
SequenceAccuracy:	0.000
TokenAccuracy:	0.320
LengthAccuracy:	0.624
1st Token Accuracy:	0.238
2nd Token Accuracy:	0.173
Average Loss:	2.419
[2021-10-26 19:38:05,210][core.trainer][INFO] - Computing metrics for 'test' dataset
[2021-10-26 19:38:20,971][core.metrics.meter][INFO] - Meter:
SequenceAccuracy:	0.000
TokenAccuracy:	0.315
LengthAccuracy:	0.602
1st Token Accuracy:	0.251
2nd Token Accuracy:	0.181
Average Loss:	2.454
[2021-10-26 19:38:20,973][core.trainer][INFO] - Computing metrics for 'gen' dataset
[2021-10-26 19:38:38,498][core.metrics.meter][INFO] - Meter:
SequenceAccuracy:	0.000
TokenAccuracy:	0.271
LengthAccuracy:	0.000
1st Token Accuracy:	0.223
2nd Token Accuracy:	0.286
Average Loss:	3.069
[2021-10-26 19:38:38,500][core.trainer][INFO] - EPOCH 7 / 50
[2021-10-26 19:38:38,500][core.trainer][INFO] - Computing metrics for 'train' dataset
[2021-10-26 19:38:55,922][core.trainer][INFO] - Computing metrics for 'val' dataset
[2021-10-26 19:38:57,616][core.metrics.meter][INFO] - Meter:
SequenceAccuracy:	0.000
TokenAccuracy:	0.330
LengthAccuracy:	0.660
1st Token Accuracy:	0.243
2nd Token Accuracy:	0.176
Average Loss:	2.375
[2021-10-26 19:39:15,389][core.trainer][INFO] - Computing metrics for 'val' dataset
[2021-10-26 19:39:17,062][core.metrics.meter][INFO] - Meter:
SequenceAccuracy:	0.000
TokenAccuracy:	0.331
LengthAccuracy:	0.678
1st Token Accuracy:	0.225
2nd Token Accuracy:	0.191
Average Loss:	2.364
[2021-10-26 19:39:17,172][core.early_stopping][INFO] - Early stopping counter: 1 / 5
[2021-10-26 19:39:17,225][core.early_stopping][INFO] - Pausing model saving until validation loss decreases by 0.0001
[2021-10-26 19:39:34,644][core.trainer][INFO] - Computing metrics for 'val' dataset
[2021-10-26 19:39:36,317][core.metrics.meter][INFO] - Meter:
SequenceAccuracy:	0.000
TokenAccuracy:	0.338
LengthAccuracy:	0.691
1st Token Accuracy:	0.241
2nd Token Accuracy:	0.195
Average Loss:	2.339
[2021-10-26 19:39:36,477][core.early_stopping][INFO] - Early stopping counter: 2 / 5
[2021-10-26 19:39:36,477][core.early_stopping][INFO] - Pausing model saving until validation loss decreases by 0.0001
[2021-10-26 19:39:54,056][core.trainer][INFO] - Computing metrics for 'val' dataset
[2021-10-26 19:39:55,751][core.metrics.meter][INFO] - Meter:
SequenceAccuracy:	0.000
TokenAccuracy:	0.343
LengthAccuracy:	0.708
1st Token Accuracy:	0.246
2nd Token Accuracy:	0.191
Average Loss:	2.316
[2021-10-26 19:40:13,634][core.trainer][INFO] - Computing metrics for 'val' dataset
[2021-10-26 19:40:15,347][core.metrics.meter][INFO] - Meter:
SequenceAccuracy:	0.000
TokenAccuracy:	0.350
LengthAccuracy:	0.735
1st Token Accuracy:	0.247
2nd Token Accuracy:	0.187
Average Loss:	2.291
[2021-10-26 19:40:33,310][core.trainer][INFO] - Computing metrics for 'val' dataset
[2021-10-26 19:40:35,012][core.metrics.meter][INFO] - Meter:
SequenceAccuracy:	0.000
TokenAccuracy:	0.357
LengthAccuracy:	0.755
1st Token Accuracy:	0.247
2nd Token Accuracy:	0.187
Average Loss:	2.257
[2021-10-26 19:40:35,123][core.early_stopping][INFO] - Early stopping counter: 1 / 5
[2021-10-26 19:40:35,177][core.early_stopping][INFO] - Pausing model saving until validation loss decreases by 0.0001
[2021-10-26 19:40:52,771][core.trainer][INFO] - Computing metrics for 'val' dataset
[2021-10-26 19:40:54,473][core.metrics.meter][INFO] - Meter:
SequenceAccuracy:	0.000
TokenAccuracy:	0.358
LengthAccuracy:	0.772
1st Token Accuracy:	0.241
2nd Token Accuracy:	0.187
Average Loss:	2.244
[2021-10-26 19:41:12,445][core.trainer][INFO] - Computing metrics for 'val' dataset
[2021-10-26 19:41:14,183][core.metrics.meter][INFO] - Meter:
SequenceAccuracy:	0.000
TokenAccuracy:	0.367
LengthAccuracy:	0.794
1st Token Accuracy:	0.258
2nd Token Accuracy:	0.196
Average Loss:	2.219
[2021-10-26 19:41:32,302][core.trainer][INFO] - Computing metrics for 'val' dataset
[2021-10-26 19:41:33,989][core.metrics.meter][INFO] - Meter:
SequenceAccuracy:	0.000
TokenAccuracy:	0.368
LengthAccuracy:	0.791
1st Token Accuracy:	0.249
2nd Token Accuracy:	0.189
Average Loss:	2.215
[2021-10-26 19:41:34,100][core.early_stopping][INFO] - Early stopping counter: 1 / 5
[2021-10-26 19:41:34,154][core.early_stopping][INFO] - Pausing model saving until validation loss decreases by 0.0001
[2021-10-26 19:41:51,954][core.trainer][INFO] - Computing metrics for 'val' dataset
[2021-10-26 19:41:53,639][core.metrics.meter][INFO] - Meter:
SequenceAccuracy:	0.000
TokenAccuracy:	0.375
LengthAccuracy:	0.815
1st Token Accuracy:	0.252
2nd Token Accuracy:	0.196
Average Loss:	2.182
[2021-10-26 19:41:53,748][core.early_stopping][INFO] - Early stopping counter: 2 / 5
[2021-10-26 19:41:53,800][core.early_stopping][INFO] - Pausing model saving until validation loss decreases by 0.0001
[2021-10-26 19:42:11,519][core.trainer][INFO] - Computing metrics for 'val' dataset
[2021-10-26 19:42:13,220][core.metrics.meter][INFO] - Meter:
SequenceAccuracy:	0.000
TokenAccuracy:	0.379
LengthAccuracy:	0.843
1st Token Accuracy:	0.240
2nd Token Accuracy:	0.199
Average Loss:	2.171
[2021-10-26 19:42:31,175][core.trainer][INFO] - Computing metrics for 'val' dataset
[2021-10-26 19:42:32,848][core.metrics.meter][INFO] - Meter:
SequenceAccuracy:	0.000
TokenAccuracy:	0.386
LengthAccuracy:	0.831
1st Token Accuracy:	0.259
2nd Token Accuracy:	0.224
Average Loss:	2.157
[2021-10-26 19:42:32,958][core.early_stopping][INFO] - Early stopping counter: 1 / 5
[2021-10-26 19:42:33,011][core.early_stopping][INFO] - Pausing model saving until validation loss decreases by 0.0001
[2021-10-26 19:42:50,831][core.trainer][INFO] - Computing metrics for 'val' dataset
[2021-10-26 19:42:52,526][core.metrics.meter][INFO] - Meter:
SequenceAccuracy:	0.000
TokenAccuracy:	0.393
LengthAccuracy:	0.860
1st Token Accuracy:	0.271
2nd Token Accuracy:	0.215
Average Loss:	2.131
[2021-10-26 19:42:52,634][core.early_stopping][INFO] - Early stopping counter: 2 / 5
[2021-10-26 19:42:52,690][core.early_stopping][INFO] - Pausing model saving until validation loss decreases by 0.0001
[2021-10-26 19:43:10,548][core.trainer][INFO] - Computing metrics for 'val' dataset
[2021-10-26 19:43:12,254][core.metrics.meter][INFO] - Meter:
SequenceAccuracy:	0.000
TokenAccuracy:	0.396
LengthAccuracy:	0.887
1st Token Accuracy:	0.274
2nd Token Accuracy:	0.214
Average Loss:	2.112
[2021-10-26 19:43:30,335][core.trainer][INFO] - Computing metrics for 'val' dataset
[2021-10-26 19:43:32,022][core.metrics.meter][INFO] - Meter:
SequenceAccuracy:	0.000
TokenAccuracy:	0.401
LengthAccuracy:	0.895
1st Token Accuracy:	0.285
2nd Token Accuracy:	0.227
Average Loss:	2.099
[2021-10-26 19:43:32,130][core.early_stopping][INFO] - Early stopping counter: 1 / 5
[2021-10-26 19:43:32,184][core.early_stopping][INFO] - Pausing model saving until validation loss decreases by 0.0001
[2021-10-26 19:43:50,088][core.trainer][INFO] - Computing metrics for 'val' dataset
[2021-10-26 19:43:51,782][core.metrics.meter][INFO] - Meter:
SequenceAccuracy:	0.000
TokenAccuracy:	0.409
LengthAccuracy:	0.891
1st Token Accuracy:	0.286
2nd Token Accuracy:	0.227
Average Loss:	2.088
[2021-10-26 19:44:09,891][core.trainer][INFO] - Computing metrics for 'val' dataset
[2021-10-26 19:44:11,594][core.metrics.meter][INFO] - Meter:
SequenceAccuracy:	0.000
TokenAccuracy:	0.410
LengthAccuracy:	0.905
1st Token Accuracy:	0.272
2nd Token Accuracy:	0.220
Average Loss:	2.071
[2021-10-26 19:44:29,697][core.trainer][INFO] - Computing metrics for 'val' dataset
[2021-10-26 19:44:31,385][core.metrics.meter][INFO] - Meter:
SequenceAccuracy:	0.000
TokenAccuracy:	0.413
LengthAccuracy:	0.911
1st Token Accuracy:	0.280
2nd Token Accuracy:	0.220
Average Loss:	2.051
[2021-10-26 19:44:31,491][core.early_stopping][INFO] - Early stopping counter: 1 / 5
[2021-10-26 19:44:31,544][core.early_stopping][INFO] - Pausing model saving until validation loss decreases by 0.0001
[2021-10-26 19:44:49,471][core.trainer][INFO] - Computing metrics for 'val' dataset
[2021-10-26 19:44:51,168][core.metrics.meter][INFO] - Meter:
SequenceAccuracy:	0.000
TokenAccuracy:	0.423
LengthAccuracy:	0.938
1st Token Accuracy:	0.281
2nd Token Accuracy:	0.231
Average Loss:	2.027
[2021-10-26 19:45:09,355][core.trainer][INFO] - Computing metrics for 'val' dataset
[2021-10-26 19:45:11,053][core.metrics.meter][INFO] - Meter:
SequenceAccuracy:	0.000
TokenAccuracy:	0.428
LengthAccuracy:	0.940
1st Token Accuracy:	0.289
2nd Token Accuracy:	0.239
Average Loss:	2.015
[2021-10-26 19:45:11,298][core.trainer][INFO] - Computing metrics for 'test' dataset
[2021-10-26 19:45:27,580][core.metrics.meter][INFO] - Meter:
SequenceAccuracy:	0.000
TokenAccuracy:	0.427
LengthAccuracy:	0.935
1st Token Accuracy:	0.304
2nd Token Accuracy:	0.223
Average Loss:	2.040
[2021-10-26 19:45:27,582][core.trainer][INFO] - Computing metrics for 'gen' dataset
[2021-10-26 19:45:45,951][core.metrics.meter][INFO] - Meter:
SequenceAccuracy:	0.000
TokenAccuracy:	0.319
LengthAccuracy:	0.003
1st Token Accuracy:	0.329
2nd Token Accuracy:	0.347
Average Loss:	3.004
[2021-10-26 19:45:45,953][core.trainer][INFO] - EPOCH 8 / 50
[2021-10-26 19:45:45,953][core.trainer][INFO] - Computing metrics for 'train' dataset
[2021-10-26 19:46:04,146][core.trainer][INFO] - Computing metrics for 'val' dataset
[2021-10-26 19:46:05,868][core.metrics.meter][INFO] - Meter:
SequenceAccuracy:	0.000
TokenAccuracy:	0.435
LengthAccuracy:	0.947
1st Token Accuracy:	0.301
2nd Token Accuracy:	0.239
Average Loss:	2.006
[2021-10-26 19:46:24,287][core.trainer][INFO] - Computing metrics for 'val' dataset
[2021-10-26 19:46:26,013][core.metrics.meter][INFO] - Meter:
SequenceAccuracy:	0.000
TokenAccuracy:	0.440
LengthAccuracy:	0.965
1st Token Accuracy:	0.300
2nd Token Accuracy:	0.254
Average Loss:	1.990
[2021-10-26 19:46:44,364][core.trainer][INFO] - Computing metrics for 'val' dataset
[2021-10-26 19:46:46,080][core.metrics.meter][INFO] - Meter:
SequenceAccuracy:	0.000
TokenAccuracy:	0.445
LengthAccuracy:	0.952
1st Token Accuracy:	0.308
2nd Token Accuracy:	0.260
Average Loss:	1.976
[2021-10-26 19:47:04,289][core.trainer][INFO] - Computing metrics for 'val' dataset
[2021-10-26 19:47:06,009][core.metrics.meter][INFO] - Meter:
SequenceAccuracy:	0.000
TokenAccuracy:	0.449
LengthAccuracy:	0.963
1st Token Accuracy:	0.298
2nd Token Accuracy:	0.264
Average Loss:	1.959
[2021-10-26 19:47:24,242][core.trainer][INFO] - Computing metrics for 'val' dataset
[2021-10-26 19:47:25,968][core.metrics.meter][INFO] - Meter:
SequenceAccuracy:	0.000
TokenAccuracy:	0.456
LengthAccuracy:	0.976
1st Token Accuracy:	0.311
2nd Token Accuracy:	0.268
Average Loss:	1.943
[2021-10-26 19:47:44,248][core.trainer][INFO] - Computing metrics for 'val' dataset
[2021-10-26 19:47:45,984][core.metrics.meter][INFO] - Meter:
SequenceAccuracy:	0.000
TokenAccuracy:	0.459
LengthAccuracy:	0.979
1st Token Accuracy:	0.306
2nd Token Accuracy:	0.287
Average Loss:	1.936
[2021-10-26 19:47:46,100][core.early_stopping][INFO] - Early stopping counter: 1 / 5
[2021-10-26 19:47:46,155][core.early_stopping][INFO] - Pausing model saving until validation loss decreases by 0.0001
[2021-10-26 19:48:04,285][core.trainer][INFO] - Computing metrics for 'val' dataset
[2021-10-26 19:48:06,004][core.metrics.meter][INFO] - Meter:
SequenceAccuracy:	0.000
TokenAccuracy:	0.464
LengthAccuracy:	0.979
1st Token Accuracy:	0.311
2nd Token Accuracy:	0.286
Average Loss:	1.921
[2021-10-26 19:48:24,333][core.trainer][INFO] - Computing metrics for 'val' dataset
[2021-10-26 19:48:26,056][core.metrics.meter][INFO] - Meter:
SequenceAccuracy:	0.000
TokenAccuracy:	0.470
LengthAccuracy:	0.979
1st Token Accuracy:	0.332
2nd Token Accuracy:	0.294
Average Loss:	1.916
[2021-10-26 19:48:44,335][core.trainer][INFO] - Computing metrics for 'val' dataset
[2021-10-26 19:48:46,062][core.metrics.meter][INFO] - Meter:
SequenceAccuracy:	0.000
TokenAccuracy:	0.472
LengthAccuracy:	0.977
1st Token Accuracy:	0.328
2nd Token Accuracy:	0.306
Average Loss:	1.908
[2021-10-26 19:49:04,302][core.trainer][INFO] - Computing metrics for 'val' dataset
[2021-10-26 19:49:06,026][core.metrics.meter][INFO] - Meter:
SequenceAccuracy:	0.000
TokenAccuracy:	0.481
LengthAccuracy:	0.985
1st Token Accuracy:	0.340
2nd Token Accuracy:	0.311
Average Loss:	1.879
[2021-10-26 19:49:24,517][core.trainer][INFO] - Computing metrics for 'val' dataset
[2021-10-26 19:49:26,247][core.metrics.meter][INFO] - Meter:
SequenceAccuracy:	0.000
TokenAccuracy:	0.484
LengthAccuracy:	0.982
1st Token Accuracy:	0.349
2nd Token Accuracy:	0.323
Average Loss:	1.878
[2021-10-26 19:49:44,591][core.trainer][INFO] - Computing metrics for 'val' dataset
[2021-10-26 19:49:46,307][core.metrics.meter][INFO] - Meter:
SequenceAccuracy:	0.000
TokenAccuracy:	0.489
LengthAccuracy:	0.984
1st Token Accuracy:	0.353
2nd Token Accuracy:	0.335
Average Loss:	1.863
[2021-10-26 19:50:04,484][core.trainer][INFO] - Computing metrics for 'val' dataset
[2021-10-26 19:50:06,186][core.metrics.meter][INFO] - Meter:
SequenceAccuracy:	0.000
TokenAccuracy:	0.493
LengthAccuracy:	0.981
1st Token Accuracy:	0.356
2nd Token Accuracy:	0.349
Average Loss:	1.848
[2021-10-26 19:50:24,586][core.trainer][INFO] - Computing metrics for 'val' dataset
[2021-10-26 19:50:26,344][core.metrics.meter][INFO] - Meter:
SequenceAccuracy:	0.000
TokenAccuracy:	0.497
LengthAccuracy:	0.984
1st Token Accuracy:	0.373
2nd Token Accuracy:	0.360
Average Loss:	1.842
[2021-10-26 19:50:45,058][core.trainer][INFO] - Computing metrics for 'val' dataset
[2021-10-26 19:50:46,790][core.metrics.meter][INFO] - Meter:
SequenceAccuracy:	0.000
TokenAccuracy:	0.498
LengthAccuracy:	0.983
1st Token Accuracy:	0.374
2nd Token Accuracy:	0.368
Average Loss:	1.831
[2021-10-26 19:51:05,183][core.trainer][INFO] - Computing metrics for 'val' dataset
[2021-10-26 19:51:06,932][core.metrics.meter][INFO] - Meter:
SequenceAccuracy:	0.000
TokenAccuracy:	0.507
LengthAccuracy:	0.984
1st Token Accuracy:	0.386
2nd Token Accuracy:	0.377
Average Loss:	1.817
[2021-10-26 19:51:25,293][core.trainer][INFO] - Computing metrics for 'val' dataset
[2021-10-26 19:51:27,005][core.metrics.meter][INFO] - Meter:
SequenceAccuracy:	0.000
TokenAccuracy:	0.513
LengthAccuracy:	0.982
1st Token Accuracy:	0.391
2nd Token Accuracy:	0.394
Average Loss:	1.797
[2021-10-26 19:51:45,307][core.trainer][INFO] - Computing metrics for 'val' dataset
[2021-10-26 19:51:47,012][core.metrics.meter][INFO] - Meter:
SequenceAccuracy:	0.000
TokenAccuracy:	0.516
LengthAccuracy:	0.983
1st Token Accuracy:	0.395
2nd Token Accuracy:	0.406
Average Loss:	1.787
[2021-10-26 19:52:05,298][core.trainer][INFO] - Computing metrics for 'val' dataset
[2021-10-26 19:52:07,009][core.metrics.meter][INFO] - Meter:
SequenceAccuracy:	0.000
TokenAccuracy:	0.523
LengthAccuracy:	0.984
1st Token Accuracy:	0.403
2nd Token Accuracy:	0.419
Average Loss:	1.776
[2021-10-26 19:52:25,303][core.trainer][INFO] - Computing metrics for 'val' dataset
[2021-10-26 19:52:27,019][core.metrics.meter][INFO] - Meter:
SequenceAccuracy:	0.000
TokenAccuracy:	0.526
LengthAccuracy:	0.984
1st Token Accuracy:	0.413
2nd Token Accuracy:	0.426
Average Loss:	1.763
[2021-10-26 19:52:27,327][core.trainer][INFO] - Computing metrics for 'test' dataset
[2021-10-26 19:52:43,736][core.metrics.meter][INFO] - Meter:
SequenceAccuracy:	0.000
TokenAccuracy:	0.530
LengthAccuracy:	0.981
1st Token Accuracy:	0.430
2nd Token Accuracy:	0.417
Average Loss:	1.788
[2021-10-26 19:52:43,738][core.trainer][INFO] - Computing metrics for 'gen' dataset
[2021-10-26 19:53:02,472][core.metrics.meter][INFO] - Meter:
SequenceAccuracy:	0.000
TokenAccuracy:	0.338
LengthAccuracy:	0.129
1st Token Accuracy:	0.387
2nd Token Accuracy:	0.446
Average Loss:	3.090
[2021-10-26 19:53:02,472][core.trainer][INFO] - EPOCH 9 / 50
[2021-10-26 19:53:02,472][core.trainer][INFO] - Computing metrics for 'train' dataset
[2021-10-26 19:53:20,602][core.trainer][INFO] - Computing metrics for 'val' dataset
[2021-10-26 19:53:22,354][core.metrics.meter][INFO] - Meter:
SequenceAccuracy:	0.000
TokenAccuracy:	0.532
LengthAccuracy:	0.984
1st Token Accuracy:	0.418
2nd Token Accuracy:	0.433
Average Loss:	1.745
[2021-10-26 19:53:40,887][core.trainer][INFO] - Computing metrics for 'val' dataset
[2021-10-26 19:53:42,639][core.metrics.meter][INFO] - Meter:
SequenceAccuracy:	0.000
TokenAccuracy:	0.536
LengthAccuracy:	0.983
1st Token Accuracy:	0.427
2nd Token Accuracy:	0.452
Average Loss:	1.736
[2021-10-26 19:53:42,754][core.early_stopping][INFO] - Early stopping counter: 1 / 5
[2021-10-26 19:53:42,810][core.early_stopping][INFO] - Pausing model saving until validation loss decreases by 0.0001
[2021-10-26 19:54:01,004][core.trainer][INFO] - Computing metrics for 'val' dataset
[2021-10-26 19:54:02,752][core.metrics.meter][INFO] - Meter:
SequenceAccuracy:	0.000
TokenAccuracy:	0.545
LengthAccuracy:	0.983
1st Token Accuracy:	0.439
2nd Token Accuracy:	0.471
Average Loss:	1.712
[2021-10-26 19:54:21,112][core.trainer][INFO] - Computing metrics for 'val' dataset
[2021-10-26 19:54:22,830][core.metrics.meter][INFO] - Meter:
SequenceAccuracy:	0.000
TokenAccuracy:	0.546
LengthAccuracy:	0.988
1st Token Accuracy:	0.452
2nd Token Accuracy:	0.471
Average Loss:	1.709
[2021-10-26 19:54:41,148][core.trainer][INFO] - Computing metrics for 'val' dataset
[2021-10-26 19:54:42,865][core.metrics.meter][INFO] - Meter:
SequenceAccuracy:	0.000
TokenAccuracy:	0.556
LengthAccuracy:	0.983
1st Token Accuracy:	0.475
2nd Token Accuracy:	0.486
Average Loss:	1.682
[2021-10-26 19:55:01,141][core.trainer][INFO] - Computing metrics for 'val' dataset
[2021-10-26 19:55:02,857][core.metrics.meter][INFO] - Meter:
SequenceAccuracy:	0.000
TokenAccuracy:	0.561
LengthAccuracy:	0.983
1st Token Accuracy:	0.478
2nd Token Accuracy:	0.515
Average Loss:	1.672
[2021-10-26 19:55:21,314][core.trainer][INFO] - Computing metrics for 'val' dataset
[2021-10-26 19:55:23,035][core.metrics.meter][INFO] - Meter:
SequenceAccuracy:	0.000
TokenAccuracy:	0.563
LengthAccuracy:	0.983
1st Token Accuracy:	0.488
2nd Token Accuracy:	0.512
Average Loss:	1.660
[2021-10-26 19:55:41,130][core.trainer][INFO] - Computing metrics for 'val' dataset
[2021-10-26 19:55:42,843][core.metrics.meter][INFO] - Meter:
SequenceAccuracy:	0.001
TokenAccuracy:	0.573
LengthAccuracy:	0.985
1st Token Accuracy:	0.508
2nd Token Accuracy:	0.542
Average Loss:	1.638
[2021-10-26 19:56:01,196][core.trainer][INFO] - Computing metrics for 'val' dataset
[2021-10-26 19:56:02,911][core.metrics.meter][INFO] - Meter:
SequenceAccuracy:	0.000
TokenAccuracy:	0.576
LengthAccuracy:	0.986
1st Token Accuracy:	0.506
2nd Token Accuracy:	0.549
Average Loss:	1.625
[2021-10-26 19:56:21,369][core.trainer][INFO] - Computing metrics for 'val' dataset
[2021-10-26 19:56:23,093][core.metrics.meter][INFO] - Meter:
SequenceAccuracy:	0.001
TokenAccuracy:	0.583
LengthAccuracy:	0.982
1st Token Accuracy:	0.508
2nd Token Accuracy:	0.565
Average Loss:	1.619
[2021-10-26 19:56:41,407][core.trainer][INFO] - Computing metrics for 'val' dataset
[2021-10-26 19:56:43,135][core.metrics.meter][INFO] - Meter:
SequenceAccuracy:	0.001
TokenAccuracy:	0.588
LengthAccuracy:	0.984
1st Token Accuracy:	0.529
2nd Token Accuracy:	0.579
Average Loss:	1.596
[2021-10-26 19:57:01,583][core.trainer][INFO] - Computing metrics for 'val' dataset
[2021-10-26 19:57:03,306][core.metrics.meter][INFO] - Meter:
SequenceAccuracy:	0.001
TokenAccuracy:	0.593
LengthAccuracy:	0.984
1st Token Accuracy:	0.536
2nd Token Accuracy:	0.595
Average Loss:	1.582
[2021-10-26 19:57:21,760][core.trainer][INFO] - Computing metrics for 'val' dataset
[2021-10-26 19:57:23,477][core.metrics.meter][INFO] - Meter:
SequenceAccuracy:	0.001
TokenAccuracy:	0.599
LengthAccuracy:	0.984
1st Token Accuracy:	0.547
2nd Token Accuracy:	0.599
Average Loss:	1.563
[2021-10-26 19:57:41,855][core.trainer][INFO] - Computing metrics for 'val' dataset
[2021-10-26 19:57:43,578][core.metrics.meter][INFO] - Meter:
SequenceAccuracy:	0.002
TokenAccuracy:	0.604
LengthAccuracy:	0.982
1st Token Accuracy:	0.563
2nd Token Accuracy:	0.625
Average Loss:	1.556
[2021-10-26 19:58:01,899][core.trainer][INFO] - Computing metrics for 'val' dataset
[2021-10-26 19:58:03,610][core.metrics.meter][INFO] - Meter:
SequenceAccuracy:	0.001
TokenAccuracy:	0.608
LengthAccuracy:	0.983
1st Token Accuracy:	0.557
2nd Token Accuracy:	0.632
Average Loss:	1.531
[2021-10-26 19:58:22,072][core.trainer][INFO] - Computing metrics for 'val' dataset
[2021-10-26 19:58:23,787][core.metrics.meter][INFO] - Meter:
SequenceAccuracy:	0.002
TokenAccuracy:	0.611
LengthAccuracy:	0.983
1st Token Accuracy:	0.560
2nd Token Accuracy:	0.643
Average Loss:	1.520
[2021-10-26 19:58:42,034][core.trainer][INFO] - Computing metrics for 'val' dataset
[2021-10-26 19:58:43,760][core.metrics.meter][INFO] - Meter:
SequenceAccuracy:	0.002
TokenAccuracy:	0.618
LengthAccuracy:	0.986
1st Token Accuracy:	0.570
2nd Token Accuracy:	0.664
Average Loss:	1.503
[2021-10-26 19:59:02,083][core.trainer][INFO] - Computing metrics for 'val' dataset
[2021-10-26 19:59:03,792][core.metrics.meter][INFO] - Meter:
SequenceAccuracy:	0.002
TokenAccuracy:	0.622
LengthAccuracy:	0.983
1st Token Accuracy:	0.575
2nd Token Accuracy:	0.677
Average Loss:	1.489
[2021-10-26 19:59:21,903][core.trainer][INFO] - Computing metrics for 'val' dataset
[2021-10-26 19:59:23,646][core.metrics.meter][INFO] - Meter:
SequenceAccuracy:	0.003
TokenAccuracy:	0.629
LengthAccuracy:	0.985
1st Token Accuracy:	0.582
2nd Token Accuracy:	0.690
Average Loss:	1.467
[2021-10-26 19:59:41,992][core.trainer][INFO] - Computing metrics for 'val' dataset
[2021-10-26 19:59:43,709][core.metrics.meter][INFO] - Meter:
SequenceAccuracy:	0.002
TokenAccuracy:	0.634
LengthAccuracy:	0.984
1st Token Accuracy:	0.601
2nd Token Accuracy:	0.695
Average Loss:	1.449
[2021-10-26 19:59:43,889][core.trainer][INFO] - Computing metrics for 'test' dataset
[2021-10-26 20:00:00,407][core.metrics.meter][INFO] - Meter:
SequenceAccuracy:	0.004
TokenAccuracy:	0.632
LengthAccuracy:	0.984
1st Token Accuracy:	0.593
2nd Token Accuracy:	0.680
Average Loss:	1.472
[2021-10-26 20:00:00,407][core.trainer][INFO] - Computing metrics for 'gen' dataset
[2021-10-26 20:00:19,702][core.metrics.meter][INFO] - Meter:
SequenceAccuracy:	0.000
TokenAccuracy:	0.303
LengthAccuracy:	0.405
1st Token Accuracy:	0.268
2nd Token Accuracy:	0.264
Average Loss:	3.227
[2021-10-26 20:00:19,703][core.trainer][INFO] - EPOCH 10 / 50
[2021-10-26 20:00:19,703][core.trainer][INFO] - Computing metrics for 'train' dataset
[2021-10-26 20:00:37,921][core.trainer][INFO] - Computing metrics for 'val' dataset
[2021-10-26 20:00:39,639][core.metrics.meter][INFO] - Meter:
SequenceAccuracy:	0.004
TokenAccuracy:	0.638
LengthAccuracy:	0.983
1st Token Accuracy:	0.582
2nd Token Accuracy:	0.714
Average Loss:	1.438
[2021-10-26 20:00:58,111][core.trainer][INFO] - Computing metrics for 'val' dataset
[2021-10-26 20:00:59,833][core.metrics.meter][INFO] - Meter:
SequenceAccuracy:	0.005
TokenAccuracy:	0.644
LengthAccuracy:	0.985
1st Token Accuracy:	0.605
2nd Token Accuracy:	0.716
Average Loss:	1.416
