experiment:
  dataset:
    name: ms-passivization-de
    input: ms-passivization.tsv
    source_format: sequence
    target_format: sequence
    overwrite: false
    transform_field: target
    splits:
      train: 80
      test: 10
      val: 10
  hyperparameters:
    epochs: 50
    batch_size: 5
    lr: 0.001
    tolerance: 0.0001
    num_iters_eval: 1000
    min_iters: 30000
    patience: 5
    tf_ratio: 0.5
    cuda: 0
  model:
    name: Transformer
    encoder:
      unit: Transformer
      type: sequence
      dropout: 0
      num_layers: 2
      hidden_size: 256
      embedding_size: 256
      num_heads: 8
    decoder:
      unit: Transformer
      type: sequence
      dropout: 0
      num_layers: 2
      max_length: 30
      hidden_size: 256
      embedding_size: 256
      num_heads: 8
      attention: null
  name: passiv-de-transformer-2layers
pretty_print: true

[2021-10-27 02:02:00,753][core.trainer][INFO] - DEVICE: cuda
[2021-10-27 02:02:00,753][core.dataset.base_dataset][INFO] - Initializing dataset
[2021-10-27 02:02:00,754][core.dataset.base_dataset][INFO] - Constructing fields from dataset.
[2021-10-27 02:02:03,632][core.trainer][INFO] - TransductionDataset(
 splits: [val (1000 sequences), train (100000 sequences), test (10000 sequences), gen (10000 sequences)]
 fields: [source, annotation, target]
)
[2021-10-27 02:02:03,632][core.models.base_model][INFO] - Initializing model
[2021-10-27 02:02:09,846][core.trainer][INFO] - TransductionModel(
  (_encoder): TransductionSequenceEncoder(
    (module): Sequential(
      (0): Sequential(
        (0): Embedding(83, 256)
        (1): PositionalEncoding(
          (dropout): Dropout(p=0.0, inplace=False)
        )
      )
      (1): TransformerEncoder(
        (layers): ModuleList(
          (0): TransformerEncoderLayer(
            (self_attn): MultiheadAttention(
              (out_proj): _LinearWithBias(in_features=256, out_features=256, bias=True)
            )
            (linear1): Linear(in_features=256, out_features=2048, bias=True)
            (dropout): Dropout(p=0.1, inplace=False)
            (linear2): Linear(in_features=2048, out_features=256, bias=True)
            (norm1): LayerNorm((256,), eps=1e-05, elementwise_affine=True)
            (norm2): LayerNorm((256,), eps=1e-05, elementwise_affine=True)
            (dropout1): Dropout(p=0.1, inplace=False)
            (dropout2): Dropout(p=0.1, inplace=False)
          )
          (1): TransformerEncoderLayer(
            (self_attn): MultiheadAttention(
              (out_proj): _LinearWithBias(in_features=256, out_features=256, bias=True)
            )
            (linear1): Linear(in_features=256, out_features=2048, bias=True)
            (dropout): Dropout(p=0.1, inplace=False)
            (linear2): Linear(in_features=2048, out_features=256, bias=True)
            (norm1): LayerNorm((256,), eps=1e-05, elementwise_affine=True)
            (norm2): LayerNorm((256,), eps=1e-05, elementwise_affine=True)
            (dropout1): Dropout(p=0.1, inplace=False)
            (dropout2): Dropout(p=0.1, inplace=False)
          )
        )
      )
    )
  )
  (_decoder): TransformerSequenceDecoder(
    (_embedding): Sequential(
      (0): Embedding(97, 256)
      (1): PositionalEncoding(
        (dropout): Dropout(p=0.0, inplace=False)
      )
    )
    (_unit): TransformerDecoder(
      (layers): ModuleList(
        (0): TransformerDecoderLayer(
          (self_attn): MultiheadAttention(
            (out_proj): _LinearWithBias(in_features=256, out_features=256, bias=True)
          )
          (multihead_attn): MultiheadAttention(
            (out_proj): _LinearWithBias(in_features=256, out_features=256, bias=True)
          )
          (linear1): Linear(in_features=256, out_features=2048, bias=True)
          (dropout): Dropout(p=0.0, inplace=False)
          (linear2): Linear(in_features=2048, out_features=256, bias=True)
          (norm1): LayerNorm((256,), eps=1e-05, elementwise_affine=True)
          (norm2): LayerNorm((256,), eps=1e-05, elementwise_affine=True)
          (norm3): LayerNorm((256,), eps=1e-05, elementwise_affine=True)
          (dropout1): Dropout(p=0.0, inplace=False)
          (dropout2): Dropout(p=0.0, inplace=False)
          (dropout3): Dropout(p=0.0, inplace=False)
        )
        (1): TransformerDecoderLayer(
          (self_attn): MultiheadAttention(
            (out_proj): _LinearWithBias(in_features=256, out_features=256, bias=True)
          )
          (multihead_attn): MultiheadAttention(
            (out_proj): _LinearWithBias(in_features=256, out_features=256, bias=True)
          )
          (linear1): Linear(in_features=256, out_features=2048, bias=True)
          (dropout): Dropout(p=0.0, inplace=False)
          (linear2): Linear(in_features=2048, out_features=256, bias=True)
          (norm1): LayerNorm((256,), eps=1e-05, elementwise_affine=True)
          (norm2): LayerNorm((256,), eps=1e-05, elementwise_affine=True)
          (norm3): LayerNorm((256,), eps=1e-05, elementwise_affine=True)
          (dropout1): Dropout(p=0.0, inplace=False)
          (dropout2): Dropout(p=0.0, inplace=False)
          (dropout3): Dropout(p=0.0, inplace=False)
        )
      )
    )
    (_out): Linear(in_features=256, out_features=97, bias=True)
  )
)
[2021-10-27 02:02:09,854][core.trainer][INFO] - Beginning training
[2021-10-27 02:02:09,857][core.metrics.meter][INFO] - Logging with tensorboard; view with `tensorboard --logdir=/scratch/lw2534/lab/transductions/outputs/passiv-de-transformer-2layers/Transformer/2021-10-27_02-02-00/tensorboard`
[2021-10-27 02:02:09,857][core.trainer][INFO] - EPOCH 1 / 50
[2021-10-27 02:02:09,857][core.trainer][INFO] - Computing metrics for 'train' dataset
[2021-10-27 02:02:36,536][core.trainer][INFO] - Computing metrics for 'val' dataset
[2021-10-27 02:02:39,700][core.metrics.meter][INFO] - Meter:
SequenceAccuracy:	0.000
TokenAccuracy:	0.137
LengthAccuracy:	0.301
1st Token Accuracy:	0.059
2nd Token Accuracy:	0.020
Average Loss:	3.970
[2021-10-27 02:03:07,651][core.trainer][INFO] - Computing metrics for 'val' dataset
[2021-10-27 02:03:11,255][core.metrics.meter][INFO] - Meter:
SequenceAccuracy:	0.000
TokenAccuracy:	0.181
LengthAccuracy:	0.239
1st Token Accuracy:	0.193
2nd Token Accuracy:	0.086
Average Loss:	3.660
[2021-10-27 02:03:39,936][core.trainer][INFO] - Computing metrics for 'val' dataset
[2021-10-27 02:03:43,629][core.metrics.meter][INFO] - Meter:
SequenceAccuracy:	0.000
TokenAccuracy:	0.217
LengthAccuracy:	0.266
1st Token Accuracy:	0.283
2nd Token Accuracy:	0.126
Average Loss:	3.465
[2021-10-27 02:04:13,185][core.trainer][INFO] - Computing metrics for 'val' dataset
[2021-10-27 02:04:16,877][core.metrics.meter][INFO] - Meter:
SequenceAccuracy:	0.000
TokenAccuracy:	0.248
LengthAccuracy:	0.323
1st Token Accuracy:	0.346
2nd Token Accuracy:	0.167
Average Loss:	3.288
[2021-10-27 02:04:46,936][core.trainer][INFO] - Computing metrics for 'val' dataset
[2021-10-27 02:04:50,682][core.metrics.meter][INFO] - Meter:
SequenceAccuracy:	0.000
TokenAccuracy:	0.286
LengthAccuracy:	0.387
1st Token Accuracy:	0.443
2nd Token Accuracy:	0.219
Average Loss:	3.108
[2021-10-27 02:05:21,178][core.trainer][INFO] - Computing metrics for 'val' dataset
[2021-10-27 02:05:25,140][core.metrics.meter][INFO] - Meter:
SequenceAccuracy:	0.000
TokenAccuracy:	0.329
LengthAccuracy:	0.515
1st Token Accuracy:	0.496
2nd Token Accuracy:	0.280
Average Loss:	2.883
[2021-10-27 02:05:56,056][core.trainer][INFO] - Computing metrics for 'val' dataset
[2021-10-27 02:06:01,189][core.metrics.meter][INFO] - Meter:
SequenceAccuracy:	0.000
TokenAccuracy:	0.360
LengthAccuracy:	0.581
1st Token Accuracy:	0.539
2nd Token Accuracy:	0.333
Average Loss:	2.714
[2021-10-27 02:06:32,516][core.trainer][INFO] - Computing metrics for 'val' dataset
[2021-10-27 02:06:36,493][core.metrics.meter][INFO] - Meter:
SequenceAccuracy:	0.000
TokenAccuracy:	0.404
LengthAccuracy:	0.659
1st Token Accuracy:	0.565
2nd Token Accuracy:	0.375
Average Loss:	2.494
[2021-10-27 02:07:07,959][core.trainer][INFO] - Computing metrics for 'val' dataset
[2021-10-27 02:07:13,003][core.metrics.meter][INFO] - Meter:
SequenceAccuracy:	0.000
TokenAccuracy:	0.433
LengthAccuracy:	0.663
1st Token Accuracy:	0.596
2nd Token Accuracy:	0.429
Average Loss:	2.349
[2021-10-27 02:07:43,824][core.trainer][INFO] - Computing metrics for 'val' dataset
[2021-10-27 02:07:47,876][core.metrics.meter][INFO] - Meter:
SequenceAccuracy:	0.000
TokenAccuracy:	0.465
LengthAccuracy:	0.724
1st Token Accuracy:	0.621
2nd Token Accuracy:	0.466
Average Loss:	2.175
[2021-10-27 02:08:19,805][core.trainer][INFO] - Computing metrics for 'val' dataset
[2021-10-27 02:08:23,899][core.metrics.meter][INFO] - Meter:
SequenceAccuracy:	0.000
TokenAccuracy:	0.492
LengthAccuracy:	0.766
1st Token Accuracy:	0.649
2nd Token Accuracy:	0.497
Average Loss:	2.017
[2021-10-27 02:08:55,945][core.trainer][INFO] - Computing metrics for 'val' dataset
[2021-10-27 02:09:00,048][core.metrics.meter][INFO] - Meter:
SequenceAccuracy:	0.001
TokenAccuracy:	0.516
LengthAccuracy:	0.809
1st Token Accuracy:	0.669
2nd Token Accuracy:	0.508
Average Loss:	1.875
[2021-10-27 02:09:32,477][core.trainer][INFO] - Computing metrics for 'val' dataset
[2021-10-27 02:09:36,615][core.metrics.meter][INFO] - Meter:
SequenceAccuracy:	0.003
TokenAccuracy:	0.533
LengthAccuracy:	0.824
1st Token Accuracy:	0.683
2nd Token Accuracy:	0.526
Average Loss:	1.774
[2021-10-27 02:10:08,974][core.trainer][INFO] - Computing metrics for 'val' dataset
[2021-10-27 02:10:13,122][core.metrics.meter][INFO] - Meter:
SequenceAccuracy:	0.008
TokenAccuracy:	0.553
LengthAccuracy:	0.861
1st Token Accuracy:	0.708
2nd Token Accuracy:	0.551
Average Loss:	1.655
[2021-10-27 02:10:45,656][core.trainer][INFO] - Computing metrics for 'val' dataset
[2021-10-27 02:10:49,853][core.metrics.meter][INFO] - Meter:
SequenceAccuracy:	0.010
TokenAccuracy:	0.572
LengthAccuracy:	0.877
1st Token Accuracy:	0.731
2nd Token Accuracy:	0.566
Average Loss:	1.571
[2021-10-27 02:11:22,520][core.trainer][INFO] - Computing metrics for 'val' dataset
[2021-10-27 02:11:26,653][core.metrics.meter][INFO] - Meter:
SequenceAccuracy:	0.014
TokenAccuracy:	0.591
LengthAccuracy:	0.888
1st Token Accuracy:	0.751
2nd Token Accuracy:	0.589
Average Loss:	1.470
[2021-10-27 02:11:59,314][core.trainer][INFO] - Computing metrics for 'val' dataset
[2021-10-27 02:12:04,622][core.metrics.meter][INFO] - Meter:
SequenceAccuracy:	0.025
TokenAccuracy:	0.611
LengthAccuracy:	0.913
1st Token Accuracy:	0.774
2nd Token Accuracy:	0.621
Average Loss:	1.389
[2021-10-27 02:12:37,390][core.trainer][INFO] - Computing metrics for 'val' dataset
[2021-10-27 02:12:41,585][core.metrics.meter][INFO] - Meter:
SequenceAccuracy:	0.037
TokenAccuracy:	0.632
LengthAccuracy:	0.948
1st Token Accuracy:	0.799
2nd Token Accuracy:	0.655
Average Loss:	1.301
[2021-10-27 02:13:14,337][core.trainer][INFO] - Computing metrics for 'val' dataset
[2021-10-27 02:13:18,502][core.metrics.meter][INFO] - Meter:
SequenceAccuracy:	0.049
TokenAccuracy:	0.656
LengthAccuracy:	0.944
1st Token Accuracy:	0.836
2nd Token Accuracy:	0.695
Average Loss:	1.234
[2021-10-27 02:13:51,227][core.trainer][INFO] - Computing metrics for 'val' dataset
[2021-10-27 02:13:55,390][core.metrics.meter][INFO] - Meter:
SequenceAccuracy:	0.067
TokenAccuracy:	0.681
LengthAccuracy:	0.964
1st Token Accuracy:	0.881
2nd Token Accuracy:	0.749
Average Loss:	1.150
[2021-10-27 02:13:55,656][core.trainer][INFO] - Computing metrics for 'test' dataset
[2021-10-27 02:14:36,183][core.metrics.meter][INFO] - Meter:
SequenceAccuracy:	0.075
TokenAccuracy:	0.675
LengthAccuracy:	0.983
1st Token Accuracy:	0.887
2nd Token Accuracy:	0.766
Average Loss:	1.175
[2021-10-27 02:14:36,183][core.trainer][INFO] - Computing metrics for 'gen' dataset
[2021-10-27 02:15:27,438][core.metrics.meter][INFO] - Meter:
SequenceAccuracy:	0.000
TokenAccuracy:	0.364
LengthAccuracy:	0.789
1st Token Accuracy:	0.442
2nd Token Accuracy:	0.453
Average Loss:	2.646
[2021-10-27 02:15:27,438][core.trainer][INFO] - EPOCH 2 / 50
[2021-10-27 02:15:27,439][core.trainer][INFO] - Computing metrics for 'train' dataset
[2021-10-27 02:15:59,967][core.trainer][INFO] - Computing metrics for 'val' dataset
[2021-10-27 02:16:05,288][core.metrics.meter][INFO] - Meter:
SequenceAccuracy:	0.092
TokenAccuracy:	0.711
LengthAccuracy:	0.975
1st Token Accuracy:	0.916
2nd Token Accuracy:	0.814
Average Loss:	1.066
[2021-10-27 02:16:38,057][core.trainer][INFO] - Computing metrics for 'val' dataset
[2021-10-27 02:16:42,260][core.metrics.meter][INFO] - Meter:
SequenceAccuracy:	0.115
TokenAccuracy:	0.737
LengthAccuracy:	0.980
1st Token Accuracy:	0.942
2nd Token Accuracy:	0.870
Average Loss:	0.989
[2021-10-27 02:17:14,975][core.trainer][INFO] - Computing metrics for 'val' dataset
[2021-10-27 02:17:20,304][core.metrics.meter][INFO] - Meter:
SequenceAccuracy:	0.142
TokenAccuracy:	0.763
LengthAccuracy:	0.980
1st Token Accuracy:	0.970
2nd Token Accuracy:	0.909
Average Loss:	0.913
[2021-10-27 02:17:53,157][core.trainer][INFO] - Computing metrics for 'val' dataset
[2021-10-27 02:17:57,362][core.metrics.meter][INFO] - Meter:
SequenceAccuracy:	0.179
TokenAccuracy:	0.794
LengthAccuracy:	0.983
1st Token Accuracy:	0.985
2nd Token Accuracy:	0.943
Average Loss:	0.826
[2021-10-27 02:18:30,184][core.trainer][INFO] - Computing metrics for 'val' dataset
[2021-10-27 02:18:34,348][core.metrics.meter][INFO] - Meter:
SequenceAccuracy:	0.228
TokenAccuracy:	0.823
LengthAccuracy:	0.984
1st Token Accuracy:	0.992
2nd Token Accuracy:	0.965
Average Loss:	0.742
[2021-10-27 02:19:07,215][core.trainer][INFO] - Computing metrics for 'val' dataset
[2021-10-27 02:19:11,403][core.metrics.meter][INFO] - Meter:
SequenceAccuracy:	0.285
TokenAccuracy:	0.848
LengthAccuracy:	0.984
1st Token Accuracy:	0.996
2nd Token Accuracy:	0.975
Average Loss:	0.670
[2021-10-27 02:19:44,216][core.trainer][INFO] - Computing metrics for 'val' dataset
[2021-10-27 02:19:48,380][core.metrics.meter][INFO] - Meter:
SequenceAccuracy:	0.357
TokenAccuracy:	0.874
LengthAccuracy:	0.987
1st Token Accuracy:	0.998
2nd Token Accuracy:	0.986
Average Loss:	0.590
[2021-10-27 02:20:21,279][core.trainer][INFO] - Computing metrics for 'val' dataset
[2021-10-27 02:20:26,601][core.metrics.meter][INFO] - Meter:
SequenceAccuracy:	0.418
TokenAccuracy:	0.896
LengthAccuracy:	0.985
1st Token Accuracy:	1.000
2nd Token Accuracy:	0.988
Average Loss:	0.521
[2021-10-27 02:20:59,500][core.trainer][INFO] - Computing metrics for 'val' dataset
[2021-10-27 02:21:03,708][core.metrics.meter][INFO] - Meter:
SequenceAccuracy:	0.482
TokenAccuracy:	0.918
LengthAccuracy:	0.983
1st Token Accuracy:	0.999
2nd Token Accuracy:	0.994
Average Loss:	0.456
[2021-10-27 02:21:36,574][core.trainer][INFO] - Computing metrics for 'val' dataset
[2021-10-27 02:21:40,769][core.metrics.meter][INFO] - Meter:
SequenceAccuracy:	0.560
TokenAccuracy:	0.933
LengthAccuracy:	0.986
1st Token Accuracy:	1.000
2nd Token Accuracy:	0.995
Average Loss:	0.396
[2021-10-27 02:22:13,681][core.trainer][INFO] - Computing metrics for 'val' dataset
[2021-10-27 02:22:17,849][core.metrics.meter][INFO] - Meter:
SequenceAccuracy:	0.615
TokenAccuracy:	0.944
LengthAccuracy:	0.986
1st Token Accuracy:	1.000
2nd Token Accuracy:	0.996
Average Loss:	0.353
[2021-10-27 02:22:50,654][core.trainer][INFO] - Computing metrics for 'val' dataset
[2021-10-27 02:22:54,814][core.metrics.meter][INFO] - Meter:
SequenceAccuracy:	0.670
TokenAccuracy:	0.957
LengthAccuracy:	0.984
1st Token Accuracy:	1.000
2nd Token Accuracy:	0.996
Average Loss:	0.306
[2021-10-27 02:23:27,691][core.trainer][INFO] - Computing metrics for 'val' dataset
[2021-10-27 02:23:31,846][core.metrics.meter][INFO] - Meter:
SequenceAccuracy:	0.717
TokenAccuracy:	0.965
LengthAccuracy:	0.983
1st Token Accuracy:	1.000
2nd Token Accuracy:	0.998
Average Loss:	0.273
[2021-10-27 02:24:04,861][core.trainer][INFO] - Computing metrics for 'val' dataset
[2021-10-27 02:24:09,062][core.metrics.meter][INFO] - Meter:
SequenceAccuracy:	0.745
TokenAccuracy:	0.970
LengthAccuracy:	0.984
1st Token Accuracy:	1.000
2nd Token Accuracy:	0.999
Average Loss:	0.253
[2021-10-27 02:24:41,807][core.trainer][INFO] - Computing metrics for 'val' dataset
[2021-10-27 02:24:47,129][core.metrics.meter][INFO] - Meter:
SequenceAccuracy:	0.786
TokenAccuracy:	0.976
LengthAccuracy:	0.986
1st Token Accuracy:	1.000
2nd Token Accuracy:	0.999
Average Loss:	0.218
[2021-10-27 02:25:20,025][core.trainer][INFO] - Computing metrics for 'val' dataset
[2021-10-27 02:25:24,199][core.metrics.meter][INFO] - Meter:
SequenceAccuracy:	0.816
TokenAccuracy:	0.980
LengthAccuracy:	0.986
1st Token Accuracy:	1.000
2nd Token Accuracy:	1.000
Average Loss:	0.200
[2021-10-27 02:25:57,083][core.trainer][INFO] - Computing metrics for 'val' dataset
[2021-10-27 02:26:02,414][core.metrics.meter][INFO] - Meter:
SequenceAccuracy:	0.840
TokenAccuracy:	0.983
LengthAccuracy:	0.985
1st Token Accuracy:	1.000
2nd Token Accuracy:	0.999
Average Loss:	0.185
[2021-10-27 02:26:35,322][core.trainer][INFO] - Computing metrics for 'val' dataset
[2021-10-27 02:26:40,640][core.metrics.meter][INFO] - Meter:
SequenceAccuracy:	0.859
TokenAccuracy:	0.986
LengthAccuracy:	0.983
1st Token Accuracy:	1.000
2nd Token Accuracy:	0.999
Average Loss:	0.169
[2021-10-27 02:27:13,595][core.trainer][INFO] - Computing metrics for 'val' dataset
[2021-10-27 02:27:18,919][core.metrics.meter][INFO] - Meter:
SequenceAccuracy:	0.884
TokenAccuracy:	0.989
LengthAccuracy:	0.982
1st Token Accuracy:	1.000
2nd Token Accuracy:	1.000
Average Loss:	0.159
[2021-10-27 02:27:51,764][core.trainer][INFO] - Computing metrics for 'val' dataset
[2021-10-27 02:27:57,093][core.metrics.meter][INFO] - Meter:
SequenceAccuracy:	0.904
TokenAccuracy:	0.991
LengthAccuracy:	0.986
1st Token Accuracy:	1.000
2nd Token Accuracy:	1.000
Average Loss:	0.136
[2021-10-27 02:27:57,391][core.trainer][INFO] - Computing metrics for 'test' dataset
[2021-10-27 02:28:49,301][core.metrics.meter][INFO] - Meter:
SequenceAccuracy:	0.913
TokenAccuracy:	0.992
LengthAccuracy:	0.984
1st Token Accuracy:	1.000
2nd Token Accuracy:	1.000
Average Loss:	0.136
[2021-10-27 02:28:49,301][core.trainer][INFO] - Computing metrics for 'gen' dataset
[2021-10-27 02:29:55,819][core.metrics.meter][INFO] - Meter:
SequenceAccuracy:	0.000
TokenAccuracy:	0.472
LengthAccuracy:	0.945
1st Token Accuracy:	0.290
2nd Token Accuracy:	0.229
Average Loss:	2.771
[2021-10-27 02:29:55,820][core.trainer][INFO] - EPOCH 3 / 50
[2021-10-27 02:29:55,820][core.trainer][INFO] - Computing metrics for 'train' dataset
[2021-10-27 02:30:28,592][core.trainer][INFO] - Computing metrics for 'val' dataset
[2021-10-27 02:30:32,797][core.metrics.meter][INFO] - Meter:
SequenceAccuracy:	0.917
TokenAccuracy:	0.993
LengthAccuracy:	0.985
1st Token Accuracy:	1.000
2nd Token Accuracy:	1.000
Average Loss:	0.132
[2021-10-27 02:31:05,726][core.trainer][INFO] - Computing metrics for 'val' dataset
[2021-10-27 02:31:09,893][core.metrics.meter][INFO] - Meter:
SequenceAccuracy:	0.935
TokenAccuracy:	0.994
LengthAccuracy:	0.987
1st Token Accuracy:	1.000
2nd Token Accuracy:	1.000
Average Loss:	0.117
[2021-10-27 02:31:42,781][core.trainer][INFO] - Computing metrics for 'val' dataset
[2021-10-27 02:31:46,944][core.metrics.meter][INFO] - Meter:
SequenceAccuracy:	0.943
TokenAccuracy:	0.996
LengthAccuracy:	0.985
1st Token Accuracy:	1.000
2nd Token Accuracy:	1.000
Average Loss:	0.113
[2021-10-27 02:32:19,867][core.trainer][INFO] - Computing metrics for 'val' dataset
[2021-10-27 02:32:24,031][core.metrics.meter][INFO] - Meter:
SequenceAccuracy:	0.949
TokenAccuracy:	0.996
LengthAccuracy:	0.983
1st Token Accuracy:	1.000
2nd Token Accuracy:	1.000
Average Loss:	0.107
[2021-10-27 02:32:56,875][core.trainer][INFO] - Computing metrics for 'val' dataset
[2021-10-27 02:33:01,047][core.metrics.meter][INFO] - Meter:
SequenceAccuracy:	0.958
TokenAccuracy:	0.998
LengthAccuracy:	0.982
1st Token Accuracy:	1.000
2nd Token Accuracy:	1.000
Average Loss:	0.098
[2021-10-27 02:33:34,014][core.trainer][INFO] - Computing metrics for 'val' dataset
[2021-10-27 02:33:38,224][core.metrics.meter][INFO] - Meter:
SequenceAccuracy:	0.961
TokenAccuracy:	0.998
LengthAccuracy:	0.982
1st Token Accuracy:	1.000
2nd Token Accuracy:	1.000
Average Loss:	0.094
[2021-10-27 02:34:11,289][core.trainer][INFO] - Computing metrics for 'val' dataset
[2021-10-27 02:34:15,489][core.metrics.meter][INFO] - Meter:
SequenceAccuracy:	0.968
TokenAccuracy:	0.998
LengthAccuracy:	0.984
1st Token Accuracy:	1.000
2nd Token Accuracy:	1.000
Average Loss:	0.085
[2021-10-27 02:34:48,366][core.trainer][INFO] - Computing metrics for 'val' dataset
[2021-10-27 02:34:52,527][core.metrics.meter][INFO] - Meter:
SequenceAccuracy:	0.970
TokenAccuracy:	0.999
LengthAccuracy:	0.981
1st Token Accuracy:	1.000
2nd Token Accuracy:	1.000
Average Loss:	0.086
[2021-10-27 02:35:25,528][core.trainer][INFO] - Computing metrics for 'val' dataset
[2021-10-27 02:35:29,696][core.metrics.meter][INFO] - Meter:
SequenceAccuracy:	0.973
TokenAccuracy:	0.999
LengthAccuracy:	0.982
1st Token Accuracy:	1.000
2nd Token Accuracy:	1.000
Average Loss:	0.081
[2021-10-27 02:35:29,801][core.early_stopping][INFO] - Early stopping counter: 1 / 5
[2021-10-27 02:35:29,851][core.early_stopping][INFO] - Pausing model saving until validation loss decreases by 0.0001
[2021-10-27 02:36:02,455][core.trainer][INFO] - Computing metrics for 'val' dataset
[2021-10-27 02:36:06,622][core.metrics.meter][INFO] - Meter:
SequenceAccuracy:	0.978
TokenAccuracy:	0.999
LengthAccuracy:	0.986
1st Token Accuracy:	1.000
2nd Token Accuracy:	1.000
Average Loss:	0.067
[2021-10-27 02:36:39,570][core.trainer][INFO] - Computing metrics for 'val' dataset
[2021-10-27 02:36:44,893][core.metrics.meter][INFO] - Meter:
SequenceAccuracy:	0.978
TokenAccuracy:	0.999
LengthAccuracy:	0.983
1st Token Accuracy:	1.000
2nd Token Accuracy:	1.000
Average Loss:	0.071
[2021-10-27 02:37:17,839][core.trainer][INFO] - Computing metrics for 'val' dataset
[2021-10-27 02:37:23,162][core.metrics.meter][INFO] - Meter:
SequenceAccuracy:	0.976
TokenAccuracy:	0.999
LengthAccuracy:	0.983
1st Token Accuracy:	1.000
2nd Token Accuracy:	1.000
Average Loss:	0.066
[2021-10-27 02:37:56,103][core.trainer][INFO] - Computing metrics for 'val' dataset
[2021-10-27 02:38:00,277][core.metrics.meter][INFO] - Meter:
SequenceAccuracy:	0.982
TokenAccuracy:	1.000
LengthAccuracy:	0.985
1st Token Accuracy:	1.000
2nd Token Accuracy:	1.000
Average Loss:	0.061
[2021-10-27 02:38:00,400][core.early_stopping][INFO] - Early stopping counter: 1 / 5
[2021-10-27 02:38:00,450][core.early_stopping][INFO] - Pausing model saving until validation loss decreases by 0.0001
[2021-10-27 02:38:33,011][core.trainer][INFO] - Computing metrics for 'val' dataset
[2021-10-27 02:38:37,174][core.metrics.meter][INFO] - Meter:
SequenceAccuracy:	0.982
TokenAccuracy:	1.000
LengthAccuracy:	0.986
1st Token Accuracy:	1.000
2nd Token Accuracy:	1.000
Average Loss:	0.057
[2021-10-27 02:38:37,323][core.early_stopping][INFO] - Early stopping counter: 2 / 5
[2021-10-27 02:38:37,323][core.early_stopping][INFO] - Pausing model saving until validation loss decreases by 0.0001
[2021-10-27 02:39:09,809][core.trainer][INFO] - Computing metrics for 'val' dataset
[2021-10-27 02:39:13,969][core.metrics.meter][INFO] - Meter:
SequenceAccuracy:	0.985
TokenAccuracy:	1.000
LengthAccuracy:	0.987
1st Token Accuracy:	1.000
2nd Token Accuracy:	1.000
Average Loss:	0.055
[2021-10-27 02:39:46,794][core.trainer][INFO] - Computing metrics for 'val' dataset
[2021-10-27 02:39:50,991][core.metrics.meter][INFO] - Meter:
SequenceAccuracy:	0.980
TokenAccuracy:	1.000
LengthAccuracy:	0.983
1st Token Accuracy:	1.000
2nd Token Accuracy:	1.000
Average Loss:	0.060
[2021-10-27 02:39:51,115][core.early_stopping][INFO] - Early stopping counter: 1 / 5
[2021-10-27 02:39:51,165][core.early_stopping][INFO] - Pausing model saving until validation loss decreases by 0.0001
[2021-10-27 02:40:23,752][core.trainer][INFO] - Computing metrics for 'val' dataset
[2021-10-27 02:40:27,947][core.metrics.meter][INFO] - Meter:
SequenceAccuracy:	0.980
TokenAccuracy:	1.000
LengthAccuracy:	0.983
1st Token Accuracy:	1.000
2nd Token Accuracy:	1.000
Average Loss:	0.057
[2021-10-27 02:40:28,047][core.early_stopping][INFO] - Early stopping counter: 2 / 5
[2021-10-27 02:40:28,097][core.early_stopping][INFO] - Pausing model saving until validation loss decreases by 0.0001
[2021-10-27 02:41:00,691][core.trainer][INFO] - Computing metrics for 'val' dataset
[2021-10-27 02:41:04,863][core.metrics.meter][INFO] - Meter:
SequenceAccuracy:	0.982
TokenAccuracy:	1.000
LengthAccuracy:	0.984
1st Token Accuracy:	1.000
2nd Token Accuracy:	1.000
Average Loss:	0.057
[2021-10-27 02:41:37,795][core.trainer][INFO] - Computing metrics for 'val' dataset
[2021-10-27 02:41:41,963][core.metrics.meter][INFO] - Meter:
SequenceAccuracy:	0.980
TokenAccuracy:	1.000
LengthAccuracy:	0.982
1st Token Accuracy:	1.000
2nd Token Accuracy:	1.000
Average Loss:	0.059
[2021-10-27 02:42:15,057][core.trainer][INFO] - Computing metrics for 'val' dataset
[2021-10-27 02:42:19,249][core.metrics.meter][INFO] - Meter:
SequenceAccuracy:	0.984
TokenAccuracy:	1.000
LengthAccuracy:	0.986
1st Token Accuracy:	1.000
2nd Token Accuracy:	1.000
Average Loss:	0.050
[2021-10-27 02:42:19,544][core.trainer][INFO] - Computing metrics for 'test' dataset
[2021-10-27 02:43:00,369][core.metrics.meter][INFO] - Meter:
SequenceAccuracy:	0.985
TokenAccuracy:	1.000
LengthAccuracy:	0.985
1st Token Accuracy:	1.000
2nd Token Accuracy:	1.000
Average Loss:	0.051
[2021-10-27 02:43:00,369][core.trainer][INFO] - Computing metrics for 'gen' dataset
[2021-10-27 02:43:52,582][core.metrics.meter][INFO] - Meter:
SequenceAccuracy:	0.000
TokenAccuracy:	0.378
LengthAccuracy:	0.916
1st Token Accuracy:	0.243
2nd Token Accuracy:	0.117
Average Loss:	3.982
[2021-10-27 02:43:52,583][core.trainer][INFO] - EPOCH 4 / 50
[2021-10-27 02:43:52,583][core.trainer][INFO] - Computing metrics for 'train' dataset
[2021-10-27 02:44:25,264][core.trainer][INFO] - Computing metrics for 'val' dataset
[2021-10-27 02:44:29,429][core.metrics.meter][INFO] - Meter:
SequenceAccuracy:	0.983
TokenAccuracy:	1.000
LengthAccuracy:	0.984
1st Token Accuracy:	1.000
2nd Token Accuracy:	1.000
Average Loss:	0.050
[2021-10-27 02:44:29,545][core.early_stopping][INFO] - Early stopping counter: 1 / 5
[2021-10-27 02:44:29,594][core.early_stopping][INFO] - Pausing model saving until validation loss decreases by 0.0001
[2021-10-27 02:45:02,152][core.trainer][INFO] - Computing metrics for 'val' dataset
[2021-10-27 02:45:06,313][core.metrics.meter][INFO] - Meter:
SequenceAccuracy:	0.983
TokenAccuracy:	1.000
LengthAccuracy:	0.984
1st Token Accuracy:	1.000
2nd Token Accuracy:	1.000
Average Loss:	0.049
[2021-10-27 02:45:39,062][core.trainer][INFO] - Computing metrics for 'val' dataset
[2021-10-27 02:45:43,272][core.metrics.meter][INFO] - Meter:
SequenceAccuracy:	0.984
TokenAccuracy:	1.000
LengthAccuracy:	0.985
1st Token Accuracy:	1.000
2nd Token Accuracy:	1.000
Average Loss:	0.046
[2021-10-27 02:46:16,284][core.trainer][INFO] - Computing metrics for 'val' dataset
[2021-10-27 02:46:20,459][core.metrics.meter][INFO] - Meter:
SequenceAccuracy:	0.982
TokenAccuracy:	1.000
LengthAccuracy:	0.983
1st Token Accuracy:	1.000
2nd Token Accuracy:	1.000
Average Loss:	0.051
[2021-10-27 02:46:20,578][core.early_stopping][INFO] - Early stopping counter: 1 / 5
[2021-10-27 02:46:20,627][core.early_stopping][INFO] - Pausing model saving until validation loss decreases by 0.0001
[2021-10-27 02:46:53,162][core.trainer][INFO] - Computing metrics for 'val' dataset
[2021-10-27 02:46:57,336][core.metrics.meter][INFO] - Meter:
SequenceAccuracy:	0.984
TokenAccuracy:	1.000
LengthAccuracy:	0.985
1st Token Accuracy:	1.000
2nd Token Accuracy:	1.000
Average Loss:	0.044
[2021-10-27 02:46:57,436][core.early_stopping][INFO] - Early stopping counter: 2 / 5
[2021-10-27 02:46:57,486][core.early_stopping][INFO] - Pausing model saving until validation loss decreases by 0.0001
[2021-10-27 02:47:30,112][core.trainer][INFO] - Computing metrics for 'val' dataset
[2021-10-27 02:47:34,273][core.metrics.meter][INFO] - Meter:
SequenceAccuracy:	0.985
TokenAccuracy:	1.000
LengthAccuracy:	0.985
1st Token Accuracy:	1.000
2nd Token Accuracy:	1.000
Average Loss:	0.044
[2021-10-27 02:48:07,151][core.trainer][INFO] - Computing metrics for 'val' dataset
[2021-10-27 02:48:11,357][core.metrics.meter][INFO] - Meter:
SequenceAccuracy:	0.983
TokenAccuracy:	1.000
LengthAccuracy:	0.983
1st Token Accuracy:	1.000
2nd Token Accuracy:	1.000
Average Loss:	0.046
[2021-10-27 02:48:11,474][core.early_stopping][INFO] - Early stopping counter: 1 / 5
[2021-10-27 02:48:11,524][core.early_stopping][INFO] - Pausing model saving until validation loss decreases by 0.0001
[2021-10-27 02:48:44,240][core.trainer][INFO] - Computing metrics for 'val' dataset
[2021-10-27 02:48:48,401][core.metrics.meter][INFO] - Meter:
SequenceAccuracy:	0.985
TokenAccuracy:	1.000
LengthAccuracy:	0.985
1st Token Accuracy:	1.000
2nd Token Accuracy:	1.000
Average Loss:	0.040
[2021-10-27 02:48:48,504][core.early_stopping][INFO] - Early stopping counter: 2 / 5
[2021-10-27 02:48:48,553][core.early_stopping][INFO] - Pausing model saving until validation loss decreases by 0.0001
[2021-10-27 02:49:21,258][core.trainer][INFO] - Computing metrics for 'val' dataset
[2021-10-27 02:49:25,426][core.metrics.meter][INFO] - Meter:
SequenceAccuracy:	0.986
TokenAccuracy:	1.000
LengthAccuracy:	0.986
1st Token Accuracy:	1.000
2nd Token Accuracy:	1.000
Average Loss:	0.040
[2021-10-27 02:49:25,570][core.early_stopping][INFO] - Early stopping counter: 3 / 5
[2021-10-27 02:49:25,571][core.early_stopping][INFO] - Pausing model saving until validation loss decreases by 0.0001
[2021-10-27 02:49:58,070][core.trainer][INFO] - Computing metrics for 'val' dataset
[2021-10-27 02:50:03,393][core.metrics.meter][INFO] - Meter:
SequenceAccuracy:	0.985
TokenAccuracy:	1.000
LengthAccuracy:	0.985
1st Token Accuracy:	1.000
2nd Token Accuracy:	1.000
Average Loss:	0.040
[2021-10-27 02:50:03,514][core.early_stopping][INFO] - Early stopping counter: 4 / 5
[2021-10-27 02:50:03,564][core.early_stopping][INFO] - Pausing model saving until validation loss decreases by 0.0001
[2021-10-27 02:50:36,189][core.trainer][INFO] - Computing metrics for 'val' dataset
[2021-10-27 02:50:41,510][core.metrics.meter][INFO] - Meter:
SequenceAccuracy:	0.983
TokenAccuracy:	1.000
LengthAccuracy:	0.983
1st Token Accuracy:	1.000
2nd Token Accuracy:	1.000
Average Loss:	0.045
[2021-10-27 02:50:41,610][core.early_stopping][INFO] - Early stopping counter: 5 / 5
[2021-10-27 02:50:41,660][core.early_stopping][INFO] - Pausing model saving until validation loss decreases by 0.0001
[2021-10-27 02:50:41,660][core.trainer][INFO] - Computing metrics for 'test' dataset
[2021-10-27 02:51:33,555][core.metrics.meter][INFO] - Meter:
SequenceAccuracy:	0.983
TokenAccuracy:	1.000
LengthAccuracy:	0.983
1st Token Accuracy:	1.000
2nd Token Accuracy:	1.000
Average Loss:	0.048
[2021-10-27 02:51:33,556][core.trainer][INFO] - Computing metrics for 'gen' dataset
[2021-10-27 02:52:40,008][core.metrics.meter][INFO] - Meter:
SequenceAccuracy:	0.000
TokenAccuracy:	0.350
LengthAccuracy:	0.933
1st Token Accuracy:	0.240
2nd Token Accuracy:	0.100
Average Loss:	4.433
[2021-10-27 02:52:40,008][core.trainer][INFO] - EPOCH 5 / 50
[2021-10-27 02:52:40,008][core.trainer][INFO] - Computing metrics for 'train' dataset
[2021-10-27 02:53:12,646][core.trainer][INFO] - Computing metrics for 'val' dataset
[2021-10-27 02:53:16,851][core.metrics.meter][INFO] - Meter:
SequenceAccuracy:	0.985
TokenAccuracy:	1.000
LengthAccuracy:	0.985
1st Token Accuracy:	1.000
2nd Token Accuracy:	1.000
Average Loss:	0.041
[2021-10-27 02:53:16,954][core.early_stopping][INFO] - Early stopping counter: 6 / 5
[2021-10-27 02:53:17,004][core.early_stopping][INFO] - Pausing model saving until validation loss decreases by 0.0001
[2021-10-27 02:53:17,004][core.trainer][INFO] - Computing metrics for 'test' dataset
[2021-10-27 02:53:57,849][core.metrics.meter][INFO] - Meter:
SequenceAccuracy:	0.983
TokenAccuracy:	1.000
LengthAccuracy:	0.983
1st Token Accuracy:	1.000
2nd Token Accuracy:	1.000
Average Loss:	0.047
[2021-10-27 02:53:57,849][core.trainer][INFO] - Computing metrics for 'gen' dataset
[2021-10-27 02:54:50,143][core.metrics.meter][INFO] - Meter:
SequenceAccuracy:	0.000
TokenAccuracy:	0.343
LengthAccuracy:	0.938
1st Token Accuracy:	0.237
2nd Token Accuracy:	0.097
Average Loss:	4.500
[2021-10-27 02:54:50,143][core.trainer][INFO] - EPOCH 6 / 50
[2021-10-27 02:54:50,143][core.trainer][INFO] - Computing metrics for 'train' dataset
[2021-10-27 02:55:22,903][core.trainer][INFO] - Computing metrics for 'val' dataset
[2021-10-27 02:55:27,076][core.metrics.meter][INFO] - Meter:
SequenceAccuracy:	0.983
TokenAccuracy:	1.000
LengthAccuracy:	0.984
1st Token Accuracy:	1.000
2nd Token Accuracy:	1.000
Average Loss:	0.041
[2021-10-27 02:55:27,188][core.early_stopping][INFO] - Early stopping counter: 7 / 5
[2021-10-27 02:55:27,238][core.early_stopping][INFO] - Pausing model saving until validation loss decreases by 0.0001
[2021-10-27 02:55:27,238][core.trainer][INFO] - Computing metrics for 'test' dataset
[2021-10-27 02:56:07,751][core.metrics.meter][INFO] - Meter:
SequenceAccuracy:	0.984
TokenAccuracy:	1.000
LengthAccuracy:	0.984
1st Token Accuracy:	1.000
2nd Token Accuracy:	1.000
Average Loss:	0.042
[2021-10-27 02:56:07,751][core.trainer][INFO] - Computing metrics for 'gen' dataset
[2021-10-27 02:56:59,628][core.metrics.meter][INFO] - Meter:
SequenceAccuracy:	0.000
TokenAccuracy:	0.344
LengthAccuracy:	0.940
1st Token Accuracy:	0.240
2nd Token Accuracy:	0.094
Average Loss:	4.503
[2021-10-27 02:56:59,628][core.trainer][INFO] - EPOCH 7 / 50
[2021-10-27 02:56:59,628][core.trainer][INFO] - Computing metrics for 'train' dataset
[2021-10-27 02:57:32,334][core.trainer][INFO] - Computing metrics for 'val' dataset
[2021-10-27 02:57:36,506][core.metrics.meter][INFO] - Meter:
SequenceAccuracy:	0.983
TokenAccuracy:	1.000
LengthAccuracy:	0.983
1st Token Accuracy:	1.000
2nd Token Accuracy:	1.000
Average Loss:	0.043
[2021-10-27 02:57:36,608][core.early_stopping][INFO] - Early stopping counter: 8 / 5
[2021-10-27 02:57:36,658][core.early_stopping][INFO] - Pausing model saving until validation loss decreases by 0.0001
[2021-10-27 02:57:36,658][core.trainer][INFO] - Computing metrics for 'test' dataset
[2021-10-27 02:58:17,128][core.metrics.meter][INFO] - Meter:
SequenceAccuracy:	0.985
TokenAccuracy:	1.000
LengthAccuracy:	0.985
1st Token Accuracy:	1.000
2nd Token Accuracy:	1.000
Average Loss:	0.039
[2021-10-27 02:58:17,128][core.trainer][INFO] - Computing metrics for 'gen' dataset
[2021-10-27 02:59:08,993][core.metrics.meter][INFO] - Meter:
SequenceAccuracy:	0.000
TokenAccuracy:	0.343
LengthAccuracy:	0.939
1st Token Accuracy:	0.242
2nd Token Accuracy:	0.094
Average Loss:	4.528
[2021-10-27 02:59:08,993][core.trainer][INFO] - EPOCH 8 / 50
[2021-10-27 02:59:08,993][core.trainer][INFO] - Computing metrics for 'train' dataset
[2021-10-27 02:59:41,631][core.trainer][INFO] - Computing metrics for 'val' dataset
[2021-10-27 02:59:45,843][core.metrics.meter][INFO] - Meter:
SequenceAccuracy:	0.981
TokenAccuracy:	1.000
LengthAccuracy:	0.982
1st Token Accuracy:	1.000
2nd Token Accuracy:	1.000
Average Loss:	0.046
[2021-10-27 02:59:45,958][core.early_stopping][INFO] - Early stopping counter: 9 / 5
[2021-10-27 02:59:46,008][core.early_stopping][INFO] - Pausing model saving until validation loss decreases by 0.0001
[2021-10-27 02:59:46,008][core.trainer][INFO] - Computing metrics for 'test' dataset
[2021-10-27 03:00:26,877][core.metrics.meter][INFO] - Meter:
SequenceAccuracy:	0.982
TokenAccuracy:	1.000
LengthAccuracy:	0.982
1st Token Accuracy:	1.000
2nd Token Accuracy:	1.000
Average Loss:	0.050
[2021-10-27 03:00:26,877][core.trainer][INFO] - Computing metrics for 'gen' dataset
[2021-10-27 03:01:19,294][core.metrics.meter][INFO] - Meter:
SequenceAccuracy:	0.000
TokenAccuracy:	0.341
LengthAccuracy:	0.941
1st Token Accuracy:	0.240
2nd Token Accuracy:	0.095
Average Loss:	4.572
[2021-10-27 03:01:19,294][core.trainer][INFO] - EPOCH 9 / 50
[2021-10-27 03:01:19,294][core.trainer][INFO] - Computing metrics for 'train' dataset
[2021-10-27 03:01:52,089][core.trainer][INFO] - Computing metrics for 'val' dataset
[2021-10-27 03:01:57,413][core.metrics.meter][INFO] - Meter:
SequenceAccuracy:	0.985
TokenAccuracy:	1.000
LengthAccuracy:	0.985
1st Token Accuracy:	1.000
2nd Token Accuracy:	1.000
Average Loss:	0.040
[2021-10-27 03:02:30,343][core.trainer][INFO] - Computing metrics for 'val' dataset
[2021-10-27 03:02:34,514][core.metrics.meter][INFO] - Meter:
SequenceAccuracy:	0.985
TokenAccuracy:	1.000
LengthAccuracy:	0.985
1st Token Accuracy:	1.000
2nd Token Accuracy:	1.000
Average Loss:	0.036
[2021-10-27 03:03:07,395][core.trainer][INFO] - Computing metrics for 'val' dataset
[2021-10-27 03:03:11,557][core.metrics.meter][INFO] - Meter:
SequenceAccuracy:	0.983
TokenAccuracy:	1.000
LengthAccuracy:	0.983
1st Token Accuracy:	1.000
2nd Token Accuracy:	1.000
Average Loss:	0.045
[2021-10-27 03:03:11,726][core.early_stopping][INFO] - Early stopping counter: 1 / 5
[2021-10-27 03:03:11,726][core.early_stopping][INFO] - Pausing model saving until validation loss decreases by 0.0001
[2021-10-27 03:03:44,184][core.trainer][INFO] - Computing metrics for 'val' dataset
[2021-10-27 03:03:49,501][core.metrics.meter][INFO] - Meter:
SequenceAccuracy:	0.983
TokenAccuracy:	1.000
LengthAccuracy:	0.983
1st Token Accuracy:	1.000
2nd Token Accuracy:	1.000
Average Loss:	0.045
[2021-10-27 03:04:22,396][core.trainer][INFO] - Computing metrics for 'val' dataset
[2021-10-27 03:04:26,568][core.metrics.meter][INFO] - Meter:
SequenceAccuracy:	0.982
TokenAccuracy:	1.000
LengthAccuracy:	0.982
1st Token Accuracy:	1.000
2nd Token Accuracy:	1.000
Average Loss:	0.047
[2021-10-27 03:04:26,675][core.early_stopping][INFO] - Early stopping counter: 1 / 5
[2021-10-27 03:04:26,725][core.early_stopping][INFO] - Pausing model saving until validation loss decreases by 0.0001
[2021-10-27 03:04:59,300][core.trainer][INFO] - Computing metrics for 'val' dataset
[2021-10-27 03:05:03,472][core.metrics.meter][INFO] - Meter:
SequenceAccuracy:	0.985
TokenAccuracy:	1.000
LengthAccuracy:	0.985
1st Token Accuracy:	1.000
2nd Token Accuracy:	1.000
Average Loss:	0.040
[2021-10-27 03:05:03,597][core.early_stopping][INFO] - Early stopping counter: 2 / 5
[2021-10-27 03:05:03,647][core.early_stopping][INFO] - Pausing model saving until validation loss decreases by 0.0001
[2021-10-27 03:05:36,272][core.trainer][INFO] - Computing metrics for 'val' dataset
[2021-10-27 03:05:40,435][core.metrics.meter][INFO] - Meter:
SequenceAccuracy:	0.985
TokenAccuracy:	1.000
LengthAccuracy:	0.985
1st Token Accuracy:	1.000
2nd Token Accuracy:	1.000
Average Loss:	0.034
[2021-10-27 03:05:40,534][core.early_stopping][INFO] - Early stopping counter: 3 / 5
[2021-10-27 03:05:40,584][core.early_stopping][INFO] - Pausing model saving until validation loss decreases by 0.0001
[2021-10-27 03:06:13,168][core.trainer][INFO] - Computing metrics for 'val' dataset
[2021-10-27 03:06:17,338][core.metrics.meter][INFO] - Meter:
SequenceAccuracy:	0.983
TokenAccuracy:	1.000
LengthAccuracy:	0.983
1st Token Accuracy:	1.000
2nd Token Accuracy:	1.000
Average Loss:	0.039
[2021-10-27 03:06:17,495][core.early_stopping][INFO] - Early stopping counter: 4 / 5
[2021-10-27 03:06:17,495][core.early_stopping][INFO] - Pausing model saving until validation loss decreases by 0.0001
[2021-10-27 03:06:50,153][core.trainer][INFO] - Computing metrics for 'val' dataset
[2021-10-27 03:06:54,320][core.metrics.meter][INFO] - Meter:
SequenceAccuracy:	0.984
TokenAccuracy:	1.000
LengthAccuracy:	0.984
1st Token Accuracy:	1.000
2nd Token Accuracy:	1.000
Average Loss:	0.037
[2021-10-27 03:06:54,445][core.early_stopping][INFO] - Early stopping counter: 5 / 5
[2021-10-27 03:06:54,495][core.early_stopping][INFO] - Pausing model saving until validation loss decreases by 0.0001
[2021-10-27 03:06:54,495][core.trainer][INFO] - Computing metrics for 'test' dataset
[2021-10-27 03:07:34,965][core.metrics.meter][INFO] - Meter:
SequenceAccuracy:	0.986
TokenAccuracy:	1.000
LengthAccuracy:	0.986
1st Token Accuracy:	1.000
2nd Token Accuracy:	1.000
Average Loss:	0.037
[2021-10-27 03:07:34,965][core.trainer][INFO] - Computing metrics for 'gen' dataset
[2021-10-27 03:08:26,808][core.metrics.meter][INFO] - Meter:
SequenceAccuracy:	0.000
TokenAccuracy:	0.329
LengthAccuracy:	0.937
1st Token Accuracy:	0.238
2nd Token Accuracy:	0.085
Average Loss:	4.781
[2021-10-27 03:08:26,809][core.trainer][INFO] - EPOCH 10 / 50
[2021-10-27 03:08:26,809][core.trainer][INFO] - Computing metrics for 'train' dataset
[2021-10-27 03:08:59,542][core.trainer][INFO] - Computing metrics for 'val' dataset
[2021-10-27 03:09:03,708][core.metrics.meter][INFO] - Meter:
SequenceAccuracy:	0.985
TokenAccuracy:	1.000
LengthAccuracy:	0.985
1st Token Accuracy:	1.000
2nd Token Accuracy:	1.000
Average Loss:	0.038
[2021-10-27 03:09:03,811][core.early_stopping][INFO] - Early stopping counter: 6 / 5
[2021-10-27 03:09:03,861][core.early_stopping][INFO] - Pausing model saving until validation loss decreases by 0.0001
[2021-10-27 03:09:03,861][core.trainer][INFO] - Computing metrics for 'test' dataset
[2021-10-27 03:09:44,349][core.metrics.meter][INFO] - Meter:
SequenceAccuracy:	0.985
TokenAccuracy:	1.000
LengthAccuracy:	0.985
1st Token Accuracy:	1.000
2nd Token Accuracy:	1.000
Average Loss:	0.039
[2021-10-27 03:09:44,350][core.trainer][INFO] - Computing metrics for 'gen' dataset
[2021-10-27 03:10:36,160][core.metrics.meter][INFO] - Meter:
SequenceAccuracy:	0.000
TokenAccuracy:	0.328
LengthAccuracy:	0.942
1st Token Accuracy:	0.240
2nd Token Accuracy:	0.085
Average Loss:	4.808
[2021-10-27 03:10:36,160][core.trainer][INFO] - EPOCH 11 / 50
[2021-10-27 03:10:36,160][core.trainer][INFO] - Computing metrics for 'train' dataset
[2021-10-27 03:11:08,801][core.trainer][INFO] - Computing metrics for 'val' dataset
[2021-10-27 03:11:12,972][core.metrics.meter][INFO] - Meter:
SequenceAccuracy:	0.983
TokenAccuracy:	1.000
LengthAccuracy:	0.983
1st Token Accuracy:	1.000
2nd Token Accuracy:	1.000
Average Loss:	0.041
[2021-10-27 03:11:13,099][core.early_stopping][INFO] - Early stopping counter: 7 / 5
[2021-10-27 03:11:13,148][core.early_stopping][INFO] - Pausing model saving until validation loss decreases by 0.0001
[2021-10-27 03:11:13,148][core.trainer][INFO] - Computing metrics for 'test' dataset
[2021-10-27 03:11:53,618][core.metrics.meter][INFO] - Meter:
SequenceAccuracy:	0.982
TokenAccuracy:	1.000
LengthAccuracy:	0.982
1st Token Accuracy:	1.000
2nd Token Accuracy:	1.000
Average Loss:	0.045
[2021-10-27 03:11:53,619][core.trainer][INFO] - Computing metrics for 'gen' dataset
[2021-10-27 03:12:45,457][core.metrics.meter][INFO] - Meter:
SequenceAccuracy:	0.000
TokenAccuracy:	0.323
LengthAccuracy:	0.948
1st Token Accuracy:	0.237
2nd Token Accuracy:	0.083
Average Loss:	4.852
[2021-10-27 03:12:45,457][core.trainer][INFO] - EPOCH 12 / 50
[2021-10-27 03:12:45,458][core.trainer][INFO] - Computing metrics for 'train' dataset
[2021-10-27 03:13:18,147][core.trainer][INFO] - Computing metrics for 'val' dataset
[2021-10-27 03:13:22,310][core.metrics.meter][INFO] - Meter:
SequenceAccuracy:	0.984
TokenAccuracy:	1.000
LengthAccuracy:	0.984
1st Token Accuracy:	1.000
2nd Token Accuracy:	1.000
Average Loss:	0.038
[2021-10-27 03:13:22,414][core.early_stopping][INFO] - Early stopping counter: 8 / 5
[2021-10-27 03:13:22,464][core.early_stopping][INFO] - Pausing model saving until validation loss decreases by 0.0001
[2021-10-27 03:13:22,464][core.trainer][INFO] - Computing metrics for 'test' dataset
[2021-10-27 03:14:03,003][core.metrics.meter][INFO] - Meter:
SequenceAccuracy:	0.983
TokenAccuracy:	1.000
LengthAccuracy:	0.983
1st Token Accuracy:	1.000
2nd Token Accuracy:	1.000
Average Loss:	0.040
[2021-10-27 03:14:03,003][core.trainer][INFO] - Computing metrics for 'gen' dataset
[2021-10-27 03:14:54,973][core.metrics.meter][INFO] - Meter:
SequenceAccuracy:	0.000
TokenAccuracy:	0.321
LengthAccuracy:	0.950
1st Token Accuracy:	0.238
2nd Token Accuracy:	0.085
Average Loss:	4.883
[2021-10-27 03:14:54,974][core.trainer][INFO] - EPOCH 13 / 50
[2021-10-27 03:14:54,974][core.trainer][INFO] - Computing metrics for 'train' dataset
[2021-10-27 03:15:27,649][core.trainer][INFO] - Computing metrics for 'val' dataset
[2021-10-27 03:15:31,819][core.metrics.meter][INFO] - Meter:
SequenceAccuracy:	0.982
TokenAccuracy:	1.000
LengthAccuracy:	0.982
1st Token Accuracy:	1.000
2nd Token Accuracy:	1.000
Average Loss:	0.042
[2021-10-27 03:15:31,957][core.early_stopping][INFO] - Early stopping counter: 9 / 5
[2021-10-27 03:15:32,007][core.early_stopping][INFO] - Pausing model saving until validation loss decreases by 0.0001
[2021-10-27 03:15:32,007][core.trainer][INFO] - Computing metrics for 'test' dataset
[2021-10-27 03:16:12,475][core.metrics.meter][INFO] - Meter:
SequenceAccuracy:	0.984
TokenAccuracy:	1.000
LengthAccuracy:	0.984
1st Token Accuracy:	1.000
2nd Token Accuracy:	1.000
Average Loss:	0.039
[2021-10-27 03:16:12,476][core.trainer][INFO] - Computing metrics for 'gen' dataset
[2021-10-27 03:17:04,378][core.metrics.meter][INFO] - Meter:
SequenceAccuracy:	0.000
TokenAccuracy:	0.320
LengthAccuracy:	0.943
1st Token Accuracy:	0.238
2nd Token Accuracy:	0.083
Average Loss:	4.910
[2021-10-27 03:17:04,379][core.trainer][INFO] - EPOCH 14 / 50
[2021-10-27 03:17:04,379][core.trainer][INFO] - Computing metrics for 'train' dataset
[2021-10-27 03:17:37,125][core.trainer][INFO] - Computing metrics for 'val' dataset
[2021-10-27 03:17:41,333][core.metrics.meter][INFO] - Meter:
SequenceAccuracy:	0.984
TokenAccuracy:	1.000
LengthAccuracy:	0.984
1st Token Accuracy:	1.000
2nd Token Accuracy:	1.000
Average Loss:	0.040
[2021-10-27 03:18:14,226][core.trainer][INFO] - Computing metrics for 'val' dataset
[2021-10-27 03:18:18,434][core.metrics.meter][INFO] - Meter:
SequenceAccuracy:	0.984
TokenAccuracy:	1.000
LengthAccuracy:	0.984
1st Token Accuracy:	1.000
2nd Token Accuracy:	1.000
Average Loss:	0.037
[2021-10-27 03:18:51,501][core.trainer][INFO] - Computing metrics for 'val' dataset
[2021-10-27 03:18:56,829][core.metrics.meter][INFO] - Meter:
SequenceAccuracy:	0.983
TokenAccuracy:	1.000
LengthAccuracy:	0.983
1st Token Accuracy:	1.000
2nd Token Accuracy:	1.000
Average Loss:	0.041
[2021-10-27 03:18:56,929][core.early_stopping][INFO] - Early stopping counter: 1 / 5
[2021-10-27 03:18:56,979][core.early_stopping][INFO] - Pausing model saving until validation loss decreases by 0.0001
[2021-10-27 03:19:29,681][core.trainer][INFO] - Computing metrics for 'val' dataset
[2021-10-27 03:19:33,876][core.metrics.meter][INFO] - Meter:
SequenceAccuracy:	0.986
TokenAccuracy:	1.000
LengthAccuracy:	0.986
1st Token Accuracy:	1.000
2nd Token Accuracy:	1.000
Average Loss:	0.036
[2021-10-27 03:19:33,984][core.early_stopping][INFO] - Early stopping counter: 2 / 5
[2021-10-27 03:19:34,034][core.early_stopping][INFO] - Pausing model saving until validation loss decreases by 0.0001
[2021-10-27 03:20:06,482][core.trainer][INFO] - Computing metrics for 'val' dataset
[2021-10-27 03:20:10,650][core.metrics.meter][INFO] - Meter:
SequenceAccuracy:	0.985
TokenAccuracy:	1.000
LengthAccuracy:	0.985
1st Token Accuracy:	1.000
2nd Token Accuracy:	1.000
Average Loss:	0.036
[2021-10-27 03:20:10,773][core.early_stopping][INFO] - Early stopping counter: 3 / 5
[2021-10-27 03:20:10,822][core.early_stopping][INFO] - Pausing model saving until validation loss decreases by 0.0001
[2021-10-27 03:20:43,454][core.trainer][INFO] - Computing metrics for 'val' dataset
[2021-10-27 03:20:47,629][core.metrics.meter][INFO] - Meter:
SequenceAccuracy:	0.985
TokenAccuracy:	1.000
LengthAccuracy:	0.985
1st Token Accuracy:	1.000
2nd Token Accuracy:	1.000
Average Loss:	0.038
[2021-10-27 03:20:47,730][core.early_stopping][INFO] - Early stopping counter: 4 / 5
[2021-10-27 03:20:47,780][core.early_stopping][INFO] - Pausing model saving until validation loss decreases by 0.0001
[2021-10-27 03:21:20,292][core.trainer][INFO] - Computing metrics for 'val' dataset
[2021-10-27 03:21:24,483][core.metrics.meter][INFO] - Meter:
SequenceAccuracy:	0.983
TokenAccuracy:	1.000
LengthAccuracy:	0.983
1st Token Accuracy:	1.000
2nd Token Accuracy:	1.000
Average Loss:	0.040
[2021-10-27 03:21:24,590][core.early_stopping][INFO] - Early stopping counter: 5 / 5
[2021-10-27 03:21:24,640][core.early_stopping][INFO] - Pausing model saving until validation loss decreases by 0.0001
[2021-10-27 03:21:24,640][core.trainer][INFO] - Computing metrics for 'test' dataset
[2021-10-27 03:22:05,473][core.metrics.meter][INFO] - Meter:
SequenceAccuracy:	0.982
TokenAccuracy:	1.000
LengthAccuracy:	0.982
1st Token Accuracy:	1.000
2nd Token Accuracy:	1.000
Average Loss:	0.044
[2021-10-27 03:22:05,474][core.trainer][INFO] - Computing metrics for 'gen' dataset
[2021-10-27 03:22:57,805][core.metrics.meter][INFO] - Meter:
SequenceAccuracy:	0.000
TokenAccuracy:	0.311
LengthAccuracy:	0.955
1st Token Accuracy:	0.238
2nd Token Accuracy:	0.077
Average Loss:	5.065
[2021-10-27 03:22:57,805][core.trainer][INFO] - EPOCH 15 / 50
[2021-10-27 03:22:57,805][core.trainer][INFO] - Computing metrics for 'train' dataset
[2021-10-27 03:23:30,561][core.trainer][INFO] - Computing metrics for 'val' dataset
[2021-10-27 03:23:34,762][core.metrics.meter][INFO] - Meter:
SequenceAccuracy:	0.985
TokenAccuracy:	1.000
LengthAccuracy:	0.985
1st Token Accuracy:	1.000
2nd Token Accuracy:	1.000
Average Loss:	0.036
[2021-10-27 03:23:34,903][core.early_stopping][INFO] - Early stopping counter: 6 / 5
[2021-10-27 03:23:34,903][core.early_stopping][INFO] - Pausing model saving until validation loss decreases by 0.0001
[2021-10-27 03:23:34,903][core.trainer][INFO] - Computing metrics for 'test' dataset
[2021-10-27 03:24:15,741][core.metrics.meter][INFO] - Meter:
SequenceAccuracy:	0.985
TokenAccuracy:	1.000
LengthAccuracy:	0.985
1st Token Accuracy:	1.000
2nd Token Accuracy:	1.000
Average Loss:	0.037
[2021-10-27 03:24:15,741][core.trainer][INFO] - Computing metrics for 'gen' dataset
[2021-10-27 03:25:08,133][core.metrics.meter][INFO] - Meter:
SequenceAccuracy:	0.000
TokenAccuracy:	0.311
LengthAccuracy:	0.951
1st Token Accuracy:	0.237
2nd Token Accuracy:	0.077
Average Loss:	5.068
[2021-10-27 03:25:08,133][core.trainer][INFO] - EPOCH 16 / 50
[2021-10-27 03:25:08,133][core.trainer][INFO] - Computing metrics for 'train' dataset
[2021-10-27 03:25:40,858][core.trainer][INFO] - Computing metrics for 'val' dataset
[2021-10-27 03:25:45,014][core.metrics.meter][INFO] - Meter:
SequenceAccuracy:	0.984
TokenAccuracy:	1.000
LengthAccuracy:	0.984
1st Token Accuracy:	1.000
2nd Token Accuracy:	1.000
Average Loss:	0.040
[2021-10-27 03:25:45,125][core.early_stopping][INFO] - Early stopping counter: 7 / 5
[2021-10-27 03:25:45,174][core.early_stopping][INFO] - Pausing model saving until validation loss decreases by 0.0001
[2021-10-27 03:25:45,174][core.trainer][INFO] - Computing metrics for 'test' dataset
[2021-10-27 03:26:25,652][core.metrics.meter][INFO] - Meter:
SequenceAccuracy:	0.985
TokenAccuracy:	1.000
LengthAccuracy:	0.985
1st Token Accuracy:	1.000
2nd Token Accuracy:	1.000
Average Loss:	0.036
[2021-10-27 03:26:25,652][core.trainer][INFO] - Computing metrics for 'gen' dataset
[2021-10-27 03:27:17,636][core.metrics.meter][INFO] - Meter:
SequenceAccuracy:	0.000
TokenAccuracy:	0.312
LengthAccuracy:	0.966
1st Token Accuracy:	0.235
2nd Token Accuracy:	0.076
Average Loss:	5.082
[2021-10-27 03:27:17,637][core.trainer][INFO] - EPOCH 17 / 50
[2021-10-27 03:27:17,637][core.trainer][INFO] - Computing metrics for 'train' dataset
[2021-10-27 03:27:50,310][core.trainer][INFO] - Computing metrics for 'val' dataset
[2021-10-27 03:27:54,474][core.metrics.meter][INFO] - Meter:
SequenceAccuracy:	0.983
TokenAccuracy:	1.000
LengthAccuracy:	0.983
1st Token Accuracy:	1.000
2nd Token Accuracy:	1.000
Average Loss:	0.041
[2021-10-27 03:27:54,576][core.early_stopping][INFO] - Early stopping counter: 8 / 5
[2021-10-27 03:27:54,626][core.early_stopping][INFO] - Pausing model saving until validation loss decreases by 0.0001
[2021-10-27 03:27:54,627][core.trainer][INFO] - Computing metrics for 'test' dataset
[2021-10-27 03:28:35,131][core.metrics.meter][INFO] - Meter:
SequenceAccuracy:	0.985
TokenAccuracy:	1.000
LengthAccuracy:	0.985
1st Token Accuracy:	1.000
2nd Token Accuracy:	1.000
Average Loss:	0.037
[2021-10-27 03:28:35,131][core.trainer][INFO] - Computing metrics for 'gen' dataset
[2021-10-27 03:29:27,056][core.metrics.meter][INFO] - Meter:
SequenceAccuracy:	0.000
TokenAccuracy:	0.307
LengthAccuracy:	0.954
1st Token Accuracy:	0.233
2nd Token Accuracy:	0.075
Average Loss:	5.132
[2021-10-27 03:29:27,056][core.trainer][INFO] - EPOCH 18 / 50
[2021-10-27 03:29:27,056][core.trainer][INFO] - Computing metrics for 'train' dataset
[2021-10-27 03:29:59,917][core.trainer][INFO] - Computing metrics for 'val' dataset
[2021-10-27 03:30:04,091][core.metrics.meter][INFO] - Meter:
SequenceAccuracy:	0.984
TokenAccuracy:	1.000
LengthAccuracy:	0.984
1st Token Accuracy:	1.000
2nd Token Accuracy:	1.000
Average Loss:	0.036
[2021-10-27 03:30:04,205][core.early_stopping][INFO] - Early stopping counter: 9 / 5
[2021-10-27 03:30:04,255][core.early_stopping][INFO] - Pausing model saving until validation loss decreases by 0.0001
[2021-10-27 03:30:04,255][core.trainer][INFO] - Computing metrics for 'test' dataset
[2021-10-27 03:30:44,715][core.metrics.meter][INFO] - Meter:
SequenceAccuracy:	0.986
TokenAccuracy:	1.000
LengthAccuracy:	0.986
1st Token Accuracy:	1.000
2nd Token Accuracy:	1.000
Average Loss:	0.032
[2021-10-27 03:30:44,716][core.trainer][INFO] - Computing metrics for 'gen' dataset
[2021-10-27 03:31:36,714][core.metrics.meter][INFO] - Meter:
SequenceAccuracy:	0.000
TokenAccuracy:	0.311
LengthAccuracy:	0.967
1st Token Accuracy:	0.236
2nd Token Accuracy:	0.077
Average Loss:	5.113
[2021-10-27 03:31:36,714][core.trainer][INFO] - EPOCH 19 / 50
[2021-10-27 03:31:36,715][core.trainer][INFO] - Computing metrics for 'train' dataset
[2021-10-27 03:32:09,485][core.trainer][INFO] - Computing metrics for 'val' dataset
[2021-10-27 03:32:13,693][core.metrics.meter][INFO] - Meter:
SequenceAccuracy:	0.984
TokenAccuracy:	1.000
LengthAccuracy:	0.984
1st Token Accuracy:	1.000
2nd Token Accuracy:	1.000
Average Loss:	0.032
[2021-10-27 03:32:13,793][core.early_stopping][INFO] - Early stopping counter: 10 / 5
[2021-10-27 03:32:13,843][core.early_stopping][INFO] - Pausing model saving until validation loss decreases by 0.0001
[2021-10-27 03:32:13,843][core.trainer][INFO] - Computing metrics for 'test' dataset
[2021-10-27 03:32:54,716][core.metrics.meter][INFO] - Meter:
SequenceAccuracy:	0.982
TokenAccuracy:	1.000
LengthAccuracy:	0.982
1st Token Accuracy:	1.000
2nd Token Accuracy:	1.000
Average Loss:	0.041
[2021-10-27 03:32:54,717][core.trainer][INFO] - Computing metrics for 'gen' dataset
[2021-10-27 03:33:47,181][core.metrics.meter][INFO] - Meter:
SequenceAccuracy:	0.000
TokenAccuracy:	0.308
LengthAccuracy:	0.963
1st Token Accuracy:	0.233
2nd Token Accuracy:	0.073
Average Loss:	5.142
[2021-10-27 03:33:47,181][core.trainer][INFO] - EPOCH 20 / 50
[2021-10-27 03:33:47,181][core.trainer][INFO] - Computing metrics for 'train' dataset
[2021-10-27 03:34:19,891][core.trainer][INFO] - Computing metrics for 'val' dataset
[2021-10-27 03:34:24,105][core.metrics.meter][INFO] - Meter:
SequenceAccuracy:	0.988
TokenAccuracy:	1.000
LengthAccuracy:	0.988
1st Token Accuracy:	1.000
2nd Token Accuracy:	1.000
Average Loss:	0.030
[2021-10-27 03:34:24,257][core.early_stopping][INFO] - Early stopping counter: 11 / 5
[2021-10-27 03:34:24,257][core.early_stopping][INFO] - Pausing model saving until validation loss decreases by 0.0001
[2021-10-27 03:34:24,258][core.trainer][INFO] - Computing metrics for 'test' dataset
[2021-10-27 03:35:05,099][core.metrics.meter][INFO] - Meter:
SequenceAccuracy:	0.983
TokenAccuracy:	1.000
LengthAccuracy:	0.983
1st Token Accuracy:	1.000
2nd Token Accuracy:	1.000
Average Loss:	0.042
[2021-10-27 03:35:05,100][core.trainer][INFO] - Computing metrics for 'gen' dataset
[2021-10-27 03:35:57,546][core.metrics.meter][INFO] - Meter:
SequenceAccuracy:	0.000
TokenAccuracy:	0.303
LengthAccuracy:	0.962
1st Token Accuracy:	0.231
2nd Token Accuracy:	0.074
Average Loss:	5.193
[2021-10-27 03:35:57,547][core.trainer][INFO] - EPOCH 21 / 50
[2021-10-27 03:35:57,547][core.trainer][INFO] - Computing metrics for 'train' dataset
[2021-10-27 03:36:30,268][core.trainer][INFO] - Computing metrics for 'val' dataset
[2021-10-27 03:36:34,432][core.metrics.meter][INFO] - Meter:
SequenceAccuracy:	0.984
TokenAccuracy:	1.000
LengthAccuracy:	0.984
1st Token Accuracy:	1.000
2nd Token Accuracy:	1.000
Average Loss:	0.036
[2021-10-27 03:37:07,349][core.trainer][INFO] - Computing metrics for 'val' dataset
[2021-10-27 03:37:11,563][core.metrics.meter][INFO] - Meter:
SequenceAccuracy:	0.982
TokenAccuracy:	1.000
LengthAccuracy:	0.982
1st Token Accuracy:	1.000
2nd Token Accuracy:	1.000
Average Loss:	0.041
[2021-10-27 03:37:11,666][core.early_stopping][INFO] - Early stopping counter: 1 / 5
[2021-10-27 03:37:11,716][core.early_stopping][INFO] - Pausing model saving until validation loss decreases by 0.0001
[2021-10-27 03:37:44,412][core.trainer][INFO] - Computing metrics for 'val' dataset
[2021-10-27 03:37:48,582][core.metrics.meter][INFO] - Meter:
SequenceAccuracy:	0.982
TokenAccuracy:	1.000
LengthAccuracy:	0.982
1st Token Accuracy:	1.000
2nd Token Accuracy:	1.000
Average Loss:	0.038
[2021-10-27 03:37:48,703][core.early_stopping][INFO] - Early stopping counter: 2 / 5
[2021-10-27 03:37:48,753][core.early_stopping][INFO] - Pausing model saving until validation loss decreases by 0.0001
[2021-10-27 03:38:21,390][core.trainer][INFO] - Computing metrics for 'val' dataset
[2021-10-27 03:38:25,589][core.metrics.meter][INFO] - Meter:
SequenceAccuracy:	0.984
TokenAccuracy:	1.000
LengthAccuracy:	0.984
1st Token Accuracy:	1.000
2nd Token Accuracy:	1.000
Average Loss:	0.039
[2021-10-27 03:38:25,689][core.early_stopping][INFO] - Early stopping counter: 3 / 5
[2021-10-27 03:38:25,739][core.early_stopping][INFO] - Pausing model saving until validation loss decreases by 0.0001
[2021-10-27 03:38:58,480][core.trainer][INFO] - Computing metrics for 'val' dataset
[2021-10-27 03:39:02,653][core.metrics.meter][INFO] - Meter:
SequenceAccuracy:	0.984
TokenAccuracy:	1.000
LengthAccuracy:	0.984
1st Token Accuracy:	1.000
2nd Token Accuracy:	1.000
Average Loss:	0.037
[2021-10-27 03:39:02,803][core.early_stopping][INFO] - Early stopping counter: 4 / 5
[2021-10-27 03:39:02,803][core.early_stopping][INFO] - Pausing model saving until validation loss decreases by 0.0001
[2021-10-27 03:39:35,432][core.trainer][INFO] - Computing metrics for 'val' dataset
[2021-10-27 03:39:39,636][core.metrics.meter][INFO] - Meter:
SequenceAccuracy:	0.983
TokenAccuracy:	1.000
LengthAccuracy:	0.983
1st Token Accuracy:	1.000
2nd Token Accuracy:	1.000
Average Loss:	0.034
[2021-10-27 03:39:39,759][core.early_stopping][INFO] - Early stopping counter: 5 / 5
[2021-10-27 03:39:39,809][core.early_stopping][INFO] - Pausing model saving until validation loss decreases by 0.0001
[2021-10-27 03:39:39,809][core.trainer][INFO] - Computing metrics for 'test' dataset
[2021-10-27 03:40:20,668][core.metrics.meter][INFO] - Meter:
SequenceAccuracy:	0.984
TokenAccuracy:	1.000
LengthAccuracy:	0.984
1st Token Accuracy:	1.000
2nd Token Accuracy:	1.000
Average Loss:	0.036
[2021-10-27 03:40:20,668][core.trainer][INFO] - Computing metrics for 'gen' dataset
[2021-10-27 03:41:13,127][core.metrics.meter][INFO] - Meter:
SequenceAccuracy:	0.000
TokenAccuracy:	0.297
LengthAccuracy:	0.962
1st Token Accuracy:	0.234
2nd Token Accuracy:	0.074
Average Loss:	5.302
[2021-10-27 03:41:13,128][core.trainer][INFO] - EPOCH 22 / 50
[2021-10-27 03:41:13,128][core.trainer][INFO] - Computing metrics for 'train' dataset
[2021-10-27 03:41:45,899][core.trainer][INFO] - Computing metrics for 'val' dataset
[2021-10-27 03:41:50,059][core.metrics.meter][INFO] - Meter:
SequenceAccuracy:	0.987
TokenAccuracy:	1.000
LengthAccuracy:	0.987
1st Token Accuracy:	1.000
2nd Token Accuracy:	1.000
Average Loss:	0.031
[2021-10-27 03:41:50,161][core.early_stopping][INFO] - Early stopping counter: 6 / 5
[2021-10-27 03:41:50,211][core.early_stopping][INFO] - Pausing model saving until validation loss decreases by 0.0001
[2021-10-27 03:41:50,211][core.trainer][INFO] - Computing metrics for 'test' dataset
[2021-10-27 03:42:30,651][core.metrics.meter][INFO] - Meter:
SequenceAccuracy:	0.985
TokenAccuracy:	1.000
LengthAccuracy:	0.985
1st Token Accuracy:	1.000
2nd Token Accuracy:	1.000
Average Loss:	0.037
[2021-10-27 03:42:30,651][core.trainer][INFO] - Computing metrics for 'gen' dataset
[2021-10-27 03:43:22,588][core.metrics.meter][INFO] - Meter:
SequenceAccuracy:	0.000
TokenAccuracy:	0.297
LengthAccuracy:	0.960
1st Token Accuracy:	0.230
2nd Token Accuracy:	0.072
Average Loss:	5.312
[2021-10-27 03:43:22,589][core.trainer][INFO] - EPOCH 23 / 50
[2021-10-27 03:43:22,589][core.trainer][INFO] - Computing metrics for 'train' dataset
[2021-10-27 03:43:55,205][core.trainer][INFO] - Computing metrics for 'val' dataset
[2021-10-27 03:43:59,369][core.metrics.meter][INFO] - Meter:
SequenceAccuracy:	0.984
TokenAccuracy:	1.000
LengthAccuracy:	0.984
1st Token Accuracy:	1.000
2nd Token Accuracy:	1.000
Average Loss:	0.035
[2021-10-27 03:43:59,495][core.early_stopping][INFO] - Early stopping counter: 7 / 5
[2021-10-27 03:43:59,544][core.early_stopping][INFO] - Pausing model saving until validation loss decreases by 0.0001
[2021-10-27 03:43:59,545][core.trainer][INFO] - Computing metrics for 'test' dataset
[2021-10-27 03:44:40,001][core.metrics.meter][INFO] - Meter:
SequenceAccuracy:	0.984
TokenAccuracy:	1.000
LengthAccuracy:	0.984
1st Token Accuracy:	1.000
2nd Token Accuracy:	1.000
Average Loss:	0.033
[2021-10-27 03:44:40,001][core.trainer][INFO] - Computing metrics for 'gen' dataset
[2021-10-27 03:45:31,954][core.metrics.meter][INFO] - Meter:
SequenceAccuracy:	0.000
TokenAccuracy:	0.296
LengthAccuracy:	0.968
1st Token Accuracy:	0.233
2nd Token Accuracy:	0.073
Average Loss:	5.329
[2021-10-27 03:45:31,954][core.trainer][INFO] - EPOCH 24 / 50
[2021-10-27 03:45:31,954][core.trainer][INFO] - Computing metrics for 'train' dataset
[2021-10-27 03:46:04,689][core.trainer][INFO] - Computing metrics for 'val' dataset
[2021-10-27 03:46:08,862][core.metrics.meter][INFO] - Meter:
SequenceAccuracy:	0.986
TokenAccuracy:	1.000
LengthAccuracy:	0.986
1st Token Accuracy:	1.000
2nd Token Accuracy:	1.000
Average Loss:	0.031
[2021-10-27 03:46:08,965][core.early_stopping][INFO] - Early stopping counter: 8 / 5
[2021-10-27 03:46:09,015][core.early_stopping][INFO] - Pausing model saving until validation loss decreases by 0.0001
[2021-10-27 03:46:09,015][core.trainer][INFO] - Computing metrics for 'test' dataset
[2021-10-27 03:46:49,491][core.metrics.meter][INFO] - Meter:
SequenceAccuracy:	0.984
TokenAccuracy:	1.000
LengthAccuracy:	0.984
1st Token Accuracy:	1.000
2nd Token Accuracy:	1.000
Average Loss:	0.036
[2021-10-27 03:46:49,491][core.trainer][INFO] - Computing metrics for 'gen' dataset
[2021-10-27 03:47:41,503][core.metrics.meter][INFO] - Meter:
SequenceAccuracy:	0.000
TokenAccuracy:	0.298
LengthAccuracy:	0.972
1st Token Accuracy:	0.239
2nd Token Accuracy:	0.071
Average Loss:	5.330
[2021-10-27 03:47:41,503][core.trainer][INFO] - EPOCH 25 / 50
[2021-10-27 03:47:41,503][core.trainer][INFO] - Computing metrics for 'train' dataset
[2021-10-27 03:48:14,300][core.trainer][INFO] - Computing metrics for 'val' dataset
[2021-10-27 03:48:18,476][core.metrics.meter][INFO] - Meter:
SequenceAccuracy:	0.983
TokenAccuracy:	1.000
LengthAccuracy:	0.983
1st Token Accuracy:	1.000
2nd Token Accuracy:	1.000
Average Loss:	0.039
[2021-10-27 03:48:18,604][core.early_stopping][INFO] - Early stopping counter: 9 / 5
[2021-10-27 03:48:18,653][core.early_stopping][INFO] - Pausing model saving until validation loss decreases by 0.0001
[2021-10-27 03:48:18,654][core.trainer][INFO] - Computing metrics for 'test' dataset
[2021-10-27 03:48:59,146][core.metrics.meter][INFO] - Meter:
SequenceAccuracy:	0.984
TokenAccuracy:	1.000
LengthAccuracy:	0.984
1st Token Accuracy:	1.000
2nd Token Accuracy:	1.000
Average Loss:	0.036
[2021-10-27 03:48:59,146][core.trainer][INFO] - Computing metrics for 'gen' dataset
[2021-10-27 03:49:51,188][core.metrics.meter][INFO] - Meter:
SequenceAccuracy:	0.000
TokenAccuracy:	0.296
LengthAccuracy:	0.972
1st Token Accuracy:	0.234
2nd Token Accuracy:	0.073
Average Loss:	5.349
[2021-10-27 03:49:51,188][core.trainer][INFO] - EPOCH 26 / 50
[2021-10-27 03:49:51,188][core.trainer][INFO] - Computing metrics for 'train' dataset
[2021-10-27 03:50:23,985][core.trainer][INFO] - Computing metrics for 'val' dataset
[2021-10-27 03:50:28,159][core.metrics.meter][INFO] - Meter:
SequenceAccuracy:	0.985
TokenAccuracy:	1.000
LengthAccuracy:	0.985
1st Token Accuracy:	1.000
2nd Token Accuracy:	1.000
Average Loss:	0.032
[2021-10-27 03:50:28,266][core.early_stopping][INFO] - Early stopping counter: 10 / 5
[2021-10-27 03:50:28,316][core.early_stopping][INFO] - Pausing model saving until validation loss decreases by 0.0001
[2021-10-27 03:50:28,316][core.trainer][INFO] - Computing metrics for 'test' dataset
[2021-10-27 03:51:08,813][core.metrics.meter][INFO] - Meter:
SequenceAccuracy:	0.984
TokenAccuracy:	1.000
LengthAccuracy:	0.984
1st Token Accuracy:	1.000
2nd Token Accuracy:	1.000
Average Loss:	0.037
[2021-10-27 03:51:08,813][core.trainer][INFO] - Computing metrics for 'gen' dataset
[2021-10-27 03:52:00,811][core.metrics.meter][INFO] - Meter:
SequenceAccuracy:	0.000
TokenAccuracy:	0.292
LengthAccuracy:	0.966
1st Token Accuracy:	0.234
2nd Token Accuracy:	0.072
Average Loss:	5.391
[2021-10-27 03:52:00,811][core.trainer][INFO] - EPOCH 27 / 50
[2021-10-27 03:52:00,812][core.trainer][INFO] - Computing metrics for 'train' dataset
[2021-10-27 03:52:33,552][core.trainer][INFO] - Computing metrics for 'val' dataset
[2021-10-27 03:52:37,774][core.metrics.meter][INFO] - Meter:
SequenceAccuracy:	0.984
TokenAccuracy:	1.000
LengthAccuracy:	0.984
1st Token Accuracy:	1.000
2nd Token Accuracy:	1.000
Average Loss:	0.037
[2021-10-27 03:52:37,903][core.early_stopping][INFO] - Early stopping counter: 11 / 5
[2021-10-27 03:52:37,953][core.early_stopping][INFO] - Pausing model saving until validation loss decreases by 0.0001
[2021-10-27 03:52:37,953][core.trainer][INFO] - Computing metrics for 'test' dataset
[2021-10-27 03:53:18,822][core.metrics.meter][INFO] - Meter:
SequenceAccuracy:	0.985
TokenAccuracy:	1.000
LengthAccuracy:	0.985
1st Token Accuracy:	1.000
2nd Token Accuracy:	1.000
Average Loss:	0.033
[2021-10-27 03:53:18,823][core.trainer][INFO] - Computing metrics for 'gen' dataset
[2021-10-27 03:54:11,330][core.metrics.meter][INFO] - Meter:
SequenceAccuracy:	0.000
TokenAccuracy:	0.293
LengthAccuracy:	0.965
1st Token Accuracy:	0.235
2nd Token Accuracy:	0.068
Average Loss:	5.381
[2021-10-27 03:54:11,330][core.trainer][INFO] - EPOCH 28 / 50
[2021-10-27 03:54:11,331][core.trainer][INFO] - Computing metrics for 'train' dataset
[2021-10-27 03:54:43,998][core.trainer][INFO] - Computing metrics for 'val' dataset
[2021-10-27 03:54:48,169][core.metrics.meter][INFO] - Meter:
SequenceAccuracy:	0.984
TokenAccuracy:	1.000
LengthAccuracy:	0.984
1st Token Accuracy:	1.000
2nd Token Accuracy:	1.000
Average Loss:	0.037
[2021-10-27 03:54:48,274][core.early_stopping][INFO] - Early stopping counter: 12 / 5
[2021-10-27 03:54:48,323][core.early_stopping][INFO] - Pausing model saving until validation loss decreases by 0.0001
[2021-10-27 03:54:48,324][core.trainer][INFO] - Computing metrics for 'test' dataset
[2021-10-27 03:55:28,772][core.metrics.meter][INFO] - Meter:
SequenceAccuracy:	0.986
TokenAccuracy:	1.000
LengthAccuracy:	0.986
1st Token Accuracy:	1.000
2nd Token Accuracy:	1.000
Average Loss:	0.035
[2021-10-27 03:55:28,772][core.trainer][INFO] - Computing metrics for 'gen' dataset
[2021-10-27 03:56:20,750][core.metrics.meter][INFO] - Meter:
SequenceAccuracy:	0.000
TokenAccuracy:	0.293
LengthAccuracy:	0.972
1st Token Accuracy:	0.232
2nd Token Accuracy:	0.068
Average Loss:	5.387
[2021-10-27 03:56:20,751][core.trainer][INFO] - EPOCH 29 / 50
[2021-10-27 03:56:20,751][core.trainer][INFO] - Computing metrics for 'train' dataset
[2021-10-27 03:56:53,458][core.trainer][INFO] - Computing metrics for 'val' dataset
[2021-10-27 03:56:58,789][core.metrics.meter][INFO] - Meter:
SequenceAccuracy:	0.986
TokenAccuracy:	1.000
LengthAccuracy:	0.986
1st Token Accuracy:	1.000
2nd Token Accuracy:	1.000
Average Loss:	0.032
[2021-10-27 03:56:58,925][core.early_stopping][INFO] - Early stopping counter: 13 / 5
[2021-10-27 03:56:58,974][core.early_stopping][INFO] - Pausing model saving until validation loss decreases by 0.0001
[2021-10-27 03:56:58,975][core.trainer][INFO] - Computing metrics for 'test' dataset
[2021-10-27 03:57:50,989][core.metrics.meter][INFO] - Meter:
SequenceAccuracy:	0.982
TokenAccuracy:	1.000
LengthAccuracy:	0.982
1st Token Accuracy:	1.000
2nd Token Accuracy:	1.000
Average Loss:	0.040
[2021-10-27 03:57:50,990][core.trainer][INFO] - Computing metrics for 'gen' dataset
[2021-10-27 03:58:57,773][core.metrics.meter][INFO] - Meter:
SequenceAccuracy:	0.000
TokenAccuracy:	0.292
LengthAccuracy:	0.970
1st Token Accuracy:	0.235
2nd Token Accuracy:	0.070
Average Loss:	5.413
[2021-10-27 03:58:57,773][core.trainer][INFO] - EPOCH 30 / 50
[2021-10-27 03:58:57,773][core.trainer][INFO] - Computing metrics for 'train' dataset
[2021-10-27 03:59:30,682][core.trainer][INFO] - Computing metrics for 'val' dataset
[2021-10-27 03:59:34,911][core.metrics.meter][INFO] - Meter:
SequenceAccuracy:	0.982
TokenAccuracy:	1.000
LengthAccuracy:	0.982
1st Token Accuracy:	1.000
2nd Token Accuracy:	1.000
Average Loss:	0.039
[2021-10-27 03:59:35,044][core.early_stopping][INFO] - Early stopping counter: 14 / 5
[2021-10-27 03:59:35,094][core.early_stopping][INFO] - Pausing model saving until validation loss decreases by 0.0001
[2021-10-27 03:59:35,094][core.trainer][INFO] - Computing metrics for 'test' dataset
[2021-10-27 04:00:15,983][core.metrics.meter][INFO] - Meter:
SequenceAccuracy:	0.986
TokenAccuracy:	1.000
LengthAccuracy:	0.986
1st Token Accuracy:	1.000
2nd Token Accuracy:	1.000
Average Loss:	0.034
[2021-10-27 04:00:15,984][core.trainer][INFO] - Computing metrics for 'gen' dataset
[2021-10-27 04:01:08,493][core.metrics.meter][INFO] - Meter:
SequenceAccuracy:	0.000
TokenAccuracy:	0.294
LengthAccuracy:	0.965
1st Token Accuracy:	0.236
2nd Token Accuracy:	0.071
Average Loss:	5.414
[2021-10-27 04:01:08,494][core.trainer][INFO] - EPOCH 31 / 50
[2021-10-27 04:01:08,494][core.trainer][INFO] - Computing metrics for 'train' dataset
[2021-10-27 04:01:41,285][core.trainer][INFO] - Computing metrics for 'val' dataset
[2021-10-27 04:01:45,463][core.metrics.meter][INFO] - Meter:
SequenceAccuracy:	0.983
TokenAccuracy:	1.000
LengthAccuracy:	0.983
1st Token Accuracy:	1.000
2nd Token Accuracy:	1.000
Average Loss:	0.037
[2021-10-27 04:01:45,569][core.early_stopping][INFO] - Early stopping counter: 15 / 5
[2021-10-27 04:01:45,618][core.early_stopping][INFO] - Pausing model saving until validation loss decreases by 0.0001
[2021-10-27 04:01:45,619][core.trainer][INFO] - Computing metrics for 'test' dataset
[2021-10-27 04:02:26,125][core.metrics.meter][INFO] - Meter:
SequenceAccuracy:	0.983
TokenAccuracy:	1.000
LengthAccuracy:	0.983
1st Token Accuracy:	1.000
2nd Token Accuracy:	1.000
Average Loss:	0.036
[2021-10-27 04:02:26,125][core.trainer][INFO] - Computing metrics for 'gen' dataset
[2021-10-27 04:03:18,227][core.metrics.meter][INFO] - Meter:
SequenceAccuracy:	0.000
TokenAccuracy:	0.290
LengthAccuracy:	0.969
1st Token Accuracy:	0.229
2nd Token Accuracy:	0.070
Average Loss:	5.445
[2021-10-27 04:03:18,227][core.trainer][INFO] - EPOCH 32 / 50
[2021-10-27 04:03:18,227][core.trainer][INFO] - Computing metrics for 'train' dataset
[2021-10-27 04:03:51,021][core.trainer][INFO] - Computing metrics for 'val' dataset
[2021-10-27 04:03:55,198][core.metrics.meter][INFO] - Meter:
SequenceAccuracy:	0.983
TokenAccuracy:	1.000
LengthAccuracy:	0.983
1st Token Accuracy:	1.000
2nd Token Accuracy:	1.000
Average Loss:	0.036
[2021-10-27 04:03:55,333][core.early_stopping][INFO] - Early stopping counter: 16 / 5
[2021-10-27 04:03:55,382][core.early_stopping][INFO] - Pausing model saving until validation loss decreases by 0.0001
[2021-10-27 04:03:55,382][core.trainer][INFO] - Computing metrics for 'test' dataset
[2021-10-27 04:04:35,785][core.metrics.meter][INFO] - Meter:
SequenceAccuracy:	0.985
TokenAccuracy:	1.000
LengthAccuracy:	0.985
1st Token Accuracy:	1.000
2nd Token Accuracy:	1.000
Average Loss:	0.035
[2021-10-27 04:04:35,785][core.trainer][INFO] - Computing metrics for 'gen' dataset
[2021-10-27 04:05:27,738][core.metrics.meter][INFO] - Meter:
SequenceAccuracy:	0.000
TokenAccuracy:	0.290
LengthAccuracy:	0.967
1st Token Accuracy:	0.234
2nd Token Accuracy:	0.070
Average Loss:	5.461
[2021-10-27 04:05:27,738][core.trainer][INFO] - EPOCH 33 / 50
[2021-10-27 04:05:27,738][core.trainer][INFO] - Computing metrics for 'train' dataset
[2021-10-27 04:06:00,623][core.trainer][INFO] - Computing metrics for 'val' dataset
[2021-10-27 04:06:04,797][core.metrics.meter][INFO] - Meter:
SequenceAccuracy:	0.983
TokenAccuracy:	1.000
LengthAccuracy:	0.983
1st Token Accuracy:	1.000
2nd Token Accuracy:	1.000
Average Loss:	0.037
[2021-10-27 04:06:04,907][core.early_stopping][INFO] - Early stopping counter: 17 / 5
[2021-10-27 04:06:04,957][core.early_stopping][INFO] - Pausing model saving until validation loss decreases by 0.0001
[2021-10-27 04:06:04,957][core.trainer][INFO] - Computing metrics for 'test' dataset
[2021-10-27 04:06:45,450][core.metrics.meter][INFO] - Meter:
SequenceAccuracy:	0.981
TokenAccuracy:	1.000
LengthAccuracy:	0.981
1st Token Accuracy:	1.000
2nd Token Accuracy:	1.000
Average Loss:	0.041
[2021-10-27 04:06:45,451][core.trainer][INFO] - Computing metrics for 'gen' dataset
[2021-10-27 04:07:37,388][core.metrics.meter][INFO] - Meter:
SequenceAccuracy:	0.000
TokenAccuracy:	0.289
LengthAccuracy:	0.970
1st Token Accuracy:	0.236
2nd Token Accuracy:	0.069
Average Loss:	5.474
[2021-10-27 04:07:37,388][core.trainer][INFO] - EPOCH 34 / 50
[2021-10-27 04:07:37,388][core.trainer][INFO] - Computing metrics for 'train' dataset
[2021-10-27 04:08:09,982][core.trainer][INFO] - Computing metrics for 'val' dataset
[2021-10-27 04:08:14,149][core.metrics.meter][INFO] - Meter:
SequenceAccuracy:	0.982
TokenAccuracy:	1.000
LengthAccuracy:	0.982
1st Token Accuracy:	1.000
2nd Token Accuracy:	1.000
Average Loss:	0.040
[2021-10-27 04:08:14,282][core.early_stopping][INFO] - Early stopping counter: 18 / 5
[2021-10-27 04:08:14,331][core.early_stopping][INFO] - Pausing model saving until validation loss decreases by 0.0001
[2021-10-27 04:08:14,332][core.trainer][INFO] - Computing metrics for 'test' dataset
[2021-10-27 04:08:54,827][core.metrics.meter][INFO] - Meter:
SequenceAccuracy:	0.984
TokenAccuracy:	1.000
LengthAccuracy:	0.984
1st Token Accuracy:	1.000
2nd Token Accuracy:	1.000
Average Loss:	0.037
[2021-10-27 04:08:54,827][core.trainer][INFO] - Computing metrics for 'gen' dataset
[2021-10-27 04:09:46,836][core.metrics.meter][INFO] - Meter:
SequenceAccuracy:	0.000
TokenAccuracy:	0.290
LengthAccuracy:	0.972
1st Token Accuracy:	0.236
2nd Token Accuracy:	0.071
Average Loss:	5.473
[2021-10-27 04:09:46,836][core.trainer][INFO] - EPOCH 35 / 50
[2021-10-27 04:09:46,836][core.trainer][INFO] - Computing metrics for 'train' dataset
[2021-10-27 04:10:19,648][core.trainer][INFO] - Computing metrics for 'val' dataset
[2021-10-27 04:10:24,968][core.metrics.meter][INFO] - Meter:
SequenceAccuracy:	0.983
TokenAccuracy:	1.000
LengthAccuracy:	0.983
1st Token Accuracy:	1.000
2nd Token Accuracy:	1.000
Average Loss:	0.038
[2021-10-27 04:10:25,074][core.early_stopping][INFO] - Early stopping counter: 19 / 5
[2021-10-27 04:10:25,124][core.early_stopping][INFO] - Pausing model saving until validation loss decreases by 0.0001
[2021-10-27 04:10:25,124][core.trainer][INFO] - Computing metrics for 'test' dataset
[2021-10-27 04:11:16,984][core.metrics.meter][INFO] - Meter:
SequenceAccuracy:	0.984
TokenAccuracy:	1.000
LengthAccuracy:	0.984
1st Token Accuracy:	1.000
2nd Token Accuracy:	1.000
Average Loss:	0.035
[2021-10-27 04:11:16,984][core.trainer][INFO] - Computing metrics for 'gen' dataset
[2021-10-27 04:12:23,639][core.metrics.meter][INFO] - Meter:
SequenceAccuracy:	0.000
TokenAccuracy:	0.288
LengthAccuracy:	0.968
1st Token Accuracy:	0.236
2nd Token Accuracy:	0.068
Average Loss:	5.500
[2021-10-27 04:12:23,639][core.trainer][INFO] - EPOCH 36 / 50
[2021-10-27 04:12:23,639][core.trainer][INFO] - Computing metrics for 'train' dataset
[2021-10-27 04:12:56,463][core.trainer][INFO] - Computing metrics for 'val' dataset
[2021-10-27 04:13:00,631][core.metrics.meter][INFO] - Meter:
SequenceAccuracy:	0.984
TokenAccuracy:	1.000
LengthAccuracy:	0.984
1st Token Accuracy:	1.000
2nd Token Accuracy:	1.000
Average Loss:	0.034
[2021-10-27 04:13:00,740][core.early_stopping][INFO] - Early stopping counter: 20 / 5
[2021-10-27 04:13:00,790][core.early_stopping][INFO] - Pausing model saving until validation loss decreases by 0.0001
[2021-10-27 04:13:00,790][core.trainer][INFO] - Computing metrics for 'test' dataset
[2021-10-27 04:13:41,228][core.metrics.meter][INFO] - Meter:
SequenceAccuracy:	0.985
TokenAccuracy:	1.000
LengthAccuracy:	0.985
1st Token Accuracy:	1.000
2nd Token Accuracy:	1.000
Average Loss:	0.034
[2021-10-27 04:13:41,229][core.trainer][INFO] - Computing metrics for 'gen' dataset
[2021-10-27 04:14:33,135][core.metrics.meter][INFO] - Meter:
SequenceAccuracy:	0.000
TokenAccuracy:	0.287
LengthAccuracy:	0.970
1st Token Accuracy:	0.235
2nd Token Accuracy:	0.068
Average Loss:	5.514
[2021-10-27 04:14:33,136][core.trainer][INFO] - EPOCH 37 / 50
[2021-10-27 04:14:33,136][core.trainer][INFO] - Computing metrics for 'train' dataset
[2021-10-27 04:15:05,759][core.trainer][INFO] - Computing metrics for 'val' dataset
[2021-10-27 04:15:11,083][core.metrics.meter][INFO] - Meter:
SequenceAccuracy:	0.983
TokenAccuracy:	1.000
LengthAccuracy:	0.983
1st Token Accuracy:	1.000
2nd Token Accuracy:	1.000
Average Loss:	0.037
[2021-10-27 04:15:11,218][core.early_stopping][INFO] - Early stopping counter: 21 / 5
[2021-10-27 04:15:11,267][core.early_stopping][INFO] - Pausing model saving until validation loss decreases by 0.0001
[2021-10-27 04:15:11,267][core.trainer][INFO] - Computing metrics for 'test' dataset
[2021-10-27 04:16:03,166][core.metrics.meter][INFO] - Meter:
SequenceAccuracy:	0.981
TokenAccuracy:	1.000
LengthAccuracy:	0.981
1st Token Accuracy:	1.000
2nd Token Accuracy:	1.000
Average Loss:	0.043
[2021-10-27 04:16:03,167][core.trainer][INFO] - Computing metrics for 'gen' dataset
[2021-10-27 04:17:09,852][core.metrics.meter][INFO] - Meter:
SequenceAccuracy:	0.000
TokenAccuracy:	0.286
LengthAccuracy:	0.971
1st Token Accuracy:	0.235
2nd Token Accuracy:	0.068
Average Loss:	5.531
[2021-10-27 04:17:09,852][core.trainer][INFO] - EPOCH 38 / 50
[2021-10-27 04:17:09,852][core.trainer][INFO] - Computing metrics for 'train' dataset
[2021-10-27 04:17:42,402][core.trainer][INFO] - Computing metrics for 'val' dataset
[2021-10-27 04:17:46,576][core.metrics.meter][INFO] - Meter:
SequenceAccuracy:	0.983
TokenAccuracy:	1.000
LengthAccuracy:	0.983
1st Token Accuracy:	1.000
2nd Token Accuracy:	1.000
Average Loss:	0.039
[2021-10-27 04:17:46,714][core.early_stopping][INFO] - Early stopping counter: 22 / 5
[2021-10-27 04:17:46,764][core.early_stopping][INFO] - Pausing model saving until validation loss decreases by 0.0001
[2021-10-27 04:17:46,764][core.trainer][INFO] - Computing metrics for 'test' dataset
[2021-10-27 04:18:27,226][core.metrics.meter][INFO] - Meter:
SequenceAccuracy:	0.982
TokenAccuracy:	1.000
LengthAccuracy:	0.982
1st Token Accuracy:	1.000
2nd Token Accuracy:	1.000
Average Loss:	0.041
[2021-10-27 04:18:27,227][core.trainer][INFO] - Computing metrics for 'gen' dataset
[2021-10-27 04:19:33,832][core.metrics.meter][INFO] - Meter:
SequenceAccuracy:	0.000
TokenAccuracy:	0.286
LengthAccuracy:	0.971
1st Token Accuracy:	0.233
2nd Token Accuracy:	0.067
Average Loss:	5.537
[2021-10-27 04:19:33,832][core.trainer][INFO] - EPOCH 39 / 50
[2021-10-27 04:19:33,832][core.trainer][INFO] - Computing metrics for 'train' dataset
[2021-10-27 04:20:06,431][core.trainer][INFO] - Computing metrics for 'val' dataset
[2021-10-27 04:20:10,629][core.metrics.meter][INFO] - Meter:
SequenceAccuracy:	0.986
TokenAccuracy:	1.000
LengthAccuracy:	0.986
1st Token Accuracy:	1.000
2nd Token Accuracy:	1.000
Average Loss:	0.033
[2021-10-27 04:20:43,557][core.trainer][INFO] - Computing metrics for 'val' dataset
[2021-10-27 04:20:48,872][core.metrics.meter][INFO] - Meter:
SequenceAccuracy:	0.985
TokenAccuracy:	1.000
LengthAccuracy:	0.985
1st Token Accuracy:	1.000
2nd Token Accuracy:	1.000
Average Loss:	0.035
[2021-10-27 04:21:22,053][core.trainer][INFO] - Computing metrics for 'val' dataset
[2021-10-27 04:21:26,223][core.metrics.meter][INFO] - Meter:
SequenceAccuracy:	0.985
TokenAccuracy:	1.000
LengthAccuracy:	0.985
1st Token Accuracy:	1.000
2nd Token Accuracy:	1.000
Average Loss:	0.030
[2021-10-27 04:21:26,352][core.early_stopping][INFO] - Early stopping counter: 1 / 5
[2021-10-27 04:21:26,401][core.early_stopping][INFO] - Pausing model saving until validation loss decreases by 0.0001
[2021-10-27 04:21:58,930][core.trainer][INFO] - Computing metrics for 'val' dataset
[2021-10-27 04:22:03,097][core.metrics.meter][INFO] - Meter:
SequenceAccuracy:	0.986
TokenAccuracy:	1.000
LengthAccuracy:	0.986
1st Token Accuracy:	1.000
2nd Token Accuracy:	1.000
Average Loss:	0.029
[2021-10-27 04:22:03,200][core.early_stopping][INFO] - Early stopping counter: 2 / 5
[2021-10-27 04:22:03,249][core.early_stopping][INFO] - Pausing model saving until validation loss decreases by 0.0001
[2021-10-27 04:22:35,919][core.trainer][INFO] - Computing metrics for 'val' dataset
[2021-10-27 04:22:41,248][core.metrics.meter][INFO] - Meter:
SequenceAccuracy:	0.985
TokenAccuracy:	1.000
LengthAccuracy:	0.985
1st Token Accuracy:	1.000
2nd Token Accuracy:	1.000
Average Loss:	0.032
[2021-10-27 04:22:41,357][core.early_stopping][INFO] - Early stopping counter: 3 / 5
[2021-10-27 04:22:41,407][core.early_stopping][INFO] - Pausing model saving until validation loss decreases by 0.0001
[2021-10-27 04:23:14,013][core.trainer][INFO] - Computing metrics for 'val' dataset
[2021-10-27 04:23:18,178][core.metrics.meter][INFO] - Meter:
SequenceAccuracy:	0.985
TokenAccuracy:	1.000
LengthAccuracy:	0.985
1st Token Accuracy:	1.000
2nd Token Accuracy:	1.000
Average Loss:	0.035
[2021-10-27 04:23:18,307][core.early_stopping][INFO] - Early stopping counter: 4 / 5
[2021-10-27 04:23:18,357][core.early_stopping][INFO] - Pausing model saving until validation loss decreases by 0.0001
[2021-10-27 04:23:51,069][core.trainer][INFO] - Computing metrics for 'val' dataset
[2021-10-27 04:23:56,387][core.metrics.meter][INFO] - Meter:
SequenceAccuracy:	0.986
TokenAccuracy:	1.000
LengthAccuracy:	0.986
1st Token Accuracy:	1.000
2nd Token Accuracy:	1.000
Average Loss:	0.032
[2021-10-27 04:23:56,489][core.early_stopping][INFO] - Early stopping counter: 5 / 5
[2021-10-27 04:23:56,539][core.early_stopping][INFO] - Pausing model saving until validation loss decreases by 0.0001
[2021-10-27 04:23:56,539][core.trainer][INFO] - Computing metrics for 'test' dataset
[2021-10-27 04:24:48,375][core.metrics.meter][INFO] - Meter:
SequenceAccuracy:	0.984
TokenAccuracy:	1.000
LengthAccuracy:	0.984
1st Token Accuracy:	1.000
2nd Token Accuracy:	1.000
Average Loss:	0.036
[2021-10-27 04:24:48,375][core.trainer][INFO] - Computing metrics for 'gen' dataset
[2021-10-27 04:25:54,919][core.metrics.meter][INFO] - Meter:
SequenceAccuracy:	0.000
TokenAccuracy:	0.279
LengthAccuracy:	0.977
1st Token Accuracy:	0.230
2nd Token Accuracy:	0.066
Average Loss:	5.643
[2021-10-27 04:25:54,920][core.trainer][INFO] - EPOCH 40 / 50
[2021-10-27 04:25:54,920][core.trainer][INFO] - Computing metrics for 'train' dataset
[2021-10-27 04:26:27,635][core.trainer][INFO] - Computing metrics for 'val' dataset
[2021-10-27 04:26:32,959][core.metrics.meter][INFO] - Meter:
SequenceAccuracy:	0.983
TokenAccuracy:	1.000
LengthAccuracy:	0.983
1st Token Accuracy:	1.000
2nd Token Accuracy:	1.000
Average Loss:	0.038
[2021-10-27 04:26:33,062][core.early_stopping][INFO] - Early stopping counter: 6 / 5
[2021-10-27 04:26:33,112][core.early_stopping][INFO] - Pausing model saving until validation loss decreases by 0.0001
[2021-10-27 04:26:33,112][core.trainer][INFO] - Computing metrics for 'test' dataset
[2021-10-27 04:27:25,053][core.metrics.meter][INFO] - Meter:
SequenceAccuracy:	0.983
TokenAccuracy:	1.000
LengthAccuracy:	0.983
1st Token Accuracy:	1.000
2nd Token Accuracy:	1.000
Average Loss:	0.039
[2021-10-27 04:27:25,053][core.trainer][INFO] - Computing metrics for 'gen' dataset
[2021-10-27 04:28:31,738][core.metrics.meter][INFO] - Meter:
SequenceAccuracy:	0.000
TokenAccuracy:	0.278
LengthAccuracy:	0.972
1st Token Accuracy:	0.235
2nd Token Accuracy:	0.065
Average Loss:	5.664
[2021-10-27 04:28:31,738][core.trainer][INFO] - EPOCH 41 / 50
[2021-10-27 04:28:31,738][core.trainer][INFO] - Computing metrics for 'train' dataset
[2021-10-27 04:29:04,436][core.trainer][INFO] - Computing metrics for 'val' dataset
[2021-10-27 04:29:08,636][core.metrics.meter][INFO] - Meter:
SequenceAccuracy:	0.985
TokenAccuracy:	1.000
LengthAccuracy:	0.985
1st Token Accuracy:	1.000
2nd Token Accuracy:	1.000
Average Loss:	0.032
[2021-10-27 04:29:08,736][core.early_stopping][INFO] - Early stopping counter: 7 / 5
[2021-10-27 04:29:08,786][core.early_stopping][INFO] - Pausing model saving until validation loss decreases by 0.0001
[2021-10-27 04:29:08,786][core.trainer][INFO] - Computing metrics for 'test' dataset
[2021-10-27 04:29:49,633][core.metrics.meter][INFO] - Meter:
SequenceAccuracy:	0.983
TokenAccuracy:	1.000
LengthAccuracy:	0.983
1st Token Accuracy:	1.000
2nd Token Accuracy:	1.000
Average Loss:	0.037
[2021-10-27 04:29:49,633][core.trainer][INFO] - Computing metrics for 'gen' dataset
[2021-10-27 04:30:42,133][core.metrics.meter][INFO] - Meter:
SequenceAccuracy:	0.000
TokenAccuracy:	0.278
LengthAccuracy:	0.973
1st Token Accuracy:	0.231
2nd Token Accuracy:	0.065
Average Loss:	5.664
[2021-10-27 04:30:42,133][core.trainer][INFO] - EPOCH 42 / 50
[2021-10-27 04:30:42,133][core.trainer][INFO] - Computing metrics for 'train' dataset
[2021-10-27 04:31:14,839][core.trainer][INFO] - Computing metrics for 'val' dataset
[2021-10-27 04:31:20,167][core.metrics.meter][INFO] - Meter:
SequenceAccuracy:	0.985
TokenAccuracy:	1.000
LengthAccuracy:	0.985
1st Token Accuracy:	1.000
2nd Token Accuracy:	1.000
Average Loss:	0.031
[2021-10-27 04:31:20,334][core.early_stopping][INFO] - Early stopping counter: 8 / 5
[2021-10-27 04:31:20,334][core.early_stopping][INFO] - Pausing model saving until validation loss decreases by 0.0001
[2021-10-27 04:31:20,334][core.trainer][INFO] - Computing metrics for 'test' dataset
[2021-10-27 04:32:12,201][core.metrics.meter][INFO] - Meter:
SequenceAccuracy:	0.984
TokenAccuracy:	1.000
LengthAccuracy:	0.984
1st Token Accuracy:	1.000
2nd Token Accuracy:	1.000
Average Loss:	0.036
[2021-10-27 04:32:12,202][core.trainer][INFO] - Computing metrics for 'gen' dataset
[2021-10-27 04:33:18,841][core.metrics.meter][INFO] - Meter:
SequenceAccuracy:	0.000
TokenAccuracy:	0.278
LengthAccuracy:	0.973
1st Token Accuracy:	0.233
2nd Token Accuracy:	0.067
Average Loss:	5.674
[2021-10-27 04:33:18,841][core.trainer][INFO] - EPOCH 43 / 50
[2021-10-27 04:33:18,841][core.trainer][INFO] - Computing metrics for 'train' dataset
[2021-10-27 04:33:51,565][core.trainer][INFO] - Computing metrics for 'val' dataset
[2021-10-27 04:33:55,731][core.metrics.meter][INFO] - Meter:
SequenceAccuracy:	0.983
TokenAccuracy:	1.000
LengthAccuracy:	0.983
1st Token Accuracy:	1.000
2nd Token Accuracy:	1.000
Average Loss:	0.035
[2021-10-27 04:33:55,846][core.early_stopping][INFO] - Early stopping counter: 9 / 5
[2021-10-27 04:33:55,896][core.early_stopping][INFO] - Pausing model saving until validation loss decreases by 0.0001
[2021-10-27 04:33:55,896][core.trainer][INFO] - Computing metrics for 'test' dataset
[2021-10-27 04:34:36,451][core.metrics.meter][INFO] - Meter:
SequenceAccuracy:	0.983
TokenAccuracy:	1.000
LengthAccuracy:	0.983
1st Token Accuracy:	1.000
2nd Token Accuracy:	1.000
Average Loss:	0.042
[2021-10-27 04:34:36,451][core.trainer][INFO] - Computing metrics for 'gen' dataset
[2021-10-27 04:35:32,274][core.metrics.meter][INFO] - Meter:
SequenceAccuracy:	0.000
TokenAccuracy:	0.277
LengthAccuracy:	0.972
1st Token Accuracy:	0.234
2nd Token Accuracy:	0.065
Average Loss:	5.693
[2021-10-27 04:35:32,274][core.trainer][INFO] - EPOCH 44 / 50
[2021-10-27 04:35:32,274][core.trainer][INFO] - Computing metrics for 'train' dataset
[2021-10-27 04:36:04,861][core.trainer][INFO] - Computing metrics for 'val' dataset
[2021-10-27 04:36:09,056][core.metrics.meter][INFO] - Meter:
SequenceAccuracy:	0.984
TokenAccuracy:	1.000
LengthAccuracy:	0.984
1st Token Accuracy:	1.000
2nd Token Accuracy:	1.000
Average Loss:	0.035
[2021-10-27 04:36:09,157][core.early_stopping][INFO] - Early stopping counter: 10 / 5
[2021-10-27 04:36:09,206][core.early_stopping][INFO] - Pausing model saving until validation loss decreases by 0.0001
[2021-10-27 04:36:09,207][core.trainer][INFO] - Computing metrics for 'test' dataset
[2021-10-27 04:36:50,058][core.metrics.meter][INFO] - Meter:
SequenceAccuracy:	0.982
TokenAccuracy:	1.000
LengthAccuracy:	0.982
1st Token Accuracy:	1.000
2nd Token Accuracy:	1.000
Average Loss:	0.039
[2021-10-27 04:36:50,059][core.trainer][INFO] - Computing metrics for 'gen' dataset
[2021-10-27 04:37:42,540][core.metrics.meter][INFO] - Meter:
SequenceAccuracy:	0.000
TokenAccuracy:	0.276
LengthAccuracy:	0.973
1st Token Accuracy:	0.230
2nd Token Accuracy:	0.066
Average Loss:	5.708
[2021-10-27 04:37:42,540][core.trainer][INFO] - EPOCH 45 / 50
[2021-10-27 04:37:42,540][core.trainer][INFO] - Computing metrics for 'train' dataset
[2021-10-27 04:38:15,357][core.trainer][INFO] - Computing metrics for 'val' dataset
[2021-10-27 04:38:19,515][core.metrics.meter][INFO] - Meter:
SequenceAccuracy:	0.982
TokenAccuracy:	1.000
LengthAccuracy:	0.982
1st Token Accuracy:	1.000
2nd Token Accuracy:	1.000
Average Loss:	0.040
[2021-10-27 04:38:19,629][core.early_stopping][INFO] - Early stopping counter: 11 / 5
[2021-10-27 04:38:19,679][core.early_stopping][INFO] - Pausing model saving until validation loss decreases by 0.0001
[2021-10-27 04:38:19,679][core.trainer][INFO] - Computing metrics for 'test' dataset
[2021-10-27 04:39:00,096][core.metrics.meter][INFO] - Meter:
SequenceAccuracy:	0.984
TokenAccuracy:	1.000
LengthAccuracy:	0.984
1st Token Accuracy:	1.000
2nd Token Accuracy:	1.000
Average Loss:	0.036
[2021-10-27 04:39:00,096][core.trainer][INFO] - Computing metrics for 'gen' dataset
[2021-10-27 04:39:52,071][core.metrics.meter][INFO] - Meter:
SequenceAccuracy:	0.000
TokenAccuracy:	0.275
LengthAccuracy:	0.981
1st Token Accuracy:	0.231
2nd Token Accuracy:	0.064
Average Loss:	5.731
[2021-10-27 04:39:52,072][core.trainer][INFO] - EPOCH 46 / 50
[2021-10-27 04:39:52,072][core.trainer][INFO] - Computing metrics for 'train' dataset
[2021-10-27 04:40:24,690][core.trainer][INFO] - Computing metrics for 'val' dataset
[2021-10-27 04:40:28,898][core.metrics.meter][INFO] - Meter:
SequenceAccuracy:	0.983
TokenAccuracy:	1.000
LengthAccuracy:	0.983
1st Token Accuracy:	1.000
2nd Token Accuracy:	1.000
Average Loss:	0.035
[2021-10-27 04:40:29,001][core.early_stopping][INFO] - Early stopping counter: 12 / 5
[2021-10-27 04:40:29,051][core.early_stopping][INFO] - Pausing model saving until validation loss decreases by 0.0001
[2021-10-27 04:40:29,051][core.trainer][INFO] - Computing metrics for 'test' dataset
[2021-10-27 04:41:09,872][core.metrics.meter][INFO] - Meter:
SequenceAccuracy:	0.984
TokenAccuracy:	1.000
LengthAccuracy:	0.984
1st Token Accuracy:	1.000
2nd Token Accuracy:	1.000
Average Loss:	0.038
[2021-10-27 04:41:09,872][core.trainer][INFO] - Computing metrics for 'gen' dataset
[2021-10-27 04:42:02,372][core.metrics.meter][INFO] - Meter:
SequenceAccuracy:	0.000
TokenAccuracy:	0.276
LengthAccuracy:	0.978
1st Token Accuracy:	0.231
2nd Token Accuracy:	0.064
Average Loss:	5.723
[2021-10-27 04:42:02,372][core.trainer][INFO] - EPOCH 47 / 50
[2021-10-27 04:42:02,372][core.trainer][INFO] - Computing metrics for 'train' dataset
[2021-10-27 04:42:34,994][core.trainer][INFO] - Computing metrics for 'val' dataset
[2021-10-27 04:42:39,162][core.metrics.meter][INFO] - Meter:
SequenceAccuracy:	0.985
TokenAccuracy:	1.000
LengthAccuracy:	0.985
1st Token Accuracy:	1.000
2nd Token Accuracy:	1.000
Average Loss:	0.031
[2021-10-27 04:42:39,276][core.early_stopping][INFO] - Early stopping counter: 13 / 5
[2021-10-27 04:42:39,325][core.early_stopping][INFO] - Pausing model saving until validation loss decreases by 0.0001
[2021-10-27 04:42:39,325][core.trainer][INFO] - Computing metrics for 'test' dataset
[2021-10-27 04:43:19,820][core.metrics.meter][INFO] - Meter:
SequenceAccuracy:	0.984
TokenAccuracy:	1.000
LengthAccuracy:	0.984
1st Token Accuracy:	1.000
2nd Token Accuracy:	1.000
Average Loss:	0.036
[2021-10-27 04:43:19,821][core.trainer][INFO] - Computing metrics for 'gen' dataset
[2021-10-27 04:44:11,893][core.metrics.meter][INFO] - Meter:
SequenceAccuracy:	0.000
TokenAccuracy:	0.274
LengthAccuracy:	0.977
1st Token Accuracy:	0.231
2nd Token Accuracy:	0.064
Average Loss:	5.740
[2021-10-27 04:44:11,893][core.trainer][INFO] - EPOCH 48 / 50
[2021-10-27 04:44:11,894][core.trainer][INFO] - Computing metrics for 'train' dataset
[2021-10-27 04:44:44,761][core.trainer][INFO] - Computing metrics for 'val' dataset
[2021-10-27 04:44:48,929][core.metrics.meter][INFO] - Meter:
SequenceAccuracy:	0.982
TokenAccuracy:	1.000
LengthAccuracy:	0.982
1st Token Accuracy:	1.000
2nd Token Accuracy:	1.000
Average Loss:	0.036
[2021-10-27 04:44:49,030][core.early_stopping][INFO] - Early stopping counter: 14 / 5
[2021-10-27 04:44:49,079][core.early_stopping][INFO] - Pausing model saving until validation loss decreases by 0.0001
[2021-10-27 04:44:49,079][core.trainer][INFO] - Computing metrics for 'test' dataset
[2021-10-27 04:45:29,534][core.metrics.meter][INFO] - Meter:
SequenceAccuracy:	0.984
TokenAccuracy:	1.000
LengthAccuracy:	0.984
1st Token Accuracy:	1.000
2nd Token Accuracy:	1.000
Average Loss:	0.036
[2021-10-27 04:45:29,535][core.trainer][INFO] - Computing metrics for 'gen' dataset
[2021-10-27 04:46:21,604][core.metrics.meter][INFO] - Meter:
SequenceAccuracy:	0.000
TokenAccuracy:	0.274
LengthAccuracy:	0.979
1st Token Accuracy:	0.233
2nd Token Accuracy:	0.063
Average Loss:	5.753
[2021-10-27 04:46:21,604][core.trainer][INFO] - EPOCH 49 / 50
[2021-10-27 04:46:21,604][core.trainer][INFO] - Computing metrics for 'train' dataset
[2021-10-27 04:46:54,318][core.trainer][INFO] - Computing metrics for 'val' dataset
[2021-10-27 04:46:58,486][core.metrics.meter][INFO] - Meter:
SequenceAccuracy:	0.983
TokenAccuracy:	1.000
LengthAccuracy:	0.983
1st Token Accuracy:	1.000
2nd Token Accuracy:	1.000
Average Loss:	0.038
[2021-10-27 04:46:58,643][core.early_stopping][INFO] - Early stopping counter: 15 / 5
[2021-10-27 04:46:58,643][core.early_stopping][INFO] - Pausing model saving until validation loss decreases by 0.0001
[2021-10-27 04:46:58,643][core.trainer][INFO] - Computing metrics for 'test' dataset
[2021-10-27 04:47:39,172][core.metrics.meter][INFO] - Meter:
SequenceAccuracy:	0.983
TokenAccuracy:	1.000
LengthAccuracy:	0.983
1st Token Accuracy:	1.000
2nd Token Accuracy:	1.000
Average Loss:	0.038
[2021-10-27 04:47:39,172][core.trainer][INFO] - Computing metrics for 'gen' dataset
[2021-10-27 04:48:31,249][core.metrics.meter][INFO] - Meter:
SequenceAccuracy:	0.000
TokenAccuracy:	0.276
LengthAccuracy:	0.978
1st Token Accuracy:	0.235
2nd Token Accuracy:	0.063
Average Loss:	5.753
[2021-10-27 04:48:31,250][core.trainer][INFO] - EPOCH 50 / 50
[2021-10-27 04:48:31,250][core.trainer][INFO] - Computing metrics for 'train' dataset
[2021-10-27 04:49:03,888][core.trainer][INFO] - Computing metrics for 'val' dataset
[2021-10-27 04:49:08,049][core.metrics.meter][INFO] - Meter:
SequenceAccuracy:	0.983
TokenAccuracy:	1.000
LengthAccuracy:	0.983
1st Token Accuracy:	1.000
2nd Token Accuracy:	1.000
Average Loss:	0.038
[2021-10-27 04:49:08,150][core.early_stopping][INFO] - Early stopping counter: 16 / 5
[2021-10-27 04:49:08,199][core.early_stopping][INFO] - Pausing model saving until validation loss decreases by 0.0001
[2021-10-27 04:49:08,200][core.trainer][INFO] - Computing metrics for 'test' dataset
[2021-10-27 04:49:48,688][core.metrics.meter][INFO] - Meter:
SequenceAccuracy:	0.983
TokenAccuracy:	1.000
LengthAccuracy:	0.983
1st Token Accuracy:	1.000
2nd Token Accuracy:	1.000
Average Loss:	0.038
[2021-10-27 04:49:48,688][core.trainer][INFO] - Computing metrics for 'gen' dataset
[2021-10-27 04:50:40,722][core.metrics.meter][INFO] - Meter:
SequenceAccuracy:	0.000
TokenAccuracy:	0.274
LengthAccuracy:	0.979
1st Token Accuracy:	0.232
2nd Token Accuracy:	0.064
Average Loss:	5.772
