experiment:
  dataset:
    name: ms-passivization-de
    input: ms-passivization.tsv
    source_format: sequence
    target_format: sequence
    overwrite: false
    transform_field: target
    splits:
      train: 80
      test: 10
      val: 10
  hyperparameters:
    epochs: 50
    batch_size: 5
    lr: 0.001
    tolerance: 0.0001
    num_iters_eval: 1000
    min_iters: 30000
    patience: 5
    tf_ratio: 0.5
    cuda: 0
  model:
    name: LSTM-Multiplicative
    encoder:
      unit: LSTM
      type: sequence
      dropout: 0
      num_layers: 1
      hidden_size: 256
      max_length: 0
      embedding_size: 256
      bidirectional: false
    decoder:
      unit: LSTM
      type: sequence
      dropout: 0
      num_layers: 1
      max_length: 30
      hidden_size: 256
      attention: Multiplicative
      embedding_size: 256
  name: passiv-de-lstm-1layer
pretty_print: true

[2021-10-26 19:04:58,332][core.trainer][INFO] - DEVICE: cuda
[2021-10-26 19:04:58,334][core.dataset.base_dataset][INFO] - Initializing dataset
[2021-10-26 19:04:58,335][core.dataset.base_dataset][INFO] - Constructing fields from dataset.
[2021-10-26 19:05:01,232][core.trainer][INFO] - TransductionDataset(
 splits: [val (1000 sequences), train (100000 sequences), test (10000 sequences), gen (10000 sequences)]
 fields: [source, annotation, target]
)
[2021-10-26 19:05:01,234][core.models.base_model][INFO] - Initializing model
[2021-10-26 19:05:05,221][core.trainer][INFO] - TransductionModel(
  (_encoder): TransductionSequenceEncoder(
    (module): Sequential(
      (0): Embedding(83, 256)
      (1): LSTM(256, 256)
    )
  )
  (_decoder): LSTMSequenceDecoder(
    (_embedding): Embedding(97, 256)
    (_unit): LSTM(512, 256)
    (_out): Linear(in_features=256, out_features=97, bias=True)
    (_attention): MultiplicativeAttention(
      (key_map): Linear(in_features=256, out_features=256, bias=True)
      (val_map): Linear(in_features=256, out_features=256, bias=True)
    )
  )
)
[2021-10-26 19:05:05,224][core.trainer][INFO] - Beginning training
[2021-10-26 19:05:05,271][core.metrics.meter][INFO] - Logging with tensorboard; view with `tensorboard --logdir=/scratch/lw2534/lab/transductions/outputs/passiv-de-lstm-1layer/LSTM-Multiplicative/2021-10-26_19-04-57/tensorboard`
[2021-10-26 19:05:05,271][core.trainer][INFO] - EPOCH 1 / 50
[2021-10-26 19:05:05,271][core.trainer][INFO] - Computing metrics for 'train' dataset
[2021-10-26 19:05:23,001][core.trainer][INFO] - Computing metrics for 'val' dataset
[2021-10-26 19:05:24,684][core.metrics.meter][INFO] - Meter:
SequenceAccuracy:	0.000
TokenAccuracy:	0.081
LengthAccuracy:	0.615
1st Token Accuracy:	0.001
2nd Token Accuracy:	0.000
Average Loss:	4.532
[2021-10-26 19:05:41,538][core.trainer][INFO] - Computing metrics for 'val' dataset
[2021-10-26 19:05:43,090][core.metrics.meter][INFO] - Meter:
SequenceAccuracy:	0.000
TokenAccuracy:	0.111
LengthAccuracy:	0.361
1st Token Accuracy:	0.000
2nd Token Accuracy:	0.000
Average Loss:	4.441
[2021-10-26 19:06:00,598][core.trainer][INFO] - Computing metrics for 'val' dataset
[2021-10-26 19:06:01,735][core.metrics.meter][INFO] - Meter:
SequenceAccuracy:	0.000
TokenAccuracy:	0.106
LengthAccuracy:	0.441
1st Token Accuracy:	0.000
2nd Token Accuracy:	0.000
Average Loss:	4.335
[2021-10-26 19:06:18,452][core.trainer][INFO] - Computing metrics for 'val' dataset
[2021-10-26 19:06:19,457][core.metrics.meter][INFO] - Meter:
SequenceAccuracy:	0.000
TokenAccuracy:	0.105
LengthAccuracy:	0.396
1st Token Accuracy:	0.000
2nd Token Accuracy:	0.000
Average Loss:	4.234
[2021-10-26 19:06:34,738][core.trainer][INFO] - Computing metrics for 'val' dataset
[2021-10-26 19:06:35,603][core.metrics.meter][INFO] - Meter:
SequenceAccuracy:	0.000
TokenAccuracy:	0.111
LengthAccuracy:	0.283
1st Token Accuracy:	0.000
2nd Token Accuracy:	0.000
Average Loss:	4.167
[2021-10-26 19:06:48,771][core.trainer][INFO] - Computing metrics for 'val' dataset
[2021-10-26 19:06:49,638][core.metrics.meter][INFO] - Meter:
SequenceAccuracy:	0.000
TokenAccuracy:	0.106
LengthAccuracy:	0.130
1st Token Accuracy:	0.000
2nd Token Accuracy:	0.000
Average Loss:	4.142
[2021-10-26 19:07:01,960][core.trainer][INFO] - Computing metrics for 'val' dataset
[2021-10-26 19:07:02,784][core.metrics.meter][INFO] - Meter:
SequenceAccuracy:	0.000
TokenAccuracy:	0.102
LengthAccuracy:	0.061
1st Token Accuracy:	0.000
2nd Token Accuracy:	0.000
Average Loss:	4.117
[2021-10-26 19:07:13,888][core.trainer][INFO] - Computing metrics for 'val' dataset
[2021-10-26 19:07:14,625][core.metrics.meter][INFO] - Meter:
SequenceAccuracy:	0.000
TokenAccuracy:	0.099
LengthAccuracy:	0.026
1st Token Accuracy:	0.000
2nd Token Accuracy:	0.000
Average Loss:	4.103
[2021-10-26 19:07:25,591][core.trainer][INFO] - Computing metrics for 'val' dataset
[2021-10-26 19:07:26,395][core.metrics.meter][INFO] - Meter:
SequenceAccuracy:	0.000
TokenAccuracy:	0.099
LengthAccuracy:	0.019
1st Token Accuracy:	0.000
2nd Token Accuracy:	0.000
Average Loss:	4.079
[2021-10-26 19:07:37,815][core.trainer][INFO] - Computing metrics for 'val' dataset
[2021-10-26 19:07:38,687][core.metrics.meter][INFO] - Meter:
SequenceAccuracy:	0.000
TokenAccuracy:	0.098
LengthAccuracy:	0.008
1st Token Accuracy:	0.000
2nd Token Accuracy:	0.001
Average Loss:	4.057
[2021-10-26 19:07:49,473][core.trainer][INFO] - Computing metrics for 'val' dataset
[2021-10-26 19:07:50,347][core.metrics.meter][INFO] - Meter:
SequenceAccuracy:	0.000
TokenAccuracy:	0.098
LengthAccuracy:	0.000
1st Token Accuracy:	0.001
2nd Token Accuracy:	0.000
Average Loss:	4.046
[2021-10-26 19:08:01,795][core.trainer][INFO] - Computing metrics for 'val' dataset
[2021-10-26 19:08:02,817][core.metrics.meter][INFO] - Meter:
SequenceAccuracy:	0.000
TokenAccuracy:	0.101
LengthAccuracy:	0.001
1st Token Accuracy:	0.001
2nd Token Accuracy:	0.000
Average Loss:	4.018
[2021-10-26 19:08:14,918][core.trainer][INFO] - Computing metrics for 'val' dataset
[2021-10-26 19:08:16,052][core.metrics.meter][INFO] - Meter:
SequenceAccuracy:	0.000
TokenAccuracy:	0.117
LengthAccuracy:	0.081
1st Token Accuracy:	0.001
2nd Token Accuracy:	0.000
Average Loss:	3.977
[2021-10-26 19:08:28,677][core.trainer][INFO] - Computing metrics for 'val' dataset
[2021-10-26 19:08:29,829][core.metrics.meter][INFO] - Meter:
SequenceAccuracy:	0.000
TokenAccuracy:	0.125
LengthAccuracy:	0.128
1st Token Accuracy:	0.001
2nd Token Accuracy:	0.001
Average Loss:	3.950
[2021-10-26 19:08:42,344][core.trainer][INFO] - Computing metrics for 'val' dataset
[2021-10-26 19:08:43,537][core.metrics.meter][INFO] - Meter:
SequenceAccuracy:	0.000
TokenAccuracy:	0.127
LengthAccuracy:	0.130
1st Token Accuracy:	0.001
2nd Token Accuracy:	0.011
Average Loss:	3.931
[2021-10-26 19:08:56,013][core.trainer][INFO] - Computing metrics for 'val' dataset
[2021-10-26 19:08:57,239][core.metrics.meter][INFO] - Meter:
SequenceAccuracy:	0.000
TokenAccuracy:	0.125
LengthAccuracy:	0.118
1st Token Accuracy:	0.001
2nd Token Accuracy:	0.026
Average Loss:	3.922
[2021-10-26 19:09:10,021][core.trainer][INFO] - Computing metrics for 'val' dataset
[2021-10-26 19:09:11,500][core.metrics.meter][INFO] - Meter:
SequenceAccuracy:	0.000
TokenAccuracy:	0.127
LengthAccuracy:	0.121
1st Token Accuracy:	0.008
2nd Token Accuracy:	0.027
Average Loss:	3.906
[2021-10-26 19:09:25,894][core.trainer][INFO] - Computing metrics for 'val' dataset
[2021-10-26 19:09:27,361][core.metrics.meter][INFO] - Meter:
SequenceAccuracy:	0.000
TokenAccuracy:	0.130
LengthAccuracy:	0.126
1st Token Accuracy:	0.017
2nd Token Accuracy:	0.043
Average Loss:	3.890
[2021-10-26 19:09:41,891][core.trainer][INFO] - Computing metrics for 'val' dataset
[2021-10-26 19:09:43,075][core.metrics.meter][INFO] - Meter:
SequenceAccuracy:	0.000
TokenAccuracy:	0.124
LengthAccuracy:	0.127
1st Token Accuracy:	0.028
2nd Token Accuracy:	0.017
Average Loss:	3.881
[2021-10-26 19:09:57,087][core.trainer][INFO] - Computing metrics for 'val' dataset
[2021-10-26 19:09:58,277][core.metrics.meter][INFO] - Meter:
SequenceAccuracy:	0.000
TokenAccuracy:	0.122
LengthAccuracy:	0.135
1st Token Accuracy:	0.037
2nd Token Accuracy:	0.007
Average Loss:	3.877
[2021-10-26 19:09:58,416][core.trainer][INFO] - Computing metrics for 'test' dataset
[2021-10-26 19:10:09,685][core.metrics.meter][INFO] - Meter:
SequenceAccuracy:	0.000
TokenAccuracy:	0.116
LengthAccuracy:	0.150
1st Token Accuracy:	0.040
2nd Token Accuracy:	0.000
Average Loss:	3.871
[2021-10-26 19:10:09,687][core.trainer][INFO] - Computing metrics for 'gen' dataset
[2021-10-26 19:10:19,357][core.metrics.meter][INFO] - Meter:
SequenceAccuracy:	0.000
TokenAccuracy:	0.081
LengthAccuracy:	0.000
1st Token Accuracy:	0.090
2nd Token Accuracy:	0.000
Average Loss:	4.028
[2021-10-26 19:10:19,359][core.trainer][INFO] - EPOCH 2 / 50
[2021-10-26 19:10:19,359][core.trainer][INFO] - Computing metrics for 'train' dataset
[2021-10-26 19:10:33,072][core.trainer][INFO] - Computing metrics for 'val' dataset
[2021-10-26 19:10:34,262][core.metrics.meter][INFO] - Meter:
SequenceAccuracy:	0.000
TokenAccuracy:	0.124
LengthAccuracy:	0.128
1st Token Accuracy:	0.056
2nd Token Accuracy:	0.005
Average Loss:	3.866
[2021-10-26 19:10:48,341][core.trainer][INFO] - Computing metrics for 'val' dataset
[2021-10-26 19:10:49,507][core.metrics.meter][INFO] - Meter:
SequenceAccuracy:	0.000
TokenAccuracy:	0.131
LengthAccuracy:	0.125
1st Token Accuracy:	0.078
2nd Token Accuracy:	0.011
Average Loss:	3.854
[2021-10-26 19:11:02,351][core.trainer][INFO] - Computing metrics for 'val' dataset
[2021-10-26 19:11:03,571][core.metrics.meter][INFO] - Meter:
SequenceAccuracy:	0.000
TokenAccuracy:	0.136
LengthAccuracy:	0.127
1st Token Accuracy:	0.089
2nd Token Accuracy:	0.023
Average Loss:	3.838
[2021-10-26 19:11:16,067][core.trainer][INFO] - Computing metrics for 'val' dataset
[2021-10-26 19:11:17,231][core.metrics.meter][INFO] - Meter:
SequenceAccuracy:	0.000
TokenAccuracy:	0.135
LengthAccuracy:	0.117
1st Token Accuracy:	0.089
2nd Token Accuracy:	0.025
Average Loss:	3.827
[2021-10-26 19:11:17,306][core.early_stopping][INFO] - Early stopping counter: 1 / 5
[2021-10-26 19:11:17,341][core.early_stopping][INFO] - Pausing model saving until validation loss decreases by 0.0001
[2021-10-26 19:11:29,556][core.trainer][INFO] - Computing metrics for 'val' dataset
[2021-10-26 19:11:30,727][core.metrics.meter][INFO] - Meter:
SequenceAccuracy:	0.000
TokenAccuracy:	0.138
LengthAccuracy:	0.107
1st Token Accuracy:	0.094
2nd Token Accuracy:	0.042
Average Loss:	3.817
[2021-10-26 19:11:43,562][core.trainer][INFO] - Computing metrics for 'val' dataset
[2021-10-26 19:11:44,822][core.metrics.meter][INFO] - Meter:
SequenceAccuracy:	0.000
TokenAccuracy:	0.142
LengthAccuracy:	0.129
1st Token Accuracy:	0.088
2nd Token Accuracy:	0.056
Average Loss:	3.798
[2021-10-26 19:11:57,288][core.trainer][INFO] - Computing metrics for 'val' dataset
[2021-10-26 19:11:58,537][core.metrics.meter][INFO] - Meter:
SequenceAccuracy:	0.000
TokenAccuracy:	0.139
LengthAccuracy:	0.115
1st Token Accuracy:	0.085
2nd Token Accuracy:	0.071
Average Loss:	3.796
[2021-10-26 19:12:11,822][core.trainer][INFO] - Computing metrics for 'val' dataset
[2021-10-26 19:12:12,985][core.metrics.meter][INFO] - Meter:
SequenceAccuracy:	0.000
TokenAccuracy:	0.141
LengthAccuracy:	0.113
1st Token Accuracy:	0.090
2nd Token Accuracy:	0.070
Average Loss:	3.784
[2021-10-26 19:12:13,064][core.early_stopping][INFO] - Early stopping counter: 1 / 5
[2021-10-26 19:12:13,101][core.early_stopping][INFO] - Pausing model saving until validation loss decreases by 0.0001
[2021-10-26 19:12:27,355][core.trainer][INFO] - Computing metrics for 'val' dataset
[2021-10-26 19:12:28,572][core.metrics.meter][INFO] - Meter:
SequenceAccuracy:	0.000
TokenAccuracy:	0.142
LengthAccuracy:	0.117
1st Token Accuracy:	0.089
2nd Token Accuracy:	0.077
Average Loss:	3.774
[2021-10-26 19:12:43,147][core.trainer][INFO] - Computing metrics for 'val' dataset
[2021-10-26 19:12:44,343][core.metrics.meter][INFO] - Meter:
SequenceAccuracy:	0.000
TokenAccuracy:	0.141
LengthAccuracy:	0.118
1st Token Accuracy:	0.102
2nd Token Accuracy:	0.059
Average Loss:	3.766
[2021-10-26 19:12:44,422][core.early_stopping][INFO] - Early stopping counter: 1 / 5
[2021-10-26 19:12:44,460][core.early_stopping][INFO] - Pausing model saving until validation loss decreases by 0.0001
[2021-10-26 19:12:58,614][core.trainer][INFO] - Computing metrics for 'val' dataset
[2021-10-26 19:12:59,841][core.metrics.meter][INFO] - Meter:
SequenceAccuracy:	0.000
TokenAccuracy:	0.140
LengthAccuracy:	0.115
1st Token Accuracy:	0.104
2nd Token Accuracy:	0.061
Average Loss:	3.759
[2021-10-26 19:13:14,268][core.trainer][INFO] - Computing metrics for 'val' dataset
[2021-10-26 19:13:15,441][core.metrics.meter][INFO] - Meter:
SequenceAccuracy:	0.000
TokenAccuracy:	0.142
LengthAccuracy:	0.109
1st Token Accuracy:	0.112
2nd Token Accuracy:	0.068
Average Loss:	3.753
[2021-10-26 19:13:15,515][core.early_stopping][INFO] - Early stopping counter: 1 / 5
[2021-10-26 19:13:15,549][core.early_stopping][INFO] - Pausing model saving until validation loss decreases by 0.0001
[2021-10-26 19:13:28,910][core.trainer][INFO] - Computing metrics for 'val' dataset
[2021-10-26 19:13:30,126][core.metrics.meter][INFO] - Meter:
SequenceAccuracy:	0.000
TokenAccuracy:	0.141
LengthAccuracy:	0.112
1st Token Accuracy:	0.101
2nd Token Accuracy:	0.066
Average Loss:	3.742
[2021-10-26 19:13:42,856][core.trainer][INFO] - Computing metrics for 'val' dataset
[2021-10-26 19:13:44,096][core.metrics.meter][INFO] - Meter:
SequenceAccuracy:	0.000
TokenAccuracy:	0.142
LengthAccuracy:	0.118
1st Token Accuracy:	0.103
2nd Token Accuracy:	0.068
Average Loss:	3.735
[2021-10-26 19:13:57,351][core.trainer][INFO] - Computing metrics for 'val' dataset
[2021-10-26 19:13:58,579][core.metrics.meter][INFO] - Meter:
SequenceAccuracy:	0.000
TokenAccuracy:	0.144
LengthAccuracy:	0.123
1st Token Accuracy:	0.098
2nd Token Accuracy:	0.084
Average Loss:	3.721
[2021-10-26 19:14:11,662][core.trainer][INFO] - Computing metrics for 'val' dataset
[2021-10-26 19:14:12,910][core.metrics.meter][INFO] - Meter:
SequenceAccuracy:	0.000
TokenAccuracy:	0.147
LengthAccuracy:	0.125
1st Token Accuracy:	0.101
2nd Token Accuracy:	0.095
Average Loss:	3.714
[2021-10-26 19:14:25,923][core.trainer][INFO] - Computing metrics for 'val' dataset
[2021-10-26 19:14:27,141][core.metrics.meter][INFO] - Meter:
SequenceAccuracy:	0.000
TokenAccuracy:	0.152
LengthAccuracy:	0.138
1st Token Accuracy:	0.117
2nd Token Accuracy:	0.097
Average Loss:	3.703
[2021-10-26 19:14:27,253][core.early_stopping][INFO] - Early stopping counter: 1 / 5
[2021-10-26 19:14:27,253][core.early_stopping][INFO] - Pausing model saving until validation loss decreases by 0.0001
[2021-10-26 19:14:39,561][core.trainer][INFO] - Computing metrics for 'val' dataset
[2021-10-26 19:14:40,748][core.metrics.meter][INFO] - Meter:
SequenceAccuracy:	0.000
TokenAccuracy:	0.147
LengthAccuracy:	0.108
1st Token Accuracy:	0.114
2nd Token Accuracy:	0.103
Average Loss:	3.710
[2021-10-26 19:14:40,823][core.early_stopping][INFO] - Early stopping counter: 2 / 5
[2021-10-26 19:14:40,857][core.early_stopping][INFO] - Pausing model saving until validation loss decreases by 0.0001
[2021-10-26 19:14:53,261][core.trainer][INFO] - Computing metrics for 'val' dataset
[2021-10-26 19:14:54,477][core.metrics.meter][INFO] - Meter:
SequenceAccuracy:	0.000
TokenAccuracy:	0.149
LengthAccuracy:	0.111
1st Token Accuracy:	0.105
2nd Token Accuracy:	0.112
Average Loss:	3.699
[2021-10-26 19:15:07,946][core.trainer][INFO] - Computing metrics for 'val' dataset
[2021-10-26 19:15:09,243][core.metrics.meter][INFO] - Meter:
SequenceAccuracy:	0.000
TokenAccuracy:	0.150
LengthAccuracy:	0.131
1st Token Accuracy:	0.114
2nd Token Accuracy:	0.106
Average Loss:	3.684
[2021-10-26 19:15:09,753][core.trainer][INFO] - Computing metrics for 'test' dataset
[2021-10-26 19:15:22,152][core.metrics.meter][INFO] - Meter:
SequenceAccuracy:	0.000
TokenAccuracy:	0.149
LengthAccuracy:	0.137
1st Token Accuracy:	0.106
2nd Token Accuracy:	0.120
Average Loss:	3.684
[2021-10-26 19:15:22,154][core.trainer][INFO] - Computing metrics for 'gen' dataset
[2021-10-26 19:15:34,516][core.metrics.meter][INFO] - Meter:
SequenceAccuracy:	0.000
TokenAccuracy:	0.131
LengthAccuracy:	0.000
1st Token Accuracy:	0.133
2nd Token Accuracy:	0.111
Average Loss:	3.801
[2021-10-26 19:15:34,518][core.trainer][INFO] - EPOCH 3 / 50
[2021-10-26 19:15:34,518][core.trainer][INFO] - Computing metrics for 'train' dataset
[2021-10-26 19:15:47,716][core.trainer][INFO] - Computing metrics for 'val' dataset
[2021-10-26 19:15:49,035][core.metrics.meter][INFO] - Meter:
SequenceAccuracy:	0.000
TokenAccuracy:	0.154
LengthAccuracy:	0.142
1st Token Accuracy:	0.112
2nd Token Accuracy:	0.115
Average Loss:	3.675
[2021-10-26 19:16:03,942][core.trainer][INFO] - Computing metrics for 'val' dataset
[2021-10-26 19:16:05,288][core.metrics.meter][INFO] - Meter:
SequenceAccuracy:	0.000
TokenAccuracy:	0.155
LengthAccuracy:	0.140
1st Token Accuracy:	0.099
2nd Token Accuracy:	0.131
Average Loss:	3.671
[2021-10-26 19:16:05,366][core.early_stopping][INFO] - Early stopping counter: 1 / 5
[2021-10-26 19:16:05,403][core.early_stopping][INFO] - Pausing model saving until validation loss decreases by 0.0001
[2021-10-26 19:16:20,743][core.trainer][INFO] - Computing metrics for 'val' dataset
[2021-10-26 19:16:22,028][core.metrics.meter][INFO] - Meter:
SequenceAccuracy:	0.000
TokenAccuracy:	0.157
LengthAccuracy:	0.155
1st Token Accuracy:	0.111
2nd Token Accuracy:	0.124
Average Loss:	3.665
[2021-10-26 19:16:36,789][core.trainer][INFO] - Computing metrics for 'val' dataset
[2021-10-26 19:16:38,061][core.metrics.meter][INFO] - Meter:
SequenceAccuracy:	0.000
TokenAccuracy:	0.160
LengthAccuracy:	0.130
1st Token Accuracy:	0.125
2nd Token Accuracy:	0.119
Average Loss:	3.667
[2021-10-26 19:16:52,701][core.trainer][INFO] - Computing metrics for 'val' dataset
[2021-10-26 19:16:53,977][core.metrics.meter][INFO] - Meter:
SequenceAccuracy:	0.000
TokenAccuracy:	0.157
LengthAccuracy:	0.116
1st Token Accuracy:	0.113
2nd Token Accuracy:	0.111
Average Loss:	3.668
[2021-10-26 19:17:08,680][core.trainer][INFO] - Computing metrics for 'val' dataset
[2021-10-26 19:17:09,952][core.metrics.meter][INFO] - Meter:
SequenceAccuracy:	0.000
TokenAccuracy:	0.158
LengthAccuracy:	0.111
1st Token Accuracy:	0.116
2nd Token Accuracy:	0.114
Average Loss:	3.669
[2021-10-26 19:17:24,388][core.trainer][INFO] - Computing metrics for 'val' dataset
[2021-10-26 19:17:25,658][core.metrics.meter][INFO] - Meter:
SequenceAccuracy:	0.000
TokenAccuracy:	0.158
LengthAccuracy:	0.114
1st Token Accuracy:	0.106
2nd Token Accuracy:	0.106
Average Loss:	3.653
[2021-10-26 19:17:38,455][core.trainer][INFO] - Computing metrics for 'val' dataset
[2021-10-26 19:17:39,727][core.metrics.meter][INFO] - Meter:
SequenceAccuracy:	0.000
TokenAccuracy:	0.156
LengthAccuracy:	0.106
1st Token Accuracy:	0.112
2nd Token Accuracy:	0.101
Average Loss:	3.657
[2021-10-26 19:17:53,052][core.trainer][INFO] - Computing metrics for 'val' dataset
[2021-10-26 19:17:54,324][core.metrics.meter][INFO] - Meter:
SequenceAccuracy:	0.000
TokenAccuracy:	0.161
LengthAccuracy:	0.112
1st Token Accuracy:	0.122
2nd Token Accuracy:	0.099
Average Loss:	3.643
[2021-10-26 19:18:07,217][core.trainer][INFO] - Computing metrics for 'val' dataset
[2021-10-26 19:18:08,484][core.metrics.meter][INFO] - Meter:
SequenceAccuracy:	0.000
TokenAccuracy:	0.160
LengthAccuracy:	0.122
1st Token Accuracy:	0.106
2nd Token Accuracy:	0.101
Average Loss:	3.633
[2021-10-26 19:18:21,377][core.trainer][INFO] - Computing metrics for 'val' dataset
[2021-10-26 19:18:22,640][core.metrics.meter][INFO] - Meter:
SequenceAccuracy:	0.000
TokenAccuracy:	0.160
LengthAccuracy:	0.112
1st Token Accuracy:	0.113
2nd Token Accuracy:	0.113
Average Loss:	3.634
[2021-10-26 19:18:22,716][core.early_stopping][INFO] - Early stopping counter: 1 / 5
[2021-10-26 19:18:22,751][core.early_stopping][INFO] - Pausing model saving until validation loss decreases by 0.0001
[2021-10-26 19:18:35,927][core.trainer][INFO] - Computing metrics for 'val' dataset
[2021-10-26 19:18:37,491][core.metrics.meter][INFO] - Meter:
SequenceAccuracy:	0.000
TokenAccuracy:	0.161
LengthAccuracy:	0.124
1st Token Accuracy:	0.116
2nd Token Accuracy:	0.112
Average Loss:	3.631
[2021-10-26 19:18:52,025][core.trainer][INFO] - Computing metrics for 'val' dataset
[2021-10-26 19:18:53,584][core.metrics.meter][INFO] - Meter:
SequenceAccuracy:	0.000
TokenAccuracy:	0.161
LengthAccuracy:	0.122
1st Token Accuracy:	0.121
2nd Token Accuracy:	0.111
Average Loss:	3.623
[2021-10-26 19:19:08,051][core.trainer][INFO] - Computing metrics for 'val' dataset
[2021-10-26 19:19:09,292][core.metrics.meter][INFO] - Meter:
SequenceAccuracy:	0.000
TokenAccuracy:	0.158
LengthAccuracy:	0.110
1st Token Accuracy:	0.108
2nd Token Accuracy:	0.111
Average Loss:	3.623
[2021-10-26 19:19:09,394][core.early_stopping][INFO] - Early stopping counter: 1 / 5
[2021-10-26 19:19:09,430][core.early_stopping][INFO] - Pausing model saving until validation loss decreases by 0.0001
[2021-10-26 19:19:21,798][core.trainer][INFO] - Computing metrics for 'val' dataset
[2021-10-26 19:19:23,055][core.metrics.meter][INFO] - Meter:
SequenceAccuracy:	0.000
TokenAccuracy:	0.157
LengthAccuracy:	0.104
1st Token Accuracy:	0.110
2nd Token Accuracy:	0.106
Average Loss:	3.616
[2021-10-26 19:19:36,199][core.trainer][INFO] - Computing metrics for 'val' dataset
[2021-10-26 19:19:37,740][core.metrics.meter][INFO] - Meter:
SequenceAccuracy:	0.000
TokenAccuracy:	0.162
LengthAccuracy:	0.095
1st Token Accuracy:	0.109
2nd Token Accuracy:	0.117
Average Loss:	3.603
[2021-10-26 19:19:52,244][core.trainer][INFO] - Computing metrics for 'val' dataset
[2021-10-26 19:19:53,743][core.metrics.meter][INFO] - Meter:
SequenceAccuracy:	0.000
TokenAccuracy:	0.164
LengthAccuracy:	0.100
1st Token Accuracy:	0.120
2nd Token Accuracy:	0.113
Average Loss:	3.591
[2021-10-26 19:19:53,820][core.early_stopping][INFO] - Early stopping counter: 1 / 5
[2021-10-26 19:19:53,856][core.early_stopping][INFO] - Pausing model saving until validation loss decreases by 0.0001
[2021-10-26 19:20:08,030][core.trainer][INFO] - Computing metrics for 'val' dataset
[2021-10-26 19:20:09,545][core.metrics.meter][INFO] - Meter:
SequenceAccuracy:	0.000
TokenAccuracy:	0.164
LengthAccuracy:	0.091
1st Token Accuracy:	0.114
2nd Token Accuracy:	0.114
Average Loss:	3.585
[2021-10-26 19:20:23,796][core.trainer][INFO] - Computing metrics for 'val' dataset
[2021-10-26 19:20:25,039][core.metrics.meter][INFO] - Meter:
SequenceAccuracy:	0.000
TokenAccuracy:	0.165
LengthAccuracy:	0.104
1st Token Accuracy:	0.117
2nd Token Accuracy:	0.105
Average Loss:	3.576
[2021-10-26 19:20:37,543][core.trainer][INFO] - Computing metrics for 'val' dataset
[2021-10-26 19:20:38,804][core.metrics.meter][INFO] - Meter:
SequenceAccuracy:	0.000
TokenAccuracy:	0.165
LengthAccuracy:	0.107
1st Token Accuracy:	0.125
2nd Token Accuracy:	0.103
Average Loss:	3.576
[2021-10-26 19:20:38,958][core.trainer][INFO] - Computing metrics for 'test' dataset
[2021-10-26 19:20:50,902][core.metrics.meter][INFO] - Meter:
SequenceAccuracy:	0.000
TokenAccuracy:	0.168
LengthAccuracy:	0.138
1st Token Accuracy:	0.108
2nd Token Accuracy:	0.112
Average Loss:	3.559
[2021-10-26 19:20:50,904][core.trainer][INFO] - Computing metrics for 'gen' dataset
[2021-10-26 19:21:03,011][core.metrics.meter][INFO] - Meter:
SequenceAccuracy:	0.000
TokenAccuracy:	0.152
LengthAccuracy:	0.000
1st Token Accuracy:	0.128
2nd Token Accuracy:	0.126
Average Loss:	3.665
[2021-10-26 19:21:03,012][core.trainer][INFO] - EPOCH 4 / 50
[2021-10-26 19:21:03,013][core.trainer][INFO] - Computing metrics for 'train' dataset
[2021-10-26 19:21:15,510][core.trainer][INFO] - Computing metrics for 'val' dataset
[2021-10-26 19:21:16,769][core.metrics.meter][INFO] - Meter:
SequenceAccuracy:	0.000
TokenAccuracy:	0.169
LengthAccuracy:	0.119
1st Token Accuracy:	0.126
2nd Token Accuracy:	0.124
Average Loss:	3.582
[2021-10-26 19:21:16,844][core.early_stopping][INFO] - Early stopping counter: 1 / 5
[2021-10-26 19:21:16,879][core.early_stopping][INFO] - Pausing model saving until validation loss decreases by 0.0001
[2021-10-26 19:21:29,189][core.trainer][INFO] - Computing metrics for 'val' dataset
[2021-10-26 19:21:30,434][core.metrics.meter][INFO] - Meter:
SequenceAccuracy:	0.000
TokenAccuracy:	0.168
LengthAccuracy:	0.106
1st Token Accuracy:	0.130
2nd Token Accuracy:	0.126
Average Loss:	3.581
[2021-10-26 19:21:30,545][core.early_stopping][INFO] - Early stopping counter: 2 / 5
[2021-10-26 19:21:30,545][core.early_stopping][INFO] - Pausing model saving until validation loss decreases by 0.0001
[2021-10-26 19:21:42,823][core.trainer][INFO] - Computing metrics for 'val' dataset
[2021-10-26 19:21:44,013][core.metrics.meter][INFO] - Meter:
SequenceAccuracy:	0.000
TokenAccuracy:	0.164
LengthAccuracy:	0.088
1st Token Accuracy:	0.128
2nd Token Accuracy:	0.114
Average Loss:	3.577
[2021-10-26 19:21:44,088][core.early_stopping][INFO] - Early stopping counter: 3 / 5
[2021-10-26 19:21:44,122][core.early_stopping][INFO] - Pausing model saving until validation loss decreases by 0.0001
[2021-10-26 19:21:56,493][core.trainer][INFO] - Computing metrics for 'val' dataset
[2021-10-26 19:21:57,698][core.metrics.meter][INFO] - Meter:
SequenceAccuracy:	0.000
TokenAccuracy:	0.162
LengthAccuracy:	0.072
1st Token Accuracy:	0.118
2nd Token Accuracy:	0.105
Average Loss:	3.567
[2021-10-26 19:21:57,785][core.early_stopping][INFO] - Early stopping counter: 4 / 5
[2021-10-26 19:21:57,820][core.early_stopping][INFO] - Pausing model saving until validation loss decreases by 0.0001
[2021-10-26 19:22:10,112][core.trainer][INFO] - Computing metrics for 'val' dataset
[2021-10-26 19:22:11,350][core.metrics.meter][INFO] - Meter:
SequenceAccuracy:	0.000
TokenAccuracy:	0.166
LengthAccuracy:	0.082
1st Token Accuracy:	0.120
2nd Token Accuracy:	0.120
Average Loss:	3.558
[2021-10-26 19:22:24,640][core.trainer][INFO] - Computing metrics for 'val' dataset
[2021-10-26 19:22:26,173][core.metrics.meter][INFO] - Meter:
SequenceAccuracy:	0.000
TokenAccuracy:	0.170
LengthAccuracy:	0.107
1st Token Accuracy:	0.117
2nd Token Accuracy:	0.121
Average Loss:	3.533
[2021-10-26 19:22:40,586][core.trainer][INFO] - Computing metrics for 'val' dataset
[2021-10-26 19:22:42,262][core.metrics.meter][INFO] - Meter:
SequenceAccuracy:	0.000
TokenAccuracy:	0.170
LengthAccuracy:	0.097
1st Token Accuracy:	0.114
2nd Token Accuracy:	0.117
Average Loss:	3.523
[2021-10-26 19:22:42,337][core.early_stopping][INFO] - Early stopping counter: 1 / 5
[2021-10-26 19:22:42,373][core.early_stopping][INFO] - Pausing model saving until validation loss decreases by 0.0001
[2021-10-26 19:22:56,172][core.trainer][INFO] - Computing metrics for 'val' dataset
[2021-10-26 19:22:57,423][core.metrics.meter][INFO] - Meter:
SequenceAccuracy:	0.000
TokenAccuracy:	0.170
LengthAccuracy:	0.089
1st Token Accuracy:	0.112
2nd Token Accuracy:	0.103
Average Loss:	3.517
[2021-10-26 19:23:10,605][core.trainer][INFO] - Computing metrics for 'val' dataset
[2021-10-26 19:23:11,844][core.metrics.meter][INFO] - Meter:
SequenceAccuracy:	0.000
TokenAccuracy:	0.169
LengthAccuracy:	0.102
1st Token Accuracy:	0.123
2nd Token Accuracy:	0.099
Average Loss:	3.501
[2021-10-26 19:23:25,080][core.trainer][INFO] - Computing metrics for 'val' dataset
[2021-10-26 19:23:26,327][core.metrics.meter][INFO] - Meter:
SequenceAccuracy:	0.000
TokenAccuracy:	0.172
LengthAccuracy:	0.105
1st Token Accuracy:	0.127
2nd Token Accuracy:	0.108
Average Loss:	3.486
[2021-10-26 19:23:26,404][core.early_stopping][INFO] - Early stopping counter: 1 / 5
[2021-10-26 19:23:26,440][core.early_stopping][INFO] - Pausing model saving until validation loss decreases by 0.0001
[2021-10-26 19:23:39,557][core.trainer][INFO] - Computing metrics for 'val' dataset
[2021-10-26 19:23:40,858][core.metrics.meter][INFO] - Meter:
SequenceAccuracy:	0.000
TokenAccuracy:	0.173
LengthAccuracy:	0.120
1st Token Accuracy:	0.114
2nd Token Accuracy:	0.123
Average Loss:	3.487
[2021-10-26 19:23:55,787][core.trainer][INFO] - Computing metrics for 'val' dataset
[2021-10-26 19:23:57,037][core.metrics.meter][INFO] - Meter:
SequenceAccuracy:	0.000
TokenAccuracy:	0.175
LengthAccuracy:	0.114
1st Token Accuracy:	0.120
2nd Token Accuracy:	0.119
Average Loss:	3.472
[2021-10-26 19:24:11,567][core.trainer][INFO] - Computing metrics for 'val' dataset
[2021-10-26 19:24:12,841][core.metrics.meter][INFO] - Meter:
SequenceAccuracy:	0.000
TokenAccuracy:	0.177
LengthAccuracy:	0.126
1st Token Accuracy:	0.126
2nd Token Accuracy:	0.105
Average Loss:	3.450
[2021-10-26 19:24:26,290][core.trainer][INFO] - Computing metrics for 'val' dataset
[2021-10-26 19:24:27,583][core.metrics.meter][INFO] - Meter:
SequenceAccuracy:	0.000
TokenAccuracy:	0.178
LengthAccuracy:	0.126
1st Token Accuracy:	0.120
2nd Token Accuracy:	0.111
Average Loss:	3.447
[2021-10-26 19:24:41,024][core.trainer][INFO] - Computing metrics for 'val' dataset
[2021-10-26 19:24:42,307][core.metrics.meter][INFO] - Meter:
SequenceAccuracy:	0.000
TokenAccuracy:	0.181
LengthAccuracy:	0.137
1st Token Accuracy:	0.123
2nd Token Accuracy:	0.114
Average Loss:	3.415
[2021-10-26 19:24:56,141][core.trainer][INFO] - Computing metrics for 'val' dataset
[2021-10-26 19:24:57,495][core.metrics.meter][INFO] - Meter:
SequenceAccuracy:	0.000
TokenAccuracy:	0.193
LengthAccuracy:	0.179
1st Token Accuracy:	0.126
2nd Token Accuracy:	0.107
Average Loss:	3.388
[2021-10-26 19:25:11,386][core.trainer][INFO] - Computing metrics for 'val' dataset
[2021-10-26 19:25:12,737][core.metrics.meter][INFO] - Meter:
SequenceAccuracy:	0.000
TokenAccuracy:	0.199
LengthAccuracy:	0.194
1st Token Accuracy:	0.128
2nd Token Accuracy:	0.113
Average Loss:	3.362
[2021-10-26 19:25:26,450][core.trainer][INFO] - Computing metrics for 'val' dataset
[2021-10-26 19:25:27,782][core.metrics.meter][INFO] - Meter:
SequenceAccuracy:	0.000
TokenAccuracy:	0.200
LengthAccuracy:	0.198
1st Token Accuracy:	0.125
2nd Token Accuracy:	0.111
Average Loss:	3.348
[2021-10-26 19:25:27,866][core.early_stopping][INFO] - Early stopping counter: 1 / 5
[2021-10-26 19:25:27,905][core.early_stopping][INFO] - Pausing model saving until validation loss decreases by 0.0001
[2021-10-26 19:25:41,435][core.trainer][INFO] - Computing metrics for 'val' dataset
[2021-10-26 19:25:42,792][core.metrics.meter][INFO] - Meter:
SequenceAccuracy:	0.000
TokenAccuracy:	0.203
LengthAccuracy:	0.204
1st Token Accuracy:	0.132
2nd Token Accuracy:	0.104
Average Loss:	3.344
[2021-10-26 19:25:56,643][core.trainer][INFO] - Computing metrics for 'val' dataset
[2021-10-26 19:25:58,005][core.metrics.meter][INFO] - Meter:
SequenceAccuracy:	0.000
TokenAccuracy:	0.210
LengthAccuracy:	0.207
1st Token Accuracy:	0.135
2nd Token Accuracy:	0.110
Average Loss:	3.320
[2021-10-26 19:25:58,090][core.early_stopping][INFO] - Early stopping counter: 1 / 5
[2021-10-26 19:25:58,129][core.early_stopping][INFO] - Pausing model saving until validation loss decreases by 0.0001
[2021-10-26 19:25:58,132][core.trainer][INFO] - Computing metrics for 'test' dataset
[2021-10-26 19:26:10,993][core.metrics.meter][INFO] - Meter:
SequenceAccuracy:	0.000
TokenAccuracy:	0.221
LengthAccuracy:	0.270
1st Token Accuracy:	0.153
2nd Token Accuracy:	0.109
Average Loss:	3.304
[2021-10-26 19:26:10,995][core.trainer][INFO] - Computing metrics for 'gen' dataset
[2021-10-26 19:26:25,731][core.metrics.meter][INFO] - Meter:
SequenceAccuracy:	0.000
TokenAccuracy:	0.206
LengthAccuracy:	0.000
1st Token Accuracy:	0.110
2nd Token Accuracy:	0.121
Average Loss:	3.372
[2021-10-26 19:26:25,733][core.trainer][INFO] - EPOCH 5 / 50
[2021-10-26 19:26:25,733][core.trainer][INFO] - Computing metrics for 'train' dataset
[2021-10-26 19:26:39,517][core.trainer][INFO] - Computing metrics for 'val' dataset
[2021-10-26 19:26:40,878][core.metrics.meter][INFO] - Meter:
SequenceAccuracy:	0.000
TokenAccuracy:	0.211
LengthAccuracy:	0.214
1st Token Accuracy:	0.150
2nd Token Accuracy:	0.105
Average Loss:	3.309
[2021-10-26 19:26:55,246][core.trainer][INFO] - Computing metrics for 'val' dataset
[2021-10-26 19:26:56,604][core.metrics.meter][INFO] - Meter:
SequenceAccuracy:	0.000
TokenAccuracy:	0.213
LengthAccuracy:	0.225
1st Token Accuracy:	0.142
2nd Token Accuracy:	0.105
Average Loss:	3.285
[2021-10-26 19:27:12,587][core.trainer][INFO] - Computing metrics for 'val' dataset
[2021-10-26 19:27:13,950][core.metrics.meter][INFO] - Meter:
SequenceAccuracy:	0.000
TokenAccuracy:	0.215
LengthAccuracy:	0.239
1st Token Accuracy:	0.149
2nd Token Accuracy:	0.107
Average Loss:	3.277
[2021-10-26 19:27:29,072][core.trainer][INFO] - Computing metrics for 'val' dataset
[2021-10-26 19:27:30,436][core.metrics.meter][INFO] - Meter:
SequenceAccuracy:	0.000
TokenAccuracy:	0.212
LengthAccuracy:	0.227
1st Token Accuracy:	0.140
2nd Token Accuracy:	0.112
Average Loss:	3.265
[2021-10-26 19:27:45,405][core.trainer][INFO] - Computing metrics for 'val' dataset
[2021-10-26 19:27:47,077][core.metrics.meter][INFO] - Meter:
SequenceAccuracy:	0.000
TokenAccuracy:	0.213
LengthAccuracy:	0.217
1st Token Accuracy:	0.135
2nd Token Accuracy:	0.113
Average Loss:	3.266
[2021-10-26 19:27:47,198][core.early_stopping][INFO] - Early stopping counter: 1 / 5
[2021-10-26 19:27:47,198][core.early_stopping][INFO] - Pausing model saving until validation loss decreases by 0.0001
[2021-10-26 19:28:02,829][core.trainer][INFO] - Computing metrics for 'val' dataset
[2021-10-26 19:28:04,510][core.metrics.meter][INFO] - Meter:
SequenceAccuracy:	0.000
TokenAccuracy:	0.202
LengthAccuracy:	0.166
1st Token Accuracy:	0.135
2nd Token Accuracy:	0.126
Average Loss:	3.298
[2021-10-26 19:28:04,599][core.early_stopping][INFO] - Early stopping counter: 2 / 5
[2021-10-26 19:28:04,643][core.early_stopping][INFO] - Pausing model saving until validation loss decreases by 0.0001
[2021-10-26 19:28:20,548][core.trainer][INFO] - Computing metrics for 'val' dataset
[2021-10-26 19:28:22,230][core.metrics.meter][INFO] - Meter:
SequenceAccuracy:	0.000
TokenAccuracy:	0.216
LengthAccuracy:	0.216
1st Token Accuracy:	0.133
2nd Token Accuracy:	0.131
Average Loss:	3.243
[2021-10-26 19:28:38,379][core.trainer][INFO] - Computing metrics for 'val' dataset
[2021-10-26 19:28:40,057][core.metrics.meter][INFO] - Meter:
SequenceAccuracy:	0.000
TokenAccuracy:	0.227
LengthAccuracy:	0.251
1st Token Accuracy:	0.155
2nd Token Accuracy:	0.122
Average Loss:	3.204
[2021-10-26 19:28:56,317][core.trainer][INFO] - Computing metrics for 'val' dataset
[2021-10-26 19:28:57,997][core.metrics.meter][INFO] - Meter:
SequenceAccuracy:	0.000
TokenAccuracy:	0.234
LengthAccuracy:	0.248
1st Token Accuracy:	0.141
2nd Token Accuracy:	0.130
Average Loss:	3.167
[2021-10-26 19:29:14,084][core.trainer][INFO] - Computing metrics for 'val' dataset
[2021-10-26 19:29:15,758][core.metrics.meter][INFO] - Meter:
SequenceAccuracy:	0.000
TokenAccuracy:	0.233
LengthAccuracy:	0.233
1st Token Accuracy:	0.131
2nd Token Accuracy:	0.117
Average Loss:	3.164
[2021-10-26 19:29:31,874][core.trainer][INFO] - Computing metrics for 'val' dataset
[2021-10-26 19:29:33,540][core.metrics.meter][INFO] - Meter:
SequenceAccuracy:	0.000
TokenAccuracy:	0.232
LengthAccuracy:	0.242
1st Token Accuracy:	0.120
2nd Token Accuracy:	0.116
Average Loss:	3.141
[2021-10-26 19:29:49,580][core.trainer][INFO] - Computing metrics for 'val' dataset
[2021-10-26 19:29:51,252][core.metrics.meter][INFO] - Meter:
SequenceAccuracy:	0.000
TokenAccuracy:	0.232
LengthAccuracy:	0.241
1st Token Accuracy:	0.135
2nd Token Accuracy:	0.111
Average Loss:	3.142
[2021-10-26 19:30:07,301][core.trainer][INFO] - Computing metrics for 'val' dataset
[2021-10-26 19:30:08,680][core.metrics.meter][INFO] - Meter:
SequenceAccuracy:	0.000
TokenAccuracy:	0.236
LengthAccuracy:	0.249
1st Token Accuracy:	0.135
2nd Token Accuracy:	0.116
Average Loss:	3.116
[2021-10-26 19:30:24,918][core.trainer][INFO] - Computing metrics for 'val' dataset
[2021-10-26 19:30:26,297][core.metrics.meter][INFO] - Meter:
SequenceAccuracy:	0.000
TokenAccuracy:	0.241
LengthAccuracy:	0.250
1st Token Accuracy:	0.135
2nd Token Accuracy:	0.133
Average Loss:	3.097
[2021-10-26 19:30:42,304][core.trainer][INFO] - Computing metrics for 'val' dataset
[2021-10-26 19:30:43,737][core.metrics.meter][INFO] - Meter:
SequenceAccuracy:	0.000
TokenAccuracy:	0.244
LengthAccuracy:	0.270
1st Token Accuracy:	0.138
2nd Token Accuracy:	0.134
Average Loss:	3.075
[2021-10-26 19:31:00,892][core.trainer][INFO] - Computing metrics for 'val' dataset
[2021-10-26 19:31:02,757][core.metrics.meter][INFO] - Meter:
SequenceAccuracy:	0.000
TokenAccuracy:	0.260
LengthAccuracy:	0.384
1st Token Accuracy:	0.150
2nd Token Accuracy:	0.135
Average Loss:	2.994
[2021-10-26 19:31:21,308][core.trainer][INFO] - Computing metrics for 'val' dataset
[2021-10-26 19:31:23,193][core.metrics.meter][INFO] - Meter:
SequenceAccuracy:	0.000
TokenAccuracy:	0.269
LengthAccuracy:	0.457
1st Token Accuracy:	0.145
2nd Token Accuracy:	0.139
Average Loss:	2.930
[2021-10-26 19:31:41,755][core.trainer][INFO] - Computing metrics for 'val' dataset
[2021-10-26 19:31:43,332][core.metrics.meter][INFO] - Meter:
SequenceAccuracy:	0.000
TokenAccuracy:	0.283
LengthAccuracy:	0.498
1st Token Accuracy:	0.145
2nd Token Accuracy:	0.158
Average Loss:	2.865
[2021-10-26 19:32:02,598][core.trainer][INFO] - Computing metrics for 'val' dataset
[2021-10-26 19:32:04,196][core.metrics.meter][INFO] - Meter:
SequenceAccuracy:	0.000
TokenAccuracy:	0.290
LengthAccuracy:	0.529
1st Token Accuracy:	0.135
2nd Token Accuracy:	0.166
Average Loss:	2.803
[2021-10-26 19:32:23,507][core.trainer][INFO] - Computing metrics for 'val' dataset
[2021-10-26 19:32:25,119][core.metrics.meter][INFO] - Meter:
SequenceAccuracy:	0.000
TokenAccuracy:	0.296
LengthAccuracy:	0.552
1st Token Accuracy:	0.134
2nd Token Accuracy:	0.183
Average Loss:	2.764
[2021-10-26 19:32:25,481][core.trainer][INFO] - Computing metrics for 'test' dataset
[2021-10-26 19:32:40,769][core.metrics.meter][INFO] - Meter:
SequenceAccuracy:	0.000
TokenAccuracy:	0.293
LengthAccuracy:	0.587
1st Token Accuracy:	0.122
2nd Token Accuracy:	0.184
Average Loss:	2.747
[2021-10-26 19:32:40,771][core.trainer][INFO] - Computing metrics for 'gen' dataset
[2021-10-26 19:32:58,024][core.metrics.meter][INFO] - Meter:
SequenceAccuracy:	0.000
TokenAccuracy:	0.219
LengthAccuracy:	0.001
1st Token Accuracy:	0.094
2nd Token Accuracy:	0.265
Average Loss:	3.204
[2021-10-26 19:32:58,026][core.trainer][INFO] - EPOCH 6 / 50
[2021-10-26 19:32:58,026][core.trainer][INFO] - Computing metrics for 'train' dataset
[2021-10-26 19:33:17,179][core.trainer][INFO] - Computing metrics for 'val' dataset
[2021-10-26 19:33:18,792][core.metrics.meter][INFO] - Meter:
SequenceAccuracy:	0.000
TokenAccuracy:	0.302
LengthAccuracy:	0.583
1st Token Accuracy:	0.140
2nd Token Accuracy:	0.181
Average Loss:	2.717
[2021-10-26 19:33:37,402][core.trainer][INFO] - Computing metrics for 'val' dataset
[2021-10-26 19:33:39,012][core.metrics.meter][INFO] - Meter:
SequenceAccuracy:	0.000
TokenAccuracy:	0.305
LengthAccuracy:	0.587
1st Token Accuracy:	0.129
2nd Token Accuracy:	0.170
Average Loss:	2.686
[2021-10-26 19:33:56,246][core.trainer][INFO] - Computing metrics for 'val' dataset
[2021-10-26 19:33:57,870][core.metrics.meter][INFO] - Meter:
SequenceAccuracy:	0.000
TokenAccuracy:	0.308
LengthAccuracy:	0.589
1st Token Accuracy:	0.139
2nd Token Accuracy:	0.173
Average Loss:	2.659
[2021-10-26 19:34:15,151][core.trainer][INFO] - Computing metrics for 'val' dataset
[2021-10-26 19:34:16,778][core.metrics.meter][INFO] - Meter:
SequenceAccuracy:	0.000
TokenAccuracy:	0.310
LengthAccuracy:	0.585
1st Token Accuracy:	0.129
2nd Token Accuracy:	0.172
Average Loss:	2.637
[2021-10-26 19:34:34,167][core.trainer][INFO] - Computing metrics for 'val' dataset
[2021-10-26 19:34:35,774][core.metrics.meter][INFO] - Meter:
SequenceAccuracy:	0.000
TokenAccuracy:	0.312
LengthAccuracy:	0.553
1st Token Accuracy:	0.119
2nd Token Accuracy:	0.179
Average Loss:	2.621
[2021-10-26 19:34:35,877][core.early_stopping][INFO] - Early stopping counter: 1 / 5
[2021-10-26 19:34:35,927][core.early_stopping][INFO] - Pausing model saving until validation loss decreases by 0.0001
[2021-10-26 19:34:52,847][core.trainer][INFO] - Computing metrics for 'val' dataset
[2021-10-26 19:34:54,457][core.metrics.meter][INFO] - Meter:
SequenceAccuracy:	0.000
TokenAccuracy:	0.317
LengthAccuracy:	0.549
1st Token Accuracy:	0.124
2nd Token Accuracy:	0.190
Average Loss:	2.594
[2021-10-26 19:35:11,842][core.trainer][INFO] - Computing metrics for 'val' dataset
[2021-10-26 19:35:13,468][core.metrics.meter][INFO] - Meter:
SequenceAccuracy:	0.000
TokenAccuracy:	0.319
LengthAccuracy:	0.573
1st Token Accuracy:	0.132
2nd Token Accuracy:	0.189
Average Loss:	2.573
[2021-10-26 19:35:30,952][core.trainer][INFO] - Computing metrics for 'val' dataset
[2021-10-26 19:35:32,641][core.metrics.meter][INFO] - Meter:
SequenceAccuracy:	0.000
TokenAccuracy:	0.331
LengthAccuracy:	0.630
1st Token Accuracy:	0.128
2nd Token Accuracy:	0.203
Average Loss:	2.530
[2021-10-26 19:35:50,039][core.trainer][INFO] - Computing metrics for 'val' dataset
[2021-10-26 19:35:51,665][core.metrics.meter][INFO] - Meter:
SequenceAccuracy:	0.000
TokenAccuracy:	0.327
LengthAccuracy:	0.568
1st Token Accuracy:	0.130
2nd Token Accuracy:	0.204
Average Loss:	2.531
[2021-10-26 19:35:51,769][core.early_stopping][INFO] - Early stopping counter: 1 / 5
[2021-10-26 19:35:51,819][core.early_stopping][INFO] - Pausing model saving until validation loss decreases by 0.0001
[2021-10-26 19:36:08,907][core.trainer][INFO] - Computing metrics for 'val' dataset
[2021-10-26 19:36:10,518][core.metrics.meter][INFO] - Meter:
SequenceAccuracy:	0.000
TokenAccuracy:	0.332
LengthAccuracy:	0.585
1st Token Accuracy:	0.125
2nd Token Accuracy:	0.205
Average Loss:	2.497
[2021-10-26 19:36:10,669][core.early_stopping][INFO] - Early stopping counter: 2 / 5
[2021-10-26 19:36:10,722][core.early_stopping][INFO] - Pausing model saving until validation loss decreases by 0.0001
[2021-10-26 19:36:30,224][core.trainer][INFO] - Computing metrics for 'val' dataset
[2021-10-26 19:36:31,853][core.metrics.meter][INFO] - Meter:
SequenceAccuracy:	0.000
TokenAccuracy:	0.341
LengthAccuracy:	0.609
1st Token Accuracy:	0.144
2nd Token Accuracy:	0.205
Average Loss:	2.469
[2021-10-26 19:36:31,963][core.early_stopping][INFO] - Early stopping counter: 3 / 5
[2021-10-26 19:36:32,017][core.early_stopping][INFO] - Pausing model saving until validation loss decreases by 0.0001
[2021-10-26 19:36:51,771][core.trainer][INFO] - Computing metrics for 'val' dataset
[2021-10-26 19:36:53,393][core.metrics.meter][INFO] - Meter:
SequenceAccuracy:	0.000
TokenAccuracy:	0.352
LengthAccuracy:	0.636
1st Token Accuracy:	0.151
2nd Token Accuracy:	0.228
Average Loss:	2.436
[2021-10-26 19:37:13,736][core.trainer][INFO] - Computing metrics for 'val' dataset
[2021-10-26 19:37:15,401][core.metrics.meter][INFO] - Meter:
SequenceAccuracy:	0.000
TokenAccuracy:	0.360
LengthAccuracy:	0.666
1st Token Accuracy:	0.169
2nd Token Accuracy:	0.223
Average Loss:	2.406
[2021-10-26 19:37:35,727][core.trainer][INFO] - Computing metrics for 'val' dataset
[2021-10-26 19:37:37,401][core.metrics.meter][INFO] - Meter:
SequenceAccuracy:	0.000
TokenAccuracy:	0.364
LengthAccuracy:	0.691
1st Token Accuracy:	0.164
2nd Token Accuracy:	0.224
Average Loss:	2.385
[2021-10-26 19:37:57,302][core.trainer][INFO] - Computing metrics for 'val' dataset
[2021-10-26 19:37:58,964][core.metrics.meter][INFO] - Meter:
SequenceAccuracy:	0.000
TokenAccuracy:	0.365
LengthAccuracy:	0.684
1st Token Accuracy:	0.169
2nd Token Accuracy:	0.232
Average Loss:	2.368
[2021-10-26 19:37:59,087][core.early_stopping][INFO] - Early stopping counter: 1 / 5
[2021-10-26 19:37:59,142][core.early_stopping][INFO] - Pausing model saving until validation loss decreases by 0.0001
[2021-10-26 19:38:16,649][core.trainer][INFO] - Computing metrics for 'val' dataset
[2021-10-26 19:38:18,313][core.metrics.meter][INFO] - Meter:
SequenceAccuracy:	0.000
TokenAccuracy:	0.368
LengthAccuracy:	0.694
1st Token Accuracy:	0.169
2nd Token Accuracy:	0.225
Average Loss:	2.346
[2021-10-26 19:38:36,148][core.trainer][INFO] - Computing metrics for 'val' dataset
[2021-10-26 19:38:37,763][core.metrics.meter][INFO] - Meter:
SequenceAccuracy:	0.000
TokenAccuracy:	0.372
LengthAccuracy:	0.668
1st Token Accuracy:	0.174
2nd Token Accuracy:	0.230
Average Loss:	2.339
[2021-10-26 19:38:37,873][core.early_stopping][INFO] - Early stopping counter: 1 / 5
[2021-10-26 19:38:37,928][core.early_stopping][INFO] - Pausing model saving until validation loss decreases by 0.0001
[2021-10-26 19:38:55,373][core.trainer][INFO] - Computing metrics for 'val' dataset
[2021-10-26 19:38:57,026][core.metrics.meter][INFO] - Meter:
SequenceAccuracy:	0.000
TokenAccuracy:	0.379
LengthAccuracy:	0.673
1st Token Accuracy:	0.175
2nd Token Accuracy:	0.245
Average Loss:	2.312
[2021-10-26 19:39:14,861][core.trainer][INFO] - Computing metrics for 'val' dataset
[2021-10-26 19:39:16,532][core.metrics.meter][INFO] - Meter:
SequenceAccuracy:	0.000
TokenAccuracy:	0.384
LengthAccuracy:	0.702
1st Token Accuracy:	0.172
2nd Token Accuracy:	0.243
Average Loss:	2.301
[2021-10-26 19:39:35,846][core.trainer][INFO] - Computing metrics for 'val' dataset
[2021-10-26 19:39:37,897][core.metrics.meter][INFO] - Meter:
SequenceAccuracy:	0.000
TokenAccuracy:	0.385
LengthAccuracy:	0.701
1st Token Accuracy:	0.174
2nd Token Accuracy:	0.248
Average Loss:	2.277
[2021-10-26 19:39:38,099][core.trainer][INFO] - Computing metrics for 'test' dataset
[2021-10-26 19:39:57,752][core.metrics.meter][INFO] - Meter:
SequenceAccuracy:	0.000
TokenAccuracy:	0.381
LengthAccuracy:	0.680
1st Token Accuracy:	0.163
2nd Token Accuracy:	0.247
Average Loss:	2.289
[2021-10-26 19:39:57,754][core.trainer][INFO] - Computing metrics for 'gen' dataset
[2021-10-26 19:40:19,389][core.metrics.meter][INFO] - Meter:
SequenceAccuracy:	0.000
TokenAccuracy:	0.221
LengthAccuracy:	0.024
1st Token Accuracy:	0.133
2nd Token Accuracy:	0.230
Average Loss:	3.410
[2021-10-26 19:40:19,390][core.trainer][INFO] - EPOCH 7 / 50
[2021-10-26 19:40:19,391][core.trainer][INFO] - Computing metrics for 'train' dataset
[2021-10-26 19:40:39,454][core.trainer][INFO] - Computing metrics for 'val' dataset
[2021-10-26 19:40:41,512][core.metrics.meter][INFO] - Meter:
SequenceAccuracy:	0.000
TokenAccuracy:	0.390
LengthAccuracy:	0.712
1st Token Accuracy:	0.177
2nd Token Accuracy:	0.247
Average Loss:	2.265
[2021-10-26 19:41:01,725][core.trainer][INFO] - Computing metrics for 'val' dataset
[2021-10-26 19:41:03,761][core.metrics.meter][INFO] - Meter:
SequenceAccuracy:	0.000
TokenAccuracy:	0.394
LengthAccuracy:	0.702
1st Token Accuracy:	0.187
2nd Token Accuracy:	0.267
Average Loss:	2.252
[2021-10-26 19:41:03,924][core.early_stopping][INFO] - Early stopping counter: 1 / 5
[2021-10-26 19:41:03,925][core.early_stopping][INFO] - Pausing model saving until validation loss decreases by 0.0001
[2021-10-26 19:41:21,984][core.trainer][INFO] - Computing metrics for 'val' dataset
[2021-10-26 19:41:23,651][core.metrics.meter][INFO] - Meter:
SequenceAccuracy:	0.000
TokenAccuracy:	0.395
LengthAccuracy:	0.707
1st Token Accuracy:	0.194
2nd Token Accuracy:	0.257
Average Loss:	2.243
[2021-10-26 19:41:41,925][core.trainer][INFO] - Computing metrics for 'val' dataset
[2021-10-26 19:41:43,592][core.metrics.meter][INFO] - Meter:
SequenceAccuracy:	0.000
TokenAccuracy:	0.402
LengthAccuracy:	0.723
1st Token Accuracy:	0.201
2nd Token Accuracy:	0.268
Average Loss:	2.221
[2021-10-26 19:42:03,774][core.trainer][INFO] - Computing metrics for 'val' dataset
[2021-10-26 19:42:05,442][core.metrics.meter][INFO] - Meter:
SequenceAccuracy:	0.000
TokenAccuracy:	0.405
LengthAccuracy:	0.716
1st Token Accuracy:	0.195
2nd Token Accuracy:	0.281
Average Loss:	2.207
[2021-10-26 19:42:24,219][core.trainer][INFO] - Computing metrics for 'val' dataset
[2021-10-26 19:42:25,888][core.metrics.meter][INFO] - Meter:
SequenceAccuracy:	0.000
TokenAccuracy:	0.403
LengthAccuracy:	0.713
1st Token Accuracy:	0.201
2nd Token Accuracy:	0.268
Average Loss:	2.203
[2021-10-26 19:42:25,994][core.early_stopping][INFO] - Early stopping counter: 1 / 5
[2021-10-26 19:42:26,047][core.early_stopping][INFO] - Pausing model saving until validation loss decreases by 0.0001
[2021-10-26 19:42:43,665][core.trainer][INFO] - Computing metrics for 'val' dataset
[2021-10-26 19:42:45,340][core.metrics.meter][INFO] - Meter:
SequenceAccuracy:	0.000
TokenAccuracy:	0.406
LengthAccuracy:	0.729
1st Token Accuracy:	0.204
2nd Token Accuracy:	0.275
Average Loss:	2.187
[2021-10-26 19:43:03,235][core.trainer][INFO] - Computing metrics for 'val' dataset
[2021-10-26 19:43:04,922][core.metrics.meter][INFO] - Meter:
SequenceAccuracy:	0.000
TokenAccuracy:	0.415
LengthAccuracy:	0.741
1st Token Accuracy:	0.210
2nd Token Accuracy:	0.282
Average Loss:	2.166
[2021-10-26 19:43:23,129][core.trainer][INFO] - Computing metrics for 'val' dataset
[2021-10-26 19:43:24,824][core.metrics.meter][INFO] - Meter:
SequenceAccuracy:	0.000
TokenAccuracy:	0.415
LengthAccuracy:	0.752
1st Token Accuracy:	0.218
2nd Token Accuracy:	0.284
Average Loss:	2.156
[2021-10-26 19:43:42,991][core.trainer][INFO] - Computing metrics for 'val' dataset
[2021-10-26 19:43:44,682][core.metrics.meter][INFO] - Meter:
SequenceAccuracy:	0.000
TokenAccuracy:	0.415
LengthAccuracy:	0.742
1st Token Accuracy:	0.211
2nd Token Accuracy:	0.288
Average Loss:	2.148
[2021-10-26 19:43:44,791][core.early_stopping][INFO] - Early stopping counter: 1 / 5
[2021-10-26 19:43:44,845][core.early_stopping][INFO] - Pausing model saving until validation loss decreases by 0.0001
[2021-10-26 19:44:02,552][core.trainer][INFO] - Computing metrics for 'val' dataset
[2021-10-26 19:44:04,246][core.metrics.meter][INFO] - Meter:
SequenceAccuracy:	0.000
TokenAccuracy:	0.423
LengthAccuracy:	0.767
1st Token Accuracy:	0.213
2nd Token Accuracy:	0.299
Average Loss:	2.117
[2021-10-26 19:44:22,300][core.trainer][INFO] - Computing metrics for 'val' dataset
[2021-10-26 19:44:23,994][core.metrics.meter][INFO] - Meter:
SequenceAccuracy:	0.000
TokenAccuracy:	0.424
LengthAccuracy:	0.772
1st Token Accuracy:	0.211
2nd Token Accuracy:	0.297
Average Loss:	2.108
[2021-10-26 19:44:24,144][core.early_stopping][INFO] - Early stopping counter: 1 / 5
[2021-10-26 19:44:24,197][core.early_stopping][INFO] - Pausing model saving until validation loss decreases by 0.0001
[2021-10-26 19:44:42,038][core.trainer][INFO] - Computing metrics for 'val' dataset
[2021-10-26 19:44:43,746][core.metrics.meter][INFO] - Meter:
SequenceAccuracy:	0.000
TokenAccuracy:	0.424
LengthAccuracy:	0.772
1st Token Accuracy:	0.210
2nd Token Accuracy:	0.291
Average Loss:	2.099
[2021-10-26 19:44:43,853][core.early_stopping][INFO] - Early stopping counter: 2 / 5
[2021-10-26 19:44:43,909][core.early_stopping][INFO] - Pausing model saving until validation loss decreases by 0.0001
[2021-10-26 19:45:02,921][core.trainer][INFO] - Computing metrics for 'val' dataset
[2021-10-26 19:45:04,620][core.metrics.meter][INFO] - Meter:
SequenceAccuracy:	0.000
TokenAccuracy:	0.431
LengthAccuracy:	0.786
1st Token Accuracy:	0.220
2nd Token Accuracy:	0.303
Average Loss:	2.079
[2021-10-26 19:45:25,372][core.trainer][INFO] - Computing metrics for 'val' dataset
[2021-10-26 19:45:27,082][core.metrics.meter][INFO] - Meter:
SequenceAccuracy:	0.000
TokenAccuracy:	0.435
LengthAccuracy:	0.799
1st Token Accuracy:	0.219
2nd Token Accuracy:	0.304
Average Loss:	2.060
[2021-10-26 19:45:47,624][core.trainer][INFO] - Computing metrics for 'val' dataset
[2021-10-26 19:45:49,335][core.metrics.meter][INFO] - Meter:
SequenceAccuracy:	0.000
TokenAccuracy:	0.435
LengthAccuracy:	0.822
1st Token Accuracy:	0.208
2nd Token Accuracy:	0.309
Average Loss:	2.045
[2021-10-26 19:46:09,983][core.trainer][INFO] - Computing metrics for 'val' dataset
[2021-10-26 19:46:11,680][core.metrics.meter][INFO] - Meter:
SequenceAccuracy:	0.000
TokenAccuracy:	0.442
LengthAccuracy:	0.821
1st Token Accuracy:	0.225
2nd Token Accuracy:	0.317
Average Loss:	2.032
[2021-10-26 19:46:11,845][core.early_stopping][INFO] - Early stopping counter: 1 / 5
[2021-10-26 19:46:11,845][core.early_stopping][INFO] - Pausing model saving until validation loss decreases by 0.0001
[2021-10-26 19:46:32,162][core.trainer][INFO] - Computing metrics for 'val' dataset
[2021-10-26 19:46:33,865][core.metrics.meter][INFO] - Meter:
SequenceAccuracy:	0.000
TokenAccuracy:	0.444
LengthAccuracy:	0.825
1st Token Accuracy:	0.232
2nd Token Accuracy:	0.326
Average Loss:	2.025
[2021-10-26 19:46:54,266][core.trainer][INFO] - Computing metrics for 'val' dataset
[2021-10-26 19:46:55,951][core.metrics.meter][INFO] - Meter:
SequenceAccuracy:	0.000
TokenAccuracy:	0.447
LengthAccuracy:	0.818
1st Token Accuracy:	0.237
2nd Token Accuracy:	0.317
Average Loss:	2.004
[2021-10-26 19:46:56,064][core.early_stopping][INFO] - Early stopping counter: 1 / 5
[2021-10-26 19:46:56,119][core.early_stopping][INFO] - Pausing model saving until validation loss decreases by 0.0001
[2021-10-26 19:47:16,324][core.trainer][INFO] - Computing metrics for 'val' dataset
[2021-10-26 19:47:18,019][core.metrics.meter][INFO] - Meter:
SequenceAccuracy:	0.001
TokenAccuracy:	0.453
LengthAccuracy:	0.831
1st Token Accuracy:	0.250
2nd Token Accuracy:	0.332
Average Loss:	1.989
[2021-10-26 19:47:18,304][core.trainer][INFO] - Computing metrics for 'test' dataset
[2021-10-26 19:47:34,550][core.metrics.meter][INFO] - Meter:
SequenceAccuracy:	0.000
TokenAccuracy:	0.450
LengthAccuracy:	0.858
1st Token Accuracy:	0.239
2nd Token Accuracy:	0.326
Average Loss:	1.995
[2021-10-26 19:47:34,552][core.trainer][INFO] - Computing metrics for 'gen' dataset
[2021-10-26 19:47:52,707][core.metrics.meter][INFO] - Meter:
SequenceAccuracy:	0.000
TokenAccuracy:	0.241
LengthAccuracy:	0.079
1st Token Accuracy:	0.191
2nd Token Accuracy:	0.283
Average Loss:	3.495
[2021-10-26 19:47:52,709][core.trainer][INFO] - EPOCH 8 / 50
[2021-10-26 19:47:52,709][core.trainer][INFO] - Computing metrics for 'train' dataset
[2021-10-26 19:48:13,216][core.trainer][INFO] - Computing metrics for 'val' dataset
[2021-10-26 19:48:14,917][core.metrics.meter][INFO] - Meter:
SequenceAccuracy:	0.000
TokenAccuracy:	0.456
LengthAccuracy:	0.836
1st Token Accuracy:	0.243
2nd Token Accuracy:	0.332
Average Loss:	1.973
[2021-10-26 19:48:15,025][core.early_stopping][INFO] - Early stopping counter: 1 / 5
[2021-10-26 19:48:15,081][core.early_stopping][INFO] - Pausing model saving until validation loss decreases by 0.0001
[2021-10-26 19:48:35,491][core.trainer][INFO] - Computing metrics for 'val' dataset
[2021-10-26 19:48:37,196][core.metrics.meter][INFO] - Meter:
SequenceAccuracy:	0.000
TokenAccuracy:	0.461
LengthAccuracy:	0.847
1st Token Accuracy:	0.239
2nd Token Accuracy:	0.354
Average Loss:	1.954
[2021-10-26 19:48:58,041][core.trainer][INFO] - Computing metrics for 'val' dataset
[2021-10-26 19:48:59,746][core.metrics.meter][INFO] - Meter:
SequenceAccuracy:	0.000
TokenAccuracy:	0.464
LengthAccuracy:	0.855
1st Token Accuracy:	0.248
2nd Token Accuracy:	0.345
Average Loss:	1.943
[2021-10-26 19:49:20,575][core.trainer][INFO] - Computing metrics for 'val' dataset
[2021-10-26 19:49:22,284][core.metrics.meter][INFO] - Meter:
SequenceAccuracy:	0.000
TokenAccuracy:	0.468
LengthAccuracy:	0.862
1st Token Accuracy:	0.253
2nd Token Accuracy:	0.364
Average Loss:	1.927
[2021-10-26 19:49:42,385][core.trainer][INFO] - Computing metrics for 'val' dataset
[2021-10-26 19:49:44,086][core.metrics.meter][INFO] - Meter:
SequenceAccuracy:	0.000
TokenAccuracy:	0.475
LengthAccuracy:	0.879
1st Token Accuracy:	0.255
2nd Token Accuracy:	0.375
Average Loss:	1.908
[2021-10-26 19:49:44,199][core.early_stopping][INFO] - Early stopping counter: 1 / 5
[2021-10-26 19:49:44,255][core.early_stopping][INFO] - Pausing model saving until validation loss decreases by 0.0001
[2021-10-26 19:50:02,134][core.trainer][INFO] - Computing metrics for 'val' dataset
[2021-10-26 19:50:03,834][core.metrics.meter][INFO] - Meter:
SequenceAccuracy:	0.000
TokenAccuracy:	0.477
LengthAccuracy:	0.891
1st Token Accuracy:	0.243
2nd Token Accuracy:	0.379
Average Loss:	1.888
[2021-10-26 19:50:22,049][core.trainer][INFO] - Computing metrics for 'val' dataset
[2021-10-26 19:50:23,767][core.metrics.meter][INFO] - Meter:
SequenceAccuracy:	0.000
TokenAccuracy:	0.483
LengthAccuracy:	0.898
1st Token Accuracy:	0.246
2nd Token Accuracy:	0.391
Average Loss:	1.873
[2021-10-26 19:50:41,960][core.trainer][INFO] - Computing metrics for 'val' dataset
[2021-10-26 19:50:43,667][core.metrics.meter][INFO] - Meter:
SequenceAccuracy:	0.000
TokenAccuracy:	0.486
LengthAccuracy:	0.903
1st Token Accuracy:	0.257
2nd Token Accuracy:	0.401
Average Loss:	1.863
[2021-10-26 19:50:43,775][core.early_stopping][INFO] - Early stopping counter: 1 / 5
[2021-10-26 19:50:43,829][core.early_stopping][INFO] - Pausing model saving until validation loss decreases by 0.0001
[2021-10-26 19:51:01,791][core.trainer][INFO] - Computing metrics for 'val' dataset
[2021-10-26 19:51:03,501][core.metrics.meter][INFO] - Meter:
SequenceAccuracy:	0.001
TokenAccuracy:	0.492
LengthAccuracy:	0.909
1st Token Accuracy:	0.273
2nd Token Accuracy:	0.403
Average Loss:	1.846
[2021-10-26 19:51:21,606][core.trainer][INFO] - Computing metrics for 'val' dataset
[2021-10-26 19:51:23,330][core.metrics.meter][INFO] - Meter:
SequenceAccuracy:	0.001
TokenAccuracy:	0.500
LengthAccuracy:	0.926
1st Token Accuracy:	0.260
2nd Token Accuracy:	0.423
Average Loss:	1.817
[2021-10-26 19:51:41,613][core.trainer][INFO] - Computing metrics for 'val' dataset
[2021-10-26 19:51:43,325][core.metrics.meter][INFO] - Meter:
SequenceAccuracy:	0.000
TokenAccuracy:	0.503
LengthAccuracy:	0.930
1st Token Accuracy:	0.275
2nd Token Accuracy:	0.428
Average Loss:	1.814
[2021-10-26 19:52:01,477][core.trainer][INFO] - Computing metrics for 'val' dataset
[2021-10-26 19:52:03,179][core.metrics.meter][INFO] - Meter:
SequenceAccuracy:	0.000
TokenAccuracy:	0.511
LengthAccuracy:	0.933
1st Token Accuracy:	0.294
2nd Token Accuracy:	0.448
Average Loss:	1.794
[2021-10-26 19:52:03,292][core.early_stopping][INFO] - Early stopping counter: 1 / 5
[2021-10-26 19:52:03,347][core.early_stopping][INFO] - Pausing model saving until validation loss decreases by 0.0001
[2021-10-26 19:52:21,345][core.trainer][INFO] - Computing metrics for 'val' dataset
[2021-10-26 19:52:23,056][core.metrics.meter][INFO] - Meter:
SequenceAccuracy:	0.001
TokenAccuracy:	0.515
LengthAccuracy:	0.940
1st Token Accuracy:	0.294
2nd Token Accuracy:	0.461
Average Loss:	1.776
[2021-10-26 19:52:41,344][core.trainer][INFO] - Computing metrics for 'val' dataset
[2021-10-26 19:52:43,049][core.metrics.meter][INFO] - Meter:
SequenceAccuracy:	0.001
TokenAccuracy:	0.522
LengthAccuracy:	0.953
1st Token Accuracy:	0.310
2nd Token Accuracy:	0.470
Average Loss:	1.756
[2021-10-26 19:53:01,396][core.trainer][INFO] - Computing metrics for 'val' dataset
[2021-10-26 19:53:03,104][core.metrics.meter][INFO] - Meter:
SequenceAccuracy:	0.000
TokenAccuracy:	0.529
LengthAccuracy:	0.964
1st Token Accuracy:	0.320
2nd Token Accuracy:	0.486
Average Loss:	1.734
[2021-10-26 19:53:23,392][core.trainer][INFO] - Computing metrics for 'val' dataset
[2021-10-26 19:53:25,120][core.metrics.meter][INFO] - Meter:
SequenceAccuracy:	0.001
TokenAccuracy:	0.534
LengthAccuracy:	0.964
1st Token Accuracy:	0.334
2nd Token Accuracy:	0.509
Average Loss:	1.727
[2021-10-26 19:53:46,074][core.trainer][INFO] - Computing metrics for 'val' dataset
[2021-10-26 19:53:47,794][core.metrics.meter][INFO] - Meter:
SequenceAccuracy:	0.001
TokenAccuracy:	0.539
LengthAccuracy:	0.972
1st Token Accuracy:	0.351
2nd Token Accuracy:	0.520
Average Loss:	1.708
[2021-10-26 19:54:08,852][core.trainer][INFO] - Computing metrics for 'val' dataset
[2021-10-26 19:54:10,565][core.metrics.meter][INFO] - Meter:
SequenceAccuracy:	0.001
TokenAccuracy:	0.543
LengthAccuracy:	0.978
1st Token Accuracy:	0.353
2nd Token Accuracy:	0.544
Average Loss:	1.689
[2021-10-26 19:54:31,607][core.trainer][INFO] - Computing metrics for 'val' dataset
[2021-10-26 19:54:33,315][core.metrics.meter][INFO] - Meter:
SequenceAccuracy:	0.002
TokenAccuracy:	0.548
LengthAccuracy:	0.980
1st Token Accuracy:	0.370
2nd Token Accuracy:	0.558
Average Loss:	1.682
[2021-10-26 19:54:54,237][core.trainer][INFO] - Computing metrics for 'val' dataset
[2021-10-26 19:54:55,941][core.metrics.meter][INFO] - Meter:
SequenceAccuracy:	0.002
TokenAccuracy:	0.553
LengthAccuracy:	0.976
1st Token Accuracy:	0.370
2nd Token Accuracy:	0.592
Average Loss:	1.661
[2021-10-26 19:54:56,233][core.trainer][INFO] - Computing metrics for 'test' dataset
[2021-10-26 19:55:12,618][core.metrics.meter][INFO] - Meter:
SequenceAccuracy:	0.002
TokenAccuracy:	0.548
LengthAccuracy:	0.975
1st Token Accuracy:	0.388
2nd Token Accuracy:	0.567
Average Loss:	1.687
[2021-10-26 19:55:12,620][core.trainer][INFO] - Computing metrics for 'gen' dataset
[2021-10-26 19:55:31,361][core.metrics.meter][INFO] - Meter:
SequenceAccuracy:	0.000
TokenAccuracy:	0.256
LengthAccuracy:	0.367
1st Token Accuracy:	0.213
2nd Token Accuracy:	0.255
Average Loss:	3.479
[2021-10-26 19:55:31,363][core.trainer][INFO] - EPOCH 9 / 50
[2021-10-26 19:55:31,363][core.trainer][INFO] - Computing metrics for 'train' dataset
[2021-10-26 19:55:52,097][core.trainer][INFO] - Computing metrics for 'val' dataset
[2021-10-26 19:55:53,815][core.metrics.meter][INFO] - Meter:
SequenceAccuracy:	0.002
TokenAccuracy:	0.557
LengthAccuracy:	0.981
1st Token Accuracy:	0.378
2nd Token Accuracy:	0.603
Average Loss:	1.644
[2021-10-26 19:56:14,348][core.trainer][INFO] - Computing metrics for 'val' dataset
[2021-10-26 19:56:16,073][core.metrics.meter][INFO] - Meter:
SequenceAccuracy:	0.001
TokenAccuracy:	0.564
LengthAccuracy:	0.983
1st Token Accuracy:	0.390
2nd Token Accuracy:	0.617
Average Loss:	1.622
[2021-10-26 19:56:36,006][core.trainer][INFO] - Computing metrics for 'val' dataset
[2021-10-26 19:56:37,712][core.metrics.meter][INFO] - Meter:
SequenceAccuracy:	0.002
TokenAccuracy:	0.568
LengthAccuracy:	0.980
1st Token Accuracy:	0.403
2nd Token Accuracy:	0.641
Average Loss:	1.614
[2021-10-26 19:56:58,478][core.trainer][INFO] - Computing metrics for 'val' dataset
[2021-10-26 19:57:00,578][core.metrics.meter][INFO] - Meter:
SequenceAccuracy:	0.002
TokenAccuracy:	0.576
LengthAccuracy:	0.985
1st Token Accuracy:	0.426
2nd Token Accuracy:	0.671
Average Loss:	1.593
[2021-10-26 19:57:18,883][core.trainer][INFO] - Computing metrics for 'val' dataset
[2021-10-26 19:57:20,608][core.metrics.meter][INFO] - Meter:
SequenceAccuracy:	0.002
TokenAccuracy:	0.579
LengthAccuracy:	0.982
1st Token Accuracy:	0.428
2nd Token Accuracy:	0.685
Average Loss:	1.581
[2021-10-26 19:57:39,002][core.trainer][INFO] - Computing metrics for 'val' dataset
[2021-10-26 19:57:40,709][core.metrics.meter][INFO] - Meter:
SequenceAccuracy:	0.002
TokenAccuracy:	0.584
LengthAccuracy:	0.981
1st Token Accuracy:	0.440
2nd Token Accuracy:	0.699
Average Loss:	1.561
[2021-10-26 19:58:01,353][core.trainer][INFO] - Computing metrics for 'val' dataset
[2021-10-26 19:58:03,055][core.metrics.meter][INFO] - Meter:
SequenceAccuracy:	0.003
TokenAccuracy:	0.587
LengthAccuracy:	0.984
1st Token Accuracy:	0.446
2nd Token Accuracy:	0.724
Average Loss:	1.547
[2021-10-26 19:58:22,095][core.trainer][INFO] - Computing metrics for 'val' dataset
[2021-10-26 19:58:23,805][core.metrics.meter][INFO] - Meter:
SequenceAccuracy:	0.004
TokenAccuracy:	0.592
LengthAccuracy:	0.988
1st Token Accuracy:	0.444
2nd Token Accuracy:	0.738
Average Loss:	1.527
[2021-10-26 19:58:42,435][core.trainer][INFO] - Computing metrics for 'val' dataset
[2021-10-26 19:58:44,149][core.metrics.meter][INFO] - Meter:
SequenceAccuracy:	0.003
TokenAccuracy:	0.597
LengthAccuracy:	0.983
1st Token Accuracy:	0.452
2nd Token Accuracy:	0.757
Average Loss:	1.519
[2021-10-26 19:59:02,662][core.trainer][INFO] - Computing metrics for 'val' dataset
[2021-10-26 19:59:04,377][core.metrics.meter][INFO] - Meter:
SequenceAccuracy:	0.006
TokenAccuracy:	0.602
LengthAccuracy:	0.982
1st Token Accuracy:	0.472
2nd Token Accuracy:	0.755
Average Loss:	1.507
[2021-10-26 19:59:22,782][core.trainer][INFO] - Computing metrics for 'val' dataset
[2021-10-26 19:59:24,497][core.metrics.meter][INFO] - Meter:
SequenceAccuracy:	0.003
TokenAccuracy:	0.607
LengthAccuracy:	0.987
1st Token Accuracy:	0.468
2nd Token Accuracy:	0.783
Average Loss:	1.484
[2021-10-26 19:59:45,499][core.trainer][INFO] - Computing metrics for 'val' dataset
[2021-10-26 19:59:47,612][core.metrics.meter][INFO] - Meter:
SequenceAccuracy:	0.006
TokenAccuracy:	0.611
LengthAccuracy:	0.984
1st Token Accuracy:	0.473
2nd Token Accuracy:	0.799
Average Loss:	1.472
[2021-10-26 20:00:08,614][core.trainer][INFO] - Computing metrics for 'val' dataset
[2021-10-26 20:00:10,717][core.metrics.meter][INFO] - Meter:
SequenceAccuracy:	0.005
TokenAccuracy:	0.614
LengthAccuracy:	0.985
1st Token Accuracy:	0.490
2nd Token Accuracy:	0.798
Average Loss:	1.457
[2021-10-26 20:00:31,283][core.trainer][INFO] - Computing metrics for 'val' dataset
[2021-10-26 20:00:33,373][core.metrics.meter][INFO] - Meter:
SequenceAccuracy:	0.006
TokenAccuracy:	0.619
LengthAccuracy:	0.984
1st Token Accuracy:	0.484
2nd Token Accuracy:	0.816
Average Loss:	1.445
[2021-10-26 20:00:53,988][core.trainer][INFO] - Computing metrics for 'val' dataset
[2021-10-26 20:00:56,087][core.metrics.meter][INFO] - Meter:
SequenceAccuracy:	0.004
TokenAccuracy:	0.622
LengthAccuracy:	0.983
1st Token Accuracy:	0.489
2nd Token Accuracy:	0.817
Average Loss:	1.437
[2021-10-26 20:01:16,870][core.trainer][INFO] - Computing metrics for 'val' dataset
[2021-10-26 20:01:18,965][core.metrics.meter][INFO] - Meter:
SequenceAccuracy:	0.005
TokenAccuracy:	0.628
LengthAccuracy:	0.984
1st Token Accuracy:	0.502
2nd Token Accuracy:	0.833
Average Loss:	1.416
