experiment:
  dataset:
    name: ms-passivization-de
    input: ms-passivization.tsv
    source_format: sequence
    target_format: sequence
    overwrite: false
    transform_field: target
    splits:
      train: 80
      test: 10
      val: 10
  hyperparameters:
    epochs: 50
    batch_size: 5
    lr: 0.001
    tolerance: 0.0001
    num_iters_eval: 1000
    min_iters: 30000
    patience: 5
    tf_ratio: 0.5
    cuda: 0
  model:
    name: LSTM-Multiplicative
    encoder:
      unit: LSTM
      type: sequence
      dropout: 0
      num_layers: 1
      hidden_size: 256
      max_length: 0
      embedding_size: 256
      bidirectional: false
    decoder:
      unit: LSTM
      type: sequence
      dropout: 0
      num_layers: 1
      max_length: 30
      hidden_size: 256
      attention: Multiplicative
      embedding_size: 256
  name: passiv-de-lstm-1layer
pretty_print: true

[2021-10-26 20:03:37,930][core.trainer][INFO] - DEVICE: cuda
[2021-10-26 20:03:37,931][core.dataset.base_dataset][INFO] - Initializing dataset
[2021-10-26 20:03:37,931][core.dataset.base_dataset][INFO] - Constructing fields from dataset.
[2021-10-26 20:03:40,863][core.trainer][INFO] - TransductionDataset(
 splits: [val (1000 sequences), train (100000 sequences), test (10000 sequences), gen (10000 sequences)]
 fields: [source, annotation, target]
)
[2021-10-26 20:03:40,864][core.models.base_model][INFO] - Initializing model
[2021-10-26 20:03:47,207][core.trainer][INFO] - TransductionModel(
  (_encoder): TransductionSequenceEncoder(
    (module): Sequential(
      (0): Embedding(83, 256)
      (1): LSTM(256, 256)
    )
  )
  (_decoder): LSTMSequenceDecoder(
    (_embedding): Embedding(97, 256)
    (_unit): LSTM(512, 256)
    (_out): Linear(in_features=256, out_features=97, bias=True)
    (_attention): MultiplicativeAttention(
      (key_map): Linear(in_features=256, out_features=256, bias=True)
      (val_map): Linear(in_features=256, out_features=256, bias=True)
    )
  )
)
[2021-10-26 20:03:47,208][core.trainer][INFO] - Beginning training
[2021-10-26 20:03:47,211][core.metrics.meter][INFO] - Logging with tensorboard; view with `tensorboard --logdir=/scratch/lw2534/lab/transductions/outputs/passiv-de-lstm-1layer/LSTM-Multiplicative/2021-10-26_20-03-36/tensorboard`
[2021-10-26 20:03:47,211][core.trainer][INFO] - EPOCH 1 / 50
[2021-10-26 20:03:47,211][core.trainer][INFO] - Computing metrics for 'train' dataset
[2021-10-26 20:04:01,180][core.trainer][INFO] - Computing metrics for 'val' dataset
[2021-10-26 20:04:02,195][core.metrics.meter][INFO] - Meter:
SequenceAccuracy:	0.000
TokenAccuracy:	0.095
LengthAccuracy:	0.353
1st Token Accuracy:	0.000
2nd Token Accuracy:	0.006
Average Loss:	4.528
[2021-10-26 20:04:17,128][core.trainer][INFO] - Computing metrics for 'val' dataset
[2021-10-26 20:04:18,329][core.metrics.meter][INFO] - Meter:
SequenceAccuracy:	0.000
TokenAccuracy:	0.103
LengthAccuracy:	0.392
1st Token Accuracy:	0.000
2nd Token Accuracy:	0.000
Average Loss:	4.437
[2021-10-26 20:04:33,571][core.trainer][INFO] - Computing metrics for 'val' dataset
[2021-10-26 20:04:34,743][core.metrics.meter][INFO] - Meter:
SequenceAccuracy:	0.000
TokenAccuracy:	0.100
LengthAccuracy:	0.399
1st Token Accuracy:	0.000
2nd Token Accuracy:	0.000
Average Loss:	4.335
[2021-10-26 20:04:49,498][core.trainer][INFO] - Computing metrics for 'val' dataset
[2021-10-26 20:04:50,525][core.metrics.meter][INFO] - Meter:
SequenceAccuracy:	0.000
TokenAccuracy:	0.101
LengthAccuracy:	0.405
1st Token Accuracy:	0.000
2nd Token Accuracy:	0.000
Average Loss:	4.231
[2021-10-26 20:05:04,061][core.trainer][INFO] - Computing metrics for 'val' dataset
[2021-10-26 20:05:04,941][core.metrics.meter][INFO] - Meter:
SequenceAccuracy:	0.000
TokenAccuracy:	0.111
LengthAccuracy:	0.323
1st Token Accuracy:	0.000
2nd Token Accuracy:	0.000
Average Loss:	4.159
[2021-10-26 20:05:17,024][core.trainer][INFO] - Computing metrics for 'val' dataset
[2021-10-26 20:05:17,871][core.metrics.meter][INFO] - Meter:
SequenceAccuracy:	0.000
TokenAccuracy:	0.106
LengthAccuracy:	0.118
1st Token Accuracy:	0.000
2nd Token Accuracy:	0.000
Average Loss:	4.130
[2021-10-26 20:05:28,712][core.trainer][INFO] - Computing metrics for 'val' dataset
[2021-10-26 20:05:29,457][core.metrics.meter][INFO] - Meter:
SequenceAccuracy:	0.000
TokenAccuracy:	0.102
LengthAccuracy:	0.055
1st Token Accuracy:	0.000
2nd Token Accuracy:	0.000
Average Loss:	4.107
