experiment:
  dataset:
    name: ms-passivization-de
    input: ms-passivization.tsv
    source_format: sequence
    target_format: sequence
    overwrite: false
    transform_field: target
    splits:
      train: 80
      test: 10
      val: 10
  hyperparameters:
    epochs: 50
    batch_size: 5
    lr: 0.001
    tolerance: 0.0001
    num_iters_eval: 1000
    min_iters: 30000
    patience: 5
    tf_ratio: 0.5
    cuda: 0
  model:
    name: LSTM-Multiplicative
    encoder:
      unit: LSTM
      type: sequence
      dropout: 0
      num_layers: 1
      hidden_size: 256
      max_length: 0
      embedding_size: 256
      bidirectional: false
    decoder:
      unit: LSTM
      type: sequence
      dropout: 0
      num_layers: 1
      max_length: 30
      hidden_size: 256
      attention: Multiplicative
      embedding_size: 256
  name: passiv-de-lstm-1layer
pretty_print: true

[2021-10-26 19:04:58,154][core.trainer][INFO] - DEVICE: cuda
[2021-10-26 19:04:58,155][core.dataset.base_dataset][INFO] - Initializing dataset
[2021-10-26 19:04:58,156][core.dataset.base_dataset][INFO] - Constructing fields from dataset.
[2021-10-26 19:05:01,233][core.trainer][INFO] - TransductionDataset(
 splits: [val (1000 sequences), train (100000 sequences), test (10000 sequences), gen (10000 sequences)]
 fields: [source, annotation, target]
)
[2021-10-26 19:05:01,235][core.models.base_model][INFO] - Initializing model
[2021-10-26 19:05:04,936][core.trainer][INFO] - TransductionModel(
  (_encoder): TransductionSequenceEncoder(
    (module): Sequential(
      (0): Embedding(83, 256)
      (1): LSTM(256, 256)
    )
  )
  (_decoder): LSTMSequenceDecoder(
    (_embedding): Embedding(97, 256)
    (_unit): LSTM(512, 256)
    (_out): Linear(in_features=256, out_features=97, bias=True)
    (_attention): MultiplicativeAttention(
      (key_map): Linear(in_features=256, out_features=256, bias=True)
      (val_map): Linear(in_features=256, out_features=256, bias=True)
    )
  )
)
[2021-10-26 19:05:05,012][core.trainer][INFO] - Beginning training
[2021-10-26 19:05:05,110][core.metrics.meter][INFO] - Logging with tensorboard; view with `tensorboard --logdir=/scratch/lw2534/lab/transductions/outputs/passiv-de-lstm-1layer/LSTM-Multiplicative/2021-10-26_19-04-57/tensorboard`
[2021-10-26 19:05:05,112][core.trainer][INFO] - EPOCH 1 / 50
[2021-10-26 19:05:05,112][core.trainer][INFO] - Computing metrics for 'train' dataset
[2021-10-26 19:05:21,573][core.trainer][INFO] - Computing metrics for 'val' dataset
[2021-10-26 19:05:22,836][core.metrics.meter][INFO] - Meter:
SequenceAccuracy:	0.000
TokenAccuracy:	0.097
LengthAccuracy:	0.566
1st Token Accuracy:	0.000
2nd Token Accuracy:	0.011
Average Loss:	4.520
[2021-10-26 19:05:38,063][core.trainer][INFO] - Computing metrics for 'val' dataset
[2021-10-26 19:05:39,245][core.metrics.meter][INFO] - Meter:
SequenceAccuracy:	0.000
TokenAccuracy:	0.113
LengthAccuracy:	0.368
1st Token Accuracy:	0.000
2nd Token Accuracy:	0.000
Average Loss:	4.415
[2021-10-26 19:05:54,467][core.trainer][INFO] - Computing metrics for 'val' dataset
[2021-10-26 19:05:55,595][core.metrics.meter][INFO] - Meter:
SequenceAccuracy:	0.000
TokenAccuracy:	0.109
LengthAccuracy:	0.414
1st Token Accuracy:	0.000
2nd Token Accuracy:	0.000
Average Loss:	4.293
[2021-10-26 19:06:09,883][core.trainer][INFO] - Computing metrics for 'val' dataset
[2021-10-26 19:06:10,893][core.metrics.meter][INFO] - Meter:
SequenceAccuracy:	0.000
TokenAccuracy:	0.109
LengthAccuracy:	0.301
1st Token Accuracy:	0.000
2nd Token Accuracy:	0.000
Average Loss:	4.195
[2021-10-26 19:06:23,640][core.trainer][INFO] - Computing metrics for 'val' dataset
[2021-10-26 19:06:24,507][core.metrics.meter][INFO] - Meter:
SequenceAccuracy:	0.000
TokenAccuracy:	0.105
LengthAccuracy:	0.132
1st Token Accuracy:	0.000
2nd Token Accuracy:	0.000
Average Loss:	4.144
[2021-10-26 19:06:35,621][core.trainer][INFO] - Computing metrics for 'val' dataset
[2021-10-26 19:06:36,490][core.metrics.meter][INFO] - Meter:
SequenceAccuracy:	0.000
TokenAccuracy:	0.103
LengthAccuracy:	0.069
1st Token Accuracy:	0.000
2nd Token Accuracy:	0.000
Average Loss:	4.113
[2021-10-26 19:06:46,798][core.trainer][INFO] - Computing metrics for 'val' dataset
[2021-10-26 19:06:47,624][core.metrics.meter][INFO] - Meter:
SequenceAccuracy:	0.000
TokenAccuracy:	0.101
LengthAccuracy:	0.031
1st Token Accuracy:	0.000
2nd Token Accuracy:	0.000
Average Loss:	4.098
[2021-10-26 19:06:57,565][core.trainer][INFO] - Computing metrics for 'val' dataset
[2021-10-26 19:06:58,433][core.metrics.meter][INFO] - Meter:
SequenceAccuracy:	0.000
TokenAccuracy:	0.099
LengthAccuracy:	0.007
1st Token Accuracy:	0.000
2nd Token Accuracy:	0.000
Average Loss:	4.078
[2021-10-26 19:07:08,737][core.trainer][INFO] - Computing metrics for 'val' dataset
[2021-10-26 19:07:09,853][core.metrics.meter][INFO] - Meter:
SequenceAccuracy:	0.000
TokenAccuracy:	0.102
LengthAccuracy:	0.001
1st Token Accuracy:	0.000
2nd Token Accuracy:	0.000
Average Loss:	4.047
[2021-10-26 19:07:21,691][core.trainer][INFO] - Computing metrics for 'val' dataset
[2021-10-26 19:07:22,978][core.metrics.meter][INFO] - Meter:
SequenceAccuracy:	0.000
TokenAccuracy:	0.121
LengthAccuracy:	0.088
1st Token Accuracy:	0.000
2nd Token Accuracy:	0.000
Average Loss:	4.003
[2021-10-26 19:07:36,218][core.trainer][INFO] - Computing metrics for 'val' dataset
[2021-10-26 19:07:37,624][core.metrics.meter][INFO] - Meter:
SequenceAccuracy:	0.000
TokenAccuracy:	0.121
LengthAccuracy:	0.145
1st Token Accuracy:	0.000
2nd Token Accuracy:	0.000
Average Loss:	3.968
[2021-10-26 19:07:50,713][core.trainer][INFO] - Computing metrics for 'val' dataset
[2021-10-26 19:07:51,956][core.metrics.meter][INFO] - Meter:
SequenceAccuracy:	0.000
TokenAccuracy:	0.124
LengthAccuracy:	0.138
1st Token Accuracy:	0.000
2nd Token Accuracy:	0.000
Average Loss:	3.954
[2021-10-26 19:07:52,074][core.early_stopping][INFO] - Early stopping counter: 1 / 5
[2021-10-26 19:07:52,075][core.early_stopping][INFO] - Pausing model saving until validation loss decreases by 0.0001
[2021-10-26 19:08:04,244][core.trainer][INFO] - Computing metrics for 'val' dataset
[2021-10-26 19:08:05,444][core.metrics.meter][INFO] - Meter:
SequenceAccuracy:	0.000
TokenAccuracy:	0.125
LengthAccuracy:	0.118
1st Token Accuracy:	0.000
2nd Token Accuracy:	0.000
Average Loss:	3.946
[2021-10-26 19:08:18,151][core.trainer][INFO] - Computing metrics for 'val' dataset
[2021-10-26 19:08:19,326][core.metrics.meter][INFO] - Meter:
SequenceAccuracy:	0.000
TokenAccuracy:	0.125
LengthAccuracy:	0.116
1st Token Accuracy:	0.000
2nd Token Accuracy:	0.000
Average Loss:	3.932
[2021-10-26 19:08:32,174][core.trainer][INFO] - Computing metrics for 'val' dataset
[2021-10-26 19:08:33,340][core.metrics.meter][INFO] - Meter:
SequenceAccuracy:	0.000
TokenAccuracy:	0.125
LengthAccuracy:	0.113
1st Token Accuracy:	0.001
2nd Token Accuracy:	0.000
Average Loss:	3.918
[2021-10-26 19:08:45,820][core.trainer][INFO] - Computing metrics for 'val' dataset
[2021-10-26 19:08:47,038][core.metrics.meter][INFO] - Meter:
SequenceAccuracy:	0.000
TokenAccuracy:	0.125
LengthAccuracy:	0.126
1st Token Accuracy:	0.001
2nd Token Accuracy:	0.000
Average Loss:	3.905
[2021-10-26 19:08:59,488][core.trainer][INFO] - Computing metrics for 'val' dataset
[2021-10-26 19:09:00,684][core.metrics.meter][INFO] - Meter:
SequenceAccuracy:	0.000
TokenAccuracy:	0.126
LengthAccuracy:	0.126
1st Token Accuracy:	0.001
2nd Token Accuracy:	0.000
Average Loss:	3.894
[2021-10-26 19:09:13,138][core.trainer][INFO] - Computing metrics for 'val' dataset
[2021-10-26 19:09:14,375][core.metrics.meter][INFO] - Meter:
SequenceAccuracy:	0.000
TokenAccuracy:	0.125
LengthAccuracy:	0.115
1st Token Accuracy:	0.002
2nd Token Accuracy:	0.002
Average Loss:	3.881
[2021-10-26 19:09:26,870][core.trainer][INFO] - Computing metrics for 'val' dataset
[2021-10-26 19:09:28,115][core.metrics.meter][INFO] - Meter:
SequenceAccuracy:	0.000
TokenAccuracy:	0.126
LengthAccuracy:	0.115
1st Token Accuracy:	0.018
2nd Token Accuracy:	0.004
Average Loss:	3.872
[2021-10-26 19:09:40,573][core.trainer][INFO] - Computing metrics for 'val' dataset
[2021-10-26 19:09:41,781][core.metrics.meter][INFO] - Meter:
SequenceAccuracy:	0.000
TokenAccuracy:	0.128
LengthAccuracy:	0.106
1st Token Accuracy:	0.043
2nd Token Accuracy:	0.013
Average Loss:	3.863
[2021-10-26 19:09:42,134][core.trainer][INFO] - Computing metrics for 'test' dataset
[2021-10-26 19:09:53,553][core.metrics.meter][INFO] - Meter:
SequenceAccuracy:	0.000
TokenAccuracy:	0.132
LengthAccuracy:	0.130
1st Token Accuracy:	0.056
2nd Token Accuracy:	0.021
Average Loss:	3.853
[2021-10-26 19:09:53,555][core.trainer][INFO] - Computing metrics for 'gen' dataset
[2021-10-26 19:10:04,459][core.metrics.meter][INFO] - Meter:
SequenceAccuracy:	0.000
TokenAccuracy:	0.117
LengthAccuracy:	0.000
1st Token Accuracy:	0.088
2nd Token Accuracy:	0.000
Average Loss:	3.998
[2021-10-26 19:10:04,462][core.trainer][INFO] - EPOCH 2 / 50
[2021-10-26 19:10:04,462][core.trainer][INFO] - Computing metrics for 'train' dataset
[2021-10-26 19:10:16,958][core.trainer][INFO] - Computing metrics for 'val' dataset
[2021-10-26 19:10:18,133][core.metrics.meter][INFO] - Meter:
SequenceAccuracy:	0.000
TokenAccuracy:	0.133
LengthAccuracy:	0.095
1st Token Accuracy:	0.072
2nd Token Accuracy:	0.044
Average Loss:	3.858
[2021-10-26 19:10:18,207][core.early_stopping][INFO] - Early stopping counter: 1 / 5
[2021-10-26 19:10:18,242][core.early_stopping][INFO] - Pausing model saving until validation loss decreases by 0.0001
[2021-10-26 19:10:30,539][core.trainer][INFO] - Computing metrics for 'val' dataset
[2021-10-26 19:10:31,753][core.metrics.meter][INFO] - Meter:
SequenceAccuracy:	0.000
TokenAccuracy:	0.138
LengthAccuracy:	0.110
1st Token Accuracy:	0.085
2nd Token Accuracy:	0.059
Average Loss:	3.837
[2021-10-26 19:10:44,502][core.trainer][INFO] - Computing metrics for 'val' dataset
[2021-10-26 19:10:45,731][core.metrics.meter][INFO] - Meter:
SequenceAccuracy:	0.000
TokenAccuracy:	0.140
LengthAccuracy:	0.112
1st Token Accuracy:	0.087
2nd Token Accuracy:	0.076
Average Loss:	3.820
[2021-10-26 19:10:58,682][core.trainer][INFO] - Computing metrics for 'val' dataset
[2021-10-26 19:10:59,948][core.metrics.meter][INFO] - Meter:
SequenceAccuracy:	0.000
TokenAccuracy:	0.142
LengthAccuracy:	0.124
1st Token Accuracy:	0.087
2nd Token Accuracy:	0.078
Average Loss:	3.807
[2021-10-26 19:11:12,772][core.trainer][INFO] - Computing metrics for 'val' dataset
[2021-10-26 19:11:14,027][core.metrics.meter][INFO] - Meter:
SequenceAccuracy:	0.000
TokenAccuracy:	0.142
LengthAccuracy:	0.117
1st Token Accuracy:	0.091
2nd Token Accuracy:	0.086
Average Loss:	3.798
[2021-10-26 19:11:26,703][core.trainer][INFO] - Computing metrics for 'val' dataset
[2021-10-26 19:11:27,964][core.metrics.meter][INFO] - Meter:
SequenceAccuracy:	0.000
TokenAccuracy:	0.142
LengthAccuracy:	0.118
1st Token Accuracy:	0.084
2nd Token Accuracy:	0.081
Average Loss:	3.787
[2021-10-26 19:11:40,523][core.trainer][INFO] - Computing metrics for 'val' dataset
[2021-10-26 19:11:41,748][core.metrics.meter][INFO] - Meter:
SequenceAccuracy:	0.000
TokenAccuracy:	0.139
LengthAccuracy:	0.098
1st Token Accuracy:	0.088
2nd Token Accuracy:	0.082
Average Loss:	3.780
[2021-10-26 19:11:54,538][core.trainer][INFO] - Computing metrics for 'val' dataset
[2021-10-26 19:11:55,764][core.metrics.meter][INFO] - Meter:
SequenceAccuracy:	0.000
TokenAccuracy:	0.139
LengthAccuracy:	0.106
1st Token Accuracy:	0.085
2nd Token Accuracy:	0.081
Average Loss:	3.770
[2021-10-26 19:12:08,626][core.trainer][INFO] - Computing metrics for 'val' dataset
[2021-10-26 19:12:09,854][core.metrics.meter][INFO] - Meter:
SequenceAccuracy:	0.000
TokenAccuracy:	0.140
LengthAccuracy:	0.102
1st Token Accuracy:	0.090
2nd Token Accuracy:	0.079
Average Loss:	3.760
[2021-10-26 19:12:09,955][core.early_stopping][INFO] - Early stopping counter: 1 / 5
[2021-10-26 19:12:09,990][core.early_stopping][INFO] - Pausing model saving until validation loss decreases by 0.0001
[2021-10-26 19:12:22,471][core.trainer][INFO] - Computing metrics for 'val' dataset
[2021-10-26 19:12:23,687][core.metrics.meter][INFO] - Meter:
SequenceAccuracy:	0.000
TokenAccuracy:	0.139
LengthAccuracy:	0.103
1st Token Accuracy:	0.089
2nd Token Accuracy:	0.079
Average Loss:	3.754
[2021-10-26 19:12:36,456][core.trainer][INFO] - Computing metrics for 'val' dataset
[2021-10-26 19:12:37,729][core.metrics.meter][INFO] - Meter:
SequenceAccuracy:	0.000
TokenAccuracy:	0.142
LengthAccuracy:	0.117
1st Token Accuracy:	0.088
2nd Token Accuracy:	0.082
Average Loss:	3.739
[2021-10-26 19:12:50,447][core.trainer][INFO] - Computing metrics for 'val' dataset
[2021-10-26 19:12:51,716][core.metrics.meter][INFO] - Meter:
SequenceAccuracy:	0.000
TokenAccuracy:	0.142
LengthAccuracy:	0.115
1st Token Accuracy:	0.099
2nd Token Accuracy:	0.091
Average Loss:	3.742
[2021-10-26 19:13:04,513][core.trainer][INFO] - Computing metrics for 'val' dataset
[2021-10-26 19:13:05,726][core.metrics.meter][INFO] - Meter:
SequenceAccuracy:	0.000
TokenAccuracy:	0.143
LengthAccuracy:	0.106
1st Token Accuracy:	0.105
2nd Token Accuracy:	0.093
Average Loss:	3.734
[2021-10-26 19:13:18,455][core.trainer][INFO] - Computing metrics for 'val' dataset
[2021-10-26 19:13:19,727][core.metrics.meter][INFO] - Meter:
SequenceAccuracy:	0.000
TokenAccuracy:	0.145
LengthAccuracy:	0.115
1st Token Accuracy:	0.111
2nd Token Accuracy:	0.094
Average Loss:	3.729
[2021-10-26 19:13:32,249][core.trainer][INFO] - Computing metrics for 'val' dataset
[2021-10-26 19:13:33,458][core.metrics.meter][INFO] - Meter:
SequenceAccuracy:	0.000
TokenAccuracy:	0.144
LengthAccuracy:	0.111
1st Token Accuracy:	0.109
2nd Token Accuracy:	0.101
Average Loss:	3.731
[2021-10-26 19:13:33,548][core.early_stopping][INFO] - Early stopping counter: 1 / 5
[2021-10-26 19:13:33,583][core.early_stopping][INFO] - Pausing model saving until validation loss decreases by 0.0001
[2021-10-26 19:13:45,957][core.trainer][INFO] - Computing metrics for 'val' dataset
[2021-10-26 19:13:47,194][core.metrics.meter][INFO] - Meter:
SequenceAccuracy:	0.000
TokenAccuracy:	0.146
LengthAccuracy:	0.113
1st Token Accuracy:	0.106
2nd Token Accuracy:	0.109
Average Loss:	3.724
[2021-10-26 19:13:59,910][core.trainer][INFO] - Computing metrics for 'val' dataset
[2021-10-26 19:14:01,118][core.metrics.meter][INFO] - Meter:
SequenceAccuracy:	0.000
TokenAccuracy:	0.149
LengthAccuracy:	0.118
1st Token Accuracy:	0.102
2nd Token Accuracy:	0.120
Average Loss:	3.707
[2021-10-26 19:14:13,988][core.trainer][INFO] - Computing metrics for 'val' dataset
[2021-10-26 19:14:15,251][core.metrics.meter][INFO] - Meter:
SequenceAccuracy:	0.000
TokenAccuracy:	0.150
LengthAccuracy:	0.118
1st Token Accuracy:	0.101
2nd Token Accuracy:	0.122
Average Loss:	3.695
[2021-10-26 19:14:27,945][core.trainer][INFO] - Computing metrics for 'val' dataset
[2021-10-26 19:14:29,144][core.metrics.meter][INFO] - Meter:
SequenceAccuracy:	0.000
TokenAccuracy:	0.150
LengthAccuracy:	0.122
1st Token Accuracy:	0.116
2nd Token Accuracy:	0.109
Average Loss:	3.694
[2021-10-26 19:14:29,221][core.early_stopping][INFO] - Early stopping counter: 1 / 5
[2021-10-26 19:14:29,261][core.early_stopping][INFO] - Pausing model saving until validation loss decreases by 0.0001
[2021-10-26 19:14:41,546][core.trainer][INFO] - Computing metrics for 'val' dataset
[2021-10-26 19:14:42,763][core.metrics.meter][INFO] - Meter:
SequenceAccuracy:	0.000
TokenAccuracy:	0.146
LengthAccuracy:	0.110
1st Token Accuracy:	0.104
2nd Token Accuracy:	0.113
Average Loss:	3.695
[2021-10-26 19:14:42,870][core.early_stopping][INFO] - Early stopping counter: 2 / 5
[2021-10-26 19:14:42,870][core.early_stopping][INFO] - Pausing model saving until validation loss decreases by 0.0001
[2021-10-26 19:14:42,872][core.trainer][INFO] - Computing metrics for 'test' dataset
[2021-10-26 19:14:54,415][core.metrics.meter][INFO] - Meter:
SequenceAccuracy:	0.000
TokenAccuracy:	0.149
LengthAccuracy:	0.142
1st Token Accuracy:	0.108
2nd Token Accuracy:	0.103
Average Loss:	3.691
[2021-10-26 19:14:54,416][core.trainer][INFO] - Computing metrics for 'gen' dataset
[2021-10-26 19:15:05,332][core.metrics.meter][INFO] - Meter:
SequenceAccuracy:	0.000
TokenAccuracy:	0.127
LengthAccuracy:	0.000
1st Token Accuracy:	0.091
2nd Token Accuracy:	0.124
Average Loss:	3.850
[2021-10-26 19:15:05,334][core.trainer][INFO] - EPOCH 3 / 50
[2021-10-26 19:15:05,334][core.trainer][INFO] - Computing metrics for 'train' dataset
[2021-10-26 19:15:17,865][core.trainer][INFO] - Computing metrics for 'val' dataset
[2021-10-26 19:15:19,104][core.metrics.meter][INFO] - Meter:
SequenceAccuracy:	0.000
TokenAccuracy:	0.148
LengthAccuracy:	0.116
1st Token Accuracy:	0.107
2nd Token Accuracy:	0.110
Average Loss:	3.687
[2021-10-26 19:15:31,639][core.trainer][INFO] - Computing metrics for 'val' dataset
[2021-10-26 19:15:32,853][core.metrics.meter][INFO] - Meter:
SequenceAccuracy:	0.000
TokenAccuracy:	0.150
LengthAccuracy:	0.116
1st Token Accuracy:	0.108
2nd Token Accuracy:	0.118
Average Loss:	3.684
[2021-10-26 19:15:32,961][core.early_stopping][INFO] - Early stopping counter: 1 / 5
[2021-10-26 19:15:32,961][core.early_stopping][INFO] - Pausing model saving until validation loss decreases by 0.0001
[2021-10-26 19:15:45,426][core.trainer][INFO] - Computing metrics for 'val' dataset
[2021-10-26 19:15:46,690][core.metrics.meter][INFO] - Meter:
SequenceAccuracy:	0.000
TokenAccuracy:	0.152
LengthAccuracy:	0.116
1st Token Accuracy:	0.114
2nd Token Accuracy:	0.113
Average Loss:	3.677
[2021-10-26 19:15:59,457][core.trainer][INFO] - Computing metrics for 'val' dataset
[2021-10-26 19:16:00,697][core.metrics.meter][INFO] - Meter:
SequenceAccuracy:	0.000
TokenAccuracy:	0.151
LengthAccuracy:	0.115
1st Token Accuracy:	0.114
2nd Token Accuracy:	0.111
Average Loss:	3.667
[2021-10-26 19:16:13,762][core.trainer][INFO] - Computing metrics for 'val' dataset
[2021-10-26 19:16:15,020][core.metrics.meter][INFO] - Meter:
SequenceAccuracy:	0.000
TokenAccuracy:	0.151
LengthAccuracy:	0.116
1st Token Accuracy:	0.110
2nd Token Accuracy:	0.110
Average Loss:	3.661
[2021-10-26 19:16:27,906][core.trainer][INFO] - Computing metrics for 'val' dataset
[2021-10-26 19:16:29,190][core.metrics.meter][INFO] - Meter:
SequenceAccuracy:	0.000
TokenAccuracy:	0.152
LengthAccuracy:	0.132
1st Token Accuracy:	0.107
2nd Token Accuracy:	0.111
Average Loss:	3.643
[2021-10-26 19:16:42,348][core.trainer][INFO] - Computing metrics for 'val' dataset
[2021-10-26 19:16:43,621][core.metrics.meter][INFO] - Meter:
SequenceAccuracy:	0.000
TokenAccuracy:	0.152
LengthAccuracy:	0.131
1st Token Accuracy:	0.108
2nd Token Accuracy:	0.103
Average Loss:	3.638
[2021-10-26 19:16:57,053][core.trainer][INFO] - Computing metrics for 'val' dataset
[2021-10-26 19:16:58,387][core.metrics.meter][INFO] - Meter:
SequenceAccuracy:	0.000
TokenAccuracy:	0.152
LengthAccuracy:	0.133
1st Token Accuracy:	0.112
2nd Token Accuracy:	0.115
Average Loss:	3.646
[2021-10-26 19:16:58,466][core.early_stopping][INFO] - Early stopping counter: 1 / 5
[2021-10-26 19:16:58,506][core.early_stopping][INFO] - Pausing model saving until validation loss decreases by 0.0001
[2021-10-26 19:17:11,418][core.trainer][INFO] - Computing metrics for 'val' dataset
[2021-10-26 19:17:12,703][core.metrics.meter][INFO] - Meter:
SequenceAccuracy:	0.000
TokenAccuracy:	0.154
LengthAccuracy:	0.131
1st Token Accuracy:	0.113
2nd Token Accuracy:	0.124
Average Loss:	3.639
[2021-10-26 19:17:26,114][core.trainer][INFO] - Computing metrics for 'val' dataset
[2021-10-26 19:17:27,436][core.metrics.meter][INFO] - Meter:
SequenceAccuracy:	0.000
TokenAccuracy:	0.157
LengthAccuracy:	0.139
1st Token Accuracy:	0.118
2nd Token Accuracy:	0.135
Average Loss:	3.630
[2021-10-26 19:17:27,538][core.early_stopping][INFO] - Early stopping counter: 1 / 5
[2021-10-26 19:17:27,575][core.early_stopping][INFO] - Pausing model saving until validation loss decreases by 0.0001
[2021-10-26 19:17:40,513][core.trainer][INFO] - Computing metrics for 'val' dataset
[2021-10-26 19:17:41,768][core.metrics.meter][INFO] - Meter:
SequenceAccuracy:	0.000
TokenAccuracy:	0.156
LengthAccuracy:	0.120
1st Token Accuracy:	0.120
2nd Token Accuracy:	0.114
Average Loss:	3.618
[2021-10-26 19:17:41,847][core.early_stopping][INFO] - Early stopping counter: 2 / 5
[2021-10-26 19:17:41,884][core.early_stopping][INFO] - Pausing model saving until validation loss decreases by 0.0001
[2021-10-26 19:17:54,953][core.trainer][INFO] - Computing metrics for 'val' dataset
[2021-10-26 19:17:56,325][core.metrics.meter][INFO] - Meter:
SequenceAccuracy:	0.000
TokenAccuracy:	0.159
LengthAccuracy:	0.144
1st Token Accuracy:	0.106
2nd Token Accuracy:	0.114
Average Loss:	3.607
[2021-10-26 19:18:09,631][core.trainer][INFO] - Computing metrics for 'val' dataset
[2021-10-26 19:18:11,037][core.metrics.meter][INFO] - Meter:
SequenceAccuracy:	0.000
TokenAccuracy:	0.165
LengthAccuracy:	0.181
1st Token Accuracy:	0.118
2nd Token Accuracy:	0.122
Average Loss:	3.593
[2021-10-26 19:18:24,913][core.trainer][INFO] - Computing metrics for 'val' dataset
[2021-10-26 19:18:26,341][core.metrics.meter][INFO] - Meter:
SequenceAccuracy:	0.000
TokenAccuracy:	0.171
LengthAccuracy:	0.201
1st Token Accuracy:	0.114
2nd Token Accuracy:	0.136
Average Loss:	3.578
[2021-10-26 19:18:39,628][core.trainer][INFO] - Computing metrics for 'val' dataset
[2021-10-26 19:18:40,972][core.metrics.meter][INFO] - Meter:
SequenceAccuracy:	0.000
TokenAccuracy:	0.165
LengthAccuracy:	0.156
1st Token Accuracy:	0.112
2nd Token Accuracy:	0.120
Average Loss:	3.594
[2021-10-26 19:18:41,054][core.early_stopping][INFO] - Early stopping counter: 1 / 5
[2021-10-26 19:18:41,091][core.early_stopping][INFO] - Pausing model saving until validation loss decreases by 0.0001
[2021-10-26 19:18:54,239][core.trainer][INFO] - Computing metrics for 'val' dataset
[2021-10-26 19:18:55,639][core.metrics.meter][INFO] - Meter:
SequenceAccuracy:	0.000
TokenAccuracy:	0.161
LengthAccuracy:	0.131
1st Token Accuracy:	0.108
2nd Token Accuracy:	0.126
Average Loss:	3.598
[2021-10-26 19:18:55,725][core.early_stopping][INFO] - Early stopping counter: 2 / 5
[2021-10-26 19:18:55,763][core.early_stopping][INFO] - Pausing model saving until validation loss decreases by 0.0001
[2021-10-26 19:19:09,061][core.trainer][INFO] - Computing metrics for 'val' dataset
[2021-10-26 19:19:10,426][core.metrics.meter][INFO] - Meter:
SequenceAccuracy:	0.000
TokenAccuracy:	0.164
LengthAccuracy:	0.137
1st Token Accuracy:	0.108
2nd Token Accuracy:	0.133
Average Loss:	3.583
[2021-10-26 19:19:10,509][core.early_stopping][INFO] - Early stopping counter: 3 / 5
[2021-10-26 19:19:10,548][core.early_stopping][INFO] - Pausing model saving until validation loss decreases by 0.0001
[2021-10-26 19:19:23,962][core.trainer][INFO] - Computing metrics for 'val' dataset
[2021-10-26 19:19:25,288][core.metrics.meter][INFO] - Meter:
SequenceAccuracy:	0.000
TokenAccuracy:	0.169
LengthAccuracy:	0.155
1st Token Accuracy:	0.109
2nd Token Accuracy:	0.141
Average Loss:	3.560
[2021-10-26 19:19:25,368][core.early_stopping][INFO] - Early stopping counter: 4 / 5
[2021-10-26 19:19:25,407][core.early_stopping][INFO] - Pausing model saving until validation loss decreases by 0.0001
[2021-10-26 19:19:38,369][core.trainer][INFO] - Computing metrics for 'val' dataset
[2021-10-26 19:19:39,681][core.metrics.meter][INFO] - Meter:
SequenceAccuracy:	0.000
TokenAccuracy:	0.167
LengthAccuracy:	0.149
1st Token Accuracy:	0.105
2nd Token Accuracy:	0.111
Average Loss:	3.557
[2021-10-26 19:19:52,990][core.trainer][INFO] - Computing metrics for 'val' dataset
[2021-10-26 19:19:54,265][core.metrics.meter][INFO] - Meter:
SequenceAccuracy:	0.000
TokenAccuracy:	0.168
LengthAccuracy:	0.140
1st Token Accuracy:	0.099
2nd Token Accuracy:	0.118
Average Loss:	3.552
[2021-10-26 19:19:54,380][core.early_stopping][INFO] - Early stopping counter: 1 / 5
[2021-10-26 19:19:54,380][core.early_stopping][INFO] - Pausing model saving until validation loss decreases by 0.0001
[2021-10-26 19:19:54,382][core.trainer][INFO] - Computing metrics for 'test' dataset
[2021-10-26 19:20:06,386][core.metrics.meter][INFO] - Meter:
SequenceAccuracy:	0.000
TokenAccuracy:	0.167
LengthAccuracy:	0.152
1st Token Accuracy:	0.105
2nd Token Accuracy:	0.101
Average Loss:	3.520
[2021-10-26 19:20:06,388][core.trainer][INFO] - Computing metrics for 'gen' dataset
[2021-10-26 19:20:19,918][core.metrics.meter][INFO] - Meter:
SequenceAccuracy:	0.000
TokenAccuracy:	0.143
LengthAccuracy:	0.000
1st Token Accuracy:	0.091
2nd Token Accuracy:	0.093
Average Loss:	3.624
[2021-10-26 19:20:19,920][core.trainer][INFO] - EPOCH 4 / 50
[2021-10-26 19:20:19,920][core.trainer][INFO] - Computing metrics for 'train' dataset
[2021-10-26 19:20:33,007][core.trainer][INFO] - Computing metrics for 'val' dataset
[2021-10-26 19:20:34,317][core.metrics.meter][INFO] - Meter:
SequenceAccuracy:	0.000
TokenAccuracy:	0.168
LengthAccuracy:	0.132
1st Token Accuracy:	0.100
2nd Token Accuracy:	0.112
Average Loss:	3.538
[2021-10-26 19:20:34,395][core.early_stopping][INFO] - Early stopping counter: 2 / 5
[2021-10-26 19:20:34,432][core.early_stopping][INFO] - Pausing model saving until validation loss decreases by 0.0001
[2021-10-26 19:20:47,709][core.trainer][INFO] - Computing metrics for 'val' dataset
[2021-10-26 19:20:49,080][core.metrics.meter][INFO] - Meter:
SequenceAccuracy:	0.000
TokenAccuracy:	0.172
LengthAccuracy:	0.160
1st Token Accuracy:	0.098
2nd Token Accuracy:	0.105
Average Loss:	3.513
[2021-10-26 19:21:02,477][core.trainer][INFO] - Computing metrics for 'val' dataset
[2021-10-26 19:21:03,831][core.metrics.meter][INFO] - Meter:
SequenceAccuracy:	0.000
TokenAccuracy:	0.172
LengthAccuracy:	0.162
1st Token Accuracy:	0.102
2nd Token Accuracy:	0.105
Average Loss:	3.504
[2021-10-26 19:21:17,175][core.trainer][INFO] - Computing metrics for 'val' dataset
[2021-10-26 19:21:18,542][core.metrics.meter][INFO] - Meter:
SequenceAccuracy:	0.000
TokenAccuracy:	0.174
LengthAccuracy:	0.167
1st Token Accuracy:	0.102
2nd Token Accuracy:	0.116
Average Loss:	3.498
[2021-10-26 19:21:31,966][core.trainer][INFO] - Computing metrics for 'val' dataset
[2021-10-26 19:21:33,325][core.metrics.meter][INFO] - Meter:
SequenceAccuracy:	0.000
TokenAccuracy:	0.179
LengthAccuracy:	0.178
1st Token Accuracy:	0.117
2nd Token Accuracy:	0.134
Average Loss:	3.487
[2021-10-26 19:21:46,670][core.trainer][INFO] - Computing metrics for 'val' dataset
[2021-10-26 19:21:47,993][core.metrics.meter][INFO] - Meter:
SequenceAccuracy:	0.000
TokenAccuracy:	0.180
LengthAccuracy:	0.169
1st Token Accuracy:	0.114
2nd Token Accuracy:	0.124
Average Loss:	3.473
[2021-10-26 19:21:48,108][core.early_stopping][INFO] - Early stopping counter: 1 / 5
[2021-10-26 19:21:48,108][core.early_stopping][INFO] - Pausing model saving until validation loss decreases by 0.0001
[2021-10-26 19:22:01,334][core.trainer][INFO] - Computing metrics for 'val' dataset
[2021-10-26 19:22:02,668][core.metrics.meter][INFO] - Meter:
SequenceAccuracy:	0.000
TokenAccuracy:	0.175
LengthAccuracy:	0.163
1st Token Accuracy:	0.101
2nd Token Accuracy:	0.126
Average Loss:	3.476
[2021-10-26 19:22:02,749][core.early_stopping][INFO] - Early stopping counter: 2 / 5
[2021-10-26 19:22:02,786][core.early_stopping][INFO] - Pausing model saving until validation loss decreases by 0.0001
[2021-10-26 19:22:16,142][core.trainer][INFO] - Computing metrics for 'val' dataset
[2021-10-26 19:22:17,498][core.metrics.meter][INFO] - Meter:
SequenceAccuracy:	0.000
TokenAccuracy:	0.181
LengthAccuracy:	0.196
1st Token Accuracy:	0.114
2nd Token Accuracy:	0.134
Average Loss:	3.452
[2021-10-26 19:22:31,002][core.trainer][INFO] - Computing metrics for 'val' dataset
[2021-10-26 19:22:32,339][core.metrics.meter][INFO] - Meter:
SequenceAccuracy:	0.000
TokenAccuracy:	0.183
LengthAccuracy:	0.196
1st Token Accuracy:	0.131
2nd Token Accuracy:	0.132
Average Loss:	3.435
[2021-10-26 19:22:46,067][core.trainer][INFO] - Computing metrics for 'val' dataset
[2021-10-26 19:22:47,441][core.metrics.meter][INFO] - Meter:
SequenceAccuracy:	0.000
TokenAccuracy:	0.185
LengthAccuracy:	0.193
1st Token Accuracy:	0.127
2nd Token Accuracy:	0.125
Average Loss:	3.424
[2021-10-26 19:23:01,275][core.trainer][INFO] - Computing metrics for 'val' dataset
[2021-10-26 19:23:02,644][core.metrics.meter][INFO] - Meter:
SequenceAccuracy:	0.000
TokenAccuracy:	0.188
LengthAccuracy:	0.213
1st Token Accuracy:	0.126
2nd Token Accuracy:	0.122
Average Loss:	3.397
[2021-10-26 19:23:02,726][core.early_stopping][INFO] - Early stopping counter: 1 / 5
[2021-10-26 19:23:02,765][core.early_stopping][INFO] - Pausing model saving until validation loss decreases by 0.0001
[2021-10-26 19:23:16,343][core.trainer][INFO] - Computing metrics for 'val' dataset
[2021-10-26 19:23:17,736][core.metrics.meter][INFO] - Meter:
SequenceAccuracy:	0.000
TokenAccuracy:	0.187
LengthAccuracy:	0.206
1st Token Accuracy:	0.122
2nd Token Accuracy:	0.121
Average Loss:	3.392
[2021-10-26 19:23:31,459][core.trainer][INFO] - Computing metrics for 'val' dataset
[2021-10-26 19:23:32,808][core.metrics.meter][INFO] - Meter:
SequenceAccuracy:	0.000
TokenAccuracy:	0.188
LengthAccuracy:	0.204
1st Token Accuracy:	0.121
2nd Token Accuracy:	0.126
Average Loss:	3.388
[2021-10-26 19:23:32,888][core.early_stopping][INFO] - Early stopping counter: 1 / 5
[2021-10-26 19:23:32,927][core.early_stopping][INFO] - Pausing model saving until validation loss decreases by 0.0001
[2021-10-26 19:23:46,558][core.trainer][INFO] - Computing metrics for 'val' dataset
[2021-10-26 19:23:47,910][core.metrics.meter][INFO] - Meter:
SequenceAccuracy:	0.000
TokenAccuracy:	0.189
LengthAccuracy:	0.206
1st Token Accuracy:	0.118
2nd Token Accuracy:	0.132
Average Loss:	3.380
[2021-10-26 19:24:02,143][core.trainer][INFO] - Computing metrics for 'val' dataset
[2021-10-26 19:24:03,506][core.metrics.meter][INFO] - Meter:
SequenceAccuracy:	0.000
TokenAccuracy:	0.195
LengthAccuracy:	0.228
1st Token Accuracy:	0.118
2nd Token Accuracy:	0.152
Average Loss:	3.352
[2021-10-26 19:24:17,739][core.trainer][INFO] - Computing metrics for 'val' dataset
[2021-10-26 19:24:19,126][core.metrics.meter][INFO] - Meter:
SequenceAccuracy:	0.000
TokenAccuracy:	0.201
LengthAccuracy:	0.216
1st Token Accuracy:	0.126
2nd Token Accuracy:	0.146
Average Loss:	3.352
[2021-10-26 19:24:33,258][core.trainer][INFO] - Computing metrics for 'val' dataset
[2021-10-26 19:24:34,646][core.metrics.meter][INFO] - Meter:
SequenceAccuracy:	0.000
TokenAccuracy:	0.204
LengthAccuracy:	0.227
1st Token Accuracy:	0.124
2nd Token Accuracy:	0.149
Average Loss:	3.321
[2021-10-26 19:24:48,735][core.trainer][INFO] - Computing metrics for 'val' dataset
[2021-10-26 19:24:50,122][core.metrics.meter][INFO] - Meter:
SequenceAccuracy:	0.000
TokenAccuracy:	0.207
LengthAccuracy:	0.239
1st Token Accuracy:	0.135
2nd Token Accuracy:	0.153
Average Loss:	3.290
[2021-10-26 19:25:04,380][core.trainer][INFO] - Computing metrics for 'val' dataset
[2021-10-26 19:25:05,744][core.metrics.meter][INFO] - Meter:
SequenceAccuracy:	0.000
TokenAccuracy:	0.203
LengthAccuracy:	0.238
1st Token Accuracy:	0.113
2nd Token Accuracy:	0.136
Average Loss:	3.283
[2021-10-26 19:25:19,965][core.trainer][INFO] - Computing metrics for 'val' dataset
[2021-10-26 19:25:21,330][core.metrics.meter][INFO] - Meter:
SequenceAccuracy:	0.000
TokenAccuracy:	0.207
LengthAccuracy:	0.242
1st Token Accuracy:	0.115
2nd Token Accuracy:	0.153
Average Loss:	3.267
[2021-10-26 19:25:21,636][core.trainer][INFO] - Computing metrics for 'test' dataset
[2021-10-26 19:25:34,598][core.metrics.meter][INFO] - Meter:
SequenceAccuracy:	0.000
TokenAccuracy:	0.208
LengthAccuracy:	0.300
1st Token Accuracy:	0.109
2nd Token Accuracy:	0.155
Average Loss:	3.248
[2021-10-26 19:25:34,600][core.trainer][INFO] - Computing metrics for 'gen' dataset
[2021-10-26 19:25:49,365][core.metrics.meter][INFO] - Meter:
SequenceAccuracy:	0.000
TokenAccuracy:	0.172
LengthAccuracy:	0.000
1st Token Accuracy:	0.091
2nd Token Accuracy:	0.098
Average Loss:	3.483
[2021-10-26 19:25:49,367][core.trainer][INFO] - EPOCH 5 / 50
[2021-10-26 19:25:49,367][core.trainer][INFO] - Computing metrics for 'train' dataset
[2021-10-26 19:26:03,555][core.trainer][INFO] - Computing metrics for 'val' dataset
[2021-10-26 19:26:04,921][core.metrics.meter][INFO] - Meter:
SequenceAccuracy:	0.000
TokenAccuracy:	0.207
LengthAccuracy:	0.242
1st Token Accuracy:	0.110
2nd Token Accuracy:	0.147
Average Loss:	3.254
[2021-10-26 19:26:19,336][core.trainer][INFO] - Computing metrics for 'val' dataset
[2021-10-26 19:26:20,701][core.metrics.meter][INFO] - Meter:
SequenceAccuracy:	0.000
TokenAccuracy:	0.208
LengthAccuracy:	0.246
1st Token Accuracy:	0.109
2nd Token Accuracy:	0.147
Average Loss:	3.238
[2021-10-26 19:26:20,786][core.early_stopping][INFO] - Early stopping counter: 1 / 5
[2021-10-26 19:26:20,827][core.early_stopping][INFO] - Pausing model saving until validation loss decreases by 0.0001
[2021-10-26 19:26:34,932][core.trainer][INFO] - Computing metrics for 'val' dataset
[2021-10-26 19:26:36,299][core.metrics.meter][INFO] - Meter:
SequenceAccuracy:	0.000
TokenAccuracy:	0.213
LengthAccuracy:	0.245
1st Token Accuracy:	0.117
2nd Token Accuracy:	0.151
Average Loss:	3.236
[2021-10-26 19:26:36,397][core.early_stopping][INFO] - Early stopping counter: 2 / 5
[2021-10-26 19:26:36,438][core.early_stopping][INFO] - Pausing model saving until validation loss decreases by 0.0001
[2021-10-26 19:26:50,616][core.trainer][INFO] - Computing metrics for 'val' dataset
[2021-10-26 19:26:51,980][core.metrics.meter][INFO] - Meter:
SequenceAccuracy:	0.000
TokenAccuracy:	0.219
LengthAccuracy:	0.247
1st Token Accuracy:	0.099
2nd Token Accuracy:	0.163
Average Loss:	3.208
[2021-10-26 19:27:06,273][core.trainer][INFO] - Computing metrics for 'val' dataset
[2021-10-26 19:27:07,640][core.metrics.meter][INFO] - Meter:
SequenceAccuracy:	0.000
TokenAccuracy:	0.214
LengthAccuracy:	0.256
1st Token Accuracy:	0.115
2nd Token Accuracy:	0.154
Average Loss:	3.196
[2021-10-26 19:27:21,924][core.trainer][INFO] - Computing metrics for 'val' dataset
[2021-10-26 19:27:23,284][core.metrics.meter][INFO] - Meter:
SequenceAccuracy:	0.000
TokenAccuracy:	0.219
LengthAccuracy:	0.259
1st Token Accuracy:	0.110
2nd Token Accuracy:	0.165
Average Loss:	3.175
[2021-10-26 19:27:23,369][core.early_stopping][INFO] - Early stopping counter: 1 / 5
[2021-10-26 19:27:23,410][core.early_stopping][INFO] - Pausing model saving until validation loss decreases by 0.0001
[2021-10-26 19:27:37,567][core.trainer][INFO] - Computing metrics for 'val' dataset
[2021-10-26 19:27:38,927][core.metrics.meter][INFO] - Meter:
SequenceAccuracy:	0.000
TokenAccuracy:	0.221
LengthAccuracy:	0.258
1st Token Accuracy:	0.132
2nd Token Accuracy:	0.173
Average Loss:	3.165
[2021-10-26 19:27:53,245][core.trainer][INFO] - Computing metrics for 'val' dataset
[2021-10-26 19:27:54,615][core.metrics.meter][INFO] - Meter:
SequenceAccuracy:	0.000
TokenAccuracy:	0.222
LengthAccuracy:	0.252
1st Token Accuracy:	0.125
2nd Token Accuracy:	0.178
Average Loss:	3.149
[2021-10-26 19:28:09,030][core.trainer][INFO] - Computing metrics for 'val' dataset
[2021-10-26 19:28:10,411][core.metrics.meter][INFO] - Meter:
SequenceAccuracy:	0.000
TokenAccuracy:	0.227
LengthAccuracy:	0.261
1st Token Accuracy:	0.110
2nd Token Accuracy:	0.190
Average Loss:	3.131
[2021-10-26 19:28:24,783][core.trainer][INFO] - Computing metrics for 'val' dataset
[2021-10-26 19:28:26,150][core.metrics.meter][INFO] - Meter:
SequenceAccuracy:	0.000
TokenAccuracy:	0.230
LengthAccuracy:	0.269
1st Token Accuracy:	0.116
2nd Token Accuracy:	0.194
Average Loss:	3.120
[2021-10-26 19:28:40,565][core.trainer][INFO] - Computing metrics for 'val' dataset
[2021-10-26 19:28:41,933][core.metrics.meter][INFO] - Meter:
SequenceAccuracy:	0.000
TokenAccuracy:	0.233
LengthAccuracy:	0.262
1st Token Accuracy:	0.111
2nd Token Accuracy:	0.208
Average Loss:	3.102
[2021-10-26 19:28:57,193][core.trainer][INFO] - Computing metrics for 'val' dataset
[2021-10-26 19:28:58,728][core.metrics.meter][INFO] - Meter:
SequenceAccuracy:	0.000
TokenAccuracy:	0.241
LengthAccuracy:	0.334
1st Token Accuracy:	0.101
2nd Token Accuracy:	0.178
Average Loss:	3.043
[2021-10-26 19:29:15,089][core.trainer][INFO] - Computing metrics for 'val' dataset
[2021-10-26 19:29:16,667][core.metrics.meter][INFO] - Meter:
SequenceAccuracy:	0.000
TokenAccuracy:	0.265
LengthAccuracy:	0.481
1st Token Accuracy:	0.113
2nd Token Accuracy:	0.187
Average Loss:	2.923
[2021-10-26 19:29:33,408][core.trainer][INFO] - Computing metrics for 'val' dataset
[2021-10-26 19:29:34,964][core.metrics.meter][INFO] - Meter:
SequenceAccuracy:	0.000
TokenAccuracy:	0.269
LengthAccuracy:	0.506
1st Token Accuracy:	0.121
2nd Token Accuracy:	0.192
Average Loss:	2.865
[2021-10-26 19:29:51,824][core.trainer][INFO] - Computing metrics for 'val' dataset
[2021-10-26 19:29:53,392][core.metrics.meter][INFO] - Meter:
SequenceAccuracy:	0.000
TokenAccuracy:	0.274
LengthAccuracy:	0.499
1st Token Accuracy:	0.123
2nd Token Accuracy:	0.184
Average Loss:	2.827
[2021-10-26 19:30:10,435][core.trainer][INFO] - Computing metrics for 'val' dataset
[2021-10-26 19:30:12,035][core.metrics.meter][INFO] - Meter:
SequenceAccuracy:	0.000
TokenAccuracy:	0.283
LengthAccuracy:	0.513
1st Token Accuracy:	0.116
2nd Token Accuracy:	0.188
Average Loss:	2.783
[2021-10-26 19:30:29,082][core.trainer][INFO] - Computing metrics for 'val' dataset
[2021-10-26 19:30:30,681][core.metrics.meter][INFO] - Meter:
SequenceAccuracy:	0.000
TokenAccuracy:	0.294
LengthAccuracy:	0.519
1st Token Accuracy:	0.124
2nd Token Accuracy:	0.185
Average Loss:	2.737
[2021-10-26 19:30:48,226][core.trainer][INFO] - Computing metrics for 'val' dataset
[2021-10-26 19:30:49,816][core.metrics.meter][INFO] - Meter:
SequenceAccuracy:	0.000
TokenAccuracy:	0.302
LengthAccuracy:	0.533
1st Token Accuracy:	0.130
2nd Token Accuracy:	0.182
Average Loss:	2.704
[2021-10-26 19:31:07,185][core.trainer][INFO] - Computing metrics for 'val' dataset
[2021-10-26 19:31:08,794][core.metrics.meter][INFO] - Meter:
SequenceAccuracy:	0.000
TokenAccuracy:	0.307
LengthAccuracy:	0.533
1st Token Accuracy:	0.130
2nd Token Accuracy:	0.186
Average Loss:	2.674
[2021-10-26 19:31:26,038][core.trainer][INFO] - Computing metrics for 'val' dataset
[2021-10-26 19:31:27,679][core.metrics.meter][INFO] - Meter:
SequenceAccuracy:	0.000
TokenAccuracy:	0.312
LengthAccuracy:	0.554
1st Token Accuracy:	0.105
2nd Token Accuracy:	0.195
Average Loss:	2.635
[2021-10-26 19:31:28,078][core.trainer][INFO] - Computing metrics for 'test' dataset
[2021-10-26 19:31:43,849][core.metrics.meter][INFO] - Meter:
SequenceAccuracy:	0.000
TokenAccuracy:	0.316
LengthAccuracy:	0.592
1st Token Accuracy:	0.106
2nd Token Accuracy:	0.157
Average Loss:	2.603
[2021-10-26 19:31:43,851][core.trainer][INFO] - Computing metrics for 'gen' dataset
[2021-10-26 19:32:02,389][core.metrics.meter][INFO] - Meter:
SequenceAccuracy:	0.000
TokenAccuracy:	0.208
LengthAccuracy:	0.000
1st Token Accuracy:	0.108
2nd Token Accuracy:	0.153
Average Loss:	3.315
[2021-10-26 19:32:02,392][core.trainer][INFO] - EPOCH 6 / 50
[2021-10-26 19:32:02,392][core.trainer][INFO] - Computing metrics for 'train' dataset
[2021-10-26 19:32:19,680][core.trainer][INFO] - Computing metrics for 'val' dataset
[2021-10-26 19:32:21,307][core.metrics.meter][INFO] - Meter:
SequenceAccuracy:	0.000
TokenAccuracy:	0.317
LengthAccuracy:	0.576
1st Token Accuracy:	0.120
2nd Token Accuracy:	0.177
Average Loss:	2.599
[2021-10-26 19:32:38,865][core.trainer][INFO] - Computing metrics for 'val' dataset
[2021-10-26 19:32:40,530][core.metrics.meter][INFO] - Meter:
SequenceAccuracy:	0.000
TokenAccuracy:	0.331
LengthAccuracy:	0.601
1st Token Accuracy:	0.113
2nd Token Accuracy:	0.180
Average Loss:	2.558
[2021-10-26 19:32:58,072][core.trainer][INFO] - Computing metrics for 'val' dataset
[2021-10-26 19:32:59,695][core.metrics.meter][INFO] - Meter:
SequenceAccuracy:	0.000
TokenAccuracy:	0.335
LengthAccuracy:	0.605
1st Token Accuracy:	0.115
2nd Token Accuracy:	0.186
Average Loss:	2.536
[2021-10-26 19:32:59,805][core.early_stopping][INFO] - Early stopping counter: 1 / 5
[2021-10-26 19:32:59,859][core.early_stopping][INFO] - Pausing model saving until validation loss decreases by 0.0001
[2021-10-26 19:33:17,226][core.trainer][INFO] - Computing metrics for 'val' dataset
[2021-10-26 19:33:18,911][core.metrics.meter][INFO] - Meter:
SequenceAccuracy:	0.000
TokenAccuracy:	0.342
LengthAccuracy:	0.627
1st Token Accuracy:	0.108
2nd Token Accuracy:	0.192
Average Loss:	2.499
[2021-10-26 19:33:36,961][core.trainer][INFO] - Computing metrics for 'val' dataset
[2021-10-26 19:33:38,618][core.metrics.meter][INFO] - Meter:
SequenceAccuracy:	0.000
TokenAccuracy:	0.346
LengthAccuracy:	0.646
1st Token Accuracy:	0.107
2nd Token Accuracy:	0.202
Average Loss:	2.474
[2021-10-26 19:33:56,455][core.trainer][INFO] - Computing metrics for 'val' dataset
[2021-10-26 19:33:58,107][core.metrics.meter][INFO] - Meter:
SequenceAccuracy:	0.000
TokenAccuracy:	0.346
LengthAccuracy:	0.644
1st Token Accuracy:	0.126
2nd Token Accuracy:	0.206
Average Loss:	2.464
[2021-10-26 19:34:15,881][core.trainer][INFO] - Computing metrics for 'val' dataset
[2021-10-26 19:34:17,496][core.metrics.meter][INFO] - Meter:
SequenceAccuracy:	0.000
TokenAccuracy:	0.352
LengthAccuracy:	0.626
1st Token Accuracy:	0.124
2nd Token Accuracy:	0.215
Average Loss:	2.447
[2021-10-26 19:34:17,605][core.early_stopping][INFO] - Early stopping counter: 1 / 5
[2021-10-26 19:34:17,659][core.early_stopping][INFO] - Pausing model saving until validation loss decreases by 0.0001
[2021-10-26 19:34:35,183][core.trainer][INFO] - Computing metrics for 'val' dataset
[2021-10-26 19:34:36,855][core.metrics.meter][INFO] - Meter:
SequenceAccuracy:	0.000
TokenAccuracy:	0.360
LengthAccuracy:	0.663
1st Token Accuracy:	0.122
2nd Token Accuracy:	0.218
Average Loss:	2.418
[2021-10-26 19:34:54,692][core.trainer][INFO] - Computing metrics for 'val' dataset
[2021-10-26 19:34:56,348][core.metrics.meter][INFO] - Meter:
SequenceAccuracy:	0.000
TokenAccuracy:	0.359
LengthAccuracy:	0.655
1st Token Accuracy:	0.117
2nd Token Accuracy:	0.224
Average Loss:	2.399
[2021-10-26 19:35:14,191][core.trainer][INFO] - Computing metrics for 'val' dataset
[2021-10-26 19:35:15,833][core.metrics.meter][INFO] - Meter:
SequenceAccuracy:	0.000
TokenAccuracy:	0.363
LengthAccuracy:	0.656
1st Token Accuracy:	0.120
2nd Token Accuracy:	0.217
Average Loss:	2.382
[2021-10-26 19:35:15,941][core.early_stopping][INFO] - Early stopping counter: 1 / 5
[2021-10-26 19:35:15,995][core.early_stopping][INFO] - Pausing model saving until validation loss decreases by 0.0001
[2021-10-26 19:35:33,526][core.trainer][INFO] - Computing metrics for 'val' dataset
[2021-10-26 19:35:35,194][core.metrics.meter][INFO] - Meter:
SequenceAccuracy:	0.000
TokenAccuracy:	0.370
LengthAccuracy:	0.681
1st Token Accuracy:	0.118
2nd Token Accuracy:	0.232
Average Loss:	2.360
[2021-10-26 19:35:53,097][core.trainer][INFO] - Computing metrics for 'val' dataset
[2021-10-26 19:35:54,775][core.metrics.meter][INFO] - Meter:
SequenceAccuracy:	0.000
TokenAccuracy:	0.370
LengthAccuracy:	0.690
1st Token Accuracy:	0.133
2nd Token Accuracy:	0.223
Average Loss:	2.353
[2021-10-26 19:36:12,523][core.trainer][INFO] - Computing metrics for 'val' dataset
[2021-10-26 19:36:14,197][core.metrics.meter][INFO] - Meter:
SequenceAccuracy:	0.000
TokenAccuracy:	0.371
LengthAccuracy:	0.693
1st Token Accuracy:	0.123
2nd Token Accuracy:	0.223
Average Loss:	2.332
[2021-10-26 19:36:32,141][core.trainer][INFO] - Computing metrics for 'val' dataset
[2021-10-26 19:36:33,818][core.metrics.meter][INFO] - Meter:
SequenceAccuracy:	0.000
TokenAccuracy:	0.374
LengthAccuracy:	0.701
1st Token Accuracy:	0.134
2nd Token Accuracy:	0.220
Average Loss:	2.317
[2021-10-26 19:36:51,518][core.trainer][INFO] - Computing metrics for 'val' dataset
[2021-10-26 19:36:53,188][core.metrics.meter][INFO] - Meter:
SequenceAccuracy:	0.000
TokenAccuracy:	0.377
LengthAccuracy:	0.684
1st Token Accuracy:	0.129
2nd Token Accuracy:	0.228
Average Loss:	2.306
[2021-10-26 19:36:53,356][core.early_stopping][INFO] - Early stopping counter: 1 / 5
[2021-10-26 19:36:53,357][core.early_stopping][INFO] - Pausing model saving until validation loss decreases by 0.0001
[2021-10-26 19:37:11,013][core.trainer][INFO] - Computing metrics for 'val' dataset
[2021-10-26 19:37:12,680][core.metrics.meter][INFO] - Meter:
SequenceAccuracy:	0.000
TokenAccuracy:	0.379
LengthAccuracy:	0.704
1st Token Accuracy:	0.143
2nd Token Accuracy:	0.226
Average Loss:	2.295
[2021-10-26 19:37:30,721][core.trainer][INFO] - Computing metrics for 'val' dataset
[2021-10-26 19:37:32,399][core.metrics.meter][INFO] - Meter:
SequenceAccuracy:	0.000
TokenAccuracy:	0.384
LengthAccuracy:	0.709
1st Token Accuracy:	0.153
2nd Token Accuracy:	0.245
Average Loss:	2.276
[2021-10-26 19:37:50,276][core.trainer][INFO] - Computing metrics for 'val' dataset
[2021-10-26 19:37:51,948][core.metrics.meter][INFO] - Meter:
SequenceAccuracy:	0.000
TokenAccuracy:	0.386
LengthAccuracy:	0.701
1st Token Accuracy:	0.163
2nd Token Accuracy:	0.235
Average Loss:	2.268
[2021-10-26 19:37:52,106][core.early_stopping][INFO] - Early stopping counter: 1 / 5
[2021-10-26 19:37:52,106][core.early_stopping][INFO] - Pausing model saving until validation loss decreases by 0.0001
[2021-10-26 19:38:09,657][core.trainer][INFO] - Computing metrics for 'val' dataset
[2021-10-26 19:38:11,336][core.metrics.meter][INFO] - Meter:
SequenceAccuracy:	0.000
TokenAccuracy:	0.389
LengthAccuracy:	0.717
1st Token Accuracy:	0.163
2nd Token Accuracy:	0.244
Average Loss:	2.254
[2021-10-26 19:38:29,397][core.trainer][INFO] - Computing metrics for 'val' dataset
[2021-10-26 19:38:31,069][core.metrics.meter][INFO] - Meter:
SequenceAccuracy:	0.000
TokenAccuracy:	0.394
LengthAccuracy:	0.714
1st Token Accuracy:	0.171
2nd Token Accuracy:	0.255
Average Loss:	2.240
[2021-10-26 19:38:31,421][core.trainer][INFO] - Computing metrics for 'test' dataset
[2021-10-26 19:38:47,453][core.metrics.meter][INFO] - Meter:
SequenceAccuracy:	0.000
TokenAccuracy:	0.384
LengthAccuracy:	0.700
1st Token Accuracy:	0.145
2nd Token Accuracy:	0.242
Average Loss:	2.251
[2021-10-26 19:38:47,455][core.trainer][INFO] - Computing metrics for 'gen' dataset
[2021-10-26 19:39:05,606][core.metrics.meter][INFO] - Meter:
SequenceAccuracy:	0.000
TokenAccuracy:	0.207
LengthAccuracy:	0.016
1st Token Accuracy:	0.135
2nd Token Accuracy:	0.173
Average Loss:	3.498
[2021-10-26 19:39:05,608][core.trainer][INFO] - EPOCH 7 / 50
[2021-10-26 19:39:05,608][core.trainer][INFO] - Computing metrics for 'train' dataset
[2021-10-26 19:39:23,439][core.trainer][INFO] - Computing metrics for 'val' dataset
[2021-10-26 19:39:25,123][core.metrics.meter][INFO] - Meter:
SequenceAccuracy:	0.000
TokenAccuracy:	0.394
LengthAccuracy:	0.738
1st Token Accuracy:	0.161
2nd Token Accuracy:	0.247
Average Loss:	2.229
[2021-10-26 19:39:43,034][core.trainer][INFO] - Computing metrics for 'val' dataset
[2021-10-26 19:39:44,728][core.metrics.meter][INFO] - Meter:
SequenceAccuracy:	0.000
TokenAccuracy:	0.397
LengthAccuracy:	0.728
1st Token Accuracy:	0.172
2nd Token Accuracy:	0.255
Average Loss:	2.215
[2021-10-26 19:40:02,963][core.trainer][INFO] - Computing metrics for 'val' dataset
[2021-10-26 19:40:04,639][core.metrics.meter][INFO] - Meter:
SequenceAccuracy:	0.000
TokenAccuracy:	0.396
LengthAccuracy:	0.731
1st Token Accuracy:	0.166
2nd Token Accuracy:	0.256
Average Loss:	2.208
[2021-10-26 19:40:04,758][core.early_stopping][INFO] - Early stopping counter: 1 / 5
[2021-10-26 19:40:04,813][core.early_stopping][INFO] - Pausing model saving until validation loss decreases by 0.0001
[2021-10-26 19:40:22,530][core.trainer][INFO] - Computing metrics for 'val' dataset
[2021-10-26 19:40:24,232][core.metrics.meter][INFO] - Meter:
SequenceAccuracy:	0.000
TokenAccuracy:	0.403
LengthAccuracy:	0.749
1st Token Accuracy:	0.167
2nd Token Accuracy:	0.274
Average Loss:	2.190
[2021-10-26 19:40:42,621][core.trainer][INFO] - Computing metrics for 'val' dataset
[2021-10-26 19:40:44,322][core.metrics.meter][INFO] - Meter:
SequenceAccuracy:	0.000
TokenAccuracy:	0.406
LengthAccuracy:	0.743
1st Token Accuracy:	0.171
2nd Token Accuracy:	0.271
Average Loss:	2.174
[2021-10-26 19:40:44,433][core.early_stopping][INFO] - Early stopping counter: 1 / 5
[2021-10-26 19:40:44,487][core.early_stopping][INFO] - Pausing model saving until validation loss decreases by 0.0001
[2021-10-26 19:41:02,293][core.trainer][INFO] - Computing metrics for 'val' dataset
[2021-10-26 19:41:03,989][core.metrics.meter][INFO] - Meter:
SequenceAccuracy:	0.000
TokenAccuracy:	0.408
LengthAccuracy:	0.751
1st Token Accuracy:	0.175
2nd Token Accuracy:	0.266
Average Loss:	2.164
[2021-10-26 19:41:22,005][core.trainer][INFO] - Computing metrics for 'val' dataset
[2021-10-26 19:41:23,719][core.metrics.meter][INFO] - Meter:
SequenceAccuracy:	0.000
TokenAccuracy:	0.413
LengthAccuracy:	0.783
1st Token Accuracy:	0.195
2nd Token Accuracy:	0.274
Average Loss:	2.149
[2021-10-26 19:41:42,025][core.trainer][INFO] - Computing metrics for 'val' dataset
[2021-10-26 19:41:43,735][core.metrics.meter][INFO] - Meter:
SequenceAccuracy:	0.000
TokenAccuracy:	0.415
LengthAccuracy:	0.774
1st Token Accuracy:	0.194
2nd Token Accuracy:	0.276
Average Loss:	2.134
[2021-10-26 19:42:01,978][core.trainer][INFO] - Computing metrics for 'val' dataset
[2021-10-26 19:42:03,691][core.metrics.meter][INFO] - Meter:
SequenceAccuracy:	0.000
TokenAccuracy:	0.418
LengthAccuracy:	0.773
1st Token Accuracy:	0.190
2nd Token Accuracy:	0.285
Average Loss:	2.122
[2021-10-26 19:42:21,784][core.trainer][INFO] - Computing metrics for 'val' dataset
[2021-10-26 19:42:23,498][core.metrics.meter][INFO] - Meter:
SequenceAccuracy:	0.000
TokenAccuracy:	0.423
LengthAccuracy:	0.790
1st Token Accuracy:	0.202
2nd Token Accuracy:	0.299
Average Loss:	2.107
[2021-10-26 19:42:23,608][core.early_stopping][INFO] - Early stopping counter: 1 / 5
[2021-10-26 19:42:23,664][core.early_stopping][INFO] - Pausing model saving until validation loss decreases by 0.0001
[2021-10-26 19:42:41,389][core.trainer][INFO] - Computing metrics for 'val' dataset
[2021-10-26 19:42:43,075][core.metrics.meter][INFO] - Meter:
SequenceAccuracy:	0.000
TokenAccuracy:	0.426
LengthAccuracy:	0.789
1st Token Accuracy:	0.201
2nd Token Accuracy:	0.309
Average Loss:	2.096
[2021-10-26 19:42:43,227][core.early_stopping][INFO] - Early stopping counter: 2 / 5
[2021-10-26 19:42:43,282][core.early_stopping][INFO] - Pausing model saving until validation loss decreases by 0.0001
[2021-10-26 19:43:01,077][core.trainer][INFO] - Computing metrics for 'val' dataset
[2021-10-26 19:43:02,764][core.metrics.meter][INFO] - Meter:
SequenceAccuracy:	0.000
TokenAccuracy:	0.426
LengthAccuracy:	0.805
1st Token Accuracy:	0.192
2nd Token Accuracy:	0.303
Average Loss:	2.086
[2021-10-26 19:43:20,781][core.trainer][INFO] - Computing metrics for 'val' dataset
[2021-10-26 19:43:22,472][core.metrics.meter][INFO] - Meter:
SequenceAccuracy:	0.000
TokenAccuracy:	0.430
LengthAccuracy:	0.811
1st Token Accuracy:	0.200
2nd Token Accuracy:	0.316
Average Loss:	2.070
[2021-10-26 19:43:40,544][core.trainer][INFO] - Computing metrics for 'val' dataset
[2021-10-26 19:43:42,226][core.metrics.meter][INFO] - Meter:
SequenceAccuracy:	0.000
TokenAccuracy:	0.434
LengthAccuracy:	0.813
1st Token Accuracy:	0.203
2nd Token Accuracy:	0.320
Average Loss:	2.061
[2021-10-26 19:44:00,104][core.trainer][INFO] - Computing metrics for 'val' dataset
[2021-10-26 19:44:01,788][core.metrics.meter][INFO] - Meter:
SequenceAccuracy:	0.000
TokenAccuracy:	0.439
LengthAccuracy:	0.817
1st Token Accuracy:	0.207
2nd Token Accuracy:	0.329
Average Loss:	2.042
[2021-10-26 19:44:19,853][core.trainer][INFO] - Computing metrics for 'val' dataset
[2021-10-26 19:44:21,542][core.metrics.meter][INFO] - Meter:
SequenceAccuracy:	0.000
TokenAccuracy:	0.443
LengthAccuracy:	0.830
1st Token Accuracy:	0.214
2nd Token Accuracy:	0.344
Average Loss:	2.023
[2021-10-26 19:44:39,529][core.trainer][INFO] - Computing metrics for 'val' dataset
[2021-10-26 19:44:41,224][core.metrics.meter][INFO] - Meter:
SequenceAccuracy:	0.000
TokenAccuracy:	0.446
LengthAccuracy:	0.838
1st Token Accuracy:	0.211
2nd Token Accuracy:	0.340
Average Loss:	2.010
[2021-10-26 19:44:41,337][core.early_stopping][INFO] - Early stopping counter: 1 / 5
[2021-10-26 19:44:41,393][core.early_stopping][INFO] - Pausing model saving until validation loss decreases by 0.0001
[2021-10-26 19:44:59,153][core.trainer][INFO] - Computing metrics for 'val' dataset
[2021-10-26 19:45:00,846][core.metrics.meter][INFO] - Meter:
SequenceAccuracy:	0.000
TokenAccuracy:	0.448
LengthAccuracy:	0.841
1st Token Accuracy:	0.223
2nd Token Accuracy:	0.338
Average Loss:	1.998
[2021-10-26 19:45:18,758][core.trainer][INFO] - Computing metrics for 'val' dataset
[2021-10-26 19:45:20,449][core.metrics.meter][INFO] - Meter:
SequenceAccuracy:	0.000
TokenAccuracy:	0.454
LengthAccuracy:	0.842
1st Token Accuracy:	0.228
2nd Token Accuracy:	0.341
Average Loss:	1.978
[2021-10-26 19:45:38,522][core.trainer][INFO] - Computing metrics for 'val' dataset
[2021-10-26 19:45:40,222][core.metrics.meter][INFO] - Meter:
SequenceAccuracy:	0.000
TokenAccuracy:	0.456
LengthAccuracy:	0.862
1st Token Accuracy:	0.225
2nd Token Accuracy:	0.360
Average Loss:	1.969
[2021-10-26 19:45:40,424][core.trainer][INFO] - Computing metrics for 'test' dataset
[2021-10-26 19:45:56,702][core.metrics.meter][INFO] - Meter:
SequenceAccuracy:	0.000
TokenAccuracy:	0.454
LengthAccuracy:	0.874
1st Token Accuracy:	0.216
2nd Token Accuracy:	0.344
Average Loss:	1.977
[2021-10-26 19:45:56,704][core.trainer][INFO] - Computing metrics for 'gen' dataset
[2021-10-26 19:46:14,845][core.metrics.meter][INFO] - Meter:
SequenceAccuracy:	0.000
TokenAccuracy:	0.224
LengthAccuracy:	0.024
1st Token Accuracy:	0.172
2nd Token Accuracy:	0.235
Average Loss:	3.586
[2021-10-26 19:46:14,847][core.trainer][INFO] - EPOCH 8 / 50
[2021-10-26 19:46:14,847][core.trainer][INFO] - Computing metrics for 'train' dataset
[2021-10-26 19:46:32,811][core.trainer][INFO] - Computing metrics for 'val' dataset
[2021-10-26 19:46:34,512][core.metrics.meter][INFO] - Meter:
SequenceAccuracy:	0.000
TokenAccuracy:	0.462
LengthAccuracy:	0.872
1st Token Accuracy:	0.232
2nd Token Accuracy:	0.371
Average Loss:	1.953
[2021-10-26 19:46:53,228][core.trainer][INFO] - Computing metrics for 'val' dataset
[2021-10-26 19:46:54,937][core.metrics.meter][INFO] - Meter:
SequenceAccuracy:	0.000
TokenAccuracy:	0.468
LengthAccuracy:	0.889
1st Token Accuracy:	0.232
2nd Token Accuracy:	0.378
Average Loss:	1.932
[2021-10-26 19:47:13,297][core.trainer][INFO] - Computing metrics for 'val' dataset
[2021-10-26 19:47:15,000][core.metrics.meter][INFO] - Meter:
SequenceAccuracy:	0.000
TokenAccuracy:	0.475
LengthAccuracy:	0.893
1st Token Accuracy:	0.235
2nd Token Accuracy:	0.381
Average Loss:	1.911
[2021-10-26 19:47:33,206][core.trainer][INFO] - Computing metrics for 'val' dataset
[2021-10-26 19:47:34,903][core.metrics.meter][INFO] - Meter:
SequenceAccuracy:	0.000
TokenAccuracy:	0.479
LengthAccuracy:	0.892
1st Token Accuracy:	0.241
2nd Token Accuracy:	0.388
Average Loss:	1.900
[2021-10-26 19:47:35,016][core.early_stopping][INFO] - Early stopping counter: 1 / 5
[2021-10-26 19:47:35,073][core.early_stopping][INFO] - Pausing model saving until validation loss decreases by 0.0001
[2021-10-26 19:47:53,005][core.trainer][INFO] - Computing metrics for 'val' dataset
[2021-10-26 19:47:54,715][core.metrics.meter][INFO] - Meter:
SequenceAccuracy:	0.000
TokenAccuracy:	0.486
LengthAccuracy:	0.912
1st Token Accuracy:	0.256
2nd Token Accuracy:	0.394
Average Loss:	1.877
[2021-10-26 19:48:13,112][core.trainer][INFO] - Computing metrics for 'val' dataset
[2021-10-26 19:48:14,818][core.metrics.meter][INFO] - Meter:
SequenceAccuracy:	0.000
TokenAccuracy:	0.483
LengthAccuracy:	0.912
1st Token Accuracy:	0.246
2nd Token Accuracy:	0.402
Average Loss:	1.874
[2021-10-26 19:48:14,938][core.early_stopping][INFO] - Early stopping counter: 1 / 5
[2021-10-26 19:48:14,996][core.early_stopping][INFO] - Pausing model saving until validation loss decreases by 0.0001
[2021-10-26 19:48:32,822][core.trainer][INFO] - Computing metrics for 'val' dataset
[2021-10-26 19:48:34,518][core.metrics.meter][INFO] - Meter:
SequenceAccuracy:	0.001
TokenAccuracy:	0.494
LengthAccuracy:	0.916
1st Token Accuracy:	0.260
2nd Token Accuracy:	0.426
Average Loss:	1.843
[2021-10-26 19:48:34,631][core.early_stopping][INFO] - Early stopping counter: 2 / 5
[2021-10-26 19:48:34,686][core.early_stopping][INFO] - Pausing model saving until validation loss decreases by 0.0001
[2021-10-26 19:48:52,616][core.trainer][INFO] - Computing metrics for 'val' dataset
[2021-10-26 19:48:54,320][core.metrics.meter][INFO] - Meter:
SequenceAccuracy:	0.001
TokenAccuracy:	0.496
LengthAccuracy:	0.921
1st Token Accuracy:	0.249
2nd Token Accuracy:	0.435
Average Loss:	1.830
[2021-10-26 19:49:12,703][core.trainer][INFO] - Computing metrics for 'val' dataset
[2021-10-26 19:49:14,421][core.metrics.meter][INFO] - Meter:
SequenceAccuracy:	0.000
TokenAccuracy:	0.501
LengthAccuracy:	0.938
1st Token Accuracy:	0.273
2nd Token Accuracy:	0.438
Average Loss:	1.813
[2021-10-26 19:49:32,670][core.trainer][INFO] - Computing metrics for 'val' dataset
[2021-10-26 19:49:34,380][core.metrics.meter][INFO] - Meter:
SequenceAccuracy:	0.001
TokenAccuracy:	0.509
LengthAccuracy:	0.951
1st Token Accuracy:	0.279
2nd Token Accuracy:	0.455
Average Loss:	1.796
[2021-10-26 19:49:52,546][core.trainer][INFO] - Computing metrics for 'val' dataset
[2021-10-26 19:49:54,251][core.metrics.meter][INFO] - Meter:
SequenceAccuracy:	0.001
TokenAccuracy:	0.514
LengthAccuracy:	0.948
1st Token Accuracy:	0.284
2nd Token Accuracy:	0.485
Average Loss:	1.777
[2021-10-26 19:50:12,664][core.trainer][INFO] - Computing metrics for 'val' dataset
[2021-10-26 19:50:14,404][core.metrics.meter][INFO] - Meter:
SequenceAccuracy:	0.000
TokenAccuracy:	0.518
LengthAccuracy:	0.960
1st Token Accuracy:	0.291
2nd Token Accuracy:	0.493
Average Loss:	1.757
[2021-10-26 19:50:32,984][core.trainer][INFO] - Computing metrics for 'val' dataset
[2021-10-26 19:50:34,709][core.metrics.meter][INFO] - Meter:
SequenceAccuracy:	0.000
TokenAccuracy:	0.523
LengthAccuracy:	0.965
1st Token Accuracy:	0.315
2nd Token Accuracy:	0.505
Average Loss:	1.738
[2021-10-26 19:50:53,103][core.trainer][INFO] - Computing metrics for 'val' dataset
[2021-10-26 19:50:54,809][core.metrics.meter][INFO] - Meter:
SequenceAccuracy:	0.000
TokenAccuracy:	0.530
LengthAccuracy:	0.969
1st Token Accuracy:	0.328
2nd Token Accuracy:	0.524
Average Loss:	1.723
[2021-10-26 19:50:54,948][core.early_stopping][INFO] - Early stopping counter: 1 / 5
[2021-10-26 19:50:55,004][core.early_stopping][INFO] - Pausing model saving until validation loss decreases by 0.0001
[2021-10-26 19:51:13,152][core.trainer][INFO] - Computing metrics for 'val' dataset
[2021-10-26 19:51:14,859][core.metrics.meter][INFO] - Meter:
SequenceAccuracy:	0.001
TokenAccuracy:	0.535
LengthAccuracy:	0.978
1st Token Accuracy:	0.333
2nd Token Accuracy:	0.550
Average Loss:	1.702
[2021-10-26 19:51:33,298][core.trainer][INFO] - Computing metrics for 'val' dataset
[2021-10-26 19:51:35,003][core.metrics.meter][INFO] - Meter:
SequenceAccuracy:	0.001
TokenAccuracy:	0.540
LengthAccuracy:	0.971
1st Token Accuracy:	0.359
2nd Token Accuracy:	0.563
Average Loss:	1.688
[2021-10-26 19:51:53,572][core.trainer][INFO] - Computing metrics for 'val' dataset
[2021-10-26 19:51:55,294][core.metrics.meter][INFO] - Meter:
SequenceAccuracy:	0.001
TokenAccuracy:	0.544
LengthAccuracy:	0.974
1st Token Accuracy:	0.353
2nd Token Accuracy:	0.586
Average Loss:	1.677
[2021-10-26 19:52:13,892][core.trainer][INFO] - Computing metrics for 'val' dataset
[2021-10-26 19:52:15,619][core.metrics.meter][INFO] - Meter:
SequenceAccuracy:	0.002
TokenAccuracy:	0.548
LengthAccuracy:	0.981
1st Token Accuracy:	0.359
2nd Token Accuracy:	0.609
Average Loss:	1.662
[2021-10-26 19:52:34,245][core.trainer][INFO] - Computing metrics for 'val' dataset
[2021-10-26 19:52:35,979][core.metrics.meter][INFO] - Meter:
SequenceAccuracy:	0.001
TokenAccuracy:	0.551
LengthAccuracy:	0.984
1st Token Accuracy:	0.354
2nd Token Accuracy:	0.613
Average Loss:	1.640
[2021-10-26 19:52:54,301][core.trainer][INFO] - Computing metrics for 'val' dataset
[2021-10-26 19:52:56,005][core.metrics.meter][INFO] - Meter:
SequenceAccuracy:	0.001
TokenAccuracy:	0.558
LengthAccuracy:	0.981
1st Token Accuracy:	0.375
2nd Token Accuracy:	0.637
Average Loss:	1.624
[2021-10-26 19:52:56,404][core.trainer][INFO] - Computing metrics for 'test' dataset
[2021-10-26 19:53:12,831][core.metrics.meter][INFO] - Meter:
SequenceAccuracy:	0.001
TokenAccuracy:	0.553
LengthAccuracy:	0.983
1st Token Accuracy:	0.359
2nd Token Accuracy:	0.632
Average Loss:	1.650
[2021-10-26 19:53:12,832][core.trainer][INFO] - Computing metrics for 'gen' dataset
[2021-10-26 19:53:32,631][core.metrics.meter][INFO] - Meter:
SequenceAccuracy:	0.000
TokenAccuracy:	0.259
LengthAccuracy:	0.581
1st Token Accuracy:	0.220
2nd Token Accuracy:	0.202
Average Loss:	3.575
[2021-10-26 19:53:32,633][core.trainer][INFO] - EPOCH 9 / 50
[2021-10-26 19:53:32,633][core.trainer][INFO] - Computing metrics for 'train' dataset
[2021-10-26 19:53:50,913][core.trainer][INFO] - Computing metrics for 'val' dataset
[2021-10-26 19:53:52,646][core.metrics.meter][INFO] - Meter:
SequenceAccuracy:	0.002
TokenAccuracy:	0.563
LengthAccuracy:	0.983
1st Token Accuracy:	0.378
2nd Token Accuracy:	0.665
Average Loss:	1.607
[2021-10-26 19:54:11,228][core.trainer][INFO] - Computing metrics for 'val' dataset
[2021-10-26 19:54:12,978][core.metrics.meter][INFO] - Meter:
SequenceAccuracy:	0.002
TokenAccuracy:	0.566
LengthAccuracy:	0.987
1st Token Accuracy:	0.389
2nd Token Accuracy:	0.676
Average Loss:	1.595
[2021-10-26 19:54:31,547][core.trainer][INFO] - Computing metrics for 'val' dataset
[2021-10-26 19:54:33,286][core.metrics.meter][INFO] - Meter:
SequenceAccuracy:	0.001
TokenAccuracy:	0.570
LengthAccuracy:	0.984
1st Token Accuracy:	0.395
2nd Token Accuracy:	0.693
Average Loss:	1.583
[2021-10-26 19:54:51,601][core.trainer][INFO] - Computing metrics for 'val' dataset
[2021-10-26 19:54:53,312][core.metrics.meter][INFO] - Meter:
SequenceAccuracy:	0.002
TokenAccuracy:	0.576
LengthAccuracy:	0.984
1st Token Accuracy:	0.407
2nd Token Accuracy:	0.714
Average Loss:	1.565
[2021-10-26 19:55:11,569][core.trainer][INFO] - Computing metrics for 'val' dataset
[2021-10-26 19:55:13,284][core.metrics.meter][INFO] - Meter:
SequenceAccuracy:	0.003
TokenAccuracy:	0.581
LengthAccuracy:	0.980
1st Token Accuracy:	0.430
2nd Token Accuracy:	0.732
Average Loss:	1.561
[2021-10-26 19:55:31,882][core.trainer][INFO] - Computing metrics for 'val' dataset
[2021-10-26 19:55:33,597][core.metrics.meter][INFO] - Meter:
SequenceAccuracy:	0.004
TokenAccuracy:	0.582
LengthAccuracy:	0.984
1st Token Accuracy:	0.420
2nd Token Accuracy:	0.746
Average Loss:	1.547
[2021-10-26 19:55:51,893][core.trainer][INFO] - Computing metrics for 'val' dataset
[2021-10-26 19:55:53,623][core.metrics.meter][INFO] - Meter:
SequenceAccuracy:	0.003
TokenAccuracy:	0.589
LengthAccuracy:	0.983
1st Token Accuracy:	0.430
2nd Token Accuracy:	0.762
Average Loss:	1.526
[2021-10-26 19:56:12,364][core.trainer][INFO] - Computing metrics for 'val' dataset
[2021-10-26 19:56:14,075][core.metrics.meter][INFO] - Meter:
SequenceAccuracy:	0.002
TokenAccuracy:	0.591
LengthAccuracy:	0.986
1st Token Accuracy:	0.428
2nd Token Accuracy:	0.777
Average Loss:	1.513
[2021-10-26 19:56:32,626][core.trainer][INFO] - Computing metrics for 'val' dataset
[2021-10-26 19:56:34,347][core.metrics.meter][INFO] - Meter:
SequenceAccuracy:	0.003
TokenAccuracy:	0.595
LengthAccuracy:	0.982
1st Token Accuracy:	0.442
2nd Token Accuracy:	0.787
Average Loss:	1.502
[2021-10-26 19:56:52,754][core.trainer][INFO] - Computing metrics for 'val' dataset
[2021-10-26 19:56:54,468][core.metrics.meter][INFO] - Meter:
SequenceAccuracy:	0.004
TokenAccuracy:	0.598
LengthAccuracy:	0.986
1st Token Accuracy:	0.442
2nd Token Accuracy:	0.808
Average Loss:	1.488
[2021-10-26 19:57:12,717][core.trainer][INFO] - Computing metrics for 'val' dataset
[2021-10-26 19:57:14,428][core.metrics.meter][INFO] - Meter:
SequenceAccuracy:	0.003
TokenAccuracy:	0.603
LengthAccuracy:	0.982
1st Token Accuracy:	0.448
2nd Token Accuracy:	0.823
Average Loss:	1.479
[2021-10-26 19:57:33,029][core.trainer][INFO] - Computing metrics for 'val' dataset
[2021-10-26 19:57:34,758][core.metrics.meter][INFO] - Meter:
SequenceAccuracy:	0.003
TokenAccuracy:	0.607
LengthAccuracy:	0.983
1st Token Accuracy:	0.457
2nd Token Accuracy:	0.832
Average Loss:	1.470
[2021-10-26 19:57:53,149][core.trainer][INFO] - Computing metrics for 'val' dataset
[2021-10-26 19:57:54,912][core.metrics.meter][INFO] - Meter:
SequenceAccuracy:	0.005
TokenAccuracy:	0.613
LengthAccuracy:	0.983
1st Token Accuracy:	0.456
2nd Token Accuracy:	0.850
Average Loss:	1.450
[2021-10-26 19:58:13,508][core.trainer][INFO] - Computing metrics for 'val' dataset
[2021-10-26 19:58:15,238][core.metrics.meter][INFO] - Meter:
SequenceAccuracy:	0.007
TokenAccuracy:	0.619
LengthAccuracy:	0.983
1st Token Accuracy:	0.476
2nd Token Accuracy:	0.866
Average Loss:	1.440
[2021-10-26 19:58:33,839][core.trainer][INFO] - Computing metrics for 'val' dataset
[2021-10-26 19:58:35,546][core.metrics.meter][INFO] - Meter:
SequenceAccuracy:	0.004
TokenAccuracy:	0.621
LengthAccuracy:	0.986
1st Token Accuracy:	0.485
2nd Token Accuracy:	0.872
Average Loss:	1.421
[2021-10-26 19:58:53,768][core.trainer][INFO] - Computing metrics for 'val' dataset
[2021-10-26 19:58:55,473][core.metrics.meter][INFO] - Meter:
SequenceAccuracy:	0.007
TokenAccuracy:	0.626
LengthAccuracy:	0.982
1st Token Accuracy:	0.485
2nd Token Accuracy:	0.876
Average Loss:	1.417
[2021-10-26 19:59:13,790][core.trainer][INFO] - Computing metrics for 'val' dataset
[2021-10-26 19:59:15,497][core.metrics.meter][INFO] - Meter:
SequenceAccuracy:	0.006
TokenAccuracy:	0.633
LengthAccuracy:	0.986
1st Token Accuracy:	0.496
2nd Token Accuracy:	0.890
Average Loss:	1.395
[2021-10-26 19:59:33,890][core.trainer][INFO] - Computing metrics for 'val' dataset
[2021-10-26 19:59:35,597][core.metrics.meter][INFO] - Meter:
SequenceAccuracy:	0.007
TokenAccuracy:	0.634
LengthAccuracy:	0.983
1st Token Accuracy:	0.500
2nd Token Accuracy:	0.891
Average Loss:	1.389
[2021-10-26 19:59:53,998][core.trainer][INFO] - Computing metrics for 'val' dataset
[2021-10-26 19:59:55,706][core.metrics.meter][INFO] - Meter:
SequenceAccuracy:	0.007
TokenAccuracy:	0.638
LengthAccuracy:	0.982
1st Token Accuracy:	0.513
2nd Token Accuracy:	0.897
Average Loss:	1.377
[2021-10-26 20:00:14,112][core.trainer][INFO] - Computing metrics for 'val' dataset
[2021-10-26 20:00:15,820][core.metrics.meter][INFO] - Meter:
SequenceAccuracy:	0.007
TokenAccuracy:	0.644
LengthAccuracy:	0.983
1st Token Accuracy:	0.522
2nd Token Accuracy:	0.903
Average Loss:	1.363
[2021-10-26 20:00:16,205][core.trainer][INFO] - Computing metrics for 'test' dataset
[2021-10-26 20:00:32,632][core.metrics.meter][INFO] - Meter:
SequenceAccuracy:	0.007
TokenAccuracy:	0.642
LengthAccuracy:	0.982
1st Token Accuracy:	0.511
2nd Token Accuracy:	0.899
Average Loss:	1.383
[2021-10-26 20:00:32,638][core.trainer][INFO] - Computing metrics for 'gen' dataset
[2021-10-26 20:00:52,111][core.metrics.meter][INFO] - Meter:
SequenceAccuracy:	0.000
TokenAccuracy:	0.255
LengthAccuracy:	0.543
1st Token Accuracy:	0.213
2nd Token Accuracy:	0.116
Average Loss:	3.721
[2021-10-26 20:00:52,115][core.trainer][INFO] - EPOCH 10 / 50
[2021-10-26 20:00:52,115][core.trainer][INFO] - Computing metrics for 'train' dataset
[2021-10-26 20:01:10,353][core.trainer][INFO] - Computing metrics for 'val' dataset
[2021-10-26 20:01:12,062][core.metrics.meter][INFO] - Meter:
SequenceAccuracy:	0.005
TokenAccuracy:	0.647
LengthAccuracy:	0.985
1st Token Accuracy:	0.512
2nd Token Accuracy:	0.912
Average Loss:	1.351
[2021-10-26 20:01:30,473][core.trainer][INFO] - Computing metrics for 'val' dataset
[2021-10-26 20:01:32,180][core.metrics.meter][INFO] - Meter:
SequenceAccuracy:	0.008
TokenAccuracy:	0.655
LengthAccuracy:	0.984
1st Token Accuracy:	0.543
2nd Token Accuracy:	0.914
Average Loss:	1.334
[2021-10-26 20:01:50,466][core.trainer][INFO] - Computing metrics for 'val' dataset
[2021-10-26 20:01:52,180][core.metrics.meter][INFO] - Meter:
SequenceAccuracy:	0.009
TokenAccuracy:	0.657
LengthAccuracy:	0.982
1st Token Accuracy:	0.534
2nd Token Accuracy:	0.926
Average Loss:	1.323
