experiment:
  dataset:
    name: ms-passivization-en
    input: ms-passivization.tsv
    source_format: sequence
    target_format: sequence
    overwrite: false
    transform_field: target
    splits:
      train: 80
      test: 10
      val: 10
  hyperparameters:
    epochs: 50
    batch_size: 5
    lr: 0.001
    tolerance: 0.0001
    num_iters_eval: 1000
    min_iters: 30000
    patience: 5
    tf_ratio: 0.5
    cuda: 0
  model:
    name: Transformer
    encoder:
      unit: Transformer
      type: sequence
      dropout: 0
      num_layers: 1
      hidden_size: 256
      embedding_size: 256
      num_heads: 8
    decoder:
      unit: Transformer
      type: sequence
      dropout: 0
      num_layers: 1
      max_length: 30
      hidden_size: 256
      embedding_size: 256
      num_heads: 8
      attention: null
  name: passiv-en-transformer-1layer
pretty_print: true

[2021-10-27 06:12:08,359][core.trainer][INFO] - DEVICE: cuda
[2021-10-27 06:12:08,359][core.dataset.base_dataset][INFO] - Initializing dataset
[2021-10-27 06:12:08,359][core.dataset.base_dataset][INFO] - Constructing fields from dataset.
[2021-10-27 06:12:11,228][core.trainer][INFO] - TransductionDataset(
 splits: [val (1000 sequences), train (100000 sequences), test (10000 sequences), gen (10000 sequences)]
 fields: [source, annotation, target]
)
[2021-10-27 06:12:11,228][core.models.base_model][INFO] - Initializing model
[2021-10-27 06:12:17,117][core.trainer][INFO] - TransductionModel(
  (_encoder): TransductionSequenceEncoder(
    (module): Sequential(
      (0): Sequential(
        (0): Embedding(53, 256)
        (1): PositionalEncoding(
          (dropout): Dropout(p=0.0, inplace=False)
        )
      )
      (1): TransformerEncoder(
        (layers): ModuleList(
          (0): TransformerEncoderLayer(
            (self_attn): MultiheadAttention(
              (out_proj): _LinearWithBias(in_features=256, out_features=256, bias=True)
            )
            (linear1): Linear(in_features=256, out_features=2048, bias=True)
            (dropout): Dropout(p=0.1, inplace=False)
            (linear2): Linear(in_features=2048, out_features=256, bias=True)
            (norm1): LayerNorm((256,), eps=1e-05, elementwise_affine=True)
            (norm2): LayerNorm((256,), eps=1e-05, elementwise_affine=True)
            (dropout1): Dropout(p=0.1, inplace=False)
            (dropout2): Dropout(p=0.1, inplace=False)
          )
        )
      )
    )
  )
  (_decoder): TransformerSequenceDecoder(
    (_embedding): Sequential(
      (0): Embedding(57, 256)
      (1): PositionalEncoding(
        (dropout): Dropout(p=0.0, inplace=False)
      )
    )
    (_unit): TransformerDecoder(
      (layers): ModuleList(
        (0): TransformerDecoderLayer(
          (self_attn): MultiheadAttention(
            (out_proj): _LinearWithBias(in_features=256, out_features=256, bias=True)
          )
          (multihead_attn): MultiheadAttention(
            (out_proj): _LinearWithBias(in_features=256, out_features=256, bias=True)
          )
          (linear1): Linear(in_features=256, out_features=2048, bias=True)
          (dropout): Dropout(p=0.0, inplace=False)
          (linear2): Linear(in_features=2048, out_features=256, bias=True)
          (norm1): LayerNorm((256,), eps=1e-05, elementwise_affine=True)
          (norm2): LayerNorm((256,), eps=1e-05, elementwise_affine=True)
          (norm3): LayerNorm((256,), eps=1e-05, elementwise_affine=True)
          (dropout1): Dropout(p=0.0, inplace=False)
          (dropout2): Dropout(p=0.0, inplace=False)
          (dropout3): Dropout(p=0.0, inplace=False)
        )
      )
    )
    (_out): Linear(in_features=256, out_features=57, bias=True)
  )
)
[2021-10-27 06:12:17,118][core.trainer][INFO] - Beginning training
[2021-10-27 06:12:17,121][core.metrics.meter][INFO] - Logging with tensorboard; view with `tensorboard --logdir=/scratch/lw2534/lab/transductions/outputs/passiv-en-transformer-1layer/Transformer/2021-10-27_06-12-08/tensorboard`
[2021-10-27 06:12:17,125][core.trainer][INFO] - EPOCH 1 / 50
[2021-10-27 06:12:17,125][core.trainer][INFO] - Computing metrics for 'train' dataset
[2021-10-27 06:12:33,740][core.trainer][INFO] - Computing metrics for 'val' dataset
[2021-10-27 06:12:35,977][core.metrics.meter][INFO] - Meter:
SequenceAccuracy:	0.000
TokenAccuracy:	0.164
LengthAccuracy:	0.413
1st Token Accuracy:	0.235
2nd Token Accuracy:	0.003
Average Loss:	3.432
[2021-10-27 06:12:51,397][core.trainer][INFO] - Computing metrics for 'val' dataset
[2021-10-27 06:12:53,664][core.metrics.meter][INFO] - Meter:
SequenceAccuracy:	0.000
TokenAccuracy:	0.201
LengthAccuracy:	0.311
1st Token Accuracy:	0.417
2nd Token Accuracy:	0.003
Average Loss:	3.229
[2021-10-27 06:13:09,230][core.trainer][INFO] - Computing metrics for 'val' dataset
[2021-10-27 06:13:11,629][core.metrics.meter][INFO] - Meter:
SequenceAccuracy:	0.000
TokenAccuracy:	0.217
LengthAccuracy:	0.349
1st Token Accuracy:	0.490
2nd Token Accuracy:	0.000
Average Loss:	3.158
[2021-10-27 06:13:27,151][core.trainer][INFO] - Computing metrics for 'val' dataset
[2021-10-27 06:13:29,554][core.metrics.meter][INFO] - Meter:
SequenceAccuracy:	0.000
TokenAccuracy:	0.227
LengthAccuracy:	0.349
1st Token Accuracy:	0.521
2nd Token Accuracy:	0.000
Average Loss:	3.083
[2021-10-27 06:13:45,320][core.trainer][INFO] - Computing metrics for 'val' dataset
[2021-10-27 06:13:47,636][core.metrics.meter][INFO] - Meter:
SequenceAccuracy:	0.000
TokenAccuracy:	0.238
LengthAccuracy:	0.361
1st Token Accuracy:	0.544
2nd Token Accuracy:	0.004
Average Loss:	3.011
[2021-10-27 06:14:03,683][core.trainer][INFO] - Computing metrics for 'val' dataset
[2021-10-27 06:14:06,009][core.metrics.meter][INFO] - Meter:
SequenceAccuracy:	0.000
TokenAccuracy:	0.252
LengthAccuracy:	0.373
1st Token Accuracy:	0.579
2nd Token Accuracy:	0.016
Average Loss:	2.932
[2021-10-27 06:14:21,896][core.trainer][INFO] - Computing metrics for 'val' dataset
[2021-10-27 06:14:24,247][core.metrics.meter][INFO] - Meter:
SequenceAccuracy:	0.000
TokenAccuracy:	0.272
LengthAccuracy:	0.365
1st Token Accuracy:	0.616
2nd Token Accuracy:	0.068
Average Loss:	2.813
[2021-10-27 06:14:40,685][core.trainer][INFO] - Computing metrics for 'val' dataset
[2021-10-27 06:14:42,999][core.metrics.meter][INFO] - Meter:
SequenceAccuracy:	0.000
TokenAccuracy:	0.296
LengthAccuracy:	0.376
1st Token Accuracy:	0.666
2nd Token Accuracy:	0.096
Average Loss:	2.691
[2021-10-27 06:14:59,489][core.trainer][INFO] - Computing metrics for 'val' dataset
[2021-10-27 06:15:01,969][core.metrics.meter][INFO] - Meter:
SequenceAccuracy:	0.000
TokenAccuracy:	0.322
LengthAccuracy:	0.439
1st Token Accuracy:	0.691
2nd Token Accuracy:	0.140
Average Loss:	2.581
[2021-10-27 06:15:18,611][core.trainer][INFO] - Computing metrics for 'val' dataset
[2021-10-27 06:15:21,051][core.metrics.meter][INFO] - Meter:
SequenceAccuracy:	0.000
TokenAccuracy:	0.341
LengthAccuracy:	0.449
1st Token Accuracy:	0.713
2nd Token Accuracy:	0.188
Average Loss:	2.503
[2021-10-27 06:15:38,073][core.trainer][INFO] - Computing metrics for 'val' dataset
[2021-10-27 06:15:40,572][core.metrics.meter][INFO] - Meter:
SequenceAccuracy:	0.000
TokenAccuracy:	0.365
LengthAccuracy:	0.467
1st Token Accuracy:	0.762
2nd Token Accuracy:	0.232
Average Loss:	2.420
[2021-10-27 06:15:57,881][core.trainer][INFO] - Computing metrics for 'val' dataset
[2021-10-27 06:16:00,336][core.metrics.meter][INFO] - Meter:
SequenceAccuracy:	0.000
TokenAccuracy:	0.396
LengthAccuracy:	0.540
1st Token Accuracy:	0.836
2nd Token Accuracy:	0.277
Average Loss:	2.325
[2021-10-27 06:16:17,750][core.trainer][INFO] - Computing metrics for 'val' dataset
[2021-10-27 06:16:20,236][core.metrics.meter][INFO] - Meter:
SequenceAccuracy:	0.001
TokenAccuracy:	0.438
LengthAccuracy:	0.608
1st Token Accuracy:	0.902
2nd Token Accuracy:	0.353
Average Loss:	2.198
[2021-10-27 06:16:37,712][core.trainer][INFO] - Computing metrics for 'val' dataset
[2021-10-27 06:16:40,253][core.metrics.meter][INFO] - Meter:
SequenceAccuracy:	0.004
TokenAccuracy:	0.481
LengthAccuracy:	0.713
1st Token Accuracy:	0.948
2nd Token Accuracy:	0.385
Average Loss:	2.046
[2021-10-27 06:16:57,823][core.trainer][INFO] - Computing metrics for 'val' dataset
[2021-10-27 06:17:00,340][core.metrics.meter][INFO] - Meter:
SequenceAccuracy:	0.009
TokenAccuracy:	0.530
LengthAccuracy:	0.783
1st Token Accuracy:	0.970
2nd Token Accuracy:	0.420
Average Loss:	1.878
[2021-10-27 06:17:17,920][core.trainer][INFO] - Computing metrics for 'val' dataset
[2021-10-27 06:17:20,414][core.metrics.meter][INFO] - Meter:
SequenceAccuracy:	0.017
TokenAccuracy:	0.579
LengthAccuracy:	0.821
1st Token Accuracy:	0.980
2nd Token Accuracy:	0.430
Average Loss:	1.687
[2021-10-27 06:17:38,041][core.trainer][INFO] - Computing metrics for 'val' dataset
[2021-10-27 06:17:40,516][core.metrics.meter][INFO] - Meter:
SequenceAccuracy:	0.021
TokenAccuracy:	0.606
LengthAccuracy:	0.821
1st Token Accuracy:	0.985
2nd Token Accuracy:	0.458
Average Loss:	1.555
[2021-10-27 06:17:58,149][core.trainer][INFO] - Computing metrics for 'val' dataset
[2021-10-27 06:18:00,663][core.metrics.meter][INFO] - Meter:
SequenceAccuracy:	0.030
TokenAccuracy:	0.631
LengthAccuracy:	0.831
1st Token Accuracy:	0.987
2nd Token Accuracy:	0.500
Average Loss:	1.414
[2021-10-27 06:18:18,422][core.trainer][INFO] - Computing metrics for 'val' dataset
[2021-10-27 06:18:20,985][core.metrics.meter][INFO] - Meter:
SequenceAccuracy:	0.045
TokenAccuracy:	0.656
LengthAccuracy:	0.844
1st Token Accuracy:	0.991
2nd Token Accuracy:	0.575
Average Loss:	1.282
[2021-10-27 06:18:38,812][core.trainer][INFO] - Computing metrics for 'val' dataset
[2021-10-27 06:18:41,374][core.metrics.meter][INFO] - Meter:
SequenceAccuracy:	0.071
TokenAccuracy:	0.683
LengthAccuracy:	0.868
1st Token Accuracy:	0.994
2nd Token Accuracy:	0.682
Average Loss:	1.158
[2021-10-27 06:18:41,555][core.trainer][INFO] - Computing metrics for 'test' dataset
[2021-10-27 06:19:05,979][core.metrics.meter][INFO] - Meter:
SequenceAccuracy:	0.076
TokenAccuracy:	0.678
LengthAccuracy:	0.882
1st Token Accuracy:	0.995
2nd Token Accuracy:	0.719
Average Loss:	1.187
[2021-10-27 06:19:05,979][core.trainer][INFO] - Computing metrics for 'gen' dataset
[2021-10-27 06:19:35,807][core.metrics.meter][INFO] - Meter:
SequenceAccuracy:	0.000
TokenAccuracy:	0.346
LengthAccuracy:	0.496
1st Token Accuracy:	0.191
2nd Token Accuracy:	0.195
Average Loss:	2.466
[2021-10-27 06:19:35,807][core.trainer][INFO] - EPOCH 2 / 50
[2021-10-27 06:19:35,808][core.trainer][INFO] - Computing metrics for 'train' dataset
[2021-10-27 06:19:53,675][core.trainer][INFO] - Computing metrics for 'val' dataset
[2021-10-27 06:19:56,245][core.metrics.meter][INFO] - Meter:
SequenceAccuracy:	0.098
TokenAccuracy:	0.713
LengthAccuracy:	0.892
1st Token Accuracy:	0.996
2nd Token Accuracy:	0.773
Average Loss:	1.044
[2021-10-27 06:20:14,323][core.trainer][INFO] - Computing metrics for 'val' dataset
[2021-10-27 06:20:16,919][core.metrics.meter][INFO] - Meter:
SequenceAccuracy:	0.130
TokenAccuracy:	0.750
LengthAccuracy:	0.930
1st Token Accuracy:	0.999
2nd Token Accuracy:	0.854
Average Loss:	0.903
[2021-10-27 06:20:35,128][core.trainer][INFO] - Computing metrics for 'val' dataset
[2021-10-27 06:20:37,731][core.metrics.meter][INFO] - Meter:
SequenceAccuracy:	0.165
TokenAccuracy:	0.778
LengthAccuracy:	0.952
1st Token Accuracy:	1.000
2nd Token Accuracy:	0.906
Average Loss:	0.810
[2021-10-27 06:20:56,120][core.trainer][INFO] - Computing metrics for 'val' dataset
[2021-10-27 06:20:58,744][core.metrics.meter][INFO] - Meter:
SequenceAccuracy:	0.209
TokenAccuracy:	0.808
LengthAccuracy:	0.976
1st Token Accuracy:	1.000
2nd Token Accuracy:	0.948
Average Loss:	0.703
[2021-10-27 06:21:17,160][core.trainer][INFO] - Computing metrics for 'val' dataset
[2021-10-27 06:21:19,789][core.metrics.meter][INFO] - Meter:
SequenceAccuracy:	0.270
TokenAccuracy:	0.839
LengthAccuracy:	0.979
1st Token Accuracy:	1.000
2nd Token Accuracy:	0.971
Average Loss:	0.603
[2021-10-27 06:21:38,129][core.trainer][INFO] - Computing metrics for 'val' dataset
[2021-10-27 06:21:40,747][core.metrics.meter][INFO] - Meter:
SequenceAccuracy:	0.390
TokenAccuracy:	0.873
LengthAccuracy:	0.983
1st Token Accuracy:	1.000
2nd Token Accuracy:	0.983
Average Loss:	0.495
[2021-10-27 06:21:59,200][core.trainer][INFO] - Computing metrics for 'val' dataset
[2021-10-27 06:22:01,816][core.metrics.meter][INFO] - Meter:
SequenceAccuracy:	0.499
TokenAccuracy:	0.903
LengthAccuracy:	0.987
1st Token Accuracy:	1.000
2nd Token Accuracy:	0.989
Average Loss:	0.406
[2021-10-27 06:22:20,035][core.trainer][INFO] - Computing metrics for 'val' dataset
[2021-10-27 06:22:22,640][core.metrics.meter][INFO] - Meter:
SequenceAccuracy:	0.604
TokenAccuracy:	0.934
LengthAccuracy:	0.984
1st Token Accuracy:	1.000
2nd Token Accuracy:	0.995
Average Loss:	0.310
[2021-10-27 06:22:41,058][core.trainer][INFO] - Computing metrics for 'val' dataset
[2021-10-27 06:22:43,665][core.metrics.meter][INFO] - Meter:
SequenceAccuracy:	0.645
TokenAccuracy:	0.943
LengthAccuracy:	0.984
1st Token Accuracy:	1.000
2nd Token Accuracy:	0.995
Average Loss:	0.277
[2021-10-27 06:23:02,263][core.trainer][INFO] - Computing metrics for 'val' dataset
[2021-10-27 06:23:04,895][core.metrics.meter][INFO] - Meter:
SequenceAccuracy:	0.696
TokenAccuracy:	0.958
LengthAccuracy:	0.981
1st Token Accuracy:	1.000
2nd Token Accuracy:	0.996
Average Loss:	0.221
[2021-10-27 06:23:23,248][core.trainer][INFO] - Computing metrics for 'val' dataset
[2021-10-27 06:23:25,858][core.metrics.meter][INFO] - Meter:
SequenceAccuracy:	0.743
TokenAccuracy:	0.966
LengthAccuracy:	0.981
1st Token Accuracy:	1.000
2nd Token Accuracy:	0.997
Average Loss:	0.188
[2021-10-27 06:23:44,157][core.trainer][INFO] - Computing metrics for 'val' dataset
[2021-10-27 06:23:46,768][core.metrics.meter][INFO] - Meter:
SequenceAccuracy:	0.786
TokenAccuracy:	0.974
LengthAccuracy:	0.984
1st Token Accuracy:	1.000
2nd Token Accuracy:	0.998
Average Loss:	0.151
[2021-10-27 06:24:05,072][core.trainer][INFO] - Computing metrics for 'val' dataset
[2021-10-27 06:24:07,686][core.metrics.meter][INFO] - Meter:
SequenceAccuracy:	0.812
TokenAccuracy:	0.977
LengthAccuracy:	0.983
1st Token Accuracy:	1.000
2nd Token Accuracy:	0.998
Average Loss:	0.139
[2021-10-27 06:24:26,059][core.trainer][INFO] - Computing metrics for 'val' dataset
[2021-10-27 06:24:28,671][core.metrics.meter][INFO] - Meter:
SequenceAccuracy:	0.832
TokenAccuracy:	0.982
LengthAccuracy:	0.983
1st Token Accuracy:	1.000
2nd Token Accuracy:	0.999
Average Loss:	0.114
[2021-10-27 06:24:47,009][core.trainer][INFO] - Computing metrics for 'val' dataset
[2021-10-27 06:24:49,620][core.metrics.meter][INFO] - Meter:
SequenceAccuracy:	0.852
TokenAccuracy:	0.985
LengthAccuracy:	0.986
1st Token Accuracy:	1.000
2nd Token Accuracy:	0.998
Average Loss:	0.098
[2021-10-27 06:25:08,033][core.trainer][INFO] - Computing metrics for 'val' dataset
[2021-10-27 06:25:10,649][core.metrics.meter][INFO] - Meter:
SequenceAccuracy:	0.861
TokenAccuracy:	0.987
LengthAccuracy:	0.982
1st Token Accuracy:	1.000
2nd Token Accuracy:	0.999
Average Loss:	0.091
[2021-10-27 06:25:29,035][core.trainer][INFO] - Computing metrics for 'val' dataset
[2021-10-27 06:25:31,667][core.metrics.meter][INFO] - Meter:
SequenceAccuracy:	0.869
TokenAccuracy:	0.988
LengthAccuracy:	0.982
1st Token Accuracy:	1.000
2nd Token Accuracy:	0.999
Average Loss:	0.086
[2021-10-27 06:25:49,981][core.trainer][INFO] - Computing metrics for 'val' dataset
[2021-10-27 06:25:52,574][core.metrics.meter][INFO] - Meter:
SequenceAccuracy:	0.874
TokenAccuracy:	0.988
LengthAccuracy:	0.982
1st Token Accuracy:	1.000
2nd Token Accuracy:	0.999
Average Loss:	0.078
[2021-10-27 06:26:10,699][core.trainer][INFO] - Computing metrics for 'val' dataset
[2021-10-27 06:26:13,295][core.metrics.meter][INFO] - Meter:
SequenceAccuracy:	0.887
TokenAccuracy:	0.990
LengthAccuracy:	0.981
1st Token Accuracy:	1.000
2nd Token Accuracy:	1.000
Average Loss:	0.071
[2021-10-27 06:26:13,352][core.early_stopping][INFO] - Early stopping counter: 1 / 5
[2021-10-27 06:26:13,379][core.early_stopping][INFO] - Pausing model saving until validation loss decreases by 0.0001
[2021-10-27 06:26:31,332][core.trainer][INFO] - Computing metrics for 'val' dataset
[2021-10-27 06:26:33,931][core.metrics.meter][INFO] - Meter:
SequenceAccuracy:	0.888
TokenAccuracy:	0.990
LengthAccuracy:	0.985
1st Token Accuracy:	1.000
2nd Token Accuracy:	1.000
Average Loss:	0.064
[2021-10-27 06:26:33,992][core.early_stopping][INFO] - Early stopping counter: 2 / 5
[2021-10-27 06:26:34,018][core.early_stopping][INFO] - Pausing model saving until validation loss decreases by 0.0001
[2021-10-27 06:26:34,020][core.trainer][INFO] - Computing metrics for 'test' dataset
[2021-10-27 06:26:58,828][core.metrics.meter][INFO] - Meter:
SequenceAccuracy:	0.893
TokenAccuracy:	0.991
LengthAccuracy:	0.985
1st Token Accuracy:	1.000
2nd Token Accuracy:	1.000
Average Loss:	0.063
[2021-10-27 06:26:58,829][core.trainer][INFO] - Computing metrics for 'gen' dataset
[2021-10-27 06:27:29,929][core.metrics.meter][INFO] - Meter:
SequenceAccuracy:	0.000
TokenAccuracy:	0.223
LengthAccuracy:	0.675
1st Token Accuracy:	0.164
2nd Token Accuracy:	0.040
Average Loss:	5.038
[2021-10-27 06:27:29,930][core.trainer][INFO] - EPOCH 3 / 50
[2021-10-27 06:27:29,930][core.trainer][INFO] - Computing metrics for 'train' dataset
[2021-10-27 06:27:47,969][core.trainer][INFO] - Computing metrics for 'val' dataset
[2021-10-27 06:27:50,565][core.metrics.meter][INFO] - Meter:
SequenceAccuracy:	0.894
TokenAccuracy:	0.991
LengthAccuracy:	0.985
1st Token Accuracy:	1.000
2nd Token Accuracy:	1.000
Average Loss:	0.056
[2021-10-27 06:28:08,841][core.trainer][INFO] - Computing metrics for 'val' dataset
[2021-10-27 06:28:11,434][core.metrics.meter][INFO] - Meter:
SequenceAccuracy:	0.893
TokenAccuracy:	0.991
LengthAccuracy:	0.983
1st Token Accuracy:	1.000
2nd Token Accuracy:	1.000
Average Loss:	0.062
[2021-10-27 06:28:11,502][core.early_stopping][INFO] - Early stopping counter: 1 / 5
[2021-10-27 06:28:11,527][core.early_stopping][INFO] - Pausing model saving until validation loss decreases by 0.0001
[2021-10-27 06:28:29,419][core.trainer][INFO] - Computing metrics for 'val' dataset
[2021-10-27 06:28:32,021][core.metrics.meter][INFO] - Meter:
SequenceAccuracy:	0.895
TokenAccuracy:	0.991
LengthAccuracy:	0.983
1st Token Accuracy:	1.000
2nd Token Accuracy:	1.000
Average Loss:	0.058
[2021-10-27 06:28:32,078][core.early_stopping][INFO] - Early stopping counter: 2 / 5
[2021-10-27 06:28:32,104][core.early_stopping][INFO] - Pausing model saving until validation loss decreases by 0.0001
[2021-10-27 06:28:50,049][core.trainer][INFO] - Computing metrics for 'val' dataset
[2021-10-27 06:28:52,637][core.metrics.meter][INFO] - Meter:
SequenceAccuracy:	0.897
TokenAccuracy:	0.991
LengthAccuracy:	0.984
1st Token Accuracy:	1.000
2nd Token Accuracy:	1.000
Average Loss:	0.051
[2021-10-27 06:29:10,900][core.trainer][INFO] - Computing metrics for 'val' dataset
[2021-10-27 06:29:13,492][core.metrics.meter][INFO] - Meter:
SequenceAccuracy:	0.902
TokenAccuracy:	0.992
LengthAccuracy:	0.983
1st Token Accuracy:	1.000
2nd Token Accuracy:	1.000
Average Loss:	0.053
[2021-10-27 06:29:31,671][core.trainer][INFO] - Computing metrics for 'val' dataset
[2021-10-27 06:29:34,260][core.metrics.meter][INFO] - Meter:
SequenceAccuracy:	0.897
TokenAccuracy:	0.991
LengthAccuracy:	0.983
1st Token Accuracy:	1.000
2nd Token Accuracy:	1.000
Average Loss:	0.051
[2021-10-27 06:29:34,317][core.early_stopping][INFO] - Early stopping counter: 1 / 5
[2021-10-27 06:29:34,343][core.early_stopping][INFO] - Pausing model saving until validation loss decreases by 0.0001
[2021-10-27 06:29:52,250][core.trainer][INFO] - Computing metrics for 'val' dataset
[2021-10-27 06:29:54,852][core.metrics.meter][INFO] - Meter:
SequenceAccuracy:	0.899
TokenAccuracy:	0.991
LengthAccuracy:	0.985
1st Token Accuracy:	1.000
2nd Token Accuracy:	1.000
Average Loss:	0.052
[2021-10-27 06:29:54,927][core.early_stopping][INFO] - Early stopping counter: 2 / 5
[2021-10-27 06:29:54,954][core.early_stopping][INFO] - Pausing model saving until validation loss decreases by 0.0001
[2021-10-27 06:30:12,906][core.trainer][INFO] - Computing metrics for 'val' dataset
[2021-10-27 06:30:15,501][core.metrics.meter][INFO] - Meter:
SequenceAccuracy:	0.904
TokenAccuracy:	0.992
LengthAccuracy:	0.986
1st Token Accuracy:	1.000
2nd Token Accuracy:	1.000
Average Loss:	0.042
[2021-10-27 06:30:33,629][core.trainer][INFO] - Computing metrics for 'val' dataset
[2021-10-27 06:30:36,223][core.metrics.meter][INFO] - Meter:
SequenceAccuracy:	0.903
TokenAccuracy:	0.992
LengthAccuracy:	0.985
1st Token Accuracy:	1.000
2nd Token Accuracy:	1.000
Average Loss:	0.047
[2021-10-27 06:30:36,280][core.early_stopping][INFO] - Early stopping counter: 1 / 5
[2021-10-27 06:30:36,307][core.early_stopping][INFO] - Pausing model saving until validation loss decreases by 0.0001
[2021-10-27 06:30:54,228][core.trainer][INFO] - Computing metrics for 'val' dataset
[2021-10-27 06:30:56,815][core.metrics.meter][INFO] - Meter:
SequenceAccuracy:	0.904
TokenAccuracy:	0.992
LengthAccuracy:	0.982
1st Token Accuracy:	1.000
2nd Token Accuracy:	1.000
Average Loss:	0.046
[2021-10-27 06:31:15,179][core.trainer][INFO] - Computing metrics for 'val' dataset
[2021-10-27 06:31:17,773][core.metrics.meter][INFO] - Meter:
SequenceAccuracy:	0.906
TokenAccuracy:	0.992
LengthAccuracy:	0.984
1st Token Accuracy:	1.000
2nd Token Accuracy:	1.000
Average Loss:	0.046
[2021-10-27 06:31:17,830][core.early_stopping][INFO] - Early stopping counter: 1 / 5
[2021-10-27 06:31:17,857][core.early_stopping][INFO] - Pausing model saving until validation loss decreases by 0.0001
[2021-10-27 06:31:35,778][core.trainer][INFO] - Computing metrics for 'val' dataset
[2021-10-27 06:31:38,379][core.metrics.meter][INFO] - Meter:
SequenceAccuracy:	0.905
TokenAccuracy:	0.992
LengthAccuracy:	0.984
1st Token Accuracy:	1.000
2nd Token Accuracy:	1.000
Average Loss:	0.046
[2021-10-27 06:31:38,439][core.early_stopping][INFO] - Early stopping counter: 2 / 5
[2021-10-27 06:31:38,465][core.early_stopping][INFO] - Pausing model saving until validation loss decreases by 0.0001
[2021-10-27 06:31:56,476][core.trainer][INFO] - Computing metrics for 'val' dataset
[2021-10-27 06:31:59,074][core.metrics.meter][INFO] - Meter:
SequenceAccuracy:	0.907
TokenAccuracy:	0.992
LengthAccuracy:	0.981
1st Token Accuracy:	1.000
2nd Token Accuracy:	1.000
Average Loss:	0.049
[2021-10-27 06:31:59,134][core.early_stopping][INFO] - Early stopping counter: 3 / 5
[2021-10-27 06:31:59,160][core.early_stopping][INFO] - Pausing model saving until validation loss decreases by 0.0001
[2021-10-27 06:32:17,093][core.trainer][INFO] - Computing metrics for 'val' dataset
[2021-10-27 06:32:19,689][core.metrics.meter][INFO] - Meter:
SequenceAccuracy:	0.896
TokenAccuracy:	0.992
LengthAccuracy:	0.980
1st Token Accuracy:	1.000
2nd Token Accuracy:	1.000
Average Loss:	0.053
[2021-10-27 06:32:19,746][core.early_stopping][INFO] - Early stopping counter: 4 / 5
[2021-10-27 06:32:19,772][core.early_stopping][INFO] - Pausing model saving until validation loss decreases by 0.0001
[2021-10-27 06:32:37,728][core.trainer][INFO] - Computing metrics for 'val' dataset
[2021-10-27 06:32:40,331][core.metrics.meter][INFO] - Meter:
SequenceAccuracy:	0.909
TokenAccuracy:	0.993
LengthAccuracy:	0.982
1st Token Accuracy:	1.000
2nd Token Accuracy:	1.000
Average Loss:	0.044
[2021-10-27 06:32:40,403][core.early_stopping][INFO] - Early stopping counter: 5 / 5
[2021-10-27 06:32:40,428][core.early_stopping][INFO] - Pausing model saving until validation loss decreases by 0.0001
[2021-10-27 06:32:40,429][core.trainer][INFO] - Computing metrics for 'test' dataset
[2021-10-27 06:33:05,242][core.metrics.meter][INFO] - Meter:
SequenceAccuracy:	0.915
TokenAccuracy:	0.993
LengthAccuracy:	0.986
1st Token Accuracy:	1.000
2nd Token Accuracy:	1.000
Average Loss:	0.040
[2021-10-27 06:33:05,242][core.trainer][INFO] - Computing metrics for 'gen' dataset
[2021-10-27 06:33:36,314][core.metrics.meter][INFO] - Meter:
SequenceAccuracy:	0.000
TokenAccuracy:	0.204
LengthAccuracy:	0.664
1st Token Accuracy:	0.164
2nd Token Accuracy:	0.038
Average Loss:	5.795
[2021-10-27 06:33:36,315][core.trainer][INFO] - EPOCH 4 / 50
[2021-10-27 06:33:36,315][core.trainer][INFO] - Computing metrics for 'train' dataset
[2021-10-27 06:33:54,411][core.trainer][INFO] - Computing metrics for 'val' dataset
[2021-10-27 06:33:57,007][core.metrics.meter][INFO] - Meter:
SequenceAccuracy:	0.914
TokenAccuracy:	0.993
LengthAccuracy:	0.980
1st Token Accuracy:	1.000
2nd Token Accuracy:	1.000
Average Loss:	0.045
[2021-10-27 06:33:57,091][core.early_stopping][INFO] - Early stopping counter: 6 / 5
[2021-10-27 06:33:57,091][core.early_stopping][INFO] - Pausing model saving until validation loss decreases by 0.0001
[2021-10-27 06:33:57,092][core.trainer][INFO] - Computing metrics for 'test' dataset
[2021-10-27 06:34:21,961][core.metrics.meter][INFO] - Meter:
SequenceAccuracy:	0.913
TokenAccuracy:	0.993
LengthAccuracy:	0.984
1st Token Accuracy:	1.000
2nd Token Accuracy:	1.000
Average Loss:	0.043
[2021-10-27 06:34:21,961][core.trainer][INFO] - Computing metrics for 'gen' dataset
[2021-10-27 06:34:53,049][core.metrics.meter][INFO] - Meter:
SequenceAccuracy:	0.000
TokenAccuracy:	0.202
LengthAccuracy:	0.652
1st Token Accuracy:	0.164
2nd Token Accuracy:	0.038
Average Loss:	5.827
[2021-10-27 06:34:53,050][core.trainer][INFO] - EPOCH 5 / 50
[2021-10-27 06:34:53,050][core.trainer][INFO] - Computing metrics for 'train' dataset
[2021-10-27 06:35:11,086][core.trainer][INFO] - Computing metrics for 'val' dataset
[2021-10-27 06:35:13,681][core.metrics.meter][INFO] - Meter:
SequenceAccuracy:	0.920
TokenAccuracy:	0.994
LengthAccuracy:	0.983
1st Token Accuracy:	1.000
2nd Token Accuracy:	1.000
Average Loss:	0.046
[2021-10-27 06:35:13,757][core.early_stopping][INFO] - Early stopping counter: 7 / 5
[2021-10-27 06:35:13,782][core.early_stopping][INFO] - Pausing model saving until validation loss decreases by 0.0001
[2021-10-27 06:35:13,783][core.trainer][INFO] - Computing metrics for 'test' dataset
[2021-10-27 06:35:38,621][core.metrics.meter][INFO] - Meter:
SequenceAccuracy:	0.917
TokenAccuracy:	0.993
LengthAccuracy:	0.984
1st Token Accuracy:	1.000
2nd Token Accuracy:	1.000
Average Loss:	0.042
[2021-10-27 06:35:38,622][core.trainer][INFO] - Computing metrics for 'gen' dataset
[2021-10-27 06:36:09,737][core.metrics.meter][INFO] - Meter:
SequenceAccuracy:	0.000
TokenAccuracy:	0.202
LengthAccuracy:	0.663
1st Token Accuracy:	0.164
2nd Token Accuracy:	0.038
Average Loss:	5.848
[2021-10-27 06:36:09,737][core.trainer][INFO] - EPOCH 6 / 50
[2021-10-27 06:36:09,737][core.trainer][INFO] - Computing metrics for 'train' dataset
[2021-10-27 06:36:27,800][core.trainer][INFO] - Computing metrics for 'val' dataset
[2021-10-27 06:36:30,395][core.metrics.meter][INFO] - Meter:
SequenceAccuracy:	0.915
TokenAccuracy:	0.993
LengthAccuracy:	0.985
1st Token Accuracy:	1.000
2nd Token Accuracy:	1.000
Average Loss:	0.039
[2021-10-27 06:36:30,452][core.early_stopping][INFO] - Early stopping counter: 8 / 5
[2021-10-27 06:36:30,478][core.early_stopping][INFO] - Pausing model saving until validation loss decreases by 0.0001
[2021-10-27 06:36:30,479][core.trainer][INFO] - Computing metrics for 'test' dataset
[2021-10-27 06:36:55,290][core.metrics.meter][INFO] - Meter:
SequenceAccuracy:	0.918
TokenAccuracy:	0.993
LengthAccuracy:	0.984
1st Token Accuracy:	1.000
2nd Token Accuracy:	1.000
Average Loss:	0.042
[2021-10-27 06:36:55,290][core.trainer][INFO] - Computing metrics for 'gen' dataset
[2021-10-27 06:37:26,417][core.metrics.meter][INFO] - Meter:
SequenceAccuracy:	0.000
TokenAccuracy:	0.200
LengthAccuracy:	0.664
1st Token Accuracy:	0.164
2nd Token Accuracy:	0.038
Average Loss:	5.898
[2021-10-27 06:37:26,417][core.trainer][INFO] - EPOCH 7 / 50
[2021-10-27 06:37:26,418][core.trainer][INFO] - Computing metrics for 'train' dataset
[2021-10-27 06:37:44,457][core.trainer][INFO] - Computing metrics for 'val' dataset
[2021-10-27 06:37:47,048][core.metrics.meter][INFO] - Meter:
SequenceAccuracy:	0.916
TokenAccuracy:	0.993
LengthAccuracy:	0.983
1st Token Accuracy:	1.000
2nd Token Accuracy:	1.000
Average Loss:	0.041
[2021-10-27 06:37:47,123][core.early_stopping][INFO] - Early stopping counter: 9 / 5
[2021-10-27 06:37:47,148][core.early_stopping][INFO] - Pausing model saving until validation loss decreases by 0.0001
[2021-10-27 06:37:47,148][core.trainer][INFO] - Computing metrics for 'test' dataset
[2021-10-27 06:38:11,993][core.metrics.meter][INFO] - Meter:
SequenceAccuracy:	0.919
TokenAccuracy:	0.994
LengthAccuracy:	0.984
1st Token Accuracy:	1.000
2nd Token Accuracy:	1.000
Average Loss:	0.041
[2021-10-27 06:38:11,993][core.trainer][INFO] - Computing metrics for 'gen' dataset
[2021-10-27 06:38:43,171][core.metrics.meter][INFO] - Meter:
SequenceAccuracy:	0.000
TokenAccuracy:	0.198
LengthAccuracy:	0.680
1st Token Accuracy:	0.164
2nd Token Accuracy:	0.038
Average Loss:	5.926
[2021-10-27 06:38:43,171][core.trainer][INFO] - EPOCH 8 / 50
[2021-10-27 06:38:43,171][core.trainer][INFO] - Computing metrics for 'train' dataset
[2021-10-27 06:39:01,248][core.trainer][INFO] - Computing metrics for 'val' dataset
[2021-10-27 06:39:03,832][core.metrics.meter][INFO] - Meter:
SequenceAccuracy:	0.920
TokenAccuracy:	0.994
LengthAccuracy:	0.985
1st Token Accuracy:	1.000
2nd Token Accuracy:	1.000
Average Loss:	0.036
[2021-10-27 06:39:22,010][core.trainer][INFO] - Computing metrics for 'val' dataset
[2021-10-27 06:39:24,605][core.metrics.meter][INFO] - Meter:
SequenceAccuracy:	0.926
TokenAccuracy:	0.994
LengthAccuracy:	0.985
1st Token Accuracy:	1.000
2nd Token Accuracy:	1.000
Average Loss:	0.037
[2021-10-27 06:39:24,684][core.early_stopping][INFO] - Early stopping counter: 1 / 5
[2021-10-27 06:39:24,710][core.early_stopping][INFO] - Pausing model saving until validation loss decreases by 0.0001
[2021-10-27 06:39:42,688][core.trainer][INFO] - Computing metrics for 'val' dataset
[2021-10-27 06:39:45,286][core.metrics.meter][INFO] - Meter:
SequenceAccuracy:	0.928
TokenAccuracy:	0.994
LengthAccuracy:	0.986
1st Token Accuracy:	1.000
2nd Token Accuracy:	1.000
Average Loss:	0.036
[2021-10-27 06:39:45,347][core.early_stopping][INFO] - Early stopping counter: 2 / 5
[2021-10-27 06:39:45,373][core.early_stopping][INFO] - Pausing model saving until validation loss decreases by 0.0001
[2021-10-27 06:40:03,362][core.trainer][INFO] - Computing metrics for 'val' dataset
[2021-10-27 06:40:05,955][core.metrics.meter][INFO] - Meter:
SequenceAccuracy:	0.934
TokenAccuracy:	0.995
LengthAccuracy:	0.984
1st Token Accuracy:	1.000
2nd Token Accuracy:	1.000
Average Loss:	0.035
[2021-10-27 06:40:06,012][core.early_stopping][INFO] - Early stopping counter: 3 / 5
[2021-10-27 06:40:06,037][core.early_stopping][INFO] - Pausing model saving until validation loss decreases by 0.0001
[2021-10-27 06:40:24,062][core.trainer][INFO] - Computing metrics for 'val' dataset
[2021-10-27 06:40:26,669][core.metrics.meter][INFO] - Meter:
SequenceAccuracy:	0.937
TokenAccuracy:	0.995
LengthAccuracy:	0.984
1st Token Accuracy:	1.000
2nd Token Accuracy:	1.000
Average Loss:	0.041
[2021-10-27 06:40:26,745][core.early_stopping][INFO] - Early stopping counter: 4 / 5
[2021-10-27 06:40:26,771][core.early_stopping][INFO] - Pausing model saving until validation loss decreases by 0.0001
[2021-10-27 06:40:44,888][core.trainer][INFO] - Computing metrics for 'val' dataset
[2021-10-27 06:40:47,489][core.metrics.meter][INFO] - Meter:
SequenceAccuracy:	0.937
TokenAccuracy:	0.995
LengthAccuracy:	0.985
1st Token Accuracy:	1.000
2nd Token Accuracy:	1.000
Average Loss:	0.034
[2021-10-27 06:40:47,547][core.early_stopping][INFO] - Early stopping counter: 5 / 5
[2021-10-27 06:40:47,575][core.early_stopping][INFO] - Pausing model saving until validation loss decreases by 0.0001
[2021-10-27 06:40:47,575][core.trainer][INFO] - Computing metrics for 'test' dataset
[2021-10-27 06:41:12,584][core.metrics.meter][INFO] - Meter:
SequenceAccuracy:	0.938
TokenAccuracy:	0.995
LengthAccuracy:	0.984
1st Token Accuracy:	1.000
2nd Token Accuracy:	1.000
Average Loss:	0.037
[2021-10-27 06:41:12,584][core.trainer][INFO] - Computing metrics for 'gen' dataset
[2021-10-27 06:41:43,977][core.metrics.meter][INFO] - Meter:
SequenceAccuracy:	0.000
TokenAccuracy:	0.187
LengthAccuracy:	0.668
1st Token Accuracy:	0.164
2nd Token Accuracy:	0.038
Average Loss:	6.129
[2021-10-27 06:41:43,978][core.trainer][INFO] - EPOCH 9 / 50
[2021-10-27 06:41:43,978][core.trainer][INFO] - Computing metrics for 'train' dataset
[2021-10-27 06:42:02,224][core.trainer][INFO] - Computing metrics for 'val' dataset
[2021-10-27 06:42:04,841][core.metrics.meter][INFO] - Meter:
SequenceAccuracy:	0.945
TokenAccuracy:	0.996
LengthAccuracy:	0.982
1st Token Accuracy:	1.000
2nd Token Accuracy:	1.000
Average Loss:	0.039
[2021-10-27 06:42:23,230][core.trainer][INFO] - Computing metrics for 'val' dataset
[2021-10-27 06:42:25,838][core.metrics.meter][INFO] - Meter:
SequenceAccuracy:	0.948
TokenAccuracy:	0.996
LengthAccuracy:	0.984
1st Token Accuracy:	1.000
2nd Token Accuracy:	1.000
Average Loss:	0.038
[2021-10-27 06:42:25,921][core.early_stopping][INFO] - Early stopping counter: 1 / 5
[2021-10-27 06:42:25,922][core.early_stopping][INFO] - Pausing model saving until validation loss decreases by 0.0001
[2021-10-27 06:42:44,046][core.trainer][INFO] - Computing metrics for 'val' dataset
[2021-10-27 06:42:46,661][core.metrics.meter][INFO] - Meter:
SequenceAccuracy:	0.952
TokenAccuracy:	0.997
LengthAccuracy:	0.981
1st Token Accuracy:	1.000
2nd Token Accuracy:	1.000
Average Loss:	0.039
[2021-10-27 06:42:46,719][core.early_stopping][INFO] - Early stopping counter: 2 / 5
[2021-10-27 06:42:46,744][core.early_stopping][INFO] - Pausing model saving until validation loss decreases by 0.0001
[2021-10-27 06:43:04,843][core.trainer][INFO] - Computing metrics for 'val' dataset
[2021-10-27 06:43:07,461][core.metrics.meter][INFO] - Meter:
SequenceAccuracy:	0.955
TokenAccuracy:	0.997
LengthAccuracy:	0.982
1st Token Accuracy:	1.000
2nd Token Accuracy:	1.000
Average Loss:	0.040
[2021-10-27 06:43:07,534][core.early_stopping][INFO] - Early stopping counter: 3 / 5
[2021-10-27 06:43:07,560][core.early_stopping][INFO] - Pausing model saving until validation loss decreases by 0.0001
[2021-10-27 06:43:25,606][core.trainer][INFO] - Computing metrics for 'val' dataset
[2021-10-27 06:43:28,213][core.metrics.meter][INFO] - Meter:
SequenceAccuracy:	0.956
TokenAccuracy:	0.997
LengthAccuracy:	0.984
1st Token Accuracy:	1.000
2nd Token Accuracy:	1.000
Average Loss:	0.035
[2021-10-27 06:43:28,271][core.early_stopping][INFO] - Early stopping counter: 4 / 5
[2021-10-27 06:43:28,298][core.early_stopping][INFO] - Pausing model saving until validation loss decreases by 0.0001
[2021-10-27 06:43:46,369][core.trainer][INFO] - Computing metrics for 'val' dataset
[2021-10-27 06:43:48,983][core.metrics.meter][INFO] - Meter:
SequenceAccuracy:	0.960
TokenAccuracy:	0.997
LengthAccuracy:	0.985
1st Token Accuracy:	1.000
2nd Token Accuracy:	1.000
Average Loss:	0.034
[2021-10-27 06:43:49,040][core.early_stopping][INFO] - Early stopping counter: 5 / 5
[2021-10-27 06:43:49,067][core.early_stopping][INFO] - Pausing model saving until validation loss decreases by 0.0001
[2021-10-27 06:43:49,067][core.trainer][INFO] - Computing metrics for 'test' dataset
[2021-10-27 06:44:14,143][core.metrics.meter][INFO] - Meter:
SequenceAccuracy:	0.961
TokenAccuracy:	0.998
LengthAccuracy:	0.985
1st Token Accuracy:	1.000
2nd Token Accuracy:	1.000
Average Loss:	0.033
[2021-10-27 06:44:14,143][core.trainer][INFO] - Computing metrics for 'gen' dataset
[2021-10-27 06:44:45,679][core.metrics.meter][INFO] - Meter:
SequenceAccuracy:	0.000
TokenAccuracy:	0.184
LengthAccuracy:	0.688
1st Token Accuracy:	0.164
2nd Token Accuracy:	0.038
Average Loss:	6.223
[2021-10-27 06:44:45,679][core.trainer][INFO] - EPOCH 10 / 50
[2021-10-27 06:44:45,679][core.trainer][INFO] - Computing metrics for 'train' dataset
[2021-10-27 06:45:03,946][core.trainer][INFO] - Computing metrics for 'val' dataset
[2021-10-27 06:45:06,565][core.metrics.meter][INFO] - Meter:
SequenceAccuracy:	0.967
TokenAccuracy:	0.998
LengthAccuracy:	0.983
1st Token Accuracy:	1.000
2nd Token Accuracy:	1.000
Average Loss:	0.034
[2021-10-27 06:45:24,836][core.trainer][INFO] - Computing metrics for 'val' dataset
[2021-10-27 06:45:27,455][core.metrics.meter][INFO] - Meter:
SequenceAccuracy:	0.970
TokenAccuracy:	0.999
LengthAccuracy:	0.984
1st Token Accuracy:	1.000
2nd Token Accuracy:	1.000
Average Loss:	0.032
[2021-10-27 06:45:27,513][core.early_stopping][INFO] - Early stopping counter: 1 / 5
[2021-10-27 06:45:27,538][core.early_stopping][INFO] - Pausing model saving until validation loss decreases by 0.0001
[2021-10-27 06:45:45,636][core.trainer][INFO] - Computing metrics for 'val' dataset
[2021-10-27 06:45:48,243][core.metrics.meter][INFO] - Meter:
SequenceAccuracy:	0.969
TokenAccuracy:	0.999
LengthAccuracy:	0.984
1st Token Accuracy:	1.000
2nd Token Accuracy:	1.000
Average Loss:	0.033
[2021-10-27 06:45:48,313][core.early_stopping][INFO] - Early stopping counter: 2 / 5
[2021-10-27 06:45:48,339][core.early_stopping][INFO] - Pausing model saving until validation loss decreases by 0.0001
[2021-10-27 06:46:06,439][core.trainer][INFO] - Computing metrics for 'val' dataset
[2021-10-27 06:46:09,028][core.metrics.meter][INFO] - Meter:
SequenceAccuracy:	0.974
TokenAccuracy:	0.999
LengthAccuracy:	0.984
1st Token Accuracy:	1.000
2nd Token Accuracy:	1.000
Average Loss:	0.035
[2021-10-27 06:46:09,085][core.early_stopping][INFO] - Early stopping counter: 3 / 5
[2021-10-27 06:46:09,111][core.early_stopping][INFO] - Pausing model saving until validation loss decreases by 0.0001
[2021-10-27 06:46:26,968][core.trainer][INFO] - Computing metrics for 'val' dataset
[2021-10-27 06:46:29,566][core.metrics.meter][INFO] - Meter:
SequenceAccuracy:	0.976
TokenAccuracy:	0.999
LengthAccuracy:	0.985
1st Token Accuracy:	1.000
2nd Token Accuracy:	1.000
Average Loss:	0.030
[2021-10-27 06:46:29,648][core.early_stopping][INFO] - Early stopping counter: 4 / 5
[2021-10-27 06:46:29,649][core.early_stopping][INFO] - Pausing model saving until validation loss decreases by 0.0001
[2021-10-27 06:46:47,563][core.trainer][INFO] - Computing metrics for 'val' dataset
[2021-10-27 06:46:50,155][core.metrics.meter][INFO] - Meter:
SequenceAccuracy:	0.976
TokenAccuracy:	0.999
LengthAccuracy:	0.984
1st Token Accuracy:	1.000
2nd Token Accuracy:	1.000
Average Loss:	0.030
[2021-10-27 06:46:50,239][core.early_stopping][INFO] - Early stopping counter: 5 / 5
[2021-10-27 06:46:50,239][core.early_stopping][INFO] - Pausing model saving until validation loss decreases by 0.0001
[2021-10-27 06:46:50,240][core.trainer][INFO] - Computing metrics for 'test' dataset
[2021-10-27 06:47:15,040][core.metrics.meter][INFO] - Meter:
SequenceAccuracy:	0.975
TokenAccuracy:	0.999
LengthAccuracy:	0.984
1st Token Accuracy:	1.000
2nd Token Accuracy:	1.000
Average Loss:	0.031
[2021-10-27 06:47:15,040][core.trainer][INFO] - Computing metrics for 'gen' dataset
[2021-10-27 06:47:46,287][core.metrics.meter][INFO] - Meter:
SequenceAccuracy:	0.000
TokenAccuracy:	0.179
LengthAccuracy:	0.711
1st Token Accuracy:	0.164
2nd Token Accuracy:	0.038
Average Loss:	6.348
[2021-10-27 06:47:46,304][core.trainer][INFO] - EPOCH 11 / 50
[2021-10-27 06:47:46,304][core.trainer][INFO] - Computing metrics for 'train' dataset
[2021-10-27 06:48:04,341][core.trainer][INFO] - Computing metrics for 'val' dataset
[2021-10-27 06:48:06,934][core.metrics.meter][INFO] - Meter:
SequenceAccuracy:	0.978
TokenAccuracy:	0.999
LengthAccuracy:	0.984
1st Token Accuracy:	1.000
2nd Token Accuracy:	1.000
Average Loss:	0.029
[2021-10-27 06:48:06,991][core.early_stopping][INFO] - Early stopping counter: 6 / 5
[2021-10-27 06:48:07,016][core.early_stopping][INFO] - Pausing model saving until validation loss decreases by 0.0001
[2021-10-27 06:48:07,016][core.trainer][INFO] - Computing metrics for 'test' dataset
[2021-10-27 06:48:31,799][core.metrics.meter][INFO] - Meter:
SequenceAccuracy:	0.978
TokenAccuracy:	0.999
LengthAccuracy:	0.985
1st Token Accuracy:	1.000
2nd Token Accuracy:	1.000
Average Loss:	0.028
[2021-10-27 06:48:31,799][core.trainer][INFO] - Computing metrics for 'gen' dataset
[2021-10-27 06:49:02,998][core.metrics.meter][INFO] - Meter:
SequenceAccuracy:	0.000
TokenAccuracy:	0.181
LengthAccuracy:	0.705
1st Token Accuracy:	0.164
2nd Token Accuracy:	0.038
Average Loss:	6.350
[2021-10-27 06:49:02,998][core.trainer][INFO] - EPOCH 12 / 50
[2021-10-27 06:49:02,998][core.trainer][INFO] - Computing metrics for 'train' dataset
[2021-10-27 06:49:21,086][core.trainer][INFO] - Computing metrics for 'val' dataset
[2021-10-27 06:49:23,681][core.metrics.meter][INFO] - Meter:
SequenceAccuracy:	0.978
TokenAccuracy:	1.000
LengthAccuracy:	0.983
1st Token Accuracy:	1.000
2nd Token Accuracy:	1.000
Average Loss:	0.035
[2021-10-27 06:49:23,745][core.early_stopping][INFO] - Early stopping counter: 7 / 5
[2021-10-27 06:49:23,771][core.early_stopping][INFO] - Pausing model saving until validation loss decreases by 0.0001
[2021-10-27 06:49:23,771][core.trainer][INFO] - Computing metrics for 'test' dataset
[2021-10-27 06:49:48,569][core.metrics.meter][INFO] - Meter:
SequenceAccuracy:	0.978
TokenAccuracy:	0.999
LengthAccuracy:	0.984
1st Token Accuracy:	1.000
2nd Token Accuracy:	1.000
Average Loss:	0.033
[2021-10-27 06:49:48,570][core.trainer][INFO] - Computing metrics for 'gen' dataset
[2021-10-27 06:50:19,787][core.metrics.meter][INFO] - Meter:
SequenceAccuracy:	0.000
TokenAccuracy:	0.180
LengthAccuracy:	0.701
1st Token Accuracy:	0.164
2nd Token Accuracy:	0.038
Average Loss:	6.380
[2021-10-27 06:50:19,787][core.trainer][INFO] - EPOCH 13 / 50
[2021-10-27 06:50:19,787][core.trainer][INFO] - Computing metrics for 'train' dataset
[2021-10-27 06:50:37,923][core.trainer][INFO] - Computing metrics for 'val' dataset
[2021-10-27 06:50:40,511][core.metrics.meter][INFO] - Meter:
SequenceAccuracy:	0.979
TokenAccuracy:	1.000
LengthAccuracy:	0.983
1st Token Accuracy:	1.000
2nd Token Accuracy:	1.000
Average Loss:	0.034
[2021-10-27 06:50:40,593][core.early_stopping][INFO] - Early stopping counter: 8 / 5
[2021-10-27 06:50:40,593][core.early_stopping][INFO] - Pausing model saving until validation loss decreases by 0.0001
[2021-10-27 06:50:40,593][core.trainer][INFO] - Computing metrics for 'test' dataset
[2021-10-27 06:51:05,455][core.metrics.meter][INFO] - Meter:
SequenceAccuracy:	0.980
TokenAccuracy:	1.000
LengthAccuracy:	0.985
1st Token Accuracy:	1.000
2nd Token Accuracy:	1.000
Average Loss:	0.030
[2021-10-27 06:51:05,455][core.trainer][INFO] - Computing metrics for 'gen' dataset
[2021-10-27 06:51:36,648][core.metrics.meter][INFO] - Meter:
SequenceAccuracy:	0.000
TokenAccuracy:	0.179
LengthAccuracy:	0.700
1st Token Accuracy:	0.164
2nd Token Accuracy:	0.038
Average Loss:	6.404
[2021-10-27 06:51:36,648][core.trainer][INFO] - EPOCH 14 / 50
[2021-10-27 06:51:36,648][core.trainer][INFO] - Computing metrics for 'train' dataset
[2021-10-27 06:51:54,711][core.trainer][INFO] - Computing metrics for 'val' dataset
[2021-10-27 06:51:57,309][core.metrics.meter][INFO] - Meter:
SequenceAccuracy:	0.981
TokenAccuracy:	1.000
LengthAccuracy:	0.984
1st Token Accuracy:	1.000
2nd Token Accuracy:	1.000
Average Loss:	0.031
[2021-10-27 06:51:57,392][core.early_stopping][INFO] - Early stopping counter: 9 / 5
[2021-10-27 06:51:57,392][core.early_stopping][INFO] - Pausing model saving until validation loss decreases by 0.0001
[2021-10-27 06:51:57,392][core.trainer][INFO] - Computing metrics for 'test' dataset
[2021-10-27 06:52:22,214][core.metrics.meter][INFO] - Meter:
SequenceAccuracy:	0.980
TokenAccuracy:	1.000
LengthAccuracy:	0.984
1st Token Accuracy:	1.000
2nd Token Accuracy:	1.000
Average Loss:	0.033
[2021-10-27 06:52:22,214][core.trainer][INFO] - Computing metrics for 'gen' dataset
[2021-10-27 06:52:53,483][core.metrics.meter][INFO] - Meter:
SequenceAccuracy:	0.000
TokenAccuracy:	0.181
LengthAccuracy:	0.729
1st Token Accuracy:	0.164
2nd Token Accuracy:	0.038
Average Loss:	6.396
[2021-10-27 06:52:53,483][core.trainer][INFO] - EPOCH 15 / 50
[2021-10-27 06:52:53,483][core.trainer][INFO] - Computing metrics for 'train' dataset
[2021-10-27 06:53:11,528][core.trainer][INFO] - Computing metrics for 'val' dataset
[2021-10-27 06:53:14,119][core.metrics.meter][INFO] - Meter:
SequenceAccuracy:	0.982
TokenAccuracy:	1.000
LengthAccuracy:	0.985
1st Token Accuracy:	1.000
2nd Token Accuracy:	1.000
Average Loss:	0.028
[2021-10-27 06:53:14,176][core.early_stopping][INFO] - Early stopping counter: 10 / 5
[2021-10-27 06:53:14,203][core.early_stopping][INFO] - Pausing model saving until validation loss decreases by 0.0001
[2021-10-27 06:53:14,203][core.trainer][INFO] - Computing metrics for 'test' dataset
[2021-10-27 06:53:39,048][core.metrics.meter][INFO] - Meter:
SequenceAccuracy:	0.979
TokenAccuracy:	1.000
LengthAccuracy:	0.983
1st Token Accuracy:	1.000
2nd Token Accuracy:	1.000
Average Loss:	0.032
[2021-10-27 06:53:39,048][core.trainer][INFO] - Computing metrics for 'gen' dataset
[2021-10-27 06:54:10,330][core.metrics.meter][INFO] - Meter:
SequenceAccuracy:	0.000
TokenAccuracy:	0.178
LengthAccuracy:	0.709
1st Token Accuracy:	0.164
2nd Token Accuracy:	0.038
Average Loss:	6.433
[2021-10-27 06:54:10,330][core.trainer][INFO] - EPOCH 16 / 50
[2021-10-27 06:54:10,330][core.trainer][INFO] - Computing metrics for 'train' dataset
[2021-10-27 06:54:28,414][core.trainer][INFO] - Computing metrics for 'val' dataset
[2021-10-27 06:54:31,011][core.metrics.meter][INFO] - Meter:
SequenceAccuracy:	0.983
TokenAccuracy:	1.000
LengthAccuracy:	0.985
1st Token Accuracy:	1.000
2nd Token Accuracy:	1.000
Average Loss:	0.032
[2021-10-27 06:54:31,076][core.early_stopping][INFO] - Early stopping counter: 11 / 5
[2021-10-27 06:54:31,103][core.early_stopping][INFO] - Pausing model saving until validation loss decreases by 0.0001
[2021-10-27 06:54:31,119][core.trainer][INFO] - Computing metrics for 'test' dataset
[2021-10-27 06:54:55,973][core.metrics.meter][INFO] - Meter:
SequenceAccuracy:	0.982
TokenAccuracy:	1.000
LengthAccuracy:	0.984
1st Token Accuracy:	1.000
2nd Token Accuracy:	1.000
Average Loss:	0.031
[2021-10-27 06:54:55,973][core.trainer][INFO] - Computing metrics for 'gen' dataset
[2021-10-27 06:55:27,331][core.metrics.meter][INFO] - Meter:
SequenceAccuracy:	0.000
TokenAccuracy:	0.181
LengthAccuracy:	0.730
1st Token Accuracy:	0.164
2nd Token Accuracy:	0.038
Average Loss:	6.420
[2021-10-27 06:55:27,331][core.trainer][INFO] - EPOCH 17 / 50
[2021-10-27 06:55:27,331][core.trainer][INFO] - Computing metrics for 'train' dataset
[2021-10-27 06:55:45,438][core.trainer][INFO] - Computing metrics for 'val' dataset
[2021-10-27 06:55:48,034][core.metrics.meter][INFO] - Meter:
SequenceAccuracy:	0.981
TokenAccuracy:	1.000
LengthAccuracy:	0.983
1st Token Accuracy:	1.000
2nd Token Accuracy:	1.000
Average Loss:	0.030
[2021-10-27 06:55:48,111][core.early_stopping][INFO] - Early stopping counter: 12 / 5
[2021-10-27 06:55:48,112][core.early_stopping][INFO] - Pausing model saving until validation loss decreases by 0.0001
[2021-10-27 06:55:48,112][core.trainer][INFO] - Computing metrics for 'test' dataset
[2021-10-27 06:56:12,947][core.metrics.meter][INFO] - Meter:
SequenceAccuracy:	0.984
TokenAccuracy:	1.000
LengthAccuracy:	0.986
1st Token Accuracy:	1.000
2nd Token Accuracy:	1.000
Average Loss:	0.027
[2021-10-27 06:56:12,947][core.trainer][INFO] - Computing metrics for 'gen' dataset
[2021-10-27 06:56:44,220][core.metrics.meter][INFO] - Meter:
SequenceAccuracy:	0.000
TokenAccuracy:	0.179
LengthAccuracy:	0.721
1st Token Accuracy:	0.164
2nd Token Accuracy:	0.038
Average Loss:	6.460
[2021-10-27 06:56:44,220][core.trainer][INFO] - EPOCH 18 / 50
[2021-10-27 06:56:44,220][core.trainer][INFO] - Computing metrics for 'train' dataset
[2021-10-27 06:57:02,295][core.trainer][INFO] - Computing metrics for 'val' dataset
[2021-10-27 06:57:04,905][core.metrics.meter][INFO] - Meter:
SequenceAccuracy:	0.986
TokenAccuracy:	1.000
LengthAccuracy:	0.988
1st Token Accuracy:	1.000
2nd Token Accuracy:	1.000
Average Loss:	0.023
[2021-10-27 06:57:23,141][core.trainer][INFO] - Computing metrics for 'val' dataset
[2021-10-27 06:57:25,757][core.metrics.meter][INFO] - Meter:
SequenceAccuracy:	0.983
TokenAccuracy:	1.000
LengthAccuracy:	0.984
1st Token Accuracy:	1.000
2nd Token Accuracy:	1.000
Average Loss:	0.030
[2021-10-27 06:57:25,841][core.early_stopping][INFO] - Early stopping counter: 1 / 5
[2021-10-27 06:57:25,841][core.early_stopping][INFO] - Pausing model saving until validation loss decreases by 0.0001
[2021-10-27 06:57:43,727][core.trainer][INFO] - Computing metrics for 'val' dataset
[2021-10-27 06:57:46,311][core.metrics.meter][INFO] - Meter:
SequenceAccuracy:	0.982
TokenAccuracy:	1.000
LengthAccuracy:	0.983
1st Token Accuracy:	1.000
2nd Token Accuracy:	1.000
Average Loss:	0.029
[2021-10-27 06:57:46,372][core.early_stopping][INFO] - Early stopping counter: 2 / 5
[2021-10-27 06:57:46,399][core.early_stopping][INFO] - Pausing model saving until validation loss decreases by 0.0001
[2021-10-27 06:58:04,376][core.trainer][INFO] - Computing metrics for 'val' dataset
[2021-10-27 06:58:06,978][core.metrics.meter][INFO] - Meter:
SequenceAccuracy:	0.982
TokenAccuracy:	1.000
LengthAccuracy:	0.983
1st Token Accuracy:	1.000
2nd Token Accuracy:	1.000
Average Loss:	0.030
[2021-10-27 06:58:07,038][core.early_stopping][INFO] - Early stopping counter: 3 / 5
[2021-10-27 06:58:07,065][core.early_stopping][INFO] - Pausing model saving until validation loss decreases by 0.0001
[2021-10-27 06:58:25,040][core.trainer][INFO] - Computing metrics for 'val' dataset
[2021-10-27 06:58:27,643][core.metrics.meter][INFO] - Meter:
SequenceAccuracy:	0.983
TokenAccuracy:	1.000
LengthAccuracy:	0.983
1st Token Accuracy:	1.000
2nd Token Accuracy:	1.000
Average Loss:	0.029
[2021-10-27 06:58:27,700][core.early_stopping][INFO] - Early stopping counter: 4 / 5
[2021-10-27 06:58:27,727][core.early_stopping][INFO] - Pausing model saving until validation loss decreases by 0.0001
[2021-10-27 06:58:45,687][core.trainer][INFO] - Computing metrics for 'val' dataset
[2021-10-27 06:58:48,286][core.metrics.meter][INFO] - Meter:
SequenceAccuracy:	0.983
TokenAccuracy:	1.000
LengthAccuracy:	0.983
1st Token Accuracy:	1.000
2nd Token Accuracy:	1.000
Average Loss:	0.033
[2021-10-27 06:58:48,358][core.early_stopping][INFO] - Early stopping counter: 5 / 5
[2021-10-27 06:58:48,384][core.early_stopping][INFO] - Pausing model saving until validation loss decreases by 0.0001
[2021-10-27 06:58:48,384][core.trainer][INFO] - Computing metrics for 'test' dataset
[2021-10-27 06:59:13,176][core.metrics.meter][INFO] - Meter:
SequenceAccuracy:	0.986
TokenAccuracy:	1.000
LengthAccuracy:	0.986
1st Token Accuracy:	1.000
2nd Token Accuracy:	1.000
Average Loss:	0.025
[2021-10-27 06:59:13,176][core.trainer][INFO] - Computing metrics for 'gen' dataset
[2021-10-27 06:59:44,453][core.metrics.meter][INFO] - Meter:
SequenceAccuracy:	0.000
TokenAccuracy:	0.181
LengthAccuracy:	0.721
1st Token Accuracy:	0.164
2nd Token Accuracy:	0.038
Average Loss:	6.524
[2021-10-27 06:59:44,453][core.trainer][INFO] - EPOCH 19 / 50
[2021-10-27 06:59:44,453][core.trainer][INFO] - Computing metrics for 'train' dataset
[2021-10-27 07:00:02,511][core.trainer][INFO] - Computing metrics for 'val' dataset
[2021-10-27 07:00:05,102][core.metrics.meter][INFO] - Meter:
SequenceAccuracy:	0.982
TokenAccuracy:	1.000
LengthAccuracy:	0.982
1st Token Accuracy:	1.000
2nd Token Accuracy:	1.000
Average Loss:	0.030
[2021-10-27 07:00:05,159][core.early_stopping][INFO] - Early stopping counter: 6 / 5
[2021-10-27 07:00:05,185][core.early_stopping][INFO] - Pausing model saving until validation loss decreases by 0.0001
[2021-10-27 07:00:05,185][core.trainer][INFO] - Computing metrics for 'test' dataset
[2021-10-27 07:00:29,965][core.metrics.meter][INFO] - Meter:
SequenceAccuracy:	0.982
TokenAccuracy:	1.000
LengthAccuracy:	0.983
1st Token Accuracy:	1.000
2nd Token Accuracy:	1.000
Average Loss:	0.031
[2021-10-27 07:00:29,968][core.trainer][INFO] - Computing metrics for 'gen' dataset
[2021-10-27 07:01:01,253][core.metrics.meter][INFO] - Meter:
SequenceAccuracy:	0.000
TokenAccuracy:	0.181
LengthAccuracy:	0.742
1st Token Accuracy:	0.164
2nd Token Accuracy:	0.038
Average Loss:	6.546
[2021-10-27 07:01:01,271][core.trainer][INFO] - EPOCH 20 / 50
[2021-10-27 07:01:01,271][core.trainer][INFO] - Computing metrics for 'train' dataset
[2021-10-27 07:01:19,320][core.trainer][INFO] - Computing metrics for 'val' dataset
[2021-10-27 07:01:21,905][core.metrics.meter][INFO] - Meter:
SequenceAccuracy:	0.983
TokenAccuracy:	1.000
LengthAccuracy:	0.983
1st Token Accuracy:	1.000
2nd Token Accuracy:	1.000
Average Loss:	0.030
[2021-10-27 07:01:22,001][core.early_stopping][INFO] - Early stopping counter: 7 / 5
[2021-10-27 07:01:22,001][core.early_stopping][INFO] - Pausing model saving until validation loss decreases by 0.0001
[2021-10-27 07:01:22,001][core.trainer][INFO] - Computing metrics for 'test' dataset
[2021-10-27 07:01:46,784][core.metrics.meter][INFO] - Meter:
SequenceAccuracy:	0.985
TokenAccuracy:	1.000
LengthAccuracy:	0.985
1st Token Accuracy:	1.000
2nd Token Accuracy:	1.000
Average Loss:	0.029
[2021-10-27 07:01:46,816][core.trainer][INFO] - Computing metrics for 'gen' dataset
[2021-10-27 07:02:18,104][core.metrics.meter][INFO] - Meter:
SequenceAccuracy:	0.000
TokenAccuracy:	0.179
LengthAccuracy:	0.732
1st Token Accuracy:	0.164
2nd Token Accuracy:	0.038
Average Loss:	6.560
[2021-10-27 07:02:18,115][core.trainer][INFO] - EPOCH 21 / 50
[2021-10-27 07:02:18,115][core.trainer][INFO] - Computing metrics for 'train' dataset
[2021-10-27 07:02:36,286][core.trainer][INFO] - Computing metrics for 'val' dataset
[2021-10-27 07:02:38,883][core.metrics.meter][INFO] - Meter:
SequenceAccuracy:	0.986
TokenAccuracy:	1.000
LengthAccuracy:	0.986
1st Token Accuracy:	1.000
2nd Token Accuracy:	1.000
Average Loss:	0.028
[2021-10-27 07:02:38,940][core.early_stopping][INFO] - Early stopping counter: 8 / 5
[2021-10-27 07:02:38,969][core.early_stopping][INFO] - Pausing model saving until validation loss decreases by 0.0001
[2021-10-27 07:02:38,984][core.trainer][INFO] - Computing metrics for 'test' dataset
[2021-10-27 07:03:03,809][core.metrics.meter][INFO] - Meter:
SequenceAccuracy:	0.983
TokenAccuracy:	1.000
LengthAccuracy:	0.984
1st Token Accuracy:	1.000
2nd Token Accuracy:	1.000
Average Loss:	0.031
[2021-10-27 07:03:03,809][core.trainer][INFO] - Computing metrics for 'gen' dataset
[2021-10-27 07:03:35,129][core.metrics.meter][INFO] - Meter:
SequenceAccuracy:	0.000
TokenAccuracy:	0.181
LengthAccuracy:	0.728
1st Token Accuracy:	0.164
2nd Token Accuracy:	0.038
Average Loss:	6.566
[2021-10-27 07:03:35,129][core.trainer][INFO] - EPOCH 22 / 50
[2021-10-27 07:03:35,129][core.trainer][INFO] - Computing metrics for 'train' dataset
[2021-10-27 07:03:53,273][core.trainer][INFO] - Computing metrics for 'val' dataset
[2021-10-27 07:03:55,871][core.metrics.meter][INFO] - Meter:
SequenceAccuracy:	0.982
TokenAccuracy:	1.000
LengthAccuracy:	0.983
1st Token Accuracy:	1.000
2nd Token Accuracy:	1.000
Average Loss:	0.029
[2021-10-27 07:04:14,130][core.trainer][INFO] - Computing metrics for 'val' dataset
[2021-10-27 07:04:16,720][core.metrics.meter][INFO] - Meter:
SequenceAccuracy:	0.983
TokenAccuracy:	1.000
LengthAccuracy:	0.984
1st Token Accuracy:	1.000
2nd Token Accuracy:	1.000
Average Loss:	0.029
[2021-10-27 07:04:16,778][core.early_stopping][INFO] - Early stopping counter: 1 / 5
[2021-10-27 07:04:16,806][core.early_stopping][INFO] - Pausing model saving until validation loss decreases by 0.0001
[2021-10-27 07:04:34,791][core.trainer][INFO] - Computing metrics for 'val' dataset
[2021-10-27 07:04:37,378][core.metrics.meter][INFO] - Meter:
SequenceAccuracy:	0.984
TokenAccuracy:	1.000
LengthAccuracy:	0.985
1st Token Accuracy:	1.000
2nd Token Accuracy:	1.000
Average Loss:	0.027
[2021-10-27 07:04:37,435][core.early_stopping][INFO] - Early stopping counter: 2 / 5
[2021-10-27 07:04:37,463][core.early_stopping][INFO] - Pausing model saving until validation loss decreases by 0.0001
[2021-10-27 07:04:55,437][core.trainer][INFO] - Computing metrics for 'val' dataset
[2021-10-27 07:04:58,032][core.metrics.meter][INFO] - Meter:
SequenceAccuracy:	0.981
TokenAccuracy:	1.000
LengthAccuracy:	0.982
1st Token Accuracy:	1.000
2nd Token Accuracy:	1.000
Average Loss:	0.032
[2021-10-27 07:04:58,121][core.early_stopping][INFO] - Early stopping counter: 3 / 5
[2021-10-27 07:04:58,121][core.early_stopping][INFO] - Pausing model saving until validation loss decreases by 0.0001
[2021-10-27 07:05:16,115][core.trainer][INFO] - Computing metrics for 'val' dataset
[2021-10-27 07:05:18,706][core.metrics.meter][INFO] - Meter:
SequenceAccuracy:	0.982
TokenAccuracy:	1.000
LengthAccuracy:	0.982
1st Token Accuracy:	1.000
2nd Token Accuracy:	1.000
Average Loss:	0.030
[2021-10-27 07:05:18,764][core.early_stopping][INFO] - Early stopping counter: 4 / 5
[2021-10-27 07:05:18,788][core.early_stopping][INFO] - Pausing model saving until validation loss decreases by 0.0001
[2021-10-27 07:05:36,710][core.trainer][INFO] - Computing metrics for 'val' dataset
[2021-10-27 07:05:39,307][core.metrics.meter][INFO] - Meter:
SequenceAccuracy:	0.985
TokenAccuracy:	1.000
LengthAccuracy:	0.985
1st Token Accuracy:	1.000
2nd Token Accuracy:	1.000
Average Loss:	0.027
[2021-10-27 07:05:39,369][core.early_stopping][INFO] - Early stopping counter: 5 / 5
[2021-10-27 07:05:39,394][core.early_stopping][INFO] - Pausing model saving until validation loss decreases by 0.0001
[2021-10-27 07:05:39,395][core.trainer][INFO] - Computing metrics for 'test' dataset
[2021-10-27 07:06:04,232][core.metrics.meter][INFO] - Meter:
SequenceAccuracy:	0.982
TokenAccuracy:	1.000
LengthAccuracy:	0.982
1st Token Accuracy:	1.000
2nd Token Accuracy:	1.000
Average Loss:	0.033
[2021-10-27 07:06:04,232][core.trainer][INFO] - Computing metrics for 'gen' dataset
[2021-10-27 07:06:35,552][core.metrics.meter][INFO] - Meter:
SequenceAccuracy:	0.000
TokenAccuracy:	0.181
LengthAccuracy:	0.739
1st Token Accuracy:	0.164
2nd Token Accuracy:	0.038
Average Loss:	6.653
[2021-10-27 07:06:35,562][core.trainer][INFO] - EPOCH 23 / 50
[2021-10-27 07:06:35,563][core.trainer][INFO] - Computing metrics for 'train' dataset
[2021-10-27 07:06:53,650][core.trainer][INFO] - Computing metrics for 'val' dataset
[2021-10-27 07:06:56,245][core.metrics.meter][INFO] - Meter:
SequenceAccuracy:	0.985
TokenAccuracy:	1.000
LengthAccuracy:	0.985
1st Token Accuracy:	1.000
2nd Token Accuracy:	1.000
Average Loss:	0.028
[2021-10-27 07:07:14,508][core.trainer][INFO] - Computing metrics for 'val' dataset
[2021-10-27 07:07:17,095][core.metrics.meter][INFO] - Meter:
SequenceAccuracy:	0.988
TokenAccuracy:	1.000
LengthAccuracy:	0.988
1st Token Accuracy:	1.000
2nd Token Accuracy:	1.000
Average Loss:	0.022
[2021-10-27 07:07:17,152][core.early_stopping][INFO] - Early stopping counter: 1 / 5
[2021-10-27 07:07:17,177][core.early_stopping][INFO] - Pausing model saving until validation loss decreases by 0.0001
[2021-10-27 07:07:35,100][core.trainer][INFO] - Computing metrics for 'val' dataset
[2021-10-27 07:07:37,688][core.metrics.meter][INFO] - Meter:
SequenceAccuracy:	0.984
TokenAccuracy:	1.000
LengthAccuracy:	0.984
1st Token Accuracy:	1.000
2nd Token Accuracy:	1.000
Average Loss:	0.028
[2021-10-27 07:07:37,754][core.early_stopping][INFO] - Early stopping counter: 2 / 5
[2021-10-27 07:07:37,779][core.early_stopping][INFO] - Pausing model saving until validation loss decreases by 0.0001
[2021-10-27 07:07:55,782][core.trainer][INFO] - Computing metrics for 'val' dataset
[2021-10-27 07:07:58,381][core.metrics.meter][INFO] - Meter:
SequenceAccuracy:	0.985
TokenAccuracy:	1.000
LengthAccuracy:	0.985
1st Token Accuracy:	1.000
2nd Token Accuracy:	1.000
Average Loss:	0.027
[2021-10-27 07:08:16,885][core.trainer][INFO] - Computing metrics for 'val' dataset
[2021-10-27 07:08:19,502][core.metrics.meter][INFO] - Meter:
SequenceAccuracy:	0.985
TokenAccuracy:	1.000
LengthAccuracy:	0.985
1st Token Accuracy:	1.000
2nd Token Accuracy:	1.000
Average Loss:	0.027
[2021-10-27 07:08:19,563][core.early_stopping][INFO] - Early stopping counter: 1 / 5
[2021-10-27 07:08:19,591][core.early_stopping][INFO] - Pausing model saving until validation loss decreases by 0.0001
[2021-10-27 07:08:37,713][core.trainer][INFO] - Computing metrics for 'val' dataset
[2021-10-27 07:08:40,313][core.metrics.meter][INFO] - Meter:
SequenceAccuracy:	0.983
TokenAccuracy:	1.000
LengthAccuracy:	0.983
1st Token Accuracy:	1.000
2nd Token Accuracy:	1.000
Average Loss:	0.029
[2021-10-27 07:08:40,372][core.early_stopping][INFO] - Early stopping counter: 2 / 5
[2021-10-27 07:08:40,397][core.early_stopping][INFO] - Pausing model saving until validation loss decreases by 0.0001
[2021-10-27 07:08:58,352][core.trainer][INFO] - Computing metrics for 'val' dataset
[2021-10-27 07:09:00,943][core.metrics.meter][INFO] - Meter:
SequenceAccuracy:	0.983
TokenAccuracy:	1.000
LengthAccuracy:	0.984
1st Token Accuracy:	1.000
2nd Token Accuracy:	1.000
Average Loss:	0.031
[2021-10-27 07:09:01,025][core.early_stopping][INFO] - Early stopping counter: 3 / 5
[2021-10-27 07:09:01,025][core.early_stopping][INFO] - Pausing model saving until validation loss decreases by 0.0001
[2021-10-27 07:09:19,004][core.trainer][INFO] - Computing metrics for 'val' dataset
[2021-10-27 07:09:21,611][core.metrics.meter][INFO] - Meter:
SequenceAccuracy:	0.986
TokenAccuracy:	1.000
LengthAccuracy:	0.986
1st Token Accuracy:	1.000
2nd Token Accuracy:	1.000
Average Loss:	0.025
[2021-10-27 07:09:21,681][core.early_stopping][INFO] - Early stopping counter: 4 / 5
[2021-10-27 07:09:21,707][core.early_stopping][INFO] - Pausing model saving until validation loss decreases by 0.0001
[2021-10-27 07:09:39,641][core.trainer][INFO] - Computing metrics for 'val' dataset
[2021-10-27 07:09:42,236][core.metrics.meter][INFO] - Meter:
SequenceAccuracy:	0.983
TokenAccuracy:	1.000
LengthAccuracy:	0.983
1st Token Accuracy:	1.000
2nd Token Accuracy:	1.000
Average Loss:	0.030
[2021-10-27 07:09:42,319][core.early_stopping][INFO] - Early stopping counter: 5 / 5
[2021-10-27 07:09:42,319][core.early_stopping][INFO] - Pausing model saving until validation loss decreases by 0.0001
[2021-10-27 07:09:42,343][core.trainer][INFO] - Computing metrics for 'test' dataset
[2021-10-27 07:10:07,138][core.metrics.meter][INFO] - Meter:
SequenceAccuracy:	0.985
TokenAccuracy:	1.000
LengthAccuracy:	0.985
1st Token Accuracy:	1.000
2nd Token Accuracy:	1.000
Average Loss:	0.027
[2021-10-27 07:10:07,138][core.trainer][INFO] - Computing metrics for 'gen' dataset
[2021-10-27 07:10:38,494][core.metrics.meter][INFO] - Meter:
SequenceAccuracy:	0.000
TokenAccuracy:	0.181
LengthAccuracy:	0.747
1st Token Accuracy:	0.164
2nd Token Accuracy:	0.038
Average Loss:	6.760
[2021-10-27 07:10:38,494][core.trainer][INFO] - EPOCH 24 / 50
[2021-10-27 07:10:38,494][core.trainer][INFO] - Computing metrics for 'train' dataset
[2021-10-27 07:10:56,568][core.trainer][INFO] - Computing metrics for 'val' dataset
[2021-10-27 07:10:59,168][core.metrics.meter][INFO] - Meter:
SequenceAccuracy:	0.984
TokenAccuracy:	1.000
LengthAccuracy:	0.984
1st Token Accuracy:	1.000
2nd Token Accuracy:	1.000
Average Loss:	0.027
[2021-10-27 07:10:59,229][core.early_stopping][INFO] - Early stopping counter: 6 / 5
[2021-10-27 07:10:59,255][core.early_stopping][INFO] - Pausing model saving until validation loss decreases by 0.0001
[2021-10-27 07:10:59,256][core.trainer][INFO] - Computing metrics for 'test' dataset
[2021-10-27 07:11:24,047][core.metrics.meter][INFO] - Meter:
SequenceAccuracy:	0.985
TokenAccuracy:	1.000
LengthAccuracy:	0.985
1st Token Accuracy:	1.000
2nd Token Accuracy:	1.000
Average Loss:	0.028
[2021-10-27 07:11:24,047][core.trainer][INFO] - Computing metrics for 'gen' dataset
[2021-10-27 07:11:55,358][core.metrics.meter][INFO] - Meter:
SequenceAccuracy:	0.000
TokenAccuracy:	0.181
LengthAccuracy:	0.743
1st Token Accuracy:	0.164
2nd Token Accuracy:	0.038
Average Loss:	6.768
[2021-10-27 07:11:55,358][core.trainer][INFO] - EPOCH 25 / 50
[2021-10-27 07:11:55,358][core.trainer][INFO] - Computing metrics for 'train' dataset
[2021-10-27 07:12:13,402][core.trainer][INFO] - Computing metrics for 'val' dataset
[2021-10-27 07:12:15,995][core.metrics.meter][INFO] - Meter:
SequenceAccuracy:	0.984
TokenAccuracy:	1.000
LengthAccuracy:	0.984
1st Token Accuracy:	1.000
2nd Token Accuracy:	1.000
Average Loss:	0.027
[2021-10-27 07:12:16,052][core.early_stopping][INFO] - Early stopping counter: 7 / 5
[2021-10-27 07:12:16,078][core.early_stopping][INFO] - Pausing model saving until validation loss decreases by 0.0001
[2021-10-27 07:12:16,078][core.trainer][INFO] - Computing metrics for 'test' dataset
[2021-10-27 07:12:40,904][core.metrics.meter][INFO] - Meter:
SequenceAccuracy:	0.985
TokenAccuracy:	1.000
LengthAccuracy:	0.985
1st Token Accuracy:	1.000
2nd Token Accuracy:	1.000
Average Loss:	0.028
[2021-10-27 07:12:40,904][core.trainer][INFO] - Computing metrics for 'gen' dataset
[2021-10-27 07:13:12,253][core.metrics.meter][INFO] - Meter:
SequenceAccuracy:	0.000
TokenAccuracy:	0.181
LengthAccuracy:	0.742
1st Token Accuracy:	0.164
2nd Token Accuracy:	0.038
Average Loss:	6.767
[2021-10-27 07:13:12,254][core.trainer][INFO] - EPOCH 26 / 50
[2021-10-27 07:13:12,254][core.trainer][INFO] - Computing metrics for 'train' dataset
[2021-10-27 07:13:30,358][core.trainer][INFO] - Computing metrics for 'val' dataset
[2021-10-27 07:13:32,973][core.metrics.meter][INFO] - Meter:
SequenceAccuracy:	0.985
TokenAccuracy:	1.000
LengthAccuracy:	0.985
1st Token Accuracy:	1.000
2nd Token Accuracy:	1.000
Average Loss:	0.026
[2021-10-27 07:13:51,165][core.trainer][INFO] - Computing metrics for 'val' dataset
[2021-10-27 07:13:53,764][core.metrics.meter][INFO] - Meter:
SequenceAccuracy:	0.984
TokenAccuracy:	1.000
LengthAccuracy:	0.984
1st Token Accuracy:	1.000
2nd Token Accuracy:	1.000
Average Loss:	0.027
[2021-10-27 07:13:53,823][core.early_stopping][INFO] - Early stopping counter: 1 / 5
[2021-10-27 07:13:53,850][core.early_stopping][INFO] - Pausing model saving until validation loss decreases by 0.0001
[2021-10-27 07:14:11,801][core.trainer][INFO] - Computing metrics for 'val' dataset
[2021-10-27 07:14:14,391][core.metrics.meter][INFO] - Meter:
SequenceAccuracy:	0.983
TokenAccuracy:	1.000
LengthAccuracy:	0.983
1st Token Accuracy:	1.000
2nd Token Accuracy:	1.000
Average Loss:	0.029
[2021-10-27 07:14:14,449][core.early_stopping][INFO] - Early stopping counter: 2 / 5
[2021-10-27 07:14:14,475][core.early_stopping][INFO] - Pausing model saving until validation loss decreases by 0.0001
[2021-10-27 07:14:32,470][core.trainer][INFO] - Computing metrics for 'val' dataset
[2021-10-27 07:14:35,065][core.metrics.meter][INFO] - Meter:
SequenceAccuracy:	0.985
TokenAccuracy:	1.000
LengthAccuracy:	0.985
1st Token Accuracy:	1.000
2nd Token Accuracy:	1.000
Average Loss:	0.025
[2021-10-27 07:14:35,135][core.early_stopping][INFO] - Early stopping counter: 3 / 5
[2021-10-27 07:14:35,160][core.early_stopping][INFO] - Pausing model saving until validation loss decreases by 0.0001
[2021-10-27 07:14:53,073][core.trainer][INFO] - Computing metrics for 'val' dataset
[2021-10-27 07:14:55,664][core.metrics.meter][INFO] - Meter:
SequenceAccuracy:	0.984
TokenAccuracy:	1.000
LengthAccuracy:	0.984
1st Token Accuracy:	1.000
2nd Token Accuracy:	1.000
Average Loss:	0.026
[2021-10-27 07:14:55,722][core.early_stopping][INFO] - Early stopping counter: 4 / 5
[2021-10-27 07:14:55,747][core.early_stopping][INFO] - Pausing model saving until validation loss decreases by 0.0001
[2021-10-27 07:15:13,686][core.trainer][INFO] - Computing metrics for 'val' dataset
[2021-10-27 07:15:16,279][core.metrics.meter][INFO] - Meter:
SequenceAccuracy:	0.983
TokenAccuracy:	1.000
LengthAccuracy:	0.983
1st Token Accuracy:	1.000
2nd Token Accuracy:	1.000
Average Loss:	0.026
[2021-10-27 07:15:16,336][core.early_stopping][INFO] - Early stopping counter: 5 / 5
[2021-10-27 07:15:16,363][core.early_stopping][INFO] - Pausing model saving until validation loss decreases by 0.0001
[2021-10-27 07:15:16,363][core.trainer][INFO] - Computing metrics for 'test' dataset
[2021-10-27 07:15:41,189][core.metrics.meter][INFO] - Meter:
SequenceAccuracy:	0.985
TokenAccuracy:	1.000
LengthAccuracy:	0.985
1st Token Accuracy:	1.000
2nd Token Accuracy:	1.000
Average Loss:	0.025
[2021-10-27 07:15:41,189][core.trainer][INFO] - Computing metrics for 'gen' dataset
[2021-10-27 07:16:12,531][core.metrics.meter][INFO] - Meter:
SequenceAccuracy:	0.000
TokenAccuracy:	0.181
LengthAccuracy:	0.746
1st Token Accuracy:	0.164
2nd Token Accuracy:	0.038
Average Loss:	6.845
[2021-10-27 07:16:12,554][core.trainer][INFO] - EPOCH 27 / 50
[2021-10-27 07:16:12,554][core.trainer][INFO] - Computing metrics for 'train' dataset
[2021-10-27 07:16:30,693][core.trainer][INFO] - Computing metrics for 'val' dataset
[2021-10-27 07:16:33,282][core.metrics.meter][INFO] - Meter:
SequenceAccuracy:	0.987
TokenAccuracy:	1.000
LengthAccuracy:	0.987
1st Token Accuracy:	1.000
2nd Token Accuracy:	1.000
Average Loss:	0.022
[2021-10-27 07:16:33,342][core.early_stopping][INFO] - Early stopping counter: 6 / 5
[2021-10-27 07:16:33,368][core.early_stopping][INFO] - Pausing model saving until validation loss decreases by 0.0001
[2021-10-27 07:16:33,368][core.trainer][INFO] - Computing metrics for 'test' dataset
[2021-10-27 07:16:58,154][core.metrics.meter][INFO] - Meter:
SequenceAccuracy:	0.983
TokenAccuracy:	1.000
LengthAccuracy:	0.984
1st Token Accuracy:	1.000
2nd Token Accuracy:	1.000
Average Loss:	0.028
[2021-10-27 07:16:58,154][core.trainer][INFO] - Computing metrics for 'gen' dataset
[2021-10-27 07:17:29,537][core.metrics.meter][INFO] - Meter:
SequenceAccuracy:	0.000
TokenAccuracy:	0.183
LengthAccuracy:	0.752
1st Token Accuracy:	0.164
2nd Token Accuracy:	0.038
Average Loss:	6.835
[2021-10-27 07:17:29,559][core.trainer][INFO] - EPOCH 28 / 50
[2021-10-27 07:17:29,559][core.trainer][INFO] - Computing metrics for 'train' dataset
[2021-10-27 07:17:47,586][core.trainer][INFO] - Computing metrics for 'val' dataset
[2021-10-27 07:17:50,172][core.metrics.meter][INFO] - Meter:
SequenceAccuracy:	0.985
TokenAccuracy:	1.000
LengthAccuracy:	0.985
1st Token Accuracy:	1.000
2nd Token Accuracy:	1.000
Average Loss:	0.026
[2021-10-27 07:17:50,229][core.early_stopping][INFO] - Early stopping counter: 7 / 5
[2021-10-27 07:17:50,255][core.early_stopping][INFO] - Pausing model saving until validation loss decreases by 0.0001
[2021-10-27 07:17:50,255][core.trainer][INFO] - Computing metrics for 'test' dataset
[2021-10-27 07:18:15,034][core.metrics.meter][INFO] - Meter:
SequenceAccuracy:	0.982
TokenAccuracy:	1.000
LengthAccuracy:	0.982
1st Token Accuracy:	1.000
2nd Token Accuracy:	1.000
Average Loss:	0.031
[2021-10-27 07:18:15,035][core.trainer][INFO] - Computing metrics for 'gen' dataset
[2021-10-27 07:18:46,336][core.metrics.meter][INFO] - Meter:
SequenceAccuracy:	0.000
TokenAccuracy:	0.183
LengthAccuracy:	0.742
1st Token Accuracy:	0.164
2nd Token Accuracy:	0.038
Average Loss:	6.836
[2021-10-27 07:18:46,336][core.trainer][INFO] - EPOCH 29 / 50
[2021-10-27 07:18:46,336][core.trainer][INFO] - Computing metrics for 'train' dataset
[2021-10-27 07:19:04,455][core.trainer][INFO] - Computing metrics for 'val' dataset
[2021-10-27 07:19:07,055][core.metrics.meter][INFO] - Meter:
SequenceAccuracy:	0.986
TokenAccuracy:	1.000
LengthAccuracy:	0.986
1st Token Accuracy:	1.000
2nd Token Accuracy:	1.000
Average Loss:	0.023
[2021-10-27 07:19:07,114][core.early_stopping][INFO] - Early stopping counter: 8 / 5
[2021-10-27 07:19:07,139][core.early_stopping][INFO] - Pausing model saving until validation loss decreases by 0.0001
[2021-10-27 07:19:07,139][core.trainer][INFO] - Computing metrics for 'test' dataset
[2021-10-27 07:19:31,998][core.metrics.meter][INFO] - Meter:
SequenceAccuracy:	0.982
TokenAccuracy:	1.000
LengthAccuracy:	0.982
1st Token Accuracy:	1.000
2nd Token Accuracy:	1.000
Average Loss:	0.032
[2021-10-27 07:19:31,998][core.trainer][INFO] - Computing metrics for 'gen' dataset
[2021-10-27 07:20:03,455][core.metrics.meter][INFO] - Meter:
SequenceAccuracy:	0.000
TokenAccuracy:	0.181
LengthAccuracy:	0.741
1st Token Accuracy:	0.164
2nd Token Accuracy:	0.038
Average Loss:	6.872
[2021-10-27 07:20:03,460][core.trainer][INFO] - EPOCH 30 / 50
[2021-10-27 07:20:03,461][core.trainer][INFO] - Computing metrics for 'train' dataset
[2021-10-27 07:20:21,637][core.trainer][INFO] - Computing metrics for 'val' dataset
[2021-10-27 07:20:24,241][core.metrics.meter][INFO] - Meter:
SequenceAccuracy:	0.985
TokenAccuracy:	1.000
LengthAccuracy:	0.985
1st Token Accuracy:	1.000
2nd Token Accuracy:	1.000
Average Loss:	0.024
[2021-10-27 07:20:24,298][core.early_stopping][INFO] - Early stopping counter: 9 / 5
[2021-10-27 07:20:24,323][core.early_stopping][INFO] - Pausing model saving until validation loss decreases by 0.0001
[2021-10-27 07:20:24,324][core.trainer][INFO] - Computing metrics for 'test' dataset
[2021-10-27 07:20:49,212][core.metrics.meter][INFO] - Meter:
SequenceAccuracy:	0.983
TokenAccuracy:	1.000
LengthAccuracy:	0.983
1st Token Accuracy:	1.000
2nd Token Accuracy:	1.000
Average Loss:	0.028
[2021-10-27 07:20:49,213][core.trainer][INFO] - Computing metrics for 'gen' dataset
[2021-10-27 07:21:20,744][core.metrics.meter][INFO] - Meter:
SequenceAccuracy:	0.000
TokenAccuracy:	0.182
LengthAccuracy:	0.747
1st Token Accuracy:	0.164
2nd Token Accuracy:	0.038
Average Loss:	6.866
[2021-10-27 07:21:20,797][core.trainer][INFO] - EPOCH 31 / 50
[2021-10-27 07:21:20,797][core.trainer][INFO] - Computing metrics for 'train' dataset
[2021-10-27 07:21:38,943][core.trainer][INFO] - Computing metrics for 'val' dataset
[2021-10-27 07:21:41,545][core.metrics.meter][INFO] - Meter:
SequenceAccuracy:	0.987
TokenAccuracy:	1.000
LengthAccuracy:	0.987
1st Token Accuracy:	1.000
2nd Token Accuracy:	1.000
Average Loss:	0.024
[2021-10-27 07:21:41,604][core.early_stopping][INFO] - Early stopping counter: 10 / 5
[2021-10-27 07:21:41,629][core.early_stopping][INFO] - Pausing model saving until validation loss decreases by 0.0001
[2021-10-27 07:21:41,630][core.trainer][INFO] - Computing metrics for 'test' dataset
[2021-10-27 07:22:06,445][core.metrics.meter][INFO] - Meter:
SequenceAccuracy:	0.984
TokenAccuracy:	1.000
LengthAccuracy:	0.984
1st Token Accuracy:	1.000
2nd Token Accuracy:	1.000
Average Loss:	0.026
[2021-10-27 07:22:06,445][core.trainer][INFO] - Computing metrics for 'gen' dataset
[2021-10-27 07:22:37,745][core.metrics.meter][INFO] - Meter:
SequenceAccuracy:	0.000
TokenAccuracy:	0.181
LengthAccuracy:	0.727
1st Token Accuracy:	0.164
2nd Token Accuracy:	0.038
Average Loss:	6.880
[2021-10-27 07:22:37,746][core.trainer][INFO] - EPOCH 32 / 50
[2021-10-27 07:22:37,746][core.trainer][INFO] - Computing metrics for 'train' dataset
[2021-10-27 07:22:55,796][core.trainer][INFO] - Computing metrics for 'val' dataset
[2021-10-27 07:22:58,389][core.metrics.meter][INFO] - Meter:
SequenceAccuracy:	0.985
TokenAccuracy:	1.000
LengthAccuracy:	0.985
1st Token Accuracy:	1.000
2nd Token Accuracy:	1.000
Average Loss:	0.025
[2021-10-27 07:22:58,447][core.early_stopping][INFO] - Early stopping counter: 11 / 5
[2021-10-27 07:22:58,473][core.early_stopping][INFO] - Pausing model saving until validation loss decreases by 0.0001
[2021-10-27 07:22:58,474][core.trainer][INFO] - Computing metrics for 'test' dataset
[2021-10-27 07:23:23,309][core.metrics.meter][INFO] - Meter:
SequenceAccuracy:	0.986
TokenAccuracy:	1.000
LengthAccuracy:	0.986
1st Token Accuracy:	1.000
2nd Token Accuracy:	1.000
Average Loss:	0.025
[2021-10-27 07:23:23,309][core.trainer][INFO] - Computing metrics for 'gen' dataset
[2021-10-27 07:23:54,738][core.metrics.meter][INFO] - Meter:
SequenceAccuracy:	0.000
TokenAccuracy:	0.182
LengthAccuracy:	0.750
1st Token Accuracy:	0.164
2nd Token Accuracy:	0.038
Average Loss:	6.874
[2021-10-27 07:23:54,754][core.trainer][INFO] - EPOCH 33 / 50
[2021-10-27 07:23:54,754][core.trainer][INFO] - Computing metrics for 'train' dataset
[2021-10-27 07:24:13,002][core.trainer][INFO] - Computing metrics for 'val' dataset
[2021-10-27 07:24:15,598][core.metrics.meter][INFO] - Meter:
SequenceAccuracy:	0.985
TokenAccuracy:	1.000
LengthAccuracy:	0.985
1st Token Accuracy:	1.000
2nd Token Accuracy:	1.000
Average Loss:	0.029
[2021-10-27 07:24:15,657][core.early_stopping][INFO] - Early stopping counter: 12 / 5
[2021-10-27 07:24:15,682][core.early_stopping][INFO] - Pausing model saving until validation loss decreases by 0.0001
[2021-10-27 07:24:15,683][core.trainer][INFO] - Computing metrics for 'test' dataset
[2021-10-27 07:24:40,528][core.metrics.meter][INFO] - Meter:
SequenceAccuracy:	0.984
TokenAccuracy:	1.000
LengthAccuracy:	0.984
1st Token Accuracy:	1.000
2nd Token Accuracy:	1.000
Average Loss:	0.028
[2021-10-27 07:24:40,528][core.trainer][INFO] - Computing metrics for 'gen' dataset
[2021-10-27 07:25:11,887][core.metrics.meter][INFO] - Meter:
SequenceAccuracy:	0.000
TokenAccuracy:	0.182
LengthAccuracy:	0.736
1st Token Accuracy:	0.164
2nd Token Accuracy:	0.038
Average Loss:	6.898
[2021-10-27 07:25:11,888][core.trainer][INFO] - EPOCH 34 / 50
[2021-10-27 07:25:11,888][core.trainer][INFO] - Computing metrics for 'train' dataset
[2021-10-27 07:25:30,058][core.trainer][INFO] - Computing metrics for 'val' dataset
[2021-10-27 07:25:32,662][core.metrics.meter][INFO] - Meter:
SequenceAccuracy:	0.984
TokenAccuracy:	1.000
LengthAccuracy:	0.984
1st Token Accuracy:	1.000
2nd Token Accuracy:	1.000
Average Loss:	0.026
[2021-10-27 07:25:32,719][core.early_stopping][INFO] - Early stopping counter: 13 / 5
[2021-10-27 07:25:32,745][core.early_stopping][INFO] - Pausing model saving until validation loss decreases by 0.0001
[2021-10-27 07:25:32,746][core.trainer][INFO] - Computing metrics for 'test' dataset
[2021-10-27 07:25:57,564][core.metrics.meter][INFO] - Meter:
SequenceAccuracy:	0.984
TokenAccuracy:	1.000
LengthAccuracy:	0.984
1st Token Accuracy:	1.000
2nd Token Accuracy:	1.000
Average Loss:	0.027
[2021-10-27 07:25:57,564][core.trainer][INFO] - Computing metrics for 'gen' dataset
[2021-10-27 07:26:28,916][core.metrics.meter][INFO] - Meter:
SequenceAccuracy:	0.000
TokenAccuracy:	0.182
LengthAccuracy:	0.753
1st Token Accuracy:	0.164
2nd Token Accuracy:	0.038
Average Loss:	6.904
[2021-10-27 07:26:28,916][core.trainer][INFO] - EPOCH 35 / 50
[2021-10-27 07:26:28,916][core.trainer][INFO] - Computing metrics for 'train' dataset
[2021-10-27 07:26:47,050][core.trainer][INFO] - Computing metrics for 'val' dataset
[2021-10-27 07:26:49,647][core.metrics.meter][INFO] - Meter:
SequenceAccuracy:	0.985
TokenAccuracy:	1.000
LengthAccuracy:	0.985
1st Token Accuracy:	1.000
2nd Token Accuracy:	1.000
Average Loss:	0.026
[2021-10-27 07:26:49,733][core.early_stopping][INFO] - Early stopping counter: 14 / 5
[2021-10-27 07:26:49,733][core.early_stopping][INFO] - Pausing model saving until validation loss decreases by 0.0001
[2021-10-27 07:26:49,733][core.trainer][INFO] - Computing metrics for 'test' dataset
[2021-10-27 07:27:14,599][core.metrics.meter][INFO] - Meter:
SequenceAccuracy:	0.980
TokenAccuracy:	1.000
LengthAccuracy:	0.981
1st Token Accuracy:	1.000
2nd Token Accuracy:	1.000
Average Loss:	0.032
[2021-10-27 07:27:14,599][core.trainer][INFO] - Computing metrics for 'gen' dataset
[2021-10-27 07:27:46,006][core.metrics.meter][INFO] - Meter:
SequenceAccuracy:	0.000
TokenAccuracy:	0.182
LengthAccuracy:	0.752
1st Token Accuracy:	0.164
2nd Token Accuracy:	0.038
Average Loss:	6.915
[2021-10-27 07:27:46,006][core.trainer][INFO] - EPOCH 36 / 50
[2021-10-27 07:27:46,006][core.trainer][INFO] - Computing metrics for 'train' dataset
[2021-10-27 07:28:04,234][core.trainer][INFO] - Computing metrics for 'val' dataset
[2021-10-27 07:28:06,848][core.metrics.meter][INFO] - Meter:
SequenceAccuracy:	0.982
TokenAccuracy:	1.000
LengthAccuracy:	0.982
1st Token Accuracy:	1.000
2nd Token Accuracy:	1.000
Average Loss:	0.028
[2021-10-27 07:28:06,906][core.early_stopping][INFO] - Early stopping counter: 15 / 5
[2021-10-27 07:28:06,933][core.early_stopping][INFO] - Pausing model saving until validation loss decreases by 0.0001
[2021-10-27 07:28:06,934][core.trainer][INFO] - Computing metrics for 'test' dataset
[2021-10-27 07:28:31,936][core.metrics.meter][INFO] - Meter:
SequenceAccuracy:	0.984
TokenAccuracy:	1.000
LengthAccuracy:	0.984
1st Token Accuracy:	1.000
2nd Token Accuracy:	1.000
Average Loss:	0.028
[2021-10-27 07:28:31,936][core.trainer][INFO] - Computing metrics for 'gen' dataset
[2021-10-27 07:29:03,526][core.metrics.meter][INFO] - Meter:
SequenceAccuracy:	0.000
TokenAccuracy:	0.182
LengthAccuracy:	0.747
1st Token Accuracy:	0.164
2nd Token Accuracy:	0.038
Average Loss:	6.929
[2021-10-27 07:29:03,526][core.trainer][INFO] - EPOCH 37 / 50
[2021-10-27 07:29:03,526][core.trainer][INFO] - Computing metrics for 'train' dataset
[2021-10-27 07:29:21,804][core.trainer][INFO] - Computing metrics for 'val' dataset
[2021-10-27 07:29:24,428][core.metrics.meter][INFO] - Meter:
SequenceAccuracy:	0.981
TokenAccuracy:	1.000
LengthAccuracy:	0.981
1st Token Accuracy:	1.000
2nd Token Accuracy:	1.000
Average Loss:	0.033
[2021-10-27 07:29:24,504][core.early_stopping][INFO] - Early stopping counter: 16 / 5
[2021-10-27 07:29:24,504][core.early_stopping][INFO] - Pausing model saving until validation loss decreases by 0.0001
[2021-10-27 07:29:24,505][core.trainer][INFO] - Computing metrics for 'test' dataset
[2021-10-27 07:29:49,520][core.metrics.meter][INFO] - Meter:
SequenceAccuracy:	0.986
TokenAccuracy:	1.000
LengthAccuracy:	0.986
1st Token Accuracy:	1.000
2nd Token Accuracy:	1.000
Average Loss:	0.025
[2021-10-27 07:29:49,520][core.trainer][INFO] - Computing metrics for 'gen' dataset
[2021-10-27 07:30:21,184][core.metrics.meter][INFO] - Meter:
SequenceAccuracy:	0.000
TokenAccuracy:	0.183
LengthAccuracy:	0.754
1st Token Accuracy:	0.164
2nd Token Accuracy:	0.038
Average Loss:	6.919
[2021-10-27 07:30:21,213][core.trainer][INFO] - EPOCH 38 / 50
[2021-10-27 07:30:21,213][core.trainer][INFO] - Computing metrics for 'train' dataset
[2021-10-27 07:30:39,403][core.trainer][INFO] - Computing metrics for 'val' dataset
[2021-10-27 07:30:42,027][core.metrics.meter][INFO] - Meter:
SequenceAccuracy:	0.986
TokenAccuracy:	1.000
LengthAccuracy:	0.986
1st Token Accuracy:	1.000
2nd Token Accuracy:	1.000
Average Loss:	0.021
[2021-10-27 07:30:42,107][core.early_stopping][INFO] - Early stopping counter: 17 / 5
[2021-10-27 07:30:42,108][core.early_stopping][INFO] - Pausing model saving until validation loss decreases by 0.0001
[2021-10-27 07:30:42,108][core.trainer][INFO] - Computing metrics for 'test' dataset
[2021-10-27 07:31:07,146][core.metrics.meter][INFO] - Meter:
SequenceAccuracy:	0.984
TokenAccuracy:	1.000
LengthAccuracy:	0.985
1st Token Accuracy:	1.000
2nd Token Accuracy:	1.000
Average Loss:	0.026
[2021-10-27 07:31:07,147][core.trainer][INFO] - Computing metrics for 'gen' dataset
[2021-10-27 07:31:38,733][core.metrics.meter][INFO] - Meter:
SequenceAccuracy:	0.000
TokenAccuracy:	0.182
LengthAccuracy:	0.739
1st Token Accuracy:	0.164
2nd Token Accuracy:	0.038
Average Loss:	6.945
[2021-10-27 07:31:38,734][core.trainer][INFO] - EPOCH 39 / 50
[2021-10-27 07:31:38,734][core.trainer][INFO] - Computing metrics for 'train' dataset
[2021-10-27 07:31:56,985][core.trainer][INFO] - Computing metrics for 'val' dataset
[2021-10-27 07:31:59,604][core.metrics.meter][INFO] - Meter:
SequenceAccuracy:	0.984
TokenAccuracy:	1.000
LengthAccuracy:	0.984
1st Token Accuracy:	1.000
2nd Token Accuracy:	1.000
Average Loss:	0.026
[2021-10-27 07:31:59,662][core.early_stopping][INFO] - Early stopping counter: 18 / 5
[2021-10-27 07:31:59,689][core.early_stopping][INFO] - Pausing model saving until validation loss decreases by 0.0001
[2021-10-27 07:31:59,689][core.trainer][INFO] - Computing metrics for 'test' dataset
[2021-10-27 07:32:24,698][core.metrics.meter][INFO] - Meter:
SequenceAccuracy:	0.985
TokenAccuracy:	1.000
LengthAccuracy:	0.985
1st Token Accuracy:	1.000
2nd Token Accuracy:	1.000
Average Loss:	0.026
[2021-10-27 07:32:24,698][core.trainer][INFO] - Computing metrics for 'gen' dataset
[2021-10-27 07:32:56,302][core.metrics.meter][INFO] - Meter:
SequenceAccuracy:	0.000
TokenAccuracy:	0.183
LengthAccuracy:	0.744
1st Token Accuracy:	0.164
2nd Token Accuracy:	0.038
Average Loss:	6.952
[2021-10-27 07:32:56,302][core.trainer][INFO] - EPOCH 40 / 50
[2021-10-27 07:32:56,302][core.trainer][INFO] - Computing metrics for 'train' dataset
[2021-10-27 07:33:14,510][core.trainer][INFO] - Computing metrics for 'val' dataset
[2021-10-27 07:33:17,129][core.metrics.meter][INFO] - Meter:
SequenceAccuracy:	0.986
TokenAccuracy:	1.000
LengthAccuracy:	0.986
1st Token Accuracy:	1.000
2nd Token Accuracy:	1.000
Average Loss:	0.026
[2021-10-27 07:33:17,186][core.early_stopping][INFO] - Early stopping counter: 19 / 5
[2021-10-27 07:33:17,213][core.early_stopping][INFO] - Pausing model saving until validation loss decreases by 0.0001
[2021-10-27 07:33:17,213][core.trainer][INFO] - Computing metrics for 'test' dataset
[2021-10-27 07:33:42,233][core.metrics.meter][INFO] - Meter:
SequenceAccuracy:	0.983
TokenAccuracy:	1.000
LengthAccuracy:	0.983
1st Token Accuracy:	1.000
2nd Token Accuracy:	1.000
Average Loss:	0.029
[2021-10-27 07:33:42,234][core.trainer][INFO] - Computing metrics for 'gen' dataset
[2021-10-27 07:34:13,849][core.metrics.meter][INFO] - Meter:
SequenceAccuracy:	0.000
TokenAccuracy:	0.182
LengthAccuracy:	0.746
1st Token Accuracy:	0.164
2nd Token Accuracy:	0.038
Average Loss:	6.954
[2021-10-27 07:34:13,850][core.trainer][INFO] - EPOCH 41 / 50
[2021-10-27 07:34:13,850][core.trainer][INFO] - Computing metrics for 'train' dataset
[2021-10-27 07:34:32,053][core.trainer][INFO] - Computing metrics for 'val' dataset
[2021-10-27 07:34:34,675][core.metrics.meter][INFO] - Meter:
SequenceAccuracy:	0.981
TokenAccuracy:	1.000
LengthAccuracy:	0.981
1st Token Accuracy:	1.000
2nd Token Accuracy:	1.000
Average Loss:	0.030
[2021-10-27 07:34:34,734][core.early_stopping][INFO] - Early stopping counter: 20 / 5
[2021-10-27 07:34:34,761][core.early_stopping][INFO] - Pausing model saving until validation loss decreases by 0.0001
[2021-10-27 07:34:34,761][core.trainer][INFO] - Computing metrics for 'test' dataset
[2021-10-27 07:34:59,784][core.metrics.meter][INFO] - Meter:
SequenceAccuracy:	0.982
TokenAccuracy:	1.000
LengthAccuracy:	0.982
1st Token Accuracy:	1.000
2nd Token Accuracy:	1.000
Average Loss:	0.029
[2021-10-27 07:34:59,784][core.trainer][INFO] - Computing metrics for 'gen' dataset
[2021-10-27 07:35:31,413][core.metrics.meter][INFO] - Meter:
SequenceAccuracy:	0.000
TokenAccuracy:	0.182
LengthAccuracy:	0.748
1st Token Accuracy:	0.164
2nd Token Accuracy:	0.038
Average Loss:	6.962
[2021-10-27 07:35:31,413][core.trainer][INFO] - EPOCH 42 / 50
[2021-10-27 07:35:31,414][core.trainer][INFO] - Computing metrics for 'train' dataset
[2021-10-27 07:35:49,695][core.trainer][INFO] - Computing metrics for 'val' dataset
[2021-10-27 07:35:52,303][core.metrics.meter][INFO] - Meter:
SequenceAccuracy:	0.984
TokenAccuracy:	1.000
LengthAccuracy:	0.984
1st Token Accuracy:	1.000
2nd Token Accuracy:	1.000
Average Loss:	0.024
[2021-10-27 07:35:52,361][core.early_stopping][INFO] - Early stopping counter: 21 / 5
[2021-10-27 07:35:52,386][core.early_stopping][INFO] - Pausing model saving until validation loss decreases by 0.0001
[2021-10-27 07:35:52,387][core.trainer][INFO] - Computing metrics for 'test' dataset
[2021-10-27 07:36:17,456][core.metrics.meter][INFO] - Meter:
SequenceAccuracy:	0.984
TokenAccuracy:	1.000
LengthAccuracy:	0.984
1st Token Accuracy:	1.000
2nd Token Accuracy:	1.000
Average Loss:	0.025
[2021-10-27 07:36:17,456][core.trainer][INFO] - Computing metrics for 'gen' dataset
[2021-10-27 07:36:49,119][core.metrics.meter][INFO] - Meter:
SequenceAccuracy:	0.000
TokenAccuracy:	0.184
LengthAccuracy:	0.744
1st Token Accuracy:	0.164
2nd Token Accuracy:	0.038
Average Loss:	6.949
[2021-10-27 07:36:49,120][core.trainer][INFO] - EPOCH 43 / 50
[2021-10-27 07:36:49,120][core.trainer][INFO] - Computing metrics for 'train' dataset
[2021-10-27 07:37:07,345][core.trainer][INFO] - Computing metrics for 'val' dataset
[2021-10-27 07:37:09,960][core.metrics.meter][INFO] - Meter:
SequenceAccuracy:	0.986
TokenAccuracy:	1.000
LengthAccuracy:	0.986
1st Token Accuracy:	1.000
2nd Token Accuracy:	1.000
Average Loss:	0.026
[2021-10-27 07:37:10,018][core.early_stopping][INFO] - Early stopping counter: 22 / 5
[2021-10-27 07:37:10,045][core.early_stopping][INFO] - Pausing model saving until validation loss decreases by 0.0001
[2021-10-27 07:37:10,045][core.trainer][INFO] - Computing metrics for 'test' dataset
[2021-10-27 07:37:35,023][core.metrics.meter][INFO] - Meter:
SequenceAccuracy:	0.984
TokenAccuracy:	1.000
LengthAccuracy:	0.984
1st Token Accuracy:	1.000
2nd Token Accuracy:	1.000
Average Loss:	0.029
[2021-10-27 07:37:35,024][core.trainer][INFO] - Computing metrics for 'gen' dataset
[2021-10-27 07:38:06,606][core.metrics.meter][INFO] - Meter:
SequenceAccuracy:	0.000
TokenAccuracy:	0.184
LengthAccuracy:	0.741
1st Token Accuracy:	0.164
2nd Token Accuracy:	0.038
Average Loss:	6.965
[2021-10-27 07:38:06,607][core.trainer][INFO] - EPOCH 44 / 50
[2021-10-27 07:38:06,607][core.trainer][INFO] - Computing metrics for 'train' dataset
[2021-10-27 07:38:24,804][core.trainer][INFO] - Computing metrics for 'val' dataset
[2021-10-27 07:38:27,414][core.metrics.meter][INFO] - Meter:
SequenceAccuracy:	0.987
TokenAccuracy:	1.000
LengthAccuracy:	0.987
1st Token Accuracy:	1.000
2nd Token Accuracy:	1.000
Average Loss:	0.023
[2021-10-27 07:38:27,471][core.early_stopping][INFO] - Early stopping counter: 23 / 5
[2021-10-27 07:38:27,498][core.early_stopping][INFO] - Pausing model saving until validation loss decreases by 0.0001
[2021-10-27 07:38:27,498][core.trainer][INFO] - Computing metrics for 'test' dataset
[2021-10-27 07:38:52,471][core.metrics.meter][INFO] - Meter:
SequenceAccuracy:	0.983
TokenAccuracy:	1.000
LengthAccuracy:	0.983
1st Token Accuracy:	1.000
2nd Token Accuracy:	1.000
Average Loss:	0.029
[2021-10-27 07:38:52,472][core.trainer][INFO] - Computing metrics for 'gen' dataset
[2021-10-27 07:39:24,023][core.metrics.meter][INFO] - Meter:
SequenceAccuracy:	0.000
TokenAccuracy:	0.182
LengthAccuracy:	0.740
1st Token Accuracy:	0.164
2nd Token Accuracy:	0.038
Average Loss:	6.981
[2021-10-27 07:39:24,041][core.trainer][INFO] - EPOCH 45 / 50
[2021-10-27 07:39:24,041][core.trainer][INFO] - Computing metrics for 'train' dataset
[2021-10-27 07:39:42,278][core.trainer][INFO] - Computing metrics for 'val' dataset
[2021-10-27 07:39:44,894][core.metrics.meter][INFO] - Meter:
SequenceAccuracy:	0.984
TokenAccuracy:	1.000
LengthAccuracy:	0.984
1st Token Accuracy:	1.000
2nd Token Accuracy:	1.000
Average Loss:	0.025
[2021-10-27 07:39:44,952][core.early_stopping][INFO] - Early stopping counter: 24 / 5
[2021-10-27 07:39:44,978][core.early_stopping][INFO] - Pausing model saving until validation loss decreases by 0.0001
[2021-10-27 07:39:44,979][core.trainer][INFO] - Computing metrics for 'test' dataset
[2021-10-27 07:40:09,963][core.metrics.meter][INFO] - Meter:
SequenceAccuracy:	0.986
TokenAccuracy:	1.000
LengthAccuracy:	0.986
1st Token Accuracy:	1.000
2nd Token Accuracy:	1.000
Average Loss:	0.025
[2021-10-27 07:40:09,963][core.trainer][INFO] - Computing metrics for 'gen' dataset
[2021-10-27 07:40:41,530][core.metrics.meter][INFO] - Meter:
SequenceAccuracy:	0.000
TokenAccuracy:	0.184
LengthAccuracy:	0.747
1st Token Accuracy:	0.164
2nd Token Accuracy:	0.038
Average Loss:	6.972
[2021-10-27 07:40:41,531][core.trainer][INFO] - EPOCH 46 / 50
[2021-10-27 07:40:41,531][core.trainer][INFO] - Computing metrics for 'train' dataset
[2021-10-27 07:40:59,684][core.trainer][INFO] - Computing metrics for 'val' dataset
[2021-10-27 07:41:02,267][core.metrics.meter][INFO] - Meter:
SequenceAccuracy:	0.985
TokenAccuracy:	1.000
LengthAccuracy:	0.985
1st Token Accuracy:	1.000
2nd Token Accuracy:	1.000
Average Loss:	0.028
[2021-10-27 07:41:02,324][core.early_stopping][INFO] - Early stopping counter: 25 / 5
[2021-10-27 07:41:02,350][core.early_stopping][INFO] - Pausing model saving until validation loss decreases by 0.0001
[2021-10-27 07:41:02,350][core.trainer][INFO] - Computing metrics for 'test' dataset
[2021-10-27 07:41:27,179][core.metrics.meter][INFO] - Meter:
SequenceAccuracy:	0.983
TokenAccuracy:	1.000
LengthAccuracy:	0.983
1st Token Accuracy:	1.000
2nd Token Accuracy:	1.000
Average Loss:	0.030
[2021-10-27 07:41:27,180][core.trainer][INFO] - Computing metrics for 'gen' dataset
[2021-10-27 07:41:58,541][core.metrics.meter][INFO] - Meter:
SequenceAccuracy:	0.000
TokenAccuracy:	0.184
LengthAccuracy:	0.747
1st Token Accuracy:	0.164
2nd Token Accuracy:	0.038
Average Loss:	6.982
[2021-10-27 07:41:58,542][core.trainer][INFO] - EPOCH 47 / 50
[2021-10-27 07:41:58,542][core.trainer][INFO] - Computing metrics for 'train' dataset
[2021-10-27 07:42:16,577][core.trainer][INFO] - Computing metrics for 'val' dataset
[2021-10-27 07:42:19,181][core.metrics.meter][INFO] - Meter:
SequenceAccuracy:	0.985
TokenAccuracy:	1.000
LengthAccuracy:	0.985
1st Token Accuracy:	1.000
2nd Token Accuracy:	1.000
Average Loss:	0.024
[2021-10-27 07:42:19,239][core.early_stopping][INFO] - Early stopping counter: 26 / 5
[2021-10-27 07:42:19,263][core.early_stopping][INFO] - Pausing model saving until validation loss decreases by 0.0001
[2021-10-27 07:42:19,264][core.trainer][INFO] - Computing metrics for 'test' dataset
[2021-10-27 07:42:44,121][core.metrics.meter][INFO] - Meter:
SequenceAccuracy:	0.983
TokenAccuracy:	1.000
LengthAccuracy:	0.983
1st Token Accuracy:	1.000
2nd Token Accuracy:	1.000
Average Loss:	0.028
[2021-10-27 07:42:44,121][core.trainer][INFO] - Computing metrics for 'gen' dataset
[2021-10-27 07:43:15,549][core.metrics.meter][INFO] - Meter:
SequenceAccuracy:	0.000
TokenAccuracy:	0.183
LengthAccuracy:	0.741
1st Token Accuracy:	0.164
2nd Token Accuracy:	0.038
Average Loss:	6.998
[2021-10-27 07:43:15,550][core.trainer][INFO] - EPOCH 48 / 50
[2021-10-27 07:43:15,550][core.trainer][INFO] - Computing metrics for 'train' dataset
[2021-10-27 07:43:33,746][core.trainer][INFO] - Computing metrics for 'val' dataset
[2021-10-27 07:43:36,341][core.metrics.meter][INFO] - Meter:
SequenceAccuracy:	0.983
TokenAccuracy:	1.000
LengthAccuracy:	0.983
1st Token Accuracy:	1.000
2nd Token Accuracy:	1.000
Average Loss:	0.028
[2021-10-27 07:43:36,399][core.early_stopping][INFO] - Early stopping counter: 27 / 5
[2021-10-27 07:43:36,424][core.early_stopping][INFO] - Pausing model saving until validation loss decreases by 0.0001
[2021-10-27 07:43:36,424][core.trainer][INFO] - Computing metrics for 'test' dataset
[2021-10-27 07:44:01,269][core.metrics.meter][INFO] - Meter:
SequenceAccuracy:	0.982
TokenAccuracy:	1.000
LengthAccuracy:	0.982
1st Token Accuracy:	1.000
2nd Token Accuracy:	1.000
Average Loss:	0.030
[2021-10-27 07:44:01,269][core.trainer][INFO] - Computing metrics for 'gen' dataset
[2021-10-27 07:44:32,652][core.metrics.meter][INFO] - Meter:
SequenceAccuracy:	0.000
TokenAccuracy:	0.182
LengthAccuracy:	0.750
1st Token Accuracy:	0.164
2nd Token Accuracy:	0.038
Average Loss:	7.013
[2021-10-27 07:44:32,672][core.trainer][INFO] - EPOCH 49 / 50
[2021-10-27 07:44:32,672][core.trainer][INFO] - Computing metrics for 'train' dataset
[2021-10-27 07:44:50,788][core.trainer][INFO] - Computing metrics for 'val' dataset
[2021-10-27 07:44:53,384][core.metrics.meter][INFO] - Meter:
SequenceAccuracy:	0.982
TokenAccuracy:	1.000
LengthAccuracy:	0.982
1st Token Accuracy:	1.000
2nd Token Accuracy:	1.000
Average Loss:	0.030
[2021-10-27 07:44:53,442][core.early_stopping][INFO] - Early stopping counter: 28 / 5
[2021-10-27 07:44:53,468][core.early_stopping][INFO] - Pausing model saving until validation loss decreases by 0.0001
[2021-10-27 07:44:53,468][core.trainer][INFO] - Computing metrics for 'test' dataset
[2021-10-27 07:45:18,306][core.metrics.meter][INFO] - Meter:
SequenceAccuracy:	0.985
TokenAccuracy:	1.000
LengthAccuracy:	0.985
1st Token Accuracy:	1.000
2nd Token Accuracy:	1.000
Average Loss:	0.023
[2021-10-27 07:45:18,306][core.trainer][INFO] - Computing metrics for 'gen' dataset
[2021-10-27 07:45:49,673][core.metrics.meter][INFO] - Meter:
SequenceAccuracy:	0.000
TokenAccuracy:	0.185
LengthAccuracy:	0.746
1st Token Accuracy:	0.164
2nd Token Accuracy:	0.038
Average Loss:	6.994
[2021-10-27 07:45:49,673][core.trainer][INFO] - EPOCH 50 / 50
[2021-10-27 07:45:49,673][core.trainer][INFO] - Computing metrics for 'train' dataset
[2021-10-27 07:46:07,804][core.trainer][INFO] - Computing metrics for 'val' dataset
[2021-10-27 07:46:10,398][core.metrics.meter][INFO] - Meter:
SequenceAccuracy:	0.984
TokenAccuracy:	1.000
LengthAccuracy:	0.984
1st Token Accuracy:	1.000
2nd Token Accuracy:	1.000
Average Loss:	0.026
[2021-10-27 07:46:10,455][core.early_stopping][INFO] - Early stopping counter: 29 / 5
[2021-10-27 07:46:10,482][core.early_stopping][INFO] - Pausing model saving until validation loss decreases by 0.0001
[2021-10-27 07:46:10,482][core.trainer][INFO] - Computing metrics for 'test' dataset
[2021-10-27 07:46:35,282][core.metrics.meter][INFO] - Meter:
SequenceAccuracy:	0.985
TokenAccuracy:	1.000
LengthAccuracy:	0.985
1st Token Accuracy:	1.000
2nd Token Accuracy:	1.000
Average Loss:	0.025
[2021-10-27 07:46:35,282][core.trainer][INFO] - Computing metrics for 'gen' dataset
[2021-10-27 07:47:06,675][core.metrics.meter][INFO] - Meter:
SequenceAccuracy:	0.000
TokenAccuracy:	0.184
LengthAccuracy:	0.745
1st Token Accuracy:	0.164
2nd Token Accuracy:	0.038
Average Loss:	7.012
