experiment:
  dataset:
    name: ms-question-en
    input: ms-question.tsv
    source_format: sequence
    target_format: sequence
    overwrite: false
    transform_field: target
    splits:
      train: 80
      test: 10
      val: 10
  hyperparameters:
    epochs: 50
    batch_size: 5
    lr: 0.001
    tolerance: 0.0001
    num_iters_eval: 1000
    min_iters: 30000
    patience: 5
    tf_ratio: 0.5
    cuda: 0
  model:
    name: Transformer
    encoder:
      unit: Transformer
      type: sequence
      dropout: 0
      num_layers: 2
      hidden_size: 256
      embedding_size: 256
      num_heads: 8
    decoder:
      unit: Transformer
      type: sequence
      dropout: 0
      num_layers: 2
      max_length: 30
      hidden_size: 256
      embedding_size: 256
      num_heads: 8
      attention: null
  name: qform-en-transformer-2layers
pretty_print: true

[2021-10-27 12:53:38,653][core.trainer][INFO] - DEVICE: cuda
[2021-10-27 12:53:38,654][core.dataset.base_dataset][INFO] - Initializing dataset
[2021-10-27 12:53:38,656][core.dataset.base_dataset][INFO] - Constructing fields from dataset.
[2021-10-27 12:53:41,625][core.trainer][INFO] - TransductionDataset(
 splits: [val (1000 sequences), train (100000 sequences), test (10000 sequences), gen (10000 sequences)]
 fields: [source, annotation, target]
)
[2021-10-27 12:53:41,625][core.models.base_model][INFO] - Initializing model
[2021-10-27 12:53:48,914][core.trainer][INFO] - TransductionModel(
  (_encoder): TransductionSequenceEncoder(
    (module): Sequential(
      (0): Sequential(
        (0): Embedding(68, 256)
        (1): PositionalEncoding(
          (dropout): Dropout(p=0.0, inplace=False)
        )
      )
      (1): TransformerEncoder(
        (layers): ModuleList(
          (0): TransformerEncoderLayer(
            (self_attn): MultiheadAttention(
              (out_proj): _LinearWithBias(in_features=256, out_features=256, bias=True)
            )
            (linear1): Linear(in_features=256, out_features=2048, bias=True)
            (dropout): Dropout(p=0.1, inplace=False)
            (linear2): Linear(in_features=2048, out_features=256, bias=True)
            (norm1): LayerNorm((256,), eps=1e-05, elementwise_affine=True)
            (norm2): LayerNorm((256,), eps=1e-05, elementwise_affine=True)
            (dropout1): Dropout(p=0.1, inplace=False)
            (dropout2): Dropout(p=0.1, inplace=False)
          )
          (1): TransformerEncoderLayer(
            (self_attn): MultiheadAttention(
              (out_proj): _LinearWithBias(in_features=256, out_features=256, bias=True)
            )
            (linear1): Linear(in_features=256, out_features=2048, bias=True)
            (dropout): Dropout(p=0.1, inplace=False)
            (linear2): Linear(in_features=2048, out_features=256, bias=True)
            (norm1): LayerNorm((256,), eps=1e-05, elementwise_affine=True)
            (norm2): LayerNorm((256,), eps=1e-05, elementwise_affine=True)
            (dropout1): Dropout(p=0.1, inplace=False)
            (dropout2): Dropout(p=0.1, inplace=False)
          )
        )
      )
    )
  )
  (_decoder): TransformerSequenceDecoder(
    (_embedding): Sequential(
      (0): Embedding(71, 256)
      (1): PositionalEncoding(
        (dropout): Dropout(p=0.0, inplace=False)
      )
    )
    (_unit): TransformerDecoder(
      (layers): ModuleList(
        (0): TransformerDecoderLayer(
          (self_attn): MultiheadAttention(
            (out_proj): _LinearWithBias(in_features=256, out_features=256, bias=True)
          )
          (multihead_attn): MultiheadAttention(
            (out_proj): _LinearWithBias(in_features=256, out_features=256, bias=True)
          )
          (linear1): Linear(in_features=256, out_features=2048, bias=True)
          (dropout): Dropout(p=0.0, inplace=False)
          (linear2): Linear(in_features=2048, out_features=256, bias=True)
          (norm1): LayerNorm((256,), eps=1e-05, elementwise_affine=True)
          (norm2): LayerNorm((256,), eps=1e-05, elementwise_affine=True)
          (norm3): LayerNorm((256,), eps=1e-05, elementwise_affine=True)
          (dropout1): Dropout(p=0.0, inplace=False)
          (dropout2): Dropout(p=0.0, inplace=False)
          (dropout3): Dropout(p=0.0, inplace=False)
        )
        (1): TransformerDecoderLayer(
          (self_attn): MultiheadAttention(
            (out_proj): _LinearWithBias(in_features=256, out_features=256, bias=True)
          )
          (multihead_attn): MultiheadAttention(
            (out_proj): _LinearWithBias(in_features=256, out_features=256, bias=True)
          )
          (linear1): Linear(in_features=256, out_features=2048, bias=True)
          (dropout): Dropout(p=0.0, inplace=False)
          (linear2): Linear(in_features=2048, out_features=256, bias=True)
          (norm1): LayerNorm((256,), eps=1e-05, elementwise_affine=True)
          (norm2): LayerNorm((256,), eps=1e-05, elementwise_affine=True)
          (norm3): LayerNorm((256,), eps=1e-05, elementwise_affine=True)
          (dropout1): Dropout(p=0.0, inplace=False)
          (dropout2): Dropout(p=0.0, inplace=False)
          (dropout3): Dropout(p=0.0, inplace=False)
        )
      )
    )
    (_out): Linear(in_features=256, out_features=71, bias=True)
  )
)
[2021-10-27 12:53:48,923][core.trainer][INFO] - Beginning training
[2021-10-27 12:53:48,930][core.metrics.meter][INFO] - Logging with tensorboard; view with `tensorboard --logdir=/scratch/lw2534/lab/transductions/outputs/qform-en-transformer-2layers/Transformer/2021-10-27_12-53-38/tensorboard`
[2021-10-27 12:53:48,930][core.trainer][INFO] - EPOCH 1 / 50
[2021-10-27 12:53:48,930][core.trainer][INFO] - Computing metrics for 'train' dataset
[2021-10-27 12:54:18,659][core.trainer][INFO] - Computing metrics for 'val' dataset
[2021-10-27 12:54:23,400][core.metrics.meter][INFO] - Meter:
SequenceAccuracy:	0.000
TokenAccuracy:	0.132
LengthAccuracy:	0.340
1st Token Accuracy:	0.112
2nd Token Accuracy:	0.071
Average Loss:	3.702
[2021-10-27 12:54:53,887][core.trainer][INFO] - Computing metrics for 'val' dataset
[2021-10-27 12:54:58,999][core.metrics.meter][INFO] - Meter:
SequenceAccuracy:	0.000
TokenAccuracy:	0.182
LengthAccuracy:	0.372
1st Token Accuracy:	0.366
2nd Token Accuracy:	0.143
Average Loss:	3.463
[2021-10-27 12:55:30,078][core.trainer][INFO] - Computing metrics for 'val' dataset
[2021-10-27 12:55:34,071][core.metrics.meter][INFO] - Meter:
SequenceAccuracy:	0.000
TokenAccuracy:	0.218
LengthAccuracy:	0.386
1st Token Accuracy:	0.575
2nd Token Accuracy:	0.165
Average Loss:	3.332
[2021-10-27 12:56:05,695][core.trainer][INFO] - Computing metrics for 'val' dataset
[2021-10-27 12:56:09,696][core.metrics.meter][INFO] - Meter:
SequenceAccuracy:	0.000
TokenAccuracy:	0.243
LengthAccuracy:	0.417
1st Token Accuracy:	0.664
2nd Token Accuracy:	0.203
Average Loss:	3.186
[2021-10-27 12:56:43,608][core.trainer][INFO] - Computing metrics for 'val' dataset
[2021-10-27 12:56:47,988][core.metrics.meter][INFO] - Meter:
SequenceAccuracy:	0.000
TokenAccuracy:	0.272
LengthAccuracy:	0.556
1st Token Accuracy:	0.729
2nd Token Accuracy:	0.212
Average Loss:	3.006
[2021-10-27 12:57:21,847][core.trainer][INFO] - Computing metrics for 'val' dataset
[2021-10-27 12:57:26,163][core.metrics.meter][INFO] - Meter:
SequenceAccuracy:	0.000
TokenAccuracy:	0.298
LengthAccuracy:	0.639
1st Token Accuracy:	0.786
2nd Token Accuracy:	0.239
Average Loss:	2.847
[2021-10-27 12:58:00,385][core.trainer][INFO] - Computing metrics for 'val' dataset
[2021-10-27 12:58:04,754][core.metrics.meter][INFO] - Meter:
SequenceAccuracy:	0.000
TokenAccuracy:	0.330
LengthAccuracy:	0.677
1st Token Accuracy:	0.867
2nd Token Accuracy:	0.289
Average Loss:	2.679
[2021-10-27 12:58:39,198][core.trainer][INFO] - Computing metrics for 'val' dataset
[2021-10-27 12:58:43,614][core.metrics.meter][INFO] - Meter:
SequenceAccuracy:	0.000
TokenAccuracy:	0.362
LengthAccuracy:	0.740
1st Token Accuracy:	0.920
2nd Token Accuracy:	0.347
Average Loss:	2.523
[2021-10-27 12:59:18,282][core.trainer][INFO] - Computing metrics for 'val' dataset
[2021-10-27 12:59:23,999][core.metrics.meter][INFO] - Meter:
SequenceAccuracy:	0.000
TokenAccuracy:	0.394
LengthAccuracy:	0.774
1st Token Accuracy:	0.954
2nd Token Accuracy:	0.410
Average Loss:	2.379
[2021-10-27 12:59:58,747][core.trainer][INFO] - Computing metrics for 'val' dataset
[2021-10-27 13:00:03,198][core.metrics.meter][INFO] - Meter:
SequenceAccuracy:	0.000
TokenAccuracy:	0.422
LengthAccuracy:	0.798
1st Token Accuracy:	0.968
2nd Token Accuracy:	0.463
Average Loss:	2.246
[2021-10-27 13:00:37,927][core.trainer][INFO] - Computing metrics for 'val' dataset
[2021-10-27 13:00:42,287][core.metrics.meter][INFO] - Meter:
SequenceAccuracy:	0.001
TokenAccuracy:	0.448
LengthAccuracy:	0.788
1st Token Accuracy:	0.973
2nd Token Accuracy:	0.497
Average Loss:	2.128
[2021-10-27 13:01:17,171][core.trainer][INFO] - Computing metrics for 'val' dataset
[2021-10-27 13:01:22,929][core.metrics.meter][INFO] - Meter:
SequenceAccuracy:	0.003
TokenAccuracy:	0.480
LengthAccuracy:	0.868
1st Token Accuracy:	0.979
2nd Token Accuracy:	0.549
Average Loss:	1.988
[2021-10-27 13:01:57,960][core.trainer][INFO] - Computing metrics for 'val' dataset
[2021-10-27 13:02:02,485][core.metrics.meter][INFO] - Meter:
SequenceAccuracy:	0.007
TokenAccuracy:	0.514
LengthAccuracy:	0.866
1st Token Accuracy:	0.978
2nd Token Accuracy:	0.618
Average Loss:	1.839
[2021-10-27 13:02:37,466][core.trainer][INFO] - Computing metrics for 'val' dataset
[2021-10-27 13:02:41,980][core.metrics.meter][INFO] - Meter:
SequenceAccuracy:	0.014
TokenAccuracy:	0.545
LengthAccuracy:	0.888
1st Token Accuracy:	0.985
2nd Token Accuracy:	0.661
Average Loss:	1.713
[2021-10-27 13:03:16,862][core.trainer][INFO] - Computing metrics for 'val' dataset
[2021-10-27 13:03:21,359][core.metrics.meter][INFO] - Meter:
SequenceAccuracy:	0.026
TokenAccuracy:	0.577
LengthAccuracy:	0.904
1st Token Accuracy:	0.984
2nd Token Accuracy:	0.704
Average Loss:	1.563
[2021-10-27 13:03:56,337][core.trainer][INFO] - Computing metrics for 'val' dataset
[2021-10-27 13:04:02,128][core.metrics.meter][INFO] - Meter:
SequenceAccuracy:	0.050
TokenAccuracy:	0.619
LengthAccuracy:	0.925
1st Token Accuracy:	0.985
2nd Token Accuracy:	0.761
Average Loss:	1.432
[2021-10-27 13:04:37,454][core.trainer][INFO] - Computing metrics for 'val' dataset
[2021-10-27 13:04:41,940][core.metrics.meter][INFO] - Meter:
SequenceAccuracy:	0.085
TokenAccuracy:	0.647
LengthAccuracy:	0.924
1st Token Accuracy:	0.989
2nd Token Accuracy:	0.817
Average Loss:	1.327
[2021-10-27 13:05:17,074][core.trainer][INFO] - Computing metrics for 'val' dataset
[2021-10-27 13:05:21,610][core.metrics.meter][INFO] - Meter:
SequenceAccuracy:	0.155
TokenAccuracy:	0.706
LengthAccuracy:	0.935
1st Token Accuracy:	0.991
2nd Token Accuracy:	0.905
Average Loss:	1.158
[2021-10-27 13:05:56,807][core.trainer][INFO] - Computing metrics for 'val' dataset
[2021-10-27 13:06:01,306][core.metrics.meter][INFO] - Meter:
SequenceAccuracy:	0.230
TokenAccuracy:	0.743
LengthAccuracy:	0.938
1st Token Accuracy:	0.992
2nd Token Accuracy:	0.965
Average Loss:	1.037
[2021-10-27 13:06:36,446][core.trainer][INFO] - Computing metrics for 'val' dataset
[2021-10-27 13:06:40,970][core.metrics.meter][INFO] - Meter:
SequenceAccuracy:	0.328
TokenAccuracy:	0.793
LengthAccuracy:	0.941
1st Token Accuracy:	0.994
2nd Token Accuracy:	0.991
Average Loss:	0.867
[2021-10-27 13:06:41,254][core.trainer][INFO] - Computing metrics for 'test' dataset
[2021-10-27 13:07:25,082][core.metrics.meter][INFO] - Meter:
SequenceAccuracy:	0.371
TokenAccuracy:	0.777
LengthAccuracy:	0.941
1st Token Accuracy:	0.995
2nd Token Accuracy:	0.996
Average Loss:	0.925
[2021-10-27 13:07:25,082][core.trainer][INFO] - Computing metrics for 'gen' dataset
[2021-10-27 13:08:12,209][core.metrics.meter][INFO] - Meter:
SequenceAccuracy:	0.001
TokenAccuracy:	0.498
LengthAccuracy:	0.834
1st Token Accuracy:	0.073
2nd Token Accuracy:	1.000
Average Loss:	1.672
[2021-10-27 13:08:12,209][core.trainer][INFO] - EPOCH 2 / 50
[2021-10-27 13:08:12,210][core.trainer][INFO] - Computing metrics for 'train' dataset
[2021-10-27 13:08:47,226][core.trainer][INFO] - Computing metrics for 'val' dataset
[2021-10-27 13:08:51,755][core.metrics.meter][INFO] - Meter:
SequenceAccuracy:	0.411
TokenAccuracy:	0.827
LengthAccuracy:	0.945
1st Token Accuracy:	0.995
2nd Token Accuracy:	0.997
Average Loss:	0.743
[2021-10-27 13:09:26,982][core.trainer][INFO] - Computing metrics for 'val' dataset
[2021-10-27 13:09:31,531][core.metrics.meter][INFO] - Meter:
SequenceAccuracy:	0.480
TokenAccuracy:	0.857
LengthAccuracy:	0.942
1st Token Accuracy:	0.997
2nd Token Accuracy:	1.000
Average Loss:	0.630
[2021-10-27 13:10:06,652][core.trainer][INFO] - Computing metrics for 'val' dataset
[2021-10-27 13:10:12,443][core.metrics.meter][INFO] - Meter:
SequenceAccuracy:	0.535
TokenAccuracy:	0.872
LengthAccuracy:	0.945
1st Token Accuracy:	0.999
2nd Token Accuracy:	1.000
Average Loss:	0.562
[2021-10-27 13:10:47,648][core.trainer][INFO] - Computing metrics for 'val' dataset
[2021-10-27 13:10:53,430][core.metrics.meter][INFO] - Meter:
SequenceAccuracy:	0.593
TokenAccuracy:	0.893
LengthAccuracy:	0.944
1st Token Accuracy:	0.999
2nd Token Accuracy:	1.000
Average Loss:	0.485
[2021-10-27 13:11:28,461][core.trainer][INFO] - Computing metrics for 'val' dataset
[2021-10-27 13:11:33,004][core.metrics.meter][INFO] - Meter:
SequenceAccuracy:	0.638
TokenAccuracy:	0.908
LengthAccuracy:	0.947
1st Token Accuracy:	1.000
2nd Token Accuracy:	1.000
Average Loss:	0.419
[2021-10-27 13:12:08,226][core.trainer][INFO] - Computing metrics for 'val' dataset
[2021-10-27 13:12:12,788][core.metrics.meter][INFO] - Meter:
SequenceAccuracy:	0.651
TokenAccuracy:	0.915
LengthAccuracy:	0.947
1st Token Accuracy:	1.000
2nd Token Accuracy:	1.000
Average Loss:	0.387
[2021-10-27 13:12:48,015][core.trainer][INFO] - Computing metrics for 'val' dataset
[2021-10-27 13:12:52,534][core.metrics.meter][INFO] - Meter:
SequenceAccuracy:	0.682
TokenAccuracy:	0.928
LengthAccuracy:	0.952
1st Token Accuracy:	1.000
2nd Token Accuracy:	1.000
Average Loss:	0.332
[2021-10-27 13:13:27,512][core.trainer][INFO] - Computing metrics for 'val' dataset
[2021-10-27 13:13:32,047][core.metrics.meter][INFO] - Meter:
SequenceAccuracy:	0.708
TokenAccuracy:	0.936
LengthAccuracy:	0.948
1st Token Accuracy:	1.000
2nd Token Accuracy:	1.000
Average Loss:	0.298
[2021-10-27 13:14:07,328][core.trainer][INFO] - Computing metrics for 'val' dataset
[2021-10-27 13:14:11,882][core.metrics.meter][INFO] - Meter:
SequenceAccuracy:	0.729
TokenAccuracy:	0.943
LengthAccuracy:	0.950
1st Token Accuracy:	1.000
2nd Token Accuracy:	1.000
Average Loss:	0.273
[2021-10-27 13:14:47,004][core.trainer][INFO] - Computing metrics for 'val' dataset
[2021-10-27 13:14:51,523][core.metrics.meter][INFO] - Meter:
SequenceAccuracy:	0.756
TokenAccuracy:	0.953
LengthAccuracy:	0.954
1st Token Accuracy:	1.000
2nd Token Accuracy:	1.000
Average Loss:	0.233
[2021-10-27 13:15:26,687][core.trainer][INFO] - Computing metrics for 'val' dataset
[2021-10-27 13:15:31,209][core.metrics.meter][INFO] - Meter:
SequenceAccuracy:	0.775
TokenAccuracy:	0.958
LengthAccuracy:	0.950
1st Token Accuracy:	1.000
2nd Token Accuracy:	1.000
Average Loss:	0.220
[2021-10-27 13:16:06,377][core.trainer][INFO] - Computing metrics for 'val' dataset
[2021-10-27 13:16:10,909][core.metrics.meter][INFO] - Meter:
SequenceAccuracy:	0.793
TokenAccuracy:	0.965
LengthAccuracy:	0.952
1st Token Accuracy:	1.000
2nd Token Accuracy:	1.000
Average Loss:	0.190
[2021-10-27 13:16:46,212][core.trainer][INFO] - Computing metrics for 'val' dataset
[2021-10-27 13:16:52,005][core.metrics.meter][INFO] - Meter:
SequenceAccuracy:	0.816
TokenAccuracy:	0.971
LengthAccuracy:	0.952
1st Token Accuracy:	1.000
2nd Token Accuracy:	1.000
Average Loss:	0.170
[2021-10-27 13:17:27,121][core.trainer][INFO] - Computing metrics for 'val' dataset
[2021-10-27 13:17:31,636][core.metrics.meter][INFO] - Meter:
SequenceAccuracy:	0.836
TokenAccuracy:	0.976
LengthAccuracy:	0.954
1st Token Accuracy:	1.000
2nd Token Accuracy:	1.000
Average Loss:	0.148
[2021-10-27 13:18:06,552][core.trainer][INFO] - Computing metrics for 'val' dataset
[2021-10-27 13:18:11,088][core.metrics.meter][INFO] - Meter:
SequenceAccuracy:	0.856
TokenAccuracy:	0.981
LengthAccuracy:	0.950
1st Token Accuracy:	1.000
2nd Token Accuracy:	1.000
Average Loss:	0.139
[2021-10-27 13:18:46,316][core.trainer][INFO] - Computing metrics for 'val' dataset
[2021-10-27 13:18:50,840][core.metrics.meter][INFO] - Meter:
SequenceAccuracy:	0.865
TokenAccuracy:	0.981
LengthAccuracy:	0.950
1st Token Accuracy:	1.000
2nd Token Accuracy:	1.000
Average Loss:	0.130
[2021-10-27 13:19:26,293][core.trainer][INFO] - Computing metrics for 'val' dataset
[2021-10-27 13:19:30,822][core.metrics.meter][INFO] - Meter:
SequenceAccuracy:	0.869
TokenAccuracy:	0.983
LengthAccuracy:	0.947
1st Token Accuracy:	1.000
2nd Token Accuracy:	1.000
Average Loss:	0.125
[2021-10-27 13:20:05,984][core.trainer][INFO] - Computing metrics for 'val' dataset
[2021-10-27 13:20:11,765][core.metrics.meter][INFO] - Meter:
SequenceAccuracy:	0.878
TokenAccuracy:	0.985
LengthAccuracy:	0.945
1st Token Accuracy:	1.000
2nd Token Accuracy:	1.000
Average Loss:	0.121
[2021-10-27 13:20:11,896][core.early_stopping][INFO] - Early stopping counter: 1 / 5
[2021-10-27 13:20:11,948][core.early_stopping][INFO] - Pausing model saving until validation loss decreases by 0.0001
[2021-10-27 13:20:46,788][core.trainer][INFO] - Computing metrics for 'val' dataset
[2021-10-27 13:20:51,310][core.metrics.meter][INFO] - Meter:
SequenceAccuracy:	0.891
TokenAccuracy:	0.988
LengthAccuracy:	0.944
1st Token Accuracy:	1.000
2nd Token Accuracy:	1.000
Average Loss:	0.108
[2021-10-27 13:21:26,587][core.trainer][INFO] - Computing metrics for 'val' dataset
[2021-10-27 13:21:31,114][core.metrics.meter][INFO] - Meter:
SequenceAccuracy:	0.893
TokenAccuracy:	0.989
LengthAccuracy:	0.947
1st Token Accuracy:	1.000
2nd Token Accuracy:	1.000
Average Loss:	0.106
[2021-10-27 13:21:31,397][core.trainer][INFO] - Computing metrics for 'test' dataset
[2021-10-27 13:22:15,255][core.metrics.meter][INFO] - Meter:
SequenceAccuracy:	0.905
TokenAccuracy:	0.988
LengthAccuracy:	0.951
1st Token Accuracy:	1.000
2nd Token Accuracy:	1.000
Average Loss:	0.105
[2021-10-27 13:22:15,257][core.trainer][INFO] - Computing metrics for 'gen' dataset
[2021-10-27 13:23:02,882][core.metrics.meter][INFO] - Meter:
SequenceAccuracy:	0.002
TokenAccuracy:	0.630
LengthAccuracy:	0.981
1st Token Accuracy:	0.020
2nd Token Accuracy:	1.000
Average Loss:	1.586
[2021-10-27 13:23:02,883][core.trainer][INFO] - EPOCH 3 / 50
[2021-10-27 13:23:02,883][core.trainer][INFO] - Computing metrics for 'train' dataset
[2021-10-27 13:23:37,872][core.trainer][INFO] - Computing metrics for 'val' dataset
[2021-10-27 13:23:42,399][core.metrics.meter][INFO] - Meter:
SequenceAccuracy:	0.906
TokenAccuracy:	0.991
LengthAccuracy:	0.951
1st Token Accuracy:	1.000
2nd Token Accuracy:	1.000
Average Loss:	0.097
[2021-10-27 13:24:17,667][core.trainer][INFO] - Computing metrics for 'val' dataset
[2021-10-27 13:24:23,494][core.metrics.meter][INFO] - Meter:
SequenceAccuracy:	0.916
TokenAccuracy:	0.992
LengthAccuracy:	0.954
1st Token Accuracy:	1.000
2nd Token Accuracy:	1.000
Average Loss:	0.090
[2021-10-27 13:24:58,723][core.trainer][INFO] - Computing metrics for 'val' dataset
[2021-10-27 13:25:04,525][core.metrics.meter][INFO] - Meter:
SequenceAccuracy:	0.914
TokenAccuracy:	0.993
LengthAccuracy:	0.948
1st Token Accuracy:	1.000
2nd Token Accuracy:	1.000
Average Loss:	0.091
[2021-10-27 13:25:39,718][core.trainer][INFO] - Computing metrics for 'val' dataset
[2021-10-27 13:25:44,243][core.metrics.meter][INFO] - Meter:
SequenceAccuracy:	0.923
TokenAccuracy:	0.993
LengthAccuracy:	0.956
1st Token Accuracy:	1.000
2nd Token Accuracy:	1.000
Average Loss:	0.082
[2021-10-27 13:26:19,620][core.trainer][INFO] - Computing metrics for 'val' dataset
[2021-10-27 13:26:25,429][core.metrics.meter][INFO] - Meter:
SequenceAccuracy:	0.921
TokenAccuracy:	0.995
LengthAccuracy:	0.951
1st Token Accuracy:	1.000
2nd Token Accuracy:	1.000
Average Loss:	0.081
[2021-10-27 13:27:00,710][core.trainer][INFO] - Computing metrics for 'val' dataset
[2021-10-27 13:27:05,228][core.metrics.meter][INFO] - Meter:
SequenceAccuracy:	0.925
TokenAccuracy:	0.994
LengthAccuracy:	0.952
1st Token Accuracy:	1.000
2nd Token Accuracy:	1.000
Average Loss:	0.081
[2021-10-27 13:27:05,374][core.early_stopping][INFO] - Early stopping counter: 1 / 5
[2021-10-27 13:27:05,388][core.early_stopping][INFO] - Pausing model saving until validation loss decreases by 0.0001
[2021-10-27 13:27:40,385][core.trainer][INFO] - Computing metrics for 'val' dataset
[2021-10-27 13:27:44,905][core.metrics.meter][INFO] - Meter:
SequenceAccuracy:	0.932
TokenAccuracy:	0.995
LengthAccuracy:	0.957
1st Token Accuracy:	1.000
2nd Token Accuracy:	1.000
Average Loss:	0.073
[2021-10-27 13:27:45,022][core.early_stopping][INFO] - Early stopping counter: 2 / 5
[2021-10-27 13:27:45,074][core.early_stopping][INFO] - Pausing model saving until validation loss decreases by 0.0001
[2021-10-27 13:28:19,992][core.trainer][INFO] - Computing metrics for 'val' dataset
[2021-10-27 13:28:24,529][core.metrics.meter][INFO] - Meter:
SequenceAccuracy:	0.930
TokenAccuracy:	0.995
LengthAccuracy:	0.953
1st Token Accuracy:	1.000
2nd Token Accuracy:	1.000
Average Loss:	0.074
[2021-10-27 13:28:59,609][core.trainer][INFO] - Computing metrics for 'val' dataset
[2021-10-27 13:29:05,394][core.metrics.meter][INFO] - Meter:
SequenceAccuracy:	0.928
TokenAccuracy:	0.996
LengthAccuracy:	0.947
1st Token Accuracy:	1.000
2nd Token Accuracy:	1.000
Average Loss:	0.076
[2021-10-27 13:29:05,504][core.early_stopping][INFO] - Early stopping counter: 1 / 5
[2021-10-27 13:29:05,556][core.early_stopping][INFO] - Pausing model saving until validation loss decreases by 0.0001
[2021-10-27 13:29:40,444][core.trainer][INFO] - Computing metrics for 'val' dataset
[2021-10-27 13:29:44,961][core.metrics.meter][INFO] - Meter:
SequenceAccuracy:	0.938
TokenAccuracy:	0.997
LengthAccuracy:	0.955
1st Token Accuracy:	1.000
2nd Token Accuracy:	1.000
Average Loss:	0.067
[2021-10-27 13:29:45,070][core.early_stopping][INFO] - Early stopping counter: 2 / 5
[2021-10-27 13:29:45,121][core.early_stopping][INFO] - Pausing model saving until validation loss decreases by 0.0001
[2021-10-27 13:30:20,106][core.trainer][INFO] - Computing metrics for 'val' dataset
[2021-10-27 13:30:24,640][core.metrics.meter][INFO] - Meter:
SequenceAccuracy:	0.930
TokenAccuracy:	0.997
LengthAccuracy:	0.949
1st Token Accuracy:	1.000
2nd Token Accuracy:	1.000
Average Loss:	0.074
[2021-10-27 13:30:59,825][core.trainer][INFO] - Computing metrics for 'val' dataset
[2021-10-27 13:31:05,644][core.metrics.meter][INFO] - Meter:
SequenceAccuracy:	0.933
TokenAccuracy:	0.997
LengthAccuracy:	0.953
1st Token Accuracy:	1.000
2nd Token Accuracy:	1.000
Average Loss:	0.069
[2021-10-27 13:31:05,783][core.early_stopping][INFO] - Early stopping counter: 1 / 5
[2021-10-27 13:31:05,835][core.early_stopping][INFO] - Pausing model saving until validation loss decreases by 0.0001
[2021-10-27 13:31:40,655][core.trainer][INFO] - Computing metrics for 'val' dataset
[2021-10-27 13:31:45,180][core.metrics.meter][INFO] - Meter:
SequenceAccuracy:	0.936
TokenAccuracy:	0.997
LengthAccuracy:	0.953
1st Token Accuracy:	1.000
2nd Token Accuracy:	1.000
Average Loss:	0.065
[2021-10-27 13:31:45,287][core.early_stopping][INFO] - Early stopping counter: 2 / 5
[2021-10-27 13:31:45,338][core.early_stopping][INFO] - Pausing model saving until validation loss decreases by 0.0001
[2021-10-27 13:32:20,303][core.trainer][INFO] - Computing metrics for 'val' dataset
[2021-10-27 13:32:24,827][core.metrics.meter][INFO] - Meter:
SequenceAccuracy:	0.935
TokenAccuracy:	0.998
LengthAccuracy:	0.948
1st Token Accuracy:	1.000
2nd Token Accuracy:	1.000
Average Loss:	0.070
[2021-10-27 13:32:24,935][core.early_stopping][INFO] - Early stopping counter: 3 / 5
[2021-10-27 13:32:24,987][core.early_stopping][INFO] - Pausing model saving until validation loss decreases by 0.0001
[2021-10-27 13:32:59,833][core.trainer][INFO] - Computing metrics for 'val' dataset
[2021-10-27 13:33:04,355][core.metrics.meter][INFO] - Meter:
SequenceAccuracy:	0.940
TokenAccuracy:	0.997
LengthAccuracy:	0.954
1st Token Accuracy:	1.000
2nd Token Accuracy:	1.000
Average Loss:	0.065
[2021-10-27 13:33:04,479][core.early_stopping][INFO] - Early stopping counter: 4 / 5
[2021-10-27 13:33:04,530][core.early_stopping][INFO] - Pausing model saving until validation loss decreases by 0.0001
[2021-10-27 13:33:39,414][core.trainer][INFO] - Computing metrics for 'val' dataset
[2021-10-27 13:33:43,958][core.metrics.meter][INFO] - Meter:
SequenceAccuracy:	0.936
TokenAccuracy:	0.997
LengthAccuracy:	0.950
1st Token Accuracy:	1.000
2nd Token Accuracy:	1.000
Average Loss:	0.067
[2021-10-27 13:34:19,267][core.trainer][INFO] - Computing metrics for 'val' dataset
[2021-10-27 13:34:23,777][core.metrics.meter][INFO] - Meter:
SequenceAccuracy:	0.934
TokenAccuracy:	0.998
LengthAccuracy:	0.949
1st Token Accuracy:	1.000
2nd Token Accuracy:	1.000
Average Loss:	0.067
[2021-10-27 13:34:23,920][core.early_stopping][INFO] - Early stopping counter: 1 / 5
[2021-10-27 13:34:23,920][core.early_stopping][INFO] - Pausing model saving until validation loss decreases by 0.0001
[2021-10-27 13:34:58,897][core.trainer][INFO] - Computing metrics for 'val' dataset
[2021-10-27 13:35:03,491][core.metrics.meter][INFO] - Meter:
SequenceAccuracy:	0.942
TokenAccuracy:	0.998
LengthAccuracy:	0.954
1st Token Accuracy:	1.000
2nd Token Accuracy:	1.000
Average Loss:	0.060
[2021-10-27 13:35:03,614][core.early_stopping][INFO] - Early stopping counter: 2 / 5
[2021-10-27 13:35:03,666][core.early_stopping][INFO] - Pausing model saving until validation loss decreases by 0.0001
[2021-10-27 13:35:38,364][core.trainer][INFO] - Computing metrics for 'val' dataset
[2021-10-27 13:35:42,889][core.metrics.meter][INFO] - Meter:
SequenceAccuracy:	0.943
TokenAccuracy:	0.998
LengthAccuracy:	0.954
1st Token Accuracy:	1.000
2nd Token Accuracy:	1.000
Average Loss:	0.060
[2021-10-27 13:35:43,020][core.early_stopping][INFO] - Early stopping counter: 3 / 5
[2021-10-27 13:35:43,070][core.early_stopping][INFO] - Pausing model saving until validation loss decreases by 0.0001
[2021-10-27 13:36:18,012][core.trainer][INFO] - Computing metrics for 'val' dataset
[2021-10-27 13:36:22,527][core.metrics.meter][INFO] - Meter:
SequenceAccuracy:	0.940
TokenAccuracy:	0.998
LengthAccuracy:	0.951
1st Token Accuracy:	1.000
2nd Token Accuracy:	1.000
Average Loss:	0.065
[2021-10-27 13:36:22,634][core.early_stopping][INFO] - Early stopping counter: 4 / 5
[2021-10-27 13:36:22,685][core.early_stopping][INFO] - Pausing model saving until validation loss decreases by 0.0001
[2021-10-27 13:36:22,687][core.trainer][INFO] - Computing metrics for 'test' dataset
[2021-10-27 13:37:06,548][core.metrics.meter][INFO] - Meter:
SequenceAccuracy:	0.944
TokenAccuracy:	0.998
LengthAccuracy:	0.955
1st Token Accuracy:	1.000
2nd Token Accuracy:	1.000
Average Loss:	0.059
[2021-10-27 13:37:06,548][core.trainer][INFO] - Computing metrics for 'gen' dataset
[2021-10-27 13:37:54,173][core.metrics.meter][INFO] - Meter:
SequenceAccuracy:	0.003
TokenAccuracy:	0.652
LengthAccuracy:	0.981
1st Token Accuracy:	0.037
2nd Token Accuracy:	1.000
Average Loss:	1.703
[2021-10-27 13:37:54,174][core.trainer][INFO] - EPOCH 4 / 50
[2021-10-27 13:37:54,174][core.trainer][INFO] - Computing metrics for 'train' dataset
[2021-10-27 13:38:29,136][core.trainer][INFO] - Computing metrics for 'val' dataset
[2021-10-27 13:38:34,934][core.metrics.meter][INFO] - Meter:
SequenceAccuracy:	0.942
TokenAccuracy:	0.999
LengthAccuracy:	0.952
1st Token Accuracy:	1.000
2nd Token Accuracy:	1.000
Average Loss:	0.059
[2021-10-27 13:38:35,097][core.early_stopping][INFO] - Early stopping counter: 5 / 5
[2021-10-27 13:38:35,097][core.early_stopping][INFO] - Pausing model saving until validation loss decreases by 0.0001
[2021-10-27 13:38:35,098][core.trainer][INFO] - Computing metrics for 'test' dataset
[2021-10-27 13:39:31,546][core.metrics.meter][INFO] - Meter:
SequenceAccuracy:	0.939
TokenAccuracy:	0.998
LengthAccuracy:	0.950
1st Token Accuracy:	1.000
2nd Token Accuracy:	1.000
Average Loss:	0.064
[2021-10-27 13:39:31,547][core.trainer][INFO] - Computing metrics for 'gen' dataset
[2021-10-27 13:40:32,868][core.metrics.meter][INFO] - Meter:
SequenceAccuracy:	0.003
TokenAccuracy:	0.655
LengthAccuracy:	0.982
1st Token Accuracy:	0.034
2nd Token Accuracy:	1.000
Average Loss:	1.685
[2021-10-27 13:40:32,869][core.trainer][INFO] - EPOCH 5 / 50
[2021-10-27 13:40:32,869][core.trainer][INFO] - Computing metrics for 'train' dataset
[2021-10-27 13:41:08,049][core.trainer][INFO] - Computing metrics for 'val' dataset
[2021-10-27 13:41:12,571][core.metrics.meter][INFO] - Meter:
SequenceAccuracy:	0.941
TokenAccuracy:	0.998
LengthAccuracy:	0.952
1st Token Accuracy:	1.000
2nd Token Accuracy:	1.000
Average Loss:	0.060
[2021-10-27 13:41:47,707][core.trainer][INFO] - Computing metrics for 'val' dataset
[2021-10-27 13:41:53,506][core.metrics.meter][INFO] - Meter:
SequenceAccuracy:	0.955
TokenAccuracy:	0.998
LengthAccuracy:	0.964
1st Token Accuracy:	1.000
2nd Token Accuracy:	1.000
Average Loss:	0.047
[2021-10-27 13:42:28,872][core.trainer][INFO] - Computing metrics for 'val' dataset
[2021-10-27 13:42:33,414][core.metrics.meter][INFO] - Meter:
SequenceAccuracy:	0.941
TokenAccuracy:	0.999
LengthAccuracy:	0.949
1st Token Accuracy:	1.000
2nd Token Accuracy:	1.000
Average Loss:	0.063
[2021-10-27 13:43:08,554][core.trainer][INFO] - Computing metrics for 'val' dataset
[2021-10-27 13:43:13,087][core.metrics.meter][INFO] - Meter:
SequenceAccuracy:	0.946
TokenAccuracy:	0.999
LengthAccuracy:	0.953
1st Token Accuracy:	1.000
2nd Token Accuracy:	1.000
Average Loss:	0.059
[2021-10-27 13:43:13,202][core.early_stopping][INFO] - Early stopping counter: 1 / 5
[2021-10-27 13:43:13,255][core.early_stopping][INFO] - Pausing model saving until validation loss decreases by 0.0001
[2021-10-27 13:43:48,225][core.trainer][INFO] - Computing metrics for 'val' dataset
[2021-10-27 13:43:52,763][core.metrics.meter][INFO] - Meter:
SequenceAccuracy:	0.944
TokenAccuracy:	0.999
LengthAccuracy:	0.952
1st Token Accuracy:	1.000
2nd Token Accuracy:	1.000
Average Loss:	0.062
[2021-10-27 13:44:28,004][core.trainer][INFO] - Computing metrics for 'val' dataset
[2021-10-27 13:44:33,809][core.metrics.meter][INFO] - Meter:
SequenceAccuracy:	0.945
TokenAccuracy:	0.999
LengthAccuracy:	0.952
1st Token Accuracy:	1.000
2nd Token Accuracy:	1.000
Average Loss:	0.061
[2021-10-27 13:44:33,954][core.early_stopping][INFO] - Early stopping counter: 1 / 5
[2021-10-27 13:44:34,006][core.early_stopping][INFO] - Pausing model saving until validation loss decreases by 0.0001
[2021-10-27 13:45:09,050][core.trainer][INFO] - Computing metrics for 'val' dataset
[2021-10-27 13:45:13,564][core.metrics.meter][INFO] - Meter:
SequenceAccuracy:	0.944
TokenAccuracy:	0.999
LengthAccuracy:	0.951
1st Token Accuracy:	1.000
2nd Token Accuracy:	1.000
Average Loss:	0.059
[2021-10-27 13:45:48,877][core.trainer][INFO] - Computing metrics for 'val' dataset
[2021-10-27 13:45:53,431][core.metrics.meter][INFO] - Meter:
SequenceAccuracy:	0.944
TokenAccuracy:	0.999
LengthAccuracy:	0.951
1st Token Accuracy:	1.000
2nd Token Accuracy:	1.000
Average Loss:	0.058
[2021-10-27 13:46:28,517][core.trainer][INFO] - Computing metrics for 'val' dataset
[2021-10-27 13:46:33,084][core.metrics.meter][INFO] - Meter:
SequenceAccuracy:	0.948
TokenAccuracy:	0.999
LengthAccuracy:	0.953
1st Token Accuracy:	1.000
2nd Token Accuracy:	1.000
Average Loss:	0.053
[2021-10-27 13:46:33,218][core.early_stopping][INFO] - Early stopping counter: 1 / 5
[2021-10-27 13:46:33,269][core.early_stopping][INFO] - Pausing model saving until validation loss decreases by 0.0001
[2021-10-27 13:47:08,103][core.trainer][INFO] - Computing metrics for 'val' dataset
[2021-10-27 13:47:12,622][core.metrics.meter][INFO] - Meter:
SequenceAccuracy:	0.948
TokenAccuracy:	0.999
LengthAccuracy:	0.955
1st Token Accuracy:	1.000
2nd Token Accuracy:	1.000
Average Loss:	0.055
[2021-10-27 13:47:12,733][core.early_stopping][INFO] - Early stopping counter: 2 / 5
[2021-10-27 13:47:12,786][core.early_stopping][INFO] - Pausing model saving until validation loss decreases by 0.0001
[2021-10-27 13:47:47,706][core.trainer][INFO] - Computing metrics for 'val' dataset
[2021-10-27 13:47:52,232][core.metrics.meter][INFO] - Meter:
SequenceAccuracy:	0.941
TokenAccuracy:	0.999
LengthAccuracy:	0.946
1st Token Accuracy:	1.000
2nd Token Accuracy:	1.000
Average Loss:	0.063
[2021-10-27 13:47:52,345][core.early_stopping][INFO] - Early stopping counter: 3 / 5
[2021-10-27 13:47:52,409][core.early_stopping][INFO] - Pausing model saving until validation loss decreases by 0.0001
[2021-10-27 13:48:27,312][core.trainer][INFO] - Computing metrics for 'val' dataset
[2021-10-27 13:48:31,842][core.metrics.meter][INFO] - Meter:
SequenceAccuracy:	0.947
TokenAccuracy:	0.999
LengthAccuracy:	0.952
1st Token Accuracy:	1.000
2nd Token Accuracy:	1.000
Average Loss:	0.056
[2021-10-27 13:48:31,970][core.early_stopping][INFO] - Early stopping counter: 4 / 5
[2021-10-27 13:48:32,022][core.early_stopping][INFO] - Pausing model saving until validation loss decreases by 0.0001
[2021-10-27 13:49:06,843][core.trainer][INFO] - Computing metrics for 'val' dataset
[2021-10-27 13:49:11,396][core.metrics.meter][INFO] - Meter:
SequenceAccuracy:	0.945
TokenAccuracy:	0.999
LengthAccuracy:	0.950
1st Token Accuracy:	1.000
2nd Token Accuracy:	1.000
Average Loss:	0.061
[2021-10-27 13:49:46,516][core.trainer][INFO] - Computing metrics for 'val' dataset
[2021-10-27 13:49:51,048][core.metrics.meter][INFO] - Meter:
SequenceAccuracy:	0.950
TokenAccuracy:	0.999
LengthAccuracy:	0.954
1st Token Accuracy:	1.000
2nd Token Accuracy:	1.000
Average Loss:	0.053
[2021-10-27 13:49:51,161][core.early_stopping][INFO] - Early stopping counter: 1 / 5
[2021-10-27 13:49:51,213][core.early_stopping][INFO] - Pausing model saving until validation loss decreases by 0.0001
[2021-10-27 13:50:26,153][core.trainer][INFO] - Computing metrics for 'val' dataset
[2021-10-27 13:50:31,952][core.metrics.meter][INFO] - Meter:
SequenceAccuracy:	0.945
TokenAccuracy:	0.999
LengthAccuracy:	0.950
1st Token Accuracy:	1.000
2nd Token Accuracy:	1.000
Average Loss:	0.062
[2021-10-27 13:50:32,073][core.early_stopping][INFO] - Early stopping counter: 2 / 5
[2021-10-27 13:50:32,124][core.early_stopping][INFO] - Pausing model saving until validation loss decreases by 0.0001
[2021-10-27 13:51:06,949][core.trainer][INFO] - Computing metrics for 'val' dataset
[2021-10-27 13:51:11,485][core.metrics.meter][INFO] - Meter:
SequenceAccuracy:	0.947
TokenAccuracy:	1.000
LengthAccuracy:	0.951
1st Token Accuracy:	1.000
2nd Token Accuracy:	1.000
Average Loss:	0.055
[2021-10-27 13:51:11,620][core.early_stopping][INFO] - Early stopping counter: 3 / 5
[2021-10-27 13:51:11,673][core.early_stopping][INFO] - Pausing model saving until validation loss decreases by 0.0001
[2021-10-27 13:51:46,435][core.trainer][INFO] - Computing metrics for 'val' dataset
[2021-10-27 13:51:50,961][core.metrics.meter][INFO] - Meter:
SequenceAccuracy:	0.949
TokenAccuracy:	0.999
LengthAccuracy:	0.954
1st Token Accuracy:	1.000
2nd Token Accuracy:	1.000
Average Loss:	0.055
[2021-10-27 13:51:51,069][core.early_stopping][INFO] - Early stopping counter: 4 / 5
[2021-10-27 13:51:51,121][core.early_stopping][INFO] - Pausing model saving until validation loss decreases by 0.0001
[2021-10-27 13:52:25,923][core.trainer][INFO] - Computing metrics for 'val' dataset
[2021-10-27 13:52:30,439][core.metrics.meter][INFO] - Meter:
SequenceAccuracy:	0.946
TokenAccuracy:	0.999
LengthAccuracy:	0.951
1st Token Accuracy:	1.000
2nd Token Accuracy:	1.000
Average Loss:	0.058
[2021-10-27 13:52:30,552][core.early_stopping][INFO] - Early stopping counter: 5 / 5
[2021-10-27 13:52:30,604][core.early_stopping][INFO] - Pausing model saving until validation loss decreases by 0.0001
[2021-10-27 13:52:30,604][core.trainer][INFO] - Computing metrics for 'test' dataset
[2021-10-27 13:53:14,503][core.metrics.meter][INFO] - Meter:
SequenceAccuracy:	0.946
TokenAccuracy:	0.999
LengthAccuracy:	0.950
1st Token Accuracy:	1.000
2nd Token Accuracy:	1.000
Average Loss:	0.062
[2021-10-27 13:53:14,503][core.trainer][INFO] - Computing metrics for 'gen' dataset
[2021-10-27 13:54:02,119][core.metrics.meter][INFO] - Meter:
SequenceAccuracy:	0.002
TokenAccuracy:	0.656
LengthAccuracy:	0.979
1st Token Accuracy:	0.039
2nd Token Accuracy:	1.000
Average Loss:	1.808
[2021-10-27 13:54:02,120][core.trainer][INFO] - EPOCH 6 / 50
[2021-10-27 13:54:02,120][core.trainer][INFO] - Computing metrics for 'train' dataset
[2021-10-27 13:54:34,775][core.trainer][INFO] - Computing metrics for 'val' dataset
[2021-10-27 13:54:39,334][core.metrics.meter][INFO] - Meter:
SequenceAccuracy:	0.944
TokenAccuracy:	0.999
LengthAccuracy:	0.949
1st Token Accuracy:	1.000
2nd Token Accuracy:	1.000
Average Loss:	0.062
[2021-10-27 13:54:39,474][core.early_stopping][INFO] - Early stopping counter: 6 / 5
[2021-10-27 13:54:39,526][core.early_stopping][INFO] - Pausing model saving until validation loss decreases by 0.0001
[2021-10-27 13:54:39,526][core.trainer][INFO] - Computing metrics for 'test' dataset
[2021-10-27 13:55:23,435][core.metrics.meter][INFO] - Meter:
SequenceAccuracy:	0.946
TokenAccuracy:	0.999
LengthAccuracy:	0.949
1st Token Accuracy:	1.000
2nd Token Accuracy:	1.000
Average Loss:	0.059
[2021-10-27 13:55:23,436][core.trainer][INFO] - Computing metrics for 'gen' dataset
[2021-10-27 13:56:11,232][core.metrics.meter][INFO] - Meter:
SequenceAccuracy:	0.002
TokenAccuracy:	0.655
LengthAccuracy:	0.977
1st Token Accuracy:	0.039
2nd Token Accuracy:	1.000
Average Loss:	1.832
[2021-10-27 13:56:11,233][core.trainer][INFO] - EPOCH 7 / 50
[2021-10-27 13:56:11,233][core.trainer][INFO] - Computing metrics for 'train' dataset
[2021-10-27 13:56:43,740][core.trainer][INFO] - Computing metrics for 'val' dataset
[2021-10-27 13:56:48,278][core.metrics.meter][INFO] - Meter:
SequenceAccuracy:	0.952
TokenAccuracy:	0.999
LengthAccuracy:	0.956
1st Token Accuracy:	1.000
2nd Token Accuracy:	1.000
Average Loss:	0.051
[2021-10-27 13:56:48,395][core.early_stopping][INFO] - Early stopping counter: 7 / 5
[2021-10-27 13:56:48,447][core.early_stopping][INFO] - Pausing model saving until validation loss decreases by 0.0001
[2021-10-27 13:56:48,448][core.trainer][INFO] - Computing metrics for 'test' dataset
[2021-10-27 13:57:32,347][core.metrics.meter][INFO] - Meter:
SequenceAccuracy:	0.954
TokenAccuracy:	0.999
LengthAccuracy:	0.958
1st Token Accuracy:	1.000
2nd Token Accuracy:	1.000
Average Loss:	0.053
[2021-10-27 13:57:32,347][core.trainer][INFO] - Computing metrics for 'gen' dataset
[2021-10-27 13:58:20,007][core.metrics.meter][INFO] - Meter:
SequenceAccuracy:	0.002
TokenAccuracy:	0.659
LengthAccuracy:	0.984
1st Token Accuracy:	0.038
2nd Token Accuracy:	1.000
Average Loss:	1.791
[2021-10-27 13:58:20,007][core.trainer][INFO] - EPOCH 8 / 50
[2021-10-27 13:58:20,008][core.trainer][INFO] - Computing metrics for 'train' dataset
[2021-10-27 13:58:52,641][core.trainer][INFO] - Computing metrics for 'val' dataset
[2021-10-27 13:58:57,178][core.metrics.meter][INFO] - Meter:
SequenceAccuracy:	0.950
TokenAccuracy:	1.000
LengthAccuracy:	0.952
1st Token Accuracy:	1.000
2nd Token Accuracy:	1.000
Average Loss:	0.055
[2021-10-27 13:58:57,288][core.early_stopping][INFO] - Early stopping counter: 8 / 5
[2021-10-27 13:58:57,340][core.early_stopping][INFO] - Pausing model saving until validation loss decreases by 0.0001
[2021-10-27 13:58:57,340][core.trainer][INFO] - Computing metrics for 'test' dataset
[2021-10-27 13:59:41,298][core.metrics.meter][INFO] - Meter:
SequenceAccuracy:	0.948
TokenAccuracy:	0.999
LengthAccuracy:	0.952
1st Token Accuracy:	1.000
2nd Token Accuracy:	1.000
Average Loss:	0.058
[2021-10-27 13:59:41,298][core.trainer][INFO] - Computing metrics for 'gen' dataset
[2021-10-27 14:00:29,080][core.metrics.meter][INFO] - Meter:
SequenceAccuracy:	0.002
TokenAccuracy:	0.658
LengthAccuracy:	0.979
1st Token Accuracy:	0.041
2nd Token Accuracy:	1.000
Average Loss:	1.804
[2021-10-27 14:00:29,080][core.trainer][INFO] - EPOCH 9 / 50
[2021-10-27 14:00:29,080][core.trainer][INFO] - Computing metrics for 'train' dataset
[2021-10-27 14:01:01,708][core.trainer][INFO] - Computing metrics for 'val' dataset
[2021-10-27 14:01:06,240][core.metrics.meter][INFO] - Meter:
SequenceAccuracy:	0.944
TokenAccuracy:	0.999
LengthAccuracy:	0.947
1st Token Accuracy:	1.000
2nd Token Accuracy:	1.000
Average Loss:	0.061
[2021-10-27 14:01:06,356][core.early_stopping][INFO] - Early stopping counter: 9 / 5
[2021-10-27 14:01:06,408][core.early_stopping][INFO] - Pausing model saving until validation loss decreases by 0.0001
[2021-10-27 14:01:06,408][core.trainer][INFO] - Computing metrics for 'test' dataset
[2021-10-27 14:01:50,331][core.metrics.meter][INFO] - Meter:
SequenceAccuracy:	0.949
TokenAccuracy:	0.999
LengthAccuracy:	0.953
1st Token Accuracy:	1.000
2nd Token Accuracy:	1.000
Average Loss:	0.058
[2021-10-27 14:01:50,331][core.trainer][INFO] - Computing metrics for 'gen' dataset
[2021-10-27 14:02:37,934][core.metrics.meter][INFO] - Meter:
SequenceAccuracy:	0.002
TokenAccuracy:	0.653
LengthAccuracy:	0.980
1st Token Accuracy:	0.040
2nd Token Accuracy:	1.000
Average Loss:	1.838
[2021-10-27 14:02:37,934][core.trainer][INFO] - EPOCH 10 / 50
[2021-10-27 14:02:37,934][core.trainer][INFO] - Computing metrics for 'train' dataset
[2021-10-27 14:03:12,601][core.trainer][INFO] - Computing metrics for 'val' dataset
[2021-10-27 14:03:18,386][core.metrics.meter][INFO] - Meter:
SequenceAccuracy:	0.948
TokenAccuracy:	1.000
LengthAccuracy:	0.950
1st Token Accuracy:	1.000
2nd Token Accuracy:	1.000
Average Loss:	0.059
[2021-10-27 14:03:18,519][core.early_stopping][INFO] - Early stopping counter: 10 / 5
[2021-10-27 14:03:18,570][core.early_stopping][INFO] - Pausing model saving until validation loss decreases by 0.0001
[2021-10-27 14:03:18,571][core.trainer][INFO] - Computing metrics for 'test' dataset
[2021-10-27 14:04:14,896][core.metrics.meter][INFO] - Meter:
SequenceAccuracy:	0.948
TokenAccuracy:	0.999
LengthAccuracy:	0.951
1st Token Accuracy:	1.000
2nd Token Accuracy:	1.000
Average Loss:	0.058
[2021-10-27 14:04:14,896][core.trainer][INFO] - Computing metrics for 'gen' dataset
[2021-10-27 14:05:16,112][core.metrics.meter][INFO] - Meter:
SequenceAccuracy:	0.003
TokenAccuracy:	0.658
LengthAccuracy:	0.982
1st Token Accuracy:	0.038
2nd Token Accuracy:	1.000
Average Loss:	1.815
[2021-10-27 14:05:16,112][core.trainer][INFO] - EPOCH 11 / 50
[2021-10-27 14:05:16,112][core.trainer][INFO] - Computing metrics for 'train' dataset
[2021-10-27 14:05:51,331][core.trainer][INFO] - Computing metrics for 'val' dataset
[2021-10-27 14:05:57,122][core.metrics.meter][INFO] - Meter:
SequenceAccuracy:	0.946
TokenAccuracy:	0.999
LengthAccuracy:	0.949
1st Token Accuracy:	1.000
2nd Token Accuracy:	1.000
Average Loss:	0.063
[2021-10-27 14:05:57,265][core.early_stopping][INFO] - Early stopping counter: 11 / 5
[2021-10-27 14:05:57,316][core.early_stopping][INFO] - Pausing model saving until validation loss decreases by 0.0001
[2021-10-27 14:05:57,317][core.trainer][INFO] - Computing metrics for 'test' dataset
[2021-10-27 14:06:53,829][core.metrics.meter][INFO] - Meter:
SequenceAccuracy:	0.955
TokenAccuracy:	0.999
LengthAccuracy:	0.958
1st Token Accuracy:	1.000
2nd Token Accuracy:	1.000
Average Loss:	0.051
[2021-10-27 14:06:53,830][core.trainer][INFO] - Computing metrics for 'gen' dataset
[2021-10-27 14:07:55,243][core.metrics.meter][INFO] - Meter:
SequenceAccuracy:	0.002
TokenAccuracy:	0.661
LengthAccuracy:	0.981
1st Token Accuracy:	0.039
2nd Token Accuracy:	1.000
Average Loss:	1.820
[2021-10-27 14:07:55,244][core.trainer][INFO] - EPOCH 12 / 50
[2021-10-27 14:07:55,244][core.trainer][INFO] - Computing metrics for 'train' dataset
[2021-10-27 14:08:30,249][core.trainer][INFO] - Computing metrics for 'val' dataset
[2021-10-27 14:08:34,812][core.metrics.meter][INFO] - Meter:
SequenceAccuracy:	0.952
TokenAccuracy:	1.000
LengthAccuracy:	0.954
1st Token Accuracy:	1.000
2nd Token Accuracy:	1.000
Average Loss:	0.055
[2021-10-27 14:08:34,952][core.early_stopping][INFO] - Early stopping counter: 12 / 5
[2021-10-27 14:08:35,003][core.early_stopping][INFO] - Pausing model saving until validation loss decreases by 0.0001
[2021-10-27 14:08:35,004][core.trainer][INFO] - Computing metrics for 'test' dataset
[2021-10-27 14:09:18,990][core.metrics.meter][INFO] - Meter:
SequenceAccuracy:	0.947
TokenAccuracy:	0.999
LengthAccuracy:	0.950
1st Token Accuracy:	1.000
2nd Token Accuracy:	1.000
Average Loss:	0.059
[2021-10-27 14:09:18,991][core.trainer][INFO] - Computing metrics for 'gen' dataset
[2021-10-27 14:10:06,454][core.metrics.meter][INFO] - Meter:
SequenceAccuracy:	0.001
TokenAccuracy:	0.659
LengthAccuracy:	0.983
1st Token Accuracy:	0.036
2nd Token Accuracy:	1.000
Average Loss:	1.820
[2021-10-27 14:10:06,463][core.trainer][INFO] - EPOCH 13 / 50
[2021-10-27 14:10:06,463][core.trainer][INFO] - Computing metrics for 'train' dataset
[2021-10-27 14:10:41,434][core.trainer][INFO] - Computing metrics for 'val' dataset
[2021-10-27 14:10:47,181][core.metrics.meter][INFO] - Meter:
SequenceAccuracy:	0.944
TokenAccuracy:	1.000
LengthAccuracy:	0.948
1st Token Accuracy:	1.000
2nd Token Accuracy:	1.000
Average Loss:	0.061
[2021-10-27 14:10:47,343][core.early_stopping][INFO] - Early stopping counter: 13 / 5
[2021-10-27 14:10:47,343][core.early_stopping][INFO] - Pausing model saving until validation loss decreases by 0.0001
[2021-10-27 14:10:47,343][core.trainer][INFO] - Computing metrics for 'test' dataset
[2021-10-27 14:11:43,433][core.metrics.meter][INFO] - Meter:
SequenceAccuracy:	0.945
TokenAccuracy:	0.999
LengthAccuracy:	0.948
1st Token Accuracy:	1.000
2nd Token Accuracy:	1.000
Average Loss:	0.063
[2021-10-27 14:11:43,467][core.trainer][INFO] - Computing metrics for 'gen' dataset
[2021-10-27 14:12:44,297][core.metrics.meter][INFO] - Meter:
SequenceAccuracy:	0.001
TokenAccuracy:	0.655
LengthAccuracy:	0.982
1st Token Accuracy:	0.039
2nd Token Accuracy:	1.000
Average Loss:	1.854
[2021-10-27 14:12:44,297][core.trainer][INFO] - EPOCH 14 / 50
[2021-10-27 14:12:44,297][core.trainer][INFO] - Computing metrics for 'train' dataset
[2021-10-27 14:13:19,048][core.trainer][INFO] - Computing metrics for 'val' dataset
[2021-10-27 14:13:23,519][core.metrics.meter][INFO] - Meter:
SequenceAccuracy:	0.948
TokenAccuracy:	1.000
LengthAccuracy:	0.950
1st Token Accuracy:	1.000
2nd Token Accuracy:	1.000
Average Loss:	0.056
[2021-10-27 14:13:23,627][core.early_stopping][INFO] - Early stopping counter: 14 / 5
[2021-10-27 14:13:23,676][core.early_stopping][INFO] - Pausing model saving until validation loss decreases by 0.0001
[2021-10-27 14:13:23,677][core.trainer][INFO] - Computing metrics for 'test' dataset
[2021-10-27 14:14:07,066][core.metrics.meter][INFO] - Meter:
SequenceAccuracy:	0.952
TokenAccuracy:	0.999
LengthAccuracy:	0.956
1st Token Accuracy:	1.000
2nd Token Accuracy:	1.000
Average Loss:	0.054
[2021-10-27 14:14:07,066][core.trainer][INFO] - Computing metrics for 'gen' dataset
[2021-10-27 14:14:54,419][core.metrics.meter][INFO] - Meter:
SequenceAccuracy:	0.001
TokenAccuracy:	0.655
LengthAccuracy:	0.980
1st Token Accuracy:	0.039
2nd Token Accuracy:	1.000
Average Loss:	1.860
[2021-10-27 14:14:54,419][core.trainer][INFO] - EPOCH 15 / 50
[2021-10-27 14:14:54,419][core.trainer][INFO] - Computing metrics for 'train' dataset
[2021-10-27 14:15:29,193][core.trainer][INFO] - Computing metrics for 'val' dataset
[2021-10-27 14:15:33,709][core.metrics.meter][INFO] - Meter:
SequenceAccuracy:	0.951
TokenAccuracy:	1.000
LengthAccuracy:	0.954
1st Token Accuracy:	1.000
2nd Token Accuracy:	1.000
Average Loss:	0.055
[2021-10-27 14:15:33,843][core.early_stopping][INFO] - Early stopping counter: 15 / 5
[2021-10-27 14:15:33,893][core.early_stopping][INFO] - Pausing model saving until validation loss decreases by 0.0001
[2021-10-27 14:15:33,893][core.trainer][INFO] - Computing metrics for 'test' dataset
[2021-10-27 14:16:17,563][core.metrics.meter][INFO] - Meter:
SequenceAccuracy:	0.951
TokenAccuracy:	0.999
LengthAccuracy:	0.953
1st Token Accuracy:	1.000
2nd Token Accuracy:	1.000
Average Loss:	0.054
[2021-10-27 14:16:17,563][core.trainer][INFO] - Computing metrics for 'gen' dataset
[2021-10-27 14:17:04,970][core.metrics.meter][INFO] - Meter:
SequenceAccuracy:	0.002
TokenAccuracy:	0.658
LengthAccuracy:	0.983
1st Token Accuracy:	0.035
2nd Token Accuracy:	1.000
Average Loss:	1.847
[2021-10-27 14:17:04,971][core.trainer][INFO] - EPOCH 16 / 50
[2021-10-27 14:17:04,971][core.trainer][INFO] - Computing metrics for 'train' dataset
[2021-10-27 14:17:39,831][core.trainer][INFO] - Computing metrics for 'val' dataset
[2021-10-27 14:17:44,372][core.metrics.meter][INFO] - Meter:
SequenceAccuracy:	0.944
TokenAccuracy:	1.000
LengthAccuracy:	0.946
1st Token Accuracy:	1.000
2nd Token Accuracy:	1.000
Average Loss:	0.061
[2021-10-27 14:17:44,484][core.early_stopping][INFO] - Early stopping counter: 16 / 5
[2021-10-27 14:17:44,535][core.early_stopping][INFO] - Pausing model saving until validation loss decreases by 0.0001
[2021-10-27 14:17:44,535][core.trainer][INFO] - Computing metrics for 'test' dataset
[2021-10-27 14:18:28,457][core.metrics.meter][INFO] - Meter:
SequenceAccuracy:	0.948
TokenAccuracy:	1.000
LengthAccuracy:	0.950
1st Token Accuracy:	1.000
2nd Token Accuracy:	1.000
Average Loss:	0.058
[2021-10-27 14:18:28,457][core.trainer][INFO] - Computing metrics for 'gen' dataset
[2021-10-27 14:19:16,042][core.metrics.meter][INFO] - Meter:
SequenceAccuracy:	0.001
TokenAccuracy:	0.659
LengthAccuracy:	0.982
1st Token Accuracy:	0.039
2nd Token Accuracy:	1.000
Average Loss:	1.860
[2021-10-27 14:19:16,042][core.trainer][INFO] - EPOCH 17 / 50
[2021-10-27 14:19:16,042][core.trainer][INFO] - Computing metrics for 'train' dataset
[2021-10-27 14:19:50,945][core.trainer][INFO] - Computing metrics for 'val' dataset
[2021-10-27 14:19:56,741][core.metrics.meter][INFO] - Meter:
SequenceAccuracy:	0.948
TokenAccuracy:	1.000
LengthAccuracy:	0.949
1st Token Accuracy:	1.000
2nd Token Accuracy:	1.000
Average Loss:	0.062
[2021-10-27 14:19:56,881][core.early_stopping][INFO] - Early stopping counter: 17 / 5
[2021-10-27 14:19:56,932][core.early_stopping][INFO] - Pausing model saving until validation loss decreases by 0.0001
[2021-10-27 14:19:56,932][core.trainer][INFO] - Computing metrics for 'test' dataset
[2021-10-27 14:20:52,979][core.metrics.meter][INFO] - Meter:
SequenceAccuracy:	0.947
TokenAccuracy:	0.999
LengthAccuracy:	0.950
1st Token Accuracy:	1.000
2nd Token Accuracy:	1.000
Average Loss:	0.061
[2021-10-27 14:20:52,980][core.trainer][INFO] - Computing metrics for 'gen' dataset
[2021-10-27 14:21:53,795][core.metrics.meter][INFO] - Meter:
SequenceAccuracy:	0.001
TokenAccuracy:	0.659
LengthAccuracy:	0.980
1st Token Accuracy:	0.043
2nd Token Accuracy:	1.000
Average Loss:	1.857
[2021-10-27 14:21:53,795][core.trainer][INFO] - EPOCH 18 / 50
[2021-10-27 14:21:53,795][core.trainer][INFO] - Computing metrics for 'train' dataset
[2021-10-27 14:22:28,598][core.trainer][INFO] - Computing metrics for 'val' dataset
[2021-10-27 14:22:34,366][core.metrics.meter][INFO] - Meter:
SequenceAccuracy:	0.952
TokenAccuracy:	0.999
LengthAccuracy:	0.955
1st Token Accuracy:	1.000
2nd Token Accuracy:	1.000
Average Loss:	0.054
[2021-10-27 14:23:09,613][core.trainer][INFO] - Computing metrics for 'val' dataset
[2021-10-27 14:23:14,109][core.metrics.meter][INFO] - Meter:
SequenceAccuracy:	0.952
TokenAccuracy:	1.000
LengthAccuracy:	0.955
1st Token Accuracy:	1.000
2nd Token Accuracy:	1.000
Average Loss:	0.051
[2021-10-27 14:23:14,218][core.early_stopping][INFO] - Early stopping counter: 1 / 5
[2021-10-27 14:23:14,269][core.early_stopping][INFO] - Pausing model saving until validation loss decreases by 0.0001
[2021-10-27 14:23:49,047][core.trainer][INFO] - Computing metrics for 'val' dataset
[2021-10-27 14:23:53,544][core.metrics.meter][INFO] - Meter:
SequenceAccuracy:	0.946
TokenAccuracy:	0.999
LengthAccuracy:	0.949
1st Token Accuracy:	1.000
2nd Token Accuracy:	1.000
Average Loss:	0.060
[2021-10-27 14:23:53,693][core.early_stopping][INFO] - Early stopping counter: 2 / 5
[2021-10-27 14:23:53,694][core.early_stopping][INFO] - Pausing model saving until validation loss decreases by 0.0001
[2021-10-27 14:24:28,466][core.trainer][INFO] - Computing metrics for 'val' dataset
[2021-10-27 14:24:32,991][core.metrics.meter][INFO] - Meter:
SequenceAccuracy:	0.951
TokenAccuracy:	1.000
LengthAccuracy:	0.954
1st Token Accuracy:	1.000
2nd Token Accuracy:	1.000
Average Loss:	0.055
[2021-10-27 14:24:33,118][core.early_stopping][INFO] - Early stopping counter: 3 / 5
[2021-10-27 14:24:33,169][core.early_stopping][INFO] - Pausing model saving until validation loss decreases by 0.0001
[2021-10-27 14:25:07,931][core.trainer][INFO] - Computing metrics for 'val' dataset
[2021-10-27 14:25:12,465][core.metrics.meter][INFO] - Meter:
SequenceAccuracy:	0.949
TokenAccuracy:	1.000
LengthAccuracy:	0.950
1st Token Accuracy:	1.000
2nd Token Accuracy:	1.000
Average Loss:	0.057
[2021-10-27 14:25:12,587][core.early_stopping][INFO] - Early stopping counter: 4 / 5
[2021-10-27 14:25:12,637][core.early_stopping][INFO] - Pausing model saving until validation loss decreases by 0.0001
[2021-10-27 14:25:47,150][core.trainer][INFO] - Computing metrics for 'val' dataset
[2021-10-27 14:25:52,878][core.metrics.meter][INFO] - Meter:
SequenceAccuracy:	0.951
TokenAccuracy:	1.000
LengthAccuracy:	0.952
1st Token Accuracy:	1.000
2nd Token Accuracy:	1.000
Average Loss:	0.055
[2021-10-27 14:25:52,987][core.early_stopping][INFO] - Early stopping counter: 5 / 5
[2021-10-27 14:25:53,040][core.early_stopping][INFO] - Pausing model saving until validation loss decreases by 0.0001
[2021-10-27 14:25:53,041][core.trainer][INFO] - Computing metrics for 'test' dataset
[2021-10-27 14:26:48,877][core.metrics.meter][INFO] - Meter:
SequenceAccuracy:	0.951
TokenAccuracy:	1.000
LengthAccuracy:	0.952
1st Token Accuracy:	1.000
2nd Token Accuracy:	1.000
Average Loss:	0.057
[2021-10-27 14:26:48,878][core.trainer][INFO] - Computing metrics for 'gen' dataset
[2021-10-27 14:27:49,541][core.metrics.meter][INFO] - Meter:
SequenceAccuracy:	0.002
TokenAccuracy:	0.658
LengthAccuracy:	0.981
1st Token Accuracy:	0.040
2nd Token Accuracy:	1.000
Average Loss:	1.881
[2021-10-27 14:27:49,542][core.trainer][INFO] - EPOCH 19 / 50
[2021-10-27 14:27:49,542][core.trainer][INFO] - Computing metrics for 'train' dataset
[2021-10-27 14:28:24,263][core.trainer][INFO] - Computing metrics for 'val' dataset
[2021-10-27 14:28:28,744][core.metrics.meter][INFO] - Meter:
SequenceAccuracy:	0.944
TokenAccuracy:	1.000
LengthAccuracy:	0.945
1st Token Accuracy:	1.000
2nd Token Accuracy:	1.000
Average Loss:	0.064
[2021-10-27 14:28:28,846][core.early_stopping][INFO] - Early stopping counter: 6 / 5
[2021-10-27 14:28:28,895][core.early_stopping][INFO] - Pausing model saving until validation loss decreases by 0.0001
[2021-10-27 14:28:28,895][core.trainer][INFO] - Computing metrics for 'test' dataset
[2021-10-27 14:29:12,236][core.metrics.meter][INFO] - Meter:
SequenceAccuracy:	0.952
TokenAccuracy:	1.000
LengthAccuracy:	0.953
1st Token Accuracy:	1.000
2nd Token Accuracy:	1.000
Average Loss:	0.054
[2021-10-27 14:29:12,236][core.trainer][INFO] - Computing metrics for 'gen' dataset
[2021-10-27 14:29:59,231][core.metrics.meter][INFO] - Meter:
SequenceAccuracy:	0.001
TokenAccuracy:	0.656
LengthAccuracy:	0.980
1st Token Accuracy:	0.044
2nd Token Accuracy:	1.000
Average Loss:	1.901
[2021-10-27 14:29:59,231][core.trainer][INFO] - EPOCH 20 / 50
[2021-10-27 14:29:59,231][core.trainer][INFO] - Computing metrics for 'train' dataset
[2021-10-27 14:30:33,997][core.trainer][INFO] - Computing metrics for 'val' dataset
[2021-10-27 14:30:38,509][core.metrics.meter][INFO] - Meter:
SequenceAccuracy:	0.948
TokenAccuracy:	1.000
LengthAccuracy:	0.949
1st Token Accuracy:	1.000
2nd Token Accuracy:	1.000
Average Loss:	0.059
[2021-10-27 14:30:38,688][core.early_stopping][INFO] - Early stopping counter: 7 / 5
[2021-10-27 14:30:38,689][core.early_stopping][INFO] - Pausing model saving until validation loss decreases by 0.0001
[2021-10-27 14:30:38,689][core.trainer][INFO] - Computing metrics for 'test' dataset
[2021-10-27 14:31:22,252][core.metrics.meter][INFO] - Meter:
SequenceAccuracy:	0.950
TokenAccuracy:	0.999
LengthAccuracy:	0.952
1st Token Accuracy:	1.000
2nd Token Accuracy:	1.000
Average Loss:	0.058
[2021-10-27 14:31:22,252][core.trainer][INFO] - Computing metrics for 'gen' dataset
[2021-10-27 14:32:09,353][core.metrics.meter][INFO] - Meter:
SequenceAccuracy:	0.001
TokenAccuracy:	0.659
LengthAccuracy:	0.980
1st Token Accuracy:	0.040
2nd Token Accuracy:	1.000
Average Loss:	1.873
[2021-10-27 14:32:09,354][core.trainer][INFO] - EPOCH 21 / 50
[2021-10-27 14:32:09,354][core.trainer][INFO] - Computing metrics for 'train' dataset
[2021-10-27 14:32:44,119][core.trainer][INFO] - Computing metrics for 'val' dataset
[2021-10-27 14:32:48,616][core.metrics.meter][INFO] - Meter:
SequenceAccuracy:	0.950
TokenAccuracy:	1.000
LengthAccuracy:	0.951
1st Token Accuracy:	1.000
2nd Token Accuracy:	1.000
Average Loss:	0.053
[2021-10-27 14:32:48,738][core.early_stopping][INFO] - Early stopping counter: 8 / 5
[2021-10-27 14:32:48,788][core.early_stopping][INFO] - Pausing model saving until validation loss decreases by 0.0001
[2021-10-27 14:32:48,788][core.trainer][INFO] - Computing metrics for 'test' dataset
[2021-10-27 14:33:32,409][core.metrics.meter][INFO] - Meter:
SequenceAccuracy:	0.949
TokenAccuracy:	0.999
LengthAccuracy:	0.950
1st Token Accuracy:	1.000
2nd Token Accuracy:	1.000
Average Loss:	0.058
[2021-10-27 14:33:32,410][core.trainer][INFO] - Computing metrics for 'gen' dataset
[2021-10-27 14:34:19,603][core.metrics.meter][INFO] - Meter:
SequenceAccuracy:	0.001
TokenAccuracy:	0.655
LengthAccuracy:	0.982
1st Token Accuracy:	0.040
2nd Token Accuracy:	1.000
Average Loss:	1.902
[2021-10-27 14:34:19,603][core.trainer][INFO] - EPOCH 22 / 50
[2021-10-27 14:34:19,610][core.trainer][INFO] - Computing metrics for 'train' dataset
[2021-10-27 14:34:53,176][core.trainer][INFO] - Computing metrics for 'val' dataset
[2021-10-27 14:34:57,664][core.metrics.meter][INFO] - Meter:
SequenceAccuracy:	0.952
TokenAccuracy:	1.000
LengthAccuracy:	0.954
1st Token Accuracy:	1.000
2nd Token Accuracy:	1.000
Average Loss:	0.053
[2021-10-27 14:34:57,796][core.early_stopping][INFO] - Early stopping counter: 9 / 5
[2021-10-27 14:34:57,846][core.early_stopping][INFO] - Pausing model saving until validation loss decreases by 0.0001
[2021-10-27 14:34:57,847][core.trainer][INFO] - Computing metrics for 'test' dataset
[2021-10-27 14:35:41,219][core.metrics.meter][INFO] - Meter:
SequenceAccuracy:	0.948
TokenAccuracy:	1.000
LengthAccuracy:	0.950
1st Token Accuracy:	1.000
2nd Token Accuracy:	1.000
Average Loss:	0.061
[2021-10-27 14:35:41,220][core.trainer][INFO] - Computing metrics for 'gen' dataset
[2021-10-27 14:36:28,337][core.metrics.meter][INFO] - Meter:
SequenceAccuracy:	0.002
TokenAccuracy:	0.657
LengthAccuracy:	0.980
1st Token Accuracy:	0.041
2nd Token Accuracy:	1.000
Average Loss:	1.909
[2021-10-27 14:36:28,337][core.trainer][INFO] - EPOCH 23 / 50
[2021-10-27 14:36:28,337][core.trainer][INFO] - Computing metrics for 'train' dataset
[2021-10-27 14:37:00,373][core.trainer][INFO] - Computing metrics for 'val' dataset
[2021-10-27 14:37:04,858][core.metrics.meter][INFO] - Meter:
SequenceAccuracy:	0.950
TokenAccuracy:	1.000
LengthAccuracy:	0.952
1st Token Accuracy:	1.000
2nd Token Accuracy:	1.000
Average Loss:	0.056
[2021-10-27 14:37:05,013][core.early_stopping][INFO] - Early stopping counter: 10 / 5
[2021-10-27 14:37:05,013][core.early_stopping][INFO] - Pausing model saving until validation loss decreases by 0.0001
[2021-10-27 14:37:05,014][core.trainer][INFO] - Computing metrics for 'test' dataset
[2021-10-27 14:37:48,365][core.metrics.meter][INFO] - Meter:
SequenceAccuracy:	0.949
TokenAccuracy:	0.999
LengthAccuracy:	0.951
1st Token Accuracy:	1.000
2nd Token Accuracy:	1.000
Average Loss:	0.057
[2021-10-27 14:37:48,365][core.trainer][INFO] - Computing metrics for 'gen' dataset
[2021-10-27 14:38:35,430][core.metrics.meter][INFO] - Meter:
SequenceAccuracy:	0.001
TokenAccuracy:	0.657
LengthAccuracy:	0.982
1st Token Accuracy:	0.043
2nd Token Accuracy:	1.000
Average Loss:	1.905
[2021-10-27 14:38:35,430][core.trainer][INFO] - EPOCH 24 / 50
[2021-10-27 14:38:35,430][core.trainer][INFO] - Computing metrics for 'train' dataset
[2021-10-27 14:39:07,790][core.trainer][INFO] - Computing metrics for 'val' dataset
[2021-10-27 14:39:12,307][core.metrics.meter][INFO] - Meter:
SequenceAccuracy:	0.946
TokenAccuracy:	1.000
LengthAccuracy:	0.948
1st Token Accuracy:	1.000
2nd Token Accuracy:	1.000
Average Loss:	0.060
[2021-10-27 14:39:12,448][core.early_stopping][INFO] - Early stopping counter: 11 / 5
[2021-10-27 14:39:12,499][core.early_stopping][INFO] - Pausing model saving until validation loss decreases by 0.0001
[2021-10-27 14:39:12,500][core.trainer][INFO] - Computing metrics for 'test' dataset
[2021-10-27 14:39:56,108][core.metrics.meter][INFO] - Meter:
SequenceAccuracy:	0.951
TokenAccuracy:	1.000
LengthAccuracy:	0.952
1st Token Accuracy:	1.000
2nd Token Accuracy:	1.000
Average Loss:	0.057
[2021-10-27 14:39:56,118][core.trainer][INFO] - Computing metrics for 'gen' dataset
[2021-10-27 14:40:43,489][core.metrics.meter][INFO] - Meter:
SequenceAccuracy:	0.001
TokenAccuracy:	0.659
LengthAccuracy:	0.982
1st Token Accuracy:	0.038
2nd Token Accuracy:	1.000
Average Loss:	1.900
[2021-10-27 14:40:43,490][core.trainer][INFO] - EPOCH 25 / 50
[2021-10-27 14:40:43,490][core.trainer][INFO] - Computing metrics for 'train' dataset
[2021-10-27 14:41:15,799][core.trainer][INFO] - Computing metrics for 'val' dataset
[2021-10-27 14:41:20,309][core.metrics.meter][INFO] - Meter:
SequenceAccuracy:	0.952
TokenAccuracy:	1.000
LengthAccuracy:	0.953
1st Token Accuracy:	1.000
2nd Token Accuracy:	1.000
Average Loss:	0.055
[2021-10-27 14:41:20,474][core.early_stopping][INFO] - Early stopping counter: 12 / 5
[2021-10-27 14:41:20,474][core.early_stopping][INFO] - Pausing model saving until validation loss decreases by 0.0001
[2021-10-27 14:41:20,493][core.trainer][INFO] - Computing metrics for 'test' dataset
[2021-10-27 14:42:04,136][core.metrics.meter][INFO] - Meter:
SequenceAccuracy:	0.949
TokenAccuracy:	1.000
LengthAccuracy:	0.951
1st Token Accuracy:	1.000
2nd Token Accuracy:	1.000
Average Loss:	0.056
[2021-10-27 14:42:04,136][core.trainer][INFO] - Computing metrics for 'gen' dataset
[2021-10-27 14:42:51,205][core.metrics.meter][INFO] - Meter:
SequenceAccuracy:	0.001
TokenAccuracy:	0.657
LengthAccuracy:	0.982
1st Token Accuracy:	0.040
2nd Token Accuracy:	1.000
Average Loss:	1.913
[2021-10-27 14:42:51,205][core.trainer][INFO] - EPOCH 26 / 50
[2021-10-27 14:42:51,205][core.trainer][INFO] - Computing metrics for 'train' dataset
[2021-10-27 14:43:24,912][core.trainer][INFO] - Computing metrics for 'val' dataset
[2021-10-27 14:43:29,413][core.metrics.meter][INFO] - Meter:
SequenceAccuracy:	0.949
TokenAccuracy:	1.000
LengthAccuracy:	0.951
1st Token Accuracy:	1.000
2nd Token Accuracy:	1.000
Average Loss:	0.058
[2021-10-27 14:43:29,572][core.early_stopping][INFO] - Early stopping counter: 13 / 5
[2021-10-27 14:43:29,572][core.early_stopping][INFO] - Pausing model saving until validation loss decreases by 0.0001
[2021-10-27 14:43:29,572][core.trainer][INFO] - Computing metrics for 'test' dataset
[2021-10-27 14:44:13,218][core.metrics.meter][INFO] - Meter:
SequenceAccuracy:	0.948
TokenAccuracy:	0.999
LengthAccuracy:	0.950
1st Token Accuracy:	1.000
2nd Token Accuracy:	1.000
Average Loss:	0.060
[2021-10-27 14:44:13,219][core.trainer][INFO] - Computing metrics for 'gen' dataset
[2021-10-27 14:45:00,288][core.metrics.meter][INFO] - Meter:
SequenceAccuracy:	0.001
TokenAccuracy:	0.658
LengthAccuracy:	0.981
1st Token Accuracy:	0.040
2nd Token Accuracy:	1.000
Average Loss:	1.915
[2021-10-27 14:45:00,288][core.trainer][INFO] - EPOCH 27 / 50
[2021-10-27 14:45:00,288][core.trainer][INFO] - Computing metrics for 'train' dataset
[2021-10-27 14:45:34,913][core.trainer][INFO] - Computing metrics for 'val' dataset
[2021-10-27 14:45:40,722][core.metrics.meter][INFO] - Meter:
SequenceAccuracy:	0.951
TokenAccuracy:	1.000
LengthAccuracy:	0.952
1st Token Accuracy:	1.000
2nd Token Accuracy:	1.000
Average Loss:	0.054
[2021-10-27 14:45:40,845][core.early_stopping][INFO] - Early stopping counter: 14 / 5
[2021-10-27 14:45:40,897][core.early_stopping][INFO] - Pausing model saving until validation loss decreases by 0.0001
[2021-10-27 14:45:40,898][core.trainer][INFO] - Computing metrics for 'test' dataset
[2021-10-27 14:46:36,765][core.metrics.meter][INFO] - Meter:
SequenceAccuracy:	0.948
TokenAccuracy:	1.000
LengthAccuracy:	0.949
1st Token Accuracy:	1.000
2nd Token Accuracy:	1.000
Average Loss:	0.059
[2021-10-27 14:46:36,766][core.trainer][INFO] - Computing metrics for 'gen' dataset
[2021-10-27 14:47:37,349][core.metrics.meter][INFO] - Meter:
SequenceAccuracy:	0.002
TokenAccuracy:	0.660
LengthAccuracy:	0.982
1st Token Accuracy:	0.044
2nd Token Accuracy:	1.000
Average Loss:	1.905
[2021-10-27 14:47:37,349][core.trainer][INFO] - EPOCH 28 / 50
[2021-10-27 14:47:37,349][core.trainer][INFO] - Computing metrics for 'train' dataset
[2021-10-27 14:48:11,887][core.trainer][INFO] - Computing metrics for 'val' dataset
[2021-10-27 14:48:17,612][core.metrics.meter][INFO] - Meter:
SequenceAccuracy:	0.950
TokenAccuracy:	1.000
LengthAccuracy:	0.951
1st Token Accuracy:	1.000
2nd Token Accuracy:	1.000
Average Loss:	0.054
[2021-10-27 14:48:17,731][core.early_stopping][INFO] - Early stopping counter: 15 / 5
[2021-10-27 14:48:17,781][core.early_stopping][INFO] - Pausing model saving until validation loss decreases by 0.0001
[2021-10-27 14:48:17,781][core.trainer][INFO] - Computing metrics for 'test' dataset
[2021-10-27 14:49:13,389][core.metrics.meter][INFO] - Meter:
SequenceAccuracy:	0.952
TokenAccuracy:	1.000
LengthAccuracy:	0.953
1st Token Accuracy:	1.000
2nd Token Accuracy:	1.000
Average Loss:	0.055
[2021-10-27 14:49:13,389][core.trainer][INFO] - Computing metrics for 'gen' dataset
[2021-10-27 14:50:13,908][core.metrics.meter][INFO] - Meter:
SequenceAccuracy:	0.001
TokenAccuracy:	0.653
LengthAccuracy:	0.979
1st Token Accuracy:	0.045
2nd Token Accuracy:	1.000
Average Loss:	1.956
[2021-10-27 14:50:13,909][core.trainer][INFO] - EPOCH 29 / 50
[2021-10-27 14:50:13,909][core.trainer][INFO] - Computing metrics for 'train' dataset
[2021-10-27 14:50:48,667][core.trainer][INFO] - Computing metrics for 'val' dataset
[2021-10-27 14:50:53,195][core.metrics.meter][INFO] - Meter:
SequenceAccuracy:	0.950
TokenAccuracy:	1.000
LengthAccuracy:	0.951
1st Token Accuracy:	1.000
2nd Token Accuracy:	1.000
Average Loss:	0.057
[2021-10-27 14:50:53,314][core.early_stopping][INFO] - Early stopping counter: 16 / 5
[2021-10-27 14:50:53,364][core.early_stopping][INFO] - Pausing model saving until validation loss decreases by 0.0001
[2021-10-27 14:50:53,365][core.trainer][INFO] - Computing metrics for 'test' dataset
[2021-10-27 14:51:37,077][core.metrics.meter][INFO] - Meter:
SequenceAccuracy:	0.951
TokenAccuracy:	1.000
LengthAccuracy:	0.952
1st Token Accuracy:	1.000
2nd Token Accuracy:	1.000
Average Loss:	0.055
[2021-10-27 14:51:37,077][core.trainer][INFO] - Computing metrics for 'gen' dataset
[2021-10-27 14:52:24,248][core.metrics.meter][INFO] - Meter:
SequenceAccuracy:	0.002
TokenAccuracy:	0.653
LengthAccuracy:	0.981
1st Token Accuracy:	0.046
2nd Token Accuracy:	1.000
Average Loss:	1.958
[2021-10-27 14:52:24,248][core.trainer][INFO] - EPOCH 30 / 50
[2021-10-27 14:52:24,248][core.trainer][INFO] - Computing metrics for 'train' dataset
[2021-10-27 14:52:59,107][core.trainer][INFO] - Computing metrics for 'val' dataset
[2021-10-27 14:53:03,613][core.metrics.meter][INFO] - Meter:
SequenceAccuracy:	0.948
TokenAccuracy:	1.000
LengthAccuracy:	0.949
1st Token Accuracy:	1.000
2nd Token Accuracy:	1.000
Average Loss:	0.057
[2021-10-27 14:53:03,722][core.early_stopping][INFO] - Early stopping counter: 17 / 5
[2021-10-27 14:53:03,773][core.early_stopping][INFO] - Pausing model saving until validation loss decreases by 0.0001
[2021-10-27 14:53:03,773][core.trainer][INFO] - Computing metrics for 'test' dataset
[2021-10-27 14:53:47,353][core.metrics.meter][INFO] - Meter:
SequenceAccuracy:	0.949
TokenAccuracy:	1.000
LengthAccuracy:	0.950
1st Token Accuracy:	1.000
2nd Token Accuracy:	1.000
Average Loss:	0.056
[2021-10-27 14:53:47,353][core.trainer][INFO] - Computing metrics for 'gen' dataset
[2021-10-27 14:54:34,289][core.metrics.meter][INFO] - Meter:
SequenceAccuracy:	0.001
TokenAccuracy:	0.660
LengthAccuracy:	0.982
1st Token Accuracy:	0.043
2nd Token Accuracy:	1.000
Average Loss:	1.910
[2021-10-27 14:54:34,289][core.trainer][INFO] - EPOCH 31 / 50
[2021-10-27 14:54:34,289][core.trainer][INFO] - Computing metrics for 'train' dataset
[2021-10-27 14:55:08,961][core.trainer][INFO] - Computing metrics for 'val' dataset
[2021-10-27 14:55:13,426][core.metrics.meter][INFO] - Meter:
SequenceAccuracy:	0.956
TokenAccuracy:	1.000
LengthAccuracy:	0.957
1st Token Accuracy:	1.000
2nd Token Accuracy:	1.000
Average Loss:	0.054
[2021-10-27 14:55:13,539][core.early_stopping][INFO] - Early stopping counter: 18 / 5
[2021-10-27 14:55:13,589][core.early_stopping][INFO] - Pausing model saving until validation loss decreases by 0.0001
[2021-10-27 14:55:13,602][core.trainer][INFO] - Computing metrics for 'test' dataset
[2021-10-27 14:55:56,896][core.metrics.meter][INFO] - Meter:
SequenceAccuracy:	0.948
TokenAccuracy:	1.000
LengthAccuracy:	0.949
1st Token Accuracy:	1.000
2nd Token Accuracy:	1.000
Average Loss:	0.059
[2021-10-27 14:55:56,896][core.trainer][INFO] - Computing metrics for 'gen' dataset
[2021-10-27 14:56:43,795][core.metrics.meter][INFO] - Meter:
SequenceAccuracy:	0.001
TokenAccuracy:	0.655
LengthAccuracy:	0.984
1st Token Accuracy:	0.042
2nd Token Accuracy:	1.000
Average Loss:	1.945
[2021-10-27 14:56:43,795][core.trainer][INFO] - EPOCH 32 / 50
[2021-10-27 14:56:43,795][core.trainer][INFO] - Computing metrics for 'train' dataset
[2021-10-27 14:57:18,244][core.trainer][INFO] - Computing metrics for 'val' dataset
[2021-10-27 14:57:22,745][core.metrics.meter][INFO] - Meter:
SequenceAccuracy:	0.953
TokenAccuracy:	1.000
LengthAccuracy:	0.954
1st Token Accuracy:	1.000
2nd Token Accuracy:	1.000
Average Loss:	0.052
[2021-10-27 14:57:22,876][core.early_stopping][INFO] - Early stopping counter: 19 / 5
[2021-10-27 14:57:22,925][core.early_stopping][INFO] - Pausing model saving until validation loss decreases by 0.0001
[2021-10-27 14:57:22,926][core.trainer][INFO] - Computing metrics for 'test' dataset
[2021-10-27 14:58:06,487][core.metrics.meter][INFO] - Meter:
SequenceAccuracy:	0.952
TokenAccuracy:	1.000
LengthAccuracy:	0.953
1st Token Accuracy:	1.000
2nd Token Accuracy:	1.000
Average Loss:	0.052
[2021-10-27 14:58:06,487][core.trainer][INFO] - Computing metrics for 'gen' dataset
[2021-10-27 14:58:53,751][core.metrics.meter][INFO] - Meter:
SequenceAccuracy:	0.001
TokenAccuracy:	0.657
LengthAccuracy:	0.981
1st Token Accuracy:	0.041
2nd Token Accuracy:	1.000
Average Loss:	1.936
[2021-10-27 14:58:53,751][core.trainer][INFO] - EPOCH 33 / 50
[2021-10-27 14:58:53,751][core.trainer][INFO] - Computing metrics for 'train' dataset
[2021-10-27 14:59:28,516][core.trainer][INFO] - Computing metrics for 'val' dataset
[2021-10-27 14:59:33,171][core.metrics.meter][INFO] - Meter:
SequenceAccuracy:	0.948
TokenAccuracy:	1.000
LengthAccuracy:	0.949
1st Token Accuracy:	1.000
2nd Token Accuracy:	1.000
Average Loss:	0.060
[2021-10-27 14:59:33,286][core.early_stopping][INFO] - Early stopping counter: 20 / 5
[2021-10-27 14:59:33,335][core.early_stopping][INFO] - Pausing model saving until validation loss decreases by 0.0001
[2021-10-27 14:59:33,335][core.trainer][INFO] - Computing metrics for 'test' dataset
[2021-10-27 15:00:16,669][core.metrics.meter][INFO] - Meter:
SequenceAccuracy:	0.952
TokenAccuracy:	1.000
LengthAccuracy:	0.953
1st Token Accuracy:	1.000
2nd Token Accuracy:	1.000
Average Loss:	0.058
[2021-10-27 15:00:16,669][core.trainer][INFO] - Computing metrics for 'gen' dataset
[2021-10-27 15:01:03,729][core.metrics.meter][INFO] - Meter:
SequenceAccuracy:	0.001
TokenAccuracy:	0.659
LengthAccuracy:	0.982
1st Token Accuracy:	0.044
2nd Token Accuracy:	1.000
Average Loss:	1.936
[2021-10-27 15:01:03,729][core.trainer][INFO] - EPOCH 34 / 50
[2021-10-27 15:01:03,729][core.trainer][INFO] - Computing metrics for 'train' dataset
[2021-10-27 15:01:38,260][core.trainer][INFO] - Computing metrics for 'val' dataset
[2021-10-27 15:01:42,750][core.metrics.meter][INFO] - Meter:
SequenceAccuracy:	0.954
TokenAccuracy:	1.000
LengthAccuracy:	0.956
1st Token Accuracy:	1.000
2nd Token Accuracy:	1.000
Average Loss:	0.052
[2021-10-27 15:01:42,856][core.early_stopping][INFO] - Early stopping counter: 21 / 5
[2021-10-27 15:01:42,905][core.early_stopping][INFO] - Pausing model saving until validation loss decreases by 0.0001
[2021-10-27 15:01:42,906][core.trainer][INFO] - Computing metrics for 'test' dataset
[2021-10-27 15:02:26,246][core.metrics.meter][INFO] - Meter:
SequenceAccuracy:	0.952
TokenAccuracy:	1.000
LengthAccuracy:	0.954
1st Token Accuracy:	1.000
2nd Token Accuracy:	1.000
Average Loss:	0.055
[2021-10-27 15:02:26,246][core.trainer][INFO] - Computing metrics for 'gen' dataset
[2021-10-27 15:03:13,557][core.metrics.meter][INFO] - Meter:
SequenceAccuracy:	0.001
TokenAccuracy:	0.655
LengthAccuracy:	0.980
1st Token Accuracy:	0.046
2nd Token Accuracy:	1.000
Average Loss:	1.958
[2021-10-27 15:03:13,571][core.trainer][INFO] - EPOCH 35 / 50
[2021-10-27 15:03:13,571][core.trainer][INFO] - Computing metrics for 'train' dataset
[2021-10-27 15:03:48,500][core.trainer][INFO] - Computing metrics for 'val' dataset
[2021-10-27 15:03:52,982][core.metrics.meter][INFO] - Meter:
SequenceAccuracy:	0.953
TokenAccuracy:	1.000
LengthAccuracy:	0.954
1st Token Accuracy:	1.000
2nd Token Accuracy:	1.000
Average Loss:	0.053
[2021-10-27 15:03:53,152][core.early_stopping][INFO] - Early stopping counter: 22 / 5
[2021-10-27 15:03:53,152][core.early_stopping][INFO] - Pausing model saving until validation loss decreases by 0.0001
[2021-10-27 15:03:53,152][core.trainer][INFO] - Computing metrics for 'test' dataset
[2021-10-27 15:04:36,668][core.metrics.meter][INFO] - Meter:
SequenceAccuracy:	0.953
TokenAccuracy:	1.000
LengthAccuracy:	0.953
1st Token Accuracy:	1.000
2nd Token Accuracy:	1.000
Average Loss:	0.055
[2021-10-27 15:04:36,682][core.trainer][INFO] - Computing metrics for 'gen' dataset
[2021-10-27 15:05:23,850][core.metrics.meter][INFO] - Meter:
SequenceAccuracy:	0.001
TokenAccuracy:	0.652
LengthAccuracy:	0.982
1st Token Accuracy:	0.048
2nd Token Accuracy:	1.000
Average Loss:	1.986
[2021-10-27 15:05:23,850][core.trainer][INFO] - EPOCH 36 / 50
[2021-10-27 15:05:23,850][core.trainer][INFO] - Computing metrics for 'train' dataset
[2021-10-27 15:05:58,405][core.trainer][INFO] - Computing metrics for 'val' dataset
[2021-10-27 15:06:04,162][core.metrics.meter][INFO] - Meter:
SequenceAccuracy:	0.950
TokenAccuracy:	1.000
LengthAccuracy:	0.951
1st Token Accuracy:	1.000
2nd Token Accuracy:	1.000
Average Loss:	0.056
[2021-10-27 15:06:04,274][core.early_stopping][INFO] - Early stopping counter: 23 / 5
[2021-10-27 15:06:04,324][core.early_stopping][INFO] - Pausing model saving until validation loss decreases by 0.0001
[2021-10-27 15:06:04,325][core.trainer][INFO] - Computing metrics for 'test' dataset
[2021-10-27 15:06:50,082][core.metrics.meter][INFO] - Meter:
SequenceAccuracy:	0.949
TokenAccuracy:	1.000
LengthAccuracy:	0.950
1st Token Accuracy:	1.000
2nd Token Accuracy:	1.000
Average Loss:	0.058
[2021-10-27 15:06:50,082][core.trainer][INFO] - Computing metrics for 'gen' dataset
[2021-10-27 15:07:37,307][core.metrics.meter][INFO] - Meter:
SequenceAccuracy:	0.001
TokenAccuracy:	0.659
LengthAccuracy:	0.982
1st Token Accuracy:	0.046
2nd Token Accuracy:	1.000
Average Loss:	1.947
[2021-10-27 15:07:37,307][core.trainer][INFO] - EPOCH 37 / 50
[2021-10-27 15:07:37,307][core.trainer][INFO] - Computing metrics for 'train' dataset
[2021-10-27 15:08:11,772][core.trainer][INFO] - Computing metrics for 'val' dataset
[2021-10-27 15:08:16,240][core.metrics.meter][INFO] - Meter:
SequenceAccuracy:	0.952
TokenAccuracy:	1.000
LengthAccuracy:	0.953
1st Token Accuracy:	1.000
2nd Token Accuracy:	1.000
Average Loss:	0.056
[2021-10-27 15:08:16,355][core.early_stopping][INFO] - Early stopping counter: 24 / 5
[2021-10-27 15:08:16,404][core.early_stopping][INFO] - Pausing model saving until validation loss decreases by 0.0001
[2021-10-27 15:08:16,404][core.trainer][INFO] - Computing metrics for 'test' dataset
[2021-10-27 15:08:59,865][core.metrics.meter][INFO] - Meter:
SequenceAccuracy:	0.952
TokenAccuracy:	1.000
LengthAccuracy:	0.953
1st Token Accuracy:	1.000
2nd Token Accuracy:	1.000
Average Loss:	0.053
[2021-10-27 15:08:59,867][core.trainer][INFO] - Computing metrics for 'gen' dataset
[2021-10-27 15:09:46,859][core.metrics.meter][INFO] - Meter:
SequenceAccuracy:	0.001
TokenAccuracy:	0.656
LengthAccuracy:	0.983
1st Token Accuracy:	0.045
2nd Token Accuracy:	1.000
Average Loss:	1.966
[2021-10-27 15:09:46,859][core.trainer][INFO] - EPOCH 38 / 50
[2021-10-27 15:09:46,859][core.trainer][INFO] - Computing metrics for 'train' dataset
[2021-10-27 15:10:21,354][core.trainer][INFO] - Computing metrics for 'val' dataset
[2021-10-27 15:10:25,861][core.metrics.meter][INFO] - Meter:
SequenceAccuracy:	0.950
TokenAccuracy:	1.000
LengthAccuracy:	0.951
1st Token Accuracy:	1.000
2nd Token Accuracy:	1.000
Average Loss:	0.055
[2021-10-27 15:10:25,971][core.early_stopping][INFO] - Early stopping counter: 25 / 5
[2021-10-27 15:10:26,021][core.early_stopping][INFO] - Pausing model saving until validation loss decreases by 0.0001
[2021-10-27 15:10:26,021][core.trainer][INFO] - Computing metrics for 'test' dataset
[2021-10-27 15:11:09,709][core.metrics.meter][INFO] - Meter:
SequenceAccuracy:	0.950
TokenAccuracy:	1.000
LengthAccuracy:	0.951
1st Token Accuracy:	1.000
2nd Token Accuracy:	1.000
Average Loss:	0.055
[2021-10-27 15:11:09,710][core.trainer][INFO] - Computing metrics for 'gen' dataset
[2021-10-27 15:11:56,823][core.metrics.meter][INFO] - Meter:
SequenceAccuracy:	0.001
TokenAccuracy:	0.655
LengthAccuracy:	0.984
1st Token Accuracy:	0.041
2nd Token Accuracy:	1.000
Average Loss:	1.969
[2021-10-27 15:11:56,823][core.trainer][INFO] - EPOCH 39 / 50
[2021-10-27 15:11:56,824][core.trainer][INFO] - Computing metrics for 'train' dataset
[2021-10-27 15:12:31,417][core.trainer][INFO] - Computing metrics for 'val' dataset
[2021-10-27 15:12:35,871][core.metrics.meter][INFO] - Meter:
SequenceAccuracy:	0.952
TokenAccuracy:	1.000
LengthAccuracy:	0.953
1st Token Accuracy:	1.000
2nd Token Accuracy:	1.000
Average Loss:	0.056
[2021-10-27 15:12:35,982][core.early_stopping][INFO] - Early stopping counter: 26 / 5
[2021-10-27 15:12:36,031][core.early_stopping][INFO] - Pausing model saving until validation loss decreases by 0.0001
[2021-10-27 15:12:36,031][core.trainer][INFO] - Computing metrics for 'test' dataset
[2021-10-27 15:13:19,254][core.metrics.meter][INFO] - Meter:
SequenceAccuracy:	0.950
TokenAccuracy:	1.000
LengthAccuracy:	0.951
1st Token Accuracy:	1.000
2nd Token Accuracy:	1.000
Average Loss:	0.056
[2021-10-27 15:13:19,255][core.trainer][INFO] - Computing metrics for 'gen' dataset
[2021-10-27 15:14:06,173][core.metrics.meter][INFO] - Meter:
SequenceAccuracy:	0.001
TokenAccuracy:	0.655
LengthAccuracy:	0.984
1st Token Accuracy:	0.043
2nd Token Accuracy:	1.000
Average Loss:	1.965
[2021-10-27 15:14:06,173][core.trainer][INFO] - EPOCH 40 / 50
[2021-10-27 15:14:06,173][core.trainer][INFO] - Computing metrics for 'train' dataset
[2021-10-27 15:14:40,568][core.trainer][INFO] - Computing metrics for 'val' dataset
[2021-10-27 15:14:45,029][core.metrics.meter][INFO] - Meter:
SequenceAccuracy:	0.949
TokenAccuracy:	1.000
LengthAccuracy:	0.949
1st Token Accuracy:	1.000
2nd Token Accuracy:	1.000
Average Loss:	0.056
[2021-10-27 15:14:45,135][core.early_stopping][INFO] - Early stopping counter: 27 / 5
[2021-10-27 15:14:45,185][core.early_stopping][INFO] - Pausing model saving until validation loss decreases by 0.0001
[2021-10-27 15:14:45,185][core.trainer][INFO] - Computing metrics for 'test' dataset
[2021-10-27 15:15:28,389][core.metrics.meter][INFO] - Meter:
SequenceAccuracy:	0.949
TokenAccuracy:	1.000
LengthAccuracy:	0.950
1st Token Accuracy:	1.000
2nd Token Accuracy:	1.000
Average Loss:	0.058
[2021-10-27 15:15:28,389][core.trainer][INFO] - Computing metrics for 'gen' dataset
[2021-10-27 15:16:15,238][core.metrics.meter][INFO] - Meter:
SequenceAccuracy:	0.001
TokenAccuracy:	0.658
LengthAccuracy:	0.981
1st Token Accuracy:	0.038
2nd Token Accuracy:	1.000
Average Loss:	1.954
[2021-10-27 15:16:15,238][core.trainer][INFO] - EPOCH 41 / 50
[2021-10-27 15:16:15,238][core.trainer][INFO] - Computing metrics for 'train' dataset
[2021-10-27 15:16:49,506][core.trainer][INFO] - Computing metrics for 'val' dataset
[2021-10-27 15:16:53,949][core.metrics.meter][INFO] - Meter:
SequenceAccuracy:	0.953
TokenAccuracy:	1.000
LengthAccuracy:	0.954
1st Token Accuracy:	1.000
2nd Token Accuracy:	1.000
Average Loss:	0.053
[2021-10-27 15:16:54,118][core.early_stopping][INFO] - Early stopping counter: 28 / 5
[2021-10-27 15:16:54,119][core.early_stopping][INFO] - Pausing model saving until validation loss decreases by 0.0001
[2021-10-27 15:16:54,119][core.trainer][INFO] - Computing metrics for 'test' dataset
[2021-10-27 15:17:37,253][core.metrics.meter][INFO] - Meter:
SequenceAccuracy:	0.950
TokenAccuracy:	1.000
LengthAccuracy:	0.951
1st Token Accuracy:	1.000
2nd Token Accuracy:	1.000
Average Loss:	0.056
[2021-10-27 15:17:37,270][core.trainer][INFO] - Computing metrics for 'gen' dataset
[2021-10-27 15:18:24,115][core.metrics.meter][INFO] - Meter:
SequenceAccuracy:	0.001
TokenAccuracy:	0.653
LengthAccuracy:	0.982
1st Token Accuracy:	0.043
2nd Token Accuracy:	1.000
Average Loss:	1.991
[2021-10-27 15:18:24,116][core.trainer][INFO] - EPOCH 42 / 50
[2021-10-27 15:18:24,116][core.trainer][INFO] - Computing metrics for 'train' dataset
[2021-10-27 15:18:58,807][core.trainer][INFO] - Computing metrics for 'val' dataset
[2021-10-27 15:19:03,304][core.metrics.meter][INFO] - Meter:
SequenceAccuracy:	0.952
TokenAccuracy:	1.000
LengthAccuracy:	0.952
1st Token Accuracy:	1.000
2nd Token Accuracy:	1.000
Average Loss:	0.056
[2021-10-27 15:19:03,408][core.early_stopping][INFO] - Early stopping counter: 29 / 5
[2021-10-27 15:19:03,457][core.early_stopping][INFO] - Pausing model saving until validation loss decreases by 0.0001
[2021-10-27 15:19:03,464][core.trainer][INFO] - Computing metrics for 'test' dataset
[2021-10-27 15:19:47,042][core.metrics.meter][INFO] - Meter:
SequenceAccuracy:	0.951
TokenAccuracy:	1.000
LengthAccuracy:	0.952
1st Token Accuracy:	1.000
2nd Token Accuracy:	1.000
Average Loss:	0.057
[2021-10-27 15:19:47,043][core.trainer][INFO] - Computing metrics for 'gen' dataset
[2021-10-27 15:20:35,190][core.metrics.meter][INFO] - Meter:
SequenceAccuracy:	0.001
TokenAccuracy:	0.657
LengthAccuracy:	0.982
1st Token Accuracy:	0.044
2nd Token Accuracy:	1.000
Average Loss:	1.977
[2021-10-27 15:20:35,191][core.trainer][INFO] - EPOCH 43 / 50
[2021-10-27 15:20:35,192][core.trainer][INFO] - Computing metrics for 'train' dataset
[2021-10-27 15:21:09,987][core.trainer][INFO] - Computing metrics for 'val' dataset
[2021-10-27 15:21:14,466][core.metrics.meter][INFO] - Meter:
SequenceAccuracy:	0.949
TokenAccuracy:	1.000
LengthAccuracy:	0.950
1st Token Accuracy:	1.000
2nd Token Accuracy:	1.000
Average Loss:	0.059
[2021-10-27 15:21:14,588][core.early_stopping][INFO] - Early stopping counter: 30 / 5
[2021-10-27 15:21:14,638][core.early_stopping][INFO] - Pausing model saving until validation loss decreases by 0.0001
[2021-10-27 15:21:14,638][core.trainer][INFO] - Computing metrics for 'test' dataset
[2021-10-27 15:21:58,184][core.metrics.meter][INFO] - Meter:
SequenceAccuracy:	0.950
TokenAccuracy:	1.000
LengthAccuracy:	0.951
1st Token Accuracy:	1.000
2nd Token Accuracy:	1.000
Average Loss:	0.058
[2021-10-27 15:21:58,184][core.trainer][INFO] - Computing metrics for 'gen' dataset
[2021-10-27 15:22:45,662][core.metrics.meter][INFO] - Meter:
SequenceAccuracy:	0.000
TokenAccuracy:	0.657
LengthAccuracy:	0.981
1st Token Accuracy:	0.042
2nd Token Accuracy:	1.000
Average Loss:	1.984
[2021-10-27 15:22:45,662][core.trainer][INFO] - EPOCH 44 / 50
[2021-10-27 15:22:45,662][core.trainer][INFO] - Computing metrics for 'train' dataset
[2021-10-27 15:23:20,176][core.trainer][INFO] - Computing metrics for 'val' dataset
[2021-10-27 15:23:25,863][core.metrics.meter][INFO] - Meter:
SequenceAccuracy:	0.948
TokenAccuracy:	1.000
LengthAccuracy:	0.949
1st Token Accuracy:	1.000
2nd Token Accuracy:	1.000
Average Loss:	0.059
[2021-10-27 15:23:25,971][core.early_stopping][INFO] - Early stopping counter: 31 / 5
[2021-10-27 15:23:26,023][core.early_stopping][INFO] - Pausing model saving until validation loss decreases by 0.0001
[2021-10-27 15:23:26,023][core.trainer][INFO] - Computing metrics for 'test' dataset
[2021-10-27 15:24:21,328][core.metrics.meter][INFO] - Meter:
SequenceAccuracy:	0.951
TokenAccuracy:	1.000
LengthAccuracy:	0.952
1st Token Accuracy:	1.000
2nd Token Accuracy:	1.000
Average Loss:	0.055
[2021-10-27 15:24:21,328][core.trainer][INFO] - Computing metrics for 'gen' dataset
[2021-10-27 15:25:08,643][core.metrics.meter][INFO] - Meter:
SequenceAccuracy:	0.000
TokenAccuracy:	0.654
LengthAccuracy:	0.982
1st Token Accuracy:	0.045
2nd Token Accuracy:	1.000
Average Loss:	2.004
[2021-10-27 15:25:08,643][core.trainer][INFO] - EPOCH 45 / 50
[2021-10-27 15:25:08,643][core.trainer][INFO] - Computing metrics for 'train' dataset
[2021-10-27 15:25:43,307][core.trainer][INFO] - Computing metrics for 'val' dataset
[2021-10-27 15:25:47,857][core.metrics.meter][INFO] - Meter:
SequenceAccuracy:	0.953
TokenAccuracy:	1.000
LengthAccuracy:	0.953
1st Token Accuracy:	1.000
2nd Token Accuracy:	1.000
Average Loss:	0.055
[2021-10-27 15:25:47,968][core.early_stopping][INFO] - Early stopping counter: 32 / 5
[2021-10-27 15:25:48,018][core.early_stopping][INFO] - Pausing model saving until validation loss decreases by 0.0001
[2021-10-27 15:25:48,018][core.trainer][INFO] - Computing metrics for 'test' dataset
[2021-10-27 15:26:31,528][core.metrics.meter][INFO] - Meter:
SequenceAccuracy:	0.949
TokenAccuracy:	1.000
LengthAccuracy:	0.949
1st Token Accuracy:	1.000
2nd Token Accuracy:	1.000
Average Loss:	0.058
[2021-10-27 15:26:31,529][core.trainer][INFO] - Computing metrics for 'gen' dataset
[2021-10-27 15:27:19,034][core.metrics.meter][INFO] - Meter:
SequenceAccuracy:	0.001
TokenAccuracy:	0.656
LengthAccuracy:	0.985
1st Token Accuracy:	0.041
2nd Token Accuracy:	1.000
Average Loss:	1.983
[2021-10-27 15:27:19,098][core.trainer][INFO] - EPOCH 46 / 50
[2021-10-27 15:27:19,099][core.trainer][INFO] - Computing metrics for 'train' dataset
[2021-10-27 15:27:53,695][core.trainer][INFO] - Computing metrics for 'val' dataset
[2021-10-27 15:27:58,170][core.metrics.meter][INFO] - Meter:
SequenceAccuracy:	0.960
TokenAccuracy:	1.000
LengthAccuracy:	0.961
1st Token Accuracy:	1.000
2nd Token Accuracy:	1.000
Average Loss:	0.048
[2021-10-27 15:27:58,305][core.early_stopping][INFO] - Early stopping counter: 33 / 5
[2021-10-27 15:27:58,354][core.early_stopping][INFO] - Pausing model saving until validation loss decreases by 0.0001
[2021-10-27 15:27:58,354][core.trainer][INFO] - Computing metrics for 'test' dataset
[2021-10-27 15:28:41,616][core.metrics.meter][INFO] - Meter:
SequenceAccuracy:	0.952
TokenAccuracy:	1.000
LengthAccuracy:	0.953
1st Token Accuracy:	1.000
2nd Token Accuracy:	1.000
Average Loss:	0.054
[2021-10-27 15:28:41,617][core.trainer][INFO] - Computing metrics for 'gen' dataset
[2021-10-27 15:29:28,503][core.metrics.meter][INFO] - Meter:
SequenceAccuracy:	0.001
TokenAccuracy:	0.656
LengthAccuracy:	0.983
1st Token Accuracy:	0.040
2nd Token Accuracy:	1.000
Average Loss:	1.975
[2021-10-27 15:29:28,504][core.trainer][INFO] - EPOCH 47 / 50
[2021-10-27 15:29:28,504][core.trainer][INFO] - Computing metrics for 'train' dataset
[2021-10-27 15:30:03,265][core.trainer][INFO] - Computing metrics for 'val' dataset
[2021-10-27 15:30:07,753][core.metrics.meter][INFO] - Meter:
SequenceAccuracy:	0.951
TokenAccuracy:	1.000
LengthAccuracy:	0.952
1st Token Accuracy:	1.000
2nd Token Accuracy:	1.000
Average Loss:	0.056
[2021-10-27 15:30:07,860][core.early_stopping][INFO] - Early stopping counter: 34 / 5
[2021-10-27 15:30:07,909][core.early_stopping][INFO] - Pausing model saving until validation loss decreases by 0.0001
[2021-10-27 15:30:07,909][core.trainer][INFO] - Computing metrics for 'test' dataset
[2021-10-27 15:30:51,165][core.metrics.meter][INFO] - Meter:
SequenceAccuracy:	0.951
TokenAccuracy:	1.000
LengthAccuracy:	0.952
1st Token Accuracy:	1.000
2nd Token Accuracy:	1.000
Average Loss:	0.057
[2021-10-27 15:30:51,165][core.trainer][INFO] - Computing metrics for 'gen' dataset
[2021-10-27 15:31:37,969][core.metrics.meter][INFO] - Meter:
SequenceAccuracy:	0.001
TokenAccuracy:	0.660
LengthAccuracy:	0.981
1st Token Accuracy:	0.040
2nd Token Accuracy:	1.000
Average Loss:	1.968
[2021-10-27 15:31:37,969][core.trainer][INFO] - EPOCH 48 / 50
[2021-10-27 15:31:37,969][core.trainer][INFO] - Computing metrics for 'train' dataset
[2021-10-27 15:32:12,557][core.trainer][INFO] - Computing metrics for 'val' dataset
[2021-10-27 15:32:17,041][core.metrics.meter][INFO] - Meter:
SequenceAccuracy:	0.947
TokenAccuracy:	1.000
LengthAccuracy:	0.948
1st Token Accuracy:	1.000
2nd Token Accuracy:	1.000
Average Loss:	0.059
[2021-10-27 15:32:17,175][core.early_stopping][INFO] - Early stopping counter: 35 / 5
[2021-10-27 15:32:17,224][core.early_stopping][INFO] - Pausing model saving until validation loss decreases by 0.0001
[2021-10-27 15:32:17,231][core.trainer][INFO] - Computing metrics for 'test' dataset
[2021-10-27 15:33:00,828][core.metrics.meter][INFO] - Meter:
SequenceAccuracy:	0.947
TokenAccuracy:	1.000
LengthAccuracy:	0.948
1st Token Accuracy:	1.000
2nd Token Accuracy:	1.000
Average Loss:	0.061
[2021-10-27 15:33:00,828][core.trainer][INFO] - Computing metrics for 'gen' dataset
[2021-10-27 15:33:48,077][core.metrics.meter][INFO] - Meter:
SequenceAccuracy:	0.000
TokenAccuracy:	0.654
LengthAccuracy:	0.981
1st Token Accuracy:	0.043
2nd Token Accuracy:	1.000
Average Loss:	2.009
[2021-10-27 15:33:48,078][core.trainer][INFO] - EPOCH 49 / 50
[2021-10-27 15:33:48,078][core.trainer][INFO] - Computing metrics for 'train' dataset
[2021-10-27 15:34:22,823][core.trainer][INFO] - Computing metrics for 'val' dataset
[2021-10-27 15:34:27,337][core.metrics.meter][INFO] - Meter:
SequenceAccuracy:	0.951
TokenAccuracy:	1.000
LengthAccuracy:	0.951
1st Token Accuracy:	1.000
2nd Token Accuracy:	1.000
Average Loss:	0.058
[2021-10-27 15:34:27,461][core.early_stopping][INFO] - Early stopping counter: 36 / 5
[2021-10-27 15:34:27,511][core.early_stopping][INFO] - Pausing model saving until validation loss decreases by 0.0001
[2021-10-27 15:34:27,511][core.trainer][INFO] - Computing metrics for 'test' dataset
[2021-10-27 15:35:11,277][core.metrics.meter][INFO] - Meter:
SequenceAccuracy:	0.952
TokenAccuracy:	1.000
LengthAccuracy:	0.953
1st Token Accuracy:	1.000
2nd Token Accuracy:	1.000
Average Loss:	0.057
[2021-10-27 15:35:11,277][core.trainer][INFO] - Computing metrics for 'gen' dataset
[2021-10-27 15:35:58,363][core.metrics.meter][INFO] - Meter:
SequenceAccuracy:	0.000
TokenAccuracy:	0.656
LengthAccuracy:	0.980
1st Token Accuracy:	0.043
2nd Token Accuracy:	1.000
Average Loss:	1.996
[2021-10-27 15:35:58,363][core.trainer][INFO] - EPOCH 50 / 50
[2021-10-27 15:35:58,364][core.trainer][INFO] - Computing metrics for 'train' dataset
[2021-10-27 15:36:32,784][core.trainer][INFO] - Computing metrics for 'val' dataset
[2021-10-27 15:36:37,220][core.metrics.meter][INFO] - Meter:
SequenceAccuracy:	0.955
TokenAccuracy:	1.000
LengthAccuracy:	0.955
1st Token Accuracy:	1.000
2nd Token Accuracy:	1.000
Average Loss:	0.053
[2021-10-27 15:36:37,325][core.early_stopping][INFO] - Early stopping counter: 37 / 5
[2021-10-27 15:36:37,375][core.early_stopping][INFO] - Pausing model saving until validation loss decreases by 0.0001
[2021-10-27 15:36:37,375][core.trainer][INFO] - Computing metrics for 'test' dataset
[2021-10-27 15:37:20,457][core.metrics.meter][INFO] - Meter:
SequenceAccuracy:	0.952
TokenAccuracy:	1.000
LengthAccuracy:	0.952
1st Token Accuracy:	1.000
2nd Token Accuracy:	1.000
Average Loss:	0.053
[2021-10-27 15:37:20,457][core.trainer][INFO] - Computing metrics for 'gen' dataset
[2021-10-27 15:38:07,189][core.metrics.meter][INFO] - Meter:
SequenceAccuracy:	0.001
TokenAccuracy:	0.658
LengthAccuracy:	0.983
1st Token Accuracy:	0.042
2nd Token Accuracy:	1.000
Average Loss:	1.991
