experiment:
  dataset:
    name: ms-passivization-en
    input: ms-passivization.tsv
    source_format: sequence
    target_format: sequence
    overwrite: false
    transform_field: target
    splits:
      train: 80
      test: 10
      val: 10
  hyperparameters:
    epochs: 50
    batch_size: 5
    lr: 0.001
    tolerance: 0.0001
    num_iters_eval: 1000
    min_iters: 30000
    patience: 5
    tf_ratio: 0.5
    cuda: 0
  model:
    name: Transformer
    encoder:
      unit: Transformer
      type: sequence
      dropout: 0
      num_layers: 1
      hidden_size: 256
      embedding_size: 256
      num_heads: 8
    decoder:
      unit: Transformer
      type: sequence
      dropout: 0
      num_layers: 1
      max_length: 30
      hidden_size: 256
      embedding_size: 256
      num_heads: 8
      attention: null
  name: passiv-en-transformer-1layer
pretty_print: true

[2021-10-27 08:01:40,070][core.trainer][INFO] - DEVICE: cuda
[2021-10-27 08:01:40,070][core.dataset.base_dataset][INFO] - Initializing dataset
[2021-10-27 08:01:40,071][core.dataset.base_dataset][INFO] - Constructing fields from dataset.
[2021-10-27 08:01:42,787][core.trainer][INFO] - TransductionDataset(
 splits: [val (1000 sequences), train (100000 sequences), test (10000 sequences), gen (10000 sequences)]
 fields: [source, annotation, target]
)
[2021-10-27 08:01:42,787][core.models.base_model][INFO] - Initializing model
[2021-10-27 08:01:47,735][core.trainer][INFO] - TransductionModel(
  (_encoder): TransductionSequenceEncoder(
    (module): Sequential(
      (0): Sequential(
        (0): Embedding(53, 256)
        (1): PositionalEncoding(
          (dropout): Dropout(p=0.0, inplace=False)
        )
      )
      (1): TransformerEncoder(
        (layers): ModuleList(
          (0): TransformerEncoderLayer(
            (self_attn): MultiheadAttention(
              (out_proj): _LinearWithBias(in_features=256, out_features=256, bias=True)
            )
            (linear1): Linear(in_features=256, out_features=2048, bias=True)
            (dropout): Dropout(p=0.1, inplace=False)
            (linear2): Linear(in_features=2048, out_features=256, bias=True)
            (norm1): LayerNorm((256,), eps=1e-05, elementwise_affine=True)
            (norm2): LayerNorm((256,), eps=1e-05, elementwise_affine=True)
            (dropout1): Dropout(p=0.1, inplace=False)
            (dropout2): Dropout(p=0.1, inplace=False)
          )
        )
      )
    )
  )
  (_decoder): TransformerSequenceDecoder(
    (_embedding): Sequential(
      (0): Embedding(57, 256)
      (1): PositionalEncoding(
        (dropout): Dropout(p=0.0, inplace=False)
      )
    )
    (_unit): TransformerDecoder(
      (layers): ModuleList(
        (0): TransformerDecoderLayer(
          (self_attn): MultiheadAttention(
            (out_proj): _LinearWithBias(in_features=256, out_features=256, bias=True)
          )
          (multihead_attn): MultiheadAttention(
            (out_proj): _LinearWithBias(in_features=256, out_features=256, bias=True)
          )
          (linear1): Linear(in_features=256, out_features=2048, bias=True)
          (dropout): Dropout(p=0.0, inplace=False)
          (linear2): Linear(in_features=2048, out_features=256, bias=True)
          (norm1): LayerNorm((256,), eps=1e-05, elementwise_affine=True)
          (norm2): LayerNorm((256,), eps=1e-05, elementwise_affine=True)
          (norm3): LayerNorm((256,), eps=1e-05, elementwise_affine=True)
          (dropout1): Dropout(p=0.0, inplace=False)
          (dropout2): Dropout(p=0.0, inplace=False)
          (dropout3): Dropout(p=0.0, inplace=False)
        )
      )
    )
    (_out): Linear(in_features=256, out_features=57, bias=True)
  )
)
[2021-10-27 08:01:47,736][core.trainer][INFO] - Beginning training
[2021-10-27 08:01:47,739][core.metrics.meter][INFO] - Logging with tensorboard; view with `tensorboard --logdir=/scratch/lw2534/lab/transductions/outputs/passiv-en-transformer-1layer/Transformer/2021-10-27_08-01-40/tensorboard`
[2021-10-27 08:01:47,742][core.trainer][INFO] - EPOCH 1 / 50
[2021-10-27 08:01:47,742][core.trainer][INFO] - Computing metrics for 'train' dataset
[2021-10-27 08:02:03,679][core.trainer][INFO] - Computing metrics for 'val' dataset
[2021-10-27 08:02:05,762][core.metrics.meter][INFO] - Meter:
SequenceAccuracy:	0.000
TokenAccuracy:	0.155
LengthAccuracy:	0.366
1st Token Accuracy:	0.212
2nd Token Accuracy:	0.001
Average Loss:	3.466
[2021-10-27 08:02:21,927][core.trainer][INFO] - Computing metrics for 'val' dataset
[2021-10-27 08:02:24,089][core.metrics.meter][INFO] - Meter:
SequenceAccuracy:	0.000
TokenAccuracy:	0.190
LengthAccuracy:	0.279
1st Token Accuracy:	0.375
2nd Token Accuracy:	0.000
Average Loss:	3.247
[2021-10-27 08:02:39,999][core.trainer][INFO] - Computing metrics for 'val' dataset
[2021-10-27 08:02:42,349][core.metrics.meter][INFO] - Meter:
SequenceAccuracy:	0.000
TokenAccuracy:	0.217
LengthAccuracy:	0.346
1st Token Accuracy:	0.468
2nd Token Accuracy:	0.001
Average Loss:	3.153
[2021-10-27 08:02:58,580][core.trainer][INFO] - Computing metrics for 'val' dataset
[2021-10-27 08:03:00,924][core.metrics.meter][INFO] - Meter:
SequenceAccuracy:	0.000
TokenAccuracy:	0.233
LengthAccuracy:	0.361
1st Token Accuracy:	0.512
2nd Token Accuracy:	0.004
Average Loss:	3.077
[2021-10-27 08:03:17,378][core.trainer][INFO] - Computing metrics for 'val' dataset
[2021-10-27 08:03:19,661][core.metrics.meter][INFO] - Meter:
SequenceAccuracy:	0.000
TokenAccuracy:	0.246
LengthAccuracy:	0.382
1st Token Accuracy:	0.524
2nd Token Accuracy:	0.008
Average Loss:	2.982
[2021-10-27 08:03:36,056][core.trainer][INFO] - Computing metrics for 'val' dataset
[2021-10-27 08:03:38,458][core.metrics.meter][INFO] - Meter:
SequenceAccuracy:	0.000
TokenAccuracy:	0.260
LengthAccuracy:	0.419
1st Token Accuracy:	0.559
2nd Token Accuracy:	0.015
Average Loss:	2.888
[2021-10-27 08:03:54,932][core.trainer][INFO] - Computing metrics for 'val' dataset
[2021-10-27 08:03:57,343][core.metrics.meter][INFO] - Meter:
SequenceAccuracy:	0.000
TokenAccuracy:	0.277
LengthAccuracy:	0.455
1st Token Accuracy:	0.595
2nd Token Accuracy:	0.032
Average Loss:	2.800
[2021-10-27 08:04:14,051][core.trainer][INFO] - Computing metrics for 'val' dataset
[2021-10-27 08:04:16,485][core.metrics.meter][INFO] - Meter:
SequenceAccuracy:	0.000
TokenAccuracy:	0.300
LengthAccuracy:	0.472
1st Token Accuracy:	0.651
2nd Token Accuracy:	0.054
Average Loss:	2.688
[2021-10-27 08:04:33,519][core.trainer][INFO] - Computing metrics for 'val' dataset
[2021-10-27 08:04:36,005][core.metrics.meter][INFO] - Meter:
SequenceAccuracy:	0.000
TokenAccuracy:	0.325
LengthAccuracy:	0.534
1st Token Accuracy:	0.684
2nd Token Accuracy:	0.096
Average Loss:	2.596
[2021-10-27 08:04:53,008][core.trainer][INFO] - Computing metrics for 'val' dataset
[2021-10-27 08:04:55,505][core.metrics.meter][INFO] - Meter:
SequenceAccuracy:	0.000
TokenAccuracy:	0.346
LengthAccuracy:	0.576
1st Token Accuracy:	0.711
2nd Token Accuracy:	0.125
Average Loss:	2.497
[2021-10-27 08:05:12,848][core.trainer][INFO] - Computing metrics for 'val' dataset
[2021-10-27 08:05:15,337][core.metrics.meter][INFO] - Meter:
SequenceAccuracy:	0.000
TokenAccuracy:	0.370
LengthAccuracy:	0.595
1st Token Accuracy:	0.723
2nd Token Accuracy:	0.174
Average Loss:	2.401
[2021-10-27 08:05:32,628][core.trainer][INFO] - Computing metrics for 'val' dataset
[2021-10-27 08:05:35,139][core.metrics.meter][INFO] - Meter:
SequenceAccuracy:	0.000
TokenAccuracy:	0.401
LengthAccuracy:	0.654
1st Token Accuracy:	0.773
2nd Token Accuracy:	0.235
Average Loss:	2.295
[2021-10-27 08:05:52,606][core.trainer][INFO] - Computing metrics for 'val' dataset
[2021-10-27 08:05:55,150][core.metrics.meter][INFO] - Meter:
SequenceAccuracy:	0.000
TokenAccuracy:	0.435
LengthAccuracy:	0.686
1st Token Accuracy:	0.858
2nd Token Accuracy:	0.300
Average Loss:	2.192
[2021-10-27 08:06:12,663][core.trainer][INFO] - Computing metrics for 'val' dataset
[2021-10-27 08:06:15,178][core.metrics.meter][INFO] - Meter:
SequenceAccuracy:	0.001
TokenAccuracy:	0.464
LengthAccuracy:	0.698
1st Token Accuracy:	0.934
2nd Token Accuracy:	0.356
Average Loss:	2.084
[2021-10-27 08:06:32,754][core.trainer][INFO] - Computing metrics for 'val' dataset
[2021-10-27 08:06:35,294][core.metrics.meter][INFO] - Meter:
SequenceAccuracy:	0.005
TokenAccuracy:	0.505
LengthAccuracy:	0.771
1st Token Accuracy:	0.965
2nd Token Accuracy:	0.395
Average Loss:	1.932
[2021-10-27 08:06:53,010][core.trainer][INFO] - Computing metrics for 'val' dataset
[2021-10-27 08:06:55,501][core.metrics.meter][INFO] - Meter:
SequenceAccuracy:	0.014
TokenAccuracy:	0.554
LengthAccuracy:	0.818
1st Token Accuracy:	0.979
2nd Token Accuracy:	0.425
Average Loss:	1.758
[2021-10-27 08:07:13,112][core.trainer][INFO] - Computing metrics for 'val' dataset
[2021-10-27 08:07:15,619][core.metrics.meter][INFO] - Meter:
SequenceAccuracy:	0.020
TokenAccuracy:	0.590
LengthAccuracy:	0.831
1st Token Accuracy:	0.985
2nd Token Accuracy:	0.447
Average Loss:	1.602
[2021-10-27 08:07:33,144][core.trainer][INFO] - Computing metrics for 'val' dataset
[2021-10-27 08:07:35,635][core.metrics.meter][INFO] - Meter:
SequenceAccuracy:	0.030
TokenAccuracy:	0.623
LengthAccuracy:	0.841
1st Token Accuracy:	0.991
2nd Token Accuracy:	0.471
Average Loss:	1.444
[2021-10-27 08:07:53,217][core.trainer][INFO] - Computing metrics for 'val' dataset
[2021-10-27 08:07:55,714][core.metrics.meter][INFO] - Meter:
SequenceAccuracy:	0.042
TokenAccuracy:	0.653
LengthAccuracy:	0.868
1st Token Accuracy:	0.994
2nd Token Accuracy:	0.516
Average Loss:	1.285
[2021-10-27 08:08:13,489][core.trainer][INFO] - Computing metrics for 'val' dataset
[2021-10-27 08:08:16,018][core.metrics.meter][INFO] - Meter:
SequenceAccuracy:	0.059
TokenAccuracy:	0.677
LengthAccuracy:	0.897
1st Token Accuracy:	0.994
2nd Token Accuracy:	0.604
Average Loss:	1.167
[2021-10-27 08:08:16,223][core.trainer][INFO] - Computing metrics for 'test' dataset
[2021-10-27 08:08:40,458][core.metrics.meter][INFO] - Meter:
SequenceAccuracy:	0.067
TokenAccuracy:	0.667
LengthAccuracy:	0.910
1st Token Accuracy:	0.996
2nd Token Accuracy:	0.646
Average Loss:	1.207
[2021-10-27 08:08:40,458][core.trainer][INFO] - Computing metrics for 'gen' dataset
[2021-10-27 08:09:10,320][core.metrics.meter][INFO] - Meter:
SequenceAccuracy:	0.000
TokenAccuracy:	0.328
LengthAccuracy:	0.507
1st Token Accuracy:	0.191
2nd Token Accuracy:	0.212
Average Loss:	2.570
[2021-10-27 08:09:10,321][core.trainer][INFO] - EPOCH 2 / 50
[2021-10-27 08:09:10,321][core.trainer][INFO] - Computing metrics for 'train' dataset
[2021-10-27 08:09:28,091][core.trainer][INFO] - Computing metrics for 'val' dataset
[2021-10-27 08:09:30,659][core.metrics.meter][INFO] - Meter:
SequenceAccuracy:	0.089
TokenAccuracy:	0.714
LengthAccuracy:	0.934
1st Token Accuracy:	0.996
2nd Token Accuracy:	0.702
Average Loss:	1.024
[2021-10-27 08:09:48,609][core.trainer][INFO] - Computing metrics for 'val' dataset
[2021-10-27 08:09:51,162][core.metrics.meter][INFO] - Meter:
SequenceAccuracy:	0.120
TokenAccuracy:	0.741
LengthAccuracy:	0.953
1st Token Accuracy:	0.998
2nd Token Accuracy:	0.789
Average Loss:	0.918
[2021-10-27 08:10:09,203][core.trainer][INFO] - Computing metrics for 'val' dataset
[2021-10-27 08:10:11,771][core.metrics.meter][INFO] - Meter:
SequenceAccuracy:	0.164
TokenAccuracy:	0.775
LengthAccuracy:	0.971
1st Token Accuracy:	1.000
2nd Token Accuracy:	0.882
Average Loss:	0.796
[2021-10-27 08:10:29,881][core.trainer][INFO] - Computing metrics for 'val' dataset
[2021-10-27 08:10:32,445][core.metrics.meter][INFO] - Meter:
SequenceAccuracy:	0.223
TokenAccuracy:	0.813
LengthAccuracy:	0.980
1st Token Accuracy:	1.000
2nd Token Accuracy:	0.942
Average Loss:	0.673
[2021-10-27 08:10:50,448][core.trainer][INFO] - Computing metrics for 'val' dataset
[2021-10-27 08:10:53,022][core.metrics.meter][INFO] - Meter:
SequenceAccuracy:	0.342
TokenAccuracy:	0.854
LengthAccuracy:	0.983
1st Token Accuracy:	1.000
2nd Token Accuracy:	0.975
Average Loss:	0.549
[2021-10-27 08:11:11,132][core.trainer][INFO] - Computing metrics for 'val' dataset
[2021-10-27 08:11:13,703][core.metrics.meter][INFO] - Meter:
SequenceAccuracy:	0.459
TokenAccuracy:	0.890
LengthAccuracy:	0.981
1st Token Accuracy:	1.000
2nd Token Accuracy:	0.983
Average Loss:	0.448
[2021-10-27 08:11:31,936][core.trainer][INFO] - Computing metrics for 'val' dataset
[2021-10-27 08:11:34,506][core.metrics.meter][INFO] - Meter:
SequenceAccuracy:	0.593
TokenAccuracy:	0.927
LengthAccuracy:	0.983
1st Token Accuracy:	1.000
2nd Token Accuracy:	0.988
Average Loss:	0.339
[2021-10-27 08:11:52,690][core.trainer][INFO] - Computing metrics for 'val' dataset
[2021-10-27 08:11:55,264][core.metrics.meter][INFO] - Meter:
SequenceAccuracy:	0.682
TokenAccuracy:	0.953
LengthAccuracy:	0.985
1st Token Accuracy:	1.000
2nd Token Accuracy:	0.993
Average Loss:	0.253
[2021-10-27 08:12:13,351][core.trainer][INFO] - Computing metrics for 'val' dataset
[2021-10-27 08:12:15,933][core.metrics.meter][INFO] - Meter:
SequenceAccuracy:	0.749
TokenAccuracy:	0.969
LengthAccuracy:	0.981
1st Token Accuracy:	1.000
2nd Token Accuracy:	0.995
Average Loss:	0.195
[2021-10-27 08:12:34,202][core.trainer][INFO] - Computing metrics for 'val' dataset
[2021-10-27 08:12:36,778][core.metrics.meter][INFO] - Meter:
SequenceAccuracy:	0.793
TokenAccuracy:	0.977
LengthAccuracy:	0.986
1st Token Accuracy:	1.000
2nd Token Accuracy:	0.997
Average Loss:	0.151
[2021-10-27 08:12:54,923][core.trainer][INFO] - Computing metrics for 'val' dataset
[2021-10-27 08:12:57,498][core.metrics.meter][INFO] - Meter:
SequenceAccuracy:	0.823
TokenAccuracy:	0.982
LengthAccuracy:	0.984
1st Token Accuracy:	1.000
2nd Token Accuracy:	0.998
Average Loss:	0.126
[2021-10-27 08:13:15,688][core.trainer][INFO] - Computing metrics for 'val' dataset
[2021-10-27 08:13:18,270][core.metrics.meter][INFO] - Meter:
SequenceAccuracy:	0.848
TokenAccuracy:	0.986
LengthAccuracy:	0.982
1st Token Accuracy:	1.000
2nd Token Accuracy:	0.999
Average Loss:	0.108
[2021-10-27 08:13:36,346][core.trainer][INFO] - Computing metrics for 'val' dataset
[2021-10-27 08:13:38,925][core.metrics.meter][INFO] - Meter:
SequenceAccuracy:	0.857
TokenAccuracy:	0.987
LengthAccuracy:	0.983
1st Token Accuracy:	1.000
2nd Token Accuracy:	0.999
Average Loss:	0.096
[2021-10-27 08:13:39,007][core.early_stopping][INFO] - Early stopping counter: 1 / 5
[2021-10-27 08:13:39,008][core.early_stopping][INFO] - Pausing model saving until validation loss decreases by 0.0001
[2021-10-27 08:13:56,899][core.trainer][INFO] - Computing metrics for 'val' dataset
[2021-10-27 08:13:59,476][core.metrics.meter][INFO] - Meter:
SequenceAccuracy:	0.876
TokenAccuracy:	0.989
LengthAccuracy:	0.982
1st Token Accuracy:	1.000
2nd Token Accuracy:	1.000
Average Loss:	0.086
[2021-10-27 08:14:17,576][core.trainer][INFO] - Computing metrics for 'val' dataset
[2021-10-27 08:14:20,154][core.metrics.meter][INFO] - Meter:
SequenceAccuracy:	0.882
TokenAccuracy:	0.989
LengthAccuracy:	0.986
1st Token Accuracy:	1.000
2nd Token Accuracy:	1.000
Average Loss:	0.075
[2021-10-27 08:14:38,274][core.trainer][INFO] - Computing metrics for 'val' dataset
[2021-10-27 08:14:40,853][core.metrics.meter][INFO] - Meter:
SequenceAccuracy:	0.885
TokenAccuracy:	0.990
LengthAccuracy:	0.982
1st Token Accuracy:	1.000
2nd Token Accuracy:	1.000
Average Loss:	0.075
[2021-10-27 08:14:58,981][core.trainer][INFO] - Computing metrics for 'val' dataset
[2021-10-27 08:15:01,561][core.metrics.meter][INFO] - Meter:
SequenceAccuracy:	0.894
TokenAccuracy:	0.991
LengthAccuracy:	0.984
1st Token Accuracy:	1.000
2nd Token Accuracy:	1.000
Average Loss:	0.065
[2021-10-27 08:15:19,681][core.trainer][INFO] - Computing metrics for 'val' dataset
[2021-10-27 08:15:22,252][core.metrics.meter][INFO] - Meter:
SequenceAccuracy:	0.893
TokenAccuracy:	0.991
LengthAccuracy:	0.983
1st Token Accuracy:	1.000
2nd Token Accuracy:	1.000
Average Loss:	0.064
[2021-10-27 08:15:40,382][core.trainer][INFO] - Computing metrics for 'val' dataset
[2021-10-27 08:15:42,946][core.metrics.meter][INFO] - Meter:
SequenceAccuracy:	0.889
TokenAccuracy:	0.991
LengthAccuracy:	0.980
1st Token Accuracy:	1.000
2nd Token Accuracy:	1.000
Average Loss:	0.066
[2021-10-27 08:15:43,005][core.early_stopping][INFO] - Early stopping counter: 1 / 5
[2021-10-27 08:15:43,029][core.early_stopping][INFO] - Pausing model saving until validation loss decreases by 0.0001
[2021-10-27 08:16:00,900][core.trainer][INFO] - Computing metrics for 'val' dataset
[2021-10-27 08:16:03,475][core.metrics.meter][INFO] - Meter:
SequenceAccuracy:	0.896
TokenAccuracy:	0.991
LengthAccuracy:	0.984
1st Token Accuracy:	1.000
2nd Token Accuracy:	1.000
Average Loss:	0.058
[2021-10-27 08:16:03,733][core.trainer][INFO] - Computing metrics for 'test' dataset
[2021-10-27 08:16:28,362][core.metrics.meter][INFO] - Meter:
SequenceAccuracy:	0.899
TokenAccuracy:	0.991
LengthAccuracy:	0.985
1st Token Accuracy:	1.000
2nd Token Accuracy:	1.000
Average Loss:	0.055
[2021-10-27 08:16:28,362][core.trainer][INFO] - Computing metrics for 'gen' dataset
[2021-10-27 08:16:58,373][core.metrics.meter][INFO] - Meter:
SequenceAccuracy:	0.000
TokenAccuracy:	0.236
LengthAccuracy:	0.521
1st Token Accuracy:	0.164
2nd Token Accuracy:	0.038
Average Loss:	4.814
[2021-10-27 08:16:58,373][core.trainer][INFO] - EPOCH 3 / 50
[2021-10-27 08:16:58,373][core.trainer][INFO] - Computing metrics for 'train' dataset
[2021-10-27 08:17:16,386][core.trainer][INFO] - Computing metrics for 'val' dataset
[2021-10-27 08:17:18,960][core.metrics.meter][INFO] - Meter:
SequenceAccuracy:	0.893
TokenAccuracy:	0.991
LengthAccuracy:	0.985
1st Token Accuracy:	1.000
2nd Token Accuracy:	1.000
Average Loss:	0.054
[2021-10-27 08:17:37,032][core.trainer][INFO] - Computing metrics for 'val' dataset
[2021-10-27 08:17:39,595][core.metrics.meter][INFO] - Meter:
SequenceAccuracy:	0.899
TokenAccuracy:	0.992
LengthAccuracy:	0.983
1st Token Accuracy:	1.000
2nd Token Accuracy:	1.000
Average Loss:	0.056
[2021-10-27 08:17:39,660][core.early_stopping][INFO] - Early stopping counter: 1 / 5
[2021-10-27 08:17:39,685][core.early_stopping][INFO] - Pausing model saving until validation loss decreases by 0.0001
[2021-10-27 08:17:57,562][core.trainer][INFO] - Computing metrics for 'val' dataset
[2021-10-27 08:18:00,132][core.metrics.meter][INFO] - Meter:
SequenceAccuracy:	0.898
TokenAccuracy:	0.991
LengthAccuracy:	0.985
1st Token Accuracy:	1.000
2nd Token Accuracy:	1.000
Average Loss:	0.051
[2021-10-27 08:18:00,191][core.early_stopping][INFO] - Early stopping counter: 2 / 5
[2021-10-27 08:18:00,218][core.early_stopping][INFO] - Pausing model saving until validation loss decreases by 0.0001
[2021-10-27 08:18:17,993][core.trainer][INFO] - Computing metrics for 'val' dataset
[2021-10-27 08:18:20,562][core.metrics.meter][INFO] - Meter:
SequenceAccuracy:	0.903
TokenAccuracy:	0.992
LengthAccuracy:	0.985
1st Token Accuracy:	1.000
2nd Token Accuracy:	1.000
Average Loss:	0.049
[2021-10-27 08:18:20,644][core.early_stopping][INFO] - Early stopping counter: 3 / 5
[2021-10-27 08:18:20,645][core.early_stopping][INFO] - Pausing model saving until validation loss decreases by 0.0001
[2021-10-27 08:18:38,556][core.trainer][INFO] - Computing metrics for 'val' dataset
[2021-10-27 08:18:41,125][core.metrics.meter][INFO] - Meter:
SequenceAccuracy:	0.893
TokenAccuracy:	0.991
LengthAccuracy:	0.984
1st Token Accuracy:	1.000
2nd Token Accuracy:	1.000
Average Loss:	0.050
[2021-10-27 08:18:41,186][core.early_stopping][INFO] - Early stopping counter: 4 / 5
[2021-10-27 08:18:41,212][core.early_stopping][INFO] - Pausing model saving until validation loss decreases by 0.0001
[2021-10-27 08:18:59,131][core.trainer][INFO] - Computing metrics for 'val' dataset
[2021-10-27 08:19:01,702][core.metrics.meter][INFO] - Meter:
SequenceAccuracy:	0.901
TokenAccuracy:	0.992
LengthAccuracy:	0.985
1st Token Accuracy:	1.000
2nd Token Accuracy:	1.000
Average Loss:	0.049
[2021-10-27 08:19:19,751][core.trainer][INFO] - Computing metrics for 'val' dataset
[2021-10-27 08:19:22,331][core.metrics.meter][INFO] - Meter:
SequenceAccuracy:	0.897
TokenAccuracy:	0.991
LengthAccuracy:	0.986
1st Token Accuracy:	1.000
2nd Token Accuracy:	1.000
Average Loss:	0.044
[2021-10-27 08:19:22,404][core.early_stopping][INFO] - Early stopping counter: 1 / 5
[2021-10-27 08:19:22,428][core.early_stopping][INFO] - Pausing model saving until validation loss decreases by 0.0001
[2021-10-27 08:19:40,228][core.trainer][INFO] - Computing metrics for 'val' dataset
[2021-10-27 08:19:42,792][core.metrics.meter][INFO] - Meter:
SequenceAccuracy:	0.898
TokenAccuracy:	0.991
LengthAccuracy:	0.987
1st Token Accuracy:	1.000
2nd Token Accuracy:	1.000
Average Loss:	0.044
[2021-10-27 08:19:42,849][core.early_stopping][INFO] - Early stopping counter: 2 / 5
[2021-10-27 08:19:42,873][core.early_stopping][INFO] - Pausing model saving until validation loss decreases by 0.0001
[2021-10-27 08:20:00,709][core.trainer][INFO] - Computing metrics for 'val' dataset
[2021-10-27 08:20:03,284][core.metrics.meter][INFO] - Meter:
SequenceAccuracy:	0.900
TokenAccuracy:	0.992
LengthAccuracy:	0.984
1st Token Accuracy:	1.000
2nd Token Accuracy:	1.000
Average Loss:	0.047
[2021-10-27 08:20:03,340][core.early_stopping][INFO] - Early stopping counter: 3 / 5
[2021-10-27 08:20:03,364][core.early_stopping][INFO] - Pausing model saving until validation loss decreases by 0.0001
[2021-10-27 08:20:21,279][core.trainer][INFO] - Computing metrics for 'val' dataset
[2021-10-27 08:20:23,848][core.metrics.meter][INFO] - Meter:
SequenceAccuracy:	0.896
TokenAccuracy:	0.991
LengthAccuracy:	0.984
1st Token Accuracy:	1.000
2nd Token Accuracy:	1.000
Average Loss:	0.046
[2021-10-27 08:20:23,910][core.early_stopping][INFO] - Early stopping counter: 4 / 5
[2021-10-27 08:20:23,934][core.early_stopping][INFO] - Pausing model saving until validation loss decreases by 0.0001
[2021-10-27 08:20:41,797][core.trainer][INFO] - Computing metrics for 'val' dataset
[2021-10-27 08:20:44,365][core.metrics.meter][INFO] - Meter:
SequenceAccuracy:	0.902
TokenAccuracy:	0.992
LengthAccuracy:	0.985
1st Token Accuracy:	1.000
2nd Token Accuracy:	1.000
Average Loss:	0.043
[2021-10-27 08:20:44,421][core.early_stopping][INFO] - Early stopping counter: 5 / 5
[2021-10-27 08:20:44,446][core.early_stopping][INFO] - Pausing model saving until validation loss decreases by 0.0001
[2021-10-27 08:20:44,446][core.trainer][INFO] - Computing metrics for 'test' dataset
[2021-10-27 08:21:09,065][core.metrics.meter][INFO] - Meter:
SequenceAccuracy:	0.902
TokenAccuracy:	0.992
LengthAccuracy:	0.984
1st Token Accuracy:	1.000
2nd Token Accuracy:	1.000
Average Loss:	0.046
[2021-10-27 08:21:09,066][core.trainer][INFO] - Computing metrics for 'gen' dataset
[2021-10-27 08:21:39,121][core.metrics.meter][INFO] - Meter:
SequenceAccuracy:	0.000
TokenAccuracy:	0.211
LengthAccuracy:	0.509
1st Token Accuracy:	0.164
2nd Token Accuracy:	0.038
Average Loss:	5.505
[2021-10-27 08:21:39,121][core.trainer][INFO] - EPOCH 4 / 50
[2021-10-27 08:21:39,121][core.trainer][INFO] - Computing metrics for 'train' dataset
[2021-10-27 08:21:57,105][core.trainer][INFO] - Computing metrics for 'val' dataset
[2021-10-27 08:21:59,673][core.metrics.meter][INFO] - Meter:
SequenceAccuracy:	0.901
TokenAccuracy:	0.992
LengthAccuracy:	0.986
1st Token Accuracy:	1.000
2nd Token Accuracy:	1.000
Average Loss:	0.044
[2021-10-27 08:22:17,853][core.trainer][INFO] - Computing metrics for 'val' dataset
[2021-10-27 08:22:20,429][core.metrics.meter][INFO] - Meter:
SequenceAccuracy:	0.898
TokenAccuracy:	0.991
LengthAccuracy:	0.986
1st Token Accuracy:	1.000
2nd Token Accuracy:	1.000
Average Loss:	0.042
[2021-10-27 08:22:20,486][core.early_stopping][INFO] - Early stopping counter: 1 / 5
[2021-10-27 08:22:20,510][core.early_stopping][INFO] - Pausing model saving until validation loss decreases by 0.0001
[2021-10-27 08:22:38,350][core.trainer][INFO] - Computing metrics for 'val' dataset
[2021-10-27 08:22:40,922][core.metrics.meter][INFO] - Meter:
SequenceAccuracy:	0.905
TokenAccuracy:	0.992
LengthAccuracy:	0.984
1st Token Accuracy:	1.000
2nd Token Accuracy:	1.000
Average Loss:	0.043
[2021-10-27 08:22:59,083][core.trainer][INFO] - Computing metrics for 'val' dataset
[2021-10-27 08:23:01,662][core.metrics.meter][INFO] - Meter:
SequenceAccuracy:	0.899
TokenAccuracy:	0.992
LengthAccuracy:	0.985
1st Token Accuracy:	1.000
2nd Token Accuracy:	1.000
Average Loss:	0.045
[2021-10-27 08:23:01,725][core.early_stopping][INFO] - Early stopping counter: 1 / 5
[2021-10-27 08:23:01,749][core.early_stopping][INFO] - Pausing model saving until validation loss decreases by 0.0001
[2021-10-27 08:23:19,637][core.trainer][INFO] - Computing metrics for 'val' dataset
[2021-10-27 08:23:22,199][core.metrics.meter][INFO] - Meter:
SequenceAccuracy:	0.902
TokenAccuracy:	0.992
LengthAccuracy:	0.984
1st Token Accuracy:	1.000
2nd Token Accuracy:	1.000
Average Loss:	0.041
[2021-10-27 08:23:22,255][core.early_stopping][INFO] - Early stopping counter: 2 / 5
[2021-10-27 08:23:22,279][core.early_stopping][INFO] - Pausing model saving until validation loss decreases by 0.0001
[2021-10-27 08:23:40,097][core.trainer][INFO] - Computing metrics for 'val' dataset
[2021-10-27 08:23:42,672][core.metrics.meter][INFO] - Meter:
SequenceAccuracy:	0.901
TokenAccuracy:	0.992
LengthAccuracy:	0.982
1st Token Accuracy:	1.000
2nd Token Accuracy:	1.000
Average Loss:	0.045
[2021-10-27 08:23:42,731][core.early_stopping][INFO] - Early stopping counter: 3 / 5
[2021-10-27 08:23:42,755][core.early_stopping][INFO] - Pausing model saving until validation loss decreases by 0.0001
[2021-10-27 08:24:00,691][core.trainer][INFO] - Computing metrics for 'val' dataset
[2021-10-27 08:24:03,265][core.metrics.meter][INFO] - Meter:
SequenceAccuracy:	0.911
TokenAccuracy:	0.992
LengthAccuracy:	0.986
1st Token Accuracy:	1.000
2nd Token Accuracy:	1.000
Average Loss:	0.039
[2021-10-27 08:24:03,323][core.early_stopping][INFO] - Early stopping counter: 4 / 5
[2021-10-27 08:24:03,347][core.early_stopping][INFO] - Pausing model saving until validation loss decreases by 0.0001
[2021-10-27 08:24:21,239][core.trainer][INFO] - Computing metrics for 'val' dataset
[2021-10-27 08:24:23,823][core.metrics.meter][INFO] - Meter:
SequenceAccuracy:	0.903
TokenAccuracy:	0.992
LengthAccuracy:	0.984
1st Token Accuracy:	1.000
2nd Token Accuracy:	1.000
Average Loss:	0.044
[2021-10-27 08:24:41,980][core.trainer][INFO] - Computing metrics for 'val' dataset
[2021-10-27 08:24:44,555][core.metrics.meter][INFO] - Meter:
SequenceAccuracy:	0.911
TokenAccuracy:	0.993
LengthAccuracy:	0.983
1st Token Accuracy:	1.000
2nd Token Accuracy:	1.000
Average Loss:	0.042
[2021-10-27 08:24:44,624][core.early_stopping][INFO] - Early stopping counter: 1 / 5
[2021-10-27 08:24:44,649][core.early_stopping][INFO] - Pausing model saving until validation loss decreases by 0.0001
[2021-10-27 08:25:02,582][core.trainer][INFO] - Computing metrics for 'val' dataset
[2021-10-27 08:25:05,157][core.metrics.meter][INFO] - Meter:
SequenceAccuracy:	0.910
TokenAccuracy:	0.992
LengthAccuracy:	0.986
1st Token Accuracy:	1.000
2nd Token Accuracy:	1.000
Average Loss:	0.037
[2021-10-27 08:25:05,213][core.early_stopping][INFO] - Early stopping counter: 2 / 5
[2021-10-27 08:25:05,237][core.early_stopping][INFO] - Pausing model saving until validation loss decreases by 0.0001
[2021-10-27 08:25:23,147][core.trainer][INFO] - Computing metrics for 'val' dataset
[2021-10-27 08:25:25,723][core.metrics.meter][INFO] - Meter:
SequenceAccuracy:	0.915
TokenAccuracy:	0.993
LengthAccuracy:	0.982
1st Token Accuracy:	1.000
2nd Token Accuracy:	1.000
Average Loss:	0.042
[2021-10-27 08:25:25,780][core.early_stopping][INFO] - Early stopping counter: 3 / 5
[2021-10-27 08:25:25,804][core.early_stopping][INFO] - Pausing model saving until validation loss decreases by 0.0001
[2021-10-27 08:25:43,662][core.trainer][INFO] - Computing metrics for 'val' dataset
[2021-10-27 08:25:46,231][core.metrics.meter][INFO] - Meter:
SequenceAccuracy:	0.920
TokenAccuracy:	0.994
LengthAccuracy:	0.986
1st Token Accuracy:	1.000
2nd Token Accuracy:	1.000
Average Loss:	0.037
[2021-10-27 08:26:04,256][core.trainer][INFO] - Computing metrics for 'val' dataset
[2021-10-27 08:26:06,829][core.metrics.meter][INFO] - Meter:
SequenceAccuracy:	0.919
TokenAccuracy:	0.993
LengthAccuracy:	0.986
1st Token Accuracy:	1.000
2nd Token Accuracy:	1.000
Average Loss:	0.038
[2021-10-27 08:26:06,885][core.early_stopping][INFO] - Early stopping counter: 1 / 5
[2021-10-27 08:26:06,909][core.early_stopping][INFO] - Pausing model saving until validation loss decreases by 0.0001
[2021-10-27 08:26:24,714][core.trainer][INFO] - Computing metrics for 'val' dataset
[2021-10-27 08:26:27,292][core.metrics.meter][INFO] - Meter:
SequenceAccuracy:	0.929
TokenAccuracy:	0.994
LengthAccuracy:	0.986
1st Token Accuracy:	1.000
2nd Token Accuracy:	1.000
Average Loss:	0.036
[2021-10-27 08:26:27,351][core.early_stopping][INFO] - Early stopping counter: 2 / 5
[2021-10-27 08:26:27,375][core.early_stopping][INFO] - Pausing model saving until validation loss decreases by 0.0001
[2021-10-27 08:26:45,311][core.trainer][INFO] - Computing metrics for 'val' dataset
[2021-10-27 08:26:47,885][core.metrics.meter][INFO] - Meter:
SequenceAccuracy:	0.928
TokenAccuracy:	0.995
LengthAccuracy:	0.982
1st Token Accuracy:	1.000
2nd Token Accuracy:	1.000
Average Loss:	0.038
[2021-10-27 08:26:47,942][core.early_stopping][INFO] - Early stopping counter: 3 / 5
[2021-10-27 08:26:47,966][core.early_stopping][INFO] - Pausing model saving until validation loss decreases by 0.0001
[2021-10-27 08:27:05,795][core.trainer][INFO] - Computing metrics for 'val' dataset
[2021-10-27 08:27:08,373][core.metrics.meter][INFO] - Meter:
SequenceAccuracy:	0.937
TokenAccuracy:	0.995
LengthAccuracy:	0.985
1st Token Accuracy:	1.000
2nd Token Accuracy:	1.000
Average Loss:	0.038
[2021-10-27 08:27:08,430][core.early_stopping][INFO] - Early stopping counter: 4 / 5
[2021-10-27 08:27:08,454][core.early_stopping][INFO] - Pausing model saving until validation loss decreases by 0.0001
[2021-10-27 08:27:26,357][core.trainer][INFO] - Computing metrics for 'val' dataset
[2021-10-27 08:27:28,930][core.metrics.meter][INFO] - Meter:
SequenceAccuracy:	0.939
TokenAccuracy:	0.995
LengthAccuracy:	0.985
1st Token Accuracy:	1.000
2nd Token Accuracy:	1.000
Average Loss:	0.035
[2021-10-27 08:27:29,000][core.early_stopping][INFO] - Early stopping counter: 5 / 5
[2021-10-27 08:27:29,027][core.early_stopping][INFO] - Pausing model saving until validation loss decreases by 0.0001
[2021-10-27 08:27:29,027][core.trainer][INFO] - Computing metrics for 'test' dataset
[2021-10-27 08:27:53,616][core.metrics.meter][INFO] - Meter:
SequenceAccuracy:	0.943
TokenAccuracy:	0.996
LengthAccuracy:	0.983
1st Token Accuracy:	1.000
2nd Token Accuracy:	1.000
Average Loss:	0.039
[2021-10-27 08:27:53,616][core.trainer][INFO] - Computing metrics for 'gen' dataset
[2021-10-27 08:28:23,769][core.metrics.meter][INFO] - Meter:
SequenceAccuracy:	0.000
TokenAccuracy:	0.194
LengthAccuracy:	0.511
1st Token Accuracy:	0.164
2nd Token Accuracy:	0.038
Average Loss:	5.999
[2021-10-27 08:28:23,769][core.trainer][INFO] - EPOCH 5 / 50
[2021-10-27 08:28:23,769][core.trainer][INFO] - Computing metrics for 'train' dataset
[2021-10-27 08:28:41,725][core.trainer][INFO] - Computing metrics for 'val' dataset
[2021-10-27 08:28:44,292][core.metrics.meter][INFO] - Meter:
SequenceAccuracy:	0.942
TokenAccuracy:	0.996
LengthAccuracy:	0.983
1st Token Accuracy:	1.000
2nd Token Accuracy:	1.000
Average Loss:	0.039
[2021-10-27 08:28:44,351][core.early_stopping][INFO] - Early stopping counter: 6 / 5
[2021-10-27 08:28:44,376][core.early_stopping][INFO] - Pausing model saving until validation loss decreases by 0.0001
[2021-10-27 08:28:44,376][core.trainer][INFO] - Computing metrics for 'test' dataset
[2021-10-27 08:29:08,961][core.metrics.meter][INFO] - Meter:
SequenceAccuracy:	0.950
TokenAccuracy:	0.997
LengthAccuracy:	0.985
1st Token Accuracy:	1.000
2nd Token Accuracy:	1.000
Average Loss:	0.035
[2021-10-27 08:29:08,961][core.trainer][INFO] - Computing metrics for 'gen' dataset
[2021-10-27 08:29:39,058][core.metrics.meter][INFO] - Meter:
SequenceAccuracy:	0.000
TokenAccuracy:	0.195
LengthAccuracy:	0.506
1st Token Accuracy:	0.164
2nd Token Accuracy:	0.038
Average Loss:	5.995
[2021-10-27 08:29:39,059][core.trainer][INFO] - EPOCH 6 / 50
[2021-10-27 08:29:39,059][core.trainer][INFO] - Computing metrics for 'train' dataset
[2021-10-27 08:29:57,022][core.trainer][INFO] - Computing metrics for 'val' dataset
[2021-10-27 08:29:59,591][core.metrics.meter][INFO] - Meter:
SequenceAccuracy:	0.950
TokenAccuracy:	0.997
LengthAccuracy:	0.984
1st Token Accuracy:	1.000
2nd Token Accuracy:	1.000
Average Loss:	0.036
[2021-10-27 08:29:59,667][core.early_stopping][INFO] - Early stopping counter: 7 / 5
[2021-10-27 08:29:59,693][core.early_stopping][INFO] - Pausing model saving until validation loss decreases by 0.0001
[2021-10-27 08:29:59,693][core.trainer][INFO] - Computing metrics for 'test' dataset
[2021-10-27 08:30:24,320][core.metrics.meter][INFO] - Meter:
SequenceAccuracy:	0.954
TokenAccuracy:	0.997
LengthAccuracy:	0.985
1st Token Accuracy:	1.000
2nd Token Accuracy:	1.000
Average Loss:	0.034
[2021-10-27 08:30:24,320][core.trainer][INFO] - Computing metrics for 'gen' dataset
[2021-10-27 08:30:54,516][core.metrics.meter][INFO] - Meter:
SequenceAccuracy:	0.000
TokenAccuracy:	0.193
LengthAccuracy:	0.509
1st Token Accuracy:	0.164
2nd Token Accuracy:	0.038
Average Loss:	6.028
[2021-10-27 08:30:54,516][core.trainer][INFO] - EPOCH 7 / 50
[2021-10-27 08:30:54,516][core.trainer][INFO] - Computing metrics for 'train' dataset
[2021-10-27 08:31:12,529][core.trainer][INFO] - Computing metrics for 'val' dataset
[2021-10-27 08:31:15,104][core.metrics.meter][INFO] - Meter:
SequenceAccuracy:	0.955
TokenAccuracy:	0.997
LengthAccuracy:	0.983
1st Token Accuracy:	1.000
2nd Token Accuracy:	1.000
Average Loss:	0.037
[2021-10-27 08:31:15,186][core.early_stopping][INFO] - Early stopping counter: 8 / 5
[2021-10-27 08:31:15,186][core.early_stopping][INFO] - Pausing model saving until validation loss decreases by 0.0001
[2021-10-27 08:31:15,186][core.trainer][INFO] - Computing metrics for 'test' dataset
[2021-10-27 08:31:39,780][core.metrics.meter][INFO] - Meter:
SequenceAccuracy:	0.959
TokenAccuracy:	0.997
LengthAccuracy:	0.985
1st Token Accuracy:	1.000
2nd Token Accuracy:	1.000
Average Loss:	0.034
[2021-10-27 08:31:39,781][core.trainer][INFO] - Computing metrics for 'gen' dataset
[2021-10-27 08:32:09,946][core.metrics.meter][INFO] - Meter:
SequenceAccuracy:	0.000
TokenAccuracy:	0.194
LengthAccuracy:	0.512
1st Token Accuracy:	0.164
2nd Token Accuracy:	0.038
Average Loss:	6.029
[2021-10-27 08:32:09,946][core.trainer][INFO] - EPOCH 8 / 50
[2021-10-27 08:32:09,946][core.trainer][INFO] - Computing metrics for 'train' dataset
[2021-10-27 08:32:27,901][core.trainer][INFO] - Computing metrics for 'val' dataset
[2021-10-27 08:32:30,470][core.metrics.meter][INFO] - Meter:
SequenceAccuracy:	0.957
TokenAccuracy:	0.997
LengthAccuracy:	0.985
1st Token Accuracy:	1.000
2nd Token Accuracy:	1.000
Average Loss:	0.032
[2021-10-27 08:32:48,552][core.trainer][INFO] - Computing metrics for 'val' dataset
[2021-10-27 08:32:51,130][core.metrics.meter][INFO] - Meter:
SequenceAccuracy:	0.963
TokenAccuracy:	0.998
LengthAccuracy:	0.984
1st Token Accuracy:	1.000
2nd Token Accuracy:	1.000
Average Loss:	0.032
[2021-10-27 08:32:51,190][core.early_stopping][INFO] - Early stopping counter: 1 / 5
[2021-10-27 08:32:51,215][core.early_stopping][INFO] - Pausing model saving until validation loss decreases by 0.0001
[2021-10-27 08:33:09,074][core.trainer][INFO] - Computing metrics for 'val' dataset
[2021-10-27 08:33:11,644][core.metrics.meter][INFO] - Meter:
SequenceAccuracy:	0.966
TokenAccuracy:	0.998
LengthAccuracy:	0.987
1st Token Accuracy:	1.000
2nd Token Accuracy:	1.000
Average Loss:	0.031
[2021-10-27 08:33:11,703][core.early_stopping][INFO] - Early stopping counter: 2 / 5
[2021-10-27 08:33:11,728][core.early_stopping][INFO] - Pausing model saving until validation loss decreases by 0.0001
[2021-10-27 08:33:29,597][core.trainer][INFO] - Computing metrics for 'val' dataset
[2021-10-27 08:33:32,182][core.metrics.meter][INFO] - Meter:
SequenceAccuracy:	0.969
TokenAccuracy:	0.998
LengthAccuracy:	0.984
1st Token Accuracy:	1.000
2nd Token Accuracy:	1.000
Average Loss:	0.030
[2021-10-27 08:33:32,253][core.early_stopping][INFO] - Early stopping counter: 3 / 5
[2021-10-27 08:33:32,278][core.early_stopping][INFO] - Pausing model saving until validation loss decreases by 0.0001
[2021-10-27 08:33:50,120][core.trainer][INFO] - Computing metrics for 'val' dataset
[2021-10-27 08:33:52,700][core.metrics.meter][INFO] - Meter:
SequenceAccuracy:	0.971
TokenAccuracy:	0.999
LengthAccuracy:	0.983
1st Token Accuracy:	1.000
2nd Token Accuracy:	1.000
Average Loss:	0.032
[2021-10-27 08:33:52,759][core.early_stopping][INFO] - Early stopping counter: 4 / 5
[2021-10-27 08:33:52,784][core.early_stopping][INFO] - Pausing model saving until validation loss decreases by 0.0001
[2021-10-27 08:34:10,679][core.trainer][INFO] - Computing metrics for 'val' dataset
[2021-10-27 08:34:13,251][core.metrics.meter][INFO] - Meter:
SequenceAccuracy:	0.972
TokenAccuracy:	0.999
LengthAccuracy:	0.982
1st Token Accuracy:	1.000
2nd Token Accuracy:	1.000
Average Loss:	0.032
[2021-10-27 08:34:13,310][core.early_stopping][INFO] - Early stopping counter: 5 / 5
[2021-10-27 08:34:13,336][core.early_stopping][INFO] - Pausing model saving until validation loss decreases by 0.0001
[2021-10-27 08:34:13,336][core.trainer][INFO] - Computing metrics for 'test' dataset
[2021-10-27 08:34:37,994][core.metrics.meter][INFO] - Meter:
SequenceAccuracy:	0.977
TokenAccuracy:	0.999
LengthAccuracy:	0.985
1st Token Accuracy:	1.000
2nd Token Accuracy:	1.000
Average Loss:	0.033
[2021-10-27 08:34:37,995][core.trainer][INFO] - Computing metrics for 'gen' dataset
[2021-10-27 08:35:08,205][core.metrics.meter][INFO] - Meter:
SequenceAccuracy:	0.000
TokenAccuracy:	0.189
LengthAccuracy:	0.507
1st Token Accuracy:	0.164
2nd Token Accuracy:	0.038
Average Loss:	6.163
[2021-10-27 08:35:08,205][core.trainer][INFO] - EPOCH 9 / 50
[2021-10-27 08:35:08,205][core.trainer][INFO] - Computing metrics for 'train' dataset
[2021-10-27 08:35:26,172][core.trainer][INFO] - Computing metrics for 'val' dataset
[2021-10-27 08:35:28,751][core.metrics.meter][INFO] - Meter:
SequenceAccuracy:	0.977
TokenAccuracy:	0.999
LengthAccuracy:	0.985
1st Token Accuracy:	1.000
2nd Token Accuracy:	1.000
Average Loss:	0.028
[2021-10-27 08:35:28,811][core.early_stopping][INFO] - Early stopping counter: 6 / 5
[2021-10-27 08:35:28,836][core.early_stopping][INFO] - Pausing model saving until validation loss decreases by 0.0001
[2021-10-27 08:35:28,836][core.trainer][INFO] - Computing metrics for 'test' dataset
[2021-10-27 08:35:53,487][core.metrics.meter][INFO] - Meter:
SequenceAccuracy:	0.976
TokenAccuracy:	0.999
LengthAccuracy:	0.984
1st Token Accuracy:	1.000
2nd Token Accuracy:	1.000
Average Loss:	0.032
[2021-10-27 08:35:53,487][core.trainer][INFO] - Computing metrics for 'gen' dataset
[2021-10-27 08:36:23,764][core.metrics.meter][INFO] - Meter:
SequenceAccuracy:	0.000
TokenAccuracy:	0.189
LengthAccuracy:	0.512
1st Token Accuracy:	0.164
2nd Token Accuracy:	0.038
Average Loss:	6.185
[2021-10-27 08:36:23,765][core.trainer][INFO] - EPOCH 10 / 50
[2021-10-27 08:36:23,765][core.trainer][INFO] - Computing metrics for 'train' dataset
[2021-10-27 08:36:41,773][core.trainer][INFO] - Computing metrics for 'val' dataset
[2021-10-27 08:36:44,363][core.metrics.meter][INFO] - Meter:
SequenceAccuracy:	0.976
TokenAccuracy:	0.999
LengthAccuracy:	0.982
1st Token Accuracy:	1.000
2nd Token Accuracy:	1.000
Average Loss:	0.033
[2021-10-27 08:36:44,422][core.early_stopping][INFO] - Early stopping counter: 7 / 5
[2021-10-27 08:36:44,447][core.early_stopping][INFO] - Pausing model saving until validation loss decreases by 0.0001
[2021-10-27 08:36:44,447][core.trainer][INFO] - Computing metrics for 'test' dataset
[2021-10-27 08:37:09,105][core.metrics.meter][INFO] - Meter:
SequenceAccuracy:	0.979
TokenAccuracy:	0.999
LengthAccuracy:	0.984
1st Token Accuracy:	1.000
2nd Token Accuracy:	1.000
Average Loss:	0.032
[2021-10-27 08:37:09,105][core.trainer][INFO] - Computing metrics for 'gen' dataset
[2021-10-27 08:37:39,339][core.metrics.meter][INFO] - Meter:
SequenceAccuracy:	0.000
TokenAccuracy:	0.188
LengthAccuracy:	0.508
1st Token Accuracy:	0.164
2nd Token Accuracy:	0.038
Average Loss:	6.210
[2021-10-27 08:37:39,340][core.trainer][INFO] - EPOCH 11 / 50
[2021-10-27 08:37:39,340][core.trainer][INFO] - Computing metrics for 'train' dataset
[2021-10-27 08:37:57,359][core.trainer][INFO] - Computing metrics for 'val' dataset
[2021-10-27 08:37:59,925][core.metrics.meter][INFO] - Meter:
SequenceAccuracy:	0.978
TokenAccuracy:	0.999
LengthAccuracy:	0.984
1st Token Accuracy:	1.000
2nd Token Accuracy:	1.000
Average Loss:	0.033
[2021-10-27 08:37:59,984][core.early_stopping][INFO] - Early stopping counter: 8 / 5
[2021-10-27 08:38:00,009][core.early_stopping][INFO] - Pausing model saving until validation loss decreases by 0.0001
[2021-10-27 08:38:00,009][core.trainer][INFO] - Computing metrics for 'test' dataset
[2021-10-27 08:38:24,631][core.metrics.meter][INFO] - Meter:
SequenceAccuracy:	0.978
TokenAccuracy:	0.999
LengthAccuracy:	0.984
1st Token Accuracy:	1.000
2nd Token Accuracy:	1.000
Average Loss:	0.031
[2021-10-27 08:38:24,631][core.trainer][INFO] - Computing metrics for 'gen' dataset
[2021-10-27 08:38:54,893][core.metrics.meter][INFO] - Meter:
SequenceAccuracy:	0.000
TokenAccuracy:	0.187
LengthAccuracy:	0.517
1st Token Accuracy:	0.164
2nd Token Accuracy:	0.038
Average Loss:	6.240
[2021-10-27 08:38:54,893][core.trainer][INFO] - EPOCH 12 / 50
[2021-10-27 08:38:54,893][core.trainer][INFO] - Computing metrics for 'train' dataset
[2021-10-27 08:39:12,909][core.trainer][INFO] - Computing metrics for 'val' dataset
[2021-10-27 08:39:15,484][core.metrics.meter][INFO] - Meter:
SequenceAccuracy:	0.981
TokenAccuracy:	1.000
LengthAccuracy:	0.985
1st Token Accuracy:	1.000
2nd Token Accuracy:	1.000
Average Loss:	0.030
[2021-10-27 08:39:33,574][core.trainer][INFO] - Computing metrics for 'val' dataset
[2021-10-27 08:39:36,142][core.metrics.meter][INFO] - Meter:
SequenceAccuracy:	0.980
TokenAccuracy:	1.000
LengthAccuracy:	0.983
1st Token Accuracy:	1.000
2nd Token Accuracy:	1.000
Average Loss:	0.032
[2021-10-27 08:39:54,159][core.trainer][INFO] - Computing metrics for 'val' dataset
[2021-10-27 08:39:56,737][core.metrics.meter][INFO] - Meter:
SequenceAccuracy:	0.982
TokenAccuracy:	1.000
LengthAccuracy:	0.984
1st Token Accuracy:	1.000
2nd Token Accuracy:	1.000
Average Loss:	0.031
[2021-10-27 08:39:56,794][core.early_stopping][INFO] - Early stopping counter: 1 / 5
[2021-10-27 08:39:56,818][core.early_stopping][INFO] - Pausing model saving until validation loss decreases by 0.0001
[2021-10-27 08:40:14,698][core.trainer][INFO] - Computing metrics for 'val' dataset
[2021-10-27 08:40:17,271][core.metrics.meter][INFO] - Meter:
SequenceAccuracy:	0.981
TokenAccuracy:	1.000
LengthAccuracy:	0.983
1st Token Accuracy:	1.000
2nd Token Accuracy:	1.000
Average Loss:	0.030
[2021-10-27 08:40:17,327][core.early_stopping][INFO] - Early stopping counter: 2 / 5
[2021-10-27 08:40:17,351][core.early_stopping][INFO] - Pausing model saving until validation loss decreases by 0.0001
[2021-10-27 08:40:35,237][core.trainer][INFO] - Computing metrics for 'val' dataset
[2021-10-27 08:40:37,810][core.metrics.meter][INFO] - Meter:
SequenceAccuracy:	0.981
TokenAccuracy:	1.000
LengthAccuracy:	0.982
1st Token Accuracy:	1.000
2nd Token Accuracy:	1.000
Average Loss:	0.031
[2021-10-27 08:40:37,870][core.early_stopping][INFO] - Early stopping counter: 3 / 5
[2021-10-27 08:40:37,894][core.early_stopping][INFO] - Pausing model saving until validation loss decreases by 0.0001
[2021-10-27 08:40:55,767][core.trainer][INFO] - Computing metrics for 'val' dataset
[2021-10-27 08:40:58,339][core.metrics.meter][INFO] - Meter:
SequenceAccuracy:	0.981
TokenAccuracy:	1.000
LengthAccuracy:	0.982
1st Token Accuracy:	1.000
2nd Token Accuracy:	1.000
Average Loss:	0.032
[2021-10-27 08:40:58,395][core.early_stopping][INFO] - Early stopping counter: 4 / 5
[2021-10-27 08:40:58,420][core.early_stopping][INFO] - Pausing model saving until validation loss decreases by 0.0001
[2021-10-27 08:41:16,246][core.trainer][INFO] - Computing metrics for 'val' dataset
[2021-10-27 08:41:18,816][core.metrics.meter][INFO] - Meter:
SequenceAccuracy:	0.985
TokenAccuracy:	1.000
LengthAccuracy:	0.986
1st Token Accuracy:	1.000
2nd Token Accuracy:	1.000
Average Loss:	0.024
[2021-10-27 08:41:18,890][core.early_stopping][INFO] - Early stopping counter: 5 / 5
[2021-10-27 08:41:18,914][core.early_stopping][INFO] - Pausing model saving until validation loss decreases by 0.0001
[2021-10-27 08:41:18,914][core.trainer][INFO] - Computing metrics for 'test' dataset
[2021-10-27 08:41:43,553][core.metrics.meter][INFO] - Meter:
SequenceAccuracy:	0.983
TokenAccuracy:	1.000
LengthAccuracy:	0.984
1st Token Accuracy:	1.000
2nd Token Accuracy:	1.000
Average Loss:	0.030
[2021-10-27 08:41:43,553][core.trainer][INFO] - Computing metrics for 'gen' dataset
[2021-10-27 08:42:13,817][core.metrics.meter][INFO] - Meter:
SequenceAccuracy:	0.000
TokenAccuracy:	0.184
LengthAccuracy:	0.513
1st Token Accuracy:	0.164
2nd Token Accuracy:	0.038
Average Loss:	6.364
[2021-10-27 08:42:13,817][core.trainer][INFO] - EPOCH 13 / 50
[2021-10-27 08:42:13,817][core.trainer][INFO] - Computing metrics for 'train' dataset
[2021-10-27 08:42:31,786][core.trainer][INFO] - Computing metrics for 'val' dataset
[2021-10-27 08:42:34,356][core.metrics.meter][INFO] - Meter:
SequenceAccuracy:	0.986
TokenAccuracy:	1.000
LengthAccuracy:	0.986
1st Token Accuracy:	1.000
2nd Token Accuracy:	1.000
Average Loss:	0.025
[2021-10-27 08:42:34,412][core.early_stopping][INFO] - Early stopping counter: 6 / 5
[2021-10-27 08:42:34,437][core.early_stopping][INFO] - Pausing model saving until validation loss decreases by 0.0001
[2021-10-27 08:42:34,437][core.trainer][INFO] - Computing metrics for 'test' dataset
[2021-10-27 08:42:59,070][core.metrics.meter][INFO] - Meter:
SequenceAccuracy:	0.985
TokenAccuracy:	1.000
LengthAccuracy:	0.985
1st Token Accuracy:	1.000
2nd Token Accuracy:	1.000
Average Loss:	0.027
[2021-10-27 08:42:59,070][core.trainer][INFO] - Computing metrics for 'gen' dataset
[2021-10-27 08:43:29,325][core.metrics.meter][INFO] - Meter:
SequenceAccuracy:	0.000
TokenAccuracy:	0.184
LengthAccuracy:	0.513
1st Token Accuracy:	0.164
2nd Token Accuracy:	0.038
Average Loss:	6.390
[2021-10-27 08:43:29,326][core.trainer][INFO] - EPOCH 14 / 50
[2021-10-27 08:43:29,326][core.trainer][INFO] - Computing metrics for 'train' dataset
[2021-10-27 08:43:47,374][core.trainer][INFO] - Computing metrics for 'val' dataset
[2021-10-27 08:43:49,949][core.metrics.meter][INFO] - Meter:
SequenceAccuracy:	0.984
TokenAccuracy:	1.000
LengthAccuracy:	0.984
1st Token Accuracy:	1.000
2nd Token Accuracy:	1.000
Average Loss:	0.029
[2021-10-27 08:43:50,009][core.early_stopping][INFO] - Early stopping counter: 7 / 5
[2021-10-27 08:43:50,034][core.early_stopping][INFO] - Pausing model saving until validation loss decreases by 0.0001
[2021-10-27 08:43:50,034][core.trainer][INFO] - Computing metrics for 'test' dataset
[2021-10-27 08:44:14,682][core.metrics.meter][INFO] - Meter:
SequenceAccuracy:	0.985
TokenAccuracy:	1.000
LengthAccuracy:	0.986
1st Token Accuracy:	1.000
2nd Token Accuracy:	1.000
Average Loss:	0.027
[2021-10-27 08:44:14,682][core.trainer][INFO] - Computing metrics for 'gen' dataset
[2021-10-27 08:44:44,934][core.metrics.meter][INFO] - Meter:
SequenceAccuracy:	0.000
TokenAccuracy:	0.183
LengthAccuracy:	0.506
1st Token Accuracy:	0.164
2nd Token Accuracy:	0.038
Average Loss:	6.408
[2021-10-27 08:44:44,934][core.trainer][INFO] - EPOCH 15 / 50
[2021-10-27 08:44:44,934][core.trainer][INFO] - Computing metrics for 'train' dataset
[2021-10-27 08:45:02,970][core.trainer][INFO] - Computing metrics for 'val' dataset
[2021-10-27 08:45:05,547][core.metrics.meter][INFO] - Meter:
SequenceAccuracy:	0.982
TokenAccuracy:	1.000
LengthAccuracy:	0.983
1st Token Accuracy:	1.000
2nd Token Accuracy:	1.000
Average Loss:	0.030
[2021-10-27 08:45:05,603][core.early_stopping][INFO] - Early stopping counter: 8 / 5
[2021-10-27 08:45:05,627][core.early_stopping][INFO] - Pausing model saving until validation loss decreases by 0.0001
[2021-10-27 08:45:05,628][core.trainer][INFO] - Computing metrics for 'test' dataset
[2021-10-27 08:45:30,231][core.metrics.meter][INFO] - Meter:
SequenceAccuracy:	0.985
TokenAccuracy:	1.000
LengthAccuracy:	0.985
1st Token Accuracy:	1.000
2nd Token Accuracy:	1.000
Average Loss:	0.027
[2021-10-27 08:45:30,231][core.trainer][INFO] - Computing metrics for 'gen' dataset
[2021-10-27 08:46:00,482][core.metrics.meter][INFO] - Meter:
SequenceAccuracy:	0.000
TokenAccuracy:	0.183
LengthAccuracy:	0.512
1st Token Accuracy:	0.164
2nd Token Accuracy:	0.038
Average Loss:	6.426
[2021-10-27 08:46:00,482][core.trainer][INFO] - EPOCH 16 / 50
[2021-10-27 08:46:00,482][core.trainer][INFO] - Computing metrics for 'train' dataset
[2021-10-27 08:46:18,480][core.trainer][INFO] - Computing metrics for 'val' dataset
[2021-10-27 08:46:21,049][core.metrics.meter][INFO] - Meter:
SequenceAccuracy:	0.984
TokenAccuracy:	1.000
LengthAccuracy:	0.984
1st Token Accuracy:	1.000
2nd Token Accuracy:	1.000
Average Loss:	0.029
[2021-10-27 08:46:21,105][core.early_stopping][INFO] - Early stopping counter: 9 / 5
[2021-10-27 08:46:21,129][core.early_stopping][INFO] - Pausing model saving until validation loss decreases by 0.0001
[2021-10-27 08:46:21,129][core.trainer][INFO] - Computing metrics for 'test' dataset
[2021-10-27 08:46:45,745][core.metrics.meter][INFO] - Meter:
SequenceAccuracy:	0.984
TokenAccuracy:	1.000
LengthAccuracy:	0.985
1st Token Accuracy:	1.000
2nd Token Accuracy:	1.000
Average Loss:	0.028
[2021-10-27 08:46:45,746][core.trainer][INFO] - Computing metrics for 'gen' dataset
[2021-10-27 08:47:15,953][core.metrics.meter][INFO] - Meter:
SequenceAccuracy:	0.000
TokenAccuracy:	0.182
LengthAccuracy:	0.507
1st Token Accuracy:	0.164
2nd Token Accuracy:	0.038
Average Loss:	6.448
[2021-10-27 08:47:15,954][core.trainer][INFO] - EPOCH 17 / 50
[2021-10-27 08:47:15,954][core.trainer][INFO] - Computing metrics for 'train' dataset
[2021-10-27 08:47:33,967][core.trainer][INFO] - Computing metrics for 'val' dataset
[2021-10-27 08:47:36,545][core.metrics.meter][INFO] - Meter:
SequenceAccuracy:	0.986
TokenAccuracy:	1.000
LengthAccuracy:	0.986
1st Token Accuracy:	1.000
2nd Token Accuracy:	1.000
Average Loss:	0.026
[2021-10-27 08:47:36,603][core.early_stopping][INFO] - Early stopping counter: 10 / 5
[2021-10-27 08:47:36,627][core.early_stopping][INFO] - Pausing model saving until validation loss decreases by 0.0001
[2021-10-27 08:47:36,627][core.trainer][INFO] - Computing metrics for 'test' dataset
[2021-10-27 08:48:01,267][core.metrics.meter][INFO] - Meter:
SequenceAccuracy:	0.984
TokenAccuracy:	1.000
LengthAccuracy:	0.984
1st Token Accuracy:	1.000
2nd Token Accuracy:	1.000
Average Loss:	0.030
[2021-10-27 08:48:01,267][core.trainer][INFO] - Computing metrics for 'gen' dataset
[2021-10-27 08:48:31,510][core.metrics.meter][INFO] - Meter:
SequenceAccuracy:	0.000
TokenAccuracy:	0.183
LengthAccuracy:	0.511
1st Token Accuracy:	0.164
2nd Token Accuracy:	0.038
Average Loss:	6.457
[2021-10-27 08:48:31,511][core.trainer][INFO] - EPOCH 18 / 50
[2021-10-27 08:48:31,511][core.trainer][INFO] - Computing metrics for 'train' dataset
[2021-10-27 08:48:49,487][core.trainer][INFO] - Computing metrics for 'val' dataset
[2021-10-27 08:48:52,066][core.metrics.meter][INFO] - Meter:
SequenceAccuracy:	0.986
TokenAccuracy:	1.000
LengthAccuracy:	0.986
1st Token Accuracy:	1.000
2nd Token Accuracy:	1.000
Average Loss:	0.026
[2021-10-27 08:48:52,122][core.early_stopping][INFO] - Early stopping counter: 11 / 5
[2021-10-27 08:48:52,147][core.early_stopping][INFO] - Pausing model saving until validation loss decreases by 0.0001
[2021-10-27 08:48:52,147][core.trainer][INFO] - Computing metrics for 'test' dataset
[2021-10-27 08:49:16,789][core.metrics.meter][INFO] - Meter:
SequenceAccuracy:	0.984
TokenAccuracy:	1.000
LengthAccuracy:	0.984
1st Token Accuracy:	1.000
2nd Token Accuracy:	1.000
Average Loss:	0.026
[2021-10-27 08:49:16,789][core.trainer][INFO] - Computing metrics for 'gen' dataset
[2021-10-27 08:49:47,047][core.metrics.meter][INFO] - Meter:
SequenceAccuracy:	0.000
TokenAccuracy:	0.183
LengthAccuracy:	0.510
1st Token Accuracy:	0.164
2nd Token Accuracy:	0.038
Average Loss:	6.479
[2021-10-27 08:49:47,047][core.trainer][INFO] - EPOCH 19 / 50
[2021-10-27 08:49:47,047][core.trainer][INFO] - Computing metrics for 'train' dataset
[2021-10-27 08:50:05,047][core.trainer][INFO] - Computing metrics for 'val' dataset
[2021-10-27 08:50:07,624][core.metrics.meter][INFO] - Meter:
SequenceAccuracy:	0.986
TokenAccuracy:	1.000
LengthAccuracy:	0.986
1st Token Accuracy:	1.000
2nd Token Accuracy:	1.000
Average Loss:	0.025
[2021-10-27 08:50:07,682][core.early_stopping][INFO] - Early stopping counter: 12 / 5
[2021-10-27 08:50:07,707][core.early_stopping][INFO] - Pausing model saving until validation loss decreases by 0.0001
[2021-10-27 08:50:07,708][core.trainer][INFO] - Computing metrics for 'test' dataset
[2021-10-27 08:50:32,336][core.metrics.meter][INFO] - Meter:
SequenceAccuracy:	0.985
TokenAccuracy:	1.000
LengthAccuracy:	0.986
1st Token Accuracy:	1.000
2nd Token Accuracy:	1.000
Average Loss:	0.027
[2021-10-27 08:50:32,336][core.trainer][INFO] - Computing metrics for 'gen' dataset
[2021-10-27 08:51:02,603][core.metrics.meter][INFO] - Meter:
SequenceAccuracy:	0.000
TokenAccuracy:	0.181
LengthAccuracy:	0.509
1st Token Accuracy:	0.164
2nd Token Accuracy:	0.038
Average Loss:	6.507
[2021-10-27 08:51:02,603][core.trainer][INFO] - EPOCH 20 / 50
[2021-10-27 08:51:02,603][core.trainer][INFO] - Computing metrics for 'train' dataset
[2021-10-27 08:51:20,655][core.trainer][INFO] - Computing metrics for 'val' dataset
[2021-10-27 08:51:23,222][core.metrics.meter][INFO] - Meter:
SequenceAccuracy:	0.984
TokenAccuracy:	1.000
LengthAccuracy:	0.984
1st Token Accuracy:	1.000
2nd Token Accuracy:	1.000
Average Loss:	0.030
[2021-10-27 08:51:23,279][core.early_stopping][INFO] - Early stopping counter: 13 / 5
[2021-10-27 08:51:23,303][core.early_stopping][INFO] - Pausing model saving until validation loss decreases by 0.0001
[2021-10-27 08:51:23,303][core.trainer][INFO] - Computing metrics for 'test' dataset
[2021-10-27 08:51:47,928][core.metrics.meter][INFO] - Meter:
SequenceAccuracy:	0.985
TokenAccuracy:	1.000
LengthAccuracy:	0.986
1st Token Accuracy:	1.000
2nd Token Accuracy:	1.000
Average Loss:	0.027
[2021-10-27 08:51:47,928][core.trainer][INFO] - Computing metrics for 'gen' dataset
[2021-10-27 08:52:18,222][core.metrics.meter][INFO] - Meter:
SequenceAccuracy:	0.000
TokenAccuracy:	0.181
LengthAccuracy:	0.510
1st Token Accuracy:	0.164
2nd Token Accuracy:	0.038
Average Loss:	6.525
[2021-10-27 08:52:18,223][core.trainer][INFO] - EPOCH 21 / 50
[2021-10-27 08:52:18,223][core.trainer][INFO] - Computing metrics for 'train' dataset
[2021-10-27 08:52:36,235][core.trainer][INFO] - Computing metrics for 'val' dataset
[2021-10-27 08:52:38,808][core.metrics.meter][INFO] - Meter:
SequenceAccuracy:	0.983
TokenAccuracy:	1.000
LengthAccuracy:	0.983
1st Token Accuracy:	1.000
2nd Token Accuracy:	1.000
Average Loss:	0.030
[2021-10-27 08:52:38,870][core.early_stopping][INFO] - Early stopping counter: 14 / 5
[2021-10-27 08:52:38,896][core.early_stopping][INFO] - Pausing model saving until validation loss decreases by 0.0001
[2021-10-27 08:52:38,896][core.trainer][INFO] - Computing metrics for 'test' dataset
[2021-10-27 08:53:03,529][core.metrics.meter][INFO] - Meter:
SequenceAccuracy:	0.985
TokenAccuracy:	1.000
LengthAccuracy:	0.985
1st Token Accuracy:	1.000
2nd Token Accuracy:	1.000
Average Loss:	0.028
[2021-10-27 08:53:03,530][core.trainer][INFO] - Computing metrics for 'gen' dataset
[2021-10-27 08:53:33,835][core.metrics.meter][INFO] - Meter:
SequenceAccuracy:	0.000
TokenAccuracy:	0.181
LengthAccuracy:	0.510
1st Token Accuracy:	0.164
2nd Token Accuracy:	0.038
Average Loss:	6.542
[2021-10-27 08:53:33,835][core.trainer][INFO] - EPOCH 22 / 50
[2021-10-27 08:53:33,835][core.trainer][INFO] - Computing metrics for 'train' dataset
[2021-10-27 08:53:51,823][core.trainer][INFO] - Computing metrics for 'val' dataset
[2021-10-27 08:53:54,394][core.metrics.meter][INFO] - Meter:
SequenceAccuracy:	0.984
TokenAccuracy:	1.000
LengthAccuracy:	0.984
1st Token Accuracy:	1.000
2nd Token Accuracy:	1.000
Average Loss:	0.027
[2021-10-27 08:53:54,450][core.early_stopping][INFO] - Early stopping counter: 15 / 5
[2021-10-27 08:53:54,475][core.early_stopping][INFO] - Pausing model saving until validation loss decreases by 0.0001
[2021-10-27 08:53:54,475][core.trainer][INFO] - Computing metrics for 'test' dataset
[2021-10-27 08:54:19,107][core.metrics.meter][INFO] - Meter:
SequenceAccuracy:	0.982
TokenAccuracy:	1.000
LengthAccuracy:	0.982
1st Token Accuracy:	1.000
2nd Token Accuracy:	1.000
Average Loss:	0.031
[2021-10-27 08:54:19,107][core.trainer][INFO] - Computing metrics for 'gen' dataset
[2021-10-27 08:54:49,363][core.metrics.meter][INFO] - Meter:
SequenceAccuracy:	0.000
TokenAccuracy:	0.181
LengthAccuracy:	0.507
1st Token Accuracy:	0.164
2nd Token Accuracy:	0.038
Average Loss:	6.557
[2021-10-27 08:54:49,364][core.trainer][INFO] - EPOCH 23 / 50
[2021-10-27 08:54:49,364][core.trainer][INFO] - Computing metrics for 'train' dataset
[2021-10-27 08:55:07,392][core.trainer][INFO] - Computing metrics for 'val' dataset
[2021-10-27 08:55:09,964][core.metrics.meter][INFO] - Meter:
SequenceAccuracy:	0.983
TokenAccuracy:	1.000
LengthAccuracy:	0.983
1st Token Accuracy:	1.000
2nd Token Accuracy:	1.000
Average Loss:	0.028
[2021-10-27 08:55:10,028][core.early_stopping][INFO] - Early stopping counter: 16 / 5
[2021-10-27 08:55:10,052][core.early_stopping][INFO] - Pausing model saving until validation loss decreases by 0.0001
[2021-10-27 08:55:10,053][core.trainer][INFO] - Computing metrics for 'test' dataset
[2021-10-27 08:55:34,675][core.metrics.meter][INFO] - Meter:
SequenceAccuracy:	0.984
TokenAccuracy:	1.000
LengthAccuracy:	0.984
1st Token Accuracy:	1.000
2nd Token Accuracy:	1.000
Average Loss:	0.028
[2021-10-27 08:55:34,675][core.trainer][INFO] - Computing metrics for 'gen' dataset
[2021-10-27 08:56:04,920][core.metrics.meter][INFO] - Meter:
SequenceAccuracy:	0.000
TokenAccuracy:	0.181
LengthAccuracy:	0.505
1st Token Accuracy:	0.164
2nd Token Accuracy:	0.038
Average Loss:	6.565
[2021-10-27 08:56:04,920][core.trainer][INFO] - EPOCH 24 / 50
[2021-10-27 08:56:04,920][core.trainer][INFO] - Computing metrics for 'train' dataset
[2021-10-27 08:56:22,933][core.trainer][INFO] - Computing metrics for 'val' dataset
[2021-10-27 08:56:25,511][core.metrics.meter][INFO] - Meter:
SequenceAccuracy:	0.983
TokenAccuracy:	1.000
LengthAccuracy:	0.983
1st Token Accuracy:	1.000
2nd Token Accuracy:	1.000
Average Loss:	0.029
[2021-10-27 08:56:25,567][core.early_stopping][INFO] - Early stopping counter: 17 / 5
[2021-10-27 08:56:25,592][core.early_stopping][INFO] - Pausing model saving until validation loss decreases by 0.0001
[2021-10-27 08:56:25,592][core.trainer][INFO] - Computing metrics for 'test' dataset
[2021-10-27 08:56:50,236][core.metrics.meter][INFO] - Meter:
SequenceAccuracy:	0.986
TokenAccuracy:	1.000
LengthAccuracy:	0.986
1st Token Accuracy:	1.000
2nd Token Accuracy:	1.000
Average Loss:	0.025
[2021-10-27 08:56:50,237][core.trainer][INFO] - Computing metrics for 'gen' dataset
[2021-10-27 08:57:20,575][core.metrics.meter][INFO] - Meter:
SequenceAccuracy:	0.000
TokenAccuracy:	0.180
LengthAccuracy:	0.505
1st Token Accuracy:	0.164
2nd Token Accuracy:	0.038
Average Loss:	6.590
[2021-10-27 08:57:20,575][core.trainer][INFO] - EPOCH 25 / 50
[2021-10-27 08:57:20,576][core.trainer][INFO] - Computing metrics for 'train' dataset
[2021-10-27 08:57:38,572][core.trainer][INFO] - Computing metrics for 'val' dataset
[2021-10-27 08:57:41,149][core.metrics.meter][INFO] - Meter:
SequenceAccuracy:	0.981
TokenAccuracy:	1.000
LengthAccuracy:	0.981
1st Token Accuracy:	1.000
2nd Token Accuracy:	1.000
Average Loss:	0.032
[2021-10-27 08:57:41,217][core.early_stopping][INFO] - Early stopping counter: 18 / 5
[2021-10-27 08:57:41,241][core.early_stopping][INFO] - Pausing model saving until validation loss decreases by 0.0001
[2021-10-27 08:57:41,241][core.trainer][INFO] - Computing metrics for 'test' dataset
[2021-10-27 08:58:05,857][core.metrics.meter][INFO] - Meter:
SequenceAccuracy:	0.984
TokenAccuracy:	1.000
LengthAccuracy:	0.985
1st Token Accuracy:	1.000
2nd Token Accuracy:	1.000
Average Loss:	0.025
[2021-10-27 08:58:05,858][core.trainer][INFO] - Computing metrics for 'gen' dataset
[2021-10-27 08:58:36,128][core.metrics.meter][INFO] - Meter:
SequenceAccuracy:	0.000
TokenAccuracy:	0.180
LengthAccuracy:	0.514
1st Token Accuracy:	0.164
2nd Token Accuracy:	0.038
Average Loss:	6.602
[2021-10-27 08:58:36,129][core.trainer][INFO] - EPOCH 26 / 50
[2021-10-27 08:58:36,129][core.trainer][INFO] - Computing metrics for 'train' dataset
[2021-10-27 08:58:54,130][core.trainer][INFO] - Computing metrics for 'val' dataset
[2021-10-27 08:58:56,710][core.metrics.meter][INFO] - Meter:
SequenceAccuracy:	0.983
TokenAccuracy:	1.000
LengthAccuracy:	0.983
1st Token Accuracy:	1.000
2nd Token Accuracy:	1.000
Average Loss:	0.031
[2021-10-27 08:58:56,766][core.early_stopping][INFO] - Early stopping counter: 19 / 5
[2021-10-27 08:58:56,791][core.early_stopping][INFO] - Pausing model saving until validation loss decreases by 0.0001
[2021-10-27 08:58:56,791][core.trainer][INFO] - Computing metrics for 'test' dataset
[2021-10-27 08:59:21,433][core.metrics.meter][INFO] - Meter:
SequenceAccuracy:	0.986
TokenAccuracy:	1.000
LengthAccuracy:	0.986
1st Token Accuracy:	1.000
2nd Token Accuracy:	1.000
Average Loss:	0.024
[2021-10-27 08:59:21,434][core.trainer][INFO] - Computing metrics for 'gen' dataset
[2021-10-27 08:59:51,717][core.metrics.meter][INFO] - Meter:
SequenceAccuracy:	0.000
TokenAccuracy:	0.180
LengthAccuracy:	0.515
1st Token Accuracy:	0.164
2nd Token Accuracy:	0.038
Average Loss:	6.620
[2021-10-27 08:59:51,718][core.trainer][INFO] - EPOCH 27 / 50
[2021-10-27 08:59:51,718][core.trainer][INFO] - Computing metrics for 'train' dataset
[2021-10-27 09:00:09,722][core.trainer][INFO] - Computing metrics for 'val' dataset
[2021-10-27 09:00:12,300][core.metrics.meter][INFO] - Meter:
SequenceAccuracy:	0.984
TokenAccuracy:	1.000
LengthAccuracy:	0.984
1st Token Accuracy:	1.000
2nd Token Accuracy:	1.000
Average Loss:	0.028
[2021-10-27 09:00:31,021][core.trainer][INFO] - Computing metrics for 'val' dataset
[2021-10-27 09:00:33,600][core.metrics.meter][INFO] - Meter:
SequenceAccuracy:	0.982
TokenAccuracy:	1.000
LengthAccuracy:	0.982
1st Token Accuracy:	1.000
2nd Token Accuracy:	1.000
Average Loss:	0.031
[2021-10-27 09:00:33,657][core.early_stopping][INFO] - Early stopping counter: 1 / 5
[2021-10-27 09:00:33,681][core.early_stopping][INFO] - Pausing model saving until validation loss decreases by 0.0001
[2021-10-27 09:00:51,514][core.trainer][INFO] - Computing metrics for 'val' dataset
[2021-10-27 09:00:54,081][core.metrics.meter][INFO] - Meter:
SequenceAccuracy:	0.985
TokenAccuracy:	1.000
LengthAccuracy:	0.985
1st Token Accuracy:	1.000
2nd Token Accuracy:	1.000
Average Loss:	0.024
[2021-10-27 09:00:54,137][core.early_stopping][INFO] - Early stopping counter: 2 / 5
[2021-10-27 09:00:54,162][core.early_stopping][INFO] - Pausing model saving until validation loss decreases by 0.0001
[2021-10-27 09:01:12,002][core.trainer][INFO] - Computing metrics for 'val' dataset
[2021-10-27 09:01:14,571][core.metrics.meter][INFO] - Meter:
SequenceAccuracy:	0.988
TokenAccuracy:	1.000
LengthAccuracy:	0.988
1st Token Accuracy:	1.000
2nd Token Accuracy:	1.000
Average Loss:	0.021
[2021-10-27 09:01:14,635][core.early_stopping][INFO] - Early stopping counter: 3 / 5
[2021-10-27 09:01:14,659][core.early_stopping][INFO] - Pausing model saving until validation loss decreases by 0.0001
[2021-10-27 09:01:32,505][core.trainer][INFO] - Computing metrics for 'val' dataset
[2021-10-27 09:01:35,075][core.metrics.meter][INFO] - Meter:
SequenceAccuracy:	0.986
TokenAccuracy:	1.000
LengthAccuracy:	0.986
1st Token Accuracy:	1.000
2nd Token Accuracy:	1.000
Average Loss:	0.022
[2021-10-27 09:01:35,131][core.early_stopping][INFO] - Early stopping counter: 4 / 5
[2021-10-27 09:01:35,156][core.early_stopping][INFO] - Pausing model saving until validation loss decreases by 0.0001
[2021-10-27 09:01:53,054][core.trainer][INFO] - Computing metrics for 'val' dataset
[2021-10-27 09:01:55,634][core.metrics.meter][INFO] - Meter:
SequenceAccuracy:	0.983
TokenAccuracy:	1.000
LengthAccuracy:	0.983
1st Token Accuracy:	1.000
2nd Token Accuracy:	1.000
Average Loss:	0.030
[2021-10-27 09:01:55,694][core.early_stopping][INFO] - Early stopping counter: 5 / 5
[2021-10-27 09:01:55,719][core.early_stopping][INFO] - Pausing model saving until validation loss decreases by 0.0001
[2021-10-27 09:01:55,719][core.trainer][INFO] - Computing metrics for 'test' dataset
[2021-10-27 09:02:20,363][core.metrics.meter][INFO] - Meter:
SequenceAccuracy:	0.983
TokenAccuracy:	1.000
LengthAccuracy:	0.983
1st Token Accuracy:	1.000
2nd Token Accuracy:	1.000
Average Loss:	0.027
[2021-10-27 09:02:20,364][core.trainer][INFO] - Computing metrics for 'gen' dataset
[2021-10-27 09:02:50,669][core.metrics.meter][INFO] - Meter:
SequenceAccuracy:	0.000
TokenAccuracy:	0.178
LengthAccuracy:	0.511
1st Token Accuracy:	0.164
2nd Token Accuracy:	0.038
Average Loss:	6.709
[2021-10-27 09:02:50,669][core.trainer][INFO] - EPOCH 28 / 50
[2021-10-27 09:02:50,669][core.trainer][INFO] - Computing metrics for 'train' dataset
[2021-10-27 09:03:08,668][core.trainer][INFO] - Computing metrics for 'val' dataset
[2021-10-27 09:03:11,245][core.metrics.meter][INFO] - Meter:
SequenceAccuracy:	0.983
TokenAccuracy:	1.000
LengthAccuracy:	0.983
1st Token Accuracy:	1.000
2nd Token Accuracy:	1.000
Average Loss:	0.029
[2021-10-27 09:03:11,325][core.early_stopping][INFO] - Early stopping counter: 6 / 5
[2021-10-27 09:03:11,325][core.early_stopping][INFO] - Pausing model saving until validation loss decreases by 0.0001
[2021-10-27 09:03:11,325][core.trainer][INFO] - Computing metrics for 'test' dataset
[2021-10-27 09:03:35,954][core.metrics.meter][INFO] - Meter:
SequenceAccuracy:	0.984
TokenAccuracy:	1.000
LengthAccuracy:	0.984
1st Token Accuracy:	1.000
2nd Token Accuracy:	1.000
Average Loss:	0.027
[2021-10-27 09:03:35,954][core.trainer][INFO] - Computing metrics for 'gen' dataset
[2021-10-27 09:04:06,246][core.metrics.meter][INFO] - Meter:
SequenceAccuracy:	0.000
TokenAccuracy:	0.178
LengthAccuracy:	0.512
1st Token Accuracy:	0.164
2nd Token Accuracy:	0.038
Average Loss:	6.727
[2021-10-27 09:04:06,246][core.trainer][INFO] - EPOCH 29 / 50
[2021-10-27 09:04:06,246][core.trainer][INFO] - Computing metrics for 'train' dataset
[2021-10-27 09:04:24,275][core.trainer][INFO] - Computing metrics for 'val' dataset
[2021-10-27 09:04:26,855][core.metrics.meter][INFO] - Meter:
SequenceAccuracy:	0.984
TokenAccuracy:	1.000
LengthAccuracy:	0.984
1st Token Accuracy:	1.000
2nd Token Accuracy:	1.000
Average Loss:	0.028
[2021-10-27 09:04:26,912][core.early_stopping][INFO] - Early stopping counter: 7 / 5
[2021-10-27 09:04:26,936][core.early_stopping][INFO] - Pausing model saving until validation loss decreases by 0.0001
[2021-10-27 09:04:26,936][core.trainer][INFO] - Computing metrics for 'test' dataset
[2021-10-27 09:04:51,571][core.metrics.meter][INFO] - Meter:
SequenceAccuracy:	0.985
TokenAccuracy:	1.000
LengthAccuracy:	0.985
1st Token Accuracy:	1.000
2nd Token Accuracy:	1.000
Average Loss:	0.028
[2021-10-27 09:04:51,572][core.trainer][INFO] - Computing metrics for 'gen' dataset
[2021-10-27 09:05:21,801][core.metrics.meter][INFO] - Meter:
SequenceAccuracy:	0.000
TokenAccuracy:	0.178
LengthAccuracy:	0.510
1st Token Accuracy:	0.164
2nd Token Accuracy:	0.038
Average Loss:	6.733
[2021-10-27 09:05:21,802][core.trainer][INFO] - EPOCH 30 / 50
[2021-10-27 09:05:21,802][core.trainer][INFO] - Computing metrics for 'train' dataset
[2021-10-27 09:05:39,767][core.trainer][INFO] - Computing metrics for 'val' dataset
[2021-10-27 09:05:42,344][core.metrics.meter][INFO] - Meter:
SequenceAccuracy:	0.982
TokenAccuracy:	1.000
LengthAccuracy:	0.982
1st Token Accuracy:	1.000
2nd Token Accuracy:	1.000
Average Loss:	0.031
[2021-10-27 09:05:42,402][core.early_stopping][INFO] - Early stopping counter: 8 / 5
[2021-10-27 09:05:42,426][core.early_stopping][INFO] - Pausing model saving until validation loss decreases by 0.0001
[2021-10-27 09:05:42,426][core.trainer][INFO] - Computing metrics for 'test' dataset
[2021-10-27 09:06:07,074][core.metrics.meter][INFO] - Meter:
SequenceAccuracy:	0.983
TokenAccuracy:	1.000
LengthAccuracy:	0.983
1st Token Accuracy:	1.000
2nd Token Accuracy:	1.000
Average Loss:	0.029
[2021-10-27 09:06:07,074][core.trainer][INFO] - Computing metrics for 'gen' dataset
[2021-10-27 09:06:37,376][core.metrics.meter][INFO] - Meter:
SequenceAccuracy:	0.000
TokenAccuracy:	0.177
LengthAccuracy:	0.508
1st Token Accuracy:	0.164
2nd Token Accuracy:	0.038
Average Loss:	6.757
[2021-10-27 09:06:37,377][core.trainer][INFO] - EPOCH 31 / 50
[2021-10-27 09:06:37,377][core.trainer][INFO] - Computing metrics for 'train' dataset
[2021-10-27 09:06:55,365][core.trainer][INFO] - Computing metrics for 'val' dataset
[2021-10-27 09:06:57,933][core.metrics.meter][INFO] - Meter:
SequenceAccuracy:	0.985
TokenAccuracy:	1.000
LengthAccuracy:	0.985
1st Token Accuracy:	1.000
2nd Token Accuracy:	1.000
Average Loss:	0.027
[2021-10-27 09:06:57,989][core.early_stopping][INFO] - Early stopping counter: 9 / 5
[2021-10-27 09:06:58,014][core.early_stopping][INFO] - Pausing model saving until validation loss decreases by 0.0001
[2021-10-27 09:06:58,014][core.trainer][INFO] - Computing metrics for 'test' dataset
[2021-10-27 09:07:22,676][core.metrics.meter][INFO] - Meter:
SequenceAccuracy:	0.983
TokenAccuracy:	1.000
LengthAccuracy:	0.984
1st Token Accuracy:	1.000
2nd Token Accuracy:	1.000
Average Loss:	0.029
[2021-10-27 09:07:22,676][core.trainer][INFO] - Computing metrics for 'gen' dataset
[2021-10-27 09:07:52,922][core.metrics.meter][INFO] - Meter:
SequenceAccuracy:	0.000
TokenAccuracy:	0.177
LengthAccuracy:	0.506
1st Token Accuracy:	0.164
2nd Token Accuracy:	0.038
Average Loss:	6.764
[2021-10-27 09:07:52,922][core.trainer][INFO] - EPOCH 32 / 50
[2021-10-27 09:07:52,923][core.trainer][INFO] - Computing metrics for 'train' dataset
[2021-10-27 09:08:10,974][core.trainer][INFO] - Computing metrics for 'val' dataset
[2021-10-27 09:08:13,556][core.metrics.meter][INFO] - Meter:
SequenceAccuracy:	0.982
TokenAccuracy:	1.000
LengthAccuracy:	0.982
1st Token Accuracy:	1.000
2nd Token Accuracy:	1.000
Average Loss:	0.030
[2021-10-27 09:08:13,638][core.early_stopping][INFO] - Early stopping counter: 10 / 5
[2021-10-27 09:08:13,639][core.early_stopping][INFO] - Pausing model saving until validation loss decreases by 0.0001
[2021-10-27 09:08:13,639][core.trainer][INFO] - Computing metrics for 'test' dataset
[2021-10-27 09:08:38,314][core.metrics.meter][INFO] - Meter:
SequenceAccuracy:	0.985
TokenAccuracy:	1.000
LengthAccuracy:	0.985
1st Token Accuracy:	1.000
2nd Token Accuracy:	1.000
Average Loss:	0.026
[2021-10-27 09:08:38,314][core.trainer][INFO] - Computing metrics for 'gen' dataset
[2021-10-27 09:09:08,653][core.metrics.meter][INFO] - Meter:
SequenceAccuracy:	0.000
TokenAccuracy:	0.177
LengthAccuracy:	0.508
1st Token Accuracy:	0.164
2nd Token Accuracy:	0.038
Average Loss:	6.776
[2021-10-27 09:09:08,653][core.trainer][INFO] - EPOCH 33 / 50
[2021-10-27 09:09:08,653][core.trainer][INFO] - Computing metrics for 'train' dataset
[2021-10-27 09:09:26,572][core.trainer][INFO] - Computing metrics for 'val' dataset
[2021-10-27 09:09:29,152][core.metrics.meter][INFO] - Meter:
SequenceAccuracy:	0.985
TokenAccuracy:	1.000
LengthAccuracy:	0.985
1st Token Accuracy:	1.000
2nd Token Accuracy:	1.000
Average Loss:	0.028
[2021-10-27 09:09:29,209][core.early_stopping][INFO] - Early stopping counter: 11 / 5
[2021-10-27 09:09:29,233][core.early_stopping][INFO] - Pausing model saving until validation loss decreases by 0.0001
[2021-10-27 09:09:29,233][core.trainer][INFO] - Computing metrics for 'test' dataset
[2021-10-27 09:09:53,889][core.metrics.meter][INFO] - Meter:
SequenceAccuracy:	0.985
TokenAccuracy:	1.000
LengthAccuracy:	0.985
1st Token Accuracy:	1.000
2nd Token Accuracy:	1.000
Average Loss:	0.026
[2021-10-27 09:09:53,889][core.trainer][INFO] - Computing metrics for 'gen' dataset
[2021-10-27 09:10:24,183][core.metrics.meter][INFO] - Meter:
SequenceAccuracy:	0.000
TokenAccuracy:	0.177
LengthAccuracy:	0.512
1st Token Accuracy:	0.164
2nd Token Accuracy:	0.038
Average Loss:	6.792
[2021-10-27 09:10:24,184][core.trainer][INFO] - EPOCH 34 / 50
[2021-10-27 09:10:24,184][core.trainer][INFO] - Computing metrics for 'train' dataset
[2021-10-27 09:10:42,225][core.trainer][INFO] - Computing metrics for 'val' dataset
[2021-10-27 09:10:44,807][core.metrics.meter][INFO] - Meter:
SequenceAccuracy:	0.983
TokenAccuracy:	1.000
LengthAccuracy:	0.983
1st Token Accuracy:	1.000
2nd Token Accuracy:	1.000
Average Loss:	0.030
[2021-10-27 09:10:44,869][core.early_stopping][INFO] - Early stopping counter: 12 / 5
[2021-10-27 09:10:44,893][core.early_stopping][INFO] - Pausing model saving until validation loss decreases by 0.0001
[2021-10-27 09:10:44,893][core.trainer][INFO] - Computing metrics for 'test' dataset
[2021-10-27 09:11:09,556][core.metrics.meter][INFO] - Meter:
SequenceAccuracy:	0.984
TokenAccuracy:	1.000
LengthAccuracy:	0.984
1st Token Accuracy:	1.000
2nd Token Accuracy:	1.000
Average Loss:	0.026
[2021-10-27 09:11:09,556][core.trainer][INFO] - Computing metrics for 'gen' dataset
[2021-10-27 09:11:39,899][core.metrics.meter][INFO] - Meter:
SequenceAccuracy:	0.000
TokenAccuracy:	0.176
LengthAccuracy:	0.506
1st Token Accuracy:	0.164
2nd Token Accuracy:	0.038
Average Loss:	6.808
[2021-10-27 09:11:39,899][core.trainer][INFO] - EPOCH 35 / 50
[2021-10-27 09:11:39,899][core.trainer][INFO] - Computing metrics for 'train' dataset
[2021-10-27 09:11:57,884][core.trainer][INFO] - Computing metrics for 'val' dataset
[2021-10-27 09:12:00,462][core.metrics.meter][INFO] - Meter:
SequenceAccuracy:	0.982
TokenAccuracy:	1.000
LengthAccuracy:	0.982
1st Token Accuracy:	1.000
2nd Token Accuracy:	1.000
Average Loss:	0.029
[2021-10-27 09:12:00,542][core.early_stopping][INFO] - Early stopping counter: 13 / 5
[2021-10-27 09:12:00,542][core.early_stopping][INFO] - Pausing model saving until validation loss decreases by 0.0001
[2021-10-27 09:12:00,542][core.trainer][INFO] - Computing metrics for 'test' dataset
[2021-10-27 09:12:25,208][core.metrics.meter][INFO] - Meter:
SequenceAccuracy:	0.981
TokenAccuracy:	1.000
LengthAccuracy:	0.981
1st Token Accuracy:	1.000
2nd Token Accuracy:	1.000
Average Loss:	0.032
[2021-10-27 09:12:25,209][core.trainer][INFO] - Computing metrics for 'gen' dataset
[2021-10-27 09:12:55,531][core.metrics.meter][INFO] - Meter:
SequenceAccuracy:	0.000
TokenAccuracy:	0.176
LengthAccuracy:	0.507
1st Token Accuracy:	0.164
2nd Token Accuracy:	0.038
Average Loss:	6.824
[2021-10-27 09:12:55,532][core.trainer][INFO] - EPOCH 36 / 50
[2021-10-27 09:12:55,532][core.trainer][INFO] - Computing metrics for 'train' dataset
[2021-10-27 09:13:13,556][core.trainer][INFO] - Computing metrics for 'val' dataset
[2021-10-27 09:13:16,137][core.metrics.meter][INFO] - Meter:
SequenceAccuracy:	0.984
TokenAccuracy:	1.000
LengthAccuracy:	0.984
1st Token Accuracy:	1.000
2nd Token Accuracy:	1.000
Average Loss:	0.025
[2021-10-27 09:13:16,202][core.early_stopping][INFO] - Early stopping counter: 14 / 5
[2021-10-27 09:13:16,227][core.early_stopping][INFO] - Pausing model saving until validation loss decreases by 0.0001
[2021-10-27 09:13:16,228][core.trainer][INFO] - Computing metrics for 'test' dataset
[2021-10-27 09:13:40,868][core.metrics.meter][INFO] - Meter:
SequenceAccuracy:	0.986
TokenAccuracy:	1.000
LengthAccuracy:	0.986
1st Token Accuracy:	1.000
2nd Token Accuracy:	1.000
Average Loss:	0.023
[2021-10-27 09:13:40,868][core.trainer][INFO] - Computing metrics for 'gen' dataset
[2021-10-27 09:14:11,173][core.metrics.meter][INFO] - Meter:
SequenceAccuracy:	0.000
TokenAccuracy:	0.176
LengthAccuracy:	0.506
1st Token Accuracy:	0.164
2nd Token Accuracy:	0.038
Average Loss:	6.835
[2021-10-27 09:14:11,174][core.trainer][INFO] - EPOCH 37 / 50
[2021-10-27 09:14:11,174][core.trainer][INFO] - Computing metrics for 'train' dataset
[2021-10-27 09:14:29,148][core.trainer][INFO] - Computing metrics for 'val' dataset
[2021-10-27 09:14:31,720][core.metrics.meter][INFO] - Meter:
SequenceAccuracy:	0.985
TokenAccuracy:	1.000
LengthAccuracy:	0.985
1st Token Accuracy:	1.000
2nd Token Accuracy:	1.000
Average Loss:	0.025
[2021-10-27 09:14:31,776][core.early_stopping][INFO] - Early stopping counter: 15 / 5
[2021-10-27 09:14:31,800][core.early_stopping][INFO] - Pausing model saving until validation loss decreases by 0.0001
[2021-10-27 09:14:31,801][core.trainer][INFO] - Computing metrics for 'test' dataset
[2021-10-27 09:14:56,456][core.metrics.meter][INFO] - Meter:
SequenceAccuracy:	0.986
TokenAccuracy:	1.000
LengthAccuracy:	0.986
1st Token Accuracy:	1.000
2nd Token Accuracy:	1.000
Average Loss:	0.023
[2021-10-27 09:14:56,456][core.trainer][INFO] - Computing metrics for 'gen' dataset
[2021-10-27 09:15:26,750][core.metrics.meter][INFO] - Meter:
SequenceAccuracy:	0.000
TokenAccuracy:	0.176
LengthAccuracy:	0.509
1st Token Accuracy:	0.164
2nd Token Accuracy:	0.038
Average Loss:	6.839
[2021-10-27 09:15:26,750][core.trainer][INFO] - EPOCH 38 / 50
[2021-10-27 09:15:26,751][core.trainer][INFO] - Computing metrics for 'train' dataset
[2021-10-27 09:15:44,745][core.trainer][INFO] - Computing metrics for 'val' dataset
[2021-10-27 09:15:47,313][core.metrics.meter][INFO] - Meter:
SequenceAccuracy:	0.984
TokenAccuracy:	1.000
LengthAccuracy:	0.984
1st Token Accuracy:	1.000
2nd Token Accuracy:	1.000
Average Loss:	0.026
[2021-10-27 09:15:47,381][core.early_stopping][INFO] - Early stopping counter: 16 / 5
[2021-10-27 09:15:47,406][core.early_stopping][INFO] - Pausing model saving until validation loss decreases by 0.0001
[2021-10-27 09:15:47,406][core.trainer][INFO] - Computing metrics for 'test' dataset
[2021-10-27 09:16:12,039][core.metrics.meter][INFO] - Meter:
SequenceAccuracy:	0.985
TokenAccuracy:	1.000
LengthAccuracy:	0.985
1st Token Accuracy:	1.000
2nd Token Accuracy:	1.000
Average Loss:	0.025
[2021-10-27 09:16:12,039][core.trainer][INFO] - Computing metrics for 'gen' dataset
[2021-10-27 09:16:42,326][core.metrics.meter][INFO] - Meter:
SequenceAccuracy:	0.000
TokenAccuracy:	0.176
LengthAccuracy:	0.508
1st Token Accuracy:	0.164
2nd Token Accuracy:	0.038
Average Loss:	6.859
[2021-10-27 09:16:42,326][core.trainer][INFO] - EPOCH 39 / 50
[2021-10-27 09:16:42,326][core.trainer][INFO] - Computing metrics for 'train' dataset
[2021-10-27 09:17:00,352][core.trainer][INFO] - Computing metrics for 'val' dataset
[2021-10-27 09:17:02,937][core.metrics.meter][INFO] - Meter:
SequenceAccuracy:	0.986
TokenAccuracy:	1.000
LengthAccuracy:	0.986
1st Token Accuracy:	1.000
2nd Token Accuracy:	1.000
Average Loss:	0.025
[2021-10-27 09:17:02,993][core.early_stopping][INFO] - Early stopping counter: 17 / 5
[2021-10-27 09:17:03,018][core.early_stopping][INFO] - Pausing model saving until validation loss decreases by 0.0001
[2021-10-27 09:17:03,018][core.trainer][INFO] - Computing metrics for 'test' dataset
[2021-10-27 09:17:27,655][core.metrics.meter][INFO] - Meter:
SequenceAccuracy:	0.984
TokenAccuracy:	1.000
LengthAccuracy:	0.984
1st Token Accuracy:	1.000
2nd Token Accuracy:	1.000
Average Loss:	0.027
[2021-10-27 09:17:27,656][core.trainer][INFO] - Computing metrics for 'gen' dataset
[2021-10-27 09:17:57,957][core.metrics.meter][INFO] - Meter:
SequenceAccuracy:	0.000
TokenAccuracy:	0.176
LengthAccuracy:	0.511
1st Token Accuracy:	0.164
2nd Token Accuracy:	0.038
Average Loss:	6.861
[2021-10-27 09:17:57,958][core.trainer][INFO] - EPOCH 40 / 50
[2021-10-27 09:17:57,958][core.trainer][INFO] - Computing metrics for 'train' dataset
[2021-10-27 09:18:15,961][core.trainer][INFO] - Computing metrics for 'val' dataset
[2021-10-27 09:18:18,541][core.metrics.meter][INFO] - Meter:
SequenceAccuracy:	0.982
TokenAccuracy:	1.000
LengthAccuracy:	0.982
1st Token Accuracy:	1.000
2nd Token Accuracy:	1.000
Average Loss:	0.030
[2021-10-27 09:18:18,615][core.early_stopping][INFO] - Early stopping counter: 18 / 5
[2021-10-27 09:18:18,640][core.early_stopping][INFO] - Pausing model saving until validation loss decreases by 0.0001
[2021-10-27 09:18:18,640][core.trainer][INFO] - Computing metrics for 'test' dataset
[2021-10-27 09:18:43,316][core.metrics.meter][INFO] - Meter:
SequenceAccuracy:	0.985
TokenAccuracy:	1.000
LengthAccuracy:	0.985
1st Token Accuracy:	1.000
2nd Token Accuracy:	1.000
Average Loss:	0.027
[2021-10-27 09:18:43,316][core.trainer][INFO] - Computing metrics for 'gen' dataset
[2021-10-27 09:19:13,612][core.metrics.meter][INFO] - Meter:
SequenceAccuracy:	0.000
TokenAccuracy:	0.176
LengthAccuracy:	0.510
1st Token Accuracy:	0.164
2nd Token Accuracy:	0.038
Average Loss:	6.873
[2021-10-27 09:19:13,612][core.trainer][INFO] - EPOCH 41 / 50
[2021-10-27 09:19:13,612][core.trainer][INFO] - Computing metrics for 'train' dataset
[2021-10-27 09:19:31,601][core.trainer][INFO] - Computing metrics for 'val' dataset
[2021-10-27 09:19:34,175][core.metrics.meter][INFO] - Meter:
SequenceAccuracy:	0.984
TokenAccuracy:	1.000
LengthAccuracy:	0.984
1st Token Accuracy:	1.000
2nd Token Accuracy:	1.000
Average Loss:	0.026
[2021-10-27 09:19:52,262][core.trainer][INFO] - Computing metrics for 'val' dataset
[2021-10-27 09:19:54,841][core.metrics.meter][INFO] - Meter:
SequenceAccuracy:	0.984
TokenAccuracy:	1.000
LengthAccuracy:	0.984
1st Token Accuracy:	1.000
2nd Token Accuracy:	1.000
Average Loss:	0.028
[2021-10-27 09:19:54,897][core.early_stopping][INFO] - Early stopping counter: 1 / 5
[2021-10-27 09:19:54,922][core.early_stopping][INFO] - Pausing model saving until validation loss decreases by 0.0001
[2021-10-27 09:20:12,843][core.trainer][INFO] - Computing metrics for 'val' dataset
[2021-10-27 09:20:15,416][core.metrics.meter][INFO] - Meter:
SequenceAccuracy:	0.983
TokenAccuracy:	1.000
LengthAccuracy:	0.983
1st Token Accuracy:	1.000
2nd Token Accuracy:	1.000
Average Loss:	0.029
[2021-10-27 09:20:15,476][core.early_stopping][INFO] - Early stopping counter: 2 / 5
[2021-10-27 09:20:15,501][core.early_stopping][INFO] - Pausing model saving until validation loss decreases by 0.0001
[2021-10-27 09:20:33,314][core.trainer][INFO] - Computing metrics for 'val' dataset
[2021-10-27 09:20:35,894][core.metrics.meter][INFO] - Meter:
SequenceAccuracy:	0.986
TokenAccuracy:	1.000
LengthAccuracy:	0.986
1st Token Accuracy:	1.000
2nd Token Accuracy:	1.000
Average Loss:	0.021
[2021-10-27 09:20:35,950][core.early_stopping][INFO] - Early stopping counter: 3 / 5
[2021-10-27 09:20:35,974][core.early_stopping][INFO] - Pausing model saving until validation loss decreases by 0.0001
[2021-10-27 09:20:53,966][core.trainer][INFO] - Computing metrics for 'val' dataset
[2021-10-27 09:20:56,546][core.metrics.meter][INFO] - Meter:
SequenceAccuracy:	0.982
TokenAccuracy:	1.000
LengthAccuracy:	0.982
1st Token Accuracy:	1.000
2nd Token Accuracy:	1.000
Average Loss:	0.030
[2021-10-27 09:20:56,621][core.early_stopping][INFO] - Early stopping counter: 4 / 5
[2021-10-27 09:20:56,645][core.early_stopping][INFO] - Pausing model saving until validation loss decreases by 0.0001
[2021-10-27 09:21:14,533][core.trainer][INFO] - Computing metrics for 'val' dataset
[2021-10-27 09:21:17,109][core.metrics.meter][INFO] - Meter:
SequenceAccuracy:	0.982
TokenAccuracy:	1.000
LengthAccuracy:	0.982
1st Token Accuracy:	1.000
2nd Token Accuracy:	1.000
Average Loss:	0.031
[2021-10-27 09:21:17,166][core.early_stopping][INFO] - Early stopping counter: 5 / 5
[2021-10-27 09:21:17,190][core.early_stopping][INFO] - Pausing model saving until validation loss decreases by 0.0001
[2021-10-27 09:21:17,190][core.trainer][INFO] - Computing metrics for 'test' dataset
[2021-10-27 09:21:41,827][core.metrics.meter][INFO] - Meter:
SequenceAccuracy:	0.983
TokenAccuracy:	1.000
LengthAccuracy:	0.983
1st Token Accuracy:	1.000
2nd Token Accuracy:	1.000
Average Loss:	0.027
[2021-10-27 09:21:41,827][core.trainer][INFO] - Computing metrics for 'gen' dataset
[2021-10-27 09:22:12,126][core.metrics.meter][INFO] - Meter:
SequenceAccuracy:	0.000
TokenAccuracy:	0.175
LengthAccuracy:	0.509
1st Token Accuracy:	0.164
2nd Token Accuracy:	0.038
Average Loss:	6.942
[2021-10-27 09:22:12,126][core.trainer][INFO] - EPOCH 42 / 50
[2021-10-27 09:22:12,126][core.trainer][INFO] - Computing metrics for 'train' dataset
[2021-10-27 09:22:30,086][core.trainer][INFO] - Computing metrics for 'val' dataset
[2021-10-27 09:22:32,661][core.metrics.meter][INFO] - Meter:
SequenceAccuracy:	0.981
TokenAccuracy:	1.000
LengthAccuracy:	0.981
1st Token Accuracy:	1.000
2nd Token Accuracy:	1.000
Average Loss:	0.034
[2021-10-27 09:22:32,719][core.early_stopping][INFO] - Early stopping counter: 6 / 5
[2021-10-27 09:22:32,744][core.early_stopping][INFO] - Pausing model saving until validation loss decreases by 0.0001
[2021-10-27 09:22:32,745][core.trainer][INFO] - Computing metrics for 'test' dataset
[2021-10-27 09:22:57,401][core.metrics.meter][INFO] - Meter:
SequenceAccuracy:	0.984
TokenAccuracy:	1.000
LengthAccuracy:	0.984
1st Token Accuracy:	1.000
2nd Token Accuracy:	1.000
Average Loss:	0.029
[2021-10-27 09:22:57,401][core.trainer][INFO] - Computing metrics for 'gen' dataset
[2021-10-27 09:23:27,718][core.metrics.meter][INFO] - Meter:
SequenceAccuracy:	0.000
TokenAccuracy:	0.175
LengthAccuracy:	0.510
1st Token Accuracy:	0.164
2nd Token Accuracy:	0.038
Average Loss:	6.947
[2021-10-27 09:23:27,718][core.trainer][INFO] - EPOCH 43 / 50
[2021-10-27 09:23:27,719][core.trainer][INFO] - Computing metrics for 'train' dataset
[2021-10-27 09:23:45,677][core.trainer][INFO] - Computing metrics for 'val' dataset
[2021-10-27 09:23:48,261][core.metrics.meter][INFO] - Meter:
SequenceAccuracy:	0.984
TokenAccuracy:	1.000
LengthAccuracy:	0.984
1st Token Accuracy:	1.000
2nd Token Accuracy:	1.000
Average Loss:	0.027
[2021-10-27 09:23:48,321][core.early_stopping][INFO] - Early stopping counter: 7 / 5
[2021-10-27 09:23:48,346][core.early_stopping][INFO] - Pausing model saving until validation loss decreases by 0.0001
[2021-10-27 09:23:48,347][core.trainer][INFO] - Computing metrics for 'test' dataset
[2021-10-27 09:24:13,026][core.metrics.meter][INFO] - Meter:
SequenceAccuracy:	0.983
TokenAccuracy:	1.000
LengthAccuracy:	0.983
1st Token Accuracy:	1.000
2nd Token Accuracy:	1.000
Average Loss:	0.029
[2021-10-27 09:24:13,026][core.trainer][INFO] - Computing metrics for 'gen' dataset
[2021-10-27 09:24:43,356][core.metrics.meter][INFO] - Meter:
SequenceAccuracy:	0.000
TokenAccuracy:	0.174
LengthAccuracy:	0.508
1st Token Accuracy:	0.164
2nd Token Accuracy:	0.038
Average Loss:	6.965
[2021-10-27 09:24:43,357][core.trainer][INFO] - EPOCH 44 / 50
[2021-10-27 09:24:43,357][core.trainer][INFO] - Computing metrics for 'train' dataset
[2021-10-27 09:25:01,401][core.trainer][INFO] - Computing metrics for 'val' dataset
[2021-10-27 09:25:03,973][core.metrics.meter][INFO] - Meter:
SequenceAccuracy:	0.984
TokenAccuracy:	1.000
LengthAccuracy:	0.984
1st Token Accuracy:	1.000
2nd Token Accuracy:	1.000
Average Loss:	0.025
[2021-10-27 09:25:04,032][core.early_stopping][INFO] - Early stopping counter: 8 / 5
[2021-10-27 09:25:04,057][core.early_stopping][INFO] - Pausing model saving until validation loss decreases by 0.0001
[2021-10-27 09:25:04,057][core.trainer][INFO] - Computing metrics for 'test' dataset
[2021-10-27 09:25:28,720][core.metrics.meter][INFO] - Meter:
SequenceAccuracy:	0.984
TokenAccuracy:	1.000
LengthAccuracy:	0.984
1st Token Accuracy:	1.000
2nd Token Accuracy:	1.000
Average Loss:	0.027
[2021-10-27 09:25:28,721][core.trainer][INFO] - Computing metrics for 'gen' dataset
[2021-10-27 09:25:59,069][core.metrics.meter][INFO] - Meter:
SequenceAccuracy:	0.000
TokenAccuracy:	0.174
LengthAccuracy:	0.513
1st Token Accuracy:	0.164
2nd Token Accuracy:	0.038
Average Loss:	6.979
[2021-10-27 09:25:59,069][core.trainer][INFO] - EPOCH 45 / 50
[2021-10-27 09:25:59,069][core.trainer][INFO] - Computing metrics for 'train' dataset
[2021-10-27 09:26:17,038][core.trainer][INFO] - Computing metrics for 'val' dataset
[2021-10-27 09:26:19,616][core.metrics.meter][INFO] - Meter:
SequenceAccuracy:	0.983
TokenAccuracy:	1.000
LengthAccuracy:	0.983
1st Token Accuracy:	1.000
2nd Token Accuracy:	1.000
Average Loss:	0.029
[2021-10-27 09:26:19,679][core.early_stopping][INFO] - Early stopping counter: 9 / 5
[2021-10-27 09:26:19,705][core.early_stopping][INFO] - Pausing model saving until validation loss decreases by 0.0001
[2021-10-27 09:26:19,705][core.trainer][INFO] - Computing metrics for 'test' dataset
[2021-10-27 09:26:44,392][core.metrics.meter][INFO] - Meter:
SequenceAccuracy:	0.986
TokenAccuracy:	1.000
LengthAccuracy:	0.986
1st Token Accuracy:	1.000
2nd Token Accuracy:	1.000
Average Loss:	0.023
[2021-10-27 09:26:44,392][core.trainer][INFO] - Computing metrics for 'gen' dataset
[2021-10-27 09:27:14,735][core.metrics.meter][INFO] - Meter:
SequenceAccuracy:	0.000
TokenAccuracy:	0.174
LengthAccuracy:	0.511
1st Token Accuracy:	0.164
2nd Token Accuracy:	0.038
Average Loss:	6.984
[2021-10-27 09:27:14,735][core.trainer][INFO] - EPOCH 46 / 50
[2021-10-27 09:27:14,735][core.trainer][INFO] - Computing metrics for 'train' dataset
[2021-10-27 09:27:32,801][core.trainer][INFO] - Computing metrics for 'val' dataset
[2021-10-27 09:27:35,382][core.metrics.meter][INFO] - Meter:
SequenceAccuracy:	0.983
TokenAccuracy:	1.000
LengthAccuracy:	0.983
1st Token Accuracy:	1.000
2nd Token Accuracy:	1.000
Average Loss:	0.030
[2021-10-27 09:27:35,442][core.early_stopping][INFO] - Early stopping counter: 10 / 5
[2021-10-27 09:27:35,468][core.early_stopping][INFO] - Pausing model saving until validation loss decreases by 0.0001
[2021-10-27 09:27:35,468][core.trainer][INFO] - Computing metrics for 'test' dataset
[2021-10-27 09:28:00,134][core.metrics.meter][INFO] - Meter:
SequenceAccuracy:	0.985
TokenAccuracy:	1.000
LengthAccuracy:	0.985
1st Token Accuracy:	1.000
2nd Token Accuracy:	1.000
Average Loss:	0.025
[2021-10-27 09:28:00,134][core.trainer][INFO] - Computing metrics for 'gen' dataset
[2021-10-27 09:28:30,363][core.metrics.meter][INFO] - Meter:
SequenceAccuracy:	0.000
TokenAccuracy:	0.173
LengthAccuracy:	0.510
1st Token Accuracy:	0.164
2nd Token Accuracy:	0.038
Average Loss:	6.995
[2021-10-27 09:28:30,363][core.trainer][INFO] - EPOCH 47 / 50
[2021-10-27 09:28:30,363][core.trainer][INFO] - Computing metrics for 'train' dataset
[2021-10-27 09:28:48,385][core.trainer][INFO] - Computing metrics for 'val' dataset
[2021-10-27 09:28:50,950][core.metrics.meter][INFO] - Meter:
SequenceAccuracy:	0.985
TokenAccuracy:	1.000
LengthAccuracy:	0.985
1st Token Accuracy:	1.000
2nd Token Accuracy:	1.000
Average Loss:	0.025
[2021-10-27 09:29:09,017][core.trainer][INFO] - Computing metrics for 'val' dataset
[2021-10-27 09:29:11,592][core.metrics.meter][INFO] - Meter:
SequenceAccuracy:	0.981
TokenAccuracy:	1.000
LengthAccuracy:	0.981
1st Token Accuracy:	1.000
2nd Token Accuracy:	1.000
Average Loss:	0.031
[2021-10-27 09:29:11,649][core.early_stopping][INFO] - Early stopping counter: 1 / 5
[2021-10-27 09:29:11,673][core.early_stopping][INFO] - Pausing model saving until validation loss decreases by 0.0001
[2021-10-27 09:29:29,498][core.trainer][INFO] - Computing metrics for 'val' dataset
[2021-10-27 09:29:32,073][core.metrics.meter][INFO] - Meter:
SequenceAccuracy:	0.987
TokenAccuracy:	1.000
LengthAccuracy:	0.987
1st Token Accuracy:	1.000
2nd Token Accuracy:	1.000
Average Loss:	0.021
[2021-10-27 09:29:32,132][core.early_stopping][INFO] - Early stopping counter: 2 / 5
[2021-10-27 09:29:32,157][core.early_stopping][INFO] - Pausing model saving until validation loss decreases by 0.0001
[2021-10-27 09:29:50,082][core.trainer][INFO] - Computing metrics for 'val' dataset
[2021-10-27 09:29:52,660][core.metrics.meter][INFO] - Meter:
SequenceAccuracy:	0.982
TokenAccuracy:	1.000
LengthAccuracy:	0.982
1st Token Accuracy:	1.000
2nd Token Accuracy:	1.000
Average Loss:	0.031
[2021-10-27 09:29:52,717][core.early_stopping][INFO] - Early stopping counter: 3 / 5
[2021-10-27 09:29:52,741][core.early_stopping][INFO] - Pausing model saving until validation loss decreases by 0.0001
[2021-10-27 09:30:10,643][core.trainer][INFO] - Computing metrics for 'val' dataset
[2021-10-27 09:30:13,219][core.metrics.meter][INFO] - Meter:
SequenceAccuracy:	0.983
TokenAccuracy:	1.000
LengthAccuracy:	0.983
1st Token Accuracy:	1.000
2nd Token Accuracy:	1.000
Average Loss:	0.031
[2021-10-27 09:30:13,275][core.early_stopping][INFO] - Early stopping counter: 4 / 5
[2021-10-27 09:30:13,299][core.early_stopping][INFO] - Pausing model saving until validation loss decreases by 0.0001
[2021-10-27 09:30:31,173][core.trainer][INFO] - Computing metrics for 'val' dataset
[2021-10-27 09:30:33,750][core.metrics.meter][INFO] - Meter:
SequenceAccuracy:	0.985
TokenAccuracy:	1.000
LengthAccuracy:	0.985
1st Token Accuracy:	1.000
2nd Token Accuracy:	1.000
Average Loss:	0.026
[2021-10-27 09:30:33,818][core.early_stopping][INFO] - Early stopping counter: 5 / 5
[2021-10-27 09:30:33,842][core.early_stopping][INFO] - Pausing model saving until validation loss decreases by 0.0001
[2021-10-27 09:30:33,842][core.trainer][INFO] - Computing metrics for 'test' dataset
[2021-10-27 09:30:58,481][core.metrics.meter][INFO] - Meter:
SequenceAccuracy:	0.985
TokenAccuracy:	1.000
LengthAccuracy:	0.985
1st Token Accuracy:	1.000
2nd Token Accuracy:	1.000
Average Loss:	0.023
[2021-10-27 09:30:58,481][core.trainer][INFO] - Computing metrics for 'gen' dataset
[2021-10-27 09:31:28,778][core.metrics.meter][INFO] - Meter:
SequenceAccuracy:	0.000
TokenAccuracy:	0.173
LengthAccuracy:	0.508
1st Token Accuracy:	0.164
2nd Token Accuracy:	0.038
Average Loss:	7.056
[2021-10-27 09:31:28,778][core.trainer][INFO] - EPOCH 48 / 50
[2021-10-27 09:31:28,778][core.trainer][INFO] - Computing metrics for 'train' dataset
[2021-10-27 09:31:46,746][core.trainer][INFO] - Computing metrics for 'val' dataset
[2021-10-27 09:31:49,321][core.metrics.meter][INFO] - Meter:
SequenceAccuracy:	0.982
TokenAccuracy:	1.000
LengthAccuracy:	0.982
1st Token Accuracy:	1.000
2nd Token Accuracy:	1.000
Average Loss:	0.030
[2021-10-27 09:31:49,377][core.early_stopping][INFO] - Early stopping counter: 6 / 5
[2021-10-27 09:31:49,401][core.early_stopping][INFO] - Pausing model saving until validation loss decreases by 0.0001
[2021-10-27 09:31:49,401][core.trainer][INFO] - Computing metrics for 'test' dataset
[2021-10-27 09:32:14,043][core.metrics.meter][INFO] - Meter:
SequenceAccuracy:	0.986
TokenAccuracy:	1.000
LengthAccuracy:	0.986
1st Token Accuracy:	1.000
2nd Token Accuracy:	1.000
Average Loss:	0.025
[2021-10-27 09:32:14,044][core.trainer][INFO] - Computing metrics for 'gen' dataset
[2021-10-27 09:32:44,326][core.metrics.meter][INFO] - Meter:
SequenceAccuracy:	0.000
TokenAccuracy:	0.172
LengthAccuracy:	0.509
1st Token Accuracy:	0.164
2nd Token Accuracy:	0.038
Average Loss:	7.067
[2021-10-27 09:32:44,326][core.trainer][INFO] - EPOCH 49 / 50
[2021-10-27 09:32:44,326][core.trainer][INFO] - Computing metrics for 'train' dataset
[2021-10-27 09:33:02,318][core.trainer][INFO] - Computing metrics for 'val' dataset
[2021-10-27 09:33:04,901][core.metrics.meter][INFO] - Meter:
SequenceAccuracy:	0.982
TokenAccuracy:	1.000
LengthAccuracy:	0.982
1st Token Accuracy:	1.000
2nd Token Accuracy:	1.000
Average Loss:	0.033
[2021-10-27 09:33:04,975][core.early_stopping][INFO] - Early stopping counter: 7 / 5
[2021-10-27 09:33:05,000][core.early_stopping][INFO] - Pausing model saving until validation loss decreases by 0.0001
[2021-10-27 09:33:05,000][core.trainer][INFO] - Computing metrics for 'test' dataset
[2021-10-27 09:33:29,649][core.metrics.meter][INFO] - Meter:
SequenceAccuracy:	0.984
TokenAccuracy:	1.000
LengthAccuracy:	0.984
1st Token Accuracy:	1.000
2nd Token Accuracy:	1.000
Average Loss:	0.027
[2021-10-27 09:33:29,649][core.trainer][INFO] - Computing metrics for 'gen' dataset
[2021-10-27 09:33:59,917][core.metrics.meter][INFO] - Meter:
SequenceAccuracy:	0.000
TokenAccuracy:	0.173
LengthAccuracy:	0.510
1st Token Accuracy:	0.164
2nd Token Accuracy:	0.038
Average Loss:	7.072
[2021-10-27 09:33:59,917][core.trainer][INFO] - EPOCH 50 / 50
[2021-10-27 09:33:59,917][core.trainer][INFO] - Computing metrics for 'train' dataset
[2021-10-27 09:34:17,946][core.trainer][INFO] - Computing metrics for 'val' dataset
[2021-10-27 09:34:20,523][core.metrics.meter][INFO] - Meter:
SequenceAccuracy:	0.983
TokenAccuracy:	1.000
LengthAccuracy:	0.983
1st Token Accuracy:	1.000
2nd Token Accuracy:	1.000
Average Loss:	0.026
[2021-10-27 09:34:20,579][core.early_stopping][INFO] - Early stopping counter: 8 / 5
[2021-10-27 09:34:20,604][core.early_stopping][INFO] - Pausing model saving until validation loss decreases by 0.0001
[2021-10-27 09:34:20,604][core.trainer][INFO] - Computing metrics for 'test' dataset
[2021-10-27 09:34:45,212][core.metrics.meter][INFO] - Meter:
SequenceAccuracy:	0.985
TokenAccuracy:	1.000
LengthAccuracy:	0.985
1st Token Accuracy:	1.000
2nd Token Accuracy:	1.000
Average Loss:	0.027
[2021-10-27 09:34:45,213][core.trainer][INFO] - Computing metrics for 'gen' dataset
[2021-10-27 09:35:15,469][core.metrics.meter][INFO] - Meter:
SequenceAccuracy:	0.000
TokenAccuracy:	0.172
LengthAccuracy:	0.509
1st Token Accuracy:	0.164
2nd Token Accuracy:	0.038
Average Loss:	7.086
