experiment:
  dataset:
    name: ms-question-en
    input: ms-question.tsv
    source_format: sequence
    target_format: sequence
    overwrite: false
    transform_field: target
    splits:
      train: 80
      test: 10
      val: 10
  hyperparameters:
    epochs: 50
    batch_size: 5
    lr: 0.001
    tolerance: 0.0001
    num_iters_eval: 1000
    min_iters: 30000
    patience: 5
    tf_ratio: 0.5
    cuda: 0
  model:
    name: Transformer
    encoder:
      unit: Transformer
      type: sequence
      dropout: 0
      num_layers: 2
      hidden_size: 256
      embedding_size: 256
      num_heads: 8
    decoder:
      unit: Transformer
      type: sequence
      dropout: 0
      num_layers: 2
      max_length: 30
      hidden_size: 256
      embedding_size: 256
      num_heads: 8
      attention: null
  name: qform-en-transformer-2layers
pretty_print: true

[2021-10-27 05:13:44,818][core.trainer][INFO] - DEVICE: cuda
[2021-10-27 05:13:44,818][core.dataset.base_dataset][INFO] - Initializing dataset
[2021-10-27 05:13:44,819][core.dataset.base_dataset][INFO] - Constructing fields from dataset.
[2021-10-27 05:13:47,733][core.trainer][INFO] - TransductionDataset(
 splits: [val (1000 sequences), train (100000 sequences), test (10000 sequences), gen (10000 sequences)]
 fields: [source, annotation, target]
)
[2021-10-27 05:13:47,733][core.models.base_model][INFO] - Initializing model
[2021-10-27 05:13:52,449][core.trainer][INFO] - TransductionModel(
  (_encoder): TransductionSequenceEncoder(
    (module): Sequential(
      (0): Sequential(
        (0): Embedding(68, 256)
        (1): PositionalEncoding(
          (dropout): Dropout(p=0.0, inplace=False)
        )
      )
      (1): TransformerEncoder(
        (layers): ModuleList(
          (0): TransformerEncoderLayer(
            (self_attn): MultiheadAttention(
              (out_proj): _LinearWithBias(in_features=256, out_features=256, bias=True)
            )
            (linear1): Linear(in_features=256, out_features=2048, bias=True)
            (dropout): Dropout(p=0.1, inplace=False)
            (linear2): Linear(in_features=2048, out_features=256, bias=True)
            (norm1): LayerNorm((256,), eps=1e-05, elementwise_affine=True)
            (norm2): LayerNorm((256,), eps=1e-05, elementwise_affine=True)
            (dropout1): Dropout(p=0.1, inplace=False)
            (dropout2): Dropout(p=0.1, inplace=False)
          )
          (1): TransformerEncoderLayer(
            (self_attn): MultiheadAttention(
              (out_proj): _LinearWithBias(in_features=256, out_features=256, bias=True)
            )
            (linear1): Linear(in_features=256, out_features=2048, bias=True)
            (dropout): Dropout(p=0.1, inplace=False)
            (linear2): Linear(in_features=2048, out_features=256, bias=True)
            (norm1): LayerNorm((256,), eps=1e-05, elementwise_affine=True)
            (norm2): LayerNorm((256,), eps=1e-05, elementwise_affine=True)
            (dropout1): Dropout(p=0.1, inplace=False)
            (dropout2): Dropout(p=0.1, inplace=False)
          )
        )
      )
    )
  )
  (_decoder): TransformerSequenceDecoder(
    (_embedding): Sequential(
      (0): Embedding(71, 256)
      (1): PositionalEncoding(
        (dropout): Dropout(p=0.0, inplace=False)
      )
    )
    (_unit): TransformerDecoder(
      (layers): ModuleList(
        (0): TransformerDecoderLayer(
          (self_attn): MultiheadAttention(
            (out_proj): _LinearWithBias(in_features=256, out_features=256, bias=True)
          )
          (multihead_attn): MultiheadAttention(
            (out_proj): _LinearWithBias(in_features=256, out_features=256, bias=True)
          )
          (linear1): Linear(in_features=256, out_features=2048, bias=True)
          (dropout): Dropout(p=0.0, inplace=False)
          (linear2): Linear(in_features=2048, out_features=256, bias=True)
          (norm1): LayerNorm((256,), eps=1e-05, elementwise_affine=True)
          (norm2): LayerNorm((256,), eps=1e-05, elementwise_affine=True)
          (norm3): LayerNorm((256,), eps=1e-05, elementwise_affine=True)
          (dropout1): Dropout(p=0.0, inplace=False)
          (dropout2): Dropout(p=0.0, inplace=False)
          (dropout3): Dropout(p=0.0, inplace=False)
        )
        (1): TransformerDecoderLayer(
          (self_attn): MultiheadAttention(
            (out_proj): _LinearWithBias(in_features=256, out_features=256, bias=True)
          )
          (multihead_attn): MultiheadAttention(
            (out_proj): _LinearWithBias(in_features=256, out_features=256, bias=True)
          )
          (linear1): Linear(in_features=256, out_features=2048, bias=True)
          (dropout): Dropout(p=0.0, inplace=False)
          (linear2): Linear(in_features=2048, out_features=256, bias=True)
          (norm1): LayerNorm((256,), eps=1e-05, elementwise_affine=True)
          (norm2): LayerNorm((256,), eps=1e-05, elementwise_affine=True)
          (norm3): LayerNorm((256,), eps=1e-05, elementwise_affine=True)
          (dropout1): Dropout(p=0.0, inplace=False)
          (dropout2): Dropout(p=0.0, inplace=False)
          (dropout3): Dropout(p=0.0, inplace=False)
        )
      )
    )
    (_out): Linear(in_features=256, out_features=71, bias=True)
  )
)
[2021-10-27 05:13:52,458][core.trainer][INFO] - Beginning training
[2021-10-27 05:13:52,461][core.metrics.meter][INFO] - Logging with tensorboard; view with `tensorboard --logdir=/scratch/lw2534/lab/transductions/outputs/qform-en-transformer-2layers/Transformer/2021-10-27_05-13-44/tensorboard`
[2021-10-27 05:13:52,461][core.trainer][INFO] - EPOCH 1 / 50
[2021-10-27 05:13:52,461][core.trainer][INFO] - Computing metrics for 'train' dataset
[2021-10-27 05:14:21,711][core.trainer][INFO] - Computing metrics for 'val' dataset
[2021-10-27 05:14:25,756][core.metrics.meter][INFO] - Meter:
SequenceAccuracy:	0.000
TokenAccuracy:	0.147
LengthAccuracy:	0.425
1st Token Accuracy:	0.204
2nd Token Accuracy:	0.060
Average Loss:	3.670
[2021-10-27 05:14:55,166][core.trainer][INFO] - Computing metrics for 'val' dataset
[2021-10-27 05:14:59,296][core.metrics.meter][INFO] - Meter:
SequenceAccuracy:	0.000
TokenAccuracy:	0.193
LengthAccuracy:	0.386
1st Token Accuracy:	0.414
2nd Token Accuracy:	0.101
Average Loss:	3.435
[2021-10-27 05:15:29,987][core.trainer][INFO] - Computing metrics for 'val' dataset
[2021-10-27 05:15:34,212][core.metrics.meter][INFO] - Meter:
SequenceAccuracy:	0.000
TokenAccuracy:	0.232
LengthAccuracy:	0.419
1st Token Accuracy:	0.600
2nd Token Accuracy:	0.154
Average Loss:	3.277
[2021-10-27 05:16:05,450][core.trainer][INFO] - Computing metrics for 'val' dataset
[2021-10-27 05:16:09,973][core.metrics.meter][INFO] - Meter:
SequenceAccuracy:	0.000
TokenAccuracy:	0.268
LengthAccuracy:	0.514
1st Token Accuracy:	0.712
2nd Token Accuracy:	0.200
Average Loss:	3.089
[2021-10-27 05:16:42,172][core.trainer][INFO] - Computing metrics for 'val' dataset
[2021-10-27 05:16:46,689][core.metrics.meter][INFO] - Meter:
SequenceAccuracy:	0.000
TokenAccuracy:	0.299
LengthAccuracy:	0.616
1st Token Accuracy:	0.784
2nd Token Accuracy:	0.224
Average Loss:	2.904
[2021-10-27 05:17:19,436][core.trainer][INFO] - Computing metrics for 'val' dataset
[2021-10-27 05:17:23,882][core.metrics.meter][INFO] - Meter:
SequenceAccuracy:	0.000
TokenAccuracy:	0.323
LengthAccuracy:	0.665
1st Token Accuracy:	0.841
2nd Token Accuracy:	0.272
Average Loss:	2.750
[2021-10-27 05:17:57,063][core.trainer][INFO] - Computing metrics for 'val' dataset
[2021-10-27 05:18:01,604][core.metrics.meter][INFO] - Meter:
SequenceAccuracy:	0.000
TokenAccuracy:	0.350
LengthAccuracy:	0.710
1st Token Accuracy:	0.889
2nd Token Accuracy:	0.345
Average Loss:	2.591
[2021-10-27 05:18:34,629][core.trainer][INFO] - Computing metrics for 'val' dataset
[2021-10-27 05:18:39,216][core.metrics.meter][INFO] - Meter:
SequenceAccuracy:	0.000
TokenAccuracy:	0.375
LengthAccuracy:	0.765
1st Token Accuracy:	0.926
2nd Token Accuracy:	0.387
Average Loss:	2.465
[2021-10-27 05:19:12,563][core.trainer][INFO] - Computing metrics for 'val' dataset
[2021-10-27 05:19:17,360][core.metrics.meter][INFO] - Meter:
SequenceAccuracy:	0.000
TokenAccuracy:	0.399
LengthAccuracy:	0.790
1st Token Accuracy:	0.945
2nd Token Accuracy:	0.464
Average Loss:	2.354
[2021-10-27 05:19:50,540][core.trainer][INFO] - Computing metrics for 'val' dataset
[2021-10-27 05:19:55,036][core.metrics.meter][INFO] - Meter:
SequenceAccuracy:	0.000
TokenAccuracy:	0.420
LengthAccuracy:	0.777
1st Token Accuracy:	0.953
2nd Token Accuracy:	0.518
Average Loss:	2.255
[2021-10-27 05:20:28,102][core.trainer][INFO] - Computing metrics for 'val' dataset
[2021-10-27 05:20:32,604][core.metrics.meter][INFO] - Meter:
SequenceAccuracy:	0.000
TokenAccuracy:	0.444
LengthAccuracy:	0.788
1st Token Accuracy:	0.970
2nd Token Accuracy:	0.555
Average Loss:	2.141
[2021-10-27 05:21:05,911][core.trainer][INFO] - Computing metrics for 'val' dataset
[2021-10-27 05:21:10,434][core.metrics.meter][INFO] - Meter:
SequenceAccuracy:	0.002
TokenAccuracy:	0.460
LengthAccuracy:	0.812
1st Token Accuracy:	0.974
2nd Token Accuracy:	0.575
Average Loss:	2.071
[2021-10-27 05:21:43,905][core.trainer][INFO] - Computing metrics for 'val' dataset
[2021-10-27 05:21:48,425][core.metrics.meter][INFO] - Meter:
SequenceAccuracy:	0.003
TokenAccuracy:	0.497
LengthAccuracy:	0.828
1st Token Accuracy:	0.982
2nd Token Accuracy:	0.614
Average Loss:	1.914
[2021-10-27 05:22:21,719][core.trainer][INFO] - Computing metrics for 'val' dataset
[2021-10-27 05:22:26,408][core.metrics.meter][INFO] - Meter:
SequenceAccuracy:	0.007
TokenAccuracy:	0.524
LengthAccuracy:	0.876
1st Token Accuracy:	0.984
2nd Token Accuracy:	0.647
Average Loss:	1.798
[2021-10-27 05:23:00,007][core.trainer][INFO] - Computing metrics for 'val' dataset
[2021-10-27 05:23:04,627][core.metrics.meter][INFO] - Meter:
SequenceAccuracy:	0.016
TokenAccuracy:	0.552
LengthAccuracy:	0.896
1st Token Accuracy:	0.985
2nd Token Accuracy:	0.686
Average Loss:	1.681
[2021-10-27 05:23:38,080][core.trainer][INFO] - Computing metrics for 'val' dataset
[2021-10-27 05:23:42,720][core.metrics.meter][INFO] - Meter:
SequenceAccuracy:	0.028
TokenAccuracy:	0.587
LengthAccuracy:	0.888
1st Token Accuracy:	0.993
2nd Token Accuracy:	0.735
Average Loss:	1.544
[2021-10-27 05:24:16,455][core.trainer][INFO] - Computing metrics for 'val' dataset
[2021-10-27 05:24:21,082][core.metrics.meter][INFO] - Meter:
SequenceAccuracy:	0.044
TokenAccuracy:	0.626
LengthAccuracy:	0.915
1st Token Accuracy:	0.994
2nd Token Accuracy:	0.801
Average Loss:	1.412
[2021-10-27 05:24:54,949][core.trainer][INFO] - Computing metrics for 'val' dataset
[2021-10-27 05:24:59,566][core.metrics.meter][INFO] - Meter:
SequenceAccuracy:	0.089
TokenAccuracy:	0.663
LengthAccuracy:	0.922
1st Token Accuracy:	0.995
2nd Token Accuracy:	0.861
Average Loss:	1.290
[2021-10-27 05:25:33,004][core.trainer][INFO] - Computing metrics for 'val' dataset
[2021-10-27 05:25:37,630][core.metrics.meter][INFO] - Meter:
SequenceAccuracy:	0.160
TokenAccuracy:	0.717
LengthAccuracy:	0.927
1st Token Accuracy:	0.996
2nd Token Accuracy:	0.925
Average Loss:	1.130
[2021-10-27 05:26:11,280][core.trainer][INFO] - Computing metrics for 'val' dataset
[2021-10-27 05:26:15,930][core.metrics.meter][INFO] - Meter:
SequenceAccuracy:	0.243
TokenAccuracy:	0.752
LengthAccuracy:	0.940
1st Token Accuracy:	0.998
2nd Token Accuracy:	0.966
Average Loss:	1.012
[2021-10-27 05:26:16,292][core.trainer][INFO] - Computing metrics for 'test' dataset
[2021-10-27 05:27:01,425][core.metrics.meter][INFO] - Meter:
SequenceAccuracy:	0.289
TokenAccuracy:	0.735
LengthAccuracy:	0.946
1st Token Accuracy:	0.998
2nd Token Accuracy:	0.977
Average Loss:	1.064
[2021-10-27 05:27:01,425][core.trainer][INFO] - Computing metrics for 'gen' dataset
[2021-10-27 05:27:49,930][core.metrics.meter][INFO] - Meter:
SequenceAccuracy:	0.000
TokenAccuracy:	0.489
LengthAccuracy:	0.844
1st Token Accuracy:	0.020
2nd Token Accuracy:	0.999
Average Loss:	1.696
[2021-10-27 05:27:49,930][core.trainer][INFO] - EPOCH 2 / 50
[2021-10-27 05:27:49,930][core.trainer][INFO] - Computing metrics for 'train' dataset
[2021-10-27 05:28:23,474][core.trainer][INFO] - Computing metrics for 'val' dataset
[2021-10-27 05:28:28,175][core.metrics.meter][INFO] - Meter:
SequenceAccuracy:	0.348
TokenAccuracy:	0.803
LengthAccuracy:	0.933
1st Token Accuracy:	0.998
2nd Token Accuracy:	0.985
Average Loss:	0.846
[2021-10-27 05:29:01,791][core.trainer][INFO] - Computing metrics for 'val' dataset
[2021-10-27 05:29:06,482][core.metrics.meter][INFO] - Meter:
SequenceAccuracy:	0.447
TokenAccuracy:	0.844
LengthAccuracy:	0.943
1st Token Accuracy:	0.998
2nd Token Accuracy:	0.995
Average Loss:	0.697
[2021-10-27 05:29:40,187][core.trainer][INFO] - Computing metrics for 'val' dataset
[2021-10-27 05:29:44,884][core.metrics.meter][INFO] - Meter:
SequenceAccuracy:	0.523
TokenAccuracy:	0.867
LengthAccuracy:	0.945
1st Token Accuracy:	0.999
2nd Token Accuracy:	0.998
Average Loss:	0.599
[2021-10-27 05:30:18,478][core.trainer][INFO] - Computing metrics for 'val' dataset
[2021-10-27 05:30:23,163][core.metrics.meter][INFO] - Meter:
SequenceAccuracy:	0.590
TokenAccuracy:	0.885
LengthAccuracy:	0.944
1st Token Accuracy:	0.999
2nd Token Accuracy:	0.999
Average Loss:	0.520
[2021-10-27 05:30:56,889][core.trainer][INFO] - Computing metrics for 'val' dataset
[2021-10-27 05:31:01,588][core.metrics.meter][INFO] - Meter:
SequenceAccuracy:	0.615
TokenAccuracy:	0.896
LengthAccuracy:	0.950
1st Token Accuracy:	1.000
2nd Token Accuracy:	0.999
Average Loss:	0.456
[2021-10-27 05:31:35,385][core.trainer][INFO] - Computing metrics for 'val' dataset
[2021-10-27 05:31:40,019][core.metrics.meter][INFO] - Meter:
SequenceAccuracy:	0.653
TokenAccuracy:	0.912
LengthAccuracy:	0.951
1st Token Accuracy:	1.000
2nd Token Accuracy:	0.999
Average Loss:	0.394
[2021-10-27 05:32:13,525][core.trainer][INFO] - Computing metrics for 'val' dataset
[2021-10-27 05:32:18,178][core.metrics.meter][INFO] - Meter:
SequenceAccuracy:	0.689
TokenAccuracy:	0.926
LengthAccuracy:	0.955
1st Token Accuracy:	1.000
2nd Token Accuracy:	1.000
Average Loss:	0.334
[2021-10-27 05:32:51,877][core.trainer][INFO] - Computing metrics for 'val' dataset
[2021-10-27 05:32:56,579][core.metrics.meter][INFO] - Meter:
SequenceAccuracy:	0.699
TokenAccuracy:	0.929
LengthAccuracy:	0.949
1st Token Accuracy:	1.000
2nd Token Accuracy:	1.000
Average Loss:	0.316
[2021-10-27 05:33:30,145][core.trainer][INFO] - Computing metrics for 'val' dataset
[2021-10-27 05:33:34,798][core.metrics.meter][INFO] - Meter:
SequenceAccuracy:	0.709
TokenAccuracy:	0.933
LengthAccuracy:	0.951
1st Token Accuracy:	1.000
2nd Token Accuracy:	1.000
Average Loss:	0.290
[2021-10-27 05:34:08,383][core.trainer][INFO] - Computing metrics for 'val' dataset
[2021-10-27 05:34:13,014][core.metrics.meter][INFO] - Meter:
SequenceAccuracy:	0.733
TokenAccuracy:	0.945
LengthAccuracy:	0.952
1st Token Accuracy:	1.000
2nd Token Accuracy:	1.000
Average Loss:	0.258
[2021-10-27 05:34:46,895][core.trainer][INFO] - Computing metrics for 'val' dataset
[2021-10-27 05:34:51,532][core.metrics.meter][INFO] - Meter:
SequenceAccuracy:	0.743
TokenAccuracy:	0.946
LengthAccuracy:	0.951
1st Token Accuracy:	1.000
2nd Token Accuracy:	1.000
Average Loss:	0.241
[2021-10-27 05:35:25,203][core.trainer][INFO] - Computing metrics for 'val' dataset
[2021-10-27 05:35:29,911][core.metrics.meter][INFO] - Meter:
SequenceAccuracy:	0.757
TokenAccuracy:	0.953
LengthAccuracy:	0.953
1st Token Accuracy:	1.000
2nd Token Accuracy:	1.000
Average Loss:	0.215
[2021-10-27 05:36:03,685][core.trainer][INFO] - Computing metrics for 'val' dataset
[2021-10-27 05:36:08,331][core.metrics.meter][INFO] - Meter:
SequenceAccuracy:	0.763
TokenAccuracy:	0.957
LengthAccuracy:	0.948
1st Token Accuracy:	1.000
2nd Token Accuracy:	1.000
Average Loss:	0.202
[2021-10-27 05:36:42,070][core.trainer][INFO] - Computing metrics for 'val' dataset
[2021-10-27 05:36:46,696][core.metrics.meter][INFO] - Meter:
SequenceAccuracy:	0.774
TokenAccuracy:	0.960
LengthAccuracy:	0.949
1st Token Accuracy:	1.000
2nd Token Accuracy:	1.000
Average Loss:	0.189
[2021-10-27 05:37:20,344][core.trainer][INFO] - Computing metrics for 'val' dataset
[2021-10-27 05:37:24,974][core.metrics.meter][INFO] - Meter:
SequenceAccuracy:	0.789
TokenAccuracy:	0.964
LengthAccuracy:	0.950
1st Token Accuracy:	1.000
2nd Token Accuracy:	1.000
Average Loss:	0.174
[2021-10-27 05:37:25,101][core.early_stopping][INFO] - Early stopping counter: 1 / 5
[2021-10-27 05:37:25,150][core.early_stopping][INFO] - Pausing model saving until validation loss decreases by 0.0001
[2021-10-27 05:37:58,513][core.trainer][INFO] - Computing metrics for 'val' dataset
[2021-10-27 05:38:03,174][core.metrics.meter][INFO] - Meter:
SequenceAccuracy:	0.806
TokenAccuracy:	0.968
LengthAccuracy:	0.955
1st Token Accuracy:	1.000
2nd Token Accuracy:	1.000
Average Loss:	0.155
[2021-10-27 05:38:36,877][core.trainer][INFO] - Computing metrics for 'val' dataset
[2021-10-27 05:38:41,511][core.metrics.meter][INFO] - Meter:
SequenceAccuracy:	0.817
TokenAccuracy:	0.972
LengthAccuracy:	0.952
1st Token Accuracy:	1.000
2nd Token Accuracy:	1.000
Average Loss:	0.149
[2021-10-27 05:38:41,618][core.early_stopping][INFO] - Early stopping counter: 1 / 5
[2021-10-27 05:38:41,668][core.early_stopping][INFO] - Pausing model saving until validation loss decreases by 0.0001
[2021-10-27 05:39:15,227][core.trainer][INFO] - Computing metrics for 'val' dataset
[2021-10-27 05:39:19,878][core.metrics.meter][INFO] - Meter:
SequenceAccuracy:	0.827
TokenAccuracy:	0.973
LengthAccuracy:	0.951
1st Token Accuracy:	1.000
2nd Token Accuracy:	1.000
Average Loss:	0.144
[2021-10-27 05:39:53,367][core.trainer][INFO] - Computing metrics for 'val' dataset
[2021-10-27 05:39:58,005][core.metrics.meter][INFO] - Meter:
SequenceAccuracy:	0.831
TokenAccuracy:	0.975
LengthAccuracy:	0.947
1st Token Accuracy:	1.000
2nd Token Accuracy:	1.000
Average Loss:	0.136
[2021-10-27 05:40:31,811][core.trainer][INFO] - Computing metrics for 'val' dataset
[2021-10-27 05:40:36,463][core.metrics.meter][INFO] - Meter:
SequenceAccuracy:	0.845
TokenAccuracy:	0.977
LengthAccuracy:	0.949
1st Token Accuracy:	1.000
2nd Token Accuracy:	1.000
Average Loss:	0.133
[2021-10-27 05:40:36,573][core.early_stopping][INFO] - Early stopping counter: 1 / 5
[2021-10-27 05:40:36,625][core.early_stopping][INFO] - Pausing model saving until validation loss decreases by 0.0001
[2021-10-27 05:40:36,627][core.trainer][INFO] - Computing metrics for 'test' dataset
[2021-10-27 05:41:21,700][core.metrics.meter][INFO] - Meter:
SequenceAccuracy:	0.852
TokenAccuracy:	0.973
LengthAccuracy:	0.956
1st Token Accuracy:	1.000
2nd Token Accuracy:	1.000
Average Loss:	0.137
[2021-10-27 05:41:21,701][core.trainer][INFO] - Computing metrics for 'gen' dataset
[2021-10-27 05:42:10,552][core.metrics.meter][INFO] - Meter:
SequenceAccuracy:	0.004
TokenAccuracy:	0.606
LengthAccuracy:	0.949
1st Token Accuracy:	0.029
2nd Token Accuracy:	1.000
Average Loss:	1.615
[2021-10-27 05:42:10,552][core.trainer][INFO] - EPOCH 3 / 50
[2021-10-27 05:42:10,552][core.trainer][INFO] - Computing metrics for 'train' dataset
[2021-10-27 05:42:44,258][core.trainer][INFO] - Computing metrics for 'val' dataset
[2021-10-27 05:42:48,965][core.metrics.meter][INFO] - Meter:
SequenceAccuracy:	0.856
TokenAccuracy:	0.980
LengthAccuracy:	0.951
1st Token Accuracy:	1.000
2nd Token Accuracy:	1.000
Average Loss:	0.121
[2021-10-27 05:43:22,586][core.trainer][INFO] - Computing metrics for 'val' dataset
[2021-10-27 05:43:27,290][core.metrics.meter][INFO] - Meter:
SequenceAccuracy:	0.860
TokenAccuracy:	0.980
LengthAccuracy:	0.954
1st Token Accuracy:	1.000
2nd Token Accuracy:	1.000
Average Loss:	0.116
[2021-10-27 05:44:00,884][core.trainer][INFO] - Computing metrics for 'val' dataset
[2021-10-27 05:44:05,542][core.metrics.meter][INFO] - Meter:
SequenceAccuracy:	0.874
TokenAccuracy:	0.983
LengthAccuracy:	0.956
1st Token Accuracy:	1.000
2nd Token Accuracy:	1.000
Average Loss:	0.104
[2021-10-27 05:44:39,280][core.trainer][INFO] - Computing metrics for 'val' dataset
[2021-10-27 05:44:43,928][core.metrics.meter][INFO] - Meter:
SequenceAccuracy:	0.863
TokenAccuracy:	0.982
LengthAccuracy:	0.944
1st Token Accuracy:	1.000
2nd Token Accuracy:	1.000
Average Loss:	0.119
[2021-10-27 05:44:44,054][core.early_stopping][INFO] - Early stopping counter: 1 / 5
[2021-10-27 05:44:44,104][core.early_stopping][INFO] - Pausing model saving until validation loss decreases by 0.0001
[2021-10-27 05:45:17,481][core.trainer][INFO] - Computing metrics for 'val' dataset
[2021-10-27 05:45:22,144][core.metrics.meter][INFO] - Meter:
SequenceAccuracy:	0.869
TokenAccuracy:	0.983
LengthAccuracy:	0.952
1st Token Accuracy:	1.000
2nd Token Accuracy:	1.000
Average Loss:	0.109
[2021-10-27 05:45:55,831][core.trainer][INFO] - Computing metrics for 'val' dataset
[2021-10-27 05:46:00,466][core.metrics.meter][INFO] - Meter:
SequenceAccuracy:	0.876
TokenAccuracy:	0.983
LengthAccuracy:	0.951
1st Token Accuracy:	1.000
2nd Token Accuracy:	1.000
Average Loss:	0.108
[2021-10-27 05:46:34,261][core.trainer][INFO] - Computing metrics for 'val' dataset
[2021-10-27 05:46:38,958][core.metrics.meter][INFO] - Meter:
SequenceAccuracy:	0.880
TokenAccuracy:	0.985
LengthAccuracy:	0.951
1st Token Accuracy:	1.000
2nd Token Accuracy:	1.000
Average Loss:	0.100
[2021-10-27 05:47:12,806][core.trainer][INFO] - Computing metrics for 'val' dataset
[2021-10-27 05:47:17,461][core.metrics.meter][INFO] - Meter:
SequenceAccuracy:	0.887
TokenAccuracy:	0.987
LengthAccuracy:	0.949
1st Token Accuracy:	1.000
2nd Token Accuracy:	0.999
Average Loss:	0.102
[2021-10-27 05:47:17,603][core.early_stopping][INFO] - Early stopping counter: 1 / 5
[2021-10-27 05:47:17,653][core.early_stopping][INFO] - Pausing model saving until validation loss decreases by 0.0001
[2021-10-27 05:47:51,028][core.trainer][INFO] - Computing metrics for 'val' dataset
[2021-10-27 05:47:55,678][core.metrics.meter][INFO] - Meter:
SequenceAccuracy:	0.879
TokenAccuracy:	0.986
LengthAccuracy:	0.950
1st Token Accuracy:	1.000
2nd Token Accuracy:	1.000
Average Loss:	0.101
[2021-10-27 05:47:55,783][core.early_stopping][INFO] - Early stopping counter: 2 / 5
[2021-10-27 05:47:55,833][core.early_stopping][INFO] - Pausing model saving until validation loss decreases by 0.0001
[2021-10-27 05:48:29,182][core.trainer][INFO] - Computing metrics for 'val' dataset
[2021-10-27 05:48:33,839][core.metrics.meter][INFO] - Meter:
SequenceAccuracy:	0.898
TokenAccuracy:	0.988
LengthAccuracy:	0.957
1st Token Accuracy:	1.000
2nd Token Accuracy:	1.000
Average Loss:	0.089
[2021-10-27 05:49:07,648][core.trainer][INFO] - Computing metrics for 'val' dataset
[2021-10-27 05:49:12,292][core.metrics.meter][INFO] - Meter:
SequenceAccuracy:	0.893
TokenAccuracy:	0.989
LengthAccuracy:	0.949
1st Token Accuracy:	1.000
2nd Token Accuracy:	1.000
Average Loss:	0.093
[2021-10-27 05:49:12,426][core.early_stopping][INFO] - Early stopping counter: 1 / 5
[2021-10-27 05:49:12,476][core.early_stopping][INFO] - Pausing model saving until validation loss decreases by 0.0001
[2021-10-27 05:49:45,921][core.trainer][INFO] - Computing metrics for 'val' dataset
[2021-10-27 05:49:50,574][core.metrics.meter][INFO] - Meter:
SequenceAccuracy:	0.895
TokenAccuracy:	0.989
LengthAccuracy:	0.950
1st Token Accuracy:	1.000
2nd Token Accuracy:	1.000
Average Loss:	0.088
[2021-10-27 05:49:50,731][core.early_stopping][INFO] - Early stopping counter: 2 / 5
[2021-10-27 05:49:50,731][core.early_stopping][INFO] - Pausing model saving until validation loss decreases by 0.0001
[2021-10-27 05:50:24,143][core.trainer][INFO] - Computing metrics for 'val' dataset
[2021-10-27 05:50:28,843][core.metrics.meter][INFO] - Meter:
SequenceAccuracy:	0.900
TokenAccuracy:	0.990
LengthAccuracy:	0.953
1st Token Accuracy:	1.000
2nd Token Accuracy:	1.000
Average Loss:	0.085
[2021-10-27 05:50:28,956][core.early_stopping][INFO] - Early stopping counter: 3 / 5
[2021-10-27 05:50:29,005][core.early_stopping][INFO] - Pausing model saving until validation loss decreases by 0.0001
[2021-10-27 05:51:02,356][core.trainer][INFO] - Computing metrics for 'val' dataset
[2021-10-27 05:51:07,073][core.metrics.meter][INFO] - Meter:
SequenceAccuracy:	0.902
TokenAccuracy:	0.990
LengthAccuracy:	0.953
1st Token Accuracy:	1.000
2nd Token Accuracy:	1.000
Average Loss:	0.084
[2021-10-27 05:51:07,203][core.early_stopping][INFO] - Early stopping counter: 4 / 5
[2021-10-27 05:51:07,253][core.early_stopping][INFO] - Pausing model saving until validation loss decreases by 0.0001
[2021-10-27 05:51:40,633][core.trainer][INFO] - Computing metrics for 'val' dataset
[2021-10-27 05:51:45,294][core.metrics.meter][INFO] - Meter:
SequenceAccuracy:	0.903
TokenAccuracy:	0.992
LengthAccuracy:	0.948
1st Token Accuracy:	1.000
2nd Token Accuracy:	1.000
Average Loss:	0.086
[2021-10-27 05:51:45,402][core.early_stopping][INFO] - Early stopping counter: 5 / 5
[2021-10-27 05:51:45,452][core.early_stopping][INFO] - Pausing model saving until validation loss decreases by 0.0001
[2021-10-27 05:51:45,453][core.trainer][INFO] - Computing metrics for 'test' dataset
[2021-10-27 05:52:30,556][core.metrics.meter][INFO] - Meter:
SequenceAccuracy:	0.905
TokenAccuracy:	0.989
LengthAccuracy:	0.953
1st Token Accuracy:	1.000
2nd Token Accuracy:	1.000
Average Loss:	0.088
[2021-10-27 05:52:30,556][core.trainer][INFO] - Computing metrics for 'gen' dataset
[2021-10-27 05:53:19,321][core.metrics.meter][INFO] - Meter:
SequenceAccuracy:	0.005
TokenAccuracy:	0.591
LengthAccuracy:	0.929
1st Token Accuracy:	0.032
2nd Token Accuracy:	1.000
Average Loss:	1.897
[2021-10-27 05:53:19,321][core.trainer][INFO] - EPOCH 4 / 50
[2021-10-27 05:53:19,321][core.trainer][INFO] - Computing metrics for 'train' dataset
[2021-10-27 05:53:52,923][core.trainer][INFO] - Computing metrics for 'val' dataset
[2021-10-27 05:53:57,633][core.metrics.meter][INFO] - Meter:
SequenceAccuracy:	0.908
TokenAccuracy:	0.992
LengthAccuracy:	0.951
1st Token Accuracy:	1.000
2nd Token Accuracy:	1.000
Average Loss:	0.080
[2021-10-27 05:53:57,748][core.early_stopping][INFO] - Early stopping counter: 6 / 5
[2021-10-27 05:53:57,798][core.early_stopping][INFO] - Pausing model saving until validation loss decreases by 0.0001
[2021-10-27 05:53:57,798][core.trainer][INFO] - Computing metrics for 'test' dataset
[2021-10-27 05:54:43,343][core.metrics.meter][INFO] - Meter:
SequenceAccuracy:	0.911
TokenAccuracy:	0.991
LengthAccuracy:	0.952
1st Token Accuracy:	1.000
2nd Token Accuracy:	1.000
Average Loss:	0.082
[2021-10-27 05:54:43,343][core.trainer][INFO] - Computing metrics for 'gen' dataset
[2021-10-27 05:55:32,672][core.metrics.meter][INFO] - Meter:
SequenceAccuracy:	0.005
TokenAccuracy:	0.599
LengthAccuracy:	0.939
1st Token Accuracy:	0.029
2nd Token Accuracy:	1.000
Average Loss:	1.859
[2021-10-27 05:55:32,673][core.trainer][INFO] - EPOCH 5 / 50
[2021-10-27 05:55:32,673][core.trainer][INFO] - Computing metrics for 'train' dataset
[2021-10-27 05:56:06,163][core.trainer][INFO] - Computing metrics for 'val' dataset
[2021-10-27 05:56:10,819][core.metrics.meter][INFO] - Meter:
SequenceAccuracy:	0.910
TokenAccuracy:	0.992
LengthAccuracy:	0.952
1st Token Accuracy:	1.000
2nd Token Accuracy:	1.000
Average Loss:	0.080
[2021-10-27 05:56:10,935][core.early_stopping][INFO] - Early stopping counter: 7 / 5
[2021-10-27 05:56:10,985][core.early_stopping][INFO] - Pausing model saving until validation loss decreases by 0.0001
[2021-10-27 05:56:10,985][core.trainer][INFO] - Computing metrics for 'test' dataset
[2021-10-27 05:56:56,073][core.metrics.meter][INFO] - Meter:
SequenceAccuracy:	0.907
TokenAccuracy:	0.991
LengthAccuracy:	0.950
1st Token Accuracy:	1.000
2nd Token Accuracy:	1.000
Average Loss:	0.088
[2021-10-27 05:56:56,073][core.trainer][INFO] - Computing metrics for 'gen' dataset
[2021-10-27 05:57:44,810][core.metrics.meter][INFO] - Meter:
SequenceAccuracy:	0.006
TokenAccuracy:	0.595
LengthAccuracy:	0.925
1st Token Accuracy:	0.037
2nd Token Accuracy:	1.000
Average Loss:	1.915
[2021-10-27 05:57:44,811][core.trainer][INFO] - EPOCH 6 / 50
[2021-10-27 05:57:44,811][core.trainer][INFO] - Computing metrics for 'train' dataset
[2021-10-27 05:58:18,310][core.trainer][INFO] - Computing metrics for 'val' dataset
[2021-10-27 05:58:22,965][core.metrics.meter][INFO] - Meter:
SequenceAccuracy:	0.916
TokenAccuracy:	0.993
LengthAccuracy:	0.956
1st Token Accuracy:	1.000
2nd Token Accuracy:	1.000
Average Loss:	0.073
[2021-10-27 05:58:23,081][core.early_stopping][INFO] - Early stopping counter: 8 / 5
[2021-10-27 05:58:23,132][core.early_stopping][INFO] - Pausing model saving until validation loss decreases by 0.0001
[2021-10-27 05:58:23,132][core.trainer][INFO] - Computing metrics for 'test' dataset
[2021-10-27 05:59:08,283][core.metrics.meter][INFO] - Meter:
SequenceAccuracy:	0.910
TokenAccuracy:	0.991
LengthAccuracy:	0.950
1st Token Accuracy:	1.000
2nd Token Accuracy:	1.000
Average Loss:	0.087
[2021-10-27 05:59:08,283][core.trainer][INFO] - Computing metrics for 'gen' dataset
[2021-10-27 05:59:57,025][core.metrics.meter][INFO] - Meter:
SequenceAccuracy:	0.005
TokenAccuracy:	0.579
LengthAccuracy:	0.903
1st Token Accuracy:	0.033
2nd Token Accuracy:	1.000
Average Loss:	2.029
[2021-10-27 05:59:57,025][core.trainer][INFO] - EPOCH 7 / 50
[2021-10-27 05:59:57,026][core.trainer][INFO] - Computing metrics for 'train' dataset
[2021-10-27 06:00:30,636][core.trainer][INFO] - Computing metrics for 'val' dataset
[2021-10-27 06:00:35,351][core.metrics.meter][INFO] - Meter:
SequenceAccuracy:	0.915
TokenAccuracy:	0.994
LengthAccuracy:	0.952
1st Token Accuracy:	1.000
2nd Token Accuracy:	1.000
Average Loss:	0.077
[2021-10-27 06:00:35,488][core.early_stopping][INFO] - Early stopping counter: 9 / 5
[2021-10-27 06:00:35,539][core.early_stopping][INFO] - Pausing model saving until validation loss decreases by 0.0001
[2021-10-27 06:00:35,539][core.trainer][INFO] - Computing metrics for 'test' dataset
[2021-10-27 06:01:21,161][core.metrics.meter][INFO] - Meter:
SequenceAccuracy:	0.913
TokenAccuracy:	0.992
LengthAccuracy:	0.952
1st Token Accuracy:	1.000
2nd Token Accuracy:	1.000
Average Loss:	0.084
[2021-10-27 06:01:21,161][core.trainer][INFO] - Computing metrics for 'gen' dataset
[2021-10-27 06:02:10,500][core.metrics.meter][INFO] - Meter:
SequenceAccuracy:	0.005
TokenAccuracy:	0.584
LengthAccuracy:	0.920
1st Token Accuracy:	0.034
2nd Token Accuracy:	1.000
Average Loss:	2.007
[2021-10-27 06:02:10,500][core.trainer][INFO] - EPOCH 8 / 50
[2021-10-27 06:02:10,500][core.trainer][INFO] - Computing metrics for 'train' dataset
[2021-10-27 06:02:44,094][core.trainer][INFO] - Computing metrics for 'val' dataset
[2021-10-27 06:02:48,738][core.metrics.meter][INFO] - Meter:
SequenceAccuracy:	0.915
TokenAccuracy:	0.993
LengthAccuracy:	0.953
1st Token Accuracy:	1.000
2nd Token Accuracy:	1.000
Average Loss:	0.076
[2021-10-27 06:03:22,535][core.trainer][INFO] - Computing metrics for 'val' dataset
[2021-10-27 06:03:27,177][core.metrics.meter][INFO] - Meter:
SequenceAccuracy:	0.919
TokenAccuracy:	0.994
LengthAccuracy:	0.954
1st Token Accuracy:	1.000
2nd Token Accuracy:	1.000
Average Loss:	0.074
[2021-10-27 06:03:27,300][core.early_stopping][INFO] - Early stopping counter: 1 / 5
[2021-10-27 06:03:27,350][core.early_stopping][INFO] - Pausing model saving until validation loss decreases by 0.0001
[2021-10-27 06:04:00,691][core.trainer][INFO] - Computing metrics for 'val' dataset
[2021-10-27 06:04:05,321][core.metrics.meter][INFO] - Meter:
SequenceAccuracy:	0.921
TokenAccuracy:	0.995
LengthAccuracy:	0.952
1st Token Accuracy:	1.000
2nd Token Accuracy:	1.000
Average Loss:	0.073
[2021-10-27 06:04:05,426][core.early_stopping][INFO] - Early stopping counter: 2 / 5
[2021-10-27 06:04:05,477][core.early_stopping][INFO] - Pausing model saving until validation loss decreases by 0.0001
[2021-10-27 06:04:39,119][core.trainer][INFO] - Computing metrics for 'val' dataset
[2021-10-27 06:04:43,756][core.metrics.meter][INFO] - Meter:
SequenceAccuracy:	0.922
TokenAccuracy:	0.995
LengthAccuracy:	0.952
1st Token Accuracy:	1.000
2nd Token Accuracy:	1.000
Average Loss:	0.074
[2021-10-27 06:04:43,862][core.early_stopping][INFO] - Early stopping counter: 3 / 5
[2021-10-27 06:04:43,912][core.early_stopping][INFO] - Pausing model saving until validation loss decreases by 0.0001
[2021-10-27 06:05:17,129][core.trainer][INFO] - Computing metrics for 'val' dataset
[2021-10-27 06:05:21,791][core.metrics.meter][INFO] - Meter:
SequenceAccuracy:	0.926
TokenAccuracy:	0.995
LengthAccuracy:	0.951
1st Token Accuracy:	1.000
2nd Token Accuracy:	1.000
Average Loss:	0.072
[2021-10-27 06:05:55,251][core.trainer][INFO] - Computing metrics for 'val' dataset
[2021-10-27 06:05:59,969][core.metrics.meter][INFO] - Meter:
SequenceAccuracy:	0.923
TokenAccuracy:	0.995
LengthAccuracy:	0.947
1st Token Accuracy:	1.000
2nd Token Accuracy:	1.000
Average Loss:	0.078
[2021-10-27 06:06:00,107][core.early_stopping][INFO] - Early stopping counter: 1 / 5
[2021-10-27 06:06:00,157][core.early_stopping][INFO] - Pausing model saving until validation loss decreases by 0.0001
[2021-10-27 06:06:33,553][core.trainer][INFO] - Computing metrics for 'val' dataset
[2021-10-27 06:06:38,193][core.metrics.meter][INFO] - Meter:
SequenceAccuracy:	0.930
TokenAccuracy:	0.995
LengthAccuracy:	0.956
1st Token Accuracy:	1.000
2nd Token Accuracy:	1.000
Average Loss:	0.065
[2021-10-27 06:06:38,300][core.early_stopping][INFO] - Early stopping counter: 2 / 5
[2021-10-27 06:06:38,350][core.early_stopping][INFO] - Pausing model saving until validation loss decreases by 0.0001
[2021-10-27 06:07:11,736][core.trainer][INFO] - Computing metrics for 'val' dataset
[2021-10-27 06:07:16,438][core.metrics.meter][INFO] - Meter:
SequenceAccuracy:	0.929
TokenAccuracy:	0.996
LengthAccuracy:	0.951
1st Token Accuracy:	1.000
2nd Token Accuracy:	1.000
Average Loss:	0.070
[2021-10-27 06:07:16,555][core.early_stopping][INFO] - Early stopping counter: 3 / 5
[2021-10-27 06:07:16,605][core.early_stopping][INFO] - Pausing model saving until validation loss decreases by 0.0001
[2021-10-27 06:07:49,862][core.trainer][INFO] - Computing metrics for 'val' dataset
[2021-10-27 06:07:54,520][core.metrics.meter][INFO] - Meter:
SequenceAccuracy:	0.933
TokenAccuracy:	0.996
LengthAccuracy:	0.956
1st Token Accuracy:	1.000
2nd Token Accuracy:	1.000
Average Loss:	0.065
[2021-10-27 06:08:28,321][core.trainer][INFO] - Computing metrics for 'val' dataset
[2021-10-27 06:08:32,974][core.metrics.meter][INFO] - Meter:
SequenceAccuracy:	0.929
TokenAccuracy:	0.996
LengthAccuracy:	0.951
1st Token Accuracy:	1.000
2nd Token Accuracy:	1.000
Average Loss:	0.069
[2021-10-27 06:08:33,080][core.early_stopping][INFO] - Early stopping counter: 1 / 5
[2021-10-27 06:08:33,132][core.early_stopping][INFO] - Pausing model saving until validation loss decreases by 0.0001
[2021-10-27 06:09:06,670][core.trainer][INFO] - Computing metrics for 'val' dataset
[2021-10-27 06:09:11,302][core.metrics.meter][INFO] - Meter:
SequenceAccuracy:	0.935
TokenAccuracy:	0.996
LengthAccuracy:	0.956
1st Token Accuracy:	1.000
2nd Token Accuracy:	1.000
Average Loss:	0.063
[2021-10-27 06:09:45,172][core.trainer][INFO] - Computing metrics for 'val' dataset
[2021-10-27 06:09:49,836][core.metrics.meter][INFO] - Meter:
SequenceAccuracy:	0.932
TokenAccuracy:	0.997
LengthAccuracy:	0.952
1st Token Accuracy:	1.000
2nd Token Accuracy:	1.000
Average Loss:	0.067
[2021-10-27 06:09:49,968][core.early_stopping][INFO] - Early stopping counter: 1 / 5
[2021-10-27 06:09:50,018][core.early_stopping][INFO] - Pausing model saving until validation loss decreases by 0.0001
[2021-10-27 06:10:23,365][core.trainer][INFO] - Computing metrics for 'val' dataset
[2021-10-27 06:10:28,016][core.metrics.meter][INFO] - Meter:
SequenceAccuracy:	0.939
TokenAccuracy:	0.997
LengthAccuracy:	0.958
1st Token Accuracy:	1.000
2nd Token Accuracy:	1.000
Average Loss:	0.058
[2021-10-27 06:10:28,121][core.early_stopping][INFO] - Early stopping counter: 2 / 5
[2021-10-27 06:10:28,171][core.early_stopping][INFO] - Pausing model saving until validation loss decreases by 0.0001
[2021-10-27 06:11:01,673][core.trainer][INFO] - Computing metrics for 'val' dataset
[2021-10-27 06:11:06,310][core.metrics.meter][INFO] - Meter:
SequenceAccuracy:	0.934
TokenAccuracy:	0.996
LengthAccuracy:	0.954
1st Token Accuracy:	1.000
2nd Token Accuracy:	1.000
Average Loss:	0.064
[2021-10-27 06:11:06,421][core.early_stopping][INFO] - Early stopping counter: 3 / 5
[2021-10-27 06:11:06,470][core.early_stopping][INFO] - Pausing model saving until validation loss decreases by 0.0001
[2021-10-27 06:11:39,859][core.trainer][INFO] - Computing metrics for 'val' dataset
[2021-10-27 06:11:44,498][core.metrics.meter][INFO] - Meter:
SequenceAccuracy:	0.936
TokenAccuracy:	0.997
LengthAccuracy:	0.951
1st Token Accuracy:	1.000
2nd Token Accuracy:	1.000
Average Loss:	0.067
[2021-10-27 06:11:44,624][core.early_stopping][INFO] - Early stopping counter: 4 / 5
[2021-10-27 06:11:44,674][core.early_stopping][INFO] - Pausing model saving until validation loss decreases by 0.0001
[2021-10-27 06:12:18,098][core.trainer][INFO] - Computing metrics for 'val' dataset
[2021-10-27 06:12:22,758][core.metrics.meter][INFO] - Meter:
SequenceAccuracy:	0.942
TokenAccuracy:	0.998
LengthAccuracy:	0.956
1st Token Accuracy:	1.000
2nd Token Accuracy:	1.000
Average Loss:	0.061
[2021-10-27 06:12:22,868][core.early_stopping][INFO] - Early stopping counter: 5 / 5
[2021-10-27 06:12:22,919][core.early_stopping][INFO] - Pausing model saving until validation loss decreases by 0.0001
[2021-10-27 06:12:22,919][core.trainer][INFO] - Computing metrics for 'test' dataset
[2021-10-27 06:13:08,123][core.metrics.meter][INFO] - Meter:
SequenceAccuracy:	0.933
TokenAccuracy:	0.996
LengthAccuracy:	0.950
1st Token Accuracy:	1.000
2nd Token Accuracy:	1.000
Average Loss:	0.070
[2021-10-27 06:13:08,123][core.trainer][INFO] - Computing metrics for 'gen' dataset
[2021-10-27 06:13:57,086][core.metrics.meter][INFO] - Meter:
SequenceAccuracy:	0.004
TokenAccuracy:	0.598
LengthAccuracy:	0.946
1st Token Accuracy:	0.026
2nd Token Accuracy:	1.000
Average Loss:	2.083
[2021-10-27 06:13:57,086][core.trainer][INFO] - EPOCH 9 / 50
[2021-10-27 06:13:57,086][core.trainer][INFO] - Computing metrics for 'train' dataset
[2021-10-27 06:14:30,767][core.trainer][INFO] - Computing metrics for 'val' dataset
[2021-10-27 06:14:35,403][core.metrics.meter][INFO] - Meter:
SequenceAccuracy:	0.940
TokenAccuracy:	0.997
LengthAccuracy:	0.954
1st Token Accuracy:	1.000
2nd Token Accuracy:	1.000
Average Loss:	0.060
[2021-10-27 06:14:35,516][core.early_stopping][INFO] - Early stopping counter: 6 / 5
[2021-10-27 06:14:35,566][core.early_stopping][INFO] - Pausing model saving until validation loss decreases by 0.0001
[2021-10-27 06:14:35,567][core.trainer][INFO] - Computing metrics for 'test' dataset
[2021-10-27 06:15:20,623][core.metrics.meter][INFO] - Meter:
SequenceAccuracy:	0.938
TokenAccuracy:	0.997
LengthAccuracy:	0.953
1st Token Accuracy:	1.000
2nd Token Accuracy:	1.000
Average Loss:	0.067
[2021-10-27 06:15:20,624][core.trainer][INFO] - Computing metrics for 'gen' dataset
[2021-10-27 06:16:09,281][core.metrics.meter][INFO] - Meter:
SequenceAccuracy:	0.003
TokenAccuracy:	0.571
LengthAccuracy:	0.906
1st Token Accuracy:	0.029
2nd Token Accuracy:	1.000
Average Loss:	2.269
[2021-10-27 06:16:09,281][core.trainer][INFO] - EPOCH 10 / 50
[2021-10-27 06:16:09,281][core.trainer][INFO] - Computing metrics for 'train' dataset
[2021-10-27 06:16:42,737][core.trainer][INFO] - Computing metrics for 'val' dataset
[2021-10-27 06:16:47,453][core.metrics.meter][INFO] - Meter:
SequenceAccuracy:	0.940
TokenAccuracy:	0.998
LengthAccuracy:	0.953
1st Token Accuracy:	1.000
2nd Token Accuracy:	1.000
Average Loss:	0.062
[2021-10-27 06:16:47,589][core.early_stopping][INFO] - Early stopping counter: 7 / 5
[2021-10-27 06:16:47,639][core.early_stopping][INFO] - Pausing model saving until validation loss decreases by 0.0001
[2021-10-27 06:16:47,639][core.trainer][INFO] - Computing metrics for 'test' dataset
[2021-10-27 06:17:33,305][core.metrics.meter][INFO] - Meter:
SequenceAccuracy:	0.933
TokenAccuracy:	0.996
LengthAccuracy:	0.949
1st Token Accuracy:	1.000
2nd Token Accuracy:	1.000
Average Loss:	0.069
[2021-10-27 06:17:33,306][core.trainer][INFO] - Computing metrics for 'gen' dataset
[2021-10-27 06:18:22,651][core.metrics.meter][INFO] - Meter:
SequenceAccuracy:	0.004
TokenAccuracy:	0.585
LengthAccuracy:	0.914
1st Token Accuracy:	0.027
2nd Token Accuracy:	1.000
Average Loss:	2.194
[2021-10-27 06:18:22,652][core.trainer][INFO] - EPOCH 11 / 50
[2021-10-27 06:18:22,652][core.trainer][INFO] - Computing metrics for 'train' dataset
[2021-10-27 06:18:56,153][core.trainer][INFO] - Computing metrics for 'val' dataset
[2021-10-27 06:19:00,818][core.metrics.meter][INFO] - Meter:
SequenceAccuracy:	0.931
TokenAccuracy:	0.997
LengthAccuracy:	0.946
1st Token Accuracy:	1.000
2nd Token Accuracy:	1.000
Average Loss:	0.070
[2021-10-27 06:19:00,929][core.early_stopping][INFO] - Early stopping counter: 8 / 5
[2021-10-27 06:19:00,980][core.early_stopping][INFO] - Pausing model saving until validation loss decreases by 0.0001
[2021-10-27 06:19:00,980][core.trainer][INFO] - Computing metrics for 'test' dataset
[2021-10-27 06:19:46,173][core.metrics.meter][INFO] - Meter:
SequenceAccuracy:	0.942
TokenAccuracy:	0.997
LengthAccuracy:	0.955
1st Token Accuracy:	1.000
2nd Token Accuracy:	1.000
Average Loss:	0.063
[2021-10-27 06:19:46,173][core.trainer][INFO] - Computing metrics for 'gen' dataset
[2021-10-27 06:20:35,050][core.metrics.meter][INFO] - Meter:
SequenceAccuracy:	0.003
TokenAccuracy:	0.584
LengthAccuracy:	0.928
1st Token Accuracy:	0.023
2nd Token Accuracy:	1.000
Average Loss:	2.191
[2021-10-27 06:20:35,050][core.trainer][INFO] - EPOCH 12 / 50
[2021-10-27 06:20:35,050][core.trainer][INFO] - Computing metrics for 'train' dataset
[2021-10-27 06:21:08,662][core.trainer][INFO] - Computing metrics for 'val' dataset
[2021-10-27 06:21:13,323][core.metrics.meter][INFO] - Meter:
SequenceAccuracy:	0.937
TokenAccuracy:	0.997
LengthAccuracy:	0.952
1st Token Accuracy:	1.000
2nd Token Accuracy:	1.000
Average Loss:	0.064
[2021-10-27 06:21:47,000][core.trainer][INFO] - Computing metrics for 'val' dataset
[2021-10-27 06:21:51,694][core.metrics.meter][INFO] - Meter:
SequenceAccuracy:	0.938
TokenAccuracy:	0.998
LengthAccuracy:	0.950
1st Token Accuracy:	1.000
2nd Token Accuracy:	1.000
Average Loss:	0.067
[2021-10-27 06:21:51,798][core.early_stopping][INFO] - Early stopping counter: 1 / 5
[2021-10-27 06:21:51,848][core.early_stopping][INFO] - Pausing model saving until validation loss decreases by 0.0001
[2021-10-27 06:22:25,245][core.trainer][INFO] - Computing metrics for 'val' dataset
[2021-10-27 06:22:29,897][core.metrics.meter][INFO] - Meter:
SequenceAccuracy:	0.940
TokenAccuracy:	0.998
LengthAccuracy:	0.951
1st Token Accuracy:	1.000
2nd Token Accuracy:	1.000
Average Loss:	0.064
[2021-10-27 06:22:30,013][core.early_stopping][INFO] - Early stopping counter: 2 / 5
[2021-10-27 06:22:30,064][core.early_stopping][INFO] - Pausing model saving until validation loss decreases by 0.0001
[2021-10-27 06:23:03,434][core.trainer][INFO] - Computing metrics for 'val' dataset
[2021-10-27 06:23:08,094][core.metrics.meter][INFO] - Meter:
SequenceAccuracy:	0.937
TokenAccuracy:	0.998
LengthAccuracy:	0.948
1st Token Accuracy:	1.000
2nd Token Accuracy:	1.000
Average Loss:	0.067
[2021-10-27 06:23:08,226][core.early_stopping][INFO] - Early stopping counter: 3 / 5
[2021-10-27 06:23:08,276][core.early_stopping][INFO] - Pausing model saving until validation loss decreases by 0.0001
[2021-10-27 06:23:41,534][core.trainer][INFO] - Computing metrics for 'val' dataset
[2021-10-27 06:23:46,175][core.metrics.meter][INFO] - Meter:
SequenceAccuracy:	0.943
TokenAccuracy:	0.998
LengthAccuracy:	0.953
1st Token Accuracy:	1.000
2nd Token Accuracy:	1.000
Average Loss:	0.062
[2021-10-27 06:23:46,280][core.early_stopping][INFO] - Early stopping counter: 4 / 5
[2021-10-27 06:23:46,330][core.early_stopping][INFO] - Pausing model saving until validation loss decreases by 0.0001
[2021-10-27 06:24:19,907][core.trainer][INFO] - Computing metrics for 'val' dataset
[2021-10-27 06:24:24,621][core.metrics.meter][INFO] - Meter:
SequenceAccuracy:	0.939
TokenAccuracy:	0.998
LengthAccuracy:	0.951
1st Token Accuracy:	1.000
2nd Token Accuracy:	1.000
Average Loss:	0.062
[2021-10-27 06:24:24,731][core.early_stopping][INFO] - Early stopping counter: 5 / 5
[2021-10-27 06:24:24,780][core.early_stopping][INFO] - Pausing model saving until validation loss decreases by 0.0001
[2021-10-27 06:24:24,781][core.trainer][INFO] - Computing metrics for 'test' dataset
[2021-10-27 06:25:10,408][core.metrics.meter][INFO] - Meter:
SequenceAccuracy:	0.942
TokenAccuracy:	0.997
LengthAccuracy:	0.953
1st Token Accuracy:	1.000
2nd Token Accuracy:	1.000
Average Loss:	0.064
[2021-10-27 06:25:10,408][core.trainer][INFO] - Computing metrics for 'gen' dataset
[2021-10-27 06:25:59,758][core.metrics.meter][INFO] - Meter:
SequenceAccuracy:	0.004
TokenAccuracy:	0.584
LengthAccuracy:	0.931
1st Token Accuracy:	0.028
2nd Token Accuracy:	1.000
Average Loss:	2.255
[2021-10-27 06:25:59,758][core.trainer][INFO] - EPOCH 13 / 50
[2021-10-27 06:25:59,758][core.trainer][INFO] - Computing metrics for 'train' dataset
[2021-10-27 06:26:33,296][core.trainer][INFO] - Computing metrics for 'val' dataset
[2021-10-27 06:26:37,953][core.metrics.meter][INFO] - Meter:
SequenceAccuracy:	0.939
TokenAccuracy:	0.998
LengthAccuracy:	0.950
1st Token Accuracy:	1.000
2nd Token Accuracy:	1.000
Average Loss:	0.063
[2021-10-27 06:26:38,086][core.early_stopping][INFO] - Early stopping counter: 6 / 5
[2021-10-27 06:26:38,137][core.early_stopping][INFO] - Pausing model saving until validation loss decreases by 0.0001
[2021-10-27 06:26:38,137][core.trainer][INFO] - Computing metrics for 'test' dataset
[2021-10-27 06:27:23,263][core.metrics.meter][INFO] - Meter:
SequenceAccuracy:	0.942
TokenAccuracy:	0.997
LengthAccuracy:	0.953
1st Token Accuracy:	1.000
2nd Token Accuracy:	1.000
Average Loss:	0.065
[2021-10-27 06:27:23,263][core.trainer][INFO] - Computing metrics for 'gen' dataset
[2021-10-27 06:28:12,037][core.metrics.meter][INFO] - Meter:
SequenceAccuracy:	0.004
TokenAccuracy:	0.587
LengthAccuracy:	0.914
1st Token Accuracy:	0.020
2nd Token Accuracy:	1.000
Average Loss:	2.238
[2021-10-27 06:28:12,037][core.trainer][INFO] - EPOCH 14 / 50
[2021-10-27 06:28:12,037][core.trainer][INFO] - Computing metrics for 'train' dataset
[2021-10-27 06:28:45,659][core.trainer][INFO] - Computing metrics for 'val' dataset
[2021-10-27 06:28:50,291][core.metrics.meter][INFO] - Meter:
SequenceAccuracy:	0.937
TokenAccuracy:	0.998
LengthAccuracy:	0.949
1st Token Accuracy:	1.000
2nd Token Accuracy:	1.000
Average Loss:	0.061
[2021-10-27 06:29:24,404][core.trainer][INFO] - Computing metrics for 'val' dataset
[2021-10-27 06:29:29,112][core.metrics.meter][INFO] - Meter:
SequenceAccuracy:	0.943
TokenAccuracy:	0.998
LengthAccuracy:	0.953
1st Token Accuracy:	1.000
2nd Token Accuracy:	1.000
Average Loss:	0.059
[2021-10-27 06:29:29,230][core.early_stopping][INFO] - Early stopping counter: 1 / 5
[2021-10-27 06:29:29,280][core.early_stopping][INFO] - Pausing model saving until validation loss decreases by 0.0001
[2021-10-27 06:30:02,649][core.trainer][INFO] - Computing metrics for 'val' dataset
[2021-10-27 06:30:07,373][core.metrics.meter][INFO] - Meter:
SequenceAccuracy:	0.939
TokenAccuracy:	0.998
LengthAccuracy:	0.950
1st Token Accuracy:	1.000
2nd Token Accuracy:	1.000
Average Loss:	0.065
[2021-10-27 06:30:07,510][core.early_stopping][INFO] - Early stopping counter: 2 / 5
[2021-10-27 06:30:07,560][core.early_stopping][INFO] - Pausing model saving until validation loss decreases by 0.0001
[2021-10-27 06:30:40,797][core.trainer][INFO] - Computing metrics for 'val' dataset
[2021-10-27 06:30:45,448][core.metrics.meter][INFO] - Meter:
SequenceAccuracy:	0.939
TokenAccuracy:	0.999
LengthAccuracy:	0.948
1st Token Accuracy:	1.000
2nd Token Accuracy:	1.000
Average Loss:	0.067
[2021-10-27 06:30:45,556][core.early_stopping][INFO] - Early stopping counter: 3 / 5
[2021-10-27 06:30:45,606][core.early_stopping][INFO] - Pausing model saving until validation loss decreases by 0.0001
[2021-10-27 06:31:18,963][core.trainer][INFO] - Computing metrics for 'val' dataset
[2021-10-27 06:31:23,612][core.metrics.meter][INFO] - Meter:
SequenceAccuracy:	0.946
TokenAccuracy:	0.998
LengthAccuracy:	0.955
1st Token Accuracy:	1.000
2nd Token Accuracy:	1.000
Average Loss:	0.059
[2021-10-27 06:31:23,729][core.early_stopping][INFO] - Early stopping counter: 4 / 5
[2021-10-27 06:31:23,779][core.early_stopping][INFO] - Pausing model saving until validation loss decreases by 0.0001
[2021-10-27 06:31:57,170][core.trainer][INFO] - Computing metrics for 'val' dataset
[2021-10-27 06:32:01,875][core.metrics.meter][INFO] - Meter:
SequenceAccuracy:	0.945
TokenAccuracy:	0.998
LengthAccuracy:	0.954
1st Token Accuracy:	1.000
2nd Token Accuracy:	1.000
Average Loss:	0.059
[2021-10-27 06:32:35,961][core.trainer][INFO] - Computing metrics for 'val' dataset
[2021-10-27 06:32:40,669][core.metrics.meter][INFO] - Meter:
SequenceAccuracy:	0.942
TokenAccuracy:	0.998
LengthAccuracy:	0.949
1st Token Accuracy:	1.000
2nd Token Accuracy:	1.000
Average Loss:	0.063
[2021-10-27 06:32:40,776][core.early_stopping][INFO] - Early stopping counter: 1 / 5
[2021-10-27 06:32:40,829][core.early_stopping][INFO] - Pausing model saving until validation loss decreases by 0.0001
[2021-10-27 06:33:14,452][core.trainer][INFO] - Computing metrics for 'val' dataset
[2021-10-27 06:33:19,111][core.metrics.meter][INFO] - Meter:
SequenceAccuracy:	0.946
TokenAccuracy:	0.999
LengthAccuracy:	0.952
1st Token Accuracy:	1.000
2nd Token Accuracy:	1.000
Average Loss:	0.058
[2021-10-27 06:33:19,227][core.early_stopping][INFO] - Early stopping counter: 2 / 5
[2021-10-27 06:33:19,277][core.early_stopping][INFO] - Pausing model saving until validation loss decreases by 0.0001
[2021-10-27 06:33:52,797][core.trainer][INFO] - Computing metrics for 'val' dataset
[2021-10-27 06:33:57,512][core.metrics.meter][INFO] - Meter:
SequenceAccuracy:	0.945
TokenAccuracy:	0.998
LengthAccuracy:	0.953
1st Token Accuracy:	1.000
2nd Token Accuracy:	1.000
Average Loss:	0.060
[2021-10-27 06:33:57,640][core.early_stopping][INFO] - Early stopping counter: 3 / 5
[2021-10-27 06:33:57,693][core.early_stopping][INFO] - Pausing model saving until validation loss decreases by 0.0001
[2021-10-27 06:34:31,055][core.trainer][INFO] - Computing metrics for 'val' dataset
[2021-10-27 06:34:35,690][core.metrics.meter][INFO] - Meter:
SequenceAccuracy:	0.944
TokenAccuracy:	0.998
LengthAccuracy:	0.953
1st Token Accuracy:	1.000
2nd Token Accuracy:	1.000
Average Loss:	0.063
[2021-10-27 06:34:35,795][core.early_stopping][INFO] - Early stopping counter: 4 / 5
[2021-10-27 06:34:35,846][core.early_stopping][INFO] - Pausing model saving until validation loss decreases by 0.0001
[2021-10-27 06:35:09,202][core.trainer][INFO] - Computing metrics for 'val' dataset
[2021-10-27 06:35:13,855][core.metrics.meter][INFO] - Meter:
SequenceAccuracy:	0.944
TokenAccuracy:	0.999
LengthAccuracy:	0.952
1st Token Accuracy:	1.000
2nd Token Accuracy:	1.000
Average Loss:	0.059
[2021-10-27 06:35:13,968][core.early_stopping][INFO] - Early stopping counter: 5 / 5
[2021-10-27 06:35:14,018][core.early_stopping][INFO] - Pausing model saving until validation loss decreases by 0.0001
[2021-10-27 06:35:14,018][core.trainer][INFO] - Computing metrics for 'test' dataset
[2021-10-27 06:35:59,187][core.metrics.meter][INFO] - Meter:
SequenceAccuracy:	0.941
TokenAccuracy:	0.998
LengthAccuracy:	0.950
1st Token Accuracy:	1.000
2nd Token Accuracy:	1.000
Average Loss:	0.065
[2021-10-27 06:35:59,187][core.trainer][INFO] - Computing metrics for 'gen' dataset
[2021-10-27 06:36:48,053][core.metrics.meter][INFO] - Meter:
SequenceAccuracy:	0.001
TokenAccuracy:	0.577
LengthAccuracy:	0.907
1st Token Accuracy:	0.020
2nd Token Accuracy:	1.000
Average Loss:	2.373
[2021-10-27 06:36:48,053][core.trainer][INFO] - EPOCH 15 / 50
[2021-10-27 06:36:48,054][core.trainer][INFO] - Computing metrics for 'train' dataset
[2021-10-27 06:37:21,488][core.trainer][INFO] - Computing metrics for 'val' dataset
[2021-10-27 06:37:26,128][core.metrics.meter][INFO] - Meter:
SequenceAccuracy:	0.947
TokenAccuracy:	0.998
LengthAccuracy:	0.955
1st Token Accuracy:	1.000
2nd Token Accuracy:	1.000
Average Loss:	0.055
[2021-10-27 06:37:26,260][core.early_stopping][INFO] - Early stopping counter: 6 / 5
[2021-10-27 06:37:26,310][core.early_stopping][INFO] - Pausing model saving until validation loss decreases by 0.0001
[2021-10-27 06:37:26,310][core.trainer][INFO] - Computing metrics for 'test' dataset
[2021-10-27 06:38:11,439][core.metrics.meter][INFO] - Meter:
SequenceAccuracy:	0.943
TokenAccuracy:	0.998
LengthAccuracy:	0.951
1st Token Accuracy:	1.000
2nd Token Accuracy:	1.000
Average Loss:	0.063
[2021-10-27 06:38:11,440][core.trainer][INFO] - Computing metrics for 'gen' dataset
[2021-10-27 06:39:00,238][core.metrics.meter][INFO] - Meter:
SequenceAccuracy:	0.002
TokenAccuracy:	0.592
LengthAccuracy:	0.932
1st Token Accuracy:	0.017
2nd Token Accuracy:	1.000
Average Loss:	2.275
[2021-10-27 06:39:00,238][core.trainer][INFO] - EPOCH 16 / 50
[2021-10-27 06:39:00,239][core.trainer][INFO] - Computing metrics for 'train' dataset
[2021-10-27 06:39:33,779][core.trainer][INFO] - Computing metrics for 'val' dataset
[2021-10-27 06:39:38,420][core.metrics.meter][INFO] - Meter:
SequenceAccuracy:	0.943
TokenAccuracy:	0.999
LengthAccuracy:	0.949
1st Token Accuracy:	1.000
2nd Token Accuracy:	1.000
Average Loss:	0.064
[2021-10-27 06:39:38,527][core.early_stopping][INFO] - Early stopping counter: 7 / 5
[2021-10-27 06:39:38,577][core.early_stopping][INFO] - Pausing model saving until validation loss decreases by 0.0001
[2021-10-27 06:39:38,577][core.trainer][INFO] - Computing metrics for 'test' dataset
[2021-10-27 06:40:23,621][core.metrics.meter][INFO] - Meter:
SequenceAccuracy:	0.946
TokenAccuracy:	0.998
LengthAccuracy:	0.952
1st Token Accuracy:	1.000
2nd Token Accuracy:	1.000
Average Loss:	0.060
[2021-10-27 06:40:23,621][core.trainer][INFO] - Computing metrics for 'gen' dataset
[2021-10-27 06:41:12,307][core.metrics.meter][INFO] - Meter:
SequenceAccuracy:	0.002
TokenAccuracy:	0.586
LengthAccuracy:	0.925
1st Token Accuracy:	0.020
2nd Token Accuracy:	1.000
Average Loss:	2.325
[2021-10-27 06:41:12,308][core.trainer][INFO] - EPOCH 17 / 50
[2021-10-27 06:41:12,308][core.trainer][INFO] - Computing metrics for 'train' dataset
[2021-10-27 06:41:45,806][core.trainer][INFO] - Computing metrics for 'val' dataset
[2021-10-27 06:41:50,515][core.metrics.meter][INFO] - Meter:
SequenceAccuracy:	0.951
TokenAccuracy:	0.999
LengthAccuracy:	0.957
1st Token Accuracy:	1.000
2nd Token Accuracy:	1.000
Average Loss:	0.053
[2021-10-27 06:42:24,309][core.trainer][INFO] - Computing metrics for 'val' dataset
[2021-10-27 06:42:28,952][core.metrics.meter][INFO] - Meter:
SequenceAccuracy:	0.944
TokenAccuracy:	0.999
LengthAccuracy:	0.952
1st Token Accuracy:	1.000
2nd Token Accuracy:	1.000
Average Loss:	0.058
[2021-10-27 06:42:29,057][core.early_stopping][INFO] - Early stopping counter: 1 / 5
[2021-10-27 06:42:29,107][core.early_stopping][INFO] - Pausing model saving until validation loss decreases by 0.0001
[2021-10-27 06:43:02,625][core.trainer][INFO] - Computing metrics for 'val' dataset
[2021-10-27 06:43:07,281][core.metrics.meter][INFO] - Meter:
SequenceAccuracy:	0.946
TokenAccuracy:	0.999
LengthAccuracy:	0.951
1st Token Accuracy:	1.000
2nd Token Accuracy:	1.000
Average Loss:	0.061
[2021-10-27 06:43:07,395][core.early_stopping][INFO] - Early stopping counter: 2 / 5
[2021-10-27 06:43:07,446][core.early_stopping][INFO] - Pausing model saving until validation loss decreases by 0.0001
[2021-10-27 06:43:40,858][core.trainer][INFO] - Computing metrics for 'val' dataset
[2021-10-27 06:43:45,503][core.metrics.meter][INFO] - Meter:
SequenceAccuracy:	0.944
TokenAccuracy:	0.999
LengthAccuracy:	0.951
1st Token Accuracy:	1.000
2nd Token Accuracy:	1.000
Average Loss:	0.062
[2021-10-27 06:43:45,628][core.early_stopping][INFO] - Early stopping counter: 3 / 5
[2021-10-27 06:43:45,679][core.early_stopping][INFO] - Pausing model saving until validation loss decreases by 0.0001
[2021-10-27 06:44:19,144][core.trainer][INFO] - Computing metrics for 'val' dataset
[2021-10-27 06:44:23,783][core.metrics.meter][INFO] - Meter:
SequenceAccuracy:	0.944
TokenAccuracy:	0.998
LengthAccuracy:	0.952
1st Token Accuracy:	1.000
2nd Token Accuracy:	1.000
Average Loss:	0.059
[2021-10-27 06:44:23,889][core.early_stopping][INFO] - Early stopping counter: 4 / 5
[2021-10-27 06:44:23,939][core.early_stopping][INFO] - Pausing model saving until validation loss decreases by 0.0001
[2021-10-27 06:44:57,356][core.trainer][INFO] - Computing metrics for 'val' dataset
[2021-10-27 06:45:01,994][core.metrics.meter][INFO] - Meter:
SequenceAccuracy:	0.948
TokenAccuracy:	0.999
LengthAccuracy:	0.953
1st Token Accuracy:	1.000
2nd Token Accuracy:	1.000
Average Loss:	0.058
[2021-10-27 06:45:02,101][core.early_stopping][INFO] - Early stopping counter: 5 / 5
[2021-10-27 06:45:02,151][core.early_stopping][INFO] - Pausing model saving until validation loss decreases by 0.0001
[2021-10-27 06:45:02,151][core.trainer][INFO] - Computing metrics for 'test' dataset
[2021-10-27 06:45:47,161][core.metrics.meter][INFO] - Meter:
SequenceAccuracy:	0.948
TokenAccuracy:	0.998
LengthAccuracy:	0.955
1st Token Accuracy:	1.000
2nd Token Accuracy:	1.000
Average Loss:	0.058
[2021-10-27 06:45:47,161][core.trainer][INFO] - Computing metrics for 'gen' dataset
[2021-10-27 06:46:35,806][core.metrics.meter][INFO] - Meter:
SequenceAccuracy:	0.002
TokenAccuracy:	0.590
LengthAccuracy:	0.913
1st Token Accuracy:	0.019
2nd Token Accuracy:	1.000
Average Loss:	2.334
[2021-10-27 06:46:35,806][core.trainer][INFO] - EPOCH 18 / 50
[2021-10-27 06:46:35,806][core.trainer][INFO] - Computing metrics for 'train' dataset
[2021-10-27 06:47:09,328][core.trainer][INFO] - Computing metrics for 'val' dataset
[2021-10-27 06:47:13,977][core.metrics.meter][INFO] - Meter:
SequenceAccuracy:	0.946
TokenAccuracy:	0.999
LengthAccuracy:	0.949
1st Token Accuracy:	1.000
2nd Token Accuracy:	1.000
Average Loss:	0.061
[2021-10-27 06:47:14,106][core.early_stopping][INFO] - Early stopping counter: 6 / 5
[2021-10-27 06:47:14,156][core.early_stopping][INFO] - Pausing model saving until validation loss decreases by 0.0001
[2021-10-27 06:47:14,156][core.trainer][INFO] - Computing metrics for 'test' dataset
[2021-10-27 06:47:59,297][core.metrics.meter][INFO] - Meter:
SequenceAccuracy:	0.943
TokenAccuracy:	0.998
LengthAccuracy:	0.949
1st Token Accuracy:	1.000
2nd Token Accuracy:	1.000
Average Loss:	0.063
[2021-10-27 06:47:59,297][core.trainer][INFO] - Computing metrics for 'gen' dataset
[2021-10-27 06:48:48,108][core.metrics.meter][INFO] - Meter:
SequenceAccuracy:	0.002
TokenAccuracy:	0.591
LengthAccuracy:	0.919
1st Token Accuracy:	0.020
2nd Token Accuracy:	1.000
Average Loss:	2.334
[2021-10-27 06:48:48,108][core.trainer][INFO] - EPOCH 19 / 50
[2021-10-27 06:48:48,108][core.trainer][INFO] - Computing metrics for 'train' dataset
[2021-10-27 06:49:21,645][core.trainer][INFO] - Computing metrics for 'val' dataset
[2021-10-27 06:49:26,303][core.metrics.meter][INFO] - Meter:
SequenceAccuracy:	0.942
TokenAccuracy:	0.998
LengthAccuracy:	0.949
1st Token Accuracy:	1.000
2nd Token Accuracy:	1.000
Average Loss:	0.063
[2021-10-27 06:49:26,411][core.early_stopping][INFO] - Early stopping counter: 7 / 5
[2021-10-27 06:49:26,462][core.early_stopping][INFO] - Pausing model saving until validation loss decreases by 0.0001
[2021-10-27 06:49:26,462][core.trainer][INFO] - Computing metrics for 'test' dataset
[2021-10-27 06:50:11,632][core.metrics.meter][INFO] - Meter:
SequenceAccuracy:	0.942
TokenAccuracy:	0.998
LengthAccuracy:	0.948
1st Token Accuracy:	1.000
2nd Token Accuracy:	1.000
Average Loss:	0.065
[2021-10-27 06:50:11,632][core.trainer][INFO] - Computing metrics for 'gen' dataset
[2021-10-27 06:51:00,483][core.metrics.meter][INFO] - Meter:
SequenceAccuracy:	0.001
TokenAccuracy:	0.591
LengthAccuracy:	0.924
1st Token Accuracy:	0.017
2nd Token Accuracy:	1.000
Average Loss:	2.339
[2021-10-27 06:51:00,483][core.trainer][INFO] - EPOCH 20 / 50
[2021-10-27 06:51:00,483][core.trainer][INFO] - Computing metrics for 'train' dataset
[2021-10-27 06:51:34,096][core.trainer][INFO] - Computing metrics for 'val' dataset
[2021-10-27 06:51:38,734][core.metrics.meter][INFO] - Meter:
SequenceAccuracy:	0.948
TokenAccuracy:	0.999
LengthAccuracy:	0.952
1st Token Accuracy:	1.000
2nd Token Accuracy:	1.000
Average Loss:	0.059
[2021-10-27 06:51:38,858][core.early_stopping][INFO] - Early stopping counter: 8 / 5
[2021-10-27 06:51:38,908][core.early_stopping][INFO] - Pausing model saving until validation loss decreases by 0.0001
[2021-10-27 06:51:38,908][core.trainer][INFO] - Computing metrics for 'test' dataset
[2021-10-27 06:52:23,979][core.metrics.meter][INFO] - Meter:
SequenceAccuracy:	0.943
TokenAccuracy:	0.998
LengthAccuracy:	0.950
1st Token Accuracy:	1.000
2nd Token Accuracy:	1.000
Average Loss:	0.065
[2021-10-27 06:52:23,979][core.trainer][INFO] - Computing metrics for 'gen' dataset
[2021-10-27 06:53:12,657][core.metrics.meter][INFO] - Meter:
SequenceAccuracy:	0.002
TokenAccuracy:	0.585
LengthAccuracy:	0.906
1st Token Accuracy:	0.023
2nd Token Accuracy:	1.000
Average Loss:	2.392
[2021-10-27 06:53:12,657][core.trainer][INFO] - EPOCH 21 / 50
[2021-10-27 06:53:12,657][core.trainer][INFO] - Computing metrics for 'train' dataset
[2021-10-27 06:53:46,164][core.trainer][INFO] - Computing metrics for 'val' dataset
[2021-10-27 06:53:50,814][core.metrics.meter][INFO] - Meter:
SequenceAccuracy:	0.944
TokenAccuracy:	0.999
LengthAccuracy:	0.949
1st Token Accuracy:	1.000
2nd Token Accuracy:	1.000
Average Loss:	0.060
[2021-10-27 06:53:50,924][core.early_stopping][INFO] - Early stopping counter: 9 / 5
[2021-10-27 06:53:50,975][core.early_stopping][INFO] - Pausing model saving until validation loss decreases by 0.0001
[2021-10-27 06:53:50,975][core.trainer][INFO] - Computing metrics for 'test' dataset
[2021-10-27 06:54:36,230][core.metrics.meter][INFO] - Meter:
SequenceAccuracy:	0.946
TokenAccuracy:	0.998
LengthAccuracy:	0.953
1st Token Accuracy:	1.000
2nd Token Accuracy:	1.000
Average Loss:	0.060
[2021-10-27 06:54:36,230][core.trainer][INFO] - Computing metrics for 'gen' dataset
[2021-10-27 06:55:25,247][core.metrics.meter][INFO] - Meter:
SequenceAccuracy:	0.001
TokenAccuracy:	0.593
LengthAccuracy:	0.924
1st Token Accuracy:	0.022
2nd Token Accuracy:	1.000
Average Loss:	2.348
[2021-10-27 06:55:25,247][core.trainer][INFO] - EPOCH 22 / 50
[2021-10-27 06:55:25,247][core.trainer][INFO] - Computing metrics for 'train' dataset
[2021-10-27 06:55:58,718][core.trainer][INFO] - Computing metrics for 'val' dataset
[2021-10-27 06:56:03,379][core.metrics.meter][INFO] - Meter:
SequenceAccuracy:	0.950
TokenAccuracy:	0.999
LengthAccuracy:	0.955
1st Token Accuracy:	1.000
2nd Token Accuracy:	1.000
Average Loss:	0.054
[2021-10-27 06:56:03,501][core.early_stopping][INFO] - Early stopping counter: 10 / 5
[2021-10-27 06:56:03,551][core.early_stopping][INFO] - Pausing model saving until validation loss decreases by 0.0001
[2021-10-27 06:56:03,552][core.trainer][INFO] - Computing metrics for 'test' dataset
[2021-10-27 06:56:48,767][core.metrics.meter][INFO] - Meter:
SequenceAccuracy:	0.942
TokenAccuracy:	0.998
LengthAccuracy:	0.947
1st Token Accuracy:	1.000
2nd Token Accuracy:	1.000
Average Loss:	0.064
[2021-10-27 06:56:48,767][core.trainer][INFO] - Computing metrics for 'gen' dataset
[2021-10-27 06:57:37,628][core.metrics.meter][INFO] - Meter:
SequenceAccuracy:	0.002
TokenAccuracy:	0.585
LengthAccuracy:	0.923
1st Token Accuracy:	0.018
2nd Token Accuracy:	1.000
Average Loss:	2.390
[2021-10-27 06:57:37,628][core.trainer][INFO] - EPOCH 23 / 50
[2021-10-27 06:57:37,628][core.trainer][INFO] - Computing metrics for 'train' dataset
[2021-10-27 06:58:11,111][core.trainer][INFO] - Computing metrics for 'val' dataset
[2021-10-27 06:58:15,751][core.metrics.meter][INFO] - Meter:
SequenceAccuracy:	0.950
TokenAccuracy:	0.999
LengthAccuracy:	0.956
1st Token Accuracy:	1.000
2nd Token Accuracy:	1.000
Average Loss:	0.054
[2021-10-27 06:58:15,856][core.early_stopping][INFO] - Early stopping counter: 11 / 5
[2021-10-27 06:58:15,906][core.early_stopping][INFO] - Pausing model saving until validation loss decreases by 0.0001
[2021-10-27 06:58:15,906][core.trainer][INFO] - Computing metrics for 'test' dataset
[2021-10-27 06:59:00,914][core.metrics.meter][INFO] - Meter:
SequenceAccuracy:	0.943
TokenAccuracy:	0.999
LengthAccuracy:	0.948
1st Token Accuracy:	1.000
2nd Token Accuracy:	1.000
Average Loss:	0.062
[2021-10-27 06:59:00,914][core.trainer][INFO] - Computing metrics for 'gen' dataset
[2021-10-27 06:59:49,615][core.metrics.meter][INFO] - Meter:
SequenceAccuracy:	0.003
TokenAccuracy:	0.600
LengthAccuracy:	0.938
1st Token Accuracy:	0.018
2nd Token Accuracy:	1.000
Average Loss:	2.297
[2021-10-27 06:59:49,615][core.trainer][INFO] - EPOCH 24 / 50
[2021-10-27 06:59:49,616][core.trainer][INFO] - Computing metrics for 'train' dataset
[2021-10-27 07:00:23,076][core.trainer][INFO] - Computing metrics for 'val' dataset
[2021-10-27 07:00:27,734][core.metrics.meter][INFO] - Meter:
SequenceAccuracy:	0.947
TokenAccuracy:	0.999
LengthAccuracy:	0.953
1st Token Accuracy:	1.000
2nd Token Accuracy:	1.000
Average Loss:	0.055
[2021-10-27 07:00:27,855][core.early_stopping][INFO] - Early stopping counter: 12 / 5
[2021-10-27 07:00:27,905][core.early_stopping][INFO] - Pausing model saving until validation loss decreases by 0.0001
[2021-10-27 07:00:27,905][core.trainer][INFO] - Computing metrics for 'test' dataset
[2021-10-27 07:01:13,092][core.metrics.meter][INFO] - Meter:
SequenceAccuracy:	0.942
TokenAccuracy:	0.999
LengthAccuracy:	0.946
1st Token Accuracy:	1.000
2nd Token Accuracy:	1.000
Average Loss:	0.066
[2021-10-27 07:01:13,092][core.trainer][INFO] - Computing metrics for 'gen' dataset
[2021-10-27 07:02:01,956][core.metrics.meter][INFO] - Meter:
SequenceAccuracy:	0.001
TokenAccuracy:	0.595
LengthAccuracy:	0.930
1st Token Accuracy:	0.018
2nd Token Accuracy:	1.000
Average Loss:	2.329
[2021-10-27 07:02:01,956][core.trainer][INFO] - EPOCH 25 / 50
[2021-10-27 07:02:01,956][core.trainer][INFO] - Computing metrics for 'train' dataset
[2021-10-27 07:02:35,355][core.trainer][INFO] - Computing metrics for 'val' dataset
[2021-10-27 07:02:39,996][core.metrics.meter][INFO] - Meter:
SequenceAccuracy:	0.947
TokenAccuracy:	0.999
LengthAccuracy:	0.951
1st Token Accuracy:	1.000
2nd Token Accuracy:	1.000
Average Loss:	0.058
[2021-10-27 07:02:40,112][core.early_stopping][INFO] - Early stopping counter: 13 / 5
[2021-10-27 07:02:40,162][core.early_stopping][INFO] - Pausing model saving until validation loss decreases by 0.0001
[2021-10-27 07:02:40,162][core.trainer][INFO] - Computing metrics for 'test' dataset
[2021-10-27 07:03:25,196][core.metrics.meter][INFO] - Meter:
SequenceAccuracy:	0.948
TokenAccuracy:	0.999
LengthAccuracy:	0.953
1st Token Accuracy:	1.000
2nd Token Accuracy:	1.000
Average Loss:	0.059
[2021-10-27 07:03:25,196][core.trainer][INFO] - Computing metrics for 'gen' dataset
[2021-10-27 07:04:13,979][core.metrics.meter][INFO] - Meter:
SequenceAccuracy:	0.002
TokenAccuracy:	0.585
LengthAccuracy:	0.922
1st Token Accuracy:	0.019
2nd Token Accuracy:	1.000
Average Loss:	2.405
[2021-10-27 07:04:13,979][core.trainer][INFO] - EPOCH 26 / 50
[2021-10-27 07:04:13,980][core.trainer][INFO] - Computing metrics for 'train' dataset
[2021-10-27 07:04:47,616][core.trainer][INFO] - Computing metrics for 'val' dataset
[2021-10-27 07:04:52,310][core.metrics.meter][INFO] - Meter:
SequenceAccuracy:	0.947
TokenAccuracy:	0.999
LengthAccuracy:	0.951
1st Token Accuracy:	1.000
2nd Token Accuracy:	1.000
Average Loss:	0.059
[2021-10-27 07:04:52,423][core.early_stopping][INFO] - Early stopping counter: 14 / 5
[2021-10-27 07:04:52,473][core.early_stopping][INFO] - Pausing model saving until validation loss decreases by 0.0001
[2021-10-27 07:04:52,473][core.trainer][INFO] - Computing metrics for 'test' dataset
[2021-10-27 07:05:38,073][core.metrics.meter][INFO] - Meter:
SequenceAccuracy:	0.944
TokenAccuracy:	0.999
LengthAccuracy:	0.949
1st Token Accuracy:	1.000
2nd Token Accuracy:	1.000
Average Loss:	0.064
[2021-10-27 07:05:38,073][core.trainer][INFO] - Computing metrics for 'gen' dataset
[2021-10-27 07:06:27,388][core.metrics.meter][INFO] - Meter:
SequenceAccuracy:	0.001
TokenAccuracy:	0.594
LengthAccuracy:	0.936
1st Token Accuracy:	0.016
2nd Token Accuracy:	1.000
Average Loss:	2.345
[2021-10-27 07:06:27,389][core.trainer][INFO] - EPOCH 27 / 50
[2021-10-27 07:06:27,389][core.trainer][INFO] - Computing metrics for 'train' dataset
[2021-10-27 07:07:01,081][core.trainer][INFO] - Computing metrics for 'val' dataset
[2021-10-27 07:07:05,715][core.metrics.meter][INFO] - Meter:
SequenceAccuracy:	0.950
TokenAccuracy:	0.999
LengthAccuracy:	0.956
1st Token Accuracy:	1.000
2nd Token Accuracy:	1.000
Average Loss:	0.055
[2021-10-27 07:07:05,853][core.early_stopping][INFO] - Early stopping counter: 15 / 5
[2021-10-27 07:07:05,902][core.early_stopping][INFO] - Pausing model saving until validation loss decreases by 0.0001
[2021-10-27 07:07:05,903][core.trainer][INFO] - Computing metrics for 'test' dataset
[2021-10-27 07:07:50,924][core.metrics.meter][INFO] - Meter:
SequenceAccuracy:	0.945
TokenAccuracy:	0.999
LengthAccuracy:	0.950
1st Token Accuracy:	1.000
2nd Token Accuracy:	1.000
Average Loss:	0.061
[2021-10-27 07:07:50,924][core.trainer][INFO] - Computing metrics for 'gen' dataset
[2021-10-27 07:08:39,684][core.metrics.meter][INFO] - Meter:
SequenceAccuracy:	0.002
TokenAccuracy:	0.589
LengthAccuracy:	0.929
1st Token Accuracy:	0.016
2nd Token Accuracy:	1.000
Average Loss:	2.382
[2021-10-27 07:08:39,684][core.trainer][INFO] - EPOCH 28 / 50
[2021-10-27 07:08:39,684][core.trainer][INFO] - Computing metrics for 'train' dataset
[2021-10-27 07:09:13,229][core.trainer][INFO] - Computing metrics for 'val' dataset
[2021-10-27 07:09:17,857][core.metrics.meter][INFO] - Meter:
SequenceAccuracy:	0.945
TokenAccuracy:	0.999
LengthAccuracy:	0.950
1st Token Accuracy:	1.000
2nd Token Accuracy:	1.000
Average Loss:	0.060
[2021-10-27 07:09:18,004][core.early_stopping][INFO] - Early stopping counter: 16 / 5
[2021-10-27 07:09:18,004][core.early_stopping][INFO] - Pausing model saving until validation loss decreases by 0.0001
[2021-10-27 07:09:18,005][core.trainer][INFO] - Computing metrics for 'test' dataset
[2021-10-27 07:10:02,970][core.metrics.meter][INFO] - Meter:
SequenceAccuracy:	0.948
TokenAccuracy:	0.999
LengthAccuracy:	0.953
1st Token Accuracy:	1.000
2nd Token Accuracy:	1.000
Average Loss:	0.057
[2021-10-27 07:10:02,970][core.trainer][INFO] - Computing metrics for 'gen' dataset
[2021-10-27 07:10:51,536][core.metrics.meter][INFO] - Meter:
SequenceAccuracy:	0.002
TokenAccuracy:	0.581
LengthAccuracy:	0.909
1st Token Accuracy:	0.021
2nd Token Accuracy:	1.000
Average Loss:	2.473
[2021-10-27 07:10:51,536][core.trainer][INFO] - EPOCH 29 / 50
[2021-10-27 07:10:51,536][core.trainer][INFO] - Computing metrics for 'train' dataset
[2021-10-27 07:11:24,960][core.trainer][INFO] - Computing metrics for 'val' dataset
[2021-10-27 07:11:29,620][core.metrics.meter][INFO] - Meter:
SequenceAccuracy:	0.948
TokenAccuracy:	0.999
LengthAccuracy:	0.953
1st Token Accuracy:	1.000
2nd Token Accuracy:	1.000
Average Loss:	0.058
[2021-10-27 07:11:29,756][core.early_stopping][INFO] - Early stopping counter: 17 / 5
[2021-10-27 07:11:29,806][core.early_stopping][INFO] - Pausing model saving until validation loss decreases by 0.0001
[2021-10-27 07:11:29,806][core.trainer][INFO] - Computing metrics for 'test' dataset
[2021-10-27 07:12:14,878][core.metrics.meter][INFO] - Meter:
SequenceAccuracy:	0.947
TokenAccuracy:	0.999
LengthAccuracy:	0.951
1st Token Accuracy:	1.000
2nd Token Accuracy:	1.000
Average Loss:	0.059
[2021-10-27 07:12:14,878][core.trainer][INFO] - Computing metrics for 'gen' dataset
[2021-10-27 07:13:03,641][core.metrics.meter][INFO] - Meter:
SequenceAccuracy:	0.001
TokenAccuracy:	0.591
LengthAccuracy:	0.932
1st Token Accuracy:	0.017
2nd Token Accuracy:	1.000
Average Loss:	2.360
[2021-10-27 07:13:03,641][core.trainer][INFO] - EPOCH 30 / 50
[2021-10-27 07:13:03,642][core.trainer][INFO] - Computing metrics for 'train' dataset
[2021-10-27 07:13:37,220][core.trainer][INFO] - Computing metrics for 'val' dataset
[2021-10-27 07:13:41,924][core.metrics.meter][INFO] - Meter:
SequenceAccuracy:	0.946
TokenAccuracy:	0.999
LengthAccuracy:	0.950
1st Token Accuracy:	1.000
2nd Token Accuracy:	1.000
Average Loss:	0.059
[2021-10-27 07:13:42,030][core.early_stopping][INFO] - Early stopping counter: 18 / 5
[2021-10-27 07:13:42,079][core.early_stopping][INFO] - Pausing model saving until validation loss decreases by 0.0001
[2021-10-27 07:13:42,079][core.trainer][INFO] - Computing metrics for 'test' dataset
[2021-10-27 07:14:27,629][core.metrics.meter][INFO] - Meter:
SequenceAccuracy:	0.948
TokenAccuracy:	0.999
LengthAccuracy:	0.952
1st Token Accuracy:	1.000
2nd Token Accuracy:	1.000
Average Loss:	0.058
[2021-10-27 07:14:27,629][core.trainer][INFO] - Computing metrics for 'gen' dataset
[2021-10-27 07:15:16,976][core.metrics.meter][INFO] - Meter:
SequenceAccuracy:	0.001
TokenAccuracy:	0.592
LengthAccuracy:	0.933
1st Token Accuracy:	0.018
2nd Token Accuracy:	1.000
Average Loss:	2.374
[2021-10-27 07:15:16,976][core.trainer][INFO] - EPOCH 31 / 50
[2021-10-27 07:15:16,977][core.trainer][INFO] - Computing metrics for 'train' dataset
[2021-10-27 07:15:50,398][core.trainer][INFO] - Computing metrics for 'val' dataset
[2021-10-27 07:15:55,056][core.metrics.meter][INFO] - Meter:
SequenceAccuracy:	0.948
TokenAccuracy:	0.999
LengthAccuracy:	0.952
1st Token Accuracy:	1.000
2nd Token Accuracy:	1.000
Average Loss:	0.057
[2021-10-27 07:15:55,188][core.early_stopping][INFO] - Early stopping counter: 19 / 5
[2021-10-27 07:15:55,238][core.early_stopping][INFO] - Pausing model saving until validation loss decreases by 0.0001
[2021-10-27 07:15:55,238][core.trainer][INFO] - Computing metrics for 'test' dataset
[2021-10-27 07:16:40,387][core.metrics.meter][INFO] - Meter:
SequenceAccuracy:	0.947
TokenAccuracy:	0.999
LengthAccuracy:	0.951
1st Token Accuracy:	1.000
2nd Token Accuracy:	1.000
Average Loss:	0.059
[2021-10-27 07:16:40,388][core.trainer][INFO] - Computing metrics for 'gen' dataset
[2021-10-27 07:17:29,284][core.metrics.meter][INFO] - Meter:
SequenceAccuracy:	0.002
TokenAccuracy:	0.601
LengthAccuracy:	0.942
1st Token Accuracy:	0.016
2nd Token Accuracy:	1.000
Average Loss:	2.316
[2021-10-27 07:17:29,284][core.trainer][INFO] - EPOCH 32 / 50
[2021-10-27 07:17:29,285][core.trainer][INFO] - Computing metrics for 'train' dataset
[2021-10-27 07:18:02,704][core.trainer][INFO] - Computing metrics for 'val' dataset
[2021-10-27 07:18:07,361][core.metrics.meter][INFO] - Meter:
SequenceAccuracy:	0.948
TokenAccuracy:	0.999
LengthAccuracy:	0.953
1st Token Accuracy:	1.000
2nd Token Accuracy:	1.000
Average Loss:	0.058
[2021-10-27 07:18:07,470][core.early_stopping][INFO] - Early stopping counter: 20 / 5
[2021-10-27 07:18:07,521][core.early_stopping][INFO] - Pausing model saving until validation loss decreases by 0.0001
[2021-10-27 07:18:07,521][core.trainer][INFO] - Computing metrics for 'test' dataset
[2021-10-27 07:18:52,608][core.metrics.meter][INFO] - Meter:
SequenceAccuracy:	0.947
TokenAccuracy:	0.999
LengthAccuracy:	0.952
1st Token Accuracy:	1.000
2nd Token Accuracy:	1.000
Average Loss:	0.059
[2021-10-27 07:18:52,608][core.trainer][INFO] - Computing metrics for 'gen' dataset
[2021-10-27 07:19:41,397][core.metrics.meter][INFO] - Meter:
SequenceAccuracy:	0.001
TokenAccuracy:	0.593
LengthAccuracy:	0.936
1st Token Accuracy:	0.017
2nd Token Accuracy:	1.000
Average Loss:	2.377
[2021-10-27 07:19:41,397][core.trainer][INFO] - EPOCH 33 / 50
[2021-10-27 07:19:41,398][core.trainer][INFO] - Computing metrics for 'train' dataset
[2021-10-27 07:20:14,959][core.trainer][INFO] - Computing metrics for 'val' dataset
[2021-10-27 07:20:19,607][core.metrics.meter][INFO] - Meter:
SequenceAccuracy:	0.948
TokenAccuracy:	0.999
LengthAccuracy:	0.953
1st Token Accuracy:	1.000
2nd Token Accuracy:	1.000
Average Loss:	0.057
[2021-10-27 07:20:19,736][core.early_stopping][INFO] - Early stopping counter: 21 / 5
[2021-10-27 07:20:19,786][core.early_stopping][INFO] - Pausing model saving until validation loss decreases by 0.0001
[2021-10-27 07:20:19,786][core.trainer][INFO] - Computing metrics for 'test' dataset
[2021-10-27 07:21:04,949][core.metrics.meter][INFO] - Meter:
SequenceAccuracy:	0.946
TokenAccuracy:	0.999
LengthAccuracy:	0.950
1st Token Accuracy:	1.000
2nd Token Accuracy:	1.000
Average Loss:	0.059
[2021-10-27 07:21:04,949][core.trainer][INFO] - Computing metrics for 'gen' dataset
[2021-10-27 07:21:53,761][core.metrics.meter][INFO] - Meter:
SequenceAccuracy:	0.001
TokenAccuracy:	0.595
LengthAccuracy:	0.930
1st Token Accuracy:	0.016
2nd Token Accuracy:	1.000
Average Loss:	2.366
[2021-10-27 07:21:53,761][core.trainer][INFO] - EPOCH 34 / 50
[2021-10-27 07:21:53,761][core.trainer][INFO] - Computing metrics for 'train' dataset
[2021-10-27 07:22:27,097][core.trainer][INFO] - Computing metrics for 'val' dataset
[2021-10-27 07:22:31,794][core.metrics.meter][INFO] - Meter:
SequenceAccuracy:	0.947
TokenAccuracy:	0.999
LengthAccuracy:	0.952
1st Token Accuracy:	1.000
2nd Token Accuracy:	1.000
Average Loss:	0.059
[2021-10-27 07:22:31,898][core.early_stopping][INFO] - Early stopping counter: 22 / 5
[2021-10-27 07:22:31,948][core.early_stopping][INFO] - Pausing model saving until validation loss decreases by 0.0001
[2021-10-27 07:22:31,949][core.trainer][INFO] - Computing metrics for 'test' dataset
[2021-10-27 07:23:17,606][core.metrics.meter][INFO] - Meter:
SequenceAccuracy:	0.950
TokenAccuracy:	0.999
LengthAccuracy:	0.955
1st Token Accuracy:	1.000
2nd Token Accuracy:	1.000
Average Loss:	0.056
[2021-10-27 07:23:17,606][core.trainer][INFO] - Computing metrics for 'gen' dataset
[2021-10-27 07:24:06,996][core.metrics.meter][INFO] - Meter:
SequenceAccuracy:	0.002
TokenAccuracy:	0.593
LengthAccuracy:	0.928
1st Token Accuracy:	0.017
2nd Token Accuracy:	1.000
Average Loss:	2.394
[2021-10-27 07:24:06,996][core.trainer][INFO] - EPOCH 35 / 50
[2021-10-27 07:24:06,996][core.trainer][INFO] - Computing metrics for 'train' dataset
[2021-10-27 07:24:40,753][core.trainer][INFO] - Computing metrics for 'val' dataset
[2021-10-27 07:24:45,417][core.metrics.meter][INFO] - Meter:
SequenceAccuracy:	0.950
TokenAccuracy:	0.999
LengthAccuracy:	0.955
1st Token Accuracy:	1.000
2nd Token Accuracy:	1.000
Average Loss:	0.054
[2021-10-27 07:24:45,539][core.early_stopping][INFO] - Early stopping counter: 23 / 5
[2021-10-27 07:24:45,589][core.early_stopping][INFO] - Pausing model saving until validation loss decreases by 0.0001
[2021-10-27 07:24:45,589][core.trainer][INFO] - Computing metrics for 'test' dataset
[2021-10-27 07:25:30,758][core.metrics.meter][INFO] - Meter:
SequenceAccuracy:	0.947
TokenAccuracy:	0.999
LengthAccuracy:	0.950
1st Token Accuracy:	1.000
2nd Token Accuracy:	1.000
Average Loss:	0.061
[2021-10-27 07:25:30,759][core.trainer][INFO] - Computing metrics for 'gen' dataset
[2021-10-27 07:26:19,542][core.metrics.meter][INFO] - Meter:
SequenceAccuracy:	0.002
TokenAccuracy:	0.586
LengthAccuracy:	0.916
1st Token Accuracy:	0.018
2nd Token Accuracy:	1.000
Average Loss:	2.448
[2021-10-27 07:26:19,542][core.trainer][INFO] - EPOCH 36 / 50
[2021-10-27 07:26:19,542][core.trainer][INFO] - Computing metrics for 'train' dataset
[2021-10-27 07:26:53,016][core.trainer][INFO] - Computing metrics for 'val' dataset
[2021-10-27 07:26:57,677][core.metrics.meter][INFO] - Meter:
SequenceAccuracy:	0.944
TokenAccuracy:	0.999
LengthAccuracy:	0.948
1st Token Accuracy:	1.000
2nd Token Accuracy:	1.000
Average Loss:	0.063
[2021-10-27 07:26:57,833][core.early_stopping][INFO] - Early stopping counter: 24 / 5
[2021-10-27 07:26:57,833][core.early_stopping][INFO] - Pausing model saving until validation loss decreases by 0.0001
[2021-10-27 07:26:57,834][core.trainer][INFO] - Computing metrics for 'test' dataset
[2021-10-27 07:27:42,992][core.metrics.meter][INFO] - Meter:
SequenceAccuracy:	0.946
TokenAccuracy:	0.998
LengthAccuracy:	0.952
1st Token Accuracy:	1.000
2nd Token Accuracy:	1.000
Average Loss:	0.059
[2021-10-27 07:27:42,992][core.trainer][INFO] - Computing metrics for 'gen' dataset
[2021-10-27 07:28:31,829][core.metrics.meter][INFO] - Meter:
SequenceAccuracy:	0.002
TokenAccuracy:	0.599
LengthAccuracy:	0.930
1st Token Accuracy:	0.015
2nd Token Accuracy:	1.000
Average Loss:	2.362
[2021-10-27 07:28:31,829][core.trainer][INFO] - EPOCH 37 / 50
[2021-10-27 07:28:31,829][core.trainer][INFO] - Computing metrics for 'train' dataset
[2021-10-27 07:29:05,199][core.trainer][INFO] - Computing metrics for 'val' dataset
[2021-10-27 07:29:09,852][core.metrics.meter][INFO] - Meter:
SequenceAccuracy:	0.949
TokenAccuracy:	0.999
LengthAccuracy:	0.953
1st Token Accuracy:	1.000
2nd Token Accuracy:	1.000
Average Loss:	0.056
[2021-10-27 07:29:10,020][core.early_stopping][INFO] - Early stopping counter: 25 / 5
[2021-10-27 07:29:10,020][core.early_stopping][INFO] - Pausing model saving until validation loss decreases by 0.0001
[2021-10-27 07:29:10,021][core.trainer][INFO] - Computing metrics for 'test' dataset
[2021-10-27 07:29:55,249][core.metrics.meter][INFO] - Meter:
SequenceAccuracy:	0.949
TokenAccuracy:	0.999
LengthAccuracy:	0.952
1st Token Accuracy:	1.000
2nd Token Accuracy:	1.000
Average Loss:	0.056
[2021-10-27 07:29:55,249][core.trainer][INFO] - Computing metrics for 'gen' dataset
[2021-10-27 07:30:44,137][core.metrics.meter][INFO] - Meter:
SequenceAccuracy:	0.002
TokenAccuracy:	0.588
LengthAccuracy:	0.929
1st Token Accuracy:	0.019
2nd Token Accuracy:	1.000
Average Loss:	2.431
[2021-10-27 07:30:44,137][core.trainer][INFO] - EPOCH 38 / 50
[2021-10-27 07:30:44,137][core.trainer][INFO] - Computing metrics for 'train' dataset
[2021-10-27 07:31:17,729][core.trainer][INFO] - Computing metrics for 'val' dataset
[2021-10-27 07:31:22,382][core.metrics.meter][INFO] - Meter:
SequenceAccuracy:	0.952
TokenAccuracy:	0.999
LengthAccuracy:	0.957
1st Token Accuracy:	1.000
2nd Token Accuracy:	1.000
Average Loss:	0.054
[2021-10-27 07:31:22,543][core.early_stopping][INFO] - Early stopping counter: 26 / 5
[2021-10-27 07:31:22,543][core.early_stopping][INFO] - Pausing model saving until validation loss decreases by 0.0001
[2021-10-27 07:31:22,543][core.trainer][INFO] - Computing metrics for 'test' dataset
[2021-10-27 07:32:07,511][core.metrics.meter][INFO] - Meter:
SequenceAccuracy:	0.948
TokenAccuracy:	0.999
LengthAccuracy:	0.953
1st Token Accuracy:	1.000
2nd Token Accuracy:	1.000
Average Loss:	0.059
[2021-10-27 07:32:07,511][core.trainer][INFO] - Computing metrics for 'gen' dataset
[2021-10-27 07:32:56,116][core.metrics.meter][INFO] - Meter:
SequenceAccuracy:	0.001
TokenAccuracy:	0.590
LengthAccuracy:	0.919
1st Token Accuracy:	0.018
2nd Token Accuracy:	1.000
Average Loss:	2.431
[2021-10-27 07:32:56,116][core.trainer][INFO] - EPOCH 39 / 50
[2021-10-27 07:32:56,116][core.trainer][INFO] - Computing metrics for 'train' dataset
[2021-10-27 07:33:29,735][core.trainer][INFO] - Computing metrics for 'val' dataset
[2021-10-27 07:33:34,391][core.metrics.meter][INFO] - Meter:
SequenceAccuracy:	0.950
TokenAccuracy:	0.999
LengthAccuracy:	0.953
1st Token Accuracy:	1.000
2nd Token Accuracy:	1.000
Average Loss:	0.058
[2021-10-27 07:33:34,504][core.early_stopping][INFO] - Early stopping counter: 27 / 5
[2021-10-27 07:33:34,554][core.early_stopping][INFO] - Pausing model saving until validation loss decreases by 0.0001
[2021-10-27 07:33:34,554][core.trainer][INFO] - Computing metrics for 'test' dataset
[2021-10-27 07:34:19,530][core.metrics.meter][INFO] - Meter:
SequenceAccuracy:	0.949
TokenAccuracy:	0.999
LengthAccuracy:	0.953
1st Token Accuracy:	1.000
2nd Token Accuracy:	1.000
Average Loss:	0.059
[2021-10-27 07:34:19,530][core.trainer][INFO] - Computing metrics for 'gen' dataset
[2021-10-27 07:35:08,253][core.metrics.meter][INFO] - Meter:
SequenceAccuracy:	0.001
TokenAccuracy:	0.593
LengthAccuracy:	0.923
1st Token Accuracy:	0.018
2nd Token Accuracy:	1.000
Average Loss:	2.406
[2021-10-27 07:35:08,253][core.trainer][INFO] - EPOCH 40 / 50
[2021-10-27 07:35:08,253][core.trainer][INFO] - Computing metrics for 'train' dataset
[2021-10-27 07:35:41,778][core.trainer][INFO] - Computing metrics for 'val' dataset
[2021-10-27 07:35:46,419][core.metrics.meter][INFO] - Meter:
SequenceAccuracy:	0.950
TokenAccuracy:	0.999
LengthAccuracy:	0.954
1st Token Accuracy:	1.000
2nd Token Accuracy:	1.000
Average Loss:	0.055
[2021-10-27 07:35:46,556][core.early_stopping][INFO] - Early stopping counter: 28 / 5
[2021-10-27 07:35:46,606][core.early_stopping][INFO] - Pausing model saving until validation loss decreases by 0.0001
[2021-10-27 07:35:46,606][core.trainer][INFO] - Computing metrics for 'test' dataset
[2021-10-27 07:36:31,625][core.metrics.meter][INFO] - Meter:
SequenceAccuracy:	0.952
TokenAccuracy:	0.999
LengthAccuracy:	0.956
1st Token Accuracy:	1.000
2nd Token Accuracy:	1.000
Average Loss:	0.053
[2021-10-27 07:36:31,625][core.trainer][INFO] - Computing metrics for 'gen' dataset
[2021-10-27 07:37:20,344][core.metrics.meter][INFO] - Meter:
SequenceAccuracy:	0.001
TokenAccuracy:	0.591
LengthAccuracy:	0.932
1st Token Accuracy:	0.015
2nd Token Accuracy:	1.000
Average Loss:	2.414
[2021-10-27 07:37:20,344][core.trainer][INFO] - EPOCH 41 / 50
[2021-10-27 07:37:20,344][core.trainer][INFO] - Computing metrics for 'train' dataset
[2021-10-27 07:37:53,950][core.trainer][INFO] - Computing metrics for 'val' dataset
[2021-10-27 07:37:58,600][core.metrics.meter][INFO] - Meter:
SequenceAccuracy:	0.946
TokenAccuracy:	0.999
LengthAccuracy:	0.949
1st Token Accuracy:	1.000
2nd Token Accuracy:	1.000
Average Loss:	0.064
[2021-10-27 07:37:58,710][core.early_stopping][INFO] - Early stopping counter: 29 / 5
[2021-10-27 07:37:58,760][core.early_stopping][INFO] - Pausing model saving until validation loss decreases by 0.0001
[2021-10-27 07:37:58,760][core.trainer][INFO] - Computing metrics for 'test' dataset
[2021-10-27 07:38:43,881][core.metrics.meter][INFO] - Meter:
SequenceAccuracy:	0.948
TokenAccuracy:	0.999
LengthAccuracy:	0.952
1st Token Accuracy:	1.000
2nd Token Accuracy:	1.000
Average Loss:	0.058
[2021-10-27 07:38:43,881][core.trainer][INFO] - Computing metrics for 'gen' dataset
[2021-10-27 07:39:32,733][core.metrics.meter][INFO] - Meter:
SequenceAccuracy:	0.001
TokenAccuracy:	0.594
LengthAccuracy:	0.932
1st Token Accuracy:	0.015
2nd Token Accuracy:	1.000
Average Loss:	2.416
[2021-10-27 07:39:32,734][core.trainer][INFO] - EPOCH 42 / 50
[2021-10-27 07:39:32,734][core.trainer][INFO] - Computing metrics for 'train' dataset
[2021-10-27 07:40:06,179][core.trainer][INFO] - Computing metrics for 'val' dataset
[2021-10-27 07:40:10,835][core.metrics.meter][INFO] - Meter:
SequenceAccuracy:	0.951
TokenAccuracy:	0.999
LengthAccuracy:	0.953
1st Token Accuracy:	1.000
2nd Token Accuracy:	1.000
Average Loss:	0.055
[2021-10-27 07:40:10,969][core.early_stopping][INFO] - Early stopping counter: 30 / 5
[2021-10-27 07:40:11,020][core.early_stopping][INFO] - Pausing model saving until validation loss decreases by 0.0001
[2021-10-27 07:40:11,020][core.trainer][INFO] - Computing metrics for 'test' dataset
[2021-10-27 07:40:56,166][core.metrics.meter][INFO] - Meter:
SequenceAccuracy:	0.948
TokenAccuracy:	0.999
LengthAccuracy:	0.952
1st Token Accuracy:	1.000
2nd Token Accuracy:	1.000
Average Loss:	0.059
[2021-10-27 07:40:56,167][core.trainer][INFO] - Computing metrics for 'gen' dataset
[2021-10-27 07:41:44,979][core.metrics.meter][INFO] - Meter:
SequenceAccuracy:	0.001
TokenAccuracy:	0.597
LengthAccuracy:	0.928
1st Token Accuracy:	0.017
2nd Token Accuracy:	1.000
Average Loss:	2.396
[2021-10-27 07:41:44,979][core.trainer][INFO] - EPOCH 43 / 50
[2021-10-27 07:41:44,979][core.trainer][INFO] - Computing metrics for 'train' dataset
[2021-10-27 07:42:18,489][core.trainer][INFO] - Computing metrics for 'val' dataset
[2021-10-27 07:42:23,149][core.metrics.meter][INFO] - Meter:
SequenceAccuracy:	0.948
TokenAccuracy:	0.999
LengthAccuracy:	0.952
1st Token Accuracy:	1.000
2nd Token Accuracy:	1.000
Average Loss:	0.059
[2021-10-27 07:42:23,306][core.early_stopping][INFO] - Early stopping counter: 31 / 5
[2021-10-27 07:42:23,306][core.early_stopping][INFO] - Pausing model saving until validation loss decreases by 0.0001
[2021-10-27 07:42:23,307][core.trainer][INFO] - Computing metrics for 'test' dataset
[2021-10-27 07:43:08,425][core.metrics.meter][INFO] - Meter:
SequenceAccuracy:	0.947
TokenAccuracy:	0.999
LengthAccuracy:	0.951
1st Token Accuracy:	1.000
2nd Token Accuracy:	1.000
Average Loss:	0.060
[2021-10-27 07:43:08,426][core.trainer][INFO] - Computing metrics for 'gen' dataset
[2021-10-27 07:43:57,310][core.metrics.meter][INFO] - Meter:
SequenceAccuracy:	0.001
TokenAccuracy:	0.596
LengthAccuracy:	0.935
1st Token Accuracy:	0.016
2nd Token Accuracy:	1.000
Average Loss:	2.392
[2021-10-27 07:43:57,310][core.trainer][INFO] - EPOCH 44 / 50
[2021-10-27 07:43:57,310][core.trainer][INFO] - Computing metrics for 'train' dataset
[2021-10-27 07:44:30,665][core.trainer][INFO] - Computing metrics for 'val' dataset
[2021-10-27 07:44:35,305][core.metrics.meter][INFO] - Meter:
SequenceAccuracy:	0.948
TokenAccuracy:	0.999
LengthAccuracy:	0.953
1st Token Accuracy:	1.000
2nd Token Accuracy:	1.000
Average Loss:	0.055
[2021-10-27 07:44:35,431][core.early_stopping][INFO] - Early stopping counter: 32 / 5
[2021-10-27 07:44:35,483][core.early_stopping][INFO] - Pausing model saving until validation loss decreases by 0.0001
[2021-10-27 07:44:35,484][core.trainer][INFO] - Computing metrics for 'test' dataset
[2021-10-27 07:45:20,584][core.metrics.meter][INFO] - Meter:
SequenceAccuracy:	0.951
TokenAccuracy:	0.999
LengthAccuracy:	0.954
1st Token Accuracy:	1.000
2nd Token Accuracy:	1.000
Average Loss:	0.057
[2021-10-27 07:45:20,584][core.trainer][INFO] - Computing metrics for 'gen' dataset
[2021-10-27 07:46:09,384][core.metrics.meter][INFO] - Meter:
SequenceAccuracy:	0.001
TokenAccuracy:	0.600
LengthAccuracy:	0.939
1st Token Accuracy:	0.014
2nd Token Accuracy:	1.000
Average Loss:	2.358
[2021-10-27 07:46:09,384][core.trainer][INFO] - EPOCH 45 / 50
[2021-10-27 07:46:09,384][core.trainer][INFO] - Computing metrics for 'train' dataset
[2021-10-27 07:46:42,901][core.trainer][INFO] - Computing metrics for 'val' dataset
[2021-10-27 07:46:47,547][core.metrics.meter][INFO] - Meter:
SequenceAccuracy:	0.947
TokenAccuracy:	0.999
LengthAccuracy:	0.951
1st Token Accuracy:	1.000
2nd Token Accuracy:	1.000
Average Loss:	0.059
[2021-10-27 07:46:47,655][core.early_stopping][INFO] - Early stopping counter: 33 / 5
[2021-10-27 07:46:47,705][core.early_stopping][INFO] - Pausing model saving until validation loss decreases by 0.0001
[2021-10-27 07:46:47,706][core.trainer][INFO] - Computing metrics for 'test' dataset
[2021-10-27 07:47:32,838][core.metrics.meter][INFO] - Meter:
SequenceAccuracy:	0.945
TokenAccuracy:	0.999
LengthAccuracy:	0.951
1st Token Accuracy:	1.000
2nd Token Accuracy:	1.000
Average Loss:	0.061
[2021-10-27 07:47:32,839][core.trainer][INFO] - Computing metrics for 'gen' dataset
[2021-10-27 07:48:21,678][core.metrics.meter][INFO] - Meter:
SequenceAccuracy:	0.001
TokenAccuracy:	0.598
LengthAccuracy:	0.934
1st Token Accuracy:	0.017
2nd Token Accuracy:	1.000
Average Loss:	2.386
[2021-10-27 07:48:21,678][core.trainer][INFO] - EPOCH 46 / 50
[2021-10-27 07:48:21,678][core.trainer][INFO] - Computing metrics for 'train' dataset
[2021-10-27 07:48:55,205][core.trainer][INFO] - Computing metrics for 'val' dataset
[2021-10-27 07:48:59,859][core.metrics.meter][INFO] - Meter:
SequenceAccuracy:	0.948
TokenAccuracy:	0.999
LengthAccuracy:	0.952
1st Token Accuracy:	1.000
2nd Token Accuracy:	1.000
Average Loss:	0.060
[2021-10-27 07:49:00,032][core.early_stopping][INFO] - Early stopping counter: 34 / 5
[2021-10-27 07:49:00,032][core.early_stopping][INFO] - Pausing model saving until validation loss decreases by 0.0001
[2021-10-27 07:49:00,033][core.trainer][INFO] - Computing metrics for 'test' dataset
[2021-10-27 07:49:45,027][core.metrics.meter][INFO] - Meter:
SequenceAccuracy:	0.944
TokenAccuracy:	0.999
LengthAccuracy:	0.948
1st Token Accuracy:	1.000
2nd Token Accuracy:	1.000
Average Loss:	0.062
[2021-10-27 07:49:45,027][core.trainer][INFO] - Computing metrics for 'gen' dataset
[2021-10-27 07:50:33,674][core.metrics.meter][INFO] - Meter:
SequenceAccuracy:	0.002
TokenAccuracy:	0.602
LengthAccuracy:	0.928
1st Token Accuracy:	0.016
2nd Token Accuracy:	1.000
Average Loss:	2.354
[2021-10-27 07:50:33,675][core.trainer][INFO] - EPOCH 47 / 50
[2021-10-27 07:50:33,675][core.trainer][INFO] - Computing metrics for 'train' dataset
[2021-10-27 07:51:07,121][core.trainer][INFO] - Computing metrics for 'val' dataset
[2021-10-27 07:51:11,765][core.metrics.meter][INFO] - Meter:
SequenceAccuracy:	0.953
TokenAccuracy:	0.999
LengthAccuracy:	0.957
1st Token Accuracy:	1.000
2nd Token Accuracy:	1.000
Average Loss:	0.053
[2021-10-27 07:51:11,919][core.early_stopping][INFO] - Early stopping counter: 35 / 5
[2021-10-27 07:51:11,919][core.early_stopping][INFO] - Pausing model saving until validation loss decreases by 0.0001
[2021-10-27 07:51:11,919][core.trainer][INFO] - Computing metrics for 'test' dataset
[2021-10-27 07:51:57,056][core.metrics.meter][INFO] - Meter:
SequenceAccuracy:	0.950
TokenAccuracy:	0.999
LengthAccuracy:	0.953
1st Token Accuracy:	1.000
2nd Token Accuracy:	1.000
Average Loss:	0.058
[2021-10-27 07:51:57,056][core.trainer][INFO] - Computing metrics for 'gen' dataset
[2021-10-27 07:52:45,911][core.metrics.meter][INFO] - Meter:
SequenceAccuracy:	0.002
TokenAccuracy:	0.599
LengthAccuracy:	0.929
1st Token Accuracy:	0.016
2nd Token Accuracy:	1.000
Average Loss:	2.392
[2021-10-27 07:52:45,911][core.trainer][INFO] - EPOCH 48 / 50
[2021-10-27 07:52:45,912][core.trainer][INFO] - Computing metrics for 'train' dataset
[2021-10-27 07:53:19,548][core.trainer][INFO] - Computing metrics for 'val' dataset
[2021-10-27 07:53:24,179][core.metrics.meter][INFO] - Meter:
SequenceAccuracy:	0.949
TokenAccuracy:	0.999
LengthAccuracy:	0.952
1st Token Accuracy:	1.000
2nd Token Accuracy:	1.000
Average Loss:	0.057
[2021-10-27 07:53:24,299][core.early_stopping][INFO] - Early stopping counter: 36 / 5
[2021-10-27 07:53:24,349][core.early_stopping][INFO] - Pausing model saving until validation loss decreases by 0.0001
[2021-10-27 07:53:24,349][core.trainer][INFO] - Computing metrics for 'test' dataset
[2021-10-27 07:54:09,369][core.metrics.meter][INFO] - Meter:
SequenceAccuracy:	0.952
TokenAccuracy:	0.999
LengthAccuracy:	0.954
1st Token Accuracy:	1.000
2nd Token Accuracy:	1.000
Average Loss:	0.056
[2021-10-27 07:54:09,369][core.trainer][INFO] - Computing metrics for 'gen' dataset
[2021-10-27 07:54:58,089][core.metrics.meter][INFO] - Meter:
SequenceAccuracy:	0.001
TokenAccuracy:	0.586
LengthAccuracy:	0.917
1st Token Accuracy:	0.019
2nd Token Accuracy:	1.000
Average Loss:	2.510
[2021-10-27 07:54:58,089][core.trainer][INFO] - EPOCH 49 / 50
[2021-10-27 07:54:58,089][core.trainer][INFO] - Computing metrics for 'train' dataset
[2021-10-27 07:55:31,580][core.trainer][INFO] - Computing metrics for 'val' dataset
[2021-10-27 07:55:36,232][core.metrics.meter][INFO] - Meter:
SequenceAccuracy:	0.943
TokenAccuracy:	0.999
LengthAccuracy:	0.947
1st Token Accuracy:	1.000
2nd Token Accuracy:	1.000
Average Loss:	0.065
[2021-10-27 07:55:36,341][core.early_stopping][INFO] - Early stopping counter: 37 / 5
[2021-10-27 07:55:36,391][core.early_stopping][INFO] - Pausing model saving until validation loss decreases by 0.0001
[2021-10-27 07:55:36,391][core.trainer][INFO] - Computing metrics for 'test' dataset
[2021-10-27 07:56:21,487][core.metrics.meter][INFO] - Meter:
SequenceAccuracy:	0.952
TokenAccuracy:	0.999
LengthAccuracy:	0.955
1st Token Accuracy:	1.000
2nd Token Accuracy:	1.000
Average Loss:	0.056
[2021-10-27 07:56:21,487][core.trainer][INFO] - Computing metrics for 'gen' dataset
[2021-10-27 07:57:10,282][core.metrics.meter][INFO] - Meter:
SequenceAccuracy:	0.001
TokenAccuracy:	0.601
LengthAccuracy:	0.922
1st Token Accuracy:	0.017
2nd Token Accuracy:	1.000
Average Loss:	2.383
[2021-10-27 07:57:10,282][core.trainer][INFO] - EPOCH 50 / 50
[2021-10-27 07:57:10,282][core.trainer][INFO] - Computing metrics for 'train' dataset
[2021-10-27 07:57:43,736][core.trainer][INFO] - Computing metrics for 'val' dataset
[2021-10-27 07:57:48,387][core.metrics.meter][INFO] - Meter:
SequenceAccuracy:	0.949
TokenAccuracy:	0.999
LengthAccuracy:	0.952
1st Token Accuracy:	1.000
2nd Token Accuracy:	1.000
Average Loss:	0.056
[2021-10-27 07:57:48,507][core.early_stopping][INFO] - Early stopping counter: 38 / 5
[2021-10-27 07:57:48,557][core.early_stopping][INFO] - Pausing model saving until validation loss decreases by 0.0001
[2021-10-27 07:57:48,558][core.trainer][INFO] - Computing metrics for 'test' dataset
[2021-10-27 07:58:33,705][core.metrics.meter][INFO] - Meter:
SequenceAccuracy:	0.947
TokenAccuracy:	0.999
LengthAccuracy:	0.950
1st Token Accuracy:	1.000
2nd Token Accuracy:	1.000
Average Loss:	0.062
[2021-10-27 07:58:33,705][core.trainer][INFO] - Computing metrics for 'gen' dataset
[2021-10-27 07:59:22,499][core.metrics.meter][INFO] - Meter:
SequenceAccuracy:	0.001
TokenAccuracy:	0.593
LengthAccuracy:	0.920
1st Token Accuracy:	0.017
2nd Token Accuracy:	1.000
Average Loss:	2.438
