experiment:
  dataset:
    name: ms-passivization-en
    input: ms-passivization.tsv
    source_format: sequence
    target_format: sequence
    overwrite: false
    transform_field: target
    splits:
      train: 80
      test: 10
      val: 10
  hyperparameters:
    epochs: 50
    batch_size: 5
    lr: 0.001
    tolerance: 0.0001
    num_iters_eval: 1000
    min_iters: 30000
    patience: 5
    tf_ratio: 0.5
    cuda: 0
  model:
    name: Transformer
    encoder:
      unit: Transformer
      type: sequence
      dropout: 0
      num_layers: 2
      hidden_size: 256
      embedding_size: 256
      num_heads: 8
    decoder:
      unit: Transformer
      type: sequence
      dropout: 0
      num_layers: 2
      max_length: 30
      hidden_size: 256
      embedding_size: 256
      num_heads: 8
      attention: null
  name: passiv-en-transformer-2layers
pretty_print: true

[2021-10-27 13:45:28,269][core.trainer][INFO] - DEVICE: cuda
[2021-10-27 13:45:28,270][core.dataset.base_dataset][INFO] - Initializing dataset
[2021-10-27 13:45:28,270][core.dataset.base_dataset][INFO] - Constructing fields from dataset.
[2021-10-27 13:45:31,155][core.trainer][INFO] - TransductionDataset(
 splits: [val (1000 sequences), train (100000 sequences), test (10000 sequences), gen (10000 sequences)]
 fields: [source, annotation, target]
)
[2021-10-27 13:45:31,155][core.models.base_model][INFO] - Initializing model
[2021-10-27 13:45:36,943][core.trainer][INFO] - TransductionModel(
  (_encoder): TransductionSequenceEncoder(
    (module): Sequential(
      (0): Sequential(
        (0): Embedding(53, 256)
        (1): PositionalEncoding(
          (dropout): Dropout(p=0.0, inplace=False)
        )
      )
      (1): TransformerEncoder(
        (layers): ModuleList(
          (0): TransformerEncoderLayer(
            (self_attn): MultiheadAttention(
              (out_proj): _LinearWithBias(in_features=256, out_features=256, bias=True)
            )
            (linear1): Linear(in_features=256, out_features=2048, bias=True)
            (dropout): Dropout(p=0.1, inplace=False)
            (linear2): Linear(in_features=2048, out_features=256, bias=True)
            (norm1): LayerNorm((256,), eps=1e-05, elementwise_affine=True)
            (norm2): LayerNorm((256,), eps=1e-05, elementwise_affine=True)
            (dropout1): Dropout(p=0.1, inplace=False)
            (dropout2): Dropout(p=0.1, inplace=False)
          )
          (1): TransformerEncoderLayer(
            (self_attn): MultiheadAttention(
              (out_proj): _LinearWithBias(in_features=256, out_features=256, bias=True)
            )
            (linear1): Linear(in_features=256, out_features=2048, bias=True)
            (dropout): Dropout(p=0.1, inplace=False)
            (linear2): Linear(in_features=2048, out_features=256, bias=True)
            (norm1): LayerNorm((256,), eps=1e-05, elementwise_affine=True)
            (norm2): LayerNorm((256,), eps=1e-05, elementwise_affine=True)
            (dropout1): Dropout(p=0.1, inplace=False)
            (dropout2): Dropout(p=0.1, inplace=False)
          )
        )
      )
    )
  )
  (_decoder): TransformerSequenceDecoder(
    (_embedding): Sequential(
      (0): Embedding(57, 256)
      (1): PositionalEncoding(
        (dropout): Dropout(p=0.0, inplace=False)
      )
    )
    (_unit): TransformerDecoder(
      (layers): ModuleList(
        (0): TransformerDecoderLayer(
          (self_attn): MultiheadAttention(
            (out_proj): _LinearWithBias(in_features=256, out_features=256, bias=True)
          )
          (multihead_attn): MultiheadAttention(
            (out_proj): _LinearWithBias(in_features=256, out_features=256, bias=True)
          )
          (linear1): Linear(in_features=256, out_features=2048, bias=True)
          (dropout): Dropout(p=0.0, inplace=False)
          (linear2): Linear(in_features=2048, out_features=256, bias=True)
          (norm1): LayerNorm((256,), eps=1e-05, elementwise_affine=True)
          (norm2): LayerNorm((256,), eps=1e-05, elementwise_affine=True)
          (norm3): LayerNorm((256,), eps=1e-05, elementwise_affine=True)
          (dropout1): Dropout(p=0.0, inplace=False)
          (dropout2): Dropout(p=0.0, inplace=False)
          (dropout3): Dropout(p=0.0, inplace=False)
        )
        (1): TransformerDecoderLayer(
          (self_attn): MultiheadAttention(
            (out_proj): _LinearWithBias(in_features=256, out_features=256, bias=True)
          )
          (multihead_attn): MultiheadAttention(
            (out_proj): _LinearWithBias(in_features=256, out_features=256, bias=True)
          )
          (linear1): Linear(in_features=256, out_features=2048, bias=True)
          (dropout): Dropout(p=0.0, inplace=False)
          (linear2): Linear(in_features=2048, out_features=256, bias=True)
          (norm1): LayerNorm((256,), eps=1e-05, elementwise_affine=True)
          (norm2): LayerNorm((256,), eps=1e-05, elementwise_affine=True)
          (norm3): LayerNorm((256,), eps=1e-05, elementwise_affine=True)
          (dropout1): Dropout(p=0.0, inplace=False)
          (dropout2): Dropout(p=0.0, inplace=False)
          (dropout3): Dropout(p=0.0, inplace=False)
        )
      )
    )
    (_out): Linear(in_features=256, out_features=57, bias=True)
  )
)
[2021-10-27 13:45:36,951][core.trainer][INFO] - Beginning training
[2021-10-27 13:45:36,954][core.metrics.meter][INFO] - Logging with tensorboard; view with `tensorboard --logdir=/scratch/lw2534/lab/transductions/outputs/passiv-en-transformer-2layers/Transformer/2021-10-27_13-45-28/tensorboard`
[2021-10-27 13:45:36,954][core.trainer][INFO] - EPOCH 1 / 50
[2021-10-27 13:45:36,954][core.trainer][INFO] - Computing metrics for 'train' dataset
[2021-10-27 13:46:03,720][core.trainer][INFO] - Computing metrics for 'val' dataset
[2021-10-27 13:46:07,153][core.metrics.meter][INFO] - Meter:
SequenceAccuracy:	0.000
TokenAccuracy:	0.168
LengthAccuracy:	0.382
1st Token Accuracy:	0.320
2nd Token Accuracy:	0.001
Average Loss:	3.419
[2021-10-27 13:46:33,880][core.trainer][INFO] - Computing metrics for 'val' dataset
[2021-10-27 13:46:37,767][core.metrics.meter][INFO] - Meter:
SequenceAccuracy:	0.000
TokenAccuracy:	0.224
LengthAccuracy:	0.404
1st Token Accuracy:	0.492
2nd Token Accuracy:	0.002
Average Loss:	3.143
[2021-10-27 13:47:05,930][core.trainer][INFO] - Computing metrics for 'val' dataset
[2021-10-27 13:47:09,917][core.metrics.meter][INFO] - Meter:
SequenceAccuracy:	0.000
TokenAccuracy:	0.259
LengthAccuracy:	0.524
1st Token Accuracy:	0.515
2nd Token Accuracy:	0.003
Average Loss:	2.952
[2021-10-27 13:47:38,840][core.trainer][INFO] - Computing metrics for 'val' dataset
[2021-10-27 13:47:42,977][core.metrics.meter][INFO] - Meter:
SequenceAccuracy:	0.000
TokenAccuracy:	0.287
LengthAccuracy:	0.630
1st Token Accuracy:	0.542
2nd Token Accuracy:	0.022
Average Loss:	2.771
[2021-10-27 13:48:12,218][core.trainer][INFO] - Computing metrics for 'val' dataset
[2021-10-27 13:48:16,309][core.metrics.meter][INFO] - Meter:
SequenceAccuracy:	0.000
TokenAccuracy:	0.308
LengthAccuracy:	0.688
1st Token Accuracy:	0.563
2nd Token Accuracy:	0.065
Average Loss:	2.619
[2021-10-27 13:48:45,634][core.trainer][INFO] - Computing metrics for 'val' dataset
[2021-10-27 13:48:49,710][core.metrics.meter][INFO] - Meter:
SequenceAccuracy:	0.000
TokenAccuracy:	0.335
LengthAccuracy:	0.689
1st Token Accuracy:	0.585
2nd Token Accuracy:	0.152
Average Loss:	2.487
[2021-10-27 13:49:19,142][core.trainer][INFO] - Computing metrics for 'val' dataset
[2021-10-27 13:49:23,064][core.metrics.meter][INFO] - Meter:
SequenceAccuracy:	0.000
TokenAccuracy:	0.369
LengthAccuracy:	0.672
1st Token Accuracy:	0.629
2nd Token Accuracy:	0.250
Average Loss:	2.331
[2021-10-27 13:49:52,583][core.trainer][INFO] - Computing metrics for 'val' dataset
[2021-10-27 13:49:56,596][core.metrics.meter][INFO] - Meter:
SequenceAccuracy:	0.002
TokenAccuracy:	0.418
LengthAccuracy:	0.748
1st Token Accuracy:	0.658
2nd Token Accuracy:	0.355
Average Loss:	2.141
[2021-10-27 13:50:26,412][core.trainer][INFO] - Computing metrics for 'val' dataset
[2021-10-27 13:50:30,422][core.metrics.meter][INFO] - Meter:
SequenceAccuracy:	0.005
TokenAccuracy:	0.469
LengthAccuracy:	0.813
1st Token Accuracy:	0.687
2nd Token Accuracy:	0.395
Average Loss:	1.929
[2021-10-27 13:51:00,317][core.trainer][INFO] - Computing metrics for 'val' dataset
[2021-10-27 13:51:04,407][core.metrics.meter][INFO] - Meter:
SequenceAccuracy:	0.007
TokenAccuracy:	0.512
LengthAccuracy:	0.840
1st Token Accuracy:	0.729
2nd Token Accuracy:	0.414
Average Loss:	1.731
[2021-10-27 13:51:34,431][core.trainer][INFO] - Computing metrics for 'val' dataset
[2021-10-27 13:51:38,490][core.metrics.meter][INFO] - Meter:
SequenceAccuracy:	0.015
TokenAccuracy:	0.552
LengthAccuracy:	0.877
1st Token Accuracy:	0.778
2nd Token Accuracy:	0.435
Average Loss:	1.549
[2021-10-27 13:52:08,617][core.trainer][INFO] - Computing metrics for 'val' dataset
[2021-10-27 13:52:12,738][core.metrics.meter][INFO] - Meter:
SequenceAccuracy:	0.022
TokenAccuracy:	0.586
LengthAccuracy:	0.918
1st Token Accuracy:	0.844
2nd Token Accuracy:	0.450
Average Loss:	1.393
[2021-10-27 13:52:43,042][core.trainer][INFO] - Computing metrics for 'val' dataset
[2021-10-27 13:52:47,186][core.metrics.meter][INFO] - Meter:
SequenceAccuracy:	0.029
TokenAccuracy:	0.612
LengthAccuracy:	0.949
1st Token Accuracy:	0.908
2nd Token Accuracy:	0.480
Average Loss:	1.274
[2021-10-27 13:53:17,652][core.trainer][INFO] - Computing metrics for 'val' dataset
[2021-10-27 13:53:21,800][core.metrics.meter][INFO] - Meter:
SequenceAccuracy:	0.036
TokenAccuracy:	0.642
LengthAccuracy:	0.975
1st Token Accuracy:	0.957
2nd Token Accuracy:	0.509
Average Loss:	1.162
[2021-10-27 13:53:52,385][core.trainer][INFO] - Computing metrics for 'val' dataset
[2021-10-27 13:53:56,528][core.metrics.meter][INFO] - Meter:
SequenceAccuracy:	0.059
TokenAccuracy:	0.674
LengthAccuracy:	0.985
1st Token Accuracy:	0.975
2nd Token Accuracy:	0.556
Average Loss:	1.047
[2021-10-27 13:54:27,080][core.trainer][INFO] - Computing metrics for 'val' dataset
[2021-10-27 13:54:31,241][core.metrics.meter][INFO] - Meter:
SequenceAccuracy:	0.068
TokenAccuracy:	0.693
LengthAccuracy:	0.983
1st Token Accuracy:	0.986
2nd Token Accuracy:	0.602
Average Loss:	0.976
[2021-10-27 13:55:01,767][core.trainer][INFO] - Computing metrics for 'val' dataset
[2021-10-27 13:55:05,945][core.metrics.meter][INFO] - Meter:
SequenceAccuracy:	0.096
TokenAccuracy:	0.723
LengthAccuracy:	0.984
1st Token Accuracy:	0.990
2nd Token Accuracy:	0.670
Average Loss:	0.884
[2021-10-27 13:55:36,558][core.trainer][INFO] - Computing metrics for 'val' dataset
[2021-10-27 13:55:40,729][core.metrics.meter][INFO] - Meter:
SequenceAccuracy:	0.115
TokenAccuracy:	0.748
LengthAccuracy:	0.983
1st Token Accuracy:	0.995
2nd Token Accuracy:	0.746
Average Loss:	0.833
[2021-10-27 13:56:11,225][core.trainer][INFO] - Computing metrics for 'val' dataset
[2021-10-27 13:56:15,411][core.metrics.meter][INFO] - Meter:
SequenceAccuracy:	0.157
TokenAccuracy:	0.784
LengthAccuracy:	0.987
1st Token Accuracy:	0.999
2nd Token Accuracy:	0.843
Average Loss:	0.736
[2021-10-27 13:56:46,103][core.trainer][INFO] - Computing metrics for 'val' dataset
[2021-10-27 13:56:50,255][core.metrics.meter][INFO] - Meter:
SequenceAccuracy:	0.194
TokenAccuracy:	0.816
LengthAccuracy:	0.984
1st Token Accuracy:	1.000
2nd Token Accuracy:	0.898
Average Loss:	0.656
[2021-10-27 13:56:50,563][core.trainer][INFO] - Computing metrics for 'test' dataset
[2021-10-27 13:57:30,570][core.metrics.meter][INFO] - Meter:
SequenceAccuracy:	0.220
TokenAccuracy:	0.817
LengthAccuracy:	0.985
1st Token Accuracy:	1.000
2nd Token Accuracy:	0.925
Average Loss:	0.675
[2021-10-27 13:57:30,570][core.trainer][INFO] - Computing metrics for 'gen' dataset
[2021-10-27 13:58:19,588][core.metrics.meter][INFO] - Meter:
SequenceAccuracy:	0.000
TokenAccuracy:	0.333
LengthAccuracy:	0.589
1st Token Accuracy:	0.165
2nd Token Accuracy:	0.193
Average Loss:	2.679
[2021-10-27 13:58:19,588][core.trainer][INFO] - EPOCH 2 / 50
[2021-10-27 13:58:19,588][core.trainer][INFO] - Computing metrics for 'train' dataset
[2021-10-27 13:58:49,974][core.trainer][INFO] - Computing metrics for 'val' dataset
[2021-10-27 13:58:54,139][core.metrics.meter][INFO] - Meter:
SequenceAccuracy:	0.262
TokenAccuracy:	0.851
LengthAccuracy:	0.981
1st Token Accuracy:	1.000
2nd Token Accuracy:	0.945
Average Loss:	0.561
[2021-10-27 13:59:24,801][core.trainer][INFO] - Computing metrics for 'val' dataset
[2021-10-27 13:59:28,989][core.metrics.meter][INFO] - Meter:
SequenceAccuracy:	0.349
TokenAccuracy:	0.880
LengthAccuracy:	0.985
1st Token Accuracy:	1.000
2nd Token Accuracy:	0.971
Average Loss:	0.472
[2021-10-27 13:59:59,529][core.trainer][INFO] - Computing metrics for 'val' dataset
[2021-10-27 14:00:03,693][core.metrics.meter][INFO] - Meter:
SequenceAccuracy:	0.457
TokenAccuracy:	0.907
LengthAccuracy:	0.985
1st Token Accuracy:	1.000
2nd Token Accuracy:	0.983
Average Loss:	0.395
[2021-10-27 14:00:34,085][core.trainer][INFO] - Computing metrics for 'val' dataset
[2021-10-27 14:00:38,233][core.metrics.meter][INFO] - Meter:
SequenceAccuracy:	0.596
TokenAccuracy:	0.937
LengthAccuracy:	0.982
1st Token Accuracy:	1.000
2nd Token Accuracy:	0.992
Average Loss:	0.309
[2021-10-27 14:01:08,943][core.trainer][INFO] - Computing metrics for 'val' dataset
[2021-10-27 14:01:13,097][core.metrics.meter][INFO] - Meter:
SequenceAccuracy:	0.674
TokenAccuracy:	0.955
LengthAccuracy:	0.982
1st Token Accuracy:	1.000
2nd Token Accuracy:	0.994
Average Loss:	0.250
[2021-10-27 14:01:43,695][core.trainer][INFO] - Computing metrics for 'val' dataset
[2021-10-27 14:01:47,853][core.metrics.meter][INFO] - Meter:
SequenceAccuracy:	0.731
TokenAccuracy:	0.967
LengthAccuracy:	0.983
1st Token Accuracy:	1.000
2nd Token Accuracy:	0.995
Average Loss:	0.194
[2021-10-27 14:02:18,761][core.trainer][INFO] - Computing metrics for 'val' dataset
[2021-10-27 14:02:22,957][core.metrics.meter][INFO] - Meter:
SequenceAccuracy:	0.776
TokenAccuracy:	0.974
LengthAccuracy:	0.985
1st Token Accuracy:	1.000
2nd Token Accuracy:	0.998
Average Loss:	0.162
[2021-10-27 14:02:53,651][core.trainer][INFO] - Computing metrics for 'val' dataset
[2021-10-27 14:02:57,805][core.metrics.meter][INFO] - Meter:
SequenceAccuracy:	0.810
TokenAccuracy:	0.980
LengthAccuracy:	0.982
1st Token Accuracy:	1.000
2nd Token Accuracy:	0.998
Average Loss:	0.133
[2021-10-27 14:03:28,420][core.trainer][INFO] - Computing metrics for 'val' dataset
[2021-10-27 14:03:32,617][core.metrics.meter][INFO] - Meter:
SequenceAccuracy:	0.840
TokenAccuracy:	0.984
LengthAccuracy:	0.984
1st Token Accuracy:	1.000
2nd Token Accuracy:	0.998
Average Loss:	0.111
[2021-10-27 14:04:03,133][core.trainer][INFO] - Computing metrics for 'val' dataset
[2021-10-27 14:04:07,321][core.metrics.meter][INFO] - Meter:
SequenceAccuracy:	0.861
TokenAccuracy:	0.987
LengthAccuracy:	0.985
1st Token Accuracy:	1.000
2nd Token Accuracy:	0.999
Average Loss:	0.095
[2021-10-27 14:04:37,740][core.trainer][INFO] - Computing metrics for 'val' dataset
[2021-10-27 14:04:41,906][core.metrics.meter][INFO] - Meter:
SequenceAccuracy:	0.868
TokenAccuracy:	0.988
LengthAccuracy:	0.982
1st Token Accuracy:	1.000
2nd Token Accuracy:	0.999
Average Loss:	0.089
[2021-10-27 14:05:12,424][core.trainer][INFO] - Computing metrics for 'val' dataset
[2021-10-27 14:05:16,586][core.metrics.meter][INFO] - Meter:
SequenceAccuracy:	0.877
TokenAccuracy:	0.989
LengthAccuracy:	0.982
1st Token Accuracy:	1.000
2nd Token Accuracy:	1.000
Average Loss:	0.081
[2021-10-27 14:05:47,236][core.trainer][INFO] - Computing metrics for 'val' dataset
[2021-10-27 14:05:51,386][core.metrics.meter][INFO] - Meter:
SequenceAccuracy:	0.879
TokenAccuracy:	0.990
LengthAccuracy:	0.980
1st Token Accuracy:	1.000
2nd Token Accuracy:	1.000
Average Loss:	0.079
[2021-10-27 14:05:51,513][core.early_stopping][INFO] - Early stopping counter: 1 / 5
[2021-10-27 14:05:51,563][core.early_stopping][INFO] - Pausing model saving until validation loss decreases by 0.0001
[2021-10-27 14:06:21,827][core.trainer][INFO] - Computing metrics for 'val' dataset
[2021-10-27 14:06:25,981][core.metrics.meter][INFO] - Meter:
SequenceAccuracy:	0.886
TokenAccuracy:	0.990
LengthAccuracy:	0.983
1st Token Accuracy:	1.000
2nd Token Accuracy:	1.000
Average Loss:	0.070
[2021-10-27 14:06:56,473][core.trainer][INFO] - Computing metrics for 'val' dataset
[2021-10-27 14:07:00,635][core.metrics.meter][INFO] - Meter:
SequenceAccuracy:	0.897
TokenAccuracy:	0.991
LengthAccuracy:	0.986
1st Token Accuracy:	1.000
2nd Token Accuracy:	1.000
Average Loss:	0.059
[2021-10-27 14:07:31,014][core.trainer][INFO] - Computing metrics for 'val' dataset
[2021-10-27 14:07:35,178][core.metrics.meter][INFO] - Meter:
SequenceAccuracy:	0.901
TokenAccuracy:	0.992
LengthAccuracy:	0.984
1st Token Accuracy:	1.000
2nd Token Accuracy:	1.000
Average Loss:	0.061
[2021-10-27 14:07:35,319][core.early_stopping][INFO] - Early stopping counter: 1 / 5
[2021-10-27 14:07:35,368][core.early_stopping][INFO] - Pausing model saving until validation loss decreases by 0.0001
[2021-10-27 14:08:05,507][core.trainer][INFO] - Computing metrics for 'val' dataset
[2021-10-27 14:08:09,702][core.metrics.meter][INFO] - Meter:
SequenceAccuracy:	0.897
TokenAccuracy:	0.991
LengthAccuracy:	0.986
1st Token Accuracy:	1.000
2nd Token Accuracy:	1.000
Average Loss:	0.056
[2021-10-27 14:08:40,206][core.trainer][INFO] - Computing metrics for 'val' dataset
[2021-10-27 14:08:44,365][core.metrics.meter][INFO] - Meter:
SequenceAccuracy:	0.903
TokenAccuracy:	0.992
LengthAccuracy:	0.986
1st Token Accuracy:	1.000
2nd Token Accuracy:	1.000
Average Loss:	0.052
[2021-10-27 14:09:14,792][core.trainer][INFO] - Computing metrics for 'val' dataset
[2021-10-27 14:09:18,933][core.metrics.meter][INFO] - Meter:
SequenceAccuracy:	0.899
TokenAccuracy:	0.991
LengthAccuracy:	0.984
1st Token Accuracy:	1.000
2nd Token Accuracy:	1.000
Average Loss:	0.053
[2021-10-27 14:09:19,038][core.early_stopping][INFO] - Early stopping counter: 1 / 5
[2021-10-27 14:09:19,088][core.early_stopping][INFO] - Pausing model saving until validation loss decreases by 0.0001
[2021-10-27 14:09:49,378][core.trainer][INFO] - Computing metrics for 'val' dataset
[2021-10-27 14:09:53,549][core.metrics.meter][INFO] - Meter:
SequenceAccuracy:	0.904
TokenAccuracy:	0.992
LengthAccuracy:	0.987
1st Token Accuracy:	1.000
2nd Token Accuracy:	1.000
Average Loss:	0.047
[2021-10-27 14:09:53,662][core.early_stopping][INFO] - Early stopping counter: 2 / 5
[2021-10-27 14:09:53,713][core.early_stopping][INFO] - Pausing model saving until validation loss decreases by 0.0001
[2021-10-27 14:09:53,715][core.trainer][INFO] - Computing metrics for 'test' dataset
[2021-10-27 14:10:33,783][core.metrics.meter][INFO] - Meter:
SequenceAccuracy:	0.905
TokenAccuracy:	0.992
LengthAccuracy:	0.986
1st Token Accuracy:	1.000
2nd Token Accuracy:	1.000
Average Loss:	0.047
[2021-10-27 14:10:33,783][core.trainer][INFO] - Computing metrics for 'gen' dataset
[2021-10-27 14:11:23,460][core.metrics.meter][INFO] - Meter:
SequenceAccuracy:	0.000
TokenAccuracy:	0.203
LengthAccuracy:	0.578
1st Token Accuracy:	0.164
2nd Token Accuracy:	0.038
Average Loss:	5.406
[2021-10-27 14:11:23,460][core.trainer][INFO] - EPOCH 3 / 50
[2021-10-27 14:11:23,461][core.trainer][INFO] - Computing metrics for 'train' dataset
[2021-10-27 14:11:53,980][core.trainer][INFO] - Computing metrics for 'val' dataset
[2021-10-27 14:11:58,188][core.metrics.meter][INFO] - Meter:
SequenceAccuracy:	0.900
TokenAccuracy:	0.992
LengthAccuracy:	0.981
1st Token Accuracy:	1.000
2nd Token Accuracy:	1.000
Average Loss:	0.055
[2021-10-27 14:11:58,301][core.early_stopping][INFO] - Early stopping counter: 3 / 5
[2021-10-27 14:11:58,354][core.early_stopping][INFO] - Pausing model saving until validation loss decreases by 0.0001
[2021-10-27 14:12:28,679][core.trainer][INFO] - Computing metrics for 'val' dataset
[2021-10-27 14:12:32,848][core.metrics.meter][INFO] - Meter:
SequenceAccuracy:	0.905
TokenAccuracy:	0.992
LengthAccuracy:	0.985
1st Token Accuracy:	1.000
2nd Token Accuracy:	1.000
Average Loss:	0.047
[2021-10-27 14:12:32,960][core.early_stopping][INFO] - Early stopping counter: 4 / 5
[2021-10-27 14:12:33,011][core.early_stopping][INFO] - Pausing model saving until validation loss decreases by 0.0001
[2021-10-27 14:13:03,147][core.trainer][INFO] - Computing metrics for 'val' dataset
[2021-10-27 14:13:07,310][core.metrics.meter][INFO] - Meter:
SequenceAccuracy:	0.910
TokenAccuracy:	0.992
LengthAccuracy:	0.985
1st Token Accuracy:	1.000
2nd Token Accuracy:	1.000
Average Loss:	0.047
[2021-10-27 14:13:38,061][core.trainer][INFO] - Computing metrics for 'val' dataset
[2021-10-27 14:13:42,226][core.metrics.meter][INFO] - Meter:
SequenceAccuracy:	0.903
TokenAccuracy:	0.992
LengthAccuracy:	0.985
1st Token Accuracy:	1.000
2nd Token Accuracy:	1.000
Average Loss:	0.044
[2021-10-27 14:14:12,915][core.trainer][INFO] - Computing metrics for 'val' dataset
[2021-10-27 14:14:17,118][core.metrics.meter][INFO] - Meter:
SequenceAccuracy:	0.908
TokenAccuracy:	0.992
LengthAccuracy:	0.984
1st Token Accuracy:	1.000
2nd Token Accuracy:	1.000
Average Loss:	0.045
[2021-10-27 14:14:17,288][core.early_stopping][INFO] - Early stopping counter: 1 / 5
[2021-10-27 14:14:17,288][core.early_stopping][INFO] - Pausing model saving until validation loss decreases by 0.0001
[2021-10-27 14:14:47,490][core.trainer][INFO] - Computing metrics for 'val' dataset
[2021-10-27 14:14:51,658][core.metrics.meter][INFO] - Meter:
SequenceAccuracy:	0.912
TokenAccuracy:	0.993
LengthAccuracy:	0.984
1st Token Accuracy:	1.000
2nd Token Accuracy:	1.000
Average Loss:	0.042
[2021-10-27 14:14:51,771][core.early_stopping][INFO] - Early stopping counter: 2 / 5
[2021-10-27 14:14:51,821][core.early_stopping][INFO] - Pausing model saving until validation loss decreases by 0.0001
[2021-10-27 14:15:22,054][core.trainer][INFO] - Computing metrics for 'val' dataset
[2021-10-27 14:15:26,214][core.metrics.meter][INFO] - Meter:
SequenceAccuracy:	0.916
TokenAccuracy:	0.993
LengthAccuracy:	0.984
1st Token Accuracy:	1.000
2nd Token Accuracy:	1.000
Average Loss:	0.041
[2021-10-27 14:15:26,323][core.early_stopping][INFO] - Early stopping counter: 3 / 5
[2021-10-27 14:15:26,373][core.early_stopping][INFO] - Pausing model saving until validation loss decreases by 0.0001
[2021-10-27 14:15:56,552][core.trainer][INFO] - Computing metrics for 'val' dataset
[2021-10-27 14:16:00,715][core.metrics.meter][INFO] - Meter:
SequenceAccuracy:	0.918
TokenAccuracy:	0.994
LengthAccuracy:	0.981
1st Token Accuracy:	1.000
2nd Token Accuracy:	1.000
Average Loss:	0.050
[2021-10-27 14:16:00,846][core.early_stopping][INFO] - Early stopping counter: 4 / 5
[2021-10-27 14:16:00,896][core.early_stopping][INFO] - Pausing model saving until validation loss decreases by 0.0001
[2021-10-27 14:16:31,064][core.trainer][INFO] - Computing metrics for 'val' dataset
[2021-10-27 14:16:35,217][core.metrics.meter][INFO] - Meter:
SequenceAccuracy:	0.917
TokenAccuracy:	0.993
LengthAccuracy:	0.984
1st Token Accuracy:	1.000
2nd Token Accuracy:	1.000
Average Loss:	0.043
[2021-10-27 14:16:35,328][core.early_stopping][INFO] - Early stopping counter: 5 / 5
[2021-10-27 14:16:35,381][core.early_stopping][INFO] - Pausing model saving until validation loss decreases by 0.0001
[2021-10-27 14:16:35,381][core.trainer][INFO] - Computing metrics for 'test' dataset
[2021-10-27 14:17:15,631][core.metrics.meter][INFO] - Meter:
SequenceAccuracy:	0.922
TokenAccuracy:	0.994
LengthAccuracy:	0.983
1st Token Accuracy:	1.000
2nd Token Accuracy:	1.000
Average Loss:	0.043
[2021-10-27 14:17:15,631][core.trainer][INFO] - Computing metrics for 'gen' dataset
[2021-10-27 14:18:05,402][core.metrics.meter][INFO] - Meter:
SequenceAccuracy:	0.000
TokenAccuracy:	0.200
LengthAccuracy:	0.598
1st Token Accuracy:	0.164
2nd Token Accuracy:	0.038
Average Loss:	5.735
[2021-10-27 14:18:05,402][core.trainer][INFO] - EPOCH 4 / 50
[2021-10-27 14:18:05,402][core.trainer][INFO] - Computing metrics for 'train' dataset
[2021-10-27 14:18:35,725][core.trainer][INFO] - Computing metrics for 'val' dataset
[2021-10-27 14:18:39,883][core.metrics.meter][INFO] - Meter:
SequenceAccuracy:	0.922
TokenAccuracy:	0.994
LengthAccuracy:	0.984
1st Token Accuracy:	1.000
2nd Token Accuracy:	1.000
Average Loss:	0.041
[2021-10-27 14:18:40,014][core.early_stopping][INFO] - Early stopping counter: 6 / 5
[2021-10-27 14:18:40,069][core.early_stopping][INFO] - Pausing model saving until validation loss decreases by 0.0001
[2021-10-27 14:18:40,069][core.trainer][INFO] - Computing metrics for 'test' dataset
[2021-10-27 14:19:20,169][core.metrics.meter][INFO] - Meter:
SequenceAccuracy:	0.925
TokenAccuracy:	0.994
LengthAccuracy:	0.984
1st Token Accuracy:	1.000
2nd Token Accuracy:	1.000
Average Loss:	0.043
[2021-10-27 14:19:20,169][core.trainer][INFO] - Computing metrics for 'gen' dataset
[2021-10-27 14:20:10,037][core.metrics.meter][INFO] - Meter:
SequenceAccuracy:	0.000
TokenAccuracy:	0.195
LengthAccuracy:	0.593
1st Token Accuracy:	0.164
2nd Token Accuracy:	0.038
Average Loss:	5.829
[2021-10-27 14:20:10,037][core.trainer][INFO] - EPOCH 5 / 50
[2021-10-27 14:20:10,037][core.trainer][INFO] - Computing metrics for 'train' dataset
[2021-10-27 14:20:40,401][core.trainer][INFO] - Computing metrics for 'val' dataset
[2021-10-27 14:20:44,573][core.metrics.meter][INFO] - Meter:
SequenceAccuracy:	0.930
TokenAccuracy:	0.995
LengthAccuracy:	0.984
1st Token Accuracy:	1.000
2nd Token Accuracy:	1.000
Average Loss:	0.040
[2021-10-27 14:20:44,683][core.early_stopping][INFO] - Early stopping counter: 7 / 5
[2021-10-27 14:20:44,733][core.early_stopping][INFO] - Pausing model saving until validation loss decreases by 0.0001
[2021-10-27 14:20:44,734][core.trainer][INFO] - Computing metrics for 'test' dataset
[2021-10-27 14:21:24,887][core.metrics.meter][INFO] - Meter:
SequenceAccuracy:	0.928
TokenAccuracy:	0.994
LengthAccuracy:	0.985
1st Token Accuracy:	1.000
2nd Token Accuracy:	1.000
Average Loss:	0.038
[2021-10-27 14:21:24,887][core.trainer][INFO] - Computing metrics for 'gen' dataset
[2021-10-27 14:22:14,661][core.metrics.meter][INFO] - Meter:
SequenceAccuracy:	0.000
TokenAccuracy:	0.198
LengthAccuracy:	0.583
1st Token Accuracy:	0.164
2nd Token Accuracy:	0.038
Average Loss:	5.821
[2021-10-27 14:22:14,662][core.trainer][INFO] - EPOCH 6 / 50
[2021-10-27 14:22:14,662][core.trainer][INFO] - Computing metrics for 'train' dataset
[2021-10-27 14:22:44,984][core.trainer][INFO] - Computing metrics for 'val' dataset
[2021-10-27 14:22:49,149][core.metrics.meter][INFO] - Meter:
SequenceAccuracy:	0.929
TokenAccuracy:	0.994
LengthAccuracy:	0.984
1st Token Accuracy:	1.000
2nd Token Accuracy:	1.000
Average Loss:	0.041
[2021-10-27 14:22:49,297][core.early_stopping][INFO] - Early stopping counter: 8 / 5
[2021-10-27 14:22:49,350][core.early_stopping][INFO] - Pausing model saving until validation loss decreases by 0.0001
[2021-10-27 14:22:49,351][core.trainer][INFO] - Computing metrics for 'test' dataset
[2021-10-27 14:23:29,431][core.metrics.meter][INFO] - Meter:
SequenceAccuracy:	0.931
TokenAccuracy:	0.995
LengthAccuracy:	0.984
1st Token Accuracy:	1.000
2nd Token Accuracy:	1.000
Average Loss:	0.039
[2021-10-27 14:23:29,432][core.trainer][INFO] - Computing metrics for 'gen' dataset
[2021-10-27 14:24:19,124][core.metrics.meter][INFO] - Meter:
SequenceAccuracy:	0.000
TokenAccuracy:	0.198
LengthAccuracy:	0.590
1st Token Accuracy:	0.164
2nd Token Accuracy:	0.038
Average Loss:	5.831
[2021-10-27 14:24:19,125][core.trainer][INFO] - EPOCH 7 / 50
[2021-10-27 14:24:19,125][core.trainer][INFO] - Computing metrics for 'train' dataset
[2021-10-27 14:24:49,449][core.trainer][INFO] - Computing metrics for 'val' dataset
[2021-10-27 14:24:53,601][core.metrics.meter][INFO] - Meter:
SequenceAccuracy:	0.936
TokenAccuracy:	0.995
LengthAccuracy:	0.982
1st Token Accuracy:	1.000
2nd Token Accuracy:	1.000
Average Loss:	0.043
[2021-10-27 14:24:53,717][core.early_stopping][INFO] - Early stopping counter: 9 / 5
[2021-10-27 14:24:53,767][core.early_stopping][INFO] - Pausing model saving until validation loss decreases by 0.0001
[2021-10-27 14:24:53,767][core.trainer][INFO] - Computing metrics for 'test' dataset
[2021-10-27 14:25:33,800][core.metrics.meter][INFO] - Meter:
SequenceAccuracy:	0.934
TokenAccuracy:	0.995
LengthAccuracy:	0.986
1st Token Accuracy:	1.000
2nd Token Accuracy:	1.000
Average Loss:	0.037
[2021-10-27 14:25:33,800][core.trainer][INFO] - Computing metrics for 'gen' dataset
[2021-10-27 14:26:23,571][core.metrics.meter][INFO] - Meter:
SequenceAccuracy:	0.000
TokenAccuracy:	0.196
LengthAccuracy:	0.596
1st Token Accuracy:	0.164
2nd Token Accuracy:	0.038
Average Loss:	5.876
[2021-10-27 14:26:23,571][core.trainer][INFO] - EPOCH 8 / 50
[2021-10-27 14:26:23,571][core.trainer][INFO] - Computing metrics for 'train' dataset
[2021-10-27 14:26:53,900][core.trainer][INFO] - Computing metrics for 'val' dataset
[2021-10-27 14:26:58,036][core.metrics.meter][INFO] - Meter:
SequenceAccuracy:	0.939
TokenAccuracy:	0.995
LengthAccuracy:	0.984
1st Token Accuracy:	1.000
2nd Token Accuracy:	1.000
Average Loss:	0.037
[2021-10-27 14:26:58,142][core.early_stopping][INFO] - Early stopping counter: 10 / 5
[2021-10-27 14:26:58,192][core.early_stopping][INFO] - Pausing model saving until validation loss decreases by 0.0001
[2021-10-27 14:26:58,192][core.trainer][INFO] - Computing metrics for 'test' dataset
[2021-10-27 14:27:38,271][core.metrics.meter][INFO] - Meter:
SequenceAccuracy:	0.940
TokenAccuracy:	0.995
LengthAccuracy:	0.986
1st Token Accuracy:	1.000
2nd Token Accuracy:	1.000
Average Loss:	0.035
[2021-10-27 14:27:38,294][core.trainer][INFO] - Computing metrics for 'gen' dataset
[2021-10-27 14:28:27,974][core.metrics.meter][INFO] - Meter:
SequenceAccuracy:	0.000
TokenAccuracy:	0.193
LengthAccuracy:	0.585
1st Token Accuracy:	0.164
2nd Token Accuracy:	0.038
Average Loss:	5.929
[2021-10-27 14:28:27,974][core.trainer][INFO] - EPOCH 9 / 50
[2021-10-27 14:28:27,974][core.trainer][INFO] - Computing metrics for 'train' dataset
[2021-10-27 14:28:58,375][core.trainer][INFO] - Computing metrics for 'val' dataset
[2021-10-27 14:29:02,548][core.metrics.meter][INFO] - Meter:
SequenceAccuracy:	0.935
TokenAccuracy:	0.995
LengthAccuracy:	0.981
1st Token Accuracy:	1.000
2nd Token Accuracy:	1.000
Average Loss:	0.043
[2021-10-27 14:29:02,682][core.early_stopping][INFO] - Early stopping counter: 11 / 5
[2021-10-27 14:29:02,734][core.early_stopping][INFO] - Pausing model saving until validation loss decreases by 0.0001
[2021-10-27 14:29:02,734][core.trainer][INFO] - Computing metrics for 'test' dataset
[2021-10-27 14:29:42,812][core.metrics.meter][INFO] - Meter:
SequenceAccuracy:	0.942
TokenAccuracy:	0.996
LengthAccuracy:	0.985
1st Token Accuracy:	1.000
2nd Token Accuracy:	1.000
Average Loss:	0.039
[2021-10-27 14:29:42,812][core.trainer][INFO] - Computing metrics for 'gen' dataset
[2021-10-27 14:30:32,493][core.metrics.meter][INFO] - Meter:
SequenceAccuracy:	0.000
TokenAccuracy:	0.193
LengthAccuracy:	0.576
1st Token Accuracy:	0.164
2nd Token Accuracy:	0.038
Average Loss:	5.953
[2021-10-27 14:30:32,493][core.trainer][INFO] - EPOCH 10 / 50
[2021-10-27 14:30:32,493][core.trainer][INFO] - Computing metrics for 'train' dataset
[2021-10-27 14:31:02,904][core.trainer][INFO] - Computing metrics for 'val' dataset
[2021-10-27 14:31:07,046][core.metrics.meter][INFO] - Meter:
SequenceAccuracy:	0.948
TokenAccuracy:	0.996
LengthAccuracy:	0.986
1st Token Accuracy:	1.000
2nd Token Accuracy:	1.000
Average Loss:	0.034
[2021-10-27 14:31:37,635][core.trainer][INFO] - Computing metrics for 'val' dataset
[2021-10-27 14:31:41,787][core.metrics.meter][INFO] - Meter:
SequenceAccuracy:	0.948
TokenAccuracy:	0.997
LengthAccuracy:	0.983
1st Token Accuracy:	1.000
2nd Token Accuracy:	1.000
Average Loss:	0.039
[2021-10-27 14:31:41,917][core.early_stopping][INFO] - Early stopping counter: 1 / 5
[2021-10-27 14:31:41,970][core.early_stopping][INFO] - Pausing model saving until validation loss decreases by 0.0001
[2021-10-27 14:32:12,090][core.trainer][INFO] - Computing metrics for 'val' dataset
[2021-10-27 14:32:16,252][core.metrics.meter][INFO] - Meter:
SequenceAccuracy:	0.954
TokenAccuracy:	0.997
LengthAccuracy:	0.984
1st Token Accuracy:	1.000
2nd Token Accuracy:	1.000
Average Loss:	0.038
[2021-10-27 14:32:16,363][core.early_stopping][INFO] - Early stopping counter: 2 / 5
[2021-10-27 14:32:16,414][core.early_stopping][INFO] - Pausing model saving until validation loss decreases by 0.0001
[2021-10-27 14:32:46,641][core.trainer][INFO] - Computing metrics for 'val' dataset
[2021-10-27 14:32:50,838][core.metrics.meter][INFO] - Meter:
SequenceAccuracy:	0.959
TokenAccuracy:	0.997
LengthAccuracy:	0.986
1st Token Accuracy:	1.000
2nd Token Accuracy:	1.000
Average Loss:	0.033
[2021-10-27 14:32:50,958][core.early_stopping][INFO] - Early stopping counter: 3 / 5
[2021-10-27 14:32:51,009][core.early_stopping][INFO] - Pausing model saving until validation loss decreases by 0.0001
[2021-10-27 14:33:21,083][core.trainer][INFO] - Computing metrics for 'val' dataset
[2021-10-27 14:33:25,250][core.metrics.meter][INFO] - Meter:
SequenceAccuracy:	0.966
TokenAccuracy:	0.998
LengthAccuracy:	0.986
1st Token Accuracy:	1.000
2nd Token Accuracy:	1.000
Average Loss:	0.030
[2021-10-27 14:33:55,806][core.trainer][INFO] - Computing metrics for 'val' dataset
[2021-10-27 14:33:59,951][core.metrics.meter][INFO] - Meter:
SequenceAccuracy:	0.966
TokenAccuracy:	0.998
LengthAccuracy:	0.985
1st Token Accuracy:	1.000
2nd Token Accuracy:	1.000
Average Loss:	0.036
[2021-10-27 14:34:00,058][core.early_stopping][INFO] - Early stopping counter: 1 / 5
[2021-10-27 14:34:00,108][core.early_stopping][INFO] - Pausing model saving until validation loss decreases by 0.0001
[2021-10-27 14:34:30,404][core.trainer][INFO] - Computing metrics for 'val' dataset
[2021-10-27 14:34:34,616][core.metrics.meter][INFO] - Meter:
SequenceAccuracy:	0.968
TokenAccuracy:	0.998
LengthAccuracy:	0.984
1st Token Accuracy:	1.000
2nd Token Accuracy:	1.000
Average Loss:	0.036
[2021-10-27 14:34:34,745][core.early_stopping][INFO] - Early stopping counter: 2 / 5
[2021-10-27 14:34:34,796][core.early_stopping][INFO] - Pausing model saving until validation loss decreases by 0.0001
[2021-10-27 14:35:04,986][core.trainer][INFO] - Computing metrics for 'val' dataset
[2021-10-27 14:35:09,151][core.metrics.meter][INFO] - Meter:
SequenceAccuracy:	0.968
TokenAccuracy:	0.999
LengthAccuracy:	0.981
1st Token Accuracy:	1.000
2nd Token Accuracy:	1.000
Average Loss:	0.040
[2021-10-27 14:35:09,263][core.early_stopping][INFO] - Early stopping counter: 3 / 5
[2021-10-27 14:35:09,318][core.early_stopping][INFO] - Pausing model saving until validation loss decreases by 0.0001
[2021-10-27 14:35:39,633][core.trainer][INFO] - Computing metrics for 'val' dataset
[2021-10-27 14:35:43,807][core.metrics.meter][INFO] - Meter:
SequenceAccuracy:	0.975
TokenAccuracy:	0.999
LengthAccuracy:	0.985
1st Token Accuracy:	1.000
2nd Token Accuracy:	1.000
Average Loss:	0.030
[2021-10-27 14:35:43,923][core.early_stopping][INFO] - Early stopping counter: 4 / 5
[2021-10-27 14:35:43,974][core.early_stopping][INFO] - Pausing model saving until validation loss decreases by 0.0001
[2021-10-27 14:36:14,148][core.trainer][INFO] - Computing metrics for 'val' dataset
[2021-10-27 14:36:18,324][core.metrics.meter][INFO] - Meter:
SequenceAccuracy:	0.977
TokenAccuracy:	0.999
LengthAccuracy:	0.986
1st Token Accuracy:	1.000
2nd Token Accuracy:	1.000
Average Loss:	0.035
[2021-10-27 14:36:18,462][core.early_stopping][INFO] - Early stopping counter: 5 / 5
[2021-10-27 14:36:18,516][core.early_stopping][INFO] - Pausing model saving until validation loss decreases by 0.0001
[2021-10-27 14:36:18,516][core.trainer][INFO] - Computing metrics for 'test' dataset
[2021-10-27 14:36:58,707][core.metrics.meter][INFO] - Meter:
SequenceAccuracy:	0.974
TokenAccuracy:	0.999
LengthAccuracy:	0.985
1st Token Accuracy:	1.000
2nd Token Accuracy:	1.000
Average Loss:	0.033
[2021-10-27 14:36:58,707][core.trainer][INFO] - Computing metrics for 'gen' dataset
[2021-10-27 14:37:48,660][core.metrics.meter][INFO] - Meter:
SequenceAccuracy:	0.000
TokenAccuracy:	0.187
LengthAccuracy:	0.590
1st Token Accuracy:	0.164
2nd Token Accuracy:	0.038
Average Loss:	6.196
[2021-10-27 14:37:48,660][core.trainer][INFO] - EPOCH 11 / 50
[2021-10-27 14:37:48,660][core.trainer][INFO] - Computing metrics for 'train' dataset
[2021-10-27 14:38:18,932][core.trainer][INFO] - Computing metrics for 'val' dataset
[2021-10-27 14:38:23,139][core.metrics.meter][INFO] - Meter:
SequenceAccuracy:	0.977
TokenAccuracy:	0.999
LengthAccuracy:	0.984
1st Token Accuracy:	1.000
2nd Token Accuracy:	1.000
Average Loss:	0.033
[2021-10-27 14:38:23,253][core.early_stopping][INFO] - Early stopping counter: 6 / 5
[2021-10-27 14:38:23,304][core.early_stopping][INFO] - Pausing model saving until validation loss decreases by 0.0001
[2021-10-27 14:38:23,304][core.trainer][INFO] - Computing metrics for 'test' dataset
[2021-10-27 14:39:03,719][core.metrics.meter][INFO] - Meter:
SequenceAccuracy:	0.976
TokenAccuracy:	0.999
LengthAccuracy:	0.984
1st Token Accuracy:	1.000
2nd Token Accuracy:	1.000
Average Loss:	0.034
[2021-10-27 14:39:03,719][core.trainer][INFO] - Computing metrics for 'gen' dataset
[2021-10-27 14:39:53,851][core.metrics.meter][INFO] - Meter:
SequenceAccuracy:	0.000
TokenAccuracy:	0.188
LengthAccuracy:	0.588
1st Token Accuracy:	0.164
2nd Token Accuracy:	0.038
Average Loss:	6.203
[2021-10-27 14:39:53,851][core.trainer][INFO] - EPOCH 12 / 50
[2021-10-27 14:39:53,851][core.trainer][INFO] - Computing metrics for 'train' dataset
[2021-10-27 14:40:24,165][core.trainer][INFO] - Computing metrics for 'val' dataset
[2021-10-27 14:40:28,322][core.metrics.meter][INFO] - Meter:
SequenceAccuracy:	0.975
TokenAccuracy:	0.999
LengthAccuracy:	0.982
1st Token Accuracy:	1.000
2nd Token Accuracy:	1.000
Average Loss:	0.039
[2021-10-27 14:40:28,447][core.early_stopping][INFO] - Early stopping counter: 7 / 5
[2021-10-27 14:40:28,505][core.early_stopping][INFO] - Pausing model saving until validation loss decreases by 0.0001
[2021-10-27 14:40:28,505][core.trainer][INFO] - Computing metrics for 'test' dataset
[2021-10-27 14:41:08,638][core.metrics.meter][INFO] - Meter:
SequenceAccuracy:	0.976
TokenAccuracy:	0.999
LengthAccuracy:	0.982
1st Token Accuracy:	1.000
2nd Token Accuracy:	1.000
Average Loss:	0.037
[2021-10-27 14:41:08,639][core.trainer][INFO] - Computing metrics for 'gen' dataset
[2021-10-27 14:41:58,403][core.metrics.meter][INFO] - Meter:
SequenceAccuracy:	0.000
TokenAccuracy:	0.187
LengthAccuracy:	0.593
1st Token Accuracy:	0.164
2nd Token Accuracy:	0.038
Average Loss:	6.215
[2021-10-27 14:41:58,403][core.trainer][INFO] - EPOCH 13 / 50
[2021-10-27 14:41:58,403][core.trainer][INFO] - Computing metrics for 'train' dataset
[2021-10-27 14:42:28,672][core.trainer][INFO] - Computing metrics for 'val' dataset
[2021-10-27 14:42:32,833][core.metrics.meter][INFO] - Meter:
SequenceAccuracy:	0.980
TokenAccuracy:	0.999
LengthAccuracy:	0.985
1st Token Accuracy:	1.000
2nd Token Accuracy:	1.000
Average Loss:	0.031
[2021-10-27 14:42:32,962][core.early_stopping][INFO] - Early stopping counter: 8 / 5
[2021-10-27 14:42:33,013][core.early_stopping][INFO] - Pausing model saving until validation loss decreases by 0.0001
[2021-10-27 14:42:33,013][core.trainer][INFO] - Computing metrics for 'test' dataset
[2021-10-27 14:43:13,119][core.metrics.meter][INFO] - Meter:
SequenceAccuracy:	0.981
TokenAccuracy:	1.000
LengthAccuracy:	0.985
1st Token Accuracy:	1.000
2nd Token Accuracy:	1.000
Average Loss:	0.030
[2021-10-27 14:43:13,119][core.trainer][INFO] - Computing metrics for 'gen' dataset
[2021-10-27 14:44:02,984][core.metrics.meter][INFO] - Meter:
SequenceAccuracy:	0.000
TokenAccuracy:	0.187
LengthAccuracy:	0.594
1st Token Accuracy:	0.164
2nd Token Accuracy:	0.038
Average Loss:	6.240
[2021-10-27 14:44:02,984][core.trainer][INFO] - EPOCH 14 / 50
[2021-10-27 14:44:02,984][core.trainer][INFO] - Computing metrics for 'train' dataset
[2021-10-27 14:44:33,285][core.trainer][INFO] - Computing metrics for 'val' dataset
[2021-10-27 14:44:37,435][core.metrics.meter][INFO] - Meter:
SequenceAccuracy:	0.980
TokenAccuracy:	1.000
LengthAccuracy:	0.984
1st Token Accuracy:	1.000
2nd Token Accuracy:	1.000
Average Loss:	0.032
[2021-10-27 14:44:37,541][core.early_stopping][INFO] - Early stopping counter: 9 / 5
[2021-10-27 14:44:37,593][core.early_stopping][INFO] - Pausing model saving until validation loss decreases by 0.0001
[2021-10-27 14:44:37,593][core.trainer][INFO] - Computing metrics for 'test' dataset
[2021-10-27 14:45:17,547][core.metrics.meter][INFO] - Meter:
SequenceAccuracy:	0.980
TokenAccuracy:	1.000
LengthAccuracy:	0.984
1st Token Accuracy:	1.000
2nd Token Accuracy:	1.000
Average Loss:	0.033
[2021-10-27 14:45:17,547][core.trainer][INFO] - Computing metrics for 'gen' dataset
[2021-10-27 14:46:07,121][core.metrics.meter][INFO] - Meter:
SequenceAccuracy:	0.000
TokenAccuracy:	0.186
LengthAccuracy:	0.596
1st Token Accuracy:	0.164
2nd Token Accuracy:	0.038
Average Loss:	6.265
[2021-10-27 14:46:07,121][core.trainer][INFO] - EPOCH 15 / 50
[2021-10-27 14:46:07,121][core.trainer][INFO] - Computing metrics for 'train' dataset
[2021-10-27 14:46:37,427][core.trainer][INFO] - Computing metrics for 'val' dataset
[2021-10-27 14:46:41,644][core.metrics.meter][INFO] - Meter:
SequenceAccuracy:	0.976
TokenAccuracy:	1.000
LengthAccuracy:	0.979
1st Token Accuracy:	1.000
2nd Token Accuracy:	1.000
Average Loss:	0.041
[2021-10-27 14:46:41,788][core.early_stopping][INFO] - Early stopping counter: 10 / 5
[2021-10-27 14:46:41,838][core.early_stopping][INFO] - Pausing model saving until validation loss decreases by 0.0001
[2021-10-27 14:46:41,838][core.trainer][INFO] - Computing metrics for 'test' dataset
[2021-10-27 14:47:22,266][core.metrics.meter][INFO] - Meter:
SequenceAccuracy:	0.980
TokenAccuracy:	1.000
LengthAccuracy:	0.984
1st Token Accuracy:	1.000
2nd Token Accuracy:	1.000
Average Loss:	0.033
[2021-10-27 14:47:22,286][core.trainer][INFO] - Computing metrics for 'gen' dataset
[2021-10-27 14:48:12,467][core.metrics.meter][INFO] - Meter:
SequenceAccuracy:	0.000
TokenAccuracy:	0.189
LengthAccuracy:	0.593
1st Token Accuracy:	0.164
2nd Token Accuracy:	0.038
Average Loss:	6.249
[2021-10-27 14:48:12,467][core.trainer][INFO] - EPOCH 16 / 50
[2021-10-27 14:48:12,467][core.trainer][INFO] - Computing metrics for 'train' dataset
[2021-10-27 14:48:42,841][core.trainer][INFO] - Computing metrics for 'val' dataset
[2021-10-27 14:48:47,004][core.metrics.meter][INFO] - Meter:
SequenceAccuracy:	0.981
TokenAccuracy:	1.000
LengthAccuracy:	0.983
1st Token Accuracy:	1.000
2nd Token Accuracy:	1.000
Average Loss:	0.034
[2021-10-27 14:48:47,122][core.early_stopping][INFO] - Early stopping counter: 11 / 5
[2021-10-27 14:48:47,173][core.early_stopping][INFO] - Pausing model saving until validation loss decreases by 0.0001
[2021-10-27 14:48:47,173][core.trainer][INFO] - Computing metrics for 'test' dataset
[2021-10-27 14:49:27,233][core.metrics.meter][INFO] - Meter:
SequenceAccuracy:	0.982
TokenAccuracy:	1.000
LengthAccuracy:	0.984
1st Token Accuracy:	1.000
2nd Token Accuracy:	1.000
Average Loss:	0.030
[2021-10-27 14:49:27,233][core.trainer][INFO] - Computing metrics for 'gen' dataset
[2021-10-27 14:50:16,881][core.metrics.meter][INFO] - Meter:
SequenceAccuracy:	0.000
TokenAccuracy:	0.186
LengthAccuracy:	0.589
1st Token Accuracy:	0.164
2nd Token Accuracy:	0.038
Average Loss:	6.292
[2021-10-27 14:50:16,882][core.trainer][INFO] - EPOCH 17 / 50
[2021-10-27 14:50:16,882][core.trainer][INFO] - Computing metrics for 'train' dataset
[2021-10-27 14:50:47,314][core.trainer][INFO] - Computing metrics for 'val' dataset
[2021-10-27 14:50:51,468][core.metrics.meter][INFO] - Meter:
SequenceAccuracy:	0.982
TokenAccuracy:	1.000
LengthAccuracy:	0.985
1st Token Accuracy:	1.000
2nd Token Accuracy:	1.000
Average Loss:	0.030
[2021-10-27 14:51:22,341][core.trainer][INFO] - Computing metrics for 'val' dataset
[2021-10-27 14:51:26,511][core.metrics.meter][INFO] - Meter:
SequenceAccuracy:	0.983
TokenAccuracy:	1.000
LengthAccuracy:	0.984
1st Token Accuracy:	1.000
2nd Token Accuracy:	1.000
Average Loss:	0.033
[2021-10-27 14:51:26,629][core.early_stopping][INFO] - Early stopping counter: 1 / 5
[2021-10-27 14:51:26,680][core.early_stopping][INFO] - Pausing model saving until validation loss decreases by 0.0001
[2021-10-27 14:51:56,748][core.trainer][INFO] - Computing metrics for 'val' dataset
[2021-10-27 14:52:00,944][core.metrics.meter][INFO] - Meter:
SequenceAccuracy:	0.982
TokenAccuracy:	1.000
LengthAccuracy:	0.983
1st Token Accuracy:	1.000
2nd Token Accuracy:	1.000
Average Loss:	0.032
[2021-10-27 14:52:01,087][core.early_stopping][INFO] - Early stopping counter: 2 / 5
[2021-10-27 14:52:01,138][core.early_stopping][INFO] - Pausing model saving until validation loss decreases by 0.0001
[2021-10-27 14:52:31,273][core.trainer][INFO] - Computing metrics for 'val' dataset
[2021-10-27 14:52:35,428][core.metrics.meter][INFO] - Meter:
SequenceAccuracy:	0.980
TokenAccuracy:	1.000
LengthAccuracy:	0.982
1st Token Accuracy:	1.000
2nd Token Accuracy:	1.000
Average Loss:	0.035
[2021-10-27 14:52:35,533][core.early_stopping][INFO] - Early stopping counter: 3 / 5
[2021-10-27 14:52:35,585][core.early_stopping][INFO] - Pausing model saving until validation loss decreases by 0.0001
[2021-10-27 14:53:05,924][core.trainer][INFO] - Computing metrics for 'val' dataset
[2021-10-27 14:53:10,068][core.metrics.meter][INFO] - Meter:
SequenceAccuracy:	0.982
TokenAccuracy:	1.000
LengthAccuracy:	0.982
1st Token Accuracy:	1.000
2nd Token Accuracy:	1.000
Average Loss:	0.034
[2021-10-27 14:53:10,191][core.early_stopping][INFO] - Early stopping counter: 4 / 5
[2021-10-27 14:53:10,241][core.early_stopping][INFO] - Pausing model saving until validation loss decreases by 0.0001
[2021-10-27 14:53:40,375][core.trainer][INFO] - Computing metrics for 'val' dataset
[2021-10-27 14:53:44,530][core.metrics.meter][INFO] - Meter:
SequenceAccuracy:	0.981
TokenAccuracy:	1.000
LengthAccuracy:	0.982
1st Token Accuracy:	1.000
2nd Token Accuracy:	1.000
Average Loss:	0.035
[2021-10-27 14:53:44,640][core.early_stopping][INFO] - Early stopping counter: 5 / 5
[2021-10-27 14:53:44,691][core.early_stopping][INFO] - Pausing model saving until validation loss decreases by 0.0001
[2021-10-27 14:53:44,691][core.trainer][INFO] - Computing metrics for 'test' dataset
[2021-10-27 14:54:24,759][core.metrics.meter][INFO] - Meter:
SequenceAccuracy:	0.984
TokenAccuracy:	1.000
LengthAccuracy:	0.985
1st Token Accuracy:	1.000
2nd Token Accuracy:	1.000
Average Loss:	0.031
[2021-10-27 14:54:24,759][core.trainer][INFO] - Computing metrics for 'gen' dataset
[2021-10-27 14:55:14,364][core.metrics.meter][INFO] - Meter:
SequenceAccuracy:	0.000
TokenAccuracy:	0.186
LengthAccuracy:	0.594
1st Token Accuracy:	0.164
2nd Token Accuracy:	0.038
Average Loss:	6.397
[2021-10-27 14:55:14,364][core.trainer][INFO] - EPOCH 18 / 50
[2021-10-27 14:55:14,364][core.trainer][INFO] - Computing metrics for 'train' dataset
[2021-10-27 14:55:44,851][core.trainer][INFO] - Computing metrics for 'val' dataset
[2021-10-27 14:55:49,005][core.metrics.meter][INFO] - Meter:
SequenceAccuracy:	0.983
TokenAccuracy:	1.000
LengthAccuracy:	0.984
1st Token Accuracy:	1.000
2nd Token Accuracy:	1.000
Average Loss:	0.028
[2021-10-27 14:55:49,129][core.early_stopping][INFO] - Early stopping counter: 6 / 5
[2021-10-27 14:55:49,180][core.early_stopping][INFO] - Pausing model saving until validation loss decreases by 0.0001
[2021-10-27 14:55:49,180][core.trainer][INFO] - Computing metrics for 'test' dataset
[2021-10-27 14:56:29,160][core.metrics.meter][INFO] - Meter:
SequenceAccuracy:	0.982
TokenAccuracy:	1.000
LengthAccuracy:	0.983
1st Token Accuracy:	1.000
2nd Token Accuracy:	1.000
Average Loss:	0.035
[2021-10-27 14:56:29,160][core.trainer][INFO] - Computing metrics for 'gen' dataset
[2021-10-27 14:57:18,764][core.metrics.meter][INFO] - Meter:
SequenceAccuracy:	0.000
TokenAccuracy:	0.186
LengthAccuracy:	0.600
1st Token Accuracy:	0.164
2nd Token Accuracy:	0.038
Average Loss:	6.414
[2021-10-27 14:57:18,765][core.trainer][INFO] - EPOCH 19 / 50
[2021-10-27 14:57:18,765][core.trainer][INFO] - Computing metrics for 'train' dataset
[2021-10-27 14:57:49,082][core.trainer][INFO] - Computing metrics for 'val' dataset
[2021-10-27 14:57:53,234][core.metrics.meter][INFO] - Meter:
SequenceAccuracy:	0.985
TokenAccuracy:	1.000
LengthAccuracy:	0.985
1st Token Accuracy:	1.000
2nd Token Accuracy:	1.000
Average Loss:	0.028
[2021-10-27 14:58:23,744][core.trainer][INFO] - Computing metrics for 'val' dataset
[2021-10-27 14:58:27,898][core.metrics.meter][INFO] - Meter:
SequenceAccuracy:	0.982
TokenAccuracy:	1.000
LengthAccuracy:	0.983
1st Token Accuracy:	1.000
2nd Token Accuracy:	1.000
Average Loss:	0.033
[2021-10-27 14:58:28,021][core.early_stopping][INFO] - Early stopping counter: 1 / 5
[2021-10-27 14:58:28,073][core.early_stopping][INFO] - Pausing model saving until validation loss decreases by 0.0001
[2021-10-27 14:58:58,335][core.trainer][INFO] - Computing metrics for 'val' dataset
[2021-10-27 14:59:02,492][core.metrics.meter][INFO] - Meter:
SequenceAccuracy:	0.982
TokenAccuracy:	1.000
LengthAccuracy:	0.982
1st Token Accuracy:	1.000
2nd Token Accuracy:	1.000
Average Loss:	0.033
[2021-10-27 14:59:02,601][core.early_stopping][INFO] - Early stopping counter: 2 / 5
[2021-10-27 14:59:02,652][core.early_stopping][INFO] - Pausing model saving until validation loss decreases by 0.0001
[2021-10-27 14:59:32,979][core.trainer][INFO] - Computing metrics for 'val' dataset
[2021-10-27 14:59:37,130][core.metrics.meter][INFO] - Meter:
SequenceAccuracy:	0.982
TokenAccuracy:	1.000
LengthAccuracy:	0.983
1st Token Accuracy:	1.000
2nd Token Accuracy:	1.000
Average Loss:	0.030
[2021-10-27 14:59:37,239][core.early_stopping][INFO] - Early stopping counter: 3 / 5
[2021-10-27 14:59:37,288][core.early_stopping][INFO] - Pausing model saving until validation loss decreases by 0.0001
[2021-10-27 15:00:07,453][core.trainer][INFO] - Computing metrics for 'val' dataset
[2021-10-27 15:00:11,653][core.metrics.meter][INFO] - Meter:
SequenceAccuracy:	0.982
TokenAccuracy:	1.000
LengthAccuracy:	0.982
1st Token Accuracy:	1.000
2nd Token Accuracy:	1.000
Average Loss:	0.031
[2021-10-27 15:00:11,790][core.early_stopping][INFO] - Early stopping counter: 4 / 5
[2021-10-27 15:00:11,840][core.early_stopping][INFO] - Pausing model saving until validation loss decreases by 0.0001
[2021-10-27 15:00:42,047][core.trainer][INFO] - Computing metrics for 'val' dataset
[2021-10-27 15:00:46,252][core.metrics.meter][INFO] - Meter:
SequenceAccuracy:	0.981
TokenAccuracy:	1.000
LengthAccuracy:	0.982
1st Token Accuracy:	1.000
2nd Token Accuracy:	1.000
Average Loss:	0.035
[2021-10-27 15:00:46,361][core.early_stopping][INFO] - Early stopping counter: 5 / 5
[2021-10-27 15:00:46,412][core.early_stopping][INFO] - Pausing model saving until validation loss decreases by 0.0001
[2021-10-27 15:00:46,412][core.trainer][INFO] - Computing metrics for 'test' dataset
[2021-10-27 15:01:26,771][core.metrics.meter][INFO] - Meter:
SequenceAccuracy:	0.984
TokenAccuracy:	1.000
LengthAccuracy:	0.984
1st Token Accuracy:	1.000
2nd Token Accuracy:	1.000
Average Loss:	0.031
[2021-10-27 15:01:26,772][core.trainer][INFO] - Computing metrics for 'gen' dataset
[2021-10-27 15:02:16,886][core.metrics.meter][INFO] - Meter:
SequenceAccuracy:	0.000
TokenAccuracy:	0.185
LengthAccuracy:	0.616
1st Token Accuracy:	0.164
2nd Token Accuracy:	0.038
Average Loss:	6.519
[2021-10-27 15:02:16,886][core.trainer][INFO] - EPOCH 20 / 50
[2021-10-27 15:02:16,886][core.trainer][INFO] - Computing metrics for 'train' dataset
[2021-10-27 15:02:47,302][core.trainer][INFO] - Computing metrics for 'val' dataset
[2021-10-27 15:02:51,448][core.metrics.meter][INFO] - Meter:
SequenceAccuracy:	0.987
TokenAccuracy:	1.000
LengthAccuracy:	0.987
1st Token Accuracy:	1.000
2nd Token Accuracy:	1.000
Average Loss:	0.024
[2021-10-27 15:03:21,975][core.trainer][INFO] - Computing metrics for 'val' dataset
[2021-10-27 15:03:26,167][core.metrics.meter][INFO] - Meter:
SequenceAccuracy:	0.981
TokenAccuracy:	1.000
LengthAccuracy:	0.981
1st Token Accuracy:	1.000
2nd Token Accuracy:	1.000
Average Loss:	0.033
[2021-10-27 15:03:26,277][core.early_stopping][INFO] - Early stopping counter: 1 / 5
[2021-10-27 15:03:26,328][core.early_stopping][INFO] - Pausing model saving until validation loss decreases by 0.0001
[2021-10-27 15:03:56,556][core.trainer][INFO] - Computing metrics for 'val' dataset
[2021-10-27 15:04:00,760][core.metrics.meter][INFO] - Meter:
SequenceAccuracy:	0.983
TokenAccuracy:	1.000
LengthAccuracy:	0.983
1st Token Accuracy:	1.000
2nd Token Accuracy:	1.000
Average Loss:	0.032
[2021-10-27 15:04:00,881][core.early_stopping][INFO] - Early stopping counter: 2 / 5
[2021-10-27 15:04:00,932][core.early_stopping][INFO] - Pausing model saving until validation loss decreases by 0.0001
[2021-10-27 15:04:31,100][core.trainer][INFO] - Computing metrics for 'val' dataset
[2021-10-27 15:04:35,270][core.metrics.meter][INFO] - Meter:
SequenceAccuracy:	0.985
TokenAccuracy:	1.000
LengthAccuracy:	0.985
1st Token Accuracy:	1.000
2nd Token Accuracy:	1.000
Average Loss:	0.028
[2021-10-27 15:04:35,416][core.early_stopping][INFO] - Early stopping counter: 3 / 5
[2021-10-27 15:04:35,467][core.early_stopping][INFO] - Pausing model saving until validation loss decreases by 0.0001
[2021-10-27 15:05:05,645][core.trainer][INFO] - Computing metrics for 'val' dataset
[2021-10-27 15:05:09,847][core.metrics.meter][INFO] - Meter:
SequenceAccuracy:	0.983
TokenAccuracy:	1.000
LengthAccuracy:	0.983
1st Token Accuracy:	1.000
2nd Token Accuracy:	1.000
Average Loss:	0.031
[2021-10-27 15:05:09,957][core.early_stopping][INFO] - Early stopping counter: 4 / 5
[2021-10-27 15:05:10,008][core.early_stopping][INFO] - Pausing model saving until validation loss decreases by 0.0001
[2021-10-27 15:05:40,307][core.trainer][INFO] - Computing metrics for 'val' dataset
[2021-10-27 15:05:44,472][core.metrics.meter][INFO] - Meter:
SequenceAccuracy:	0.986
TokenAccuracy:	1.000
LengthAccuracy:	0.986
1st Token Accuracy:	1.000
2nd Token Accuracy:	1.000
Average Loss:	0.025
[2021-10-27 15:05:44,598][core.early_stopping][INFO] - Early stopping counter: 5 / 5
[2021-10-27 15:05:44,648][core.early_stopping][INFO] - Pausing model saving until validation loss decreases by 0.0001
[2021-10-27 15:05:44,649][core.trainer][INFO] - Computing metrics for 'test' dataset
[2021-10-27 15:06:24,664][core.metrics.meter][INFO] - Meter:
SequenceAccuracy:	0.984
TokenAccuracy:	1.000
LengthAccuracy:	0.984
1st Token Accuracy:	1.000
2nd Token Accuracy:	1.000
Average Loss:	0.029
[2021-10-27 15:06:24,664][core.trainer][INFO] - Computing metrics for 'gen' dataset
[2021-10-27 15:07:14,237][core.metrics.meter][INFO] - Meter:
SequenceAccuracy:	0.000
TokenAccuracy:	0.184
LengthAccuracy:	0.611
1st Token Accuracy:	0.164
2nd Token Accuracy:	0.038
Average Loss:	6.602
[2021-10-27 15:07:14,237][core.trainer][INFO] - EPOCH 21 / 50
[2021-10-27 15:07:14,237][core.trainer][INFO] - Computing metrics for 'train' dataset
[2021-10-27 15:07:44,819][core.trainer][INFO] - Computing metrics for 'val' dataset
[2021-10-27 15:07:49,030][core.metrics.meter][INFO] - Meter:
SequenceAccuracy:	0.988
TokenAccuracy:	1.000
LengthAccuracy:	0.988
1st Token Accuracy:	1.000
2nd Token Accuracy:	1.000
Average Loss:	0.021
[2021-10-27 15:07:49,141][core.early_stopping][INFO] - Early stopping counter: 6 / 5
[2021-10-27 15:07:49,194][core.early_stopping][INFO] - Pausing model saving until validation loss decreases by 0.0001
[2021-10-27 15:07:49,195][core.trainer][INFO] - Computing metrics for 'test' dataset
[2021-10-27 15:08:29,772][core.metrics.meter][INFO] - Meter:
SequenceAccuracy:	0.985
TokenAccuracy:	1.000
LengthAccuracy:	0.985
1st Token Accuracy:	1.000
2nd Token Accuracy:	1.000
Average Loss:	0.030
[2021-10-27 15:08:29,773][core.trainer][INFO] - Computing metrics for 'gen' dataset
[2021-10-27 15:09:19,589][core.metrics.meter][INFO] - Meter:
SequenceAccuracy:	0.000
TokenAccuracy:	0.183
LengthAccuracy:	0.600
1st Token Accuracy:	0.164
2nd Token Accuracy:	0.038
Average Loss:	6.622
[2021-10-27 15:09:19,589][core.trainer][INFO] - EPOCH 22 / 50
[2021-10-27 15:09:19,589][core.trainer][INFO] - Computing metrics for 'train' dataset
[2021-10-27 15:09:50,351][core.trainer][INFO] - Computing metrics for 'val' dataset
[2021-10-27 15:09:54,558][core.metrics.meter][INFO] - Meter:
SequenceAccuracy:	0.983
TokenAccuracy:	1.000
LengthAccuracy:	0.983
1st Token Accuracy:	1.000
2nd Token Accuracy:	1.000
Average Loss:	0.030
[2021-10-27 15:09:54,703][core.early_stopping][INFO] - Early stopping counter: 7 / 5
[2021-10-27 15:09:54,757][core.early_stopping][INFO] - Pausing model saving until validation loss decreases by 0.0001
[2021-10-27 15:09:54,757][core.trainer][INFO] - Computing metrics for 'test' dataset
[2021-10-27 15:10:35,133][core.metrics.meter][INFO] - Meter:
SequenceAccuracy:	0.983
TokenAccuracy:	1.000
LengthAccuracy:	0.983
1st Token Accuracy:	1.000
2nd Token Accuracy:	1.000
Average Loss:	0.031
[2021-10-27 15:10:35,133][core.trainer][INFO] - Computing metrics for 'gen' dataset
[2021-10-27 15:11:25,320][core.metrics.meter][INFO] - Meter:
SequenceAccuracy:	0.000
TokenAccuracy:	0.184
LengthAccuracy:	0.613
1st Token Accuracy:	0.164
2nd Token Accuracy:	0.038
Average Loss:	6.644
[2021-10-27 15:11:25,320][core.trainer][INFO] - EPOCH 23 / 50
[2021-10-27 15:11:25,320][core.trainer][INFO] - Computing metrics for 'train' dataset
[2021-10-27 15:11:55,917][core.trainer][INFO] - Computing metrics for 'val' dataset
[2021-10-27 15:12:00,116][core.metrics.meter][INFO] - Meter:
SequenceAccuracy:	0.983
TokenAccuracy:	1.000
LengthAccuracy:	0.983
1st Token Accuracy:	1.000
2nd Token Accuracy:	1.000
Average Loss:	0.033
[2021-10-27 15:12:00,235][core.early_stopping][INFO] - Early stopping counter: 8 / 5
[2021-10-27 15:12:00,288][core.early_stopping][INFO] - Pausing model saving until validation loss decreases by 0.0001
[2021-10-27 15:12:00,288][core.trainer][INFO] - Computing metrics for 'test' dataset
[2021-10-27 15:12:40,633][core.metrics.meter][INFO] - Meter:
SequenceAccuracy:	0.985
TokenAccuracy:	1.000
LengthAccuracy:	0.985
1st Token Accuracy:	1.000
2nd Token Accuracy:	1.000
Average Loss:	0.029
[2021-10-27 15:12:40,651][core.trainer][INFO] - Computing metrics for 'gen' dataset
[2021-10-27 15:13:30,583][core.metrics.meter][INFO] - Meter:
SequenceAccuracy:	0.000
TokenAccuracy:	0.184
LengthAccuracy:	0.614
1st Token Accuracy:	0.164
2nd Token Accuracy:	0.038
Average Loss:	6.645
[2021-10-27 15:13:30,595][core.trainer][INFO] - EPOCH 24 / 50
[2021-10-27 15:13:30,595][core.trainer][INFO] - Computing metrics for 'train' dataset
[2021-10-27 15:14:00,994][core.trainer][INFO] - Computing metrics for 'val' dataset
[2021-10-27 15:14:05,167][core.metrics.meter][INFO] - Meter:
SequenceAccuracy:	0.984
TokenAccuracy:	1.000
LengthAccuracy:	0.984
1st Token Accuracy:	1.000
2nd Token Accuracy:	1.000
Average Loss:	0.030
[2021-10-27 15:14:05,276][core.early_stopping][INFO] - Early stopping counter: 9 / 5
[2021-10-27 15:14:05,328][core.early_stopping][INFO] - Pausing model saving until validation loss decreases by 0.0001
[2021-10-27 15:14:05,328][core.trainer][INFO] - Computing metrics for 'test' dataset
[2021-10-27 15:14:45,431][core.metrics.meter][INFO] - Meter:
SequenceAccuracy:	0.984
TokenAccuracy:	1.000
LengthAccuracy:	0.984
1st Token Accuracy:	1.000
2nd Token Accuracy:	1.000
Average Loss:	0.027
[2021-10-27 15:14:45,431][core.trainer][INFO] - Computing metrics for 'gen' dataset
[2021-10-27 15:15:35,088][core.metrics.meter][INFO] - Meter:
SequenceAccuracy:	0.000
TokenAccuracy:	0.184
LengthAccuracy:	0.617
1st Token Accuracy:	0.164
2nd Token Accuracy:	0.038
Average Loss:	6.654
[2021-10-27 15:15:35,089][core.trainer][INFO] - EPOCH 25 / 50
[2021-10-27 15:15:35,089][core.trainer][INFO] - Computing metrics for 'train' dataset
[2021-10-27 15:16:05,412][core.trainer][INFO] - Computing metrics for 'val' dataset
[2021-10-27 15:16:09,613][core.metrics.meter][INFO] - Meter:
SequenceAccuracy:	0.984
TokenAccuracy:	1.000
LengthAccuracy:	0.984
1st Token Accuracy:	1.000
2nd Token Accuracy:	1.000
Average Loss:	0.030
[2021-10-27 15:16:09,744][core.early_stopping][INFO] - Early stopping counter: 10 / 5
[2021-10-27 15:16:09,797][core.early_stopping][INFO] - Pausing model saving until validation loss decreases by 0.0001
[2021-10-27 15:16:09,798][core.trainer][INFO] - Computing metrics for 'test' dataset
[2021-10-27 15:16:50,242][core.metrics.meter][INFO] - Meter:
SequenceAccuracy:	0.984
TokenAccuracy:	1.000
LengthAccuracy:	0.984
1st Token Accuracy:	1.000
2nd Token Accuracy:	1.000
Average Loss:	0.031
[2021-10-27 15:16:50,242][core.trainer][INFO] - Computing metrics for 'gen' dataset
[2021-10-27 15:17:40,247][core.metrics.meter][INFO] - Meter:
SequenceAccuracy:	0.000
TokenAccuracy:	0.183
LengthAccuracy:	0.605
1st Token Accuracy:	0.164
2nd Token Accuracy:	0.038
Average Loss:	6.682
[2021-10-27 15:17:40,247][core.trainer][INFO] - EPOCH 26 / 50
[2021-10-27 15:17:40,247][core.trainer][INFO] - Computing metrics for 'train' dataset
[2021-10-27 15:18:10,725][core.trainer][INFO] - Computing metrics for 'val' dataset
[2021-10-27 15:18:14,880][core.metrics.meter][INFO] - Meter:
SequenceAccuracy:	0.985
TokenAccuracy:	1.000
LengthAccuracy:	0.985
1st Token Accuracy:	1.000
2nd Token Accuracy:	1.000
Average Loss:	0.029
[2021-10-27 15:18:14,990][core.early_stopping][INFO] - Early stopping counter: 11 / 5
[2021-10-27 15:18:15,045][core.early_stopping][INFO] - Pausing model saving until validation loss decreases by 0.0001
[2021-10-27 15:18:15,045][core.trainer][INFO] - Computing metrics for 'test' dataset
[2021-10-27 15:18:55,120][core.metrics.meter][INFO] - Meter:
SequenceAccuracy:	0.985
TokenAccuracy:	1.000
LengthAccuracy:	0.985
1st Token Accuracy:	1.000
2nd Token Accuracy:	1.000
Average Loss:	0.029
[2021-10-27 15:18:55,120][core.trainer][INFO] - Computing metrics for 'gen' dataset
[2021-10-27 15:19:44,647][core.metrics.meter][INFO] - Meter:
SequenceAccuracy:	0.000
TokenAccuracy:	0.184
LengthAccuracy:	0.604
1st Token Accuracy:	0.164
2nd Token Accuracy:	0.038
Average Loss:	6.690
[2021-10-27 15:19:44,647][core.trainer][INFO] - EPOCH 27 / 50
[2021-10-27 15:19:44,647][core.trainer][INFO] - Computing metrics for 'train' dataset
[2021-10-27 15:20:15,018][core.trainer][INFO] - Computing metrics for 'val' dataset
[2021-10-27 15:20:19,178][core.metrics.meter][INFO] - Meter:
SequenceAccuracy:	0.981
TokenAccuracy:	1.000
LengthAccuracy:	0.981
1st Token Accuracy:	1.000
2nd Token Accuracy:	1.000
Average Loss:	0.033
[2021-10-27 15:20:19,310][core.early_stopping][INFO] - Early stopping counter: 12 / 5
[2021-10-27 15:20:19,381][core.early_stopping][INFO] - Pausing model saving until validation loss decreases by 0.0001
[2021-10-27 15:20:19,381][core.trainer][INFO] - Computing metrics for 'test' dataset
[2021-10-27 15:20:59,465][core.metrics.meter][INFO] - Meter:
SequenceAccuracy:	0.985
TokenAccuracy:	1.000
LengthAccuracy:	0.985
1st Token Accuracy:	1.000
2nd Token Accuracy:	1.000
Average Loss:	0.028
[2021-10-27 15:20:59,465][core.trainer][INFO] - Computing metrics for 'gen' dataset
[2021-10-27 15:21:49,092][core.metrics.meter][INFO] - Meter:
SequenceAccuracy:	0.000
TokenAccuracy:	0.182
LengthAccuracy:	0.615
1st Token Accuracy:	0.164
2nd Token Accuracy:	0.038
Average Loss:	6.720
[2021-10-27 15:21:49,093][core.trainer][INFO] - EPOCH 28 / 50
[2021-10-27 15:21:49,093][core.trainer][INFO] - Computing metrics for 'train' dataset
[2021-10-27 15:22:19,462][core.trainer][INFO] - Computing metrics for 'val' dataset
[2021-10-27 15:22:23,632][core.metrics.meter][INFO] - Meter:
SequenceAccuracy:	0.983
TokenAccuracy:	1.000
LengthAccuracy:	0.983
1st Token Accuracy:	1.000
2nd Token Accuracy:	1.000
Average Loss:	0.030
[2021-10-27 15:22:23,753][core.early_stopping][INFO] - Early stopping counter: 13 / 5
[2021-10-27 15:22:23,804][core.early_stopping][INFO] - Pausing model saving until validation loss decreases by 0.0001
[2021-10-27 15:22:23,804][core.trainer][INFO] - Computing metrics for 'test' dataset
[2021-10-27 15:23:03,966][core.metrics.meter][INFO] - Meter:
SequenceAccuracy:	0.985
TokenAccuracy:	1.000
LengthAccuracy:	0.985
1st Token Accuracy:	1.000
2nd Token Accuracy:	1.000
Average Loss:	0.028
[2021-10-27 15:23:03,966][core.trainer][INFO] - Computing metrics for 'gen' dataset
[2021-10-27 15:23:53,714][core.metrics.meter][INFO] - Meter:
SequenceAccuracy:	0.000
TokenAccuracy:	0.182
LengthAccuracy:	0.614
1st Token Accuracy:	0.164
2nd Token Accuracy:	0.038
Average Loss:	6.733
[2021-10-27 15:23:53,714][core.trainer][INFO] - EPOCH 29 / 50
[2021-10-27 15:23:53,714][core.trainer][INFO] - Computing metrics for 'train' dataset
[2021-10-27 15:24:24,180][core.trainer][INFO] - Computing metrics for 'val' dataset
[2021-10-27 15:24:28,350][core.metrics.meter][INFO] - Meter:
SequenceAccuracy:	0.983
TokenAccuracy:	1.000
LengthAccuracy:	0.983
1st Token Accuracy:	1.000
2nd Token Accuracy:	1.000
Average Loss:	0.033
[2021-10-27 15:24:28,459][core.early_stopping][INFO] - Early stopping counter: 14 / 5
[2021-10-27 15:24:28,516][core.early_stopping][INFO] - Pausing model saving until validation loss decreases by 0.0001
[2021-10-27 15:24:28,516][core.trainer][INFO] - Computing metrics for 'test' dataset
[2021-10-27 15:25:08,659][core.metrics.meter][INFO] - Meter:
SequenceAccuracy:	0.983
TokenAccuracy:	1.000
LengthAccuracy:	0.983
1st Token Accuracy:	1.000
2nd Token Accuracy:	1.000
Average Loss:	0.030
[2021-10-27 15:25:08,659][core.trainer][INFO] - Computing metrics for 'gen' dataset
[2021-10-27 15:25:58,397][core.metrics.meter][INFO] - Meter:
SequenceAccuracy:	0.000
TokenAccuracy:	0.182
LengthAccuracy:	0.634
1st Token Accuracy:	0.164
2nd Token Accuracy:	0.038
Average Loss:	6.735
[2021-10-27 15:25:58,397][core.trainer][INFO] - EPOCH 30 / 50
[2021-10-27 15:25:58,397][core.trainer][INFO] - Computing metrics for 'train' dataset
[2021-10-27 15:26:28,798][core.trainer][INFO] - Computing metrics for 'val' dataset
[2021-10-27 15:26:32,997][core.metrics.meter][INFO] - Meter:
SequenceAccuracy:	0.984
TokenAccuracy:	1.000
LengthAccuracy:	0.984
1st Token Accuracy:	1.000
2nd Token Accuracy:	1.000
Average Loss:	0.026
[2021-10-27 15:26:33,131][core.early_stopping][INFO] - Early stopping counter: 15 / 5
[2021-10-27 15:26:33,187][core.early_stopping][INFO] - Pausing model saving until validation loss decreases by 0.0001
[2021-10-27 15:26:33,200][core.trainer][INFO] - Computing metrics for 'test' dataset
[2021-10-27 15:27:13,673][core.metrics.meter][INFO] - Meter:
SequenceAccuracy:	0.983
TokenAccuracy:	1.000
LengthAccuracy:	0.983
1st Token Accuracy:	1.000
2nd Token Accuracy:	1.000
Average Loss:	0.031
[2021-10-27 15:27:13,673][core.trainer][INFO] - Computing metrics for 'gen' dataset
[2021-10-27 15:28:03,640][core.metrics.meter][INFO] - Meter:
SequenceAccuracy:	0.000
TokenAccuracy:	0.182
LengthAccuracy:	0.608
1st Token Accuracy:	0.164
2nd Token Accuracy:	0.038
Average Loss:	6.758
[2021-10-27 15:28:03,640][core.trainer][INFO] - EPOCH 31 / 50
[2021-10-27 15:28:03,640][core.trainer][INFO] - Computing metrics for 'train' dataset
[2021-10-27 15:28:33,965][core.trainer][INFO] - Computing metrics for 'val' dataset
[2021-10-27 15:28:38,110][core.metrics.meter][INFO] - Meter:
SequenceAccuracy:	0.984
TokenAccuracy:	1.000
LengthAccuracy:	0.984
1st Token Accuracy:	1.000
2nd Token Accuracy:	1.000
Average Loss:	0.030
[2021-10-27 15:28:38,218][core.early_stopping][INFO] - Early stopping counter: 16 / 5
[2021-10-27 15:28:38,267][core.early_stopping][INFO] - Pausing model saving until validation loss decreases by 0.0001
[2021-10-27 15:28:38,267][core.trainer][INFO] - Computing metrics for 'test' dataset
[2021-10-27 15:29:18,252][core.metrics.meter][INFO] - Meter:
SequenceAccuracy:	0.987
TokenAccuracy:	1.000
LengthAccuracy:	0.987
1st Token Accuracy:	1.000
2nd Token Accuracy:	1.000
Average Loss:	0.026
[2021-10-27 15:29:18,253][core.trainer][INFO] - Computing metrics for 'gen' dataset
[2021-10-27 15:30:07,802][core.metrics.meter][INFO] - Meter:
SequenceAccuracy:	0.000
TokenAccuracy:	0.183
LengthAccuracy:	0.623
1st Token Accuracy:	0.164
2nd Token Accuracy:	0.038
Average Loss:	6.750
[2021-10-27 15:30:07,802][core.trainer][INFO] - EPOCH 32 / 50
[2021-10-27 15:30:07,802][core.trainer][INFO] - Computing metrics for 'train' dataset
[2021-10-27 15:30:38,086][core.trainer][INFO] - Computing metrics for 'val' dataset
[2021-10-27 15:30:42,279][core.metrics.meter][INFO] - Meter:
SequenceAccuracy:	0.985
TokenAccuracy:	1.000
LengthAccuracy:	0.985
1st Token Accuracy:	1.000
2nd Token Accuracy:	1.000
Average Loss:	0.025
[2021-10-27 15:30:42,392][core.early_stopping][INFO] - Early stopping counter: 17 / 5
[2021-10-27 15:30:42,443][core.early_stopping][INFO] - Pausing model saving until validation loss decreases by 0.0001
[2021-10-27 15:30:42,443][core.trainer][INFO] - Computing metrics for 'test' dataset
[2021-10-27 15:31:22,862][core.metrics.meter][INFO] - Meter:
SequenceAccuracy:	0.983
TokenAccuracy:	1.000
LengthAccuracy:	0.983
1st Token Accuracy:	1.000
2nd Token Accuracy:	1.000
Average Loss:	0.031
[2021-10-27 15:31:22,862][core.trainer][INFO] - Computing metrics for 'gen' dataset
[2021-10-27 15:32:13,023][core.metrics.meter][INFO] - Meter:
SequenceAccuracy:	0.000
TokenAccuracy:	0.182
LengthAccuracy:	0.620
1st Token Accuracy:	0.164
2nd Token Accuracy:	0.038
Average Loss:	6.779
[2021-10-27 15:32:13,024][core.trainer][INFO] - EPOCH 33 / 50
[2021-10-27 15:32:13,024][core.trainer][INFO] - Computing metrics for 'train' dataset
[2021-10-27 15:32:43,377][core.trainer][INFO] - Computing metrics for 'val' dataset
[2021-10-27 15:32:47,517][core.metrics.meter][INFO] - Meter:
SequenceAccuracy:	0.984
TokenAccuracy:	1.000
LengthAccuracy:	0.984
1st Token Accuracy:	1.000
2nd Token Accuracy:	1.000
Average Loss:	0.025
[2021-10-27 15:32:47,644][core.early_stopping][INFO] - Early stopping counter: 18 / 5
[2021-10-27 15:32:47,698][core.early_stopping][INFO] - Pausing model saving until validation loss decreases by 0.0001
[2021-10-27 15:32:47,699][core.trainer][INFO] - Computing metrics for 'test' dataset
[2021-10-27 15:33:27,832][core.metrics.meter][INFO] - Meter:
SequenceAccuracy:	0.983
TokenAccuracy:	1.000
LengthAccuracy:	0.983
1st Token Accuracy:	1.000
2nd Token Accuracy:	1.000
Average Loss:	0.030
[2021-10-27 15:33:27,832][core.trainer][INFO] - Computing metrics for 'gen' dataset
[2021-10-27 15:34:17,460][core.metrics.meter][INFO] - Meter:
SequenceAccuracy:	0.000
TokenAccuracy:	0.181
LengthAccuracy:	0.622
1st Token Accuracy:	0.164
2nd Token Accuracy:	0.038
Average Loss:	6.797
[2021-10-27 15:34:17,478][core.trainer][INFO] - EPOCH 34 / 50
[2021-10-27 15:34:17,478][core.trainer][INFO] - Computing metrics for 'train' dataset
[2021-10-27 15:34:47,808][core.trainer][INFO] - Computing metrics for 'val' dataset
[2021-10-27 15:34:51,983][core.metrics.meter][INFO] - Meter:
SequenceAccuracy:	0.985
TokenAccuracy:	1.000
LengthAccuracy:	0.985
1st Token Accuracy:	1.000
2nd Token Accuracy:	1.000
Average Loss:	0.028
[2021-10-27 15:34:52,092][core.early_stopping][INFO] - Early stopping counter: 19 / 5
[2021-10-27 15:34:52,143][core.early_stopping][INFO] - Pausing model saving until validation loss decreases by 0.0001
[2021-10-27 15:34:52,143][core.trainer][INFO] - Computing metrics for 'test' dataset
[2021-10-27 15:35:32,317][core.metrics.meter][INFO] - Meter:
SequenceAccuracy:	0.984
TokenAccuracy:	1.000
LengthAccuracy:	0.984
1st Token Accuracy:	1.000
2nd Token Accuracy:	1.000
Average Loss:	0.029
[2021-10-27 15:35:32,317][core.trainer][INFO] - Computing metrics for 'gen' dataset
[2021-10-27 15:36:22,176][core.metrics.meter][INFO] - Meter:
SequenceAccuracy:	0.000
TokenAccuracy:	0.182
LengthAccuracy:	0.638
1st Token Accuracy:	0.164
2nd Token Accuracy:	0.038
Average Loss:	6.807
[2021-10-27 15:36:22,177][core.trainer][INFO] - EPOCH 35 / 50
[2021-10-27 15:36:22,177][core.trainer][INFO] - Computing metrics for 'train' dataset
[2021-10-27 15:36:52,447][core.trainer][INFO] - Computing metrics for 'val' dataset
[2021-10-27 15:36:56,608][core.metrics.meter][INFO] - Meter:
SequenceAccuracy:	0.985
TokenAccuracy:	1.000
LengthAccuracy:	0.985
1st Token Accuracy:	1.000
2nd Token Accuracy:	1.000
Average Loss:	0.026
[2021-10-27 15:36:56,742][core.early_stopping][INFO] - Early stopping counter: 20 / 5
[2021-10-27 15:36:56,793][core.early_stopping][INFO] - Pausing model saving until validation loss decreases by 0.0001
[2021-10-27 15:36:56,793][core.trainer][INFO] - Computing metrics for 'test' dataset
[2021-10-27 15:37:36,753][core.metrics.meter][INFO] - Meter:
SequenceAccuracy:	0.986
TokenAccuracy:	1.000
LengthAccuracy:	0.986
1st Token Accuracy:	1.000
2nd Token Accuracy:	1.000
Average Loss:	0.026
[2021-10-27 15:37:36,753][core.trainer][INFO] - Computing metrics for 'gen' dataset
[2021-10-27 15:38:26,203][core.metrics.meter][INFO] - Meter:
SequenceAccuracy:	0.000
TokenAccuracy:	0.181
LengthAccuracy:	0.617
1st Token Accuracy:	0.164
2nd Token Accuracy:	0.038
Average Loss:	6.815
[2021-10-27 15:38:26,203][core.trainer][INFO] - EPOCH 36 / 50
[2021-10-27 15:38:26,203][core.trainer][INFO] - Computing metrics for 'train' dataset
[2021-10-27 15:38:56,508][core.trainer][INFO] - Computing metrics for 'val' dataset
[2021-10-27 15:39:00,700][core.metrics.meter][INFO] - Meter:
SequenceAccuracy:	0.983
TokenAccuracy:	1.000
LengthAccuracy:	0.983
1st Token Accuracy:	1.000
2nd Token Accuracy:	1.000
Average Loss:	0.032
[2021-10-27 15:39:00,816][core.early_stopping][INFO] - Early stopping counter: 21 / 5
[2021-10-27 15:39:00,869][core.early_stopping][INFO] - Pausing model saving until validation loss decreases by 0.0001
[2021-10-27 15:39:00,869][core.trainer][INFO] - Computing metrics for 'test' dataset
[2021-10-27 15:39:40,947][core.metrics.meter][INFO] - Meter:
SequenceAccuracy:	0.985
TokenAccuracy:	1.000
LengthAccuracy:	0.985
1st Token Accuracy:	1.000
2nd Token Accuracy:	1.000
Average Loss:	0.030
[2021-10-27 15:39:40,948][core.trainer][INFO] - Computing metrics for 'gen' dataset
[2021-10-27 15:40:30,465][core.metrics.meter][INFO] - Meter:
SequenceAccuracy:	0.000
TokenAccuracy:	0.182
LengthAccuracy:	0.623
1st Token Accuracy:	0.164
2nd Token Accuracy:	0.038
Average Loss:	6.832
[2021-10-27 15:40:30,465][core.trainer][INFO] - EPOCH 37 / 50
[2021-10-27 15:40:30,465][core.trainer][INFO] - Computing metrics for 'train' dataset
[2021-10-27 15:41:00,747][core.trainer][INFO] - Computing metrics for 'val' dataset
[2021-10-27 15:41:04,918][core.metrics.meter][INFO] - Meter:
SequenceAccuracy:	0.981
TokenAccuracy:	1.000
LengthAccuracy:	0.981
1st Token Accuracy:	1.000
2nd Token Accuracy:	1.000
Average Loss:	0.035
[2021-10-27 15:41:05,035][core.early_stopping][INFO] - Early stopping counter: 22 / 5
[2021-10-27 15:41:05,084][core.early_stopping][INFO] - Pausing model saving until validation loss decreases by 0.0001
[2021-10-27 15:41:05,085][core.trainer][INFO] - Computing metrics for 'test' dataset
[2021-10-27 15:41:45,077][core.metrics.meter][INFO] - Meter:
SequenceAccuracy:	0.982
TokenAccuracy:	1.000
LengthAccuracy:	0.982
1st Token Accuracy:	1.000
2nd Token Accuracy:	1.000
Average Loss:	0.033
[2021-10-27 15:41:45,077][core.trainer][INFO] - Computing metrics for 'gen' dataset
[2021-10-27 15:42:34,619][core.metrics.meter][INFO] - Meter:
SequenceAccuracy:	0.000
TokenAccuracy:	0.181
LengthAccuracy:	0.635
1st Token Accuracy:	0.164
2nd Token Accuracy:	0.038
Average Loss:	6.842
[2021-10-27 15:42:34,619][core.trainer][INFO] - EPOCH 38 / 50
[2021-10-27 15:42:34,619][core.trainer][INFO] - Computing metrics for 'train' dataset
[2021-10-27 15:43:05,005][core.trainer][INFO] - Computing metrics for 'val' dataset
[2021-10-27 15:43:09,168][core.metrics.meter][INFO] - Meter:
SequenceAccuracy:	0.985
TokenAccuracy:	1.000
LengthAccuracy:	0.985
1st Token Accuracy:	1.000
2nd Token Accuracy:	1.000
Average Loss:	0.027
[2021-10-27 15:43:09,297][core.early_stopping][INFO] - Early stopping counter: 23 / 5
[2021-10-27 15:43:09,347][core.early_stopping][INFO] - Pausing model saving until validation loss decreases by 0.0001
[2021-10-27 15:43:09,347][core.trainer][INFO] - Computing metrics for 'test' dataset
[2021-10-27 15:43:49,435][core.metrics.meter][INFO] - Meter:
SequenceAccuracy:	0.986
TokenAccuracy:	1.000
LengthAccuracy:	0.986
1st Token Accuracy:	1.000
2nd Token Accuracy:	1.000
Average Loss:	0.024
[2021-10-27 15:43:49,435][core.trainer][INFO] - Computing metrics for 'gen' dataset
[2021-10-27 15:44:39,213][core.metrics.meter][INFO] - Meter:
SequenceAccuracy:	0.000
TokenAccuracy:	0.182
LengthAccuracy:	0.643
1st Token Accuracy:	0.164
2nd Token Accuracy:	0.038
Average Loss:	6.853
[2021-10-27 15:44:39,214][core.trainer][INFO] - EPOCH 39 / 50
[2021-10-27 15:44:39,214][core.trainer][INFO] - Computing metrics for 'train' dataset
[2021-10-27 15:45:09,647][core.trainer][INFO] - Computing metrics for 'val' dataset
[2021-10-27 15:45:13,794][core.metrics.meter][INFO] - Meter:
SequenceAccuracy:	0.987
TokenAccuracy:	1.000
LengthAccuracy:	0.987
1st Token Accuracy:	1.000
2nd Token Accuracy:	1.000
Average Loss:	0.024
[2021-10-27 15:45:13,899][core.early_stopping][INFO] - Early stopping counter: 24 / 5
[2021-10-27 15:45:13,949][core.early_stopping][INFO] - Pausing model saving until validation loss decreases by 0.0001
[2021-10-27 15:45:13,949][core.trainer][INFO] - Computing metrics for 'test' dataset
[2021-10-27 15:45:53,936][core.metrics.meter][INFO] - Meter:
SequenceAccuracy:	0.984
TokenAccuracy:	1.000
LengthAccuracy:	0.985
1st Token Accuracy:	1.000
2nd Token Accuracy:	1.000
Average Loss:	0.030
[2021-10-27 15:45:53,936][core.trainer][INFO] - Computing metrics for 'gen' dataset
[2021-10-27 15:46:43,543][core.metrics.meter][INFO] - Meter:
SequenceAccuracy:	0.000
TokenAccuracy:	0.182
LengthAccuracy:	0.633
1st Token Accuracy:	0.164
2nd Token Accuracy:	0.038
Average Loss:	6.855
[2021-10-27 15:46:43,543][core.trainer][INFO] - EPOCH 40 / 50
[2021-10-27 15:46:43,543][core.trainer][INFO] - Computing metrics for 'train' dataset
[2021-10-27 15:47:13,970][core.trainer][INFO] - Computing metrics for 'val' dataset
[2021-10-27 15:47:18,176][core.metrics.meter][INFO] - Meter:
SequenceAccuracy:	0.983
TokenAccuracy:	1.000
LengthAccuracy:	0.983
1st Token Accuracy:	1.000
2nd Token Accuracy:	1.000
Average Loss:	0.030
[2021-10-27 15:47:18,369][core.early_stopping][INFO] - Early stopping counter: 25 / 5
[2021-10-27 15:47:18,369][core.early_stopping][INFO] - Pausing model saving until validation loss decreases by 0.0001
[2021-10-27 15:47:18,369][core.trainer][INFO] - Computing metrics for 'test' dataset
[2021-10-27 15:47:58,787][core.metrics.meter][INFO] - Meter:
SequenceAccuracy:	0.985
TokenAccuracy:	1.000
LengthAccuracy:	0.985
1st Token Accuracy:	1.000
2nd Token Accuracy:	1.000
Average Loss:	0.028
[2021-10-27 15:47:58,888][core.trainer][INFO] - Computing metrics for 'gen' dataset
[2021-10-27 15:48:48,989][core.metrics.meter][INFO] - Meter:
SequenceAccuracy:	0.000
TokenAccuracy:	0.181
LengthAccuracy:	0.628
1st Token Accuracy:	0.164
2nd Token Accuracy:	0.038
Average Loss:	6.872
[2021-10-27 15:48:48,989][core.trainer][INFO] - EPOCH 41 / 50
[2021-10-27 15:48:48,989][core.trainer][INFO] - Computing metrics for 'train' dataset
[2021-10-27 15:49:19,363][core.trainer][INFO] - Computing metrics for 'val' dataset
[2021-10-27 15:49:23,525][core.metrics.meter][INFO] - Meter:
SequenceAccuracy:	0.983
TokenAccuracy:	1.000
LengthAccuracy:	0.983
1st Token Accuracy:	1.000
2nd Token Accuracy:	1.000
Average Loss:	0.032
[2021-10-27 15:49:23,645][core.early_stopping][INFO] - Early stopping counter: 26 / 5
[2021-10-27 15:49:23,695][core.early_stopping][INFO] - Pausing model saving until validation loss decreases by 0.0001
[2021-10-27 15:49:23,696][core.trainer][INFO] - Computing metrics for 'test' dataset
[2021-10-27 15:50:03,771][core.metrics.meter][INFO] - Meter:
SequenceAccuracy:	0.985
TokenAccuracy:	1.000
LengthAccuracy:	0.985
1st Token Accuracy:	1.000
2nd Token Accuracy:	1.000
Average Loss:	0.028
[2021-10-27 15:50:03,771][core.trainer][INFO] - Computing metrics for 'gen' dataset
[2021-10-27 15:50:53,474][core.metrics.meter][INFO] - Meter:
SequenceAccuracy:	0.000
TokenAccuracy:	0.181
LengthAccuracy:	0.636
1st Token Accuracy:	0.164
2nd Token Accuracy:	0.038
Average Loss:	6.880
[2021-10-27 15:50:53,474][core.trainer][INFO] - EPOCH 42 / 50
[2021-10-27 15:50:53,474][core.trainer][INFO] - Computing metrics for 'train' dataset
[2021-10-27 15:51:23,820][core.trainer][INFO] - Computing metrics for 'val' dataset
[2021-10-27 15:51:27,974][core.metrics.meter][INFO] - Meter:
SequenceAccuracy:	0.984
TokenAccuracy:	1.000
LengthAccuracy:	0.984
1st Token Accuracy:	1.000
2nd Token Accuracy:	1.000
Average Loss:	0.026
[2021-10-27 15:51:28,083][core.early_stopping][INFO] - Early stopping counter: 27 / 5
[2021-10-27 15:51:28,133][core.early_stopping][INFO] - Pausing model saving until validation loss decreases by 0.0001
[2021-10-27 15:51:28,134][core.trainer][INFO] - Computing metrics for 'test' dataset
[2021-10-27 15:52:08,211][core.metrics.meter][INFO] - Meter:
SequenceAccuracy:	0.985
TokenAccuracy:	1.000
LengthAccuracy:	0.985
1st Token Accuracy:	1.000
2nd Token Accuracy:	1.000
Average Loss:	0.027
[2021-10-27 15:52:08,212][core.trainer][INFO] - Computing metrics for 'gen' dataset
[2021-10-27 15:52:57,923][core.metrics.meter][INFO] - Meter:
SequenceAccuracy:	0.000
TokenAccuracy:	0.181
LengthAccuracy:	0.632
1st Token Accuracy:	0.164
2nd Token Accuracy:	0.038
Average Loss:	6.892
[2021-10-27 15:52:57,923][core.trainer][INFO] - EPOCH 43 / 50
[2021-10-27 15:52:57,923][core.trainer][INFO] - Computing metrics for 'train' dataset
[2021-10-27 15:53:28,179][core.trainer][INFO] - Computing metrics for 'val' dataset
[2021-10-27 15:53:32,358][core.metrics.meter][INFO] - Meter:
SequenceAccuracy:	0.981
TokenAccuracy:	1.000
LengthAccuracy:	0.981
1st Token Accuracy:	1.000
2nd Token Accuracy:	1.000
Average Loss:	0.033
[2021-10-27 15:53:32,493][core.early_stopping][INFO] - Early stopping counter: 28 / 5
[2021-10-27 15:53:32,543][core.early_stopping][INFO] - Pausing model saving until validation loss decreases by 0.0001
[2021-10-27 15:53:32,543][core.trainer][INFO] - Computing metrics for 'test' dataset
[2021-10-27 15:54:12,619][core.metrics.meter][INFO] - Meter:
SequenceAccuracy:	0.986
TokenAccuracy:	1.000
LengthAccuracy:	0.986
1st Token Accuracy:	1.000
2nd Token Accuracy:	1.000
Average Loss:	0.028
[2021-10-27 15:54:12,619][core.trainer][INFO] - Computing metrics for 'gen' dataset
[2021-10-27 15:55:02,344][core.metrics.meter][INFO] - Meter:
SequenceAccuracy:	0.000
TokenAccuracy:	0.180
LengthAccuracy:	0.643
1st Token Accuracy:	0.164
2nd Token Accuracy:	0.038
Average Loss:	6.912
[2021-10-27 15:55:02,344][core.trainer][INFO] - EPOCH 44 / 50
[2021-10-27 15:55:02,344][core.trainer][INFO] - Computing metrics for 'train' dataset
[2021-10-27 15:55:32,645][core.trainer][INFO] - Computing metrics for 'val' dataset
[2021-10-27 15:55:36,846][core.metrics.meter][INFO] - Meter:
SequenceAccuracy:	0.986
TokenAccuracy:	1.000
LengthAccuracy:	0.986
1st Token Accuracy:	1.000
2nd Token Accuracy:	1.000
Average Loss:	0.026
[2021-10-27 15:55:36,958][core.early_stopping][INFO] - Early stopping counter: 29 / 5
[2021-10-27 15:55:37,008][core.early_stopping][INFO] - Pausing model saving until validation loss decreases by 0.0001
[2021-10-27 15:55:37,009][core.trainer][INFO] - Computing metrics for 'test' dataset
[2021-10-27 15:56:17,464][core.metrics.meter][INFO] - Meter:
SequenceAccuracy:	0.983
TokenAccuracy:	1.000
LengthAccuracy:	0.983
1st Token Accuracy:	1.000
2nd Token Accuracy:	1.000
Average Loss:	0.031
[2021-10-27 15:56:17,464][core.trainer][INFO] - Computing metrics for 'gen' dataset
[2021-10-27 15:57:07,534][core.metrics.meter][INFO] - Meter:
SequenceAccuracy:	0.000
TokenAccuracy:	0.180
LengthAccuracy:	0.631
1st Token Accuracy:	0.164
2nd Token Accuracy:	0.038
Average Loss:	6.924
[2021-10-27 15:57:07,535][core.trainer][INFO] - EPOCH 45 / 50
[2021-10-27 15:57:07,535][core.trainer][INFO] - Computing metrics for 'train' dataset
[2021-10-27 15:57:37,911][core.trainer][INFO] - Computing metrics for 'val' dataset
[2021-10-27 15:57:42,076][core.metrics.meter][INFO] - Meter:
SequenceAccuracy:	0.983
TokenAccuracy:	1.000
LengthAccuracy:	0.983
1st Token Accuracy:	1.000
2nd Token Accuracy:	1.000
Average Loss:	0.033
[2021-10-27 15:57:42,188][core.early_stopping][INFO] - Early stopping counter: 30 / 5
[2021-10-27 15:57:42,239][core.early_stopping][INFO] - Pausing model saving until validation loss decreases by 0.0001
[2021-10-27 15:57:42,239][core.trainer][INFO] - Computing metrics for 'test' dataset
[2021-10-27 15:58:22,348][core.metrics.meter][INFO] - Meter:
SequenceAccuracy:	0.984
TokenAccuracy:	1.000
LengthAccuracy:	0.984
1st Token Accuracy:	1.000
2nd Token Accuracy:	1.000
Average Loss:	0.027
[2021-10-27 15:58:22,348][core.trainer][INFO] - Computing metrics for 'gen' dataset
[2021-10-27 15:59:12,047][core.metrics.meter][INFO] - Meter:
SequenceAccuracy:	0.000
TokenAccuracy:	0.180
LengthAccuracy:	0.623
1st Token Accuracy:	0.164
2nd Token Accuracy:	0.038
Average Loss:	6.943
[2021-10-27 15:59:12,048][core.trainer][INFO] - EPOCH 46 / 50
[2021-10-27 15:59:12,048][core.trainer][INFO] - Computing metrics for 'train' dataset
[2021-10-27 15:59:42,535][core.trainer][INFO] - Computing metrics for 'val' dataset
[2021-10-27 15:59:46,695][core.metrics.meter][INFO] - Meter:
SequenceAccuracy:	0.987
TokenAccuracy:	1.000
LengthAccuracy:	0.987
1st Token Accuracy:	1.000
2nd Token Accuracy:	1.000
Average Loss:	0.022
[2021-10-27 15:59:46,819][core.early_stopping][INFO] - Early stopping counter: 31 / 5
[2021-10-27 15:59:46,874][core.early_stopping][INFO] - Pausing model saving until validation loss decreases by 0.0001
[2021-10-27 15:59:46,874][core.trainer][INFO] - Computing metrics for 'test' dataset
[2021-10-27 16:00:26,924][core.metrics.meter][INFO] - Meter:
SequenceAccuracy:	0.985
TokenAccuracy:	1.000
LengthAccuracy:	0.985
1st Token Accuracy:	1.000
2nd Token Accuracy:	1.000
Average Loss:	0.028
[2021-10-27 16:00:26,924][core.trainer][INFO] - Computing metrics for 'gen' dataset
[2021-10-27 16:01:16,594][core.metrics.meter][INFO] - Meter:
SequenceAccuracy:	0.000
TokenAccuracy:	0.179
LengthAccuracy:	0.634
1st Token Accuracy:	0.164
2nd Token Accuracy:	0.038
Average Loss:	6.956
[2021-10-27 16:01:16,594][core.trainer][INFO] - EPOCH 47 / 50
[2021-10-27 16:01:16,594][core.trainer][INFO] - Computing metrics for 'train' dataset
[2021-10-27 16:01:47,021][core.trainer][INFO] - Computing metrics for 'val' dataset
[2021-10-27 16:01:51,204][core.metrics.meter][INFO] - Meter:
SequenceAccuracy:	0.984
TokenAccuracy:	1.000
LengthAccuracy:	0.984
1st Token Accuracy:	1.000
2nd Token Accuracy:	1.000
Average Loss:	0.030
[2021-10-27 16:01:51,309][core.early_stopping][INFO] - Early stopping counter: 32 / 5
[2021-10-27 16:01:51,359][core.early_stopping][INFO] - Pausing model saving until validation loss decreases by 0.0001
[2021-10-27 16:01:51,371][core.trainer][INFO] - Computing metrics for 'test' dataset
[2021-10-27 16:02:31,399][core.metrics.meter][INFO] - Meter:
SequenceAccuracy:	0.984
TokenAccuracy:	1.000
LengthAccuracy:	0.984
1st Token Accuracy:	1.000
2nd Token Accuracy:	1.000
Average Loss:	0.029
[2021-10-27 16:02:31,399][core.trainer][INFO] - Computing metrics for 'gen' dataset
[2021-10-27 16:03:21,066][core.metrics.meter][INFO] - Meter:
SequenceAccuracy:	0.000
TokenAccuracy:	0.180
LengthAccuracy:	0.643
1st Token Accuracy:	0.164
2nd Token Accuracy:	0.038
Average Loss:	6.951
[2021-10-27 16:03:21,066][core.trainer][INFO] - EPOCH 48 / 50
[2021-10-27 16:03:21,067][core.trainer][INFO] - Computing metrics for 'train' dataset
[2021-10-27 16:03:51,478][core.trainer][INFO] - Computing metrics for 'val' dataset
[2021-10-27 16:03:55,636][core.metrics.meter][INFO] - Meter:
SequenceAccuracy:	0.983
TokenAccuracy:	1.000
LengthAccuracy:	0.983
1st Token Accuracy:	1.000
2nd Token Accuracy:	1.000
Average Loss:	0.031
[2021-10-27 16:03:55,768][core.early_stopping][INFO] - Early stopping counter: 33 / 5
[2021-10-27 16:03:55,820][core.early_stopping][INFO] - Pausing model saving until validation loss decreases by 0.0001
[2021-10-27 16:03:55,821][core.trainer][INFO] - Computing metrics for 'test' dataset
[2021-10-27 16:04:35,810][core.metrics.meter][INFO] - Meter:
SequenceAccuracy:	0.984
TokenAccuracy:	1.000
LengthAccuracy:	0.984
1st Token Accuracy:	1.000
2nd Token Accuracy:	1.000
Average Loss:	0.028
[2021-10-27 16:04:35,811][core.trainer][INFO] - Computing metrics for 'gen' dataset
[2021-10-27 16:05:25,332][core.metrics.meter][INFO] - Meter:
SequenceAccuracy:	0.000
TokenAccuracy:	0.179
LengthAccuracy:	0.634
1st Token Accuracy:	0.164
2nd Token Accuracy:	0.038
Average Loss:	6.969
[2021-10-27 16:05:25,333][core.trainer][INFO] - EPOCH 49 / 50
[2021-10-27 16:05:25,333][core.trainer][INFO] - Computing metrics for 'train' dataset
[2021-10-27 16:05:55,637][core.trainer][INFO] - Computing metrics for 'val' dataset
[2021-10-27 16:05:59,796][core.metrics.meter][INFO] - Meter:
SequenceAccuracy:	0.985
TokenAccuracy:	1.000
LengthAccuracy:	0.985
1st Token Accuracy:	1.000
2nd Token Accuracy:	1.000
Average Loss:	0.026
[2021-10-27 16:05:59,905][core.early_stopping][INFO] - Early stopping counter: 34 / 5
[2021-10-27 16:05:59,956][core.early_stopping][INFO] - Pausing model saving until validation loss decreases by 0.0001
[2021-10-27 16:05:59,956][core.trainer][INFO] - Computing metrics for 'test' dataset
[2021-10-27 16:06:40,041][core.metrics.meter][INFO] - Meter:
SequenceAccuracy:	0.986
TokenAccuracy:	1.000
LengthAccuracy:	0.986
1st Token Accuracy:	1.000
2nd Token Accuracy:	1.000
Average Loss:	0.029
[2021-10-27 16:06:40,041][core.trainer][INFO] - Computing metrics for 'gen' dataset
[2021-10-27 16:07:29,816][core.metrics.meter][INFO] - Meter:
SequenceAccuracy:	0.000
TokenAccuracy:	0.180
LengthAccuracy:	0.632
1st Token Accuracy:	0.164
2nd Token Accuracy:	0.038
Average Loss:	6.969
[2021-10-27 16:07:29,816][core.trainer][INFO] - EPOCH 50 / 50
[2021-10-27 16:07:29,816][core.trainer][INFO] - Computing metrics for 'train' dataset
[2021-10-27 16:08:00,125][core.trainer][INFO] - Computing metrics for 'val' dataset
[2021-10-27 16:08:04,295][core.metrics.meter][INFO] - Meter:
SequenceAccuracy:	0.981
TokenAccuracy:	1.000
LengthAccuracy:	0.981
1st Token Accuracy:	1.000
2nd Token Accuracy:	1.000
Average Loss:	0.034
[2021-10-27 16:08:04,404][core.early_stopping][INFO] - Early stopping counter: 35 / 5
[2021-10-27 16:08:04,455][core.early_stopping][INFO] - Pausing model saving until validation loss decreases by 0.0001
[2021-10-27 16:08:04,455][core.trainer][INFO] - Computing metrics for 'test' dataset
[2021-10-27 16:08:44,625][core.metrics.meter][INFO] - Meter:
SequenceAccuracy:	0.985
TokenAccuracy:	1.000
LengthAccuracy:	0.985
1st Token Accuracy:	1.000
2nd Token Accuracy:	1.000
Average Loss:	0.029
[2021-10-27 16:08:44,625][core.trainer][INFO] - Computing metrics for 'gen' dataset
[2021-10-27 16:09:34,434][core.metrics.meter][INFO] - Meter:
SequenceAccuracy:	0.000
TokenAccuracy:	0.179
LengthAccuracy:	0.639
1st Token Accuracy:	0.164
2nd Token Accuracy:	0.038
Average Loss:	6.990
