experiment:
  dataset:
    name: ms-question-en
    input: ms-question.tsv
    source_format: sequence
    target_format: sequence
    overwrite: false
    transform_field: target
    splits:
      train: 80
      test: 10
      val: 10
  hyperparameters:
    epochs: 50
    batch_size: 5
    lr: 0.001
    tolerance: 0.0001
    num_iters_eval: 1000
    min_iters: 30000
    patience: 5
    tf_ratio: 0.5
    cuda: 0
  model:
    name: Transformer
    encoder:
      unit: Transformer
      type: sequence
      dropout: 0
      num_layers: 2
      hidden_size: 256
      embedding_size: 256
      num_heads: 8
    decoder:
      unit: Transformer
      type: sequence
      dropout: 0
      num_layers: 2
      max_length: 30
      hidden_size: 256
      embedding_size: 256
      num_heads: 8
      attention: null
  name: qform-en-transformer-2layers
pretty_print: true

[2021-10-27 10:54:50,058][core.trainer][INFO] - DEVICE: cuda
[2021-10-27 10:54:50,058][core.dataset.base_dataset][INFO] - Initializing dataset
[2021-10-27 10:54:50,059][core.dataset.base_dataset][INFO] - Constructing fields from dataset.
[2021-10-27 10:54:53,101][core.trainer][INFO] - TransductionDataset(
 splits: [val (1000 sequences), train (100000 sequences), test (10000 sequences), gen (10000 sequences)]
 fields: [source, annotation, target]
)
[2021-10-27 10:54:53,101][core.models.base_model][INFO] - Initializing model
[2021-10-27 10:54:59,603][core.trainer][INFO] - TransductionModel(
  (_encoder): TransductionSequenceEncoder(
    (module): Sequential(
      (0): Sequential(
        (0): Embedding(68, 256)
        (1): PositionalEncoding(
          (dropout): Dropout(p=0.0, inplace=False)
        )
      )
      (1): TransformerEncoder(
        (layers): ModuleList(
          (0): TransformerEncoderLayer(
            (self_attn): MultiheadAttention(
              (out_proj): _LinearWithBias(in_features=256, out_features=256, bias=True)
            )
            (linear1): Linear(in_features=256, out_features=2048, bias=True)
            (dropout): Dropout(p=0.1, inplace=False)
            (linear2): Linear(in_features=2048, out_features=256, bias=True)
            (norm1): LayerNorm((256,), eps=1e-05, elementwise_affine=True)
            (norm2): LayerNorm((256,), eps=1e-05, elementwise_affine=True)
            (dropout1): Dropout(p=0.1, inplace=False)
            (dropout2): Dropout(p=0.1, inplace=False)
          )
          (1): TransformerEncoderLayer(
            (self_attn): MultiheadAttention(
              (out_proj): _LinearWithBias(in_features=256, out_features=256, bias=True)
            )
            (linear1): Linear(in_features=256, out_features=2048, bias=True)
            (dropout): Dropout(p=0.1, inplace=False)
            (linear2): Linear(in_features=2048, out_features=256, bias=True)
            (norm1): LayerNorm((256,), eps=1e-05, elementwise_affine=True)
            (norm2): LayerNorm((256,), eps=1e-05, elementwise_affine=True)
            (dropout1): Dropout(p=0.1, inplace=False)
            (dropout2): Dropout(p=0.1, inplace=False)
          )
        )
      )
    )
  )
  (_decoder): TransformerSequenceDecoder(
    (_embedding): Sequential(
      (0): Embedding(71, 256)
      (1): PositionalEncoding(
        (dropout): Dropout(p=0.0, inplace=False)
      )
    )
    (_unit): TransformerDecoder(
      (layers): ModuleList(
        (0): TransformerDecoderLayer(
          (self_attn): MultiheadAttention(
            (out_proj): _LinearWithBias(in_features=256, out_features=256, bias=True)
          )
          (multihead_attn): MultiheadAttention(
            (out_proj): _LinearWithBias(in_features=256, out_features=256, bias=True)
          )
          (linear1): Linear(in_features=256, out_features=2048, bias=True)
          (dropout): Dropout(p=0.0, inplace=False)
          (linear2): Linear(in_features=2048, out_features=256, bias=True)
          (norm1): LayerNorm((256,), eps=1e-05, elementwise_affine=True)
          (norm2): LayerNorm((256,), eps=1e-05, elementwise_affine=True)
          (norm3): LayerNorm((256,), eps=1e-05, elementwise_affine=True)
          (dropout1): Dropout(p=0.0, inplace=False)
          (dropout2): Dropout(p=0.0, inplace=False)
          (dropout3): Dropout(p=0.0, inplace=False)
        )
        (1): TransformerDecoderLayer(
          (self_attn): MultiheadAttention(
            (out_proj): _LinearWithBias(in_features=256, out_features=256, bias=True)
          )
          (multihead_attn): MultiheadAttention(
            (out_proj): _LinearWithBias(in_features=256, out_features=256, bias=True)
          )
          (linear1): Linear(in_features=256, out_features=2048, bias=True)
          (dropout): Dropout(p=0.0, inplace=False)
          (linear2): Linear(in_features=2048, out_features=256, bias=True)
          (norm1): LayerNorm((256,), eps=1e-05, elementwise_affine=True)
          (norm2): LayerNorm((256,), eps=1e-05, elementwise_affine=True)
          (norm3): LayerNorm((256,), eps=1e-05, elementwise_affine=True)
          (dropout1): Dropout(p=0.0, inplace=False)
          (dropout2): Dropout(p=0.0, inplace=False)
          (dropout3): Dropout(p=0.0, inplace=False)
        )
      )
    )
    (_out): Linear(in_features=256, out_features=71, bias=True)
  )
)
[2021-10-27 10:54:59,612][core.trainer][INFO] - Beginning training
[2021-10-27 10:54:59,616][core.metrics.meter][INFO] - Logging with tensorboard; view with `tensorboard --logdir=/scratch/lw2534/lab/transductions/outputs/qform-en-transformer-2layers/Transformer/2021-10-27_10-54-50/tensorboard`
[2021-10-27 10:54:59,616][core.trainer][INFO] - EPOCH 1 / 50
[2021-10-27 10:54:59,616][core.trainer][INFO] - Computing metrics for 'train' dataset
[2021-10-27 10:55:27,572][core.trainer][INFO] - Computing metrics for 'val' dataset
[2021-10-27 10:55:31,509][core.metrics.meter][INFO] - Meter:
SequenceAccuracy:	0.000
TokenAccuracy:	0.132
LengthAccuracy:	0.323
1st Token Accuracy:	0.111
2nd Token Accuracy:	0.060
Average Loss:	3.691
[2021-10-27 10:56:00,416][core.trainer][INFO] - Computing metrics for 'val' dataset
[2021-10-27 10:56:04,093][core.metrics.meter][INFO] - Meter:
SequenceAccuracy:	0.000
TokenAccuracy:	0.173
LengthAccuracy:	0.327
1st Token Accuracy:	0.300
2nd Token Accuracy:	0.096
Average Loss:	3.486
[2021-10-27 10:56:33,211][core.trainer][INFO] - Computing metrics for 'val' dataset
[2021-10-27 10:56:37,002][core.metrics.meter][INFO] - Meter:
SequenceAccuracy:	0.000
TokenAccuracy:	0.205
LengthAccuracy:	0.301
1st Token Accuracy:	0.538
2nd Token Accuracy:	0.135
Average Loss:	3.366
[2021-10-27 10:57:07,453][core.trainer][INFO] - Computing metrics for 'val' dataset
[2021-10-27 10:57:11,758][core.metrics.meter][INFO] - Meter:
SequenceAccuracy:	0.000
TokenAccuracy:	0.241
LengthAccuracy:	0.435
1st Token Accuracy:	0.656
2nd Token Accuracy:	0.176
Average Loss:	3.207
[2021-10-27 10:57:43,494][core.trainer][INFO] - Computing metrics for 'val' dataset
[2021-10-27 10:57:48,007][core.metrics.meter][INFO] - Meter:
SequenceAccuracy:	0.000
TokenAccuracy:	0.273
LengthAccuracy:	0.576
1st Token Accuracy:	0.717
2nd Token Accuracy:	0.210
Average Loss:	3.027
[2021-10-27 10:58:20,363][core.trainer][INFO] - Computing metrics for 'val' dataset
[2021-10-27 10:58:24,919][core.metrics.meter][INFO] - Meter:
SequenceAccuracy:	0.000
TokenAccuracy:	0.303
LengthAccuracy:	0.649
1st Token Accuracy:	0.776
2nd Token Accuracy:	0.244
Average Loss:	2.844
[2021-10-27 10:58:57,652][core.trainer][INFO] - Computing metrics for 'val' dataset
[2021-10-27 10:59:02,145][core.metrics.meter][INFO] - Meter:
SequenceAccuracy:	0.000
TokenAccuracy:	0.329
LengthAccuracy:	0.692
1st Token Accuracy:	0.837
2nd Token Accuracy:	0.290
Average Loss:	2.698
[2021-10-27 10:59:35,437][core.trainer][INFO] - Computing metrics for 'val' dataset
[2021-10-27 10:59:40,034][core.metrics.meter][INFO] - Meter:
SequenceAccuracy:	0.000
TokenAccuracy:	0.357
LengthAccuracy:	0.759
1st Token Accuracy:	0.886
2nd Token Accuracy:	0.353
Average Loss:	2.545
[2021-10-27 11:00:13,330][core.trainer][INFO] - Computing metrics for 'val' dataset
[2021-10-27 11:00:17,717][core.metrics.meter][INFO] - Meter:
SequenceAccuracy:	0.000
TokenAccuracy:	0.379
LengthAccuracy:	0.709
1st Token Accuracy:	0.926
2nd Token Accuracy:	0.406
Average Loss:	2.430
[2021-10-27 11:00:50,989][core.trainer][INFO] - Computing metrics for 'val' dataset
[2021-10-27 11:00:55,548][core.metrics.meter][INFO] - Meter:
SequenceAccuracy:	0.000
TokenAccuracy:	0.411
LengthAccuracy:	0.773
1st Token Accuracy:	0.956
2nd Token Accuracy:	0.470
Average Loss:	2.287
[2021-10-27 11:01:29,072][core.trainer][INFO] - Computing metrics for 'val' dataset
[2021-10-27 11:01:33,616][core.metrics.meter][INFO] - Meter:
SequenceAccuracy:	0.000
TokenAccuracy:	0.437
LengthAccuracy:	0.813
1st Token Accuracy:	0.969
2nd Token Accuracy:	0.512
Average Loss:	2.170
[2021-10-27 11:02:07,055][core.trainer][INFO] - Computing metrics for 'val' dataset
[2021-10-27 11:02:11,648][core.metrics.meter][INFO] - Meter:
SequenceAccuracy:	0.002
TokenAccuracy:	0.466
LengthAccuracy:	0.836
1st Token Accuracy:	0.976
2nd Token Accuracy:	0.559
Average Loss:	2.053
[2021-10-27 11:02:45,226][core.trainer][INFO] - Computing metrics for 'val' dataset
[2021-10-27 11:02:49,854][core.metrics.meter][INFO] - Meter:
SequenceAccuracy:	0.004
TokenAccuracy:	0.490
LengthAccuracy:	0.867
1st Token Accuracy:	0.984
2nd Token Accuracy:	0.590
Average Loss:	1.946
[2021-10-27 11:03:23,452][core.trainer][INFO] - Computing metrics for 'val' dataset
[2021-10-27 11:03:28,054][core.metrics.meter][INFO] - Meter:
SequenceAccuracy:	0.008
TokenAccuracy:	0.523
LengthAccuracy:	0.892
1st Token Accuracy:	0.984
2nd Token Accuracy:	0.644
Average Loss:	1.810
[2021-10-27 11:04:01,671][core.trainer][INFO] - Computing metrics for 'val' dataset
[2021-10-27 11:04:06,262][core.metrics.meter][INFO] - Meter:
SequenceAccuracy:	0.020
TokenAccuracy:	0.563
LengthAccuracy:	0.893
1st Token Accuracy:	0.989
2nd Token Accuracy:	0.700
Average Loss:	1.657
[2021-10-27 11:04:40,182][core.trainer][INFO] - Computing metrics for 'val' dataset
[2021-10-27 11:04:44,845][core.metrics.meter][INFO] - Meter:
SequenceAccuracy:	0.033
TokenAccuracy:	0.598
LengthAccuracy:	0.912
1st Token Accuracy:	0.991
2nd Token Accuracy:	0.766
Average Loss:	1.523
[2021-10-27 11:05:18,802][core.trainer][INFO] - Computing metrics for 'val' dataset
[2021-10-27 11:05:23,425][core.metrics.meter][INFO] - Meter:
SequenceAccuracy:	0.066
TokenAccuracy:	0.628
LengthAccuracy:	0.930
1st Token Accuracy:	0.994
2nd Token Accuracy:	0.836
Average Loss:	1.413
[2021-10-27 11:05:57,223][core.trainer][INFO] - Computing metrics for 'val' dataset
[2021-10-27 11:06:01,850][core.metrics.meter][INFO] - Meter:
SequenceAccuracy:	0.125
TokenAccuracy:	0.683
LengthAccuracy:	0.926
1st Token Accuracy:	0.997
2nd Token Accuracy:	0.913
Average Loss:	1.239
[2021-10-27 11:06:35,480][core.trainer][INFO] - Computing metrics for 'val' dataset
[2021-10-27 11:06:40,096][core.metrics.meter][INFO] - Meter:
SequenceAccuracy:	0.206
TokenAccuracy:	0.729
LengthAccuracy:	0.932
1st Token Accuracy:	0.997
2nd Token Accuracy:	0.972
Average Loss:	1.087
[2021-10-27 11:07:13,802][core.trainer][INFO] - Computing metrics for 'val' dataset
[2021-10-27 11:07:18,426][core.metrics.meter][INFO] - Meter:
SequenceAccuracy:	0.300
TokenAccuracy:	0.778
LengthAccuracy:	0.931
1st Token Accuracy:	0.998
2nd Token Accuracy:	0.991
Average Loss:	0.930
[2021-10-27 11:07:18,823][core.trainer][INFO] - Computing metrics for 'test' dataset
[2021-10-27 11:08:03,503][core.metrics.meter][INFO] - Meter:
SequenceAccuracy:	0.325
TokenAccuracy:	0.747
LengthAccuracy:	0.911
1st Token Accuracy:	0.998
2nd Token Accuracy:	0.997
Average Loss:	1.024
[2021-10-27 11:08:03,503][core.trainer][INFO] - Computing metrics for 'gen' dataset
[2021-10-27 11:08:51,273][core.metrics.meter][INFO] - Meter:
SequenceAccuracy:	0.000
TokenAccuracy:	0.490
LengthAccuracy:	0.760
1st Token Accuracy:	0.059
2nd Token Accuracy:	1.000
Average Loss:	1.746
[2021-10-27 11:08:51,273][core.trainer][INFO] - EPOCH 2 / 50
[2021-10-27 11:08:51,273][core.trainer][INFO] - Computing metrics for 'train' dataset
[2021-10-27 11:09:24,774][core.trainer][INFO] - Computing metrics for 'val' dataset
[2021-10-27 11:09:29,436][core.metrics.meter][INFO] - Meter:
SequenceAccuracy:	0.393
TokenAccuracy:	0.818
LengthAccuracy:	0.945
1st Token Accuracy:	0.999
2nd Token Accuracy:	0.998
Average Loss:	0.785
[2021-10-27 11:10:03,508][core.trainer][INFO] - Computing metrics for 'val' dataset
[2021-10-27 11:10:08,118][core.metrics.meter][INFO] - Meter:
SequenceAccuracy:	0.458
TokenAccuracy:	0.843
LengthAccuracy:	0.936
1st Token Accuracy:	0.999
2nd Token Accuracy:	1.000
Average Loss:	0.682
[2021-10-27 11:10:41,940][core.trainer][INFO] - Computing metrics for 'val' dataset
[2021-10-27 11:10:46,588][core.metrics.meter][INFO] - Meter:
SequenceAccuracy:	0.532
TokenAccuracy:	0.872
LengthAccuracy:	0.944
1st Token Accuracy:	1.000
2nd Token Accuracy:	1.000
Average Loss:	0.571
[2021-10-27 11:11:20,524][core.trainer][INFO] - Computing metrics for 'val' dataset
[2021-10-27 11:11:25,151][core.metrics.meter][INFO] - Meter:
SequenceAccuracy:	0.598
TokenAccuracy:	0.892
LengthAccuracy:	0.946
1st Token Accuracy:	1.000
2nd Token Accuracy:	0.999
Average Loss:	0.484
[2021-10-27 11:11:59,156][core.trainer][INFO] - Computing metrics for 'val' dataset
[2021-10-27 11:12:03,819][core.metrics.meter][INFO] - Meter:
SequenceAccuracy:	0.631
TokenAccuracy:	0.906
LengthAccuracy:	0.952
1st Token Accuracy:	1.000
2nd Token Accuracy:	1.000
Average Loss:	0.424
[2021-10-27 11:12:37,597][core.trainer][INFO] - Computing metrics for 'val' dataset
[2021-10-27 11:12:42,233][core.metrics.meter][INFO] - Meter:
SequenceAccuracy:	0.665
TokenAccuracy:	0.919
LengthAccuracy:	0.954
1st Token Accuracy:	1.000
2nd Token Accuracy:	1.000
Average Loss:	0.368
[2021-10-27 11:13:16,007][core.trainer][INFO] - Computing metrics for 'val' dataset
[2021-10-27 11:13:20,637][core.metrics.meter][INFO] - Meter:
SequenceAccuracy:	0.692
TokenAccuracy:	0.926
LengthAccuracy:	0.949
1st Token Accuracy:	1.000
2nd Token Accuracy:	1.000
Average Loss:	0.334
[2021-10-27 11:13:54,555][core.trainer][INFO] - Computing metrics for 'val' dataset
[2021-10-27 11:13:59,198][core.metrics.meter][INFO] - Meter:
SequenceAccuracy:	0.707
TokenAccuracy:	0.935
LengthAccuracy:	0.950
1st Token Accuracy:	1.000
2nd Token Accuracy:	1.000
Average Loss:	0.301
[2021-10-27 11:14:32,742][core.trainer][INFO] - Computing metrics for 'val' dataset
[2021-10-27 11:14:37,361][core.metrics.meter][INFO] - Meter:
SequenceAccuracy:	0.736
TokenAccuracy:	0.944
LengthAccuracy:	0.950
1st Token Accuracy:	1.000
2nd Token Accuracy:	1.000
Average Loss:	0.263
[2021-10-27 11:15:11,440][core.trainer][INFO] - Computing metrics for 'val' dataset
[2021-10-27 11:15:16,073][core.metrics.meter][INFO] - Meter:
SequenceAccuracy:	0.758
TokenAccuracy:	0.951
LengthAccuracy:	0.952
1st Token Accuracy:	1.000
2nd Token Accuracy:	1.000
Average Loss:	0.236
[2021-10-27 11:15:50,056][core.trainer][INFO] - Computing metrics for 'val' dataset
[2021-10-27 11:15:54,689][core.metrics.meter][INFO] - Meter:
SequenceAccuracy:	0.744
TokenAccuracy:	0.952
LengthAccuracy:	0.948
1st Token Accuracy:	1.000
2nd Token Accuracy:	1.000
Average Loss:	0.232
[2021-10-27 11:16:28,413][core.trainer][INFO] - Computing metrics for 'val' dataset
[2021-10-27 11:16:33,070][core.metrics.meter][INFO] - Meter:
SequenceAccuracy:	0.785
TokenAccuracy:	0.962
LengthAccuracy:	0.951
1st Token Accuracy:	1.000
2nd Token Accuracy:	1.000
Average Loss:	0.194
[2021-10-27 11:17:06,774][core.trainer][INFO] - Computing metrics for 'val' dataset
[2021-10-27 11:17:11,403][core.metrics.meter][INFO] - Meter:
SequenceAccuracy:	0.789
TokenAccuracy:	0.964
LengthAccuracy:	0.948
1st Token Accuracy:	1.000
2nd Token Accuracy:	1.000
Average Loss:	0.189
[2021-10-27 11:17:45,061][core.trainer][INFO] - Computing metrics for 'val' dataset
[2021-10-27 11:17:49,718][core.metrics.meter][INFO] - Meter:
SequenceAccuracy:	0.802
TokenAccuracy:	0.967
LengthAccuracy:	0.949
1st Token Accuracy:	1.000
2nd Token Accuracy:	1.000
Average Loss:	0.175
[2021-10-27 11:18:23,415][core.trainer][INFO] - Computing metrics for 'val' dataset
[2021-10-27 11:18:28,038][core.metrics.meter][INFO] - Meter:
SequenceAccuracy:	0.811
TokenAccuracy:	0.969
LengthAccuracy:	0.949
1st Token Accuracy:	1.000
2nd Token Accuracy:	1.000
Average Loss:	0.166
[2021-10-27 11:19:01,773][core.trainer][INFO] - Computing metrics for 'val' dataset
[2021-10-27 11:19:06,406][core.metrics.meter][INFO] - Meter:
SequenceAccuracy:	0.832
TokenAccuracy:	0.974
LengthAccuracy:	0.948
1st Token Accuracy:	1.000
2nd Token Accuracy:	1.000
Average Loss:	0.150
[2021-10-27 11:19:40,698][core.trainer][INFO] - Computing metrics for 'val' dataset
[2021-10-27 11:19:45,366][core.metrics.meter][INFO] - Meter:
SequenceAccuracy:	0.835
TokenAccuracy:	0.974
LengthAccuracy:	0.953
1st Token Accuracy:	1.000
2nd Token Accuracy:	1.000
Average Loss:	0.146
[2021-10-27 11:20:19,095][core.trainer][INFO] - Computing metrics for 'val' dataset
[2021-10-27 11:20:23,725][core.metrics.meter][INFO] - Meter:
SequenceAccuracy:	0.843
TokenAccuracy:	0.976
LengthAccuracy:	0.952
1st Token Accuracy:	1.000
2nd Token Accuracy:	1.000
Average Loss:	0.137
[2021-10-27 11:20:57,765][core.trainer][INFO] - Computing metrics for 'val' dataset
[2021-10-27 11:21:02,394][core.metrics.meter][INFO] - Meter:
SequenceAccuracy:	0.854
TokenAccuracy:	0.979
LengthAccuracy:	0.952
1st Token Accuracy:	1.000
2nd Token Accuracy:	1.000
Average Loss:	0.133
[2021-10-27 11:21:36,186][core.trainer][INFO] - Computing metrics for 'val' dataset
[2021-10-27 11:21:40,824][core.metrics.meter][INFO] - Meter:
SequenceAccuracy:	0.858
TokenAccuracy:	0.981
LengthAccuracy:	0.953
1st Token Accuracy:	1.000
2nd Token Accuracy:	1.000
Average Loss:	0.120
[2021-10-27 11:21:40,942][core.early_stopping][INFO] - Early stopping counter: 1 / 5
[2021-10-27 11:21:40,995][core.early_stopping][INFO] - Pausing model saving until validation loss decreases by 0.0001
[2021-10-27 11:21:40,998][core.trainer][INFO] - Computing metrics for 'test' dataset
[2021-10-27 11:22:25,934][core.metrics.meter][INFO] - Meter:
SequenceAccuracy:	0.857
TokenAccuracy:	0.976
LengthAccuracy:	0.951
1st Token Accuracy:	1.000
2nd Token Accuracy:	1.000
Average Loss:	0.139
[2021-10-27 11:22:25,934][core.trainer][INFO] - Computing metrics for 'gen' dataset
[2021-10-27 11:23:14,673][core.metrics.meter][INFO] - Meter:
SequenceAccuracy:	0.011
TokenAccuracy:	0.592
LengthAccuracy:	0.972
1st Token Accuracy:	0.083
2nd Token Accuracy:	1.000
Average Loss:	1.703
[2021-10-27 11:23:14,673][core.trainer][INFO] - EPOCH 3 / 50
[2021-10-27 11:23:14,673][core.trainer][INFO] - Computing metrics for 'train' dataset
[2021-10-27 11:23:48,085][core.trainer][INFO] - Computing metrics for 'val' dataset
[2021-10-27 11:23:52,719][core.metrics.meter][INFO] - Meter:
SequenceAccuracy:	0.864
TokenAccuracy:	0.982
LengthAccuracy:	0.949
1st Token Accuracy:	1.000
2nd Token Accuracy:	1.000
Average Loss:	0.122
[2021-10-27 11:24:26,569][core.trainer][INFO] - Computing metrics for 'val' dataset
[2021-10-27 11:24:31,206][core.metrics.meter][INFO] - Meter:
SequenceAccuracy:	0.870
TokenAccuracy:	0.983
LengthAccuracy:	0.952
1st Token Accuracy:	1.000
2nd Token Accuracy:	1.000
Average Loss:	0.115
[2021-10-27 11:25:04,979][core.trainer][INFO] - Computing metrics for 'val' dataset
[2021-10-27 11:25:09,607][core.metrics.meter][INFO] - Meter:
SequenceAccuracy:	0.883
TokenAccuracy:	0.985
LengthAccuracy:	0.954
1st Token Accuracy:	1.000
2nd Token Accuracy:	1.000
Average Loss:	0.106
[2021-10-27 11:25:43,406][core.trainer][INFO] - Computing metrics for 'val' dataset
[2021-10-27 11:25:48,072][core.metrics.meter][INFO] - Meter:
SequenceAccuracy:	0.873
TokenAccuracy:	0.985
LengthAccuracy:	0.948
1st Token Accuracy:	1.000
2nd Token Accuracy:	1.000
Average Loss:	0.112
[2021-10-27 11:26:21,899][core.trainer][INFO] - Computing metrics for 'val' dataset
[2021-10-27 11:26:26,524][core.metrics.meter][INFO] - Meter:
SequenceAccuracy:	0.884
TokenAccuracy:	0.985
LengthAccuracy:	0.956
1st Token Accuracy:	1.000
2nd Token Accuracy:	1.000
Average Loss:	0.101
[2021-10-27 11:27:00,188][core.trainer][INFO] - Computing metrics for 'val' dataset
[2021-10-27 11:27:04,852][core.metrics.meter][INFO] - Meter:
SequenceAccuracy:	0.890
TokenAccuracy:	0.987
LengthAccuracy:	0.953
1st Token Accuracy:	1.000
2nd Token Accuracy:	1.000
Average Loss:	0.099
[2021-10-27 11:27:38,595][core.trainer][INFO] - Computing metrics for 'val' dataset
[2021-10-27 11:27:43,237][core.metrics.meter][INFO] - Meter:
SequenceAccuracy:	0.887
TokenAccuracy:	0.987
LengthAccuracy:	0.951
1st Token Accuracy:	1.000
2nd Token Accuracy:	1.000
Average Loss:	0.102
[2021-10-27 11:27:43,382][core.early_stopping][INFO] - Early stopping counter: 1 / 5
[2021-10-27 11:27:43,436][core.early_stopping][INFO] - Pausing model saving until validation loss decreases by 0.0001
[2021-10-27 11:28:16,772][core.trainer][INFO] - Computing metrics for 'val' dataset
[2021-10-27 11:28:21,410][core.metrics.meter][INFO] - Meter:
SequenceAccuracy:	0.890
TokenAccuracy:	0.987
LengthAccuracy:	0.951
1st Token Accuracy:	1.000
2nd Token Accuracy:	1.000
Average Loss:	0.097
[2021-10-27 11:28:21,570][core.early_stopping][INFO] - Early stopping counter: 2 / 5
[2021-10-27 11:28:21,570][core.early_stopping][INFO] - Pausing model saving until validation loss decreases by 0.0001
[2021-10-27 11:28:55,066][core.trainer][INFO] - Computing metrics for 'val' dataset
[2021-10-27 11:28:59,686][core.metrics.meter][INFO] - Meter:
SequenceAccuracy:	0.888
TokenAccuracy:	0.987
LengthAccuracy:	0.950
1st Token Accuracy:	1.000
2nd Token Accuracy:	1.000
Average Loss:	0.101
[2021-10-27 11:29:33,464][core.trainer][INFO] - Computing metrics for 'val' dataset
[2021-10-27 11:29:38,103][core.metrics.meter][INFO] - Meter:
SequenceAccuracy:	0.899
TokenAccuracy:	0.989
LengthAccuracy:	0.956
1st Token Accuracy:	1.000
2nd Token Accuracy:	1.000
Average Loss:	0.088
[2021-10-27 11:29:38,237][core.early_stopping][INFO] - Early stopping counter: 1 / 5
[2021-10-27 11:29:38,289][core.early_stopping][INFO] - Pausing model saving until validation loss decreases by 0.0001
[2021-10-27 11:30:11,729][core.trainer][INFO] - Computing metrics for 'val' dataset
[2021-10-27 11:30:16,372][core.metrics.meter][INFO] - Meter:
SequenceAccuracy:	0.890
TokenAccuracy:	0.988
LengthAccuracy:	0.947
1st Token Accuracy:	1.000
2nd Token Accuracy:	1.000
Average Loss:	0.099
[2021-10-27 11:30:16,485][core.early_stopping][INFO] - Early stopping counter: 2 / 5
[2021-10-27 11:30:16,544][core.early_stopping][INFO] - Pausing model saving until validation loss decreases by 0.0001
[2021-10-27 11:30:49,929][core.trainer][INFO] - Computing metrics for 'val' dataset
[2021-10-27 11:30:54,600][core.metrics.meter][INFO] - Meter:
SequenceAccuracy:	0.893
TokenAccuracy:	0.990
LengthAccuracy:	0.947
1st Token Accuracy:	1.000
2nd Token Accuracy:	1.000
Average Loss:	0.096
[2021-10-27 11:30:54,719][core.early_stopping][INFO] - Early stopping counter: 3 / 5
[2021-10-27 11:30:54,773][core.early_stopping][INFO] - Pausing model saving until validation loss decreases by 0.0001
[2021-10-27 11:31:28,146][core.trainer][INFO] - Computing metrics for 'val' dataset
[2021-10-27 11:31:32,792][core.metrics.meter][INFO] - Meter:
SequenceAccuracy:	0.905
TokenAccuracy:	0.990
LengthAccuracy:	0.955
1st Token Accuracy:	1.000
2nd Token Accuracy:	1.000
Average Loss:	0.086
[2021-10-27 11:32:06,626][core.trainer][INFO] - Computing metrics for 'val' dataset
[2021-10-27 11:32:11,250][core.metrics.meter][INFO] - Meter:
SequenceAccuracy:	0.905
TokenAccuracy:	0.991
LengthAccuracy:	0.951
1st Token Accuracy:	1.000
2nd Token Accuracy:	1.000
Average Loss:	0.085
[2021-10-27 11:32:11,356][core.early_stopping][INFO] - Early stopping counter: 1 / 5
[2021-10-27 11:32:11,408][core.early_stopping][INFO] - Pausing model saving until validation loss decreases by 0.0001
[2021-10-27 11:32:44,866][core.trainer][INFO] - Computing metrics for 'val' dataset
[2021-10-27 11:32:49,503][core.metrics.meter][INFO] - Meter:
SequenceAccuracy:	0.905
TokenAccuracy:	0.991
LengthAccuracy:	0.951
1st Token Accuracy:	1.000
2nd Token Accuracy:	1.000
Average Loss:	0.085
[2021-10-27 11:32:49,614][core.early_stopping][INFO] - Early stopping counter: 2 / 5
[2021-10-27 11:32:49,667][core.early_stopping][INFO] - Pausing model saving until validation loss decreases by 0.0001
[2021-10-27 11:33:23,206][core.trainer][INFO] - Computing metrics for 'val' dataset
[2021-10-27 11:33:27,856][core.metrics.meter][INFO] - Meter:
SequenceAccuracy:	0.908
TokenAccuracy:	0.991
LengthAccuracy:	0.954
1st Token Accuracy:	1.000
2nd Token Accuracy:	1.000
Average Loss:	0.082
[2021-10-27 11:33:28,030][core.early_stopping][INFO] - Early stopping counter: 3 / 5
[2021-10-27 11:33:28,031][core.early_stopping][INFO] - Pausing model saving until validation loss decreases by 0.0001
[2021-10-27 11:34:01,496][core.trainer][INFO] - Computing metrics for 'val' dataset
[2021-10-27 11:34:06,128][core.metrics.meter][INFO] - Meter:
SequenceAccuracy:	0.914
TokenAccuracy:	0.993
LengthAccuracy:	0.952
1st Token Accuracy:	1.000
2nd Token Accuracy:	1.000
Average Loss:	0.081
[2021-10-27 11:34:39,858][core.trainer][INFO] - Computing metrics for 'val' dataset
[2021-10-27 11:34:44,489][core.metrics.meter][INFO] - Meter:
SequenceAccuracy:	0.921
TokenAccuracy:	0.993
LengthAccuracy:	0.956
1st Token Accuracy:	1.000
2nd Token Accuracy:	1.000
Average Loss:	0.076
[2021-10-27 11:35:18,168][core.trainer][INFO] - Computing metrics for 'val' dataset
[2021-10-27 11:35:22,840][core.metrics.meter][INFO] - Meter:
SequenceAccuracy:	0.916
TokenAccuracy:	0.993
LengthAccuracy:	0.952
1st Token Accuracy:	1.000
2nd Token Accuracy:	1.000
Average Loss:	0.078
[2021-10-27 11:35:22,968][core.early_stopping][INFO] - Early stopping counter: 1 / 5
[2021-10-27 11:35:23,022][core.early_stopping][INFO] - Pausing model saving until validation loss decreases by 0.0001
[2021-10-27 11:35:56,514][core.trainer][INFO] - Computing metrics for 'val' dataset
[2021-10-27 11:36:01,145][core.metrics.meter][INFO] - Meter:
SequenceAccuracy:	0.920
TokenAccuracy:	0.994
LengthAccuracy:	0.954
1st Token Accuracy:	1.000
2nd Token Accuracy:	1.000
Average Loss:	0.075
[2021-10-27 11:36:01,289][core.early_stopping][INFO] - Early stopping counter: 2 / 5
[2021-10-27 11:36:01,341][core.early_stopping][INFO] - Pausing model saving until validation loss decreases by 0.0001
[2021-10-27 11:36:01,343][core.trainer][INFO] - Computing metrics for 'test' dataset
[2021-10-27 11:36:46,306][core.metrics.meter][INFO] - Meter:
SequenceAccuracy:	0.919
TokenAccuracy:	0.992
LengthAccuracy:	0.953
1st Token Accuracy:	1.000
2nd Token Accuracy:	1.000
Average Loss:	0.081
[2021-10-27 11:36:46,306][core.trainer][INFO] - Computing metrics for 'gen' dataset
[2021-10-27 11:37:35,008][core.metrics.meter][INFO] - Meter:
SequenceAccuracy:	0.008
TokenAccuracy:	0.578
LengthAccuracy:	0.965
1st Token Accuracy:	0.062
2nd Token Accuracy:	1.000
Average Loss:	2.035
[2021-10-27 11:37:35,009][core.trainer][INFO] - EPOCH 4 / 50
[2021-10-27 11:37:35,009][core.trainer][INFO] - Computing metrics for 'train' dataset
[2021-10-27 11:38:08,659][core.trainer][INFO] - Computing metrics for 'val' dataset
[2021-10-27 11:38:13,333][core.metrics.meter][INFO] - Meter:
SequenceAccuracy:	0.918
TokenAccuracy:	0.994
LengthAccuracy:	0.948
1st Token Accuracy:	1.000
2nd Token Accuracy:	1.000
Average Loss:	0.081
[2021-10-27 11:38:13,448][core.early_stopping][INFO] - Early stopping counter: 3 / 5
[2021-10-27 11:38:13,504][core.early_stopping][INFO] - Pausing model saving until validation loss decreases by 0.0001
[2021-10-27 11:38:46,915][core.trainer][INFO] - Computing metrics for 'val' dataset
[2021-10-27 11:38:51,556][core.metrics.meter][INFO] - Meter:
SequenceAccuracy:	0.919
TokenAccuracy:	0.993
LengthAccuracy:	0.953
1st Token Accuracy:	1.000
2nd Token Accuracy:	1.000
Average Loss:	0.076
[2021-10-27 11:38:51,690][core.early_stopping][INFO] - Early stopping counter: 4 / 5
[2021-10-27 11:38:51,742][core.early_stopping][INFO] - Pausing model saving until validation loss decreases by 0.0001
[2021-10-27 11:39:25,082][core.trainer][INFO] - Computing metrics for 'val' dataset
[2021-10-27 11:39:29,751][core.metrics.meter][INFO] - Meter:
SequenceAccuracy:	0.923
TokenAccuracy:	0.995
LengthAccuracy:	0.950
1st Token Accuracy:	1.000
2nd Token Accuracy:	1.000
Average Loss:	0.078
[2021-10-27 11:39:29,862][core.early_stopping][INFO] - Early stopping counter: 5 / 5
[2021-10-27 11:39:29,916][core.early_stopping][INFO] - Pausing model saving until validation loss decreases by 0.0001
[2021-10-27 11:39:29,916][core.trainer][INFO] - Computing metrics for 'test' dataset
[2021-10-27 11:40:15,299][core.metrics.meter][INFO] - Meter:
SequenceAccuracy:	0.922
TokenAccuracy:	0.993
LengthAccuracy:	0.951
1st Token Accuracy:	1.000
2nd Token Accuracy:	1.000
Average Loss:	0.081
[2021-10-27 11:40:15,299][core.trainer][INFO] - Computing metrics for 'gen' dataset
[2021-10-27 11:41:04,352][core.metrics.meter][INFO] - Meter:
SequenceAccuracy:	0.008
TokenAccuracy:	0.578
LengthAccuracy:	0.961
1st Token Accuracy:	0.062
2nd Token Accuracy:	1.000
Average Loss:	2.072
[2021-10-27 11:41:04,353][core.trainer][INFO] - EPOCH 5 / 50
[2021-10-27 11:41:04,353][core.trainer][INFO] - Computing metrics for 'train' dataset
[2021-10-27 11:41:38,063][core.trainer][INFO] - Computing metrics for 'val' dataset
[2021-10-27 11:41:42,708][core.metrics.meter][INFO] - Meter:
SequenceAccuracy:	0.925
TokenAccuracy:	0.995
LengthAccuracy:	0.953
1st Token Accuracy:	1.000
2nd Token Accuracy:	1.000
Average Loss:	0.073
[2021-10-27 11:41:42,823][core.early_stopping][INFO] - Early stopping counter: 6 / 5
[2021-10-27 11:41:42,875][core.early_stopping][INFO] - Pausing model saving until validation loss decreases by 0.0001
[2021-10-27 11:41:42,876][core.trainer][INFO] - Computing metrics for 'test' dataset
[2021-10-27 11:42:27,896][core.metrics.meter][INFO] - Meter:
SequenceAccuracy:	0.923
TokenAccuracy:	0.994
LengthAccuracy:	0.951
1st Token Accuracy:	1.000
2nd Token Accuracy:	1.000
Average Loss:	0.078
[2021-10-27 11:42:27,896][core.trainer][INFO] - Computing metrics for 'gen' dataset
[2021-10-27 11:43:16,703][core.metrics.meter][INFO] - Meter:
SequenceAccuracy:	0.008
TokenAccuracy:	0.575
LengthAccuracy:	0.960
1st Token Accuracy:	0.057
2nd Token Accuracy:	1.000
Average Loss:	2.074
[2021-10-27 11:43:16,703][core.trainer][INFO] - EPOCH 6 / 50
[2021-10-27 11:43:16,703][core.trainer][INFO] - Computing metrics for 'train' dataset
[2021-10-27 11:43:50,267][core.trainer][INFO] - Computing metrics for 'val' dataset
[2021-10-27 11:43:54,912][core.metrics.meter][INFO] - Meter:
SequenceAccuracy:	0.922
TokenAccuracy:	0.995
LengthAccuracy:	0.952
1st Token Accuracy:	1.000
2nd Token Accuracy:	1.000
Average Loss:	0.073
[2021-10-27 11:43:55,057][core.early_stopping][INFO] - Early stopping counter: 7 / 5
[2021-10-27 11:43:55,111][core.early_stopping][INFO] - Pausing model saving until validation loss decreases by 0.0001
[2021-10-27 11:43:55,111][core.trainer][INFO] - Computing metrics for 'test' dataset
[2021-10-27 11:44:40,127][core.metrics.meter][INFO] - Meter:
SequenceAccuracy:	0.930
TokenAccuracy:	0.993
LengthAccuracy:	0.958
1st Token Accuracy:	1.000
2nd Token Accuracy:	1.000
Average Loss:	0.072
[2021-10-27 11:44:40,128][core.trainer][INFO] - Computing metrics for 'gen' dataset
[2021-10-27 11:45:28,914][core.metrics.meter][INFO] - Meter:
SequenceAccuracy:	0.009
TokenAccuracy:	0.580
LengthAccuracy:	0.959
1st Token Accuracy:	0.069
2nd Token Accuracy:	1.000
Average Loss:	2.089
[2021-10-27 11:45:28,915][core.trainer][INFO] - EPOCH 7 / 50
[2021-10-27 11:45:28,915][core.trainer][INFO] - Computing metrics for 'train' dataset
[2021-10-27 11:46:02,371][core.trainer][INFO] - Computing metrics for 'val' dataset
[2021-10-27 11:46:07,009][core.metrics.meter][INFO] - Meter:
SequenceAccuracy:	0.930
TokenAccuracy:	0.995
LengthAccuracy:	0.957
1st Token Accuracy:	1.000
2nd Token Accuracy:	1.000
Average Loss:	0.068
[2021-10-27 11:46:40,826][core.trainer][INFO] - Computing metrics for 'val' dataset
[2021-10-27 11:46:45,462][core.metrics.meter][INFO] - Meter:
SequenceAccuracy:	0.924
TokenAccuracy:	0.995
LengthAccuracy:	0.950
1st Token Accuracy:	1.000
2nd Token Accuracy:	1.000
Average Loss:	0.074
[2021-10-27 11:46:45,645][core.early_stopping][INFO] - Early stopping counter: 1 / 5
[2021-10-27 11:46:45,645][core.early_stopping][INFO] - Pausing model saving until validation loss decreases by 0.0001
[2021-10-27 11:47:18,874][core.trainer][INFO] - Computing metrics for 'val' dataset
[2021-10-27 11:47:23,502][core.metrics.meter][INFO] - Meter:
SequenceAccuracy:	0.934
TokenAccuracy:	0.996
LengthAccuracy:	0.954
1st Token Accuracy:	1.000
2nd Token Accuracy:	1.000
Average Loss:	0.069
[2021-10-27 11:47:57,438][core.trainer][INFO] - Computing metrics for 'val' dataset
[2021-10-27 11:48:02,071][core.metrics.meter][INFO] - Meter:
SequenceAccuracy:	0.924
TokenAccuracy:	0.995
LengthAccuracy:	0.949
1st Token Accuracy:	1.000
2nd Token Accuracy:	1.000
Average Loss:	0.075
[2021-10-27 11:48:02,180][core.early_stopping][INFO] - Early stopping counter: 1 / 5
[2021-10-27 11:48:02,232][core.early_stopping][INFO] - Pausing model saving until validation loss decreases by 0.0001
[2021-10-27 11:48:35,768][core.trainer][INFO] - Computing metrics for 'val' dataset
[2021-10-27 11:48:40,405][core.metrics.meter][INFO] - Meter:
SequenceAccuracy:	0.925
TokenAccuracy:	0.995
LengthAccuracy:	0.951
1st Token Accuracy:	1.000
2nd Token Accuracy:	1.000
Average Loss:	0.074
[2021-10-27 11:48:40,588][core.early_stopping][INFO] - Early stopping counter: 2 / 5
[2021-10-27 11:48:40,588][core.early_stopping][INFO] - Pausing model saving until validation loss decreases by 0.0001
[2021-10-27 11:49:14,007][core.trainer][INFO] - Computing metrics for 'val' dataset
[2021-10-27 11:49:18,666][core.metrics.meter][INFO] - Meter:
SequenceAccuracy:	0.927
TokenAccuracy:	0.996
LengthAccuracy:	0.951
1st Token Accuracy:	1.000
2nd Token Accuracy:	1.000
Average Loss:	0.071
[2021-10-27 11:49:18,777][core.early_stopping][INFO] - Early stopping counter: 3 / 5
[2021-10-27 11:49:18,831][core.early_stopping][INFO] - Pausing model saving until validation loss decreases by 0.0001
[2021-10-27 11:49:52,199][core.trainer][INFO] - Computing metrics for 'val' dataset
[2021-10-27 11:49:56,838][core.metrics.meter][INFO] - Meter:
SequenceAccuracy:	0.934
TokenAccuracy:	0.996
LengthAccuracy:	0.952
1st Token Accuracy:	1.000
2nd Token Accuracy:	1.000
Average Loss:	0.068
[2021-10-27 11:49:56,950][core.early_stopping][INFO] - Early stopping counter: 4 / 5
[2021-10-27 11:49:57,005][core.early_stopping][INFO] - Pausing model saving until validation loss decreases by 0.0001
[2021-10-27 11:50:30,506][core.trainer][INFO] - Computing metrics for 'val' dataset
[2021-10-27 11:50:35,144][core.metrics.meter][INFO] - Meter:
SequenceAccuracy:	0.932
TokenAccuracy:	0.996
LengthAccuracy:	0.952
1st Token Accuracy:	1.000
2nd Token Accuracy:	1.000
Average Loss:	0.070
[2021-10-27 11:50:35,315][core.early_stopping][INFO] - Early stopping counter: 5 / 5
[2021-10-27 11:50:35,316][core.early_stopping][INFO] - Pausing model saving until validation loss decreases by 0.0001
[2021-10-27 11:50:35,316][core.trainer][INFO] - Computing metrics for 'test' dataset
[2021-10-27 11:51:20,336][core.metrics.meter][INFO] - Meter:
SequenceAccuracy:	0.930
TokenAccuracy:	0.995
LengthAccuracy:	0.951
1st Token Accuracy:	1.000
2nd Token Accuracy:	1.000
Average Loss:	0.074
[2021-10-27 11:51:20,337][core.trainer][INFO] - Computing metrics for 'gen' dataset
[2021-10-27 11:52:09,273][core.metrics.meter][INFO] - Meter:
SequenceAccuracy:	0.007
TokenAccuracy:	0.579
LengthAccuracy:	0.953
1st Token Accuracy:	0.050
2nd Token Accuracy:	1.000
Average Loss:	2.157
[2021-10-27 11:52:09,273][core.trainer][INFO] - EPOCH 8 / 50
[2021-10-27 11:52:09,273][core.trainer][INFO] - Computing metrics for 'train' dataset
[2021-10-27 11:52:42,965][core.trainer][INFO] - Computing metrics for 'val' dataset
[2021-10-27 11:52:47,635][core.metrics.meter][INFO] - Meter:
SequenceAccuracy:	0.936
TokenAccuracy:	0.997
LengthAccuracy:	0.952
1st Token Accuracy:	1.000
2nd Token Accuracy:	1.000
Average Loss:	0.066
[2021-10-27 11:53:24,835][core.trainer][INFO] - Computing metrics for 'val' dataset
[2021-10-27 11:53:29,507][core.metrics.meter][INFO] - Meter:
SequenceAccuracy:	0.938
TokenAccuracy:	0.997
LengthAccuracy:	0.954
1st Token Accuracy:	1.000
2nd Token Accuracy:	1.000
Average Loss:	0.063
[2021-10-27 11:53:29,619][core.early_stopping][INFO] - Early stopping counter: 1 / 5
[2021-10-27 11:53:29,673][core.early_stopping][INFO] - Pausing model saving until validation loss decreases by 0.0001
[2021-10-27 11:54:03,067][core.trainer][INFO] - Computing metrics for 'val' dataset
[2021-10-27 11:54:07,732][core.metrics.meter][INFO] - Meter:
SequenceAccuracy:	0.933
TokenAccuracy:	0.997
LengthAccuracy:	0.948
1st Token Accuracy:	1.000
2nd Token Accuracy:	1.000
Average Loss:	0.070
[2021-10-27 11:54:07,861][core.early_stopping][INFO] - Early stopping counter: 2 / 5
[2021-10-27 11:54:07,915][core.early_stopping][INFO] - Pausing model saving until validation loss decreases by 0.0001
[2021-10-27 11:54:41,418][core.trainer][INFO] - Computing metrics for 'val' dataset
[2021-10-27 11:54:46,060][core.metrics.meter][INFO] - Meter:
SequenceAccuracy:	0.934
TokenAccuracy:	0.997
LengthAccuracy:	0.951
1st Token Accuracy:	1.000
2nd Token Accuracy:	1.000
Average Loss:	0.068
[2021-10-27 11:54:46,171][core.early_stopping][INFO] - Early stopping counter: 3 / 5
[2021-10-27 11:54:46,225][core.early_stopping][INFO] - Pausing model saving until validation loss decreases by 0.0001
[2021-10-27 11:55:19,768][core.trainer][INFO] - Computing metrics for 'val' dataset
[2021-10-27 11:55:24,402][core.metrics.meter][INFO] - Meter:
SequenceAccuracy:	0.932
TokenAccuracy:	0.996
LengthAccuracy:	0.952
1st Token Accuracy:	1.000
2nd Token Accuracy:	1.000
Average Loss:	0.068
[2021-10-27 11:55:24,513][core.early_stopping][INFO] - Early stopping counter: 4 / 5
[2021-10-27 11:55:24,567][core.early_stopping][INFO] - Pausing model saving until validation loss decreases by 0.0001
[2021-10-27 11:55:57,890][core.trainer][INFO] - Computing metrics for 'val' dataset
[2021-10-27 11:56:02,560][core.metrics.meter][INFO] - Meter:
SequenceAccuracy:	0.936
TokenAccuracy:	0.997
LengthAccuracy:	0.950
1st Token Accuracy:	1.000
2nd Token Accuracy:	1.000
Average Loss:	0.069
[2021-10-27 11:56:02,729][core.early_stopping][INFO] - Early stopping counter: 5 / 5
[2021-10-27 11:56:02,729][core.early_stopping][INFO] - Pausing model saving until validation loss decreases by 0.0001
[2021-10-27 11:56:02,729][core.trainer][INFO] - Computing metrics for 'test' dataset
[2021-10-27 11:56:47,992][core.metrics.meter][INFO] - Meter:
SequenceAccuracy:	0.935
TokenAccuracy:	0.996
LengthAccuracy:	0.951
1st Token Accuracy:	1.000
2nd Token Accuracy:	1.000
Average Loss:	0.070
[2021-10-27 11:56:47,992][core.trainer][INFO] - Computing metrics for 'gen' dataset
[2021-10-27 11:57:37,067][core.metrics.meter][INFO] - Meter:
SequenceAccuracy:	0.005
TokenAccuracy:	0.573
LengthAccuracy:	0.969
1st Token Accuracy:	0.047
2nd Token Accuracy:	1.000
Average Loss:	2.206
[2021-10-27 11:57:37,068][core.trainer][INFO] - EPOCH 9 / 50
[2021-10-27 11:57:37,068][core.trainer][INFO] - Computing metrics for 'train' dataset
[2021-10-27 11:58:10,659][core.trainer][INFO] - Computing metrics for 'val' dataset
[2021-10-27 11:58:15,322][core.metrics.meter][INFO] - Meter:
SequenceAccuracy:	0.939
TokenAccuracy:	0.997
LengthAccuracy:	0.951
1st Token Accuracy:	1.000
2nd Token Accuracy:	1.000
Average Loss:	0.065
[2021-10-27 11:58:49,306][core.trainer][INFO] - Computing metrics for 'val' dataset
[2021-10-27 11:58:53,968][core.metrics.meter][INFO] - Meter:
SequenceAccuracy:	0.937
TokenAccuracy:	0.997
LengthAccuracy:	0.952
1st Token Accuracy:	1.000
2nd Token Accuracy:	1.000
Average Loss:	0.064
[2021-10-27 11:58:54,081][core.early_stopping][INFO] - Early stopping counter: 1 / 5
[2021-10-27 11:58:54,134][core.early_stopping][INFO] - Pausing model saving until validation loss decreases by 0.0001
[2021-10-27 11:59:27,679][core.trainer][INFO] - Computing metrics for 'val' dataset
[2021-10-27 11:59:32,326][core.metrics.meter][INFO] - Meter:
SequenceAccuracy:	0.940
TokenAccuracy:	0.997
LengthAccuracy:	0.955
1st Token Accuracy:	1.000
2nd Token Accuracy:	1.000
Average Loss:	0.066
[2021-10-27 11:59:32,454][core.early_stopping][INFO] - Early stopping counter: 2 / 5
[2021-10-27 11:59:32,508][core.early_stopping][INFO] - Pausing model saving until validation loss decreases by 0.0001
[2021-10-27 12:00:05,957][core.trainer][INFO] - Computing metrics for 'val' dataset
[2021-10-27 12:00:10,613][core.metrics.meter][INFO] - Meter:
SequenceAccuracy:	0.938
TokenAccuracy:	0.997
LengthAccuracy:	0.950
1st Token Accuracy:	1.000
2nd Token Accuracy:	1.000
Average Loss:	0.068
[2021-10-27 12:00:10,723][core.early_stopping][INFO] - Early stopping counter: 3 / 5
[2021-10-27 12:00:10,777][core.early_stopping][INFO] - Pausing model saving until validation loss decreases by 0.0001
[2021-10-27 12:00:44,072][core.trainer][INFO] - Computing metrics for 'val' dataset
[2021-10-27 12:00:48,704][core.metrics.meter][INFO] - Meter:
SequenceAccuracy:	0.941
TokenAccuracy:	0.998
LengthAccuracy:	0.951
1st Token Accuracy:	1.000
2nd Token Accuracy:	1.000
Average Loss:	0.065
[2021-10-27 12:00:48,815][core.early_stopping][INFO] - Early stopping counter: 4 / 5
[2021-10-27 12:00:48,869][core.early_stopping][INFO] - Pausing model saving until validation loss decreases by 0.0001
[2021-10-27 12:01:22,320][core.trainer][INFO] - Computing metrics for 'val' dataset
[2021-10-27 12:01:26,958][core.metrics.meter][INFO] - Meter:
SequenceAccuracy:	0.935
TokenAccuracy:	0.997
LengthAccuracy:	0.948
1st Token Accuracy:	1.000
2nd Token Accuracy:	1.000
Average Loss:	0.070
[2021-10-27 12:01:27,083][core.early_stopping][INFO] - Early stopping counter: 5 / 5
[2021-10-27 12:01:27,137][core.early_stopping][INFO] - Pausing model saving until validation loss decreases by 0.0001
[2021-10-27 12:01:27,137][core.trainer][INFO] - Computing metrics for 'test' dataset
[2021-10-27 12:02:12,111][core.metrics.meter][INFO] - Meter:
SequenceAccuracy:	0.940
TokenAccuracy:	0.997
LengthAccuracy:	0.953
1st Token Accuracy:	1.000
2nd Token Accuracy:	1.000
Average Loss:	0.066
[2021-10-27 12:02:12,111][core.trainer][INFO] - Computing metrics for 'gen' dataset
[2021-10-27 12:03:01,068][core.metrics.meter][INFO] - Meter:
SequenceAccuracy:	0.005
TokenAccuracy:	0.573
LengthAccuracy:	0.951
1st Token Accuracy:	0.053
2nd Token Accuracy:	1.000
Average Loss:	2.279
[2021-10-27 12:03:01,068][core.trainer][INFO] - EPOCH 10 / 50
[2021-10-27 12:03:01,068][core.trainer][INFO] - Computing metrics for 'train' dataset
[2021-10-27 12:03:34,534][core.trainer][INFO] - Computing metrics for 'val' dataset
[2021-10-27 12:03:39,169][core.metrics.meter][INFO] - Meter:
SequenceAccuracy:	0.940
TokenAccuracy:	0.998
LengthAccuracy:	0.951
1st Token Accuracy:	1.000
2nd Token Accuracy:	1.000
Average Loss:	0.065
[2021-10-27 12:03:39,280][core.early_stopping][INFO] - Early stopping counter: 6 / 5
[2021-10-27 12:03:39,334][core.early_stopping][INFO] - Pausing model saving until validation loss decreases by 0.0001
[2021-10-27 12:03:39,334][core.trainer][INFO] - Computing metrics for 'test' dataset
[2021-10-27 12:04:24,370][core.metrics.meter][INFO] - Meter:
SequenceAccuracy:	0.944
TokenAccuracy:	0.996
LengthAccuracy:	0.957
1st Token Accuracy:	1.000
2nd Token Accuracy:	1.000
Average Loss:	0.060
[2021-10-27 12:04:24,371][core.trainer][INFO] - Computing metrics for 'gen' dataset
[2021-10-27 12:05:13,142][core.metrics.meter][INFO] - Meter:
SequenceAccuracy:	0.005
TokenAccuracy:	0.571
LengthAccuracy:	0.950
1st Token Accuracy:	0.049
2nd Token Accuracy:	1.000
Average Loss:	2.287
[2021-10-27 12:05:13,142][core.trainer][INFO] - EPOCH 11 / 50
[2021-10-27 12:05:13,142][core.trainer][INFO] - Computing metrics for 'train' dataset
[2021-10-27 12:05:46,752][core.trainer][INFO] - Computing metrics for 'val' dataset
[2021-10-27 12:05:51,414][core.metrics.meter][INFO] - Meter:
SequenceAccuracy:	0.937
TokenAccuracy:	0.998
LengthAccuracy:	0.949
1st Token Accuracy:	1.000
2nd Token Accuracy:	1.000
Average Loss:	0.066
[2021-10-27 12:05:51,534][core.early_stopping][INFO] - Early stopping counter: 7 / 5
[2021-10-27 12:05:51,588][core.early_stopping][INFO] - Pausing model saving until validation loss decreases by 0.0001
[2021-10-27 12:05:51,588][core.trainer][INFO] - Computing metrics for 'test' dataset
[2021-10-27 12:06:36,856][core.metrics.meter][INFO] - Meter:
SequenceAccuracy:	0.945
TokenAccuracy:	0.997
LengthAccuracy:	0.957
1st Token Accuracy:	1.000
2nd Token Accuracy:	1.000
Average Loss:	0.059
[2021-10-27 12:06:36,857][core.trainer][INFO] - Computing metrics for 'gen' dataset
[2021-10-27 12:07:25,898][core.metrics.meter][INFO] - Meter:
SequenceAccuracy:	0.004
TokenAccuracy:	0.569
LengthAccuracy:	0.954
1st Token Accuracy:	0.043
2nd Token Accuracy:	1.000
Average Loss:	2.292
[2021-10-27 12:07:25,899][core.trainer][INFO] - EPOCH 12 / 50
[2021-10-27 12:07:25,899][core.trainer][INFO] - Computing metrics for 'train' dataset
[2021-10-27 12:07:59,487][core.trainer][INFO] - Computing metrics for 'val' dataset
[2021-10-27 12:08:04,120][core.metrics.meter][INFO] - Meter:
SequenceAccuracy:	0.939
TokenAccuracy:	0.998
LengthAccuracy:	0.951
1st Token Accuracy:	1.000
2nd Token Accuracy:	1.000
Average Loss:	0.064
[2021-10-27 12:08:04,287][core.early_stopping][INFO] - Early stopping counter: 8 / 5
[2021-10-27 12:08:04,287][core.early_stopping][INFO] - Pausing model saving until validation loss decreases by 0.0001
[2021-10-27 12:08:04,288][core.trainer][INFO] - Computing metrics for 'test' dataset
[2021-10-27 12:08:49,298][core.metrics.meter][INFO] - Meter:
SequenceAccuracy:	0.937
TokenAccuracy:	0.996
LengthAccuracy:	0.950
1st Token Accuracy:	1.000
2nd Token Accuracy:	1.000
Average Loss:	0.069
[2021-10-27 12:08:49,298][core.trainer][INFO] - Computing metrics for 'gen' dataset
[2021-10-27 12:09:38,011][core.metrics.meter][INFO] - Meter:
SequenceAccuracy:	0.005
TokenAccuracy:	0.570
LengthAccuracy:	0.933
1st Token Accuracy:	0.047
2nd Token Accuracy:	1.000
Average Loss:	2.350
[2021-10-27 12:09:38,011][core.trainer][INFO] - EPOCH 13 / 50
[2021-10-27 12:09:38,011][core.trainer][INFO] - Computing metrics for 'train' dataset
[2021-10-27 12:10:11,392][core.trainer][INFO] - Computing metrics for 'val' dataset
[2021-10-27 12:10:16,025][core.metrics.meter][INFO] - Meter:
SequenceAccuracy:	0.942
TokenAccuracy:	0.998
LengthAccuracy:	0.953
1st Token Accuracy:	1.000
2nd Token Accuracy:	1.000
Average Loss:	0.063
[2021-10-27 12:10:16,189][core.early_stopping][INFO] - Early stopping counter: 9 / 5
[2021-10-27 12:10:16,189][core.early_stopping][INFO] - Pausing model saving until validation loss decreases by 0.0001
[2021-10-27 12:10:16,190][core.trainer][INFO] - Computing metrics for 'test' dataset
[2021-10-27 12:11:01,142][core.metrics.meter][INFO] - Meter:
SequenceAccuracy:	0.941
TokenAccuracy:	0.997
LengthAccuracy:	0.953
1st Token Accuracy:	1.000
2nd Token Accuracy:	1.000
Average Loss:	0.066
[2021-10-27 12:11:01,142][core.trainer][INFO] - Computing metrics for 'gen' dataset
[2021-10-27 12:11:49,829][core.metrics.meter][INFO] - Meter:
SequenceAccuracy:	0.006
TokenAccuracy:	0.572
LengthAccuracy:	0.952
1st Token Accuracy:	0.048
2nd Token Accuracy:	1.000
Average Loss:	2.289
[2021-10-27 12:11:49,830][core.trainer][INFO] - EPOCH 14 / 50
[2021-10-27 12:11:49,830][core.trainer][INFO] - Computing metrics for 'train' dataset
[2021-10-27 12:12:23,332][core.trainer][INFO] - Computing metrics for 'val' dataset
[2021-10-27 12:12:27,974][core.metrics.meter][INFO] - Meter:
SequenceAccuracy:	0.944
TokenAccuracy:	0.998
LengthAccuracy:	0.953
1st Token Accuracy:	1.000
2nd Token Accuracy:	1.000
Average Loss:	0.060
[2021-10-27 12:12:28,118][core.early_stopping][INFO] - Early stopping counter: 10 / 5
[2021-10-27 12:12:28,172][core.early_stopping][INFO] - Pausing model saving until validation loss decreases by 0.0001
[2021-10-27 12:12:28,173][core.trainer][INFO] - Computing metrics for 'test' dataset
[2021-10-27 12:13:13,121][core.metrics.meter][INFO] - Meter:
SequenceAccuracy:	0.942
TokenAccuracy:	0.997
LengthAccuracy:	0.953
1st Token Accuracy:	1.000
2nd Token Accuracy:	1.000
Average Loss:	0.066
[2021-10-27 12:13:13,121][core.trainer][INFO] - Computing metrics for 'gen' dataset
[2021-10-27 12:14:01,796][core.metrics.meter][INFO] - Meter:
SequenceAccuracy:	0.005
TokenAccuracy:	0.571
LengthAccuracy:	0.948
1st Token Accuracy:	0.047
2nd Token Accuracy:	1.000
Average Loss:	2.317
[2021-10-27 12:14:01,796][core.trainer][INFO] - EPOCH 15 / 50
[2021-10-27 12:14:01,796][core.trainer][INFO] - Computing metrics for 'train' dataset
[2021-10-27 12:14:35,376][core.trainer][INFO] - Computing metrics for 'val' dataset
[2021-10-27 12:14:40,016][core.metrics.meter][INFO] - Meter:
SequenceAccuracy:	0.941
TokenAccuracy:	0.998
LengthAccuracy:	0.953
1st Token Accuracy:	1.000
2nd Token Accuracy:	1.000
Average Loss:	0.061
[2021-10-27 12:14:40,132][core.early_stopping][INFO] - Early stopping counter: 11 / 5
[2021-10-27 12:14:40,186][core.early_stopping][INFO] - Pausing model saving until validation loss decreases by 0.0001
[2021-10-27 12:14:40,186][core.trainer][INFO] - Computing metrics for 'test' dataset
[2021-10-27 12:15:25,213][core.metrics.meter][INFO] - Meter:
SequenceAccuracy:	0.939
TokenAccuracy:	0.997
LengthAccuracy:	0.950
1st Token Accuracy:	1.000
2nd Token Accuracy:	1.000
Average Loss:	0.068
[2021-10-27 12:15:25,214][core.trainer][INFO] - Computing metrics for 'gen' dataset
[2021-10-27 12:16:13,971][core.metrics.meter][INFO] - Meter:
SequenceAccuracy:	0.007
TokenAccuracy:	0.573
LengthAccuracy:	0.955
1st Token Accuracy:	0.049
2nd Token Accuracy:	1.000
Average Loss:	2.288
[2021-10-27 12:16:13,972][core.trainer][INFO] - EPOCH 16 / 50
[2021-10-27 12:16:13,972][core.trainer][INFO] - Computing metrics for 'train' dataset
[2021-10-27 12:16:47,500][core.trainer][INFO] - Computing metrics for 'val' dataset
[2021-10-27 12:16:52,132][core.metrics.meter][INFO] - Meter:
SequenceAccuracy:	0.943
TokenAccuracy:	0.998
LengthAccuracy:	0.954
1st Token Accuracy:	1.000
2nd Token Accuracy:	1.000
Average Loss:	0.061
[2021-10-27 12:16:52,264][core.early_stopping][INFO] - Early stopping counter: 12 / 5
[2021-10-27 12:16:52,317][core.early_stopping][INFO] - Pausing model saving until validation loss decreases by 0.0001
[2021-10-27 12:16:52,317][core.trainer][INFO] - Computing metrics for 'test' dataset
[2021-10-27 12:17:37,212][core.metrics.meter][INFO] - Meter:
SequenceAccuracy:	0.940
TokenAccuracy:	0.997
LengthAccuracy:	0.952
1st Token Accuracy:	1.000
2nd Token Accuracy:	1.000
Average Loss:	0.067
[2021-10-27 12:17:37,212][core.trainer][INFO] - Computing metrics for 'gen' dataset
[2021-10-27 12:18:25,930][core.metrics.meter][INFO] - Meter:
SequenceAccuracy:	0.005
TokenAccuracy:	0.571
LengthAccuracy:	0.956
1st Token Accuracy:	0.044
2nd Token Accuracy:	1.000
Average Loss:	2.309
[2021-10-27 12:18:25,931][core.trainer][INFO] - EPOCH 17 / 50
[2021-10-27 12:18:25,931][core.trainer][INFO] - Computing metrics for 'train' dataset
[2021-10-27 12:18:59,408][core.trainer][INFO] - Computing metrics for 'val' dataset
[2021-10-27 12:19:04,071][core.metrics.meter][INFO] - Meter:
SequenceAccuracy:	0.944
TokenAccuracy:	0.998
LengthAccuracy:	0.952
1st Token Accuracy:	1.000
2nd Token Accuracy:	1.000
Average Loss:	0.062
[2021-10-27 12:19:04,182][core.early_stopping][INFO] - Early stopping counter: 13 / 5
[2021-10-27 12:19:04,235][core.early_stopping][INFO] - Pausing model saving until validation loss decreases by 0.0001
[2021-10-27 12:19:04,236][core.trainer][INFO] - Computing metrics for 'test' dataset
[2021-10-27 12:19:49,434][core.metrics.meter][INFO] - Meter:
SequenceAccuracy:	0.939
TokenAccuracy:	0.997
LengthAccuracy:	0.950
1st Token Accuracy:	1.000
2nd Token Accuracy:	1.000
Average Loss:	0.067
[2021-10-27 12:19:49,435][core.trainer][INFO] - Computing metrics for 'gen' dataset
[2021-10-27 12:20:38,406][core.metrics.meter][INFO] - Meter:
SequenceAccuracy:	0.005
TokenAccuracy:	0.577
LengthAccuracy:	0.960
1st Token Accuracy:	0.046
2nd Token Accuracy:	1.000
Average Loss:	2.274
[2021-10-27 12:20:38,406][core.trainer][INFO] - EPOCH 18 / 50
[2021-10-27 12:20:38,406][core.trainer][INFO] - Computing metrics for 'train' dataset
[2021-10-27 12:21:11,805][core.trainer][INFO] - Computing metrics for 'val' dataset
[2021-10-27 12:21:16,481][core.metrics.meter][INFO] - Meter:
SequenceAccuracy:	0.941
TokenAccuracy:	0.998
LengthAccuracy:	0.951
1st Token Accuracy:	1.000
2nd Token Accuracy:	1.000
Average Loss:	0.063
[2021-10-27 12:21:16,666][core.early_stopping][INFO] - Early stopping counter: 14 / 5
[2021-10-27 12:21:16,666][core.early_stopping][INFO] - Pausing model saving until validation loss decreases by 0.0001
[2021-10-27 12:21:16,666][core.trainer][INFO] - Computing metrics for 'test' dataset
[2021-10-27 12:22:01,928][core.metrics.meter][INFO] - Meter:
SequenceAccuracy:	0.939
TokenAccuracy:	0.997
LengthAccuracy:	0.950
1st Token Accuracy:	1.000
2nd Token Accuracy:	1.000
Average Loss:	0.067
[2021-10-27 12:22:01,928][core.trainer][INFO] - Computing metrics for 'gen' dataset
[2021-10-27 12:22:50,959][core.metrics.meter][INFO] - Meter:
SequenceAccuracy:	0.006
TokenAccuracy:	0.572
LengthAccuracy:	0.950
1st Token Accuracy:	0.045
2nd Token Accuracy:	1.000
Average Loss:	2.315
[2021-10-27 12:22:50,960][core.trainer][INFO] - EPOCH 19 / 50
[2021-10-27 12:22:50,960][core.trainer][INFO] - Computing metrics for 'train' dataset
[2021-10-27 12:23:24,512][core.trainer][INFO] - Computing metrics for 'val' dataset
[2021-10-27 12:23:29,144][core.metrics.meter][INFO] - Meter:
SequenceAccuracy:	0.937
TokenAccuracy:	0.998
LengthAccuracy:	0.948
1st Token Accuracy:	1.000
2nd Token Accuracy:	1.000
Average Loss:	0.067
[2021-10-27 12:23:29,250][core.early_stopping][INFO] - Early stopping counter: 15 / 5
[2021-10-27 12:23:29,304][core.early_stopping][INFO] - Pausing model saving until validation loss decreases by 0.0001
[2021-10-27 12:23:29,304][core.trainer][INFO] - Computing metrics for 'test' dataset
[2021-10-27 12:24:14,260][core.metrics.meter][INFO] - Meter:
SequenceAccuracy:	0.940
TokenAccuracy:	0.997
LengthAccuracy:	0.950
1st Token Accuracy:	1.000
2nd Token Accuracy:	1.000
Average Loss:	0.067
[2021-10-27 12:24:14,260][core.trainer][INFO] - Computing metrics for 'gen' dataset
[2021-10-27 12:25:02,988][core.metrics.meter][INFO] - Meter:
SequenceAccuracy:	0.006
TokenAccuracy:	0.576
LengthAccuracy:	0.965
1st Token Accuracy:	0.043
2nd Token Accuracy:	1.000
Average Loss:	2.286
[2021-10-27 12:25:02,988][core.trainer][INFO] - EPOCH 20 / 50
[2021-10-27 12:25:02,988][core.trainer][INFO] - Computing metrics for 'train' dataset
[2021-10-27 12:25:36,406][core.trainer][INFO] - Computing metrics for 'val' dataset
[2021-10-27 12:25:41,042][core.metrics.meter][INFO] - Meter:
SequenceAccuracy:	0.944
TokenAccuracy:	0.998
LengthAccuracy:	0.953
1st Token Accuracy:	1.000
2nd Token Accuracy:	1.000
Average Loss:	0.062
[2021-10-27 12:25:41,224][core.early_stopping][INFO] - Early stopping counter: 16 / 5
[2021-10-27 12:25:41,224][core.early_stopping][INFO] - Pausing model saving until validation loss decreases by 0.0001
[2021-10-27 12:25:41,225][core.trainer][INFO] - Computing metrics for 'test' dataset
[2021-10-27 12:26:26,216][core.metrics.meter][INFO] - Meter:
SequenceAccuracy:	0.938
TokenAccuracy:	0.997
LengthAccuracy:	0.948
1st Token Accuracy:	1.000
2nd Token Accuracy:	1.000
Average Loss:	0.069
[2021-10-27 12:26:26,216][core.trainer][INFO] - Computing metrics for 'gen' dataset
[2021-10-27 12:27:15,013][core.metrics.meter][INFO] - Meter:
SequenceAccuracy:	0.006
TokenAccuracy:	0.574
LengthAccuracy:	0.953
1st Token Accuracy:	0.043
2nd Token Accuracy:	1.000
Average Loss:	2.327
[2021-10-27 12:27:15,014][core.trainer][INFO] - EPOCH 21 / 50
[2021-10-27 12:27:15,014][core.trainer][INFO] - Computing metrics for 'train' dataset
[2021-10-27 12:27:48,405][core.trainer][INFO] - Computing metrics for 'val' dataset
[2021-10-27 12:27:53,045][core.metrics.meter][INFO] - Meter:
SequenceAccuracy:	0.942
TokenAccuracy:	0.998
LengthAccuracy:	0.952
1st Token Accuracy:	1.000
2nd Token Accuracy:	1.000
Average Loss:	0.060
[2021-10-27 12:27:53,153][core.early_stopping][INFO] - Early stopping counter: 17 / 5
[2021-10-27 12:27:53,205][core.early_stopping][INFO] - Pausing model saving until validation loss decreases by 0.0001
[2021-10-27 12:27:53,206][core.trainer][INFO] - Computing metrics for 'test' dataset
[2021-10-27 12:28:38,153][core.metrics.meter][INFO] - Meter:
SequenceAccuracy:	0.943
TokenAccuracy:	0.997
LengthAccuracy:	0.953
1st Token Accuracy:	1.000
2nd Token Accuracy:	1.000
Average Loss:	0.062
[2021-10-27 12:28:38,153][core.trainer][INFO] - Computing metrics for 'gen' dataset
[2021-10-27 12:29:26,842][core.metrics.meter][INFO] - Meter:
SequenceAccuracy:	0.006
TokenAccuracy:	0.568
LengthAccuracy:	0.952
1st Token Accuracy:	0.047
2nd Token Accuracy:	1.000
Average Loss:	2.366
[2021-10-27 12:29:26,842][core.trainer][INFO] - EPOCH 22 / 50
[2021-10-27 12:29:26,842][core.trainer][INFO] - Computing metrics for 'train' dataset
[2021-10-27 12:30:00,513][core.trainer][INFO] - Computing metrics for 'val' dataset
[2021-10-27 12:30:05,162][core.metrics.meter][INFO] - Meter:
SequenceAccuracy:	0.940
TokenAccuracy:	0.998
LengthAccuracy:	0.950
1st Token Accuracy:	1.000
2nd Token Accuracy:	1.000
Average Loss:	0.064
[2021-10-27 12:30:05,288][core.early_stopping][INFO] - Early stopping counter: 18 / 5
[2021-10-27 12:30:05,342][core.early_stopping][INFO] - Pausing model saving until validation loss decreases by 0.0001
[2021-10-27 12:30:05,342][core.trainer][INFO] - Computing metrics for 'test' dataset
[2021-10-27 12:30:50,379][core.metrics.meter][INFO] - Meter:
SequenceAccuracy:	0.943
TokenAccuracy:	0.997
LengthAccuracy:	0.952
1st Token Accuracy:	1.000
2nd Token Accuracy:	1.000
Average Loss:	0.063
[2021-10-27 12:30:50,379][core.trainer][INFO] - Computing metrics for 'gen' dataset
[2021-10-27 12:31:39,143][core.metrics.meter][INFO] - Meter:
SequenceAccuracy:	0.004
TokenAccuracy:	0.569
LengthAccuracy:	0.951
1st Token Accuracy:	0.045
2nd Token Accuracy:	1.000
Average Loss:	2.358
[2021-10-27 12:31:39,143][core.trainer][INFO] - EPOCH 23 / 50
[2021-10-27 12:31:39,143][core.trainer][INFO] - Computing metrics for 'train' dataset
[2021-10-27 12:32:12,746][core.trainer][INFO] - Computing metrics for 'val' dataset
[2021-10-27 12:32:17,385][core.metrics.meter][INFO] - Meter:
SequenceAccuracy:	0.939
TokenAccuracy:	0.998
LengthAccuracy:	0.950
1st Token Accuracy:	1.000
2nd Token Accuracy:	1.000
Average Loss:	0.066
[2021-10-27 12:32:17,497][core.early_stopping][INFO] - Early stopping counter: 19 / 5
[2021-10-27 12:32:17,551][core.early_stopping][INFO] - Pausing model saving until validation loss decreases by 0.0001
[2021-10-27 12:32:17,551][core.trainer][INFO] - Computing metrics for 'test' dataset
[2021-10-27 12:33:02,580][core.metrics.meter][INFO] - Meter:
SequenceAccuracy:	0.938
TokenAccuracy:	0.997
LengthAccuracy:	0.948
1st Token Accuracy:	1.000
2nd Token Accuracy:	1.000
Average Loss:	0.070
[2021-10-27 12:33:02,580][core.trainer][INFO] - Computing metrics for 'gen' dataset
[2021-10-27 12:33:51,373][core.metrics.meter][INFO] - Meter:
SequenceAccuracy:	0.005
TokenAccuracy:	0.571
LengthAccuracy:	0.957
1st Token Accuracy:	0.042
2nd Token Accuracy:	1.000
Average Loss:	2.346
[2021-10-27 12:33:51,373][core.trainer][INFO] - EPOCH 24 / 50
[2021-10-27 12:33:51,373][core.trainer][INFO] - Computing metrics for 'train' dataset
[2021-10-27 12:34:25,025][core.trainer][INFO] - Computing metrics for 'val' dataset
[2021-10-27 12:34:29,653][core.metrics.meter][INFO] - Meter:
SequenceAccuracy:	0.943
TokenAccuracy:	0.998
LengthAccuracy:	0.953
1st Token Accuracy:	1.000
2nd Token Accuracy:	1.000
Average Loss:	0.060
[2021-10-27 12:34:29,775][core.early_stopping][INFO] - Early stopping counter: 20 / 5
[2021-10-27 12:34:29,829][core.early_stopping][INFO] - Pausing model saving until validation loss decreases by 0.0001
[2021-10-27 12:34:29,829][core.trainer][INFO] - Computing metrics for 'test' dataset
[2021-10-27 12:35:14,880][core.metrics.meter][INFO] - Meter:
SequenceAccuracy:	0.943
TokenAccuracy:	0.997
LengthAccuracy:	0.953
1st Token Accuracy:	1.000
2nd Token Accuracy:	1.000
Average Loss:	0.063
[2021-10-27 12:35:14,880][core.trainer][INFO] - Computing metrics for 'gen' dataset
[2021-10-27 12:36:03,545][core.metrics.meter][INFO] - Meter:
SequenceAccuracy:	0.007
TokenAccuracy:	0.564
LengthAccuracy:	0.921
1st Token Accuracy:	0.054
2nd Token Accuracy:	1.000
Average Loss:	2.461
[2021-10-27 12:36:03,545][core.trainer][INFO] - EPOCH 25 / 50
[2021-10-27 12:36:03,545][core.trainer][INFO] - Computing metrics for 'train' dataset
[2021-10-27 12:36:36,926][core.trainer][INFO] - Computing metrics for 'val' dataset
[2021-10-27 12:36:41,560][core.metrics.meter][INFO] - Meter:
SequenceAccuracy:	0.951
TokenAccuracy:	0.999
LengthAccuracy:	0.956
1st Token Accuracy:	1.000
2nd Token Accuracy:	1.000
Average Loss:	0.054
[2021-10-27 12:36:41,679][core.early_stopping][INFO] - Early stopping counter: 21 / 5
[2021-10-27 12:36:41,731][core.early_stopping][INFO] - Pausing model saving until validation loss decreases by 0.0001
[2021-10-27 12:36:41,731][core.trainer][INFO] - Computing metrics for 'test' dataset
[2021-10-27 12:37:26,638][core.metrics.meter][INFO] - Meter:
SequenceAccuracy:	0.947
TokenAccuracy:	0.998
LengthAccuracy:	0.953
1st Token Accuracy:	1.000
2nd Token Accuracy:	1.000
Average Loss:	0.061
[2021-10-27 12:37:26,638][core.trainer][INFO] - Computing metrics for 'gen' dataset
[2021-10-27 12:38:15,340][core.metrics.meter][INFO] - Meter:
SequenceAccuracy:	0.005
TokenAccuracy:	0.578
LengthAccuracy:	0.956
1st Token Accuracy:	0.043
2nd Token Accuracy:	1.000
Average Loss:	2.315
[2021-10-27 12:38:15,340][core.trainer][INFO] - EPOCH 26 / 50
[2021-10-27 12:38:15,340][core.trainer][INFO] - Computing metrics for 'train' dataset
[2021-10-27 12:38:48,768][core.trainer][INFO] - Computing metrics for 'val' dataset
[2021-10-27 12:38:53,411][core.metrics.meter][INFO] - Meter:
SequenceAccuracy:	0.946
TokenAccuracy:	0.998
LengthAccuracy:	0.955
1st Token Accuracy:	1.000
2nd Token Accuracy:	1.000
Average Loss:	0.058
[2021-10-27 12:38:53,526][core.early_stopping][INFO] - Early stopping counter: 22 / 5
[2021-10-27 12:38:53,579][core.early_stopping][INFO] - Pausing model saving until validation loss decreases by 0.0001
[2021-10-27 12:38:53,579][core.trainer][INFO] - Computing metrics for 'test' dataset
[2021-10-27 12:39:38,523][core.metrics.meter][INFO] - Meter:
SequenceAccuracy:	0.944
TokenAccuracy:	0.998
LengthAccuracy:	0.952
1st Token Accuracy:	1.000
2nd Token Accuracy:	1.000
Average Loss:	0.062
[2021-10-27 12:39:38,524][core.trainer][INFO] - Computing metrics for 'gen' dataset
[2021-10-27 12:40:27,296][core.metrics.meter][INFO] - Meter:
SequenceAccuracy:	0.005
TokenAccuracy:	0.570
LengthAccuracy:	0.951
1st Token Accuracy:	0.045
2nd Token Accuracy:	1.000
Average Loss:	2.374
[2021-10-27 12:40:27,296][core.trainer][INFO] - EPOCH 27 / 50
[2021-10-27 12:40:27,296][core.trainer][INFO] - Computing metrics for 'train' dataset
[2021-10-27 12:41:00,898][core.trainer][INFO] - Computing metrics for 'val' dataset
[2021-10-27 12:41:05,571][core.metrics.meter][INFO] - Meter:
SequenceAccuracy:	0.943
TokenAccuracy:	0.998
LengthAccuracy:	0.951
1st Token Accuracy:	1.000
2nd Token Accuracy:	1.000
Average Loss:	0.063
[2021-10-27 12:41:05,692][core.early_stopping][INFO] - Early stopping counter: 23 / 5
[2021-10-27 12:41:05,746][core.early_stopping][INFO] - Pausing model saving until validation loss decreases by 0.0001
[2021-10-27 12:41:05,747][core.trainer][INFO] - Computing metrics for 'test' dataset
[2021-10-27 12:41:50,955][core.metrics.meter][INFO] - Meter:
SequenceAccuracy:	0.942
TokenAccuracy:	0.998
LengthAccuracy:	0.950
1st Token Accuracy:	1.000
2nd Token Accuracy:	1.000
Average Loss:	0.064
[2021-10-27 12:41:50,955][core.trainer][INFO] - Computing metrics for 'gen' dataset
[2021-10-27 12:42:39,977][core.metrics.meter][INFO] - Meter:
SequenceAccuracy:	0.007
TokenAccuracy:	0.572
LengthAccuracy:	0.950
1st Token Accuracy:	0.050
2nd Token Accuracy:	1.000
Average Loss:	2.380
[2021-10-27 12:42:39,977][core.trainer][INFO] - EPOCH 28 / 50
[2021-10-27 12:42:39,977][core.trainer][INFO] - Computing metrics for 'train' dataset
[2021-10-27 12:43:13,528][core.trainer][INFO] - Computing metrics for 'val' dataset
[2021-10-27 12:43:18,161][core.metrics.meter][INFO] - Meter:
SequenceAccuracy:	0.943
TokenAccuracy:	0.998
LengthAccuracy:	0.951
1st Token Accuracy:	1.000
2nd Token Accuracy:	1.000
Average Loss:	0.060
[2021-10-27 12:43:18,278][core.early_stopping][INFO] - Early stopping counter: 24 / 5
[2021-10-27 12:43:18,331][core.early_stopping][INFO] - Pausing model saving until validation loss decreases by 0.0001
[2021-10-27 12:43:18,332][core.trainer][INFO] - Computing metrics for 'test' dataset
[2021-10-27 12:44:03,311][core.metrics.meter][INFO] - Meter:
SequenceAccuracy:	0.947
TokenAccuracy:	0.998
LengthAccuracy:	0.955
1st Token Accuracy:	1.000
2nd Token Accuracy:	1.000
Average Loss:	0.061
[2021-10-27 12:44:03,311][core.trainer][INFO] - Computing metrics for 'gen' dataset
[2021-10-27 12:44:52,104][core.metrics.meter][INFO] - Meter:
SequenceAccuracy:	0.005
TokenAccuracy:	0.572
LengthAccuracy:	0.957
1st Token Accuracy:	0.045
2nd Token Accuracy:	1.000
Average Loss:	2.378
[2021-10-27 12:44:52,104][core.trainer][INFO] - EPOCH 29 / 50
[2021-10-27 12:44:52,104][core.trainer][INFO] - Computing metrics for 'train' dataset
[2021-10-27 12:45:25,659][core.trainer][INFO] - Computing metrics for 'val' dataset
[2021-10-27 12:45:30,291][core.metrics.meter][INFO] - Meter:
SequenceAccuracy:	0.947
TokenAccuracy:	0.998
LengthAccuracy:	0.955
1st Token Accuracy:	1.000
2nd Token Accuracy:	1.000
Average Loss:	0.056
[2021-10-27 12:45:30,479][core.early_stopping][INFO] - Early stopping counter: 25 / 5
[2021-10-27 12:45:30,479][core.early_stopping][INFO] - Pausing model saving until validation loss decreases by 0.0001
[2021-10-27 12:45:30,480][core.trainer][INFO] - Computing metrics for 'test' dataset
[2021-10-27 12:46:15,432][core.metrics.meter][INFO] - Meter:
SequenceAccuracy:	0.943
TokenAccuracy:	0.998
LengthAccuracy:	0.950
1st Token Accuracy:	1.000
2nd Token Accuracy:	1.000
Average Loss:	0.064
[2021-10-27 12:46:15,432][core.trainer][INFO] - Computing metrics for 'gen' dataset
[2021-10-27 12:47:04,167][core.metrics.meter][INFO] - Meter:
SequenceAccuracy:	0.005
TokenAccuracy:	0.569
LengthAccuracy:	0.956
1st Token Accuracy:	0.040
2nd Token Accuracy:	1.000
Average Loss:	2.377
[2021-10-27 12:47:04,168][core.trainer][INFO] - EPOCH 30 / 50
[2021-10-27 12:47:04,168][core.trainer][INFO] - Computing metrics for 'train' dataset
[2021-10-27 12:47:37,638][core.trainer][INFO] - Computing metrics for 'val' dataset
[2021-10-27 12:47:42,273][core.metrics.meter][INFO] - Meter:
SequenceAccuracy:	0.942
TokenAccuracy:	0.999
LengthAccuracy:	0.949
1st Token Accuracy:	1.000
2nd Token Accuracy:	1.000
Average Loss:	0.062
[2021-10-27 12:47:42,382][core.early_stopping][INFO] - Early stopping counter: 26 / 5
[2021-10-27 12:47:42,434][core.early_stopping][INFO] - Pausing model saving until validation loss decreases by 0.0001
[2021-10-27 12:47:42,434][core.trainer][INFO] - Computing metrics for 'test' dataset
[2021-10-27 12:48:27,394][core.metrics.meter][INFO] - Meter:
SequenceAccuracy:	0.946
TokenAccuracy:	0.998
LengthAccuracy:	0.954
1st Token Accuracy:	1.000
2nd Token Accuracy:	1.000
Average Loss:	0.060
[2021-10-27 12:48:27,394][core.trainer][INFO] - Computing metrics for 'gen' dataset
[2021-10-27 12:49:16,088][core.metrics.meter][INFO] - Meter:
SequenceAccuracy:	0.006
TokenAccuracy:	0.568
LengthAccuracy:	0.948
1st Token Accuracy:	0.047
2nd Token Accuracy:	1.000
Average Loss:	2.406
[2021-10-27 12:49:16,088][core.trainer][INFO] - EPOCH 31 / 50
[2021-10-27 12:49:16,088][core.trainer][INFO] - Computing metrics for 'train' dataset
[2021-10-27 12:49:49,673][core.trainer][INFO] - Computing metrics for 'val' dataset
[2021-10-27 12:49:54,319][core.metrics.meter][INFO] - Meter:
SequenceAccuracy:	0.947
TokenAccuracy:	0.999
LengthAccuracy:	0.953
1st Token Accuracy:	1.000
2nd Token Accuracy:	1.000
Average Loss:	0.062
[2021-10-27 12:50:28,064][core.trainer][INFO] - Computing metrics for 'val' dataset
[2021-10-27 12:50:32,708][core.metrics.meter][INFO] - Meter:
SequenceAccuracy:	0.945
TokenAccuracy:	0.999
LengthAccuracy:	0.952
1st Token Accuracy:	1.000
2nd Token Accuracy:	1.000
Average Loss:	0.061
[2021-10-27 12:50:32,818][core.early_stopping][INFO] - Early stopping counter: 1 / 5
[2021-10-27 12:50:32,873][core.early_stopping][INFO] - Pausing model saving until validation loss decreases by 0.0001
[2021-10-27 12:51:06,248][core.trainer][INFO] - Computing metrics for 'val' dataset
[2021-10-27 12:51:10,893][core.metrics.meter][INFO] - Meter:
SequenceAccuracy:	0.945
TokenAccuracy:	0.998
LengthAccuracy:	0.953
1st Token Accuracy:	1.000
2nd Token Accuracy:	1.000
Average Loss:	0.058
[2021-10-27 12:51:11,012][core.early_stopping][INFO] - Early stopping counter: 2 / 5
[2021-10-27 12:51:11,066][core.early_stopping][INFO] - Pausing model saving until validation loss decreases by 0.0001
[2021-10-27 12:51:44,471][core.trainer][INFO] - Computing metrics for 'val' dataset
[2021-10-27 12:51:49,117][core.metrics.meter][INFO] - Meter:
SequenceAccuracy:	0.952
TokenAccuracy:	0.999
LengthAccuracy:	0.959
1st Token Accuracy:	1.000
2nd Token Accuracy:	1.000
Average Loss:	0.052
[2021-10-27 12:52:22,837][core.trainer][INFO] - Computing metrics for 'val' dataset
[2021-10-27 12:52:27,475][core.metrics.meter][INFO] - Meter:
SequenceAccuracy:	0.946
TokenAccuracy:	0.999
LengthAccuracy:	0.953
1st Token Accuracy:	1.000
2nd Token Accuracy:	1.000
Average Loss:	0.058
[2021-10-27 12:52:27,581][core.early_stopping][INFO] - Early stopping counter: 1 / 5
[2021-10-27 12:52:27,634][core.early_stopping][INFO] - Pausing model saving until validation loss decreases by 0.0001
[2021-10-27 12:53:01,082][core.trainer][INFO] - Computing metrics for 'val' dataset
[2021-10-27 12:53:05,739][core.metrics.meter][INFO] - Meter:
SequenceAccuracy:	0.947
TokenAccuracy:	0.999
LengthAccuracy:	0.953
1st Token Accuracy:	1.000
2nd Token Accuracy:	1.000
Average Loss:	0.058
[2021-10-27 12:53:05,855][core.early_stopping][INFO] - Early stopping counter: 2 / 5
[2021-10-27 12:53:05,909][core.early_stopping][INFO] - Pausing model saving until validation loss decreases by 0.0001
[2021-10-27 12:53:39,284][core.trainer][INFO] - Computing metrics for 'val' dataset
[2021-10-27 12:53:43,956][core.metrics.meter][INFO] - Meter:
SequenceAccuracy:	0.943
TokenAccuracy:	0.999
LengthAccuracy:	0.951
1st Token Accuracy:	1.000
2nd Token Accuracy:	1.000
Average Loss:	0.060
[2021-10-27 12:53:44,088][core.early_stopping][INFO] - Early stopping counter: 3 / 5
[2021-10-27 12:53:44,142][core.early_stopping][INFO] - Pausing model saving until validation loss decreases by 0.0001
[2021-10-27 12:54:17,499][core.trainer][INFO] - Computing metrics for 'val' dataset
[2021-10-27 12:54:22,175][core.metrics.meter][INFO] - Meter:
SequenceAccuracy:	0.947
TokenAccuracy:	0.999
LengthAccuracy:	0.952
1st Token Accuracy:	1.000
2nd Token Accuracy:	1.000
Average Loss:	0.059
[2021-10-27 12:54:22,286][core.early_stopping][INFO] - Early stopping counter: 4 / 5
[2021-10-27 12:54:22,339][core.early_stopping][INFO] - Pausing model saving until validation loss decreases by 0.0001
[2021-10-27 12:54:55,923][core.trainer][INFO] - Computing metrics for 'val' dataset
[2021-10-27 12:55:00,556][core.metrics.meter][INFO] - Meter:
SequenceAccuracy:	0.945
TokenAccuracy:	0.999
LengthAccuracy:	0.950
1st Token Accuracy:	1.000
2nd Token Accuracy:	1.000
Average Loss:	0.059
[2021-10-27 12:55:00,665][core.early_stopping][INFO] - Early stopping counter: 5 / 5
[2021-10-27 12:55:00,718][core.early_stopping][INFO] - Pausing model saving until validation loss decreases by 0.0001
[2021-10-27 12:55:00,718][core.trainer][INFO] - Computing metrics for 'test' dataset
[2021-10-27 12:55:45,647][core.metrics.meter][INFO] - Meter:
SequenceAccuracy:	0.941
TokenAccuracy:	0.998
LengthAccuracy:	0.948
1st Token Accuracy:	1.000
2nd Token Accuracy:	1.000
Average Loss:	0.066
[2021-10-27 12:55:45,647][core.trainer][INFO] - Computing metrics for 'gen' dataset
[2021-10-27 12:56:34,296][core.metrics.meter][INFO] - Meter:
SequenceAccuracy:	0.007
TokenAccuracy:	0.575
LengthAccuracy:	0.962
1st Token Accuracy:	0.048
2nd Token Accuracy:	1.000
Average Loss:	2.381
[2021-10-27 12:56:34,297][core.trainer][INFO] - EPOCH 32 / 50
[2021-10-27 12:56:34,297][core.trainer][INFO] - Computing metrics for 'train' dataset
[2021-10-27 12:57:07,825][core.trainer][INFO] - Computing metrics for 'val' dataset
[2021-10-27 12:57:12,463][core.metrics.meter][INFO] - Meter:
SequenceAccuracy:	0.952
TokenAccuracy:	0.999
LengthAccuracy:	0.956
1st Token Accuracy:	1.000
2nd Token Accuracy:	1.000
Average Loss:	0.054
[2021-10-27 12:57:46,171][core.trainer][INFO] - Computing metrics for 'val' dataset
[2021-10-27 12:57:50,810][core.metrics.meter][INFO] - Meter:
SequenceAccuracy:	0.948
TokenAccuracy:	0.999
LengthAccuracy:	0.954
1st Token Accuracy:	1.000
2nd Token Accuracy:	1.000
Average Loss:	0.055
[2021-10-27 12:57:50,921][core.early_stopping][INFO] - Early stopping counter: 1 / 5
[2021-10-27 12:57:50,976][core.early_stopping][INFO] - Pausing model saving until validation loss decreases by 0.0001
[2021-10-27 12:58:24,455][core.trainer][INFO] - Computing metrics for 'val' dataset
[2021-10-27 12:58:29,092][core.metrics.meter][INFO] - Meter:
SequenceAccuracy:	0.949
TokenAccuracy:	0.999
LengthAccuracy:	0.954
1st Token Accuracy:	1.000
2nd Token Accuracy:	1.000
Average Loss:	0.056
[2021-10-27 12:58:29,204][core.early_stopping][INFO] - Early stopping counter: 2 / 5
[2021-10-27 12:58:29,256][core.early_stopping][INFO] - Pausing model saving until validation loss decreases by 0.0001
[2021-10-27 12:59:02,703][core.trainer][INFO] - Computing metrics for 'val' dataset
[2021-10-27 12:59:07,369][core.metrics.meter][INFO] - Meter:
SequenceAccuracy:	0.947
TokenAccuracy:	0.999
LengthAccuracy:	0.954
1st Token Accuracy:	1.000
2nd Token Accuracy:	1.000
Average Loss:	0.056
[2021-10-27 12:59:07,502][core.early_stopping][INFO] - Early stopping counter: 3 / 5
[2021-10-27 12:59:07,555][core.early_stopping][INFO] - Pausing model saving until validation loss decreases by 0.0001
[2021-10-27 12:59:41,054][core.trainer][INFO] - Computing metrics for 'val' dataset
[2021-10-27 12:59:45,701][core.metrics.meter][INFO] - Meter:
SequenceAccuracy:	0.945
TokenAccuracy:	0.998
LengthAccuracy:	0.952
1st Token Accuracy:	1.000
2nd Token Accuracy:	1.000
Average Loss:	0.061
[2021-10-27 12:59:45,812][core.early_stopping][INFO] - Early stopping counter: 4 / 5
[2021-10-27 12:59:45,865][core.early_stopping][INFO] - Pausing model saving until validation loss decreases by 0.0001
[2021-10-27 13:00:19,271][core.trainer][INFO] - Computing metrics for 'val' dataset
[2021-10-27 13:00:23,904][core.metrics.meter][INFO] - Meter:
SequenceAccuracy:	0.945
TokenAccuracy:	0.999
LengthAccuracy:	0.950
1st Token Accuracy:	1.000
2nd Token Accuracy:	1.000
Average Loss:	0.059
[2021-10-27 13:00:24,018][core.early_stopping][INFO] - Early stopping counter: 5 / 5
[2021-10-27 13:00:24,076][core.early_stopping][INFO] - Pausing model saving until validation loss decreases by 0.0001
[2021-10-27 13:00:24,077][core.trainer][INFO] - Computing metrics for 'test' dataset
[2021-10-27 13:01:09,061][core.metrics.meter][INFO] - Meter:
SequenceAccuracy:	0.946
TokenAccuracy:	0.998
LengthAccuracy:	0.952
1st Token Accuracy:	1.000
2nd Token Accuracy:	1.000
Average Loss:	0.060
[2021-10-27 13:01:09,061][core.trainer][INFO] - Computing metrics for 'gen' dataset
[2021-10-27 13:01:57,814][core.metrics.meter][INFO] - Meter:
SequenceAccuracy:	0.004
TokenAccuracy:	0.573
LengthAccuracy:	0.952
1st Token Accuracy:	0.043
2nd Token Accuracy:	1.000
Average Loss:	2.445
[2021-10-27 13:01:57,814][core.trainer][INFO] - EPOCH 33 / 50
[2021-10-27 13:01:57,814][core.trainer][INFO] - Computing metrics for 'train' dataset
[2021-10-27 13:02:31,256][core.trainer][INFO] - Computing metrics for 'val' dataset
[2021-10-27 13:02:35,934][core.metrics.meter][INFO] - Meter:
SequenceAccuracy:	0.940
TokenAccuracy:	0.999
LengthAccuracy:	0.947
1st Token Accuracy:	1.000
2nd Token Accuracy:	1.000
Average Loss:	0.064
[2021-10-27 13:02:36,070][core.early_stopping][INFO] - Early stopping counter: 6 / 5
[2021-10-27 13:02:36,124][core.early_stopping][INFO] - Pausing model saving until validation loss decreases by 0.0001
[2021-10-27 13:02:36,124][core.trainer][INFO] - Computing metrics for 'test' dataset
[2021-10-27 13:03:21,361][core.metrics.meter][INFO] - Meter:
SequenceAccuracy:	0.945
TokenAccuracy:	0.998
LengthAccuracy:	0.951
1st Token Accuracy:	1.000
2nd Token Accuracy:	1.000
Average Loss:	0.064
[2021-10-27 13:03:21,361][core.trainer][INFO] - Computing metrics for 'gen' dataset
[2021-10-27 13:04:10,360][core.metrics.meter][INFO] - Meter:
SequenceAccuracy:	0.004
TokenAccuracy:	0.571
LengthAccuracy:	0.948
1st Token Accuracy:	0.042
2nd Token Accuracy:	1.000
Average Loss:	2.433
[2021-10-27 13:04:10,361][core.trainer][INFO] - EPOCH 34 / 50
[2021-10-27 13:04:10,361][core.trainer][INFO] - Computing metrics for 'train' dataset
[2021-10-27 13:04:43,764][core.trainer][INFO] - Computing metrics for 'val' dataset
[2021-10-27 13:04:48,429][core.metrics.meter][INFO] - Meter:
SequenceAccuracy:	0.953
TokenAccuracy:	0.999
LengthAccuracy:	0.958
1st Token Accuracy:	1.000
2nd Token Accuracy:	1.000
Average Loss:	0.052
[2021-10-27 13:04:48,540][core.early_stopping][INFO] - Early stopping counter: 7 / 5
[2021-10-27 13:04:48,593][core.early_stopping][INFO] - Pausing model saving until validation loss decreases by 0.0001
[2021-10-27 13:04:48,594][core.trainer][INFO] - Computing metrics for 'test' dataset
[2021-10-27 13:05:33,848][core.metrics.meter][INFO] - Meter:
SequenceAccuracy:	0.949
TokenAccuracy:	0.998
LengthAccuracy:	0.954
1st Token Accuracy:	1.000
2nd Token Accuracy:	1.000
Average Loss:	0.059
[2021-10-27 13:05:33,848][core.trainer][INFO] - Computing metrics for 'gen' dataset
[2021-10-27 13:06:22,893][core.metrics.meter][INFO] - Meter:
SequenceAccuracy:	0.005
TokenAccuracy:	0.571
LengthAccuracy:	0.951
1st Token Accuracy:	0.045
2nd Token Accuracy:	1.000
Average Loss:	2.467
[2021-10-27 13:06:22,894][core.trainer][INFO] - EPOCH 35 / 50
[2021-10-27 13:06:22,894][core.trainer][INFO] - Computing metrics for 'train' dataset
[2021-10-27 13:06:56,351][core.trainer][INFO] - Computing metrics for 'val' dataset
[2021-10-27 13:07:01,021][core.metrics.meter][INFO] - Meter:
SequenceAccuracy:	0.945
TokenAccuracy:	0.999
LengthAccuracy:	0.950
1st Token Accuracy:	1.000
2nd Token Accuracy:	1.000
Average Loss:	0.059
[2021-10-27 13:07:01,153][core.early_stopping][INFO] - Early stopping counter: 8 / 5
[2021-10-27 13:07:01,207][core.early_stopping][INFO] - Pausing model saving until validation loss decreases by 0.0001
[2021-10-27 13:07:01,207][core.trainer][INFO] - Computing metrics for 'test' dataset
[2021-10-27 13:07:46,462][core.metrics.meter][INFO] - Meter:
SequenceAccuracy:	0.949
TokenAccuracy:	0.999
LengthAccuracy:	0.954
1st Token Accuracy:	1.000
2nd Token Accuracy:	1.000
Average Loss:	0.056
[2021-10-27 13:07:46,462][core.trainer][INFO] - Computing metrics for 'gen' dataset
[2021-10-27 13:08:35,512][core.metrics.meter][INFO] - Meter:
SequenceAccuracy:	0.006
TokenAccuracy:	0.571
LengthAccuracy:	0.958
1st Token Accuracy:	0.049
2nd Token Accuracy:	1.000
Average Loss:	2.448
[2021-10-27 13:08:35,512][core.trainer][INFO] - EPOCH 36 / 50
[2021-10-27 13:08:35,512][core.trainer][INFO] - Computing metrics for 'train' dataset
[2021-10-27 13:09:08,902][core.trainer][INFO] - Computing metrics for 'val' dataset
[2021-10-27 13:09:13,553][core.metrics.meter][INFO] - Meter:
SequenceAccuracy:	0.945
TokenAccuracy:	0.999
LengthAccuracy:	0.950
1st Token Accuracy:	1.000
2nd Token Accuracy:	1.000
Average Loss:	0.062
[2021-10-27 13:09:13,663][core.early_stopping][INFO] - Early stopping counter: 9 / 5
[2021-10-27 13:09:13,717][core.early_stopping][INFO] - Pausing model saving until validation loss decreases by 0.0001
[2021-10-27 13:09:13,717][core.trainer][INFO] - Computing metrics for 'test' dataset
[2021-10-27 13:09:58,784][core.metrics.meter][INFO] - Meter:
SequenceAccuracy:	0.949
TokenAccuracy:	0.999
LengthAccuracy:	0.954
1st Token Accuracy:	1.000
2nd Token Accuracy:	1.000
Average Loss:	0.057
[2021-10-27 13:09:58,785][core.trainer][INFO] - Computing metrics for 'gen' dataset
[2021-10-27 13:10:47,556][core.metrics.meter][INFO] - Meter:
SequenceAccuracy:	0.006
TokenAccuracy:	0.565
LengthAccuracy:	0.947
1st Token Accuracy:	0.048
2nd Token Accuracy:	1.000
Average Loss:	2.493
[2021-10-27 13:10:47,556][core.trainer][INFO] - EPOCH 37 / 50
[2021-10-27 13:10:47,556][core.trainer][INFO] - Computing metrics for 'train' dataset
[2021-10-27 13:11:21,135][core.trainer][INFO] - Computing metrics for 'val' dataset
[2021-10-27 13:11:25,773][core.metrics.meter][INFO] - Meter:
SequenceAccuracy:	0.948
TokenAccuracy:	0.999
LengthAccuracy:	0.952
1st Token Accuracy:	1.000
2nd Token Accuracy:	1.000
Average Loss:	0.057
[2021-10-27 13:11:25,897][core.early_stopping][INFO] - Early stopping counter: 10 / 5
[2021-10-27 13:11:25,949][core.early_stopping][INFO] - Pausing model saving until validation loss decreases by 0.0001
[2021-10-27 13:11:25,949][core.trainer][INFO] - Computing metrics for 'test' dataset
[2021-10-27 13:12:10,868][core.metrics.meter][INFO] - Meter:
SequenceAccuracy:	0.944
TokenAccuracy:	0.998
LengthAccuracy:	0.950
1st Token Accuracy:	1.000
2nd Token Accuracy:	1.000
Average Loss:	0.061
[2021-10-27 13:12:10,868][core.trainer][INFO] - Computing metrics for 'gen' dataset
[2021-10-27 13:12:59,499][core.metrics.meter][INFO] - Meter:
SequenceAccuracy:	0.005
TokenAccuracy:	0.573
LengthAccuracy:	0.958
1st Token Accuracy:	0.044
2nd Token Accuracy:	1.000
Average Loss:	2.438
[2021-10-27 13:12:59,500][core.trainer][INFO] - EPOCH 38 / 50
[2021-10-27 13:12:59,500][core.trainer][INFO] - Computing metrics for 'train' dataset
[2021-10-27 13:13:33,192][core.trainer][INFO] - Computing metrics for 'val' dataset
[2021-10-27 13:13:37,856][core.metrics.meter][INFO] - Meter:
SequenceAccuracy:	0.948
TokenAccuracy:	0.999
LengthAccuracy:	0.953
1st Token Accuracy:	1.000
2nd Token Accuracy:	1.000
Average Loss:	0.057
[2021-10-27 13:13:37,966][core.early_stopping][INFO] - Early stopping counter: 11 / 5
[2021-10-27 13:13:38,018][core.early_stopping][INFO] - Pausing model saving until validation loss decreases by 0.0001
[2021-10-27 13:13:38,019][core.trainer][INFO] - Computing metrics for 'test' dataset
[2021-10-27 13:14:23,278][core.metrics.meter][INFO] - Meter:
SequenceAccuracy:	0.946
TokenAccuracy:	0.998
LengthAccuracy:	0.952
1st Token Accuracy:	1.000
2nd Token Accuracy:	1.000
Average Loss:	0.060
[2021-10-27 13:14:23,278][core.trainer][INFO] - Computing metrics for 'gen' dataset
[2021-10-27 13:15:12,346][core.metrics.meter][INFO] - Meter:
SequenceAccuracy:	0.005
TokenAccuracy:	0.570
LengthAccuracy:	0.958
1st Token Accuracy:	0.044
2nd Token Accuracy:	1.000
Average Loss:	2.471
[2021-10-27 13:15:12,347][core.trainer][INFO] - EPOCH 39 / 50
[2021-10-27 13:15:12,347][core.trainer][INFO] - Computing metrics for 'train' dataset
[2021-10-27 13:15:45,904][core.trainer][INFO] - Computing metrics for 'val' dataset
[2021-10-27 13:15:50,543][core.metrics.meter][INFO] - Meter:
SequenceAccuracy:	0.952
TokenAccuracy:	0.999
LengthAccuracy:	0.958
1st Token Accuracy:	1.000
2nd Token Accuracy:	1.000
Average Loss:	0.053
[2021-10-27 13:16:24,235][core.trainer][INFO] - Computing metrics for 'val' dataset
[2021-10-27 13:16:28,904][core.metrics.meter][INFO] - Meter:
SequenceAccuracy:	0.951
TokenAccuracy:	0.999
LengthAccuracy:	0.955
1st Token Accuracy:	1.000
2nd Token Accuracy:	1.000
Average Loss:	0.056
[2021-10-27 13:16:29,049][core.early_stopping][INFO] - Early stopping counter: 1 / 5
[2021-10-27 13:16:29,102][core.early_stopping][INFO] - Pausing model saving until validation loss decreases by 0.0001
[2021-10-27 13:17:02,495][core.trainer][INFO] - Computing metrics for 'val' dataset
[2021-10-27 13:17:07,137][core.metrics.meter][INFO] - Meter:
SequenceAccuracy:	0.951
TokenAccuracy:	0.999
LengthAccuracy:	0.955
1st Token Accuracy:	1.000
2nd Token Accuracy:	1.000
Average Loss:	0.055
[2021-10-27 13:17:07,248][core.early_stopping][INFO] - Early stopping counter: 2 / 5
[2021-10-27 13:17:07,303][core.early_stopping][INFO] - Pausing model saving until validation loss decreases by 0.0001
[2021-10-27 13:17:40,754][core.trainer][INFO] - Computing metrics for 'val' dataset
[2021-10-27 13:17:45,428][core.metrics.meter][INFO] - Meter:
SequenceAccuracy:	0.949
TokenAccuracy:	0.999
LengthAccuracy:	0.952
1st Token Accuracy:	1.000
2nd Token Accuracy:	1.000
Average Loss:	0.057
[2021-10-27 13:17:45,550][core.early_stopping][INFO] - Early stopping counter: 3 / 5
[2021-10-27 13:17:45,603][core.early_stopping][INFO] - Pausing model saving until validation loss decreases by 0.0001
[2021-10-27 13:18:18,958][core.trainer][INFO] - Computing metrics for 'val' dataset
[2021-10-27 13:18:23,594][core.metrics.meter][INFO] - Meter:
SequenceAccuracy:	0.947
TokenAccuracy:	0.999
LengthAccuracy:	0.952
1st Token Accuracy:	1.000
2nd Token Accuracy:	1.000
Average Loss:	0.060
[2021-10-27 13:18:23,729][core.early_stopping][INFO] - Early stopping counter: 4 / 5
[2021-10-27 13:18:23,782][core.early_stopping][INFO] - Pausing model saving until validation loss decreases by 0.0001
[2021-10-27 13:18:57,270][core.trainer][INFO] - Computing metrics for 'val' dataset
[2021-10-27 13:19:01,908][core.metrics.meter][INFO] - Meter:
SequenceAccuracy:	0.946
TokenAccuracy:	0.999
LengthAccuracy:	0.952
1st Token Accuracy:	1.000
2nd Token Accuracy:	1.000
Average Loss:	0.060
[2021-10-27 13:19:02,018][core.early_stopping][INFO] - Early stopping counter: 5 / 5
[2021-10-27 13:19:02,072][core.early_stopping][INFO] - Pausing model saving until validation loss decreases by 0.0001
[2021-10-27 13:19:02,072][core.trainer][INFO] - Computing metrics for 'test' dataset
[2021-10-27 13:19:47,093][core.metrics.meter][INFO] - Meter:
SequenceAccuracy:	0.947
TokenAccuracy:	0.998
LengthAccuracy:	0.953
1st Token Accuracy:	1.000
2nd Token Accuracy:	1.000
Average Loss:	0.058
[2021-10-27 13:19:47,093][core.trainer][INFO] - Computing metrics for 'gen' dataset
[2021-10-27 13:20:35,881][core.metrics.meter][INFO] - Meter:
SequenceAccuracy:	0.005
TokenAccuracy:	0.578
LengthAccuracy:	0.950
1st Token Accuracy:	0.042
2nd Token Accuracy:	1.000
Average Loss:	2.449
[2021-10-27 13:20:35,882][core.trainer][INFO] - EPOCH 40 / 50
[2021-10-27 13:20:35,882][core.trainer][INFO] - Computing metrics for 'train' dataset
[2021-10-27 13:21:09,409][core.trainer][INFO] - Computing metrics for 'val' dataset
[2021-10-27 13:21:14,024][core.metrics.meter][INFO] - Meter:
SequenceAccuracy:	0.945
TokenAccuracy:	0.999
LengthAccuracy:	0.950
1st Token Accuracy:	1.000
2nd Token Accuracy:	1.000
Average Loss:	0.057
[2021-10-27 13:21:14,146][core.early_stopping][INFO] - Early stopping counter: 6 / 5
[2021-10-27 13:21:14,198][core.early_stopping][INFO] - Pausing model saving until validation loss decreases by 0.0001
[2021-10-27 13:21:14,198][core.trainer][INFO] - Computing metrics for 'test' dataset
[2021-10-27 13:21:59,226][core.metrics.meter][INFO] - Meter:
SequenceAccuracy:	0.946
TokenAccuracy:	0.998
LengthAccuracy:	0.951
1st Token Accuracy:	1.000
2nd Token Accuracy:	1.000
Average Loss:	0.059
[2021-10-27 13:21:59,226][core.trainer][INFO] - Computing metrics for 'gen' dataset
[2021-10-27 13:22:48,180][core.metrics.meter][INFO] - Meter:
SequenceAccuracy:	0.005
TokenAccuracy:	0.573
LengthAccuracy:	0.961
1st Token Accuracy:	0.044
2nd Token Accuracy:	1.000
Average Loss:	2.459
[2021-10-27 13:22:48,180][core.trainer][INFO] - EPOCH 41 / 50
[2021-10-27 13:22:48,180][core.trainer][INFO] - Computing metrics for 'train' dataset
[2021-10-27 13:23:21,716][core.trainer][INFO] - Computing metrics for 'val' dataset
[2021-10-27 13:23:26,350][core.metrics.meter][INFO] - Meter:
SequenceAccuracy:	0.948
TokenAccuracy:	1.000
LengthAccuracy:	0.950
1st Token Accuracy:	1.000
2nd Token Accuracy:	1.000
Average Loss:	0.058
[2021-10-27 13:23:26,460][core.early_stopping][INFO] - Early stopping counter: 7 / 5
[2021-10-27 13:23:26,516][core.early_stopping][INFO] - Pausing model saving until validation loss decreases by 0.0001
[2021-10-27 13:23:26,517][core.trainer][INFO] - Computing metrics for 'test' dataset
[2021-10-27 13:24:11,650][core.metrics.meter][INFO] - Meter:
SequenceAccuracy:	0.947
TokenAccuracy:	0.999
LengthAccuracy:	0.952
1st Token Accuracy:	1.000
2nd Token Accuracy:	1.000
Average Loss:	0.060
[2021-10-27 13:24:11,650][core.trainer][INFO] - Computing metrics for 'gen' dataset
[2021-10-27 13:25:00,531][core.metrics.meter][INFO] - Meter:
SequenceAccuracy:	0.004
TokenAccuracy:	0.574
LengthAccuracy:	0.953
1st Token Accuracy:	0.045
2nd Token Accuracy:	1.000
Average Loss:	2.469
[2021-10-27 13:25:00,531][core.trainer][INFO] - EPOCH 42 / 50
[2021-10-27 13:25:00,532][core.trainer][INFO] - Computing metrics for 'train' dataset
[2021-10-27 13:25:34,224][core.trainer][INFO] - Computing metrics for 'val' dataset
[2021-10-27 13:25:38,860][core.metrics.meter][INFO] - Meter:
SequenceAccuracy:	0.948
TokenAccuracy:	0.999
LengthAccuracy:	0.952
1st Token Accuracy:	1.000
2nd Token Accuracy:	1.000
Average Loss:	0.060
[2021-10-27 13:25:38,978][core.early_stopping][INFO] - Early stopping counter: 8 / 5
[2021-10-27 13:25:39,030][core.early_stopping][INFO] - Pausing model saving until validation loss decreases by 0.0001
[2021-10-27 13:25:39,031][core.trainer][INFO] - Computing metrics for 'test' dataset
[2021-10-27 13:26:23,904][core.metrics.meter][INFO] - Meter:
SequenceAccuracy:	0.947
TokenAccuracy:	0.999
LengthAccuracy:	0.951
1st Token Accuracy:	1.000
2nd Token Accuracy:	1.000
Average Loss:	0.064
[2021-10-27 13:26:23,905][core.trainer][INFO] - Computing metrics for 'gen' dataset
[2021-10-27 13:27:12,540][core.metrics.meter][INFO] - Meter:
SequenceAccuracy:	0.004
TokenAccuracy:	0.573
LengthAccuracy:	0.957
1st Token Accuracy:	0.043
2nd Token Accuracy:	1.000
Average Loss:	2.485
[2021-10-27 13:27:12,540][core.trainer][INFO] - EPOCH 43 / 50
[2021-10-27 13:27:12,541][core.trainer][INFO] - Computing metrics for 'train' dataset
[2021-10-27 13:27:45,916][core.trainer][INFO] - Computing metrics for 'val' dataset
[2021-10-27 13:27:50,570][core.metrics.meter][INFO] - Meter:
SequenceAccuracy:	0.951
TokenAccuracy:	0.999
LengthAccuracy:	0.955
1st Token Accuracy:	1.000
2nd Token Accuracy:	1.000
Average Loss:	0.056
[2021-10-27 13:27:50,692][core.early_stopping][INFO] - Early stopping counter: 9 / 5
[2021-10-27 13:27:50,746][core.early_stopping][INFO] - Pausing model saving until validation loss decreases by 0.0001
[2021-10-27 13:27:50,746][core.trainer][INFO] - Computing metrics for 'test' dataset
[2021-10-27 13:28:35,812][core.metrics.meter][INFO] - Meter:
SequenceAccuracy:	0.948
TokenAccuracy:	0.999
LengthAccuracy:	0.952
1st Token Accuracy:	1.000
2nd Token Accuracy:	1.000
Average Loss:	0.060
[2021-10-27 13:28:35,812][core.trainer][INFO] - Computing metrics for 'gen' dataset
[2021-10-27 13:29:24,641][core.metrics.meter][INFO] - Meter:
SequenceAccuracy:	0.004
TokenAccuracy:	0.565
LengthAccuracy:	0.942
1st Token Accuracy:	0.051
2nd Token Accuracy:	1.000
Average Loss:	2.561
[2021-10-27 13:29:24,642][core.trainer][INFO] - EPOCH 44 / 50
[2021-10-27 13:29:24,642][core.trainer][INFO] - Computing metrics for 'train' dataset
[2021-10-27 13:29:58,087][core.trainer][INFO] - Computing metrics for 'val' dataset
[2021-10-27 13:30:02,727][core.metrics.meter][INFO] - Meter:
SequenceAccuracy:	0.950
TokenAccuracy:	0.999
LengthAccuracy:	0.953
1st Token Accuracy:	1.000
2nd Token Accuracy:	1.000
Average Loss:	0.057
[2021-10-27 13:30:02,847][core.early_stopping][INFO] - Early stopping counter: 10 / 5
[2021-10-27 13:30:02,901][core.early_stopping][INFO] - Pausing model saving until validation loss decreases by 0.0001
[2021-10-27 13:30:02,901][core.trainer][INFO] - Computing metrics for 'test' dataset
[2021-10-27 13:30:47,884][core.metrics.meter][INFO] - Meter:
SequenceAccuracy:	0.946
TokenAccuracy:	0.999
LengthAccuracy:	0.950
1st Token Accuracy:	1.000
2nd Token Accuracy:	1.000
Average Loss:	0.062
[2021-10-27 13:30:47,884][core.trainer][INFO] - Computing metrics for 'gen' dataset
[2021-10-27 13:31:36,682][core.metrics.meter][INFO] - Meter:
SequenceAccuracy:	0.004
TokenAccuracy:	0.570
LengthAccuracy:	0.959
1st Token Accuracy:	0.043
2nd Token Accuracy:	1.000
Average Loss:	2.498
[2021-10-27 13:31:36,682][core.trainer][INFO] - EPOCH 45 / 50
[2021-10-27 13:31:36,682][core.trainer][INFO] - Computing metrics for 'train' dataset
[2021-10-27 13:32:10,310][core.trainer][INFO] - Computing metrics for 'val' dataset
[2021-10-27 13:32:14,976][core.metrics.meter][INFO] - Meter:
SequenceAccuracy:	0.950
TokenAccuracy:	0.999
LengthAccuracy:	0.955
1st Token Accuracy:	1.000
2nd Token Accuracy:	1.000
Average Loss:	0.054
[2021-10-27 13:32:15,097][core.early_stopping][INFO] - Early stopping counter: 11 / 5
[2021-10-27 13:32:15,150][core.early_stopping][INFO] - Pausing model saving until validation loss decreases by 0.0001
[2021-10-27 13:32:15,151][core.trainer][INFO] - Computing metrics for 'test' dataset
[2021-10-27 13:33:00,395][core.metrics.meter][INFO] - Meter:
SequenceAccuracy:	0.947
TokenAccuracy:	0.999
LengthAccuracy:	0.950
1st Token Accuracy:	1.000
2nd Token Accuracy:	1.000
Average Loss:	0.061
[2021-10-27 13:33:00,396][core.trainer][INFO] - Computing metrics for 'gen' dataset
[2021-10-27 13:33:49,445][core.metrics.meter][INFO] - Meter:
SequenceAccuracy:	0.005
TokenAccuracy:	0.581
LengthAccuracy:	0.960
1st Token Accuracy:	0.042
2nd Token Accuracy:	1.000
Average Loss:	2.438
[2021-10-27 13:33:49,445][core.trainer][INFO] - EPOCH 46 / 50
[2021-10-27 13:33:49,445][core.trainer][INFO] - Computing metrics for 'train' dataset
[2021-10-27 13:34:23,015][core.trainer][INFO] - Computing metrics for 'val' dataset
[2021-10-27 13:34:27,654][core.metrics.meter][INFO] - Meter:
SequenceAccuracy:	0.950
TokenAccuracy:	0.999
LengthAccuracy:	0.953
1st Token Accuracy:	1.000
2nd Token Accuracy:	1.000
Average Loss:	0.057
[2021-10-27 13:34:27,770][core.early_stopping][INFO] - Early stopping counter: 12 / 5
[2021-10-27 13:34:27,824][core.early_stopping][INFO] - Pausing model saving until validation loss decreases by 0.0001
[2021-10-27 13:34:27,824][core.trainer][INFO] - Computing metrics for 'test' dataset
[2021-10-27 13:35:12,854][core.metrics.meter][INFO] - Meter:
SequenceAccuracy:	0.947
TokenAccuracy:	0.999
LengthAccuracy:	0.951
1st Token Accuracy:	1.000
2nd Token Accuracy:	1.000
Average Loss:	0.061
[2021-10-27 13:35:12,854][core.trainer][INFO] - Computing metrics for 'gen' dataset
[2021-10-27 13:36:01,623][core.metrics.meter][INFO] - Meter:
SequenceAccuracy:	0.006
TokenAccuracy:	0.572
LengthAccuracy:	0.954
1st Token Accuracy:	0.044
2nd Token Accuracy:	1.000
Average Loss:	2.494
[2021-10-27 13:36:01,623][core.trainer][INFO] - EPOCH 47 / 50
[2021-10-27 13:36:01,623][core.trainer][INFO] - Computing metrics for 'train' dataset
[2021-10-27 13:36:35,340][core.trainer][INFO] - Computing metrics for 'val' dataset
[2021-10-27 13:36:39,985][core.metrics.meter][INFO] - Meter:
SequenceAccuracy:	0.947
TokenAccuracy:	0.999
LengthAccuracy:	0.951
1st Token Accuracy:	1.000
2nd Token Accuracy:	1.000
Average Loss:	0.057
[2021-10-27 13:36:40,129][core.early_stopping][INFO] - Early stopping counter: 13 / 5
[2021-10-27 13:36:40,184][core.early_stopping][INFO] - Pausing model saving until validation loss decreases by 0.0001
[2021-10-27 13:36:40,184][core.trainer][INFO] - Computing metrics for 'test' dataset
[2021-10-27 13:37:25,184][core.metrics.meter][INFO] - Meter:
SequenceAccuracy:	0.949
TokenAccuracy:	0.999
LengthAccuracy:	0.953
1st Token Accuracy:	1.000
2nd Token Accuracy:	1.000
Average Loss:	0.058
[2021-10-27 13:37:25,184][core.trainer][INFO] - Computing metrics for 'gen' dataset
[2021-10-27 13:38:13,964][core.metrics.meter][INFO] - Meter:
SequenceAccuracy:	0.004
TokenAccuracy:	0.570
LengthAccuracy:	0.952
1st Token Accuracy:	0.044
2nd Token Accuracy:	1.000
Average Loss:	2.530
[2021-10-27 13:38:13,964][core.trainer][INFO] - EPOCH 48 / 50
[2021-10-27 13:38:13,964][core.trainer][INFO] - Computing metrics for 'train' dataset
[2021-10-27 13:38:47,480][core.trainer][INFO] - Computing metrics for 'val' dataset
[2021-10-27 13:38:52,130][core.metrics.meter][INFO] - Meter:
SequenceAccuracy:	0.950
TokenAccuracy:	0.999
LengthAccuracy:	0.954
1st Token Accuracy:	1.000
2nd Token Accuracy:	1.000
Average Loss:	0.056
[2021-10-27 13:38:52,243][core.early_stopping][INFO] - Early stopping counter: 14 / 5
[2021-10-27 13:38:52,296][core.early_stopping][INFO] - Pausing model saving until validation loss decreases by 0.0001
[2021-10-27 13:38:52,297][core.trainer][INFO] - Computing metrics for 'test' dataset
[2021-10-27 13:39:37,319][core.metrics.meter][INFO] - Meter:
SequenceAccuracy:	0.946
TokenAccuracy:	0.999
LengthAccuracy:	0.950
1st Token Accuracy:	1.000
2nd Token Accuracy:	1.000
Average Loss:	0.062
[2021-10-27 13:39:37,319][core.trainer][INFO] - Computing metrics for 'gen' dataset
[2021-10-27 13:40:26,136][core.metrics.meter][INFO] - Meter:
SequenceAccuracy:	0.005
TokenAccuracy:	0.573
LengthAccuracy:	0.961
1st Token Accuracy:	0.046
2nd Token Accuracy:	1.000
Average Loss:	2.493
[2021-10-27 13:40:26,136][core.trainer][INFO] - EPOCH 49 / 50
[2021-10-27 13:40:26,136][core.trainer][INFO] - Computing metrics for 'train' dataset
[2021-10-27 13:40:59,574][core.trainer][INFO] - Computing metrics for 'val' dataset
[2021-10-27 13:41:04,260][core.metrics.meter][INFO] - Meter:
SequenceAccuracy:	0.945
TokenAccuracy:	1.000
LengthAccuracy:	0.948
1st Token Accuracy:	1.000
2nd Token Accuracy:	1.000
Average Loss:	0.061
[2021-10-27 13:41:04,397][core.early_stopping][INFO] - Early stopping counter: 15 / 5
[2021-10-27 13:41:04,451][core.early_stopping][INFO] - Pausing model saving until validation loss decreases by 0.0001
[2021-10-27 13:41:04,451][core.trainer][INFO] - Computing metrics for 'test' dataset
[2021-10-27 13:41:49,745][core.metrics.meter][INFO] - Meter:
SequenceAccuracy:	0.947
TokenAccuracy:	0.999
LengthAccuracy:	0.951
1st Token Accuracy:	1.000
2nd Token Accuracy:	1.000
Average Loss:	0.060
[2021-10-27 13:41:49,745][core.trainer][INFO] - Computing metrics for 'gen' dataset
[2021-10-27 13:42:38,771][core.metrics.meter][INFO] - Meter:
SequenceAccuracy:	0.005
TokenAccuracy:	0.568
LengthAccuracy:	0.948
1st Token Accuracy:	0.041
2nd Token Accuracy:	1.000
Average Loss:	2.531
[2021-10-27 13:42:38,771][core.trainer][INFO] - EPOCH 50 / 50
[2021-10-27 13:42:38,771][core.trainer][INFO] - Computing metrics for 'train' dataset
[2021-10-27 13:43:12,188][core.trainer][INFO] - Computing metrics for 'val' dataset
[2021-10-27 13:43:16,840][core.metrics.meter][INFO] - Meter:
SequenceAccuracy:	0.953
TokenAccuracy:	0.999
LengthAccuracy:	0.957
1st Token Accuracy:	1.000
2nd Token Accuracy:	1.000
Average Loss:	0.054
[2021-10-27 13:43:16,951][core.early_stopping][INFO] - Early stopping counter: 16 / 5
[2021-10-27 13:43:17,004][core.early_stopping][INFO] - Pausing model saving until validation loss decreases by 0.0001
[2021-10-27 13:43:17,005][core.trainer][INFO] - Computing metrics for 'test' dataset
[2021-10-27 13:44:02,089][core.metrics.meter][INFO] - Meter:
SequenceAccuracy:	0.948
TokenAccuracy:	0.999
LengthAccuracy:	0.952
1st Token Accuracy:	1.000
2nd Token Accuracy:	1.000
Average Loss:	0.059
[2021-10-27 13:44:02,089][core.trainer][INFO] - Computing metrics for 'gen' dataset
[2021-10-27 13:44:50,890][core.metrics.meter][INFO] - Meter:
SequenceAccuracy:	0.004
TokenAccuracy:	0.572
LengthAccuracy:	0.950
1st Token Accuracy:	0.041
2nd Token Accuracy:	1.000
Average Loss:	2.522
