experiment:
  dataset:
    name: ms-question-en
    input: ms-question.tsv
    source_format: sequence
    target_format: sequence
    overwrite: false
    transform_field: target
    splits:
      train: 80
      test: 10
      val: 10
  hyperparameters:
    epochs: 50
    batch_size: 5
    lr: 0.001
    tolerance: 0.0001
    num_iters_eval: 1000
    min_iters: 30000
    patience: 5
    tf_ratio: 0.5
    cuda: 0
  model:
    name: Transformer
    encoder:
      unit: Transformer
      type: sequence
      dropout: 0
      num_layers: 1
      hidden_size: 256
      embedding_size: 256
      num_heads: 8
    decoder:
      unit: Transformer
      type: sequence
      dropout: 0
      num_layers: 1
      max_length: 30
      hidden_size: 256
      embedding_size: 256
      num_heads: 8
      attention: null
  name: qform-en-transformer-1layer
pretty_print: true

[2021-10-27 16:58:45,341][core.trainer][INFO] - DEVICE: cuda
[2021-10-27 16:58:45,342][core.dataset.base_dataset][INFO] - Initializing dataset
[2021-10-27 16:58:45,342][core.dataset.base_dataset][INFO] - Constructing fields from dataset.
[2021-10-27 16:58:48,401][core.trainer][INFO] - TransductionDataset(
 splits: [val (1000 sequences), train (100000 sequences), test (10000 sequences), gen (10000 sequences)]
 fields: [source, annotation, target]
)
[2021-10-27 16:58:48,401][core.models.base_model][INFO] - Initializing model
[2021-10-27 16:58:54,973][core.trainer][INFO] - TransductionModel(
  (_encoder): TransductionSequenceEncoder(
    (module): Sequential(
      (0): Sequential(
        (0): Embedding(68, 256)
        (1): PositionalEncoding(
          (dropout): Dropout(p=0.0, inplace=False)
        )
      )
      (1): TransformerEncoder(
        (layers): ModuleList(
          (0): TransformerEncoderLayer(
            (self_attn): MultiheadAttention(
              (out_proj): _LinearWithBias(in_features=256, out_features=256, bias=True)
            )
            (linear1): Linear(in_features=256, out_features=2048, bias=True)
            (dropout): Dropout(p=0.1, inplace=False)
            (linear2): Linear(in_features=2048, out_features=256, bias=True)
            (norm1): LayerNorm((256,), eps=1e-05, elementwise_affine=True)
            (norm2): LayerNorm((256,), eps=1e-05, elementwise_affine=True)
            (dropout1): Dropout(p=0.1, inplace=False)
            (dropout2): Dropout(p=0.1, inplace=False)
          )
        )
      )
    )
  )
  (_decoder): TransformerSequenceDecoder(
    (_embedding): Sequential(
      (0): Embedding(71, 256)
      (1): PositionalEncoding(
        (dropout): Dropout(p=0.0, inplace=False)
      )
    )
    (_unit): TransformerDecoder(
      (layers): ModuleList(
        (0): TransformerDecoderLayer(
          (self_attn): MultiheadAttention(
            (out_proj): _LinearWithBias(in_features=256, out_features=256, bias=True)
          )
          (multihead_attn): MultiheadAttention(
            (out_proj): _LinearWithBias(in_features=256, out_features=256, bias=True)
          )
          (linear1): Linear(in_features=256, out_features=2048, bias=True)
          (dropout): Dropout(p=0.0, inplace=False)
          (linear2): Linear(in_features=2048, out_features=256, bias=True)
          (norm1): LayerNorm((256,), eps=1e-05, elementwise_affine=True)
          (norm2): LayerNorm((256,), eps=1e-05, elementwise_affine=True)
          (norm3): LayerNorm((256,), eps=1e-05, elementwise_affine=True)
          (dropout1): Dropout(p=0.0, inplace=False)
          (dropout2): Dropout(p=0.0, inplace=False)
          (dropout3): Dropout(p=0.0, inplace=False)
        )
      )
    )
    (_out): Linear(in_features=256, out_features=71, bias=True)
  )
)
[2021-10-27 16:58:54,974][core.trainer][INFO] - Beginning training
[2021-10-27 16:58:54,977][core.metrics.meter][INFO] - Logging with tensorboard; view with `tensorboard --logdir=/scratch/lw2534/lab/transductions/outputs/qform-en-transformer-1layer/Transformer/2021-10-27_16-58-45/tensorboard`
[2021-10-27 16:58:54,981][core.trainer][INFO] - EPOCH 1 / 50
[2021-10-27 16:58:54,981][core.trainer][INFO] - Computing metrics for 'train' dataset
[2021-10-27 16:59:12,281][core.trainer][INFO] - Computing metrics for 'val' dataset
[2021-10-27 16:59:14,435][core.metrics.meter][INFO] - Meter:
SequenceAccuracy:	0.000
TokenAccuracy:	0.120
LengthAccuracy:	0.287
1st Token Accuracy:	0.078
2nd Token Accuracy:	0.039
Average Loss:	3.758
[2021-10-27 16:59:30,921][core.trainer][INFO] - Computing metrics for 'val' dataset
[2021-10-27 16:59:33,198][core.metrics.meter][INFO] - Meter:
SequenceAccuracy:	0.000
TokenAccuracy:	0.143
LengthAccuracy:	0.243
1st Token Accuracy:	0.147
2nd Token Accuracy:	0.073
Average Loss:	3.532
[2021-10-27 16:59:50,006][core.trainer][INFO] - Computing metrics for 'val' dataset
[2021-10-27 16:59:52,291][core.metrics.meter][INFO] - Meter:
SequenceAccuracy:	0.000
TokenAccuracy:	0.167
LengthAccuracy:	0.260
1st Token Accuracy:	0.319
2nd Token Accuracy:	0.091
Average Loss:	3.421
[2021-10-27 17:00:09,247][core.trainer][INFO] - Computing metrics for 'val' dataset
[2021-10-27 17:00:11,586][core.metrics.meter][INFO] - Meter:
SequenceAccuracy:	0.000
TokenAccuracy:	0.190
LengthAccuracy:	0.260
1st Token Accuracy:	0.482
2nd Token Accuracy:	0.109
Average Loss:	3.347
[2021-10-27 17:00:28,758][core.trainer][INFO] - Computing metrics for 'val' dataset
[2021-10-27 17:00:31,130][core.metrics.meter][INFO] - Meter:
SequenceAccuracy:	0.000
TokenAccuracy:	0.208
LengthAccuracy:	0.285
1st Token Accuracy:	0.580
2nd Token Accuracy:	0.118
Average Loss:	3.261
[2021-10-27 17:00:48,576][core.trainer][INFO] - Computing metrics for 'val' dataset
[2021-10-27 17:00:50,950][core.metrics.meter][INFO] - Meter:
SequenceAccuracy:	0.000
TokenAccuracy:	0.224
LengthAccuracy:	0.309
1st Token Accuracy:	0.653
2nd Token Accuracy:	0.150
Average Loss:	3.220
[2021-10-27 17:00:51,011][core.early_stopping][INFO] - Early stopping counter: 1 / 5
[2021-10-27 17:00:51,037][core.early_stopping][INFO] - Pausing model saving until validation loss decreases by 0.0001
[2021-10-27 17:01:08,385][core.trainer][INFO] - Computing metrics for 'val' dataset
[2021-10-27 17:01:10,935][core.metrics.meter][INFO] - Meter:
SequenceAccuracy:	0.000
TokenAccuracy:	0.240
LengthAccuracy:	0.337
1st Token Accuracy:	0.723
2nd Token Accuracy:	0.193
Average Loss:	3.164
[2021-10-27 17:01:29,093][core.trainer][INFO] - Computing metrics for 'val' dataset
[2021-10-27 17:01:31,758][core.metrics.meter][INFO] - Meter:
SequenceAccuracy:	0.000
TokenAccuracy:	0.264
LengthAccuracy:	0.407
1st Token Accuracy:	0.773
2nd Token Accuracy:	0.228
Average Loss:	3.042
[2021-10-27 17:01:50,610][core.trainer][INFO] - Computing metrics for 'val' dataset
[2021-10-27 17:01:53,376][core.metrics.meter][INFO] - Meter:
SequenceAccuracy:	0.000
TokenAccuracy:	0.287
LengthAccuracy:	0.494
1st Token Accuracy:	0.836
2nd Token Accuracy:	0.250
Average Loss:	2.945
[2021-10-27 17:02:12,843][core.trainer][INFO] - Computing metrics for 'val' dataset
[2021-10-27 17:02:15,578][core.metrics.meter][INFO] - Meter:
SequenceAccuracy:	0.000
TokenAccuracy:	0.319
LengthAccuracy:	0.541
1st Token Accuracy:	0.910
2nd Token Accuracy:	0.298
Average Loss:	2.788
[2021-10-27 17:02:35,027][core.trainer][INFO] - Computing metrics for 'val' dataset
[2021-10-27 17:02:37,828][core.metrics.meter][INFO] - Meter:
SequenceAccuracy:	0.000
TokenAccuracy:	0.347
LengthAccuracy:	0.647
1st Token Accuracy:	0.950
2nd Token Accuracy:	0.350
Average Loss:	2.648
[2021-10-27 17:02:57,557][core.trainer][INFO] - Computing metrics for 'val' dataset
[2021-10-27 17:03:00,410][core.metrics.meter][INFO] - Meter:
SequenceAccuracy:	0.000
TokenAccuracy:	0.377
LengthAccuracy:	0.746
1st Token Accuracy:	0.962
2nd Token Accuracy:	0.393
Average Loss:	2.516
[2021-10-27 17:03:20,351][core.trainer][INFO] - Computing metrics for 'val' dataset
[2021-10-27 17:03:23,175][core.metrics.meter][INFO] - Meter:
SequenceAccuracy:	0.000
TokenAccuracy:	0.392
LengthAccuracy:	0.774
1st Token Accuracy:	0.966
2nd Token Accuracy:	0.405
Average Loss:	2.439
[2021-10-27 17:03:42,924][core.trainer][INFO] - Computing metrics for 'val' dataset
[2021-10-27 17:03:45,737][core.metrics.meter][INFO] - Meter:
SequenceAccuracy:	0.000
TokenAccuracy:	0.410
LengthAccuracy:	0.753
1st Token Accuracy:	0.974
2nd Token Accuracy:	0.431
Average Loss:	2.345
[2021-10-27 17:04:05,534][core.trainer][INFO] - Computing metrics for 'val' dataset
[2021-10-27 17:04:08,332][core.metrics.meter][INFO] - Meter:
SequenceAccuracy:	0.000
TokenAccuracy:	0.431
LengthAccuracy:	0.775
1st Token Accuracy:	0.973
2nd Token Accuracy:	0.472
Average Loss:	2.252
[2021-10-27 17:04:28,022][core.trainer][INFO] - Computing metrics for 'val' dataset
[2021-10-27 17:04:30,860][core.metrics.meter][INFO] - Meter:
SequenceAccuracy:	0.000
TokenAccuracy:	0.451
LengthAccuracy:	0.804
1st Token Accuracy:	0.982
2nd Token Accuracy:	0.507
Average Loss:	2.179
[2021-10-27 17:04:50,823][core.trainer][INFO] - Computing metrics for 'val' dataset
[2021-10-27 17:04:53,679][core.metrics.meter][INFO] - Meter:
SequenceAccuracy:	0.000
TokenAccuracy:	0.473
LengthAccuracy:	0.827
1st Token Accuracy:	0.984
2nd Token Accuracy:	0.556
Average Loss:	2.087
[2021-10-27 17:05:13,436][core.trainer][INFO] - Computing metrics for 'val' dataset
[2021-10-27 17:05:16,277][core.metrics.meter][INFO] - Meter:
SequenceAccuracy:	0.000
TokenAccuracy:	0.496
LengthAccuracy:	0.834
1st Token Accuracy:	0.989
2nd Token Accuracy:	0.590
Average Loss:	1.993
[2021-10-27 17:05:36,348][core.trainer][INFO] - Computing metrics for 'val' dataset
[2021-10-27 17:05:39,207][core.metrics.meter][INFO] - Meter:
SequenceAccuracy:	0.001
TokenAccuracy:	0.520
LengthAccuracy:	0.853
1st Token Accuracy:	0.990
2nd Token Accuracy:	0.646
Average Loss:	1.904
[2021-10-27 17:05:59,021][core.trainer][INFO] - Computing metrics for 'val' dataset
[2021-10-27 17:06:01,881][core.metrics.meter][INFO] - Meter:
SequenceAccuracy:	0.003
TokenAccuracy:	0.545
LengthAccuracy:	0.865
1st Token Accuracy:	0.990
2nd Token Accuracy:	0.677
Average Loss:	1.799
[2021-10-27 17:06:02,174][core.trainer][INFO] - Computing metrics for 'test' dataset
[2021-10-27 17:06:29,785][core.metrics.meter][INFO] - Meter:
SequenceAccuracy:	0.007
TokenAccuracy:	0.511
LengthAccuracy:	0.819
1st Token Accuracy:	0.992
2nd Token Accuracy:	0.687
Average Loss:	1.987
[2021-10-27 17:06:29,785][core.trainer][INFO] - Computing metrics for 'gen' dataset
[2021-10-27 17:06:59,097][core.metrics.meter][INFO] - Meter:
SequenceAccuracy:	0.000
TokenAccuracy:	0.423
LengthAccuracy:	0.564
1st Token Accuracy:	0.176
2nd Token Accuracy:	0.996
Average Loss:	2.273
[2021-10-27 17:06:59,097][core.trainer][INFO] - EPOCH 2 / 50
[2021-10-27 17:06:59,097][core.trainer][INFO] - Computing metrics for 'train' dataset
[2021-10-27 17:07:18,908][core.trainer][INFO] - Computing metrics for 'val' dataset
[2021-10-27 17:07:21,790][core.metrics.meter][INFO] - Meter:
SequenceAccuracy:	0.006
TokenAccuracy:	0.569
LengthAccuracy:	0.877
1st Token Accuracy:	0.992
2nd Token Accuracy:	0.703
Average Loss:	1.706
[2021-10-27 17:07:41,658][core.trainer][INFO] - Computing metrics for 'val' dataset
[2021-10-27 17:07:44,525][core.metrics.meter][INFO] - Meter:
SequenceAccuracy:	0.015
TokenAccuracy:	0.604
LengthAccuracy:	0.892
1st Token Accuracy:	0.995
2nd Token Accuracy:	0.776
Average Loss:	1.567
[2021-10-27 17:08:04,423][core.trainer][INFO] - Computing metrics for 'val' dataset
[2021-10-27 17:08:07,291][core.metrics.meter][INFO] - Meter:
SequenceAccuracy:	0.043
TokenAccuracy:	0.652
LengthAccuracy:	0.899
1st Token Accuracy:	0.996
2nd Token Accuracy:	0.857
Average Loss:	1.398
[2021-10-27 17:08:27,232][core.trainer][INFO] - Computing metrics for 'val' dataset
[2021-10-27 17:08:30,095][core.metrics.meter][INFO] - Meter:
SequenceAccuracy:	0.106
TokenAccuracy:	0.707
LengthAccuracy:	0.910
1st Token Accuracy:	0.996
2nd Token Accuracy:	0.926
Average Loss:	1.209
[2021-10-27 17:08:50,190][core.trainer][INFO] - Computing metrics for 'val' dataset
[2021-10-27 17:08:53,096][core.metrics.meter][INFO] - Meter:
SequenceAccuracy:	0.188
TokenAccuracy:	0.755
LengthAccuracy:	0.920
1st Token Accuracy:	0.997
2nd Token Accuracy:	0.963
Average Loss:	1.045
[2021-10-27 17:09:13,377][core.trainer][INFO] - Computing metrics for 'val' dataset
[2021-10-27 17:09:16,296][core.metrics.meter][INFO] - Meter:
SequenceAccuracy:	0.303
TokenAccuracy:	0.804
LengthAccuracy:	0.933
1st Token Accuracy:	0.997
2nd Token Accuracy:	0.985
Average Loss:	0.875
[2021-10-27 17:09:36,602][core.trainer][INFO] - Computing metrics for 'val' dataset
[2021-10-27 17:09:39,529][core.metrics.meter][INFO] - Meter:
SequenceAccuracy:	0.403
TokenAccuracy:	0.838
LengthAccuracy:	0.940
1st Token Accuracy:	0.998
2nd Token Accuracy:	0.993
Average Loss:	0.740
[2021-10-27 17:09:59,843][core.trainer][INFO] - Computing metrics for 'val' dataset
[2021-10-27 17:10:02,772][core.metrics.meter][INFO] - Meter:
SequenceAccuracy:	0.492
TokenAccuracy:	0.868
LengthAccuracy:	0.942
1st Token Accuracy:	0.999
2nd Token Accuracy:	0.996
Average Loss:	0.631
[2021-10-27 17:10:23,061][core.trainer][INFO] - Computing metrics for 'val' dataset
[2021-10-27 17:10:25,976][core.metrics.meter][INFO] - Meter:
SequenceAccuracy:	0.577
TokenAccuracy:	0.894
LengthAccuracy:	0.945
1st Token Accuracy:	0.999
2nd Token Accuracy:	0.998
Average Loss:	0.517
[2021-10-27 17:10:46,216][core.trainer][INFO] - Computing metrics for 'val' dataset
[2021-10-27 17:10:49,147][core.metrics.meter][INFO] - Meter:
SequenceAccuracy:	0.625
TokenAccuracy:	0.910
LengthAccuracy:	0.954
1st Token Accuracy:	0.999
2nd Token Accuracy:	1.000
Average Loss:	0.447
[2021-10-27 17:11:09,448][core.trainer][INFO] - Computing metrics for 'val' dataset
[2021-10-27 17:11:12,376][core.metrics.meter][INFO] - Meter:
SequenceAccuracy:	0.661
TokenAccuracy:	0.924
LengthAccuracy:	0.944
1st Token Accuracy:	1.000
2nd Token Accuracy:	1.000
Average Loss:	0.393
[2021-10-27 17:11:32,794][core.trainer][INFO] - Computing metrics for 'val' dataset
[2021-10-27 17:11:35,731][core.metrics.meter][INFO] - Meter:
SequenceAccuracy:	0.701
TokenAccuracy:	0.934
LengthAccuracy:	0.948
1st Token Accuracy:	1.000
2nd Token Accuracy:	1.000
Average Loss:	0.346
[2021-10-27 17:11:56,114][core.trainer][INFO] - Computing metrics for 'val' dataset
[2021-10-27 17:11:59,053][core.metrics.meter][INFO] - Meter:
SequenceAccuracy:	0.727
TokenAccuracy:	0.943
LengthAccuracy:	0.951
1st Token Accuracy:	1.000
2nd Token Accuracy:	1.000
Average Loss:	0.306
[2021-10-27 17:12:19,392][core.trainer][INFO] - Computing metrics for 'val' dataset
[2021-10-27 17:12:22,321][core.metrics.meter][INFO] - Meter:
SequenceAccuracy:	0.740
TokenAccuracy:	0.950
LengthAccuracy:	0.944
1st Token Accuracy:	1.000
2nd Token Accuracy:	1.000
Average Loss:	0.279
[2021-10-27 17:12:42,594][core.trainer][INFO] - Computing metrics for 'val' dataset
[2021-10-27 17:12:45,528][core.metrics.meter][INFO] - Meter:
SequenceAccuracy:	0.775
TokenAccuracy:	0.960
LengthAccuracy:	0.946
1st Token Accuracy:	0.999
2nd Token Accuracy:	1.000
Average Loss:	0.242
[2021-10-27 17:13:05,936][core.trainer][INFO] - Computing metrics for 'val' dataset
[2021-10-27 17:13:08,870][core.metrics.meter][INFO] - Meter:
SequenceAccuracy:	0.800
TokenAccuracy:	0.964
LengthAccuracy:	0.948
1st Token Accuracy:	1.000
2nd Token Accuracy:	1.000
Average Loss:	0.212
[2021-10-27 17:13:29,230][core.trainer][INFO] - Computing metrics for 'val' dataset
[2021-10-27 17:13:32,159][core.metrics.meter][INFO] - Meter:
SequenceAccuracy:	0.815
TokenAccuracy:	0.970
LengthAccuracy:	0.946
1st Token Accuracy:	1.000
2nd Token Accuracy:	1.000
Average Loss:	0.195
[2021-10-27 17:13:52,724][core.trainer][INFO] - Computing metrics for 'val' dataset
[2021-10-27 17:13:55,656][core.metrics.meter][INFO] - Meter:
SequenceAccuracy:	0.831
TokenAccuracy:	0.973
LengthAccuracy:	0.944
1st Token Accuracy:	1.000
2nd Token Accuracy:	1.000
Average Loss:	0.181
[2021-10-27 17:14:16,000][core.trainer][INFO] - Computing metrics for 'val' dataset
[2021-10-27 17:14:18,925][core.metrics.meter][INFO] - Meter:
SequenceAccuracy:	0.852
TokenAccuracy:	0.977
LengthAccuracy:	0.946
1st Token Accuracy:	1.000
2nd Token Accuracy:	1.000
Average Loss:	0.163
[2021-10-27 17:14:39,207][core.trainer][INFO] - Computing metrics for 'val' dataset
[2021-10-27 17:14:42,146][core.metrics.meter][INFO] - Meter:
SequenceAccuracy:	0.868
TokenAccuracy:	0.982
LengthAccuracy:	0.949
1st Token Accuracy:	1.000
2nd Token Accuracy:	1.000
Average Loss:	0.143
[2021-10-27 17:14:42,493][core.trainer][INFO] - Computing metrics for 'test' dataset
[2021-10-27 17:15:10,882][core.metrics.meter][INFO] - Meter:
SequenceAccuracy:	0.870
TokenAccuracy:	0.977
LengthAccuracy:	0.951
1st Token Accuracy:	1.000
2nd Token Accuracy:	1.000
Average Loss:	0.156
[2021-10-27 17:15:10,883][core.trainer][INFO] - Computing metrics for 'gen' dataset
[2021-10-27 17:15:41,441][core.metrics.meter][INFO] - Meter:
SequenceAccuracy:	0.005
TokenAccuracy:	0.581
LengthAccuracy:	0.852
1st Token Accuracy:	0.046
2nd Token Accuracy:	1.000
Average Loss:	1.790
[2021-10-27 17:15:41,441][core.trainer][INFO] - EPOCH 3 / 50
[2021-10-27 17:15:41,441][core.trainer][INFO] - Computing metrics for 'train' dataset
[2021-10-27 17:16:01,681][core.trainer][INFO] - Computing metrics for 'val' dataset
[2021-10-27 17:16:04,610][core.metrics.meter][INFO] - Meter:
SequenceAccuracy:	0.875
TokenAccuracy:	0.981
LengthAccuracy:	0.951
1st Token Accuracy:	1.000
2nd Token Accuracy:	1.000
Average Loss:	0.137
[2021-10-27 17:16:24,862][core.trainer][INFO] - Computing metrics for 'val' dataset
[2021-10-27 17:16:27,803][core.metrics.meter][INFO] - Meter:
SequenceAccuracy:	0.890
TokenAccuracy:	0.986
LengthAccuracy:	0.949
1st Token Accuracy:	1.000
2nd Token Accuracy:	1.000
Average Loss:	0.122
[2021-10-27 17:16:48,233][core.trainer][INFO] - Computing metrics for 'val' dataset
[2021-10-27 17:16:51,164][core.metrics.meter][INFO] - Meter:
SequenceAccuracy:	0.889
TokenAccuracy:	0.987
LengthAccuracy:	0.943
1st Token Accuracy:	1.000
2nd Token Accuracy:	1.000
Average Loss:	0.126
[2021-10-27 17:16:51,221][core.early_stopping][INFO] - Early stopping counter: 1 / 5
[2021-10-27 17:16:51,246][core.early_stopping][INFO] - Pausing model saving until validation loss decreases by 0.0001
[2021-10-27 17:17:11,320][core.trainer][INFO] - Computing metrics for 'val' dataset
[2021-10-27 17:17:14,252][core.metrics.meter][INFO] - Meter:
SequenceAccuracy:	0.894
TokenAccuracy:	0.988
LengthAccuracy:	0.949
1st Token Accuracy:	0.999
2nd Token Accuracy:	1.000
Average Loss:	0.114
[2021-10-27 17:17:34,309][core.trainer][INFO] - Computing metrics for 'val' dataset
[2021-10-27 17:17:37,196][core.metrics.meter][INFO] - Meter:
SequenceAccuracy:	0.896
TokenAccuracy:	0.988
LengthAccuracy:	0.942
1st Token Accuracy:	1.000
2nd Token Accuracy:	1.000
Average Loss:	0.114
[2021-10-27 17:17:37,255][core.early_stopping][INFO] - Early stopping counter: 1 / 5
[2021-10-27 17:17:37,280][core.early_stopping][INFO] - Pausing model saving until validation loss decreases by 0.0001
[2021-10-27 17:17:56,997][core.trainer][INFO] - Computing metrics for 'val' dataset
[2021-10-27 17:17:59,877][core.metrics.meter][INFO] - Meter:
SequenceAccuracy:	0.906
TokenAccuracy:	0.990
LengthAccuracy:	0.948
1st Token Accuracy:	1.000
2nd Token Accuracy:	1.000
Average Loss:	0.100
[2021-10-27 17:18:19,968][core.trainer][INFO] - Computing metrics for 'val' dataset
[2021-10-27 17:18:22,879][core.metrics.meter][INFO] - Meter:
SequenceAccuracy:	0.907
TokenAccuracy:	0.991
LengthAccuracy:	0.947
1st Token Accuracy:	0.999
2nd Token Accuracy:	1.000
Average Loss:	0.097
[2021-10-27 17:18:43,127][core.trainer][INFO] - Computing metrics for 'val' dataset
[2021-10-27 17:18:46,049][core.metrics.meter][INFO] - Meter:
SequenceAccuracy:	0.909
TokenAccuracy:	0.991
LengthAccuracy:	0.948
1st Token Accuracy:	1.000
2nd Token Accuracy:	1.000
Average Loss:	0.098
[2021-10-27 17:18:46,108][core.early_stopping][INFO] - Early stopping counter: 1 / 5
[2021-10-27 17:18:46,134][core.early_stopping][INFO] - Pausing model saving until validation loss decreases by 0.0001
[2021-10-27 17:19:06,163][core.trainer][INFO] - Computing metrics for 'val' dataset
[2021-10-27 17:19:09,084][core.metrics.meter][INFO] - Meter:
SequenceAccuracy:	0.914
TokenAccuracy:	0.992
LengthAccuracy:	0.947
1st Token Accuracy:	1.000
2nd Token Accuracy:	1.000
Average Loss:	0.091
[2021-10-27 17:19:09,154][core.early_stopping][INFO] - Early stopping counter: 2 / 5
[2021-10-27 17:19:09,180][core.early_stopping][INFO] - Pausing model saving until validation loss decreases by 0.0001
[2021-10-27 17:19:29,186][core.trainer][INFO] - Computing metrics for 'val' dataset
[2021-10-27 17:19:32,097][core.metrics.meter][INFO] - Meter:
SequenceAccuracy:	0.921
TokenAccuracy:	0.993
LengthAccuracy:	0.947
1st Token Accuracy:	1.000
2nd Token Accuracy:	1.000
Average Loss:	0.087
[2021-10-27 17:19:32,157][core.early_stopping][INFO] - Early stopping counter: 3 / 5
[2021-10-27 17:19:32,182][core.early_stopping][INFO] - Pausing model saving until validation loss decreases by 0.0001
[2021-10-27 17:19:52,134][core.trainer][INFO] - Computing metrics for 'val' dataset
[2021-10-27 17:19:55,049][core.metrics.meter][INFO] - Meter:
SequenceAccuracy:	0.924
TokenAccuracy:	0.993
LengthAccuracy:	0.953
1st Token Accuracy:	1.000
2nd Token Accuracy:	1.000
Average Loss:	0.084
[2021-10-27 17:20:15,327][core.trainer][INFO] - Computing metrics for 'val' dataset
[2021-10-27 17:20:18,250][core.metrics.meter][INFO] - Meter:
SequenceAccuracy:	0.917
TokenAccuracy:	0.994
LengthAccuracy:	0.947
1st Token Accuracy:	1.000
2nd Token Accuracy:	1.000
Average Loss:	0.086
[2021-10-27 17:20:18,310][core.early_stopping][INFO] - Early stopping counter: 1 / 5
[2021-10-27 17:20:18,336][core.early_stopping][INFO] - Pausing model saving until validation loss decreases by 0.0001
[2021-10-27 17:20:38,318][core.trainer][INFO] - Computing metrics for 'val' dataset
[2021-10-27 17:20:41,231][core.metrics.meter][INFO] - Meter:
SequenceAccuracy:	0.928
TokenAccuracy:	0.994
LengthAccuracy:	0.952
1st Token Accuracy:	1.000
2nd Token Accuracy:	1.000
Average Loss:	0.079
[2021-10-27 17:21:01,234][core.trainer][INFO] - Computing metrics for 'val' dataset
[2021-10-27 17:21:04,112][core.metrics.meter][INFO] - Meter:
SequenceAccuracy:	0.927
TokenAccuracy:	0.995
LengthAccuracy:	0.954
1st Token Accuracy:	1.000
2nd Token Accuracy:	1.000
Average Loss:	0.075
[2021-10-27 17:21:04,177][core.early_stopping][INFO] - Early stopping counter: 1 / 5
[2021-10-27 17:21:04,202][core.early_stopping][INFO] - Pausing model saving until validation loss decreases by 0.0001
[2021-10-27 17:21:23,888][core.trainer][INFO] - Computing metrics for 'val' dataset
[2021-10-27 17:21:26,777][core.metrics.meter][INFO] - Meter:
SequenceAccuracy:	0.933
TokenAccuracy:	0.996
LengthAccuracy:	0.953
1st Token Accuracy:	1.000
2nd Token Accuracy:	1.000
Average Loss:	0.073
[2021-10-27 17:21:26,836][core.early_stopping][INFO] - Early stopping counter: 2 / 5
[2021-10-27 17:21:26,861][core.early_stopping][INFO] - Pausing model saving until validation loss decreases by 0.0001
[2021-10-27 17:21:46,635][core.trainer][INFO] - Computing metrics for 'val' dataset
[2021-10-27 17:21:49,524][core.metrics.meter][INFO] - Meter:
SequenceAccuracy:	0.925
TokenAccuracy:	0.995
LengthAccuracy:	0.951
1st Token Accuracy:	1.000
2nd Token Accuracy:	1.000
Average Loss:	0.075
[2021-10-27 17:21:49,596][core.early_stopping][INFO] - Early stopping counter: 3 / 5
[2021-10-27 17:21:49,622][core.early_stopping][INFO] - Pausing model saving until validation loss decreases by 0.0001
[2021-10-27 17:22:09,410][core.trainer][INFO] - Computing metrics for 'val' dataset
[2021-10-27 17:22:12,301][core.metrics.meter][INFO] - Meter:
SequenceAccuracy:	0.928
TokenAccuracy:	0.997
LengthAccuracy:	0.948
1st Token Accuracy:	1.000
2nd Token Accuracy:	1.000
Average Loss:	0.077
[2021-10-27 17:22:12,360][core.early_stopping][INFO] - Early stopping counter: 4 / 5
[2021-10-27 17:22:12,385][core.early_stopping][INFO] - Pausing model saving until validation loss decreases by 0.0001
[2021-10-27 17:22:32,100][core.trainer][INFO] - Computing metrics for 'val' dataset
[2021-10-27 17:22:34,990][core.metrics.meter][INFO] - Meter:
SequenceAccuracy:	0.934
TokenAccuracy:	0.996
LengthAccuracy:	0.954
1st Token Accuracy:	1.000
2nd Token Accuracy:	1.000
Average Loss:	0.067
[2021-10-27 17:22:55,173][core.trainer][INFO] - Computing metrics for 'val' dataset
[2021-10-27 17:22:58,067][core.metrics.meter][INFO] - Meter:
SequenceAccuracy:	0.926
TokenAccuracy:	0.996
LengthAccuracy:	0.950
1st Token Accuracy:	1.000
2nd Token Accuracy:	1.000
Average Loss:	0.074
[2021-10-27 17:22:58,127][core.early_stopping][INFO] - Early stopping counter: 1 / 5
[2021-10-27 17:22:58,153][core.early_stopping][INFO] - Pausing model saving until validation loss decreases by 0.0001
[2021-10-27 17:23:17,920][core.trainer][INFO] - Computing metrics for 'val' dataset
[2021-10-27 17:23:20,807][core.metrics.meter][INFO] - Meter:
SequenceAccuracy:	0.935
TokenAccuracy:	0.997
LengthAccuracy:	0.952
1st Token Accuracy:	1.000
2nd Token Accuracy:	1.000
Average Loss:	0.070
[2021-10-27 17:23:20,866][core.early_stopping][INFO] - Early stopping counter: 2 / 5
[2021-10-27 17:23:20,891][core.early_stopping][INFO] - Pausing model saving until validation loss decreases by 0.0001
[2021-10-27 17:23:20,893][core.trainer][INFO] - Computing metrics for 'test' dataset
[2021-10-27 17:23:48,884][core.metrics.meter][INFO] - Meter:
SequenceAccuracy:	0.935
TokenAccuracy:	0.996
LengthAccuracy:	0.954
1st Token Accuracy:	1.000
2nd Token Accuracy:	1.000
Average Loss:	0.072
[2021-10-27 17:23:48,884][core.trainer][INFO] - Computing metrics for 'gen' dataset
[2021-10-27 17:24:18,978][core.metrics.meter][INFO] - Meter:
SequenceAccuracy:	0.009
TokenAccuracy:	0.608
LengthAccuracy:	0.867
1st Token Accuracy:	0.099
2nd Token Accuracy:	1.000
Average Loss:	1.983
[2021-10-27 17:24:18,978][core.trainer][INFO] - EPOCH 4 / 50
[2021-10-27 17:24:18,978][core.trainer][INFO] - Computing metrics for 'train' dataset
[2021-10-27 17:24:38,801][core.trainer][INFO] - Computing metrics for 'val' dataset
[2021-10-27 17:24:41,691][core.metrics.meter][INFO] - Meter:
SequenceAccuracy:	0.932
TokenAccuracy:	0.997
LengthAccuracy:	0.949
1st Token Accuracy:	1.000
2nd Token Accuracy:	1.000
Average Loss:	0.073
[2021-10-27 17:24:41,749][core.early_stopping][INFO] - Early stopping counter: 3 / 5
[2021-10-27 17:24:41,773][core.early_stopping][INFO] - Pausing model saving until validation loss decreases by 0.0001
[2021-10-27 17:25:01,652][core.trainer][INFO] - Computing metrics for 'val' dataset
[2021-10-27 17:25:04,538][core.metrics.meter][INFO] - Meter:
SequenceAccuracy:	0.940
TokenAccuracy:	0.997
LengthAccuracy:	0.955
1st Token Accuracy:	1.000
2nd Token Accuracy:	1.000
Average Loss:	0.067
[2021-10-27 17:25:24,585][core.trainer][INFO] - Computing metrics for 'val' dataset
[2021-10-27 17:25:27,469][core.metrics.meter][INFO] - Meter:
SequenceAccuracy:	0.939
TokenAccuracy:	0.998
LengthAccuracy:	0.953
1st Token Accuracy:	1.000
2nd Token Accuracy:	1.000
Average Loss:	0.067
[2021-10-27 17:25:27,534][core.early_stopping][INFO] - Early stopping counter: 1 / 5
[2021-10-27 17:25:27,559][core.early_stopping][INFO] - Pausing model saving until validation loss decreases by 0.0001
[2021-10-27 17:25:47,346][core.trainer][INFO] - Computing metrics for 'val' dataset
[2021-10-27 17:25:50,235][core.metrics.meter][INFO] - Meter:
SequenceAccuracy:	0.935
TokenAccuracy:	0.998
LengthAccuracy:	0.949
1st Token Accuracy:	1.000
2nd Token Accuracy:	1.000
Average Loss:	0.071
[2021-10-27 17:25:50,295][core.early_stopping][INFO] - Early stopping counter: 2 / 5
[2021-10-27 17:25:50,321][core.early_stopping][INFO] - Pausing model saving until validation loss decreases by 0.0001
[2021-10-27 17:26:10,045][core.trainer][INFO] - Computing metrics for 'val' dataset
[2021-10-27 17:26:12,935][core.metrics.meter][INFO] - Meter:
SequenceAccuracy:	0.943
TokenAccuracy:	0.997
LengthAccuracy:	0.957
1st Token Accuracy:	1.000
2nd Token Accuracy:	1.000
Average Loss:	0.065
[2021-10-27 17:26:13,012][core.early_stopping][INFO] - Early stopping counter: 3 / 5
[2021-10-27 17:26:13,038][core.early_stopping][INFO] - Pausing model saving until validation loss decreases by 0.0001
[2021-10-27 17:26:32,842][core.trainer][INFO] - Computing metrics for 'val' dataset
[2021-10-27 17:26:35,729][core.metrics.meter][INFO] - Meter:
SequenceAccuracy:	0.945
TokenAccuracy:	0.998
LengthAccuracy:	0.957
1st Token Accuracy:	1.000
2nd Token Accuracy:	1.000
Average Loss:	0.062
[2021-10-27 17:26:35,788][core.early_stopping][INFO] - Early stopping counter: 4 / 5
[2021-10-27 17:26:35,814][core.early_stopping][INFO] - Pausing model saving until validation loss decreases by 0.0001
[2021-10-27 17:26:55,548][core.trainer][INFO] - Computing metrics for 'val' dataset
[2021-10-27 17:26:58,441][core.metrics.meter][INFO] - Meter:
SequenceAccuracy:	0.938
TokenAccuracy:	0.998
LengthAccuracy:	0.950
1st Token Accuracy:	1.000
2nd Token Accuracy:	1.000
Average Loss:	0.068
[2021-10-27 17:26:58,501][core.early_stopping][INFO] - Early stopping counter: 5 / 5
[2021-10-27 17:26:58,526][core.early_stopping][INFO] - Pausing model saving until validation loss decreases by 0.0001
[2021-10-27 17:26:58,526][core.trainer][INFO] - Computing metrics for 'test' dataset
[2021-10-27 17:27:26,505][core.metrics.meter][INFO] - Meter:
SequenceAccuracy:	0.939
TokenAccuracy:	0.998
LengthAccuracy:	0.950
1st Token Accuracy:	1.000
2nd Token Accuracy:	1.000
Average Loss:	0.068
[2021-10-27 17:27:26,505][core.trainer][INFO] - Computing metrics for 'gen' dataset
[2021-10-27 17:27:56,612][core.metrics.meter][INFO] - Meter:
SequenceAccuracy:	0.008
TokenAccuracy:	0.607
LengthAccuracy:	0.858
1st Token Accuracy:	0.102
2nd Token Accuracy:	1.000
Average Loss:	2.056
[2021-10-27 17:27:56,612][core.trainer][INFO] - EPOCH 5 / 50
[2021-10-27 17:27:56,612][core.trainer][INFO] - Computing metrics for 'train' dataset
[2021-10-27 17:28:16,596][core.trainer][INFO] - Computing metrics for 'val' dataset
[2021-10-27 17:28:19,481][core.metrics.meter][INFO] - Meter:
SequenceAccuracy:	0.943
TokenAccuracy:	0.998
LengthAccuracy:	0.954
1st Token Accuracy:	1.000
2nd Token Accuracy:	1.000
Average Loss:	0.062
[2021-10-27 17:28:39,485][core.trainer][INFO] - Computing metrics for 'val' dataset
[2021-10-27 17:28:42,367][core.metrics.meter][INFO] - Meter:
SequenceAccuracy:	0.942
TokenAccuracy:	0.998
LengthAccuracy:	0.952
1st Token Accuracy:	1.000
2nd Token Accuracy:	1.000
Average Loss:	0.064
[2021-10-27 17:28:42,425][core.early_stopping][INFO] - Early stopping counter: 1 / 5
[2021-10-27 17:28:42,451][core.early_stopping][INFO] - Pausing model saving until validation loss decreases by 0.0001
[2021-10-27 17:29:02,290][core.trainer][INFO] - Computing metrics for 'val' dataset
[2021-10-27 17:29:05,172][core.metrics.meter][INFO] - Meter:
SequenceAccuracy:	0.945
TokenAccuracy:	0.999
LengthAccuracy:	0.953
1st Token Accuracy:	1.000
2nd Token Accuracy:	1.000
Average Loss:	0.061
[2021-10-27 17:29:25,243][core.trainer][INFO] - Computing metrics for 'val' dataset
[2021-10-27 17:29:28,137][core.metrics.meter][INFO] - Meter:
SequenceAccuracy:	0.947
TokenAccuracy:	0.999
LengthAccuracy:	0.954
1st Token Accuracy:	1.000
2nd Token Accuracy:	1.000
Average Loss:	0.060
[2021-10-27 17:29:28,196][core.early_stopping][INFO] - Early stopping counter: 1 / 5
[2021-10-27 17:29:28,221][core.early_stopping][INFO] - Pausing model saving until validation loss decreases by 0.0001
[2021-10-27 17:29:48,079][core.trainer][INFO] - Computing metrics for 'val' dataset
[2021-10-27 17:29:50,966][core.metrics.meter][INFO] - Meter:
SequenceAccuracy:	0.943
TokenAccuracy:	0.999
LengthAccuracy:	0.951
1st Token Accuracy:	1.000
2nd Token Accuracy:	1.000
Average Loss:	0.064
[2021-10-27 17:29:51,035][core.early_stopping][INFO] - Early stopping counter: 2 / 5
[2021-10-27 17:29:51,060][core.early_stopping][INFO] - Pausing model saving until validation loss decreases by 0.0001
[2021-10-27 17:30:10,777][core.trainer][INFO] - Computing metrics for 'val' dataset
[2021-10-27 17:30:13,659][core.metrics.meter][INFO] - Meter:
SequenceAccuracy:	0.943
TokenAccuracy:	0.999
LengthAccuracy:	0.950
1st Token Accuracy:	1.000
2nd Token Accuracy:	1.000
Average Loss:	0.063
[2021-10-27 17:30:13,718][core.early_stopping][INFO] - Early stopping counter: 3 / 5
[2021-10-27 17:30:13,743][core.early_stopping][INFO] - Pausing model saving until validation loss decreases by 0.0001
[2021-10-27 17:30:33,623][core.trainer][INFO] - Computing metrics for 'val' dataset
[2021-10-27 17:30:36,506][core.metrics.meter][INFO] - Meter:
SequenceAccuracy:	0.945
TokenAccuracy:	0.999
LengthAccuracy:	0.951
1st Token Accuracy:	1.000
2nd Token Accuracy:	1.000
Average Loss:	0.064
[2021-10-27 17:30:36,584][core.early_stopping][INFO] - Early stopping counter: 4 / 5
[2021-10-27 17:30:36,610][core.early_stopping][INFO] - Pausing model saving until validation loss decreases by 0.0001
[2021-10-27 17:30:56,326][core.trainer][INFO] - Computing metrics for 'val' dataset
[2021-10-27 17:30:59,206][core.metrics.meter][INFO] - Meter:
SequenceAccuracy:	0.946
TokenAccuracy:	0.999
LengthAccuracy:	0.952
1st Token Accuracy:	1.000
2nd Token Accuracy:	1.000
Average Loss:	0.062
[2021-10-27 17:30:59,265][core.early_stopping][INFO] - Early stopping counter: 5 / 5
[2021-10-27 17:30:59,291][core.early_stopping][INFO] - Pausing model saving until validation loss decreases by 0.0001
[2021-10-27 17:30:59,291][core.trainer][INFO] - Computing metrics for 'test' dataset
[2021-10-27 17:31:27,196][core.metrics.meter][INFO] - Meter:
SequenceAccuracy:	0.944
TokenAccuracy:	0.999
LengthAccuracy:	0.950
1st Token Accuracy:	1.000
2nd Token Accuracy:	1.000
Average Loss:	0.066
[2021-10-27 17:31:27,196][core.trainer][INFO] - Computing metrics for 'gen' dataset
[2021-10-27 17:31:57,272][core.metrics.meter][INFO] - Meter:
SequenceAccuracy:	0.009
TokenAccuracy:	0.610
LengthAccuracy:	0.884
1st Token Accuracy:	0.102
2nd Token Accuracy:	1.000
Average Loss:	2.110
[2021-10-27 17:31:57,272][core.trainer][INFO] - EPOCH 6 / 50
[2021-10-27 17:31:57,272][core.trainer][INFO] - Computing metrics for 'train' dataset
[2021-10-27 17:32:17,217][core.trainer][INFO] - Computing metrics for 'val' dataset
[2021-10-27 17:32:20,101][core.metrics.meter][INFO] - Meter:
SequenceAccuracy:	0.943
TokenAccuracy:	0.999
LengthAccuracy:	0.949
1st Token Accuracy:	1.000
2nd Token Accuracy:	1.000
Average Loss:	0.066
[2021-10-27 17:32:20,180][core.early_stopping][INFO] - Early stopping counter: 6 / 5
[2021-10-27 17:32:20,205][core.early_stopping][INFO] - Pausing model saving until validation loss decreases by 0.0001
[2021-10-27 17:32:20,206][core.trainer][INFO] - Computing metrics for 'test' dataset
[2021-10-27 17:32:48,151][core.metrics.meter][INFO] - Meter:
SequenceAccuracy:	0.943
TokenAccuracy:	0.999
LengthAccuracy:	0.948
1st Token Accuracy:	1.000
2nd Token Accuracy:	1.000
Average Loss:	0.066
[2021-10-27 17:32:48,151][core.trainer][INFO] - Computing metrics for 'gen' dataset
[2021-10-27 17:33:18,217][core.metrics.meter][INFO] - Meter:
SequenceAccuracy:	0.009
TokenAccuracy:	0.607
LengthAccuracy:	0.881
1st Token Accuracy:	0.109
2nd Token Accuracy:	1.000
Average Loss:	2.129
[2021-10-27 17:33:18,217][core.trainer][INFO] - EPOCH 7 / 50
[2021-10-27 17:33:18,217][core.trainer][INFO] - Computing metrics for 'train' dataset
[2021-10-27 17:33:38,123][core.trainer][INFO] - Computing metrics for 'val' dataset
[2021-10-27 17:33:41,011][core.metrics.meter][INFO] - Meter:
SequenceAccuracy:	0.947
TokenAccuracy:	0.999
LengthAccuracy:	0.952
1st Token Accuracy:	1.000
2nd Token Accuracy:	1.000
Average Loss:	0.064
[2021-10-27 17:33:41,090][core.early_stopping][INFO] - Early stopping counter: 7 / 5
[2021-10-27 17:33:41,091][core.early_stopping][INFO] - Pausing model saving until validation loss decreases by 0.0001
[2021-10-27 17:33:41,091][core.trainer][INFO] - Computing metrics for 'test' dataset
[2021-10-27 17:34:09,009][core.metrics.meter][INFO] - Meter:
SequenceAccuracy:	0.944
TokenAccuracy:	0.999
LengthAccuracy:	0.950
1st Token Accuracy:	1.000
2nd Token Accuracy:	1.000
Average Loss:	0.066
[2021-10-27 17:34:09,009][core.trainer][INFO] - Computing metrics for 'gen' dataset
[2021-10-27 17:34:39,068][core.metrics.meter][INFO] - Meter:
SequenceAccuracy:	0.009
TokenAccuracy:	0.605
LengthAccuracy:	0.877
1st Token Accuracy:	0.111
2nd Token Accuracy:	1.000
Average Loss:	2.156
[2021-10-27 17:34:39,069][core.trainer][INFO] - EPOCH 8 / 50
[2021-10-27 17:34:39,069][core.trainer][INFO] - Computing metrics for 'train' dataset
[2021-10-27 17:34:58,989][core.trainer][INFO] - Computing metrics for 'val' dataset
[2021-10-27 17:35:01,867][core.metrics.meter][INFO] - Meter:
SequenceAccuracy:	0.947
TokenAccuracy:	0.999
LengthAccuracy:	0.950
1st Token Accuracy:	1.000
2nd Token Accuracy:	1.000
Average Loss:	0.061
[2021-10-27 17:35:01,961][core.early_stopping][INFO] - Early stopping counter: 8 / 5
[2021-10-27 17:35:01,981][core.early_stopping][INFO] - Pausing model saving until validation loss decreases by 0.0001
[2021-10-27 17:35:01,982][core.trainer][INFO] - Computing metrics for 'test' dataset
[2021-10-27 17:35:29,892][core.metrics.meter][INFO] - Meter:
SequenceAccuracy:	0.948
TokenAccuracy:	0.999
LengthAccuracy:	0.952
1st Token Accuracy:	1.000
2nd Token Accuracy:	1.000
Average Loss:	0.061
[2021-10-27 17:35:29,892][core.trainer][INFO] - Computing metrics for 'gen' dataset
[2021-10-27 17:35:59,981][core.metrics.meter][INFO] - Meter:
SequenceAccuracy:	0.009
TokenAccuracy:	0.609
LengthAccuracy:	0.887
1st Token Accuracy:	0.109
2nd Token Accuracy:	1.000
Average Loss:	2.137
[2021-10-27 17:35:59,981][core.trainer][INFO] - EPOCH 9 / 50
[2021-10-27 17:35:59,981][core.trainer][INFO] - Computing metrics for 'train' dataset
[2021-10-27 17:36:19,969][core.trainer][INFO] - Computing metrics for 'val' dataset
[2021-10-27 17:36:22,845][core.metrics.meter][INFO] - Meter:
SequenceAccuracy:	0.956
TokenAccuracy:	1.000
LengthAccuracy:	0.960
1st Token Accuracy:	1.000
2nd Token Accuracy:	1.000
Average Loss:	0.053
[2021-10-27 17:36:22,904][core.early_stopping][INFO] - Early stopping counter: 9 / 5
[2021-10-27 17:36:22,930][core.early_stopping][INFO] - Pausing model saving until validation loss decreases by 0.0001
[2021-10-27 17:36:22,930][core.trainer][INFO] - Computing metrics for 'test' dataset
[2021-10-27 17:36:50,874][core.metrics.meter][INFO] - Meter:
SequenceAccuracy:	0.948
TokenAccuracy:	0.999
LengthAccuracy:	0.953
1st Token Accuracy:	1.000
2nd Token Accuracy:	1.000
Average Loss:	0.061
[2021-10-27 17:36:50,874][core.trainer][INFO] - Computing metrics for 'gen' dataset
[2021-10-27 17:37:20,951][core.metrics.meter][INFO] - Meter:
SequenceAccuracy:	0.010
TokenAccuracy:	0.610
LengthAccuracy:	0.876
1st Token Accuracy:	0.109
2nd Token Accuracy:	1.000
Average Loss:	2.135
[2021-10-27 17:37:20,951][core.trainer][INFO] - EPOCH 10 / 50
[2021-10-27 17:37:20,951][core.trainer][INFO] - Computing metrics for 'train' dataset
[2021-10-27 17:37:40,855][core.trainer][INFO] - Computing metrics for 'val' dataset
[2021-10-27 17:37:43,746][core.metrics.meter][INFO] - Meter:
SequenceAccuracy:	0.947
TokenAccuracy:	0.999
LengthAccuracy:	0.952
1st Token Accuracy:	1.000
2nd Token Accuracy:	1.000
Average Loss:	0.059
[2021-10-27 17:37:43,804][core.early_stopping][INFO] - Early stopping counter: 10 / 5
[2021-10-27 17:37:43,827][core.early_stopping][INFO] - Pausing model saving until validation loss decreases by 0.0001
[2021-10-27 17:37:43,828][core.trainer][INFO] - Computing metrics for 'test' dataset
[2021-10-27 17:38:11,801][core.metrics.meter][INFO] - Meter:
SequenceAccuracy:	0.945
TokenAccuracy:	0.999
LengthAccuracy:	0.949
1st Token Accuracy:	1.000
2nd Token Accuracy:	1.000
Average Loss:	0.067
[2021-10-27 17:38:11,801][core.trainer][INFO] - Computing metrics for 'gen' dataset
[2021-10-27 17:38:41,883][core.metrics.meter][INFO] - Meter:
SequenceAccuracy:	0.009
TokenAccuracy:	0.608
LengthAccuracy:	0.871
1st Token Accuracy:	0.105
2nd Token Accuracy:	1.000
Average Loss:	2.157
[2021-10-27 17:38:41,884][core.trainer][INFO] - EPOCH 11 / 50
[2021-10-27 17:38:41,884][core.trainer][INFO] - Computing metrics for 'train' dataset
[2021-10-27 17:39:01,748][core.trainer][INFO] - Computing metrics for 'val' dataset
[2021-10-27 17:39:04,633][core.metrics.meter][INFO] - Meter:
SequenceAccuracy:	0.947
TokenAccuracy:	0.999
LengthAccuracy:	0.951
1st Token Accuracy:	1.000
2nd Token Accuracy:	1.000
Average Loss:	0.059
[2021-10-27 17:39:04,692][core.early_stopping][INFO] - Early stopping counter: 11 / 5
[2021-10-27 17:39:04,717][core.early_stopping][INFO] - Pausing model saving until validation loss decreases by 0.0001
[2021-10-27 17:39:04,718][core.trainer][INFO] - Computing metrics for 'test' dataset
[2021-10-27 17:39:32,659][core.metrics.meter][INFO] - Meter:
SequenceAccuracy:	0.948
TokenAccuracy:	0.999
LengthAccuracy:	0.953
1st Token Accuracy:	1.000
2nd Token Accuracy:	1.000
Average Loss:	0.062
[2021-10-27 17:39:32,659][core.trainer][INFO] - Computing metrics for 'gen' dataset
[2021-10-27 17:40:02,739][core.metrics.meter][INFO] - Meter:
SequenceAccuracy:	0.010
TokenAccuracy:	0.610
LengthAccuracy:	0.880
1st Token Accuracy:	0.115
2nd Token Accuracy:	1.000
Average Loss:	2.150
[2021-10-27 17:40:02,740][core.trainer][INFO] - EPOCH 12 / 50
[2021-10-27 17:40:02,740][core.trainer][INFO] - Computing metrics for 'train' dataset
[2021-10-27 17:40:22,754][core.trainer][INFO] - Computing metrics for 'val' dataset
[2021-10-27 17:40:25,638][core.metrics.meter][INFO] - Meter:
SequenceAccuracy:	0.948
TokenAccuracy:	0.999
LengthAccuracy:	0.952
1st Token Accuracy:	1.000
2nd Token Accuracy:	1.000
Average Loss:	0.060
[2021-10-27 17:40:25,719][core.early_stopping][INFO] - Early stopping counter: 12 / 5
[2021-10-27 17:40:25,720][core.early_stopping][INFO] - Pausing model saving until validation loss decreases by 0.0001
[2021-10-27 17:40:25,720][core.trainer][INFO] - Computing metrics for 'test' dataset
[2021-10-27 17:40:53,636][core.metrics.meter][INFO] - Meter:
SequenceAccuracy:	0.950
TokenAccuracy:	0.999
LengthAccuracy:	0.955
1st Token Accuracy:	1.000
2nd Token Accuracy:	1.000
Average Loss:	0.058
[2021-10-27 17:40:53,637][core.trainer][INFO] - Computing metrics for 'gen' dataset
[2021-10-27 17:41:23,703][core.metrics.meter][INFO] - Meter:
SequenceAccuracy:	0.009
TokenAccuracy:	0.606
LengthAccuracy:	0.876
1st Token Accuracy:	0.110
2nd Token Accuracy:	1.000
Average Loss:	2.179
[2021-10-27 17:41:23,703][core.trainer][INFO] - EPOCH 13 / 50
[2021-10-27 17:41:23,703][core.trainer][INFO] - Computing metrics for 'train' dataset
[2021-10-27 17:41:43,695][core.trainer][INFO] - Computing metrics for 'val' dataset
[2021-10-27 17:41:46,612][core.metrics.meter][INFO] - Meter:
SequenceAccuracy:	0.951
TokenAccuracy:	1.000
LengthAccuracy:	0.953
1st Token Accuracy:	1.000
2nd Token Accuracy:	1.000
Average Loss:	0.058
[2021-10-27 17:41:46,686][core.early_stopping][INFO] - Early stopping counter: 13 / 5
[2021-10-27 17:41:46,710][core.early_stopping][INFO] - Pausing model saving until validation loss decreases by 0.0001
[2021-10-27 17:41:46,710][core.trainer][INFO] - Computing metrics for 'test' dataset
[2021-10-27 17:42:14,875][core.metrics.meter][INFO] - Meter:
SequenceAccuracy:	0.953
TokenAccuracy:	0.999
LengthAccuracy:	0.957
1st Token Accuracy:	1.000
2nd Token Accuracy:	1.000
Average Loss:	0.056
[2021-10-27 17:42:14,876][core.trainer][INFO] - Computing metrics for 'gen' dataset
[2021-10-27 17:42:45,288][core.metrics.meter][INFO] - Meter:
SequenceAccuracy:	0.008
TokenAccuracy:	0.609
LengthAccuracy:	0.875
1st Token Accuracy:	0.114
2nd Token Accuracy:	1.000
Average Loss:	2.174
[2021-10-27 17:42:45,288][core.trainer][INFO] - EPOCH 14 / 50
[2021-10-27 17:42:45,288][core.trainer][INFO] - Computing metrics for 'train' dataset
[2021-10-27 17:43:05,363][core.trainer][INFO] - Computing metrics for 'val' dataset
[2021-10-27 17:43:08,284][core.metrics.meter][INFO] - Meter:
SequenceAccuracy:	0.952
TokenAccuracy:	1.000
LengthAccuracy:	0.954
1st Token Accuracy:	1.000
2nd Token Accuracy:	1.000
Average Loss:	0.057
[2021-10-27 17:43:08,340][core.early_stopping][INFO] - Early stopping counter: 14 / 5
[2021-10-27 17:43:08,364][core.early_stopping][INFO] - Pausing model saving until validation loss decreases by 0.0001
[2021-10-27 17:43:08,365][core.trainer][INFO] - Computing metrics for 'test' dataset
[2021-10-27 17:43:36,604][core.metrics.meter][INFO] - Meter:
SequenceAccuracy:	0.951
TokenAccuracy:	0.999
LengthAccuracy:	0.955
1st Token Accuracy:	1.000
2nd Token Accuracy:	1.000
Average Loss:	0.058
[2021-10-27 17:43:36,604][core.trainer][INFO] - Computing metrics for 'gen' dataset
[2021-10-27 17:44:07,002][core.metrics.meter][INFO] - Meter:
SequenceAccuracy:	0.008
TokenAccuracy:	0.607
LengthAccuracy:	0.879
1st Token Accuracy:	0.113
2nd Token Accuracy:	1.000
Average Loss:	2.193
[2021-10-27 17:44:07,003][core.trainer][INFO] - EPOCH 15 / 50
[2021-10-27 17:44:07,003][core.trainer][INFO] - Computing metrics for 'train' dataset
[2021-10-27 17:44:27,147][core.trainer][INFO] - Computing metrics for 'val' dataset
[2021-10-27 17:44:30,066][core.metrics.meter][INFO] - Meter:
SequenceAccuracy:	0.952
TokenAccuracy:	1.000
LengthAccuracy:	0.954
1st Token Accuracy:	1.000
2nd Token Accuracy:	1.000
Average Loss:	0.058
[2021-10-27 17:44:30,147][core.early_stopping][INFO] - Early stopping counter: 15 / 5
[2021-10-27 17:44:30,173][core.early_stopping][INFO] - Pausing model saving until validation loss decreases by 0.0001
[2021-10-27 17:44:30,173][core.trainer][INFO] - Computing metrics for 'test' dataset
[2021-10-27 17:44:58,365][core.metrics.meter][INFO] - Meter:
SequenceAccuracy:	0.950
TokenAccuracy:	0.999
LengthAccuracy:	0.953
1st Token Accuracy:	1.000
2nd Token Accuracy:	1.000
Average Loss:	0.060
[2021-10-27 17:44:58,366][core.trainer][INFO] - Computing metrics for 'gen' dataset
[2021-10-27 17:45:28,682][core.metrics.meter][INFO] - Meter:
SequenceAccuracy:	0.009
TokenAccuracy:	0.609
LengthAccuracy:	0.864
1st Token Accuracy:	0.111
2nd Token Accuracy:	1.000
Average Loss:	2.177
[2021-10-27 17:45:28,682][core.trainer][INFO] - EPOCH 16 / 50
[2021-10-27 17:45:28,683][core.trainer][INFO] - Computing metrics for 'train' dataset
[2021-10-27 17:45:48,750][core.trainer][INFO] - Computing metrics for 'val' dataset
[2021-10-27 17:45:51,670][core.metrics.meter][INFO] - Meter:
SequenceAccuracy:	0.952
TokenAccuracy:	1.000
LengthAccuracy:	0.955
1st Token Accuracy:	1.000
2nd Token Accuracy:	1.000
Average Loss:	0.057
[2021-10-27 17:45:51,729][core.early_stopping][INFO] - Early stopping counter: 16 / 5
[2021-10-27 17:45:51,755][core.early_stopping][INFO] - Pausing model saving until validation loss decreases by 0.0001
[2021-10-27 17:45:51,755][core.trainer][INFO] - Computing metrics for 'test' dataset
[2021-10-27 17:46:19,946][core.metrics.meter][INFO] - Meter:
SequenceAccuracy:	0.947
TokenAccuracy:	0.999
LengthAccuracy:	0.950
1st Token Accuracy:	1.000
2nd Token Accuracy:	1.000
Average Loss:	0.064
[2021-10-27 17:46:19,946][core.trainer][INFO] - Computing metrics for 'gen' dataset
[2021-10-27 17:46:50,255][core.metrics.meter][INFO] - Meter:
SequenceAccuracy:	0.008
TokenAccuracy:	0.610
LengthAccuracy:	0.873
1st Token Accuracy:	0.111
2nd Token Accuracy:	1.000
Average Loss:	2.176
[2021-10-27 17:46:50,256][core.trainer][INFO] - EPOCH 17 / 50
[2021-10-27 17:46:50,256][core.trainer][INFO] - Computing metrics for 'train' dataset
[2021-10-27 17:47:10,339][core.trainer][INFO] - Computing metrics for 'val' dataset
[2021-10-27 17:47:13,261][core.metrics.meter][INFO] - Meter:
SequenceAccuracy:	0.948
TokenAccuracy:	1.000
LengthAccuracy:	0.950
1st Token Accuracy:	1.000
2nd Token Accuracy:	1.000
Average Loss:	0.061
[2021-10-27 17:47:13,317][core.early_stopping][INFO] - Early stopping counter: 17 / 5
[2021-10-27 17:47:13,340][core.early_stopping][INFO] - Pausing model saving until validation loss decreases by 0.0001
[2021-10-27 17:47:13,341][core.trainer][INFO] - Computing metrics for 'test' dataset
[2021-10-27 17:47:41,527][core.metrics.meter][INFO] - Meter:
SequenceAccuracy:	0.948
TokenAccuracy:	0.999
LengthAccuracy:	0.951
1st Token Accuracy:	1.000
2nd Token Accuracy:	1.000
Average Loss:	0.061
[2021-10-27 17:47:41,528][core.trainer][INFO] - Computing metrics for 'gen' dataset
[2021-10-27 17:48:11,866][core.metrics.meter][INFO] - Meter:
SequenceAccuracy:	0.010
TokenAccuracy:	0.612
LengthAccuracy:	0.868
1st Token Accuracy:	0.111
2nd Token Accuracy:	1.000
Average Loss:	2.179
[2021-10-27 17:48:11,867][core.trainer][INFO] - EPOCH 18 / 50
[2021-10-27 17:48:11,867][core.trainer][INFO] - Computing metrics for 'train' dataset
[2021-10-27 17:48:32,007][core.trainer][INFO] - Computing metrics for 'val' dataset
[2021-10-27 17:48:34,918][core.metrics.meter][INFO] - Meter:
SequenceAccuracy:	0.951
TokenAccuracy:	1.000
LengthAccuracy:	0.953
1st Token Accuracy:	1.000
2nd Token Accuracy:	1.000
Average Loss:	0.055
[2021-10-27 17:48:34,978][core.early_stopping][INFO] - Early stopping counter: 18 / 5
[2021-10-27 17:48:35,004][core.early_stopping][INFO] - Pausing model saving until validation loss decreases by 0.0001
[2021-10-27 17:48:35,004][core.trainer][INFO] - Computing metrics for 'test' dataset
[2021-10-27 17:49:03,207][core.metrics.meter][INFO] - Meter:
SequenceAccuracy:	0.948
TokenAccuracy:	1.000
LengthAccuracy:	0.951
1st Token Accuracy:	1.000
2nd Token Accuracy:	1.000
Average Loss:	0.062
[2021-10-27 17:49:03,217][core.trainer][INFO] - Computing metrics for 'gen' dataset
[2021-10-27 17:49:33,552][core.metrics.meter][INFO] - Meter:
SequenceAccuracy:	0.010
TokenAccuracy:	0.614
LengthAccuracy:	0.869
1st Token Accuracy:	0.114
2nd Token Accuracy:	1.000
Average Loss:	2.181
[2021-10-27 17:49:33,553][core.trainer][INFO] - EPOCH 19 / 50
[2021-10-27 17:49:33,553][core.trainer][INFO] - Computing metrics for 'train' dataset
[2021-10-27 17:49:53,605][core.trainer][INFO] - Computing metrics for 'val' dataset
[2021-10-27 17:49:56,517][core.metrics.meter][INFO] - Meter:
SequenceAccuracy:	0.948
TokenAccuracy:	1.000
LengthAccuracy:	0.949
1st Token Accuracy:	1.000
2nd Token Accuracy:	1.000
Average Loss:	0.061
[2021-10-27 17:49:56,572][core.early_stopping][INFO] - Early stopping counter: 19 / 5
[2021-10-27 17:49:56,596][core.early_stopping][INFO] - Pausing model saving until validation loss decreases by 0.0001
[2021-10-27 17:49:56,596][core.trainer][INFO] - Computing metrics for 'test' dataset
[2021-10-27 17:50:24,799][core.metrics.meter][INFO] - Meter:
SequenceAccuracy:	0.948
TokenAccuracy:	0.999
LengthAccuracy:	0.952
1st Token Accuracy:	1.000
2nd Token Accuracy:	1.000
Average Loss:	0.062
[2021-10-27 17:50:24,800][core.trainer][INFO] - Computing metrics for 'gen' dataset
[2021-10-27 17:50:55,196][core.metrics.meter][INFO] - Meter:
SequenceAccuracy:	0.008
TokenAccuracy:	0.609
LengthAccuracy:	0.873
1st Token Accuracy:	0.117
2nd Token Accuracy:	1.000
Average Loss:	2.211
[2021-10-27 17:50:55,196][core.trainer][INFO] - EPOCH 20 / 50
[2021-10-27 17:50:55,196][core.trainer][INFO] - Computing metrics for 'train' dataset
[2021-10-27 17:51:15,390][core.trainer][INFO] - Computing metrics for 'val' dataset
[2021-10-27 17:51:18,304][core.metrics.meter][INFO] - Meter:
SequenceAccuracy:	0.947
TokenAccuracy:	1.000
LengthAccuracy:	0.949
1st Token Accuracy:	1.000
2nd Token Accuracy:	1.000
Average Loss:	0.062
[2021-10-27 17:51:18,374][core.early_stopping][INFO] - Early stopping counter: 20 / 5
[2021-10-27 17:51:18,400][core.early_stopping][INFO] - Pausing model saving until validation loss decreases by 0.0001
[2021-10-27 17:51:18,400][core.trainer][INFO] - Computing metrics for 'test' dataset
[2021-10-27 17:51:46,555][core.metrics.meter][INFO] - Meter:
SequenceAccuracy:	0.952
TokenAccuracy:	0.999
LengthAccuracy:	0.955
1st Token Accuracy:	1.000
2nd Token Accuracy:	1.000
Average Loss:	0.058
[2021-10-27 17:51:46,556][core.trainer][INFO] - Computing metrics for 'gen' dataset
[2021-10-27 17:52:16,922][core.metrics.meter][INFO] - Meter:
SequenceAccuracy:	0.010
TokenAccuracy:	0.610
LengthAccuracy:	0.882
1st Token Accuracy:	0.117
2nd Token Accuracy:	1.000
Average Loss:	2.218
[2021-10-27 17:52:16,922][core.trainer][INFO] - EPOCH 21 / 50
[2021-10-27 17:52:16,922][core.trainer][INFO] - Computing metrics for 'train' dataset
[2021-10-27 17:52:36,975][core.trainer][INFO] - Computing metrics for 'val' dataset
[2021-10-27 17:52:39,893][core.metrics.meter][INFO] - Meter:
SequenceAccuracy:	0.949
TokenAccuracy:	0.999
LengthAccuracy:	0.953
1st Token Accuracy:	1.000
2nd Token Accuracy:	1.000
Average Loss:	0.058
[2021-10-27 17:52:39,950][core.early_stopping][INFO] - Early stopping counter: 21 / 5
[2021-10-27 17:52:39,974][core.early_stopping][INFO] - Pausing model saving until validation loss decreases by 0.0001
[2021-10-27 17:52:39,975][core.trainer][INFO] - Computing metrics for 'test' dataset
[2021-10-27 17:53:08,193][core.metrics.meter][INFO] - Meter:
SequenceAccuracy:	0.949
TokenAccuracy:	0.999
LengthAccuracy:	0.952
1st Token Accuracy:	1.000
2nd Token Accuracy:	1.000
Average Loss:	0.059
[2021-10-27 17:53:08,194][core.trainer][INFO] - Computing metrics for 'gen' dataset
[2021-10-27 17:53:38,583][core.metrics.meter][INFO] - Meter:
SequenceAccuracy:	0.010
TokenAccuracy:	0.609
LengthAccuracy:	0.868
1st Token Accuracy:	0.116
2nd Token Accuracy:	1.000
Average Loss:	2.232
[2021-10-27 17:53:38,584][core.trainer][INFO] - EPOCH 22 / 50
[2021-10-27 17:53:38,584][core.trainer][INFO] - Computing metrics for 'train' dataset
[2021-10-27 17:53:58,711][core.trainer][INFO] - Computing metrics for 'val' dataset
[2021-10-27 17:54:01,625][core.metrics.meter][INFO] - Meter:
SequenceAccuracy:	0.952
TokenAccuracy:	1.000
LengthAccuracy:	0.953
1st Token Accuracy:	1.000
2nd Token Accuracy:	1.000
Average Loss:	0.057
[2021-10-27 17:54:01,683][core.early_stopping][INFO] - Early stopping counter: 22 / 5
[2021-10-27 17:54:01,706][core.early_stopping][INFO] - Pausing model saving until validation loss decreases by 0.0001
[2021-10-27 17:54:01,707][core.trainer][INFO] - Computing metrics for 'test' dataset
[2021-10-27 17:54:29,901][core.metrics.meter][INFO] - Meter:
SequenceAccuracy:	0.950
TokenAccuracy:	0.999
LengthAccuracy:	0.953
1st Token Accuracy:	1.000
2nd Token Accuracy:	1.000
Average Loss:	0.059
[2021-10-27 17:54:29,901][core.trainer][INFO] - Computing metrics for 'gen' dataset
[2021-10-27 17:55:00,303][core.metrics.meter][INFO] - Meter:
SequenceAccuracy:	0.009
TokenAccuracy:	0.610
LengthAccuracy:	0.875
1st Token Accuracy:	0.110
2nd Token Accuracy:	1.000
Average Loss:	2.216
[2021-10-27 17:55:00,303][core.trainer][INFO] - EPOCH 23 / 50
[2021-10-27 17:55:00,303][core.trainer][INFO] - Computing metrics for 'train' dataset
[2021-10-27 17:55:20,375][core.trainer][INFO] - Computing metrics for 'val' dataset
[2021-10-27 17:55:23,294][core.metrics.meter][INFO] - Meter:
SequenceAccuracy:	0.952
TokenAccuracy:	1.000
LengthAccuracy:	0.953
1st Token Accuracy:	1.000
2nd Token Accuracy:	1.000
Average Loss:	0.055
[2021-10-27 17:55:23,354][core.early_stopping][INFO] - Early stopping counter: 23 / 5
[2021-10-27 17:55:23,380][core.early_stopping][INFO] - Pausing model saving until validation loss decreases by 0.0001
[2021-10-27 17:55:23,380][core.trainer][INFO] - Computing metrics for 'test' dataset
[2021-10-27 17:55:51,612][core.metrics.meter][INFO] - Meter:
SequenceAccuracy:	0.951
TokenAccuracy:	1.000
LengthAccuracy:	0.954
1st Token Accuracy:	1.000
2nd Token Accuracy:	1.000
Average Loss:	0.057
[2021-10-27 17:55:51,613][core.trainer][INFO] - Computing metrics for 'gen' dataset
[2021-10-27 17:56:21,988][core.metrics.meter][INFO] - Meter:
SequenceAccuracy:	0.008
TokenAccuracy:	0.609
LengthAccuracy:	0.885
1st Token Accuracy:	0.114
2nd Token Accuracy:	1.000
Average Loss:	2.224
[2021-10-27 17:56:21,988][core.trainer][INFO] - EPOCH 24 / 50
[2021-10-27 17:56:21,988][core.trainer][INFO] - Computing metrics for 'train' dataset
[2021-10-27 17:56:42,148][core.trainer][INFO] - Computing metrics for 'val' dataset
[2021-10-27 17:56:45,036][core.metrics.meter][INFO] - Meter:
SequenceAccuracy:	0.949
TokenAccuracy:	1.000
LengthAccuracy:	0.951
1st Token Accuracy:	1.000
2nd Token Accuracy:	1.000
Average Loss:	0.060
[2021-10-27 17:56:45,090][core.early_stopping][INFO] - Early stopping counter: 24 / 5
[2021-10-27 17:56:45,114][core.early_stopping][INFO] - Pausing model saving until validation loss decreases by 0.0001
[2021-10-27 17:56:45,114][core.trainer][INFO] - Computing metrics for 'test' dataset
[2021-10-27 17:57:13,044][core.metrics.meter][INFO] - Meter:
SequenceAccuracy:	0.949
TokenAccuracy:	1.000
LengthAccuracy:	0.951
1st Token Accuracy:	1.000
2nd Token Accuracy:	1.000
Average Loss:	0.060
[2021-10-27 17:57:13,044][core.trainer][INFO] - Computing metrics for 'gen' dataset
[2021-10-27 17:57:43,125][core.metrics.meter][INFO] - Meter:
SequenceAccuracy:	0.008
TokenAccuracy:	0.609
LengthAccuracy:	0.877
1st Token Accuracy:	0.108
2nd Token Accuracy:	1.000
Average Loss:	2.231
[2021-10-27 17:57:43,125][core.trainer][INFO] - EPOCH 25 / 50
[2021-10-27 17:57:43,125][core.trainer][INFO] - Computing metrics for 'train' dataset
[2021-10-27 17:58:03,070][core.trainer][INFO] - Computing metrics for 'val' dataset
[2021-10-27 17:58:05,959][core.metrics.meter][INFO] - Meter:
SequenceAccuracy:	0.943
TokenAccuracy:	1.000
LengthAccuracy:	0.944
1st Token Accuracy:	1.000
2nd Token Accuracy:	1.000
Average Loss:	0.067
[2021-10-27 17:58:06,032][core.early_stopping][INFO] - Early stopping counter: 25 / 5
[2021-10-27 17:58:06,058][core.early_stopping][INFO] - Pausing model saving until validation loss decreases by 0.0001
[2021-10-27 17:58:06,058][core.trainer][INFO] - Computing metrics for 'test' dataset
[2021-10-27 17:58:34,000][core.metrics.meter][INFO] - Meter:
SequenceAccuracy:	0.950
TokenAccuracy:	1.000
LengthAccuracy:	0.952
1st Token Accuracy:	1.000
2nd Token Accuracy:	1.000
Average Loss:	0.059
[2021-10-27 17:58:34,001][core.trainer][INFO] - Computing metrics for 'gen' dataset
[2021-10-27 17:59:04,065][core.metrics.meter][INFO] - Meter:
SequenceAccuracy:	0.007
TokenAccuracy:	0.606
LengthAccuracy:	0.869
1st Token Accuracy:	0.113
2nd Token Accuracy:	1.000
Average Loss:	2.267
[2021-10-27 17:59:04,065][core.trainer][INFO] - EPOCH 26 / 50
[2021-10-27 17:59:04,065][core.trainer][INFO] - Computing metrics for 'train' dataset
[2021-10-27 17:59:24,351][core.trainer][INFO] - Computing metrics for 'val' dataset
[2021-10-27 17:59:27,286][core.metrics.meter][INFO] - Meter:
SequenceAccuracy:	0.949
TokenAccuracy:	1.000
LengthAccuracy:	0.949
1st Token Accuracy:	1.000
2nd Token Accuracy:	1.000
Average Loss:	0.060
[2021-10-27 17:59:27,342][core.early_stopping][INFO] - Early stopping counter: 26 / 5
[2021-10-27 17:59:27,368][core.early_stopping][INFO] - Pausing model saving until validation loss decreases by 0.0001
[2021-10-27 17:59:27,368][core.trainer][INFO] - Computing metrics for 'test' dataset
[2021-10-27 17:59:55,769][core.metrics.meter][INFO] - Meter:
SequenceAccuracy:	0.953
TokenAccuracy:	1.000
LengthAccuracy:	0.955
1st Token Accuracy:	1.000
2nd Token Accuracy:	1.000
Average Loss:	0.054
[2021-10-27 17:59:55,770][core.trainer][INFO] - Computing metrics for 'gen' dataset
[2021-10-27 18:00:26,347][core.metrics.meter][INFO] - Meter:
SequenceAccuracy:	0.008
TokenAccuracy:	0.605
LengthAccuracy:	0.868
1st Token Accuracy:	0.117
2nd Token Accuracy:	1.000
Average Loss:	2.278
[2021-10-27 18:00:26,348][core.trainer][INFO] - EPOCH 27 / 50
[2021-10-27 18:00:26,348][core.trainer][INFO] - Computing metrics for 'train' dataset
[2021-10-27 18:00:46,227][core.trainer][INFO] - Computing metrics for 'val' dataset
[2021-10-27 18:00:49,113][core.metrics.meter][INFO] - Meter:
SequenceAccuracy:	0.953
TokenAccuracy:	1.000
LengthAccuracy:	0.954
1st Token Accuracy:	1.000
2nd Token Accuracy:	1.000
Average Loss:	0.055
[2021-10-27 18:00:49,178][core.early_stopping][INFO] - Early stopping counter: 27 / 5
[2021-10-27 18:00:49,203][core.early_stopping][INFO] - Pausing model saving until validation loss decreases by 0.0001
[2021-10-27 18:00:49,204][core.trainer][INFO] - Computing metrics for 'test' dataset
[2021-10-27 18:01:17,103][core.metrics.meter][INFO] - Meter:
SequenceAccuracy:	0.945
TokenAccuracy:	1.000
LengthAccuracy:	0.947
1st Token Accuracy:	1.000
2nd Token Accuracy:	1.000
Average Loss:	0.063
[2021-10-27 18:01:17,103][core.trainer][INFO] - Computing metrics for 'gen' dataset
[2021-10-27 18:01:47,128][core.metrics.meter][INFO] - Meter:
SequenceAccuracy:	0.008
TokenAccuracy:	0.608
LengthAccuracy:	0.876
1st Token Accuracy:	0.112
2nd Token Accuracy:	1.000
Average Loss:	2.262
[2021-10-27 18:01:47,128][core.trainer][INFO] - EPOCH 28 / 50
[2021-10-27 18:01:47,128][core.trainer][INFO] - Computing metrics for 'train' dataset
[2021-10-27 18:02:07,029][core.trainer][INFO] - Computing metrics for 'val' dataset
[2021-10-27 18:02:09,906][core.metrics.meter][INFO] - Meter:
SequenceAccuracy:	0.954
TokenAccuracy:	1.000
LengthAccuracy:	0.955
1st Token Accuracy:	1.000
2nd Token Accuracy:	1.000
Average Loss:	0.052
[2021-10-27 18:02:09,962][core.early_stopping][INFO] - Early stopping counter: 28 / 5
[2021-10-27 18:02:09,986][core.early_stopping][INFO] - Pausing model saving until validation loss decreases by 0.0001
[2021-10-27 18:02:09,986][core.trainer][INFO] - Computing metrics for 'test' dataset
[2021-10-27 18:02:37,912][core.metrics.meter][INFO] - Meter:
SequenceAccuracy:	0.952
TokenAccuracy:	1.000
LengthAccuracy:	0.954
1st Token Accuracy:	1.000
2nd Token Accuracy:	1.000
Average Loss:	0.056
[2021-10-27 18:02:37,913][core.trainer][INFO] - Computing metrics for 'gen' dataset
[2021-10-27 18:03:07,983][core.metrics.meter][INFO] - Meter:
SequenceAccuracy:	0.006
TokenAccuracy:	0.605
LengthAccuracy:	0.884
1st Token Accuracy:	0.110
2nd Token Accuracy:	1.000
Average Loss:	2.284
[2021-10-27 18:03:07,984][core.trainer][INFO] - EPOCH 29 / 50
[2021-10-27 18:03:07,984][core.trainer][INFO] - Computing metrics for 'train' dataset
[2021-10-27 18:03:27,847][core.trainer][INFO] - Computing metrics for 'val' dataset
[2021-10-27 18:03:30,734][core.metrics.meter][INFO] - Meter:
SequenceAccuracy:	0.952
TokenAccuracy:	1.000
LengthAccuracy:	0.953
1st Token Accuracy:	1.000
2nd Token Accuracy:	1.000
Average Loss:	0.057
[2021-10-27 18:03:30,789][core.early_stopping][INFO] - Early stopping counter: 29 / 5
[2021-10-27 18:03:30,813][core.early_stopping][INFO] - Pausing model saving until validation loss decreases by 0.0001
[2021-10-27 18:03:30,813][core.trainer][INFO] - Computing metrics for 'test' dataset
[2021-10-27 18:03:58,725][core.metrics.meter][INFO] - Meter:
SequenceAccuracy:	0.947
TokenAccuracy:	1.000
LengthAccuracy:	0.950
1st Token Accuracy:	1.000
2nd Token Accuracy:	1.000
Average Loss:	0.061
[2021-10-27 18:03:58,725][core.trainer][INFO] - Computing metrics for 'gen' dataset
[2021-10-27 18:04:28,840][core.metrics.meter][INFO] - Meter:
SequenceAccuracy:	0.008
TokenAccuracy:	0.609
LengthAccuracy:	0.883
1st Token Accuracy:	0.112
2nd Token Accuracy:	1.000
Average Loss:	2.268
[2021-10-27 18:04:28,840][core.trainer][INFO] - EPOCH 30 / 50
[2021-10-27 18:04:28,840][core.trainer][INFO] - Computing metrics for 'train' dataset
[2021-10-27 18:04:48,807][core.trainer][INFO] - Computing metrics for 'val' dataset
[2021-10-27 18:04:51,687][core.metrics.meter][INFO] - Meter:
SequenceAccuracy:	0.949
TokenAccuracy:	1.000
LengthAccuracy:	0.950
1st Token Accuracy:	1.000
2nd Token Accuracy:	1.000
Average Loss:	0.059
[2021-10-27 18:04:51,743][core.early_stopping][INFO] - Early stopping counter: 30 / 5
[2021-10-27 18:04:51,767][core.early_stopping][INFO] - Pausing model saving until validation loss decreases by 0.0001
[2021-10-27 18:04:51,767][core.trainer][INFO] - Computing metrics for 'test' dataset
[2021-10-27 18:05:19,673][core.metrics.meter][INFO] - Meter:
SequenceAccuracy:	0.954
TokenAccuracy:	1.000
LengthAccuracy:	0.955
1st Token Accuracy:	1.000
2nd Token Accuracy:	1.000
Average Loss:	0.056
[2021-10-27 18:05:19,674][core.trainer][INFO] - Computing metrics for 'gen' dataset
[2021-10-27 18:05:49,698][core.metrics.meter][INFO] - Meter:
SequenceAccuracy:	0.007
TokenAccuracy:	0.608
LengthAccuracy:	0.876
1st Token Accuracy:	0.114
2nd Token Accuracy:	1.000
Average Loss:	2.277
[2021-10-27 18:05:49,698][core.trainer][INFO] - EPOCH 31 / 50
[2021-10-27 18:05:49,698][core.trainer][INFO] - Computing metrics for 'train' dataset
[2021-10-27 18:06:09,628][core.trainer][INFO] - Computing metrics for 'val' dataset
[2021-10-27 18:06:12,511][core.metrics.meter][INFO] - Meter:
SequenceAccuracy:	0.947
TokenAccuracy:	1.000
LengthAccuracy:	0.949
1st Token Accuracy:	1.000
2nd Token Accuracy:	1.000
Average Loss:	0.063
[2021-10-27 18:06:12,565][core.early_stopping][INFO] - Early stopping counter: 31 / 5
[2021-10-27 18:06:12,589][core.early_stopping][INFO] - Pausing model saving until validation loss decreases by 0.0001
[2021-10-27 18:06:12,589][core.trainer][INFO] - Computing metrics for 'test' dataset
[2021-10-27 18:06:40,529][core.metrics.meter][INFO] - Meter:
SequenceAccuracy:	0.949
TokenAccuracy:	1.000
LengthAccuracy:	0.950
1st Token Accuracy:	1.000
2nd Token Accuracy:	1.000
Average Loss:	0.062
[2021-10-27 18:06:40,529][core.trainer][INFO] - Computing metrics for 'gen' dataset
[2021-10-27 18:07:10,575][core.metrics.meter][INFO] - Meter:
SequenceAccuracy:	0.006
TokenAccuracy:	0.601
LengthAccuracy:	0.863
1st Token Accuracy:	0.112
2nd Token Accuracy:	1.000
Average Loss:	2.320
[2021-10-27 18:07:10,576][core.trainer][INFO] - EPOCH 32 / 50
[2021-10-27 18:07:10,576][core.trainer][INFO] - Computing metrics for 'train' dataset
[2021-10-27 18:07:30,458][core.trainer][INFO] - Computing metrics for 'val' dataset
[2021-10-27 18:07:33,340][core.metrics.meter][INFO] - Meter:
SequenceAccuracy:	0.951
TokenAccuracy:	1.000
LengthAccuracy:	0.952
1st Token Accuracy:	1.000
2nd Token Accuracy:	1.000
Average Loss:	0.057
[2021-10-27 18:07:53,239][core.trainer][INFO] - Computing metrics for 'val' dataset
[2021-10-27 18:07:56,118][core.metrics.meter][INFO] - Meter:
SequenceAccuracy:	0.951
TokenAccuracy:	1.000
LengthAccuracy:	0.952
1st Token Accuracy:	1.000
2nd Token Accuracy:	1.000
Average Loss:	0.057
[2021-10-27 18:07:56,174][core.early_stopping][INFO] - Early stopping counter: 1 / 5
[2021-10-27 18:07:56,198][core.early_stopping][INFO] - Pausing model saving until validation loss decreases by 0.0001
[2021-10-27 18:08:15,970][core.trainer][INFO] - Computing metrics for 'val' dataset
[2021-10-27 18:08:18,858][core.metrics.meter][INFO] - Meter:
SequenceAccuracy:	0.950
TokenAccuracy:	1.000
LengthAccuracy:	0.952
1st Token Accuracy:	1.000
2nd Token Accuracy:	1.000
Average Loss:	0.058
[2021-10-27 18:08:18,932][core.early_stopping][INFO] - Early stopping counter: 2 / 5
[2021-10-27 18:08:18,932][core.early_stopping][INFO] - Pausing model saving until validation loss decreases by 0.0001
[2021-10-27 18:08:38,731][core.trainer][INFO] - Computing metrics for 'val' dataset
[2021-10-27 18:08:41,612][core.metrics.meter][INFO] - Meter:
SequenceAccuracy:	0.954
TokenAccuracy:	1.000
LengthAccuracy:	0.955
1st Token Accuracy:	1.000
2nd Token Accuracy:	1.000
Average Loss:	0.053
[2021-10-27 18:08:41,667][core.early_stopping][INFO] - Early stopping counter: 3 / 5
[2021-10-27 18:08:41,691][core.early_stopping][INFO] - Pausing model saving until validation loss decreases by 0.0001
[2021-10-27 18:09:01,509][core.trainer][INFO] - Computing metrics for 'val' dataset
[2021-10-27 18:09:04,394][core.metrics.meter][INFO] - Meter:
SequenceAccuracy:	0.953
TokenAccuracy:	1.000
LengthAccuracy:	0.955
1st Token Accuracy:	1.000
2nd Token Accuracy:	1.000
Average Loss:	0.053
[2021-10-27 18:09:04,450][core.early_stopping][INFO] - Early stopping counter: 4 / 5
[2021-10-27 18:09:04,474][core.early_stopping][INFO] - Pausing model saving until validation loss decreases by 0.0001
[2021-10-27 18:09:24,310][core.trainer][INFO] - Computing metrics for 'val' dataset
[2021-10-27 18:09:27,197][core.metrics.meter][INFO] - Meter:
SequenceAccuracy:	0.948
TokenAccuracy:	1.000
LengthAccuracy:	0.949
1st Token Accuracy:	1.000
2nd Token Accuracy:	1.000
Average Loss:	0.063
[2021-10-27 18:09:27,263][core.early_stopping][INFO] - Early stopping counter: 5 / 5
[2021-10-27 18:09:27,288][core.early_stopping][INFO] - Pausing model saving until validation loss decreases by 0.0001
[2021-10-27 18:09:27,289][core.trainer][INFO] - Computing metrics for 'test' dataset
[2021-10-27 18:09:55,209][core.metrics.meter][INFO] - Meter:
SequenceAccuracy:	0.952
TokenAccuracy:	1.000
LengthAccuracy:	0.953
1st Token Accuracy:	1.000
2nd Token Accuracy:	1.000
Average Loss:	0.057
[2021-10-27 18:09:55,209][core.trainer][INFO] - Computing metrics for 'gen' dataset
[2021-10-27 18:10:25,295][core.metrics.meter][INFO] - Meter:
SequenceAccuracy:	0.009
TokenAccuracy:	0.612
LengthAccuracy:	0.890
1st Token Accuracy:	0.115
2nd Token Accuracy:	1.000
Average Loss:	2.290
[2021-10-27 18:10:25,295][core.trainer][INFO] - EPOCH 33 / 50
[2021-10-27 18:10:25,295][core.trainer][INFO] - Computing metrics for 'train' dataset
[2021-10-27 18:10:45,163][core.trainer][INFO] - Computing metrics for 'val' dataset
[2021-10-27 18:10:48,053][core.metrics.meter][INFO] - Meter:
SequenceAccuracy:	0.959
TokenAccuracy:	1.000
LengthAccuracy:	0.959
1st Token Accuracy:	1.000
2nd Token Accuracy:	1.000
Average Loss:	0.050
[2021-10-27 18:11:08,071][core.trainer][INFO] - Computing metrics for 'val' dataset
[2021-10-27 18:11:10,963][core.metrics.meter][INFO] - Meter:
SequenceAccuracy:	0.950
TokenAccuracy:	1.000
LengthAccuracy:	0.950
1st Token Accuracy:	1.000
2nd Token Accuracy:	1.000
Average Loss:	0.061
[2021-10-27 18:11:11,030][core.early_stopping][INFO] - Early stopping counter: 1 / 5
[2021-10-27 18:11:11,055][core.early_stopping][INFO] - Pausing model saving until validation loss decreases by 0.0001
[2021-10-27 18:11:30,843][core.trainer][INFO] - Computing metrics for 'val' dataset
[2021-10-27 18:11:33,733][core.metrics.meter][INFO] - Meter:
SequenceAccuracy:	0.949
TokenAccuracy:	1.000
LengthAccuracy:	0.949
1st Token Accuracy:	1.000
2nd Token Accuracy:	1.000
Average Loss:	0.062
[2021-10-27 18:11:33,792][core.early_stopping][INFO] - Early stopping counter: 2 / 5
[2021-10-27 18:11:33,817][core.early_stopping][INFO] - Pausing model saving until validation loss decreases by 0.0001
[2021-10-27 18:11:53,639][core.trainer][INFO] - Computing metrics for 'val' dataset
[2021-10-27 18:11:56,527][core.metrics.meter][INFO] - Meter:
SequenceAccuracy:	0.955
TokenAccuracy:	1.000
LengthAccuracy:	0.956
1st Token Accuracy:	1.000
2nd Token Accuracy:	1.000
Average Loss:	0.053
[2021-10-27 18:11:56,601][core.early_stopping][INFO] - Early stopping counter: 3 / 5
[2021-10-27 18:11:56,626][core.early_stopping][INFO] - Pausing model saving until validation loss decreases by 0.0001
[2021-10-27 18:12:16,508][core.trainer][INFO] - Computing metrics for 'val' dataset
[2021-10-27 18:12:19,392][core.metrics.meter][INFO] - Meter:
SequenceAccuracy:	0.952
TokenAccuracy:	1.000
LengthAccuracy:	0.952
1st Token Accuracy:	1.000
2nd Token Accuracy:	1.000
Average Loss:	0.058
[2021-10-27 18:12:39,418][core.trainer][INFO] - Computing metrics for 'val' dataset
[2021-10-27 18:12:42,310][core.metrics.meter][INFO] - Meter:
SequenceAccuracy:	0.950
TokenAccuracy:	1.000
LengthAccuracy:	0.950
1st Token Accuracy:	1.000
2nd Token Accuracy:	1.000
Average Loss:	0.059
[2021-10-27 18:12:42,369][core.early_stopping][INFO] - Early stopping counter: 1 / 5
[2021-10-27 18:12:42,394][core.early_stopping][INFO] - Pausing model saving until validation loss decreases by 0.0001
[2021-10-27 18:13:02,163][core.trainer][INFO] - Computing metrics for 'val' dataset
[2021-10-27 18:13:05,051][core.metrics.meter][INFO] - Meter:
SequenceAccuracy:	0.952
TokenAccuracy:	1.000
LengthAccuracy:	0.953
1st Token Accuracy:	1.000
2nd Token Accuracy:	1.000
Average Loss:	0.055
[2021-10-27 18:13:05,113][core.early_stopping][INFO] - Early stopping counter: 2 / 5
[2021-10-27 18:13:05,137][core.early_stopping][INFO] - Pausing model saving until validation loss decreases by 0.0001
[2021-10-27 18:13:24,985][core.trainer][INFO] - Computing metrics for 'val' dataset
[2021-10-27 18:13:27,869][core.metrics.meter][INFO] - Meter:
SequenceAccuracy:	0.953
TokenAccuracy:	1.000
LengthAccuracy:	0.953
1st Token Accuracy:	1.000
2nd Token Accuracy:	1.000
Average Loss:	0.056
[2021-10-27 18:13:47,763][core.trainer][INFO] - Computing metrics for 'val' dataset
[2021-10-27 18:13:50,645][core.metrics.meter][INFO] - Meter:
SequenceAccuracy:	0.950
TokenAccuracy:	1.000
LengthAccuracy:	0.951
1st Token Accuracy:	1.000
2nd Token Accuracy:	1.000
Average Loss:	0.058
[2021-10-27 18:13:50,710][core.early_stopping][INFO] - Early stopping counter: 1 / 5
[2021-10-27 18:13:50,734][core.early_stopping][INFO] - Pausing model saving until validation loss decreases by 0.0001
[2021-10-27 18:14:10,587][core.trainer][INFO] - Computing metrics for 'val' dataset
[2021-10-27 18:14:13,474][core.metrics.meter][INFO] - Meter:
SequenceAccuracy:	0.944
TokenAccuracy:	1.000
LengthAccuracy:	0.944
1st Token Accuracy:	1.000
2nd Token Accuracy:	1.000
Average Loss:	0.065
[2021-10-27 18:14:13,528][core.early_stopping][INFO] - Early stopping counter: 2 / 5
[2021-10-27 18:14:13,552][core.early_stopping][INFO] - Pausing model saving until validation loss decreases by 0.0001
[2021-10-27 18:14:33,297][core.trainer][INFO] - Computing metrics for 'val' dataset
[2021-10-27 18:14:36,190][core.metrics.meter][INFO] - Meter:
SequenceAccuracy:	0.952
TokenAccuracy:	1.000
LengthAccuracy:	0.952
1st Token Accuracy:	1.000
2nd Token Accuracy:	1.000
Average Loss:	0.056
[2021-10-27 18:14:36,266][core.early_stopping][INFO] - Early stopping counter: 3 / 5
[2021-10-27 18:14:36,290][core.early_stopping][INFO] - Pausing model saving until validation loss decreases by 0.0001
[2021-10-27 18:14:56,089][core.trainer][INFO] - Computing metrics for 'val' dataset
[2021-10-27 18:14:58,978][core.metrics.meter][INFO] - Meter:
SequenceAccuracy:	0.946
TokenAccuracy:	1.000
LengthAccuracy:	0.946
1st Token Accuracy:	1.000
2nd Token Accuracy:	1.000
Average Loss:	0.063
[2021-10-27 18:14:59,038][core.early_stopping][INFO] - Early stopping counter: 4 / 5
[2021-10-27 18:14:59,063][core.early_stopping][INFO] - Pausing model saving until validation loss decreases by 0.0001
[2021-10-27 18:15:18,933][core.trainer][INFO] - Computing metrics for 'val' dataset
[2021-10-27 18:15:21,816][core.metrics.meter][INFO] - Meter:
SequenceAccuracy:	0.950
TokenAccuracy:	1.000
LengthAccuracy:	0.950
1st Token Accuracy:	1.000
2nd Token Accuracy:	1.000
Average Loss:	0.059
[2021-10-27 18:15:21,872][core.early_stopping][INFO] - Early stopping counter: 5 / 5
[2021-10-27 18:15:21,896][core.early_stopping][INFO] - Pausing model saving until validation loss decreases by 0.0001
[2021-10-27 18:15:21,896][core.trainer][INFO] - Computing metrics for 'test' dataset
[2021-10-27 18:15:49,877][core.metrics.meter][INFO] - Meter:
SequenceAccuracy:	0.954
TokenAccuracy:	1.000
LengthAccuracy:	0.955
1st Token Accuracy:	1.000
2nd Token Accuracy:	1.000
Average Loss:	0.057
[2021-10-27 18:15:49,877][core.trainer][INFO] - Computing metrics for 'gen' dataset
[2021-10-27 18:16:20,005][core.metrics.meter][INFO] - Meter:
SequenceAccuracy:	0.007
TokenAccuracy:	0.604
LengthAccuracy:	0.874
1st Token Accuracy:	0.121
2nd Token Accuracy:	1.000
Average Loss:	2.387
[2021-10-27 18:16:20,005][core.trainer][INFO] - EPOCH 34 / 50
[2021-10-27 18:16:20,005][core.trainer][INFO] - Computing metrics for 'train' dataset
[2021-10-27 18:16:40,068][core.trainer][INFO] - Computing metrics for 'val' dataset
[2021-10-27 18:16:42,950][core.metrics.meter][INFO] - Meter:
SequenceAccuracy:	0.953
TokenAccuracy:	1.000
LengthAccuracy:	0.954
1st Token Accuracy:	1.000
2nd Token Accuracy:	1.000
Average Loss:	0.057
[2021-10-27 18:16:43,005][core.early_stopping][INFO] - Early stopping counter: 6 / 5
[2021-10-27 18:16:43,028][core.early_stopping][INFO] - Pausing model saving until validation loss decreases by 0.0001
[2021-10-27 18:16:43,029][core.trainer][INFO] - Computing metrics for 'test' dataset
[2021-10-27 18:17:11,021][core.metrics.meter][INFO] - Meter:
SequenceAccuracy:	0.947
TokenAccuracy:	1.000
LengthAccuracy:	0.947
1st Token Accuracy:	1.000
2nd Token Accuracy:	1.000
Average Loss:	0.063
[2021-10-27 18:17:11,022][core.trainer][INFO] - Computing metrics for 'gen' dataset
[2021-10-27 18:17:41,105][core.metrics.meter][INFO] - Meter:
SequenceAccuracy:	0.008
TokenAccuracy:	0.610
LengthAccuracy:	0.872
1st Token Accuracy:	0.121
2nd Token Accuracy:	1.000
Average Loss:	2.360
[2021-10-27 18:17:41,105][core.trainer][INFO] - EPOCH 35 / 50
[2021-10-27 18:17:41,105][core.trainer][INFO] - Computing metrics for 'train' dataset
[2021-10-27 18:18:00,961][core.trainer][INFO] - Computing metrics for 'val' dataset
[2021-10-27 18:18:03,852][core.metrics.meter][INFO] - Meter:
SequenceAccuracy:	0.950
TokenAccuracy:	1.000
LengthAccuracy:	0.950
1st Token Accuracy:	1.000
2nd Token Accuracy:	1.000
Average Loss:	0.060
[2021-10-27 18:18:03,928][core.early_stopping][INFO] - Early stopping counter: 7 / 5
[2021-10-27 18:18:03,952][core.early_stopping][INFO] - Pausing model saving until validation loss decreases by 0.0001
[2021-10-27 18:18:03,953][core.trainer][INFO] - Computing metrics for 'test' dataset
[2021-10-27 18:18:31,912][core.metrics.meter][INFO] - Meter:
SequenceAccuracy:	0.947
TokenAccuracy:	1.000
LengthAccuracy:	0.947
1st Token Accuracy:	1.000
2nd Token Accuracy:	1.000
Average Loss:	0.064
[2021-10-27 18:18:31,912][core.trainer][INFO] - Computing metrics for 'gen' dataset
[2021-10-27 18:19:02,030][core.metrics.meter][INFO] - Meter:
SequenceAccuracy:	0.007
TokenAccuracy:	0.609
LengthAccuracy:	0.878
1st Token Accuracy:	0.115
2nd Token Accuracy:	1.000
Average Loss:	2.357
[2021-10-27 18:19:02,031][core.trainer][INFO] - EPOCH 36 / 50
[2021-10-27 18:19:02,031][core.trainer][INFO] - Computing metrics for 'train' dataset
[2021-10-27 18:19:21,958][core.trainer][INFO] - Computing metrics for 'val' dataset
[2021-10-27 18:19:24,849][core.metrics.meter][INFO] - Meter:
SequenceAccuracy:	0.955
TokenAccuracy:	1.000
LengthAccuracy:	0.956
1st Token Accuracy:	1.000
2nd Token Accuracy:	1.000
Average Loss:	0.052
[2021-10-27 18:19:24,922][core.early_stopping][INFO] - Early stopping counter: 8 / 5
[2021-10-27 18:19:24,947][core.early_stopping][INFO] - Pausing model saving until validation loss decreases by 0.0001
[2021-10-27 18:19:24,948][core.trainer][INFO] - Computing metrics for 'test' dataset
[2021-10-27 18:19:52,904][core.metrics.meter][INFO] - Meter:
SequenceAccuracy:	0.954
TokenAccuracy:	1.000
LengthAccuracy:	0.954
1st Token Accuracy:	1.000
2nd Token Accuracy:	1.000
Average Loss:	0.055
[2021-10-27 18:19:52,905][core.trainer][INFO] - Computing metrics for 'gen' dataset
[2021-10-27 18:20:22,978][core.metrics.meter][INFO] - Meter:
SequenceAccuracy:	0.007
TokenAccuracy:	0.610
LengthAccuracy:	0.872
1st Token Accuracy:	0.118
2nd Token Accuracy:	1.000
Average Loss:	2.366
[2021-10-27 18:20:22,978][core.trainer][INFO] - EPOCH 37 / 50
[2021-10-27 18:20:22,978][core.trainer][INFO] - Computing metrics for 'train' dataset
[2021-10-27 18:20:42,909][core.trainer][INFO] - Computing metrics for 'val' dataset
[2021-10-27 18:20:45,783][core.metrics.meter][INFO] - Meter:
SequenceAccuracy:	0.958
TokenAccuracy:	1.000
LengthAccuracy:	0.959
1st Token Accuracy:	1.000
2nd Token Accuracy:	1.000
Average Loss:	0.047
[2021-10-27 18:20:45,846][core.early_stopping][INFO] - Early stopping counter: 9 / 5
[2021-10-27 18:20:45,870][core.early_stopping][INFO] - Pausing model saving until validation loss decreases by 0.0001
[2021-10-27 18:20:45,870][core.trainer][INFO] - Computing metrics for 'test' dataset
[2021-10-27 18:21:13,765][core.metrics.meter][INFO] - Meter:
SequenceAccuracy:	0.955
TokenAccuracy:	1.000
LengthAccuracy:	0.955
1st Token Accuracy:	1.000
2nd Token Accuracy:	1.000
Average Loss:	0.053
[2021-10-27 18:21:13,765][core.trainer][INFO] - Computing metrics for 'gen' dataset
[2021-10-27 18:21:43,830][core.metrics.meter][INFO] - Meter:
SequenceAccuracy:	0.009
TokenAccuracy:	0.609
LengthAccuracy:	0.873
1st Token Accuracy:	0.119
2nd Token Accuracy:	1.000
Average Loss:	2.369
[2021-10-27 18:21:43,830][core.trainer][INFO] - EPOCH 38 / 50
[2021-10-27 18:21:43,830][core.trainer][INFO] - Computing metrics for 'train' dataset
[2021-10-27 18:22:03,684][core.trainer][INFO] - Computing metrics for 'val' dataset
[2021-10-27 18:22:06,568][core.metrics.meter][INFO] - Meter:
SequenceAccuracy:	0.950
TokenAccuracy:	1.000
LengthAccuracy:	0.950
1st Token Accuracy:	1.000
2nd Token Accuracy:	1.000
Average Loss:	0.061
[2021-10-27 18:22:06,624][core.early_stopping][INFO] - Early stopping counter: 10 / 5
[2021-10-27 18:22:06,648][core.early_stopping][INFO] - Pausing model saving until validation loss decreases by 0.0001
[2021-10-27 18:22:06,648][core.trainer][INFO] - Computing metrics for 'test' dataset
[2021-10-27 18:22:34,587][core.metrics.meter][INFO] - Meter:
SequenceAccuracy:	0.953
TokenAccuracy:	1.000
LengthAccuracy:	0.954
1st Token Accuracy:	1.000
2nd Token Accuracy:	1.000
Average Loss:	0.054
[2021-10-27 18:22:34,588][core.trainer][INFO] - Computing metrics for 'gen' dataset
[2021-10-27 18:23:04,663][core.metrics.meter][INFO] - Meter:
SequenceAccuracy:	0.009
TokenAccuracy:	0.612
LengthAccuracy:	0.881
1st Token Accuracy:	0.114
2nd Token Accuracy:	1.000
Average Loss:	2.350
[2021-10-27 18:23:04,663][core.trainer][INFO] - EPOCH 39 / 50
[2021-10-27 18:23:04,663][core.trainer][INFO] - Computing metrics for 'train' dataset
[2021-10-27 18:23:24,539][core.trainer][INFO] - Computing metrics for 'val' dataset
[2021-10-27 18:23:27,417][core.metrics.meter][INFO] - Meter:
SequenceAccuracy:	0.955
TokenAccuracy:	1.000
LengthAccuracy:	0.956
1st Token Accuracy:	1.000
2nd Token Accuracy:	1.000
Average Loss:	0.052
[2021-10-27 18:23:27,479][core.early_stopping][INFO] - Early stopping counter: 11 / 5
[2021-10-27 18:23:27,504][core.early_stopping][INFO] - Pausing model saving until validation loss decreases by 0.0001
[2021-10-27 18:23:27,504][core.trainer][INFO] - Computing metrics for 'test' dataset
[2021-10-27 18:23:55,393][core.metrics.meter][INFO] - Meter:
SequenceAccuracy:	0.952
TokenAccuracy:	1.000
LengthAccuracy:	0.952
1st Token Accuracy:	1.000
2nd Token Accuracy:	1.000
Average Loss:	0.059
[2021-10-27 18:23:55,409][core.trainer][INFO] - Computing metrics for 'gen' dataset
[2021-10-27 18:24:25,454][core.metrics.meter][INFO] - Meter:
SequenceAccuracy:	0.007
TokenAccuracy:	0.607
LengthAccuracy:	0.876
1st Token Accuracy:	0.113
2nd Token Accuracy:	1.000
Average Loss:	2.383
[2021-10-27 18:24:25,455][core.trainer][INFO] - EPOCH 40 / 50
[2021-10-27 18:24:25,455][core.trainer][INFO] - Computing metrics for 'train' dataset
[2021-10-27 18:24:45,399][core.trainer][INFO] - Computing metrics for 'val' dataset
[2021-10-27 18:24:48,281][core.metrics.meter][INFO] - Meter:
SequenceAccuracy:	0.955
TokenAccuracy:	1.000
LengthAccuracy:	0.956
1st Token Accuracy:	1.000
2nd Token Accuracy:	1.000
Average Loss:	0.053
[2021-10-27 18:24:48,338][core.early_stopping][INFO] - Early stopping counter: 12 / 5
[2021-10-27 18:24:48,362][core.early_stopping][INFO] - Pausing model saving until validation loss decreases by 0.0001
[2021-10-27 18:24:48,363][core.trainer][INFO] - Computing metrics for 'test' dataset
[2021-10-27 18:25:16,319][core.metrics.meter][INFO] - Meter:
SequenceAccuracy:	0.946
TokenAccuracy:	1.000
LengthAccuracy:	0.947
1st Token Accuracy:	1.000
2nd Token Accuracy:	1.000
Average Loss:	0.065
[2021-10-27 18:25:16,319][core.trainer][INFO] - Computing metrics for 'gen' dataset
[2021-10-27 18:25:46,351][core.metrics.meter][INFO] - Meter:
SequenceAccuracy:	0.007
TokenAccuracy:	0.610
LengthAccuracy:	0.874
1st Token Accuracy:	0.116
2nd Token Accuracy:	1.000
Average Loss:	2.376
[2021-10-27 18:25:46,351][core.trainer][INFO] - EPOCH 41 / 50
[2021-10-27 18:25:46,351][core.trainer][INFO] - Computing metrics for 'train' dataset
[2021-10-27 18:26:06,240][core.trainer][INFO] - Computing metrics for 'val' dataset
[2021-10-27 18:26:09,123][core.metrics.meter][INFO] - Meter:
SequenceAccuracy:	0.954
TokenAccuracy:	1.000
LengthAccuracy:	0.955
1st Token Accuracy:	1.000
2nd Token Accuracy:	1.000
Average Loss:	0.055
[2021-10-27 18:26:09,182][core.early_stopping][INFO] - Early stopping counter: 13 / 5
[2021-10-27 18:26:09,207][core.early_stopping][INFO] - Pausing model saving until validation loss decreases by 0.0001
[2021-10-27 18:26:09,207][core.trainer][INFO] - Computing metrics for 'test' dataset
[2021-10-27 18:26:37,131][core.metrics.meter][INFO] - Meter:
SequenceAccuracy:	0.949
TokenAccuracy:	1.000
LengthAccuracy:	0.949
1st Token Accuracy:	1.000
2nd Token Accuracy:	1.000
Average Loss:	0.060
[2021-10-27 18:26:37,131][core.trainer][INFO] - Computing metrics for 'gen' dataset
[2021-10-27 18:27:07,246][core.metrics.meter][INFO] - Meter:
SequenceAccuracy:	0.007
TokenAccuracy:	0.609
LengthAccuracy:	0.884
1st Token Accuracy:	0.119
2nd Token Accuracy:	1.000
Average Loss:	2.379
[2021-10-27 18:27:07,246][core.trainer][INFO] - EPOCH 42 / 50
[2021-10-27 18:27:07,247][core.trainer][INFO] - Computing metrics for 'train' dataset
[2021-10-27 18:27:27,170][core.trainer][INFO] - Computing metrics for 'val' dataset
[2021-10-27 18:27:30,064][core.metrics.meter][INFO] - Meter:
SequenceAccuracy:	0.951
TokenAccuracy:	1.000
LengthAccuracy:	0.951
1st Token Accuracy:	1.000
2nd Token Accuracy:	1.000
Average Loss:	0.060
[2021-10-27 18:27:30,137][core.early_stopping][INFO] - Early stopping counter: 14 / 5
[2021-10-27 18:27:30,161][core.early_stopping][INFO] - Pausing model saving until validation loss decreases by 0.0001
[2021-10-27 18:27:30,161][core.trainer][INFO] - Computing metrics for 'test' dataset
[2021-10-27 18:27:58,089][core.metrics.meter][INFO] - Meter:
SequenceAccuracy:	0.950
TokenAccuracy:	1.000
LengthAccuracy:	0.951
1st Token Accuracy:	1.000
2nd Token Accuracy:	1.000
Average Loss:	0.059
[2021-10-27 18:27:58,090][core.trainer][INFO] - Computing metrics for 'gen' dataset
[2021-10-27 18:28:28,181][core.metrics.meter][INFO] - Meter:
SequenceAccuracy:	0.007
TokenAccuracy:	0.608
LengthAccuracy:	0.875
1st Token Accuracy:	0.118
2nd Token Accuracy:	1.000
Average Loss:	2.392
[2021-10-27 18:28:28,181][core.trainer][INFO] - EPOCH 43 / 50
[2021-10-27 18:28:28,182][core.trainer][INFO] - Computing metrics for 'train' dataset
[2021-10-27 18:28:48,054][core.trainer][INFO] - Computing metrics for 'val' dataset
[2021-10-27 18:28:50,944][core.metrics.meter][INFO] - Meter:
SequenceAccuracy:	0.951
TokenAccuracy:	1.000
LengthAccuracy:	0.951
1st Token Accuracy:	1.000
2nd Token Accuracy:	1.000
Average Loss:	0.059
[2021-10-27 18:28:51,000][core.early_stopping][INFO] - Early stopping counter: 15 / 5
[2021-10-27 18:28:51,025][core.early_stopping][INFO] - Pausing model saving until validation loss decreases by 0.0001
[2021-10-27 18:28:51,025][core.trainer][INFO] - Computing metrics for 'test' dataset
[2021-10-27 18:29:18,915][core.metrics.meter][INFO] - Meter:
SequenceAccuracy:	0.954
TokenAccuracy:	1.000
LengthAccuracy:	0.954
1st Token Accuracy:	1.000
2nd Token Accuracy:	1.000
Average Loss:	0.055
[2021-10-27 18:29:18,916][core.trainer][INFO] - Computing metrics for 'gen' dataset
[2021-10-27 18:29:48,991][core.metrics.meter][INFO] - Meter:
SequenceAccuracy:	0.008
TokenAccuracy:	0.613
LengthAccuracy:	0.881
1st Token Accuracy:	0.115
2nd Token Accuracy:	1.000
Average Loss:	2.367
[2021-10-27 18:29:48,992][core.trainer][INFO] - EPOCH 44 / 50
[2021-10-27 18:29:48,992][core.trainer][INFO] - Computing metrics for 'train' dataset
[2021-10-27 18:30:09,012][core.trainer][INFO] - Computing metrics for 'val' dataset
[2021-10-27 18:30:11,936][core.metrics.meter][INFO] - Meter:
SequenceAccuracy:	0.953
TokenAccuracy:	1.000
LengthAccuracy:	0.953
1st Token Accuracy:	1.000
2nd Token Accuracy:	1.000
Average Loss:	0.055
[2021-10-27 18:30:12,004][core.early_stopping][INFO] - Early stopping counter: 16 / 5
[2021-10-27 18:30:12,029][core.early_stopping][INFO] - Pausing model saving until validation loss decreases by 0.0001
[2021-10-27 18:30:12,030][core.trainer][INFO] - Computing metrics for 'test' dataset
[2021-10-27 18:30:40,222][core.metrics.meter][INFO] - Meter:
SequenceAccuracy:	0.947
TokenAccuracy:	1.000
LengthAccuracy:	0.947
1st Token Accuracy:	1.000
2nd Token Accuracy:	1.000
Average Loss:	0.064
[2021-10-27 18:30:40,222][core.trainer][INFO] - Computing metrics for 'gen' dataset
[2021-10-27 18:31:10,571][core.metrics.meter][INFO] - Meter:
SequenceAccuracy:	0.009
TokenAccuracy:	0.613
LengthAccuracy:	0.882
1st Token Accuracy:	0.116
2nd Token Accuracy:	1.000
Average Loss:	2.366
[2021-10-27 18:31:10,571][core.trainer][INFO] - EPOCH 45 / 50
[2021-10-27 18:31:10,571][core.trainer][INFO] - Computing metrics for 'train' dataset
[2021-10-27 18:31:30,657][core.trainer][INFO] - Computing metrics for 'val' dataset
[2021-10-27 18:31:33,579][core.metrics.meter][INFO] - Meter:
SequenceAccuracy:	0.952
TokenAccuracy:	1.000
LengthAccuracy:	0.952
1st Token Accuracy:	1.000
2nd Token Accuracy:	1.000
Average Loss:	0.056
[2021-10-27 18:31:33,639][core.early_stopping][INFO] - Early stopping counter: 17 / 5
[2021-10-27 18:31:33,665][core.early_stopping][INFO] - Pausing model saving until validation loss decreases by 0.0001
[2021-10-27 18:31:33,665][core.trainer][INFO] - Computing metrics for 'test' dataset
[2021-10-27 18:32:01,932][core.metrics.meter][INFO] - Meter:
SequenceAccuracy:	0.956
TokenAccuracy:	1.000
LengthAccuracy:	0.956
1st Token Accuracy:	1.000
2nd Token Accuracy:	1.000
Average Loss:	0.053
[2021-10-27 18:32:01,933][core.trainer][INFO] - Computing metrics for 'gen' dataset
[2021-10-27 18:32:32,322][core.metrics.meter][INFO] - Meter:
SequenceAccuracy:	0.008
TokenAccuracy:	0.609
LengthAccuracy:	0.878
1st Token Accuracy:	0.112
2nd Token Accuracy:	1.000
Average Loss:	2.395
[2021-10-27 18:32:32,322][core.trainer][INFO] - EPOCH 46 / 50
[2021-10-27 18:32:32,322][core.trainer][INFO] - Computing metrics for 'train' dataset
[2021-10-27 18:32:52,505][core.trainer][INFO] - Computing metrics for 'val' dataset
[2021-10-27 18:32:55,420][core.metrics.meter][INFO] - Meter:
SequenceAccuracy:	0.952
TokenAccuracy:	1.000
LengthAccuracy:	0.953
1st Token Accuracy:	1.000
2nd Token Accuracy:	1.000
Average Loss:	0.056
[2021-10-27 18:32:55,481][core.early_stopping][INFO] - Early stopping counter: 18 / 5
[2021-10-27 18:32:55,506][core.early_stopping][INFO] - Pausing model saving until validation loss decreases by 0.0001
[2021-10-27 18:32:55,507][core.trainer][INFO] - Computing metrics for 'test' dataset
[2021-10-27 18:33:23,713][core.metrics.meter][INFO] - Meter:
SequenceAccuracy:	0.953
TokenAccuracy:	1.000
LengthAccuracy:	0.954
1st Token Accuracy:	1.000
2nd Token Accuracy:	1.000
Average Loss:	0.056
[2021-10-27 18:33:23,713][core.trainer][INFO] - Computing metrics for 'gen' dataset
[2021-10-27 18:33:54,078][core.metrics.meter][INFO] - Meter:
SequenceAccuracy:	0.007
TokenAccuracy:	0.606
LengthAccuracy:	0.873
1st Token Accuracy:	0.113
2nd Token Accuracy:	1.000
Average Loss:	2.418
[2021-10-27 18:33:54,078][core.trainer][INFO] - EPOCH 47 / 50
[2021-10-27 18:33:54,078][core.trainer][INFO] - Computing metrics for 'train' dataset
[2021-10-27 18:34:14,125][core.trainer][INFO] - Computing metrics for 'val' dataset
[2021-10-27 18:34:17,042][core.metrics.meter][INFO] - Meter:
SequenceAccuracy:	0.951
TokenAccuracy:	1.000
LengthAccuracy:	0.951
1st Token Accuracy:	1.000
2nd Token Accuracy:	1.000
Average Loss:	0.059
[2021-10-27 18:34:17,097][core.early_stopping][INFO] - Early stopping counter: 19 / 5
[2021-10-27 18:34:17,121][core.early_stopping][INFO] - Pausing model saving until validation loss decreases by 0.0001
[2021-10-27 18:34:17,121][core.trainer][INFO] - Computing metrics for 'test' dataset
[2021-10-27 18:34:45,326][core.metrics.meter][INFO] - Meter:
SequenceAccuracy:	0.949
TokenAccuracy:	1.000
LengthAccuracy:	0.950
1st Token Accuracy:	1.000
2nd Token Accuracy:	1.000
Average Loss:	0.059
[2021-10-27 18:34:45,327][core.trainer][INFO] - Computing metrics for 'gen' dataset
[2021-10-27 18:35:15,668][core.metrics.meter][INFO] - Meter:
SequenceAccuracy:	0.008
TokenAccuracy:	0.611
LengthAccuracy:	0.875
1st Token Accuracy:	0.113
2nd Token Accuracy:	1.000
Average Loss:	2.393
[2021-10-27 18:35:15,669][core.trainer][INFO] - EPOCH 48 / 50
[2021-10-27 18:35:15,669][core.trainer][INFO] - Computing metrics for 'train' dataset
[2021-10-27 18:35:35,805][core.trainer][INFO] - Computing metrics for 'val' dataset
[2021-10-27 18:35:38,717][core.metrics.meter][INFO] - Meter:
SequenceAccuracy:	0.950
TokenAccuracy:	1.000
LengthAccuracy:	0.950
1st Token Accuracy:	1.000
2nd Token Accuracy:	1.000
Average Loss:	0.059
[2021-10-27 18:35:38,776][core.early_stopping][INFO] - Early stopping counter: 20 / 5
[2021-10-27 18:35:38,802][core.early_stopping][INFO] - Pausing model saving until validation loss decreases by 0.0001
[2021-10-27 18:35:38,802][core.trainer][INFO] - Computing metrics for 'test' dataset
[2021-10-27 18:36:07,048][core.metrics.meter][INFO] - Meter:
SequenceAccuracy:	0.953
TokenAccuracy:	1.000
LengthAccuracy:	0.953
1st Token Accuracy:	1.000
2nd Token Accuracy:	1.000
Average Loss:	0.056
[2021-10-27 18:36:07,048][core.trainer][INFO] - Computing metrics for 'gen' dataset
[2021-10-27 18:36:37,474][core.metrics.meter][INFO] - Meter:
SequenceAccuracy:	0.007
TokenAccuracy:	0.607
LengthAccuracy:	0.883
1st Token Accuracy:	0.112
2nd Token Accuracy:	1.000
Average Loss:	2.417
[2021-10-27 18:36:37,474][core.trainer][INFO] - EPOCH 49 / 50
[2021-10-27 18:36:37,474][core.trainer][INFO] - Computing metrics for 'train' dataset
[2021-10-27 18:36:57,703][core.trainer][INFO] - Computing metrics for 'val' dataset
[2021-10-27 18:37:00,628][core.metrics.meter][INFO] - Meter:
SequenceAccuracy:	0.951
TokenAccuracy:	1.000
LengthAccuracy:	0.951
1st Token Accuracy:	1.000
2nd Token Accuracy:	1.000
Average Loss:	0.057
[2021-10-27 18:37:00,693][core.early_stopping][INFO] - Early stopping counter: 21 / 5
[2021-10-27 18:37:00,717][core.early_stopping][INFO] - Pausing model saving until validation loss decreases by 0.0001
[2021-10-27 18:37:00,718][core.trainer][INFO] - Computing metrics for 'test' dataset
[2021-10-27 18:37:28,959][core.metrics.meter][INFO] - Meter:
SequenceAccuracy:	0.952
TokenAccuracy:	1.000
LengthAccuracy:	0.952
1st Token Accuracy:	1.000
2nd Token Accuracy:	1.000
Average Loss:	0.057
[2021-10-27 18:37:28,959][core.trainer][INFO] - Computing metrics for 'gen' dataset
[2021-10-27 18:37:59,437][core.metrics.meter][INFO] - Meter:
SequenceAccuracy:	0.008
TokenAccuracy:	0.611
LengthAccuracy:	0.886
1st Token Accuracy:	0.114
2nd Token Accuracy:	1.000
Average Loss:	2.397
[2021-10-27 18:37:59,438][core.trainer][INFO] - EPOCH 50 / 50
[2021-10-27 18:37:59,438][core.trainer][INFO] - Computing metrics for 'train' dataset
[2021-10-27 18:38:19,580][core.trainer][INFO] - Computing metrics for 'val' dataset
[2021-10-27 18:38:22,503][core.metrics.meter][INFO] - Meter:
SequenceAccuracy:	0.950
TokenAccuracy:	1.000
LengthAccuracy:	0.950
1st Token Accuracy:	1.000
2nd Token Accuracy:	1.000
Average Loss:	0.060
[2021-10-27 18:38:22,559][core.early_stopping][INFO] - Early stopping counter: 22 / 5
[2021-10-27 18:38:22,583][core.early_stopping][INFO] - Pausing model saving until validation loss decreases by 0.0001
[2021-10-27 18:38:22,583][core.trainer][INFO] - Computing metrics for 'test' dataset
[2021-10-27 18:38:50,846][core.metrics.meter][INFO] - Meter:
SequenceAccuracy:	0.954
TokenAccuracy:	1.000
LengthAccuracy:	0.954
1st Token Accuracy:	1.000
2nd Token Accuracy:	1.000
Average Loss:	0.054
[2021-10-27 18:38:50,847][core.trainer][INFO] - Computing metrics for 'gen' dataset
[2021-10-27 18:39:21,237][core.metrics.meter][INFO] - Meter:
SequenceAccuracy:	0.005
TokenAccuracy:	0.605
LengthAccuracy:	0.860
1st Token Accuracy:	0.114
2nd Token Accuracy:	1.000
Average Loss:	2.439
