experiment:
  dataset:
    name: ms-question-en
    input: ms-question.tsv
    source_format: sequence
    target_format: sequence
    overwrite: false
    transform_field: target
    splits:
      train: 80
      test: 10
      val: 10
  hyperparameters:
    epochs: 50
    batch_size: 5
    lr: 0.001
    tolerance: 0.0001
    num_iters_eval: 1000
    min_iters: 30000
    patience: 5
    tf_ratio: 0.5
    cuda: 0
  model:
    name: Transformer
    encoder:
      unit: Transformer
      type: sequence
      dropout: 0
      num_layers: 1
      hidden_size: 256
      embedding_size: 256
      num_heads: 8
    decoder:
      unit: Transformer
      type: sequence
      dropout: 0
      num_layers: 1
      max_length: 30
      hidden_size: 256
      embedding_size: 256
      num_heads: 8
      attention: null
  name: qform-en-transformer-1layer
pretty_print: true

[2021-10-27 11:06:43,649][core.trainer][INFO] - DEVICE: cuda
[2021-10-27 11:06:43,649][core.dataset.base_dataset][INFO] - Initializing dataset
[2021-10-27 11:06:43,649][core.dataset.base_dataset][INFO] - Constructing fields from dataset.
[2021-10-27 11:06:46,683][core.trainer][INFO] - TransductionDataset(
 splits: [val (1000 sequences), train (100000 sequences), test (10000 sequences), gen (10000 sequences)]
 fields: [source, annotation, target]
)
[2021-10-27 11:06:46,683][core.models.base_model][INFO] - Initializing model
[2021-10-27 11:06:53,336][core.trainer][INFO] - TransductionModel(
  (_encoder): TransductionSequenceEncoder(
    (module): Sequential(
      (0): Sequential(
        (0): Embedding(68, 256)
        (1): PositionalEncoding(
          (dropout): Dropout(p=0.0, inplace=False)
        )
      )
      (1): TransformerEncoder(
        (layers): ModuleList(
          (0): TransformerEncoderLayer(
            (self_attn): MultiheadAttention(
              (out_proj): _LinearWithBias(in_features=256, out_features=256, bias=True)
            )
            (linear1): Linear(in_features=256, out_features=2048, bias=True)
            (dropout): Dropout(p=0.1, inplace=False)
            (linear2): Linear(in_features=2048, out_features=256, bias=True)
            (norm1): LayerNorm((256,), eps=1e-05, elementwise_affine=True)
            (norm2): LayerNorm((256,), eps=1e-05, elementwise_affine=True)
            (dropout1): Dropout(p=0.1, inplace=False)
            (dropout2): Dropout(p=0.1, inplace=False)
          )
        )
      )
    )
  )
  (_decoder): TransformerSequenceDecoder(
    (_embedding): Sequential(
      (0): Embedding(71, 256)
      (1): PositionalEncoding(
        (dropout): Dropout(p=0.0, inplace=False)
      )
    )
    (_unit): TransformerDecoder(
      (layers): ModuleList(
        (0): TransformerDecoderLayer(
          (self_attn): MultiheadAttention(
            (out_proj): _LinearWithBias(in_features=256, out_features=256, bias=True)
          )
          (multihead_attn): MultiheadAttention(
            (out_proj): _LinearWithBias(in_features=256, out_features=256, bias=True)
          )
          (linear1): Linear(in_features=256, out_features=2048, bias=True)
          (dropout): Dropout(p=0.0, inplace=False)
          (linear2): Linear(in_features=2048, out_features=256, bias=True)
          (norm1): LayerNorm((256,), eps=1e-05, elementwise_affine=True)
          (norm2): LayerNorm((256,), eps=1e-05, elementwise_affine=True)
          (norm3): LayerNorm((256,), eps=1e-05, elementwise_affine=True)
          (dropout1): Dropout(p=0.0, inplace=False)
          (dropout2): Dropout(p=0.0, inplace=False)
          (dropout3): Dropout(p=0.0, inplace=False)
        )
      )
    )
    (_out): Linear(in_features=256, out_features=71, bias=True)
  )
)
[2021-10-27 11:06:53,337][core.trainer][INFO] - Beginning training
[2021-10-27 11:06:53,340][core.metrics.meter][INFO] - Logging with tensorboard; view with `tensorboard --logdir=/scratch/lw2534/lab/transductions/outputs/qform-en-transformer-1layer/Transformer/2021-10-27_11-06-43/tensorboard`
[2021-10-27 11:06:53,344][core.trainer][INFO] - EPOCH 1 / 50
[2021-10-27 11:06:53,344][core.trainer][INFO] - Computing metrics for 'train' dataset
[2021-10-27 11:07:11,203][core.trainer][INFO] - Computing metrics for 'val' dataset
[2021-10-27 11:07:13,421][core.metrics.meter][INFO] - Meter:
SequenceAccuracy:	0.000
TokenAccuracy:	0.124
LengthAccuracy:	0.366
1st Token Accuracy:	0.121
2nd Token Accuracy:	0.042
Average Loss:	3.747
[2021-10-27 11:07:31,327][core.trainer][INFO] - Computing metrics for 'val' dataset
[2021-10-27 11:07:33,730][core.metrics.meter][INFO] - Meter:
SequenceAccuracy:	0.000
TokenAccuracy:	0.159
LengthAccuracy:	0.354
1st Token Accuracy:	0.239
2nd Token Accuracy:	0.083
Average Loss:	3.529
[2021-10-27 11:07:50,956][core.trainer][INFO] - Computing metrics for 'val' dataset
[2021-10-27 11:07:53,321][core.metrics.meter][INFO] - Meter:
SequenceAccuracy:	0.000
TokenAccuracy:	0.179
LengthAccuracy:	0.317
1st Token Accuracy:	0.405
2nd Token Accuracy:	0.105
Average Loss:	3.442
[2021-10-27 11:08:10,496][core.trainer][INFO] - Computing metrics for 'val' dataset
[2021-10-27 11:08:12,888][core.metrics.meter][INFO] - Meter:
SequenceAccuracy:	0.000
TokenAccuracy:	0.198
LengthAccuracy:	0.322
1st Token Accuracy:	0.550
2nd Token Accuracy:	0.114
Average Loss:	3.365
[2021-10-27 11:08:30,089][core.trainer][INFO] - Computing metrics for 'val' dataset
[2021-10-27 11:08:32,452][core.metrics.meter][INFO] - Meter:
SequenceAccuracy:	0.000
TokenAccuracy:	0.215
LengthAccuracy:	0.335
1st Token Accuracy:	0.639
2nd Token Accuracy:	0.123
Average Loss:	3.293
[2021-10-27 11:08:50,118][core.trainer][INFO] - Computing metrics for 'val' dataset
[2021-10-27 11:08:52,566][core.metrics.meter][INFO] - Meter:
SequenceAccuracy:	0.000
TokenAccuracy:	0.230
LengthAccuracy:	0.362
1st Token Accuracy:	0.681
2nd Token Accuracy:	0.156
Average Loss:	3.205
[2021-10-27 11:09:10,229][core.trainer][INFO] - Computing metrics for 'val' dataset
[2021-10-27 11:09:12,726][core.metrics.meter][INFO] - Meter:
SequenceAccuracy:	0.000
TokenAccuracy:	0.249
LengthAccuracy:	0.394
1st Token Accuracy:	0.735
2nd Token Accuracy:	0.187
Average Loss:	3.120
[2021-10-27 11:09:30,903][core.trainer][INFO] - Computing metrics for 'val' dataset
[2021-10-27 11:09:33,471][core.metrics.meter][INFO] - Meter:
SequenceAccuracy:	0.000
TokenAccuracy:	0.271
LengthAccuracy:	0.448
1st Token Accuracy:	0.790
2nd Token Accuracy:	0.224
Average Loss:	3.015
[2021-10-27 11:09:51,869][core.trainer][INFO] - Computing metrics for 'val' dataset
[2021-10-27 11:09:54,488][core.metrics.meter][INFO] - Meter:
SequenceAccuracy:	0.000
TokenAccuracy:	0.300
LengthAccuracy:	0.528
1st Token Accuracy:	0.864
2nd Token Accuracy:	0.263
Average Loss:	2.883
[2021-10-27 11:10:13,617][core.trainer][INFO] - Computing metrics for 'val' dataset
[2021-10-27 11:10:16,363][core.metrics.meter][INFO] - Meter:
SequenceAccuracy:	0.000
TokenAccuracy:	0.330
LengthAccuracy:	0.602
1st Token Accuracy:	0.952
2nd Token Accuracy:	0.318
Average Loss:	2.745
[2021-10-27 11:10:35,455][core.trainer][INFO] - Computing metrics for 'val' dataset
[2021-10-27 11:10:38,175][core.metrics.meter][INFO] - Meter:
SequenceAccuracy:	0.000
TokenAccuracy:	0.349
LengthAccuracy:	0.649
1st Token Accuracy:	0.972
2nd Token Accuracy:	0.377
Average Loss:	2.635
[2021-10-27 11:10:57,443][core.trainer][INFO] - Computing metrics for 'val' dataset
[2021-10-27 11:11:00,207][core.metrics.meter][INFO] - Meter:
SequenceAccuracy:	0.000
TokenAccuracy:	0.366
LengthAccuracy:	0.692
1st Token Accuracy:	0.980
2nd Token Accuracy:	0.417
Average Loss:	2.552
[2021-10-27 11:11:19,727][core.trainer][INFO] - Computing metrics for 'val' dataset
[2021-10-27 11:11:22,483][core.metrics.meter][INFO] - Meter:
SequenceAccuracy:	0.000
TokenAccuracy:	0.381
LengthAccuracy:	0.717
1st Token Accuracy:	0.985
2nd Token Accuracy:	0.425
Average Loss:	2.467
[2021-10-27 11:11:42,006][core.trainer][INFO] - Computing metrics for 'val' dataset
[2021-10-27 11:11:44,771][core.metrics.meter][INFO] - Meter:
SequenceAccuracy:	0.000
TokenAccuracy:	0.399
LengthAccuracy:	0.730
1st Token Accuracy:	0.988
2nd Token Accuracy:	0.415
Average Loss:	2.374
[2021-10-27 11:12:04,344][core.trainer][INFO] - Computing metrics for 'val' dataset
[2021-10-27 11:12:07,165][core.metrics.meter][INFO] - Meter:
SequenceAccuracy:	0.000
TokenAccuracy:	0.419
LengthAccuracy:	0.778
1st Token Accuracy:	0.989
2nd Token Accuracy:	0.436
Average Loss:	2.305
[2021-10-27 11:12:26,834][core.trainer][INFO] - Computing metrics for 'val' dataset
[2021-10-27 11:12:29,657][core.metrics.meter][INFO] - Meter:
SequenceAccuracy:	0.000
TokenAccuracy:	0.437
LengthAccuracy:	0.799
1st Token Accuracy:	0.994
2nd Token Accuracy:	0.472
Average Loss:	2.224
[2021-10-27 11:12:49,527][core.trainer][INFO] - Computing metrics for 'val' dataset
[2021-10-27 11:12:52,304][core.metrics.meter][INFO] - Meter:
SequenceAccuracy:	0.000
TokenAccuracy:	0.449
LengthAccuracy:	0.790
1st Token Accuracy:	0.995
2nd Token Accuracy:	0.499
Average Loss:	2.171
[2021-10-27 11:13:11,826][core.trainer][INFO] - Computing metrics for 'val' dataset
[2021-10-27 11:13:14,648][core.metrics.meter][INFO] - Meter:
SequenceAccuracy:	0.000
TokenAccuracy:	0.479
LengthAccuracy:	0.831
1st Token Accuracy:	0.996
2nd Token Accuracy:	0.566
Average Loss:	2.065
[2021-10-27 11:13:34,216][core.trainer][INFO] - Computing metrics for 'val' dataset
[2021-10-27 11:13:37,015][core.metrics.meter][INFO] - Meter:
SequenceAccuracy:	0.000
TokenAccuracy:	0.504
LengthAccuracy:	0.833
1st Token Accuracy:	0.994
2nd Token Accuracy:	0.608
Average Loss:	1.973
[2021-10-27 11:13:56,795][core.trainer][INFO] - Computing metrics for 'val' dataset
[2021-10-27 11:13:59,627][core.metrics.meter][INFO] - Meter:
SequenceAccuracy:	0.001
TokenAccuracy:	0.525
LengthAccuracy:	0.861
1st Token Accuracy:	0.997
2nd Token Accuracy:	0.650
Average Loss:	1.894
[2021-10-27 11:14:00,210][core.trainer][INFO] - Computing metrics for 'test' dataset
[2021-10-27 11:14:27,410][core.metrics.meter][INFO] - Meter:
SequenceAccuracy:	0.001
TokenAccuracy:	0.504
LengthAccuracy:	0.842
1st Token Accuracy:	0.997
2nd Token Accuracy:	0.663
Average Loss:	2.050
[2021-10-27 11:14:27,410][core.trainer][INFO] - Computing metrics for 'gen' dataset
[2021-10-27 11:14:56,831][core.metrics.meter][INFO] - Meter:
SequenceAccuracy:	0.000
TokenAccuracy:	0.438
LengthAccuracy:	0.770
1st Token Accuracy:	0.165
2nd Token Accuracy:	0.996
Average Loss:	2.273
[2021-10-27 11:14:56,860][core.trainer][INFO] - EPOCH 2 / 50
[2021-10-27 11:14:56,860][core.trainer][INFO] - Computing metrics for 'train' dataset
[2021-10-27 11:15:16,476][core.trainer][INFO] - Computing metrics for 'val' dataset
[2021-10-27 11:15:19,302][core.metrics.meter][INFO] - Meter:
SequenceAccuracy:	0.002
TokenAccuracy:	0.554
LengthAccuracy:	0.858
1st Token Accuracy:	0.997
2nd Token Accuracy:	0.703
Average Loss:	1.792
[2021-10-27 11:15:39,017][core.trainer][INFO] - Computing metrics for 'val' dataset
[2021-10-27 11:15:41,865][core.metrics.meter][INFO] - Meter:
SequenceAccuracy:	0.008
TokenAccuracy:	0.590
LengthAccuracy:	0.880
1st Token Accuracy:	0.996
2nd Token Accuracy:	0.743
Average Loss:	1.660
[2021-10-27 11:16:01,626][core.trainer][INFO] - Computing metrics for 'val' dataset
[2021-10-27 11:16:04,460][core.metrics.meter][INFO] - Meter:
SequenceAccuracy:	0.024
TokenAccuracy:	0.622
LengthAccuracy:	0.900
1st Token Accuracy:	0.996
2nd Token Accuracy:	0.796
Average Loss:	1.534
[2021-10-27 11:16:24,184][core.trainer][INFO] - Computing metrics for 'val' dataset
[2021-10-27 11:16:27,044][core.metrics.meter][INFO] - Meter:
SequenceAccuracy:	0.051
TokenAccuracy:	0.665
LengthAccuracy:	0.904
1st Token Accuracy:	0.998
2nd Token Accuracy:	0.862
Average Loss:	1.377
[2021-10-27 11:16:46,879][core.trainer][INFO] - Computing metrics for 'val' dataset
[2021-10-27 11:16:49,713][core.metrics.meter][INFO] - Meter:
SequenceAccuracy:	0.104
TokenAccuracy:	0.708
LengthAccuracy:	0.922
1st Token Accuracy:	0.998
2nd Token Accuracy:	0.922
Average Loss:	1.220
[2021-10-27 11:17:09,601][core.trainer][INFO] - Computing metrics for 'val' dataset
[2021-10-27 11:17:12,450][core.metrics.meter][INFO] - Meter:
SequenceAccuracy:	0.179
TokenAccuracy:	0.748
LengthAccuracy:	0.937
1st Token Accuracy:	0.998
2nd Token Accuracy:	0.962
Average Loss:	1.071
[2021-10-27 11:17:32,199][core.trainer][INFO] - Computing metrics for 'val' dataset
[2021-10-27 11:17:35,039][core.metrics.meter][INFO] - Meter:
SequenceAccuracy:	0.266
TokenAccuracy:	0.792
LengthAccuracy:	0.928
1st Token Accuracy:	0.998
2nd Token Accuracy:	0.980
Average Loss:	0.918
[2021-10-27 11:17:55,039][core.trainer][INFO] - Computing metrics for 'val' dataset
[2021-10-27 11:17:57,881][core.metrics.meter][INFO] - Meter:
SequenceAccuracy:	0.371
TokenAccuracy:	0.828
LengthAccuracy:	0.944
1st Token Accuracy:	0.999
2nd Token Accuracy:	0.994
Average Loss:	0.784
[2021-10-27 11:18:17,640][core.trainer][INFO] - Computing metrics for 'val' dataset
[2021-10-27 11:18:20,486][core.metrics.meter][INFO] - Meter:
SequenceAccuracy:	0.486
TokenAccuracy:	0.868
LengthAccuracy:	0.942
1st Token Accuracy:	0.998
2nd Token Accuracy:	0.998
Average Loss:	0.642
[2021-10-27 11:18:40,344][core.trainer][INFO] - Computing metrics for 'val' dataset
[2021-10-27 11:18:43,199][core.metrics.meter][INFO] - Meter:
SequenceAccuracy:	0.553
TokenAccuracy:	0.888
LengthAccuracy:	0.949
1st Token Accuracy:	1.000
2nd Token Accuracy:	0.999
Average Loss:	0.551
[2021-10-27 11:19:03,076][core.trainer][INFO] - Computing metrics for 'val' dataset
[2021-10-27 11:19:05,923][core.metrics.meter][INFO] - Meter:
SequenceAccuracy:	0.611
TokenAccuracy:	0.910
LengthAccuracy:	0.949
1st Token Accuracy:	0.999
2nd Token Accuracy:	0.999
Average Loss:	0.463
[2021-10-27 11:19:25,824][core.trainer][INFO] - Computing metrics for 'val' dataset
[2021-10-27 11:19:28,675][core.metrics.meter][INFO] - Meter:
SequenceAccuracy:	0.654
TokenAccuracy:	0.919
LengthAccuracy:	0.945
1st Token Accuracy:	1.000
2nd Token Accuracy:	1.000
Average Loss:	0.419
[2021-10-27 11:19:48,524][core.trainer][INFO] - Computing metrics for 'val' dataset
[2021-10-27 11:19:51,368][core.metrics.meter][INFO] - Meter:
SequenceAccuracy:	0.693
TokenAccuracy:	0.935
LengthAccuracy:	0.946
1st Token Accuracy:	1.000
2nd Token Accuracy:	1.000
Average Loss:	0.354
[2021-10-27 11:20:11,355][core.trainer][INFO] - Computing metrics for 'val' dataset
[2021-10-27 11:20:14,204][core.metrics.meter][INFO] - Meter:
SequenceAccuracy:	0.717
TokenAccuracy:	0.941
LengthAccuracy:	0.949
1st Token Accuracy:	1.000
2nd Token Accuracy:	1.000
Average Loss:	0.321
[2021-10-27 11:20:34,000][core.trainer][INFO] - Computing metrics for 'val' dataset
[2021-10-27 11:20:36,845][core.metrics.meter][INFO] - Meter:
SequenceAccuracy:	0.761
TokenAccuracy:	0.954
LengthAccuracy:	0.951
1st Token Accuracy:	0.999
2nd Token Accuracy:	1.000
Average Loss:	0.267
[2021-10-27 11:20:56,702][core.trainer][INFO] - Computing metrics for 'val' dataset
[2021-10-27 11:20:59,559][core.metrics.meter][INFO] - Meter:
SequenceAccuracy:	0.766
TokenAccuracy:	0.956
LengthAccuracy:	0.947
1st Token Accuracy:	1.000
2nd Token Accuracy:	1.000
Average Loss:	0.250
[2021-10-27 11:21:19,369][core.trainer][INFO] - Computing metrics for 'val' dataset
[2021-10-27 11:21:22,215][core.metrics.meter][INFO] - Meter:
SequenceAccuracy:	0.793
TokenAccuracy:	0.962
LengthAccuracy:	0.949
1st Token Accuracy:	1.000
2nd Token Accuracy:	1.000
Average Loss:	0.225
[2021-10-27 11:21:42,231][core.trainer][INFO] - Computing metrics for 'val' dataset
[2021-10-27 11:21:45,084][core.metrics.meter][INFO] - Meter:
SequenceAccuracy:	0.804
TokenAccuracy:	0.968
LengthAccuracy:	0.947
1st Token Accuracy:	1.000
2nd Token Accuracy:	1.000
Average Loss:	0.202
[2021-10-27 11:22:04,932][core.trainer][INFO] - Computing metrics for 'val' dataset
[2021-10-27 11:22:07,787][core.metrics.meter][INFO] - Meter:
SequenceAccuracy:	0.820
TokenAccuracy:	0.970
LengthAccuracy:	0.949
1st Token Accuracy:	1.000
2nd Token Accuracy:	1.000
Average Loss:	0.191
[2021-10-27 11:22:07,847][core.early_stopping][INFO] - Early stopping counter: 1 / 5
[2021-10-27 11:22:07,874][core.early_stopping][INFO] - Pausing model saving until validation loss decreases by 0.0001
[2021-10-27 11:22:27,496][core.trainer][INFO] - Computing metrics for 'val' dataset
[2021-10-27 11:22:30,350][core.metrics.meter][INFO] - Meter:
SequenceAccuracy:	0.840
TokenAccuracy:	0.974
LengthAccuracy:	0.952
1st Token Accuracy:	1.000
2nd Token Accuracy:	1.000
Average Loss:	0.175
[2021-10-27 11:22:30,574][core.trainer][INFO] - Computing metrics for 'test' dataset
[2021-10-27 11:22:58,088][core.metrics.meter][INFO] - Meter:
SequenceAccuracy:	0.846
TokenAccuracy:	0.971
LengthAccuracy:	0.953
1st Token Accuracy:	1.000
2nd Token Accuracy:	1.000
Average Loss:	0.187
[2021-10-27 11:22:58,088][core.trainer][INFO] - Computing metrics for 'gen' dataset
[2021-10-27 11:23:27,879][core.metrics.meter][INFO] - Meter:
SequenceAccuracy:	0.008
TokenAccuracy:	0.567
LengthAccuracy:	0.948
1st Token Accuracy:	0.102
2nd Token Accuracy:	1.000
Average Loss:	1.826
[2021-10-27 11:23:27,894][core.trainer][INFO] - EPOCH 3 / 50
[2021-10-27 11:23:27,894][core.trainer][INFO] - Computing metrics for 'train' dataset
[2021-10-27 11:23:47,608][core.trainer][INFO] - Computing metrics for 'val' dataset
[2021-10-27 11:23:50,454][core.metrics.meter][INFO] - Meter:
SequenceAccuracy:	0.854
TokenAccuracy:	0.980
LengthAccuracy:	0.947
1st Token Accuracy:	1.000
2nd Token Accuracy:	1.000
Average Loss:	0.159
[2021-10-27 11:24:10,331][core.trainer][INFO] - Computing metrics for 'val' dataset
[2021-10-27 11:24:13,180][core.metrics.meter][INFO] - Meter:
SequenceAccuracy:	0.861
TokenAccuracy:	0.981
LengthAccuracy:	0.949
1st Token Accuracy:	1.000
2nd Token Accuracy:	1.000
Average Loss:	0.151
[2021-10-27 11:24:33,063][core.trainer][INFO] - Computing metrics for 'val' dataset
[2021-10-27 11:24:35,916][core.metrics.meter][INFO] - Meter:
SequenceAccuracy:	0.875
TokenAccuracy:	0.983
LengthAccuracy:	0.951
1st Token Accuracy:	1.000
2nd Token Accuracy:	1.000
Average Loss:	0.138
[2021-10-27 11:24:55,780][core.trainer][INFO] - Computing metrics for 'val' dataset
[2021-10-27 11:24:58,634][core.metrics.meter][INFO] - Meter:
SequenceAccuracy:	0.882
TokenAccuracy:	0.985
LengthAccuracy:	0.951
1st Token Accuracy:	1.000
2nd Token Accuracy:	1.000
Average Loss:	0.135
[2021-10-27 11:25:18,506][core.trainer][INFO] - Computing metrics for 'val' dataset
[2021-10-27 11:25:21,352][core.metrics.meter][INFO] - Meter:
SequenceAccuracy:	0.895
TokenAccuracy:	0.987
LengthAccuracy:	0.954
1st Token Accuracy:	1.000
2nd Token Accuracy:	1.000
Average Loss:	0.118
[2021-10-27 11:25:41,306][core.trainer][INFO] - Computing metrics for 'val' dataset
[2021-10-27 11:25:44,152][core.metrics.meter][INFO] - Meter:
SequenceAccuracy:	0.894
TokenAccuracy:	0.988
LengthAccuracy:	0.951
1st Token Accuracy:	1.000
2nd Token Accuracy:	1.000
Average Loss:	0.120
[2021-10-27 11:26:03,974][core.trainer][INFO] - Computing metrics for 'val' dataset
[2021-10-27 11:26:06,822][core.metrics.meter][INFO] - Meter:
SequenceAccuracy:	0.906
TokenAccuracy:	0.990
LengthAccuracy:	0.955
1st Token Accuracy:	1.000
2nd Token Accuracy:	1.000
Average Loss:	0.101
[2021-10-27 11:26:27,006][core.trainer][INFO] - Computing metrics for 'val' dataset
[2021-10-27 11:26:29,856][core.metrics.meter][INFO] - Meter:
SequenceAccuracy:	0.903
TokenAccuracy:	0.989
LengthAccuracy:	0.954
1st Token Accuracy:	1.000
2nd Token Accuracy:	1.000
Average Loss:	0.106
[2021-10-27 11:26:29,917][core.early_stopping][INFO] - Early stopping counter: 1 / 5
[2021-10-27 11:26:29,942][core.early_stopping][INFO] - Pausing model saving until validation loss decreases by 0.0001
[2021-10-27 11:26:49,557][core.trainer][INFO] - Computing metrics for 'val' dataset
[2021-10-27 11:26:52,405][core.metrics.meter][INFO] - Meter:
SequenceAccuracy:	0.908
TokenAccuracy:	0.991
LengthAccuracy:	0.955
1st Token Accuracy:	1.000
2nd Token Accuracy:	1.000
Average Loss:	0.097
[2021-10-27 11:27:12,467][core.trainer][INFO] - Computing metrics for 'val' dataset
[2021-10-27 11:27:15,322][core.metrics.meter][INFO] - Meter:
SequenceAccuracy:	0.911
TokenAccuracy:	0.992
LengthAccuracy:	0.952
1st Token Accuracy:	1.000
2nd Token Accuracy:	1.000
Average Loss:	0.098
[2021-10-27 11:27:15,387][core.early_stopping][INFO] - Early stopping counter: 1 / 5
[2021-10-27 11:27:15,413][core.early_stopping][INFO] - Pausing model saving until validation loss decreases by 0.0001
[2021-10-27 11:27:35,062][core.trainer][INFO] - Computing metrics for 'val' dataset
[2021-10-27 11:27:37,919][core.metrics.meter][INFO] - Meter:
SequenceAccuracy:	0.912
TokenAccuracy:	0.992
LengthAccuracy:	0.951
1st Token Accuracy:	0.999
2nd Token Accuracy:	1.000
Average Loss:	0.094
[2021-10-27 11:27:37,979][core.early_stopping][INFO] - Early stopping counter: 2 / 5
[2021-10-27 11:27:38,004][core.early_stopping][INFO] - Pausing model saving until validation loss decreases by 0.0001
[2021-10-27 11:27:57,607][core.trainer][INFO] - Computing metrics for 'val' dataset
[2021-10-27 11:28:00,454][core.metrics.meter][INFO] - Meter:
SequenceAccuracy:	0.914
TokenAccuracy:	0.993
LengthAccuracy:	0.950
1st Token Accuracy:	1.000
2nd Token Accuracy:	1.000
Average Loss:	0.094
[2021-10-27 11:28:00,553][core.early_stopping][INFO] - Early stopping counter: 3 / 5
[2021-10-27 11:28:00,553][core.early_stopping][INFO] - Pausing model saving until validation loss decreases by 0.0001
[2021-10-27 11:28:20,186][core.trainer][INFO] - Computing metrics for 'val' dataset
[2021-10-27 11:28:23,045][core.metrics.meter][INFO] - Meter:
SequenceAccuracy:	0.917
TokenAccuracy:	0.993
LengthAccuracy:	0.952
1st Token Accuracy:	0.999
2nd Token Accuracy:	1.000
Average Loss:	0.093
[2021-10-27 11:28:23,105][core.early_stopping][INFO] - Early stopping counter: 4 / 5
[2021-10-27 11:28:23,133][core.early_stopping][INFO] - Pausing model saving until validation loss decreases by 0.0001
[2021-10-27 11:28:42,642][core.trainer][INFO] - Computing metrics for 'val' dataset
[2021-10-27 11:28:45,492][core.metrics.meter][INFO] - Meter:
SequenceAccuracy:	0.925
TokenAccuracy:	0.994
LengthAccuracy:	0.951
1st Token Accuracy:	1.000
2nd Token Accuracy:	1.000
Average Loss:	0.087
[2021-10-27 11:28:45,552][core.early_stopping][INFO] - Early stopping counter: 5 / 5
[2021-10-27 11:28:45,578][core.early_stopping][INFO] - Pausing model saving until validation loss decreases by 0.0001
[2021-10-27 11:28:45,578][core.trainer][INFO] - Computing metrics for 'test' dataset
[2021-10-27 11:29:13,096][core.metrics.meter][INFO] - Meter:
SequenceAccuracy:	0.923
TokenAccuracy:	0.993
LengthAccuracy:	0.953
1st Token Accuracy:	1.000
2nd Token Accuracy:	1.000
Average Loss:	0.091
[2021-10-27 11:29:13,126][core.trainer][INFO] - Computing metrics for 'gen' dataset
[2021-10-27 11:29:42,897][core.metrics.meter][INFO] - Meter:
SequenceAccuracy:	0.004
TokenAccuracy:	0.599
LengthAccuracy:	0.956
1st Token Accuracy:	0.100
2nd Token Accuracy:	1.000
Average Loss:	1.908
[2021-10-27 11:29:42,909][core.trainer][INFO] - EPOCH 4 / 50
[2021-10-27 11:29:42,909][core.trainer][INFO] - Computing metrics for 'train' dataset
[2021-10-27 11:30:02,605][core.trainer][INFO] - Computing metrics for 'val' dataset
[2021-10-27 11:30:05,456][core.metrics.meter][INFO] - Meter:
SequenceAccuracy:	0.924
TokenAccuracy:	0.994
LengthAccuracy:	0.952
1st Token Accuracy:	0.999
2nd Token Accuracy:	1.000
Average Loss:	0.084
[2021-10-27 11:30:05,535][core.early_stopping][INFO] - Early stopping counter: 6 / 5
[2021-10-27 11:30:05,535][core.early_stopping][INFO] - Pausing model saving until validation loss decreases by 0.0001
[2021-10-27 11:30:05,536][core.trainer][INFO] - Computing metrics for 'test' dataset
[2021-10-27 11:30:33,078][core.metrics.meter][INFO] - Meter:
SequenceAccuracy:	0.918
TokenAccuracy:	0.993
LengthAccuracy:	0.946
1st Token Accuracy:	1.000
2nd Token Accuracy:	1.000
Average Loss:	0.097
[2021-10-27 11:30:33,094][core.trainer][INFO] - Computing metrics for 'gen' dataset
[2021-10-27 11:31:02,898][core.metrics.meter][INFO] - Meter:
SequenceAccuracy:	0.005
TokenAccuracy:	0.596
LengthAccuracy:	0.934
1st Token Accuracy:	0.097
2nd Token Accuracy:	1.000
Average Loss:	1.938
[2021-10-27 11:31:02,910][core.trainer][INFO] - EPOCH 5 / 50
[2021-10-27 11:31:02,910][core.trainer][INFO] - Computing metrics for 'train' dataset
[2021-10-27 11:31:22,766][core.trainer][INFO] - Computing metrics for 'val' dataset
[2021-10-27 11:31:25,620][core.metrics.meter][INFO] - Meter:
SequenceAccuracy:	0.922
TokenAccuracy:	0.995
LengthAccuracy:	0.949
1st Token Accuracy:	1.000
2nd Token Accuracy:	1.000
Average Loss:	0.088
[2021-10-27 11:31:45,558][core.trainer][INFO] - Computing metrics for 'val' dataset
[2021-10-27 11:31:48,407][core.metrics.meter][INFO] - Meter:
SequenceAccuracy:	0.926
TokenAccuracy:	0.996
LengthAccuracy:	0.949
1st Token Accuracy:	1.000
2nd Token Accuracy:	1.000
Average Loss:	0.085
[2021-10-27 11:32:08,237][core.trainer][INFO] - Computing metrics for 'val' dataset
[2021-10-27 11:32:11,083][core.metrics.meter][INFO] - Meter:
SequenceAccuracy:	0.932
TokenAccuracy:	0.996
LengthAccuracy:	0.956
1st Token Accuracy:	1.000
2nd Token Accuracy:	1.000
Average Loss:	0.076
[2021-10-27 11:32:11,143][core.early_stopping][INFO] - Early stopping counter: 1 / 5
[2021-10-27 11:32:11,169][core.early_stopping][INFO] - Pausing model saving until validation loss decreases by 0.0001
[2021-10-27 11:32:30,807][core.trainer][INFO] - Computing metrics for 'val' dataset
[2021-10-27 11:32:33,661][core.metrics.meter][INFO] - Meter:
SequenceAccuracy:	0.928
TokenAccuracy:	0.995
LengthAccuracy:	0.951
1st Token Accuracy:	0.999
2nd Token Accuracy:	1.000
Average Loss:	0.084
[2021-10-27 11:32:33,750][core.early_stopping][INFO] - Early stopping counter: 2 / 5
[2021-10-27 11:32:33,750][core.early_stopping][INFO] - Pausing model saving until validation loss decreases by 0.0001
[2021-10-27 11:32:53,354][core.trainer][INFO] - Computing metrics for 'val' dataset
[2021-10-27 11:32:56,201][core.metrics.meter][INFO] - Meter:
SequenceAccuracy:	0.928
TokenAccuracy:	0.996
LengthAccuracy:	0.952
1st Token Accuracy:	0.999
2nd Token Accuracy:	1.000
Average Loss:	0.080
[2021-10-27 11:32:56,283][core.early_stopping][INFO] - Early stopping counter: 3 / 5
[2021-10-27 11:32:56,283][core.early_stopping][INFO] - Pausing model saving until validation loss decreases by 0.0001
[2021-10-27 11:33:15,863][core.trainer][INFO] - Computing metrics for 'val' dataset
[2021-10-27 11:33:18,715][core.metrics.meter][INFO] - Meter:
SequenceAccuracy:	0.938
TokenAccuracy:	0.997
LengthAccuracy:	0.958
1st Token Accuracy:	1.000
2nd Token Accuracy:	1.000
Average Loss:	0.067
[2021-10-27 11:33:18,811][core.early_stopping][INFO] - Early stopping counter: 4 / 5
[2021-10-27 11:33:18,811][core.early_stopping][INFO] - Pausing model saving until validation loss decreases by 0.0001
[2021-10-27 11:33:38,474][core.trainer][INFO] - Computing metrics for 'val' dataset
[2021-10-27 11:33:41,317][core.metrics.meter][INFO] - Meter:
SequenceAccuracy:	0.927
TokenAccuracy:	0.996
LengthAccuracy:	0.949
1st Token Accuracy:	1.000
2nd Token Accuracy:	1.000
Average Loss:	0.078
[2021-10-27 11:33:41,377][core.early_stopping][INFO] - Early stopping counter: 5 / 5
[2021-10-27 11:33:41,403][core.early_stopping][INFO] - Pausing model saving until validation loss decreases by 0.0001
[2021-10-27 11:33:41,403][core.trainer][INFO] - Computing metrics for 'test' dataset
[2021-10-27 11:34:08,926][core.metrics.meter][INFO] - Meter:
SequenceAccuracy:	0.926
TokenAccuracy:	0.995
LengthAccuracy:	0.946
1st Token Accuracy:	1.000
2nd Token Accuracy:	1.000
Average Loss:	0.089
[2021-10-27 11:34:08,931][core.trainer][INFO] - Computing metrics for 'gen' dataset
[2021-10-27 11:34:38,710][core.metrics.meter][INFO] - Meter:
SequenceAccuracy:	0.005
TokenAccuracy:	0.598
LengthAccuracy:	0.940
1st Token Accuracy:	0.101
2nd Token Accuracy:	1.000
Average Loss:	1.998
[2021-10-27 11:34:38,737][core.trainer][INFO] - EPOCH 6 / 50
[2021-10-27 11:34:38,737][core.trainer][INFO] - Computing metrics for 'train' dataset
[2021-10-27 11:34:58,443][core.trainer][INFO] - Computing metrics for 'val' dataset
[2021-10-27 11:35:01,293][core.metrics.meter][INFO] - Meter:
SequenceAccuracy:	0.929
TokenAccuracy:	0.997
LengthAccuracy:	0.947
1st Token Accuracy:	0.999
2nd Token Accuracy:	1.000
Average Loss:	0.079
[2021-10-27 11:35:01,365][core.early_stopping][INFO] - Early stopping counter: 6 / 5
[2021-10-27 11:35:01,391][core.early_stopping][INFO] - Pausing model saving until validation loss decreases by 0.0001
[2021-10-27 11:35:01,391][core.trainer][INFO] - Computing metrics for 'test' dataset
[2021-10-27 11:35:28,927][core.metrics.meter][INFO] - Meter:
SequenceAccuracy:	0.934
TokenAccuracy:	0.996
LengthAccuracy:	0.953
1st Token Accuracy:	1.000
2nd Token Accuracy:	1.000
Average Loss:	0.075
[2021-10-27 11:35:28,941][core.trainer][INFO] - Computing metrics for 'gen' dataset
[2021-10-27 11:35:58,767][core.metrics.meter][INFO] - Meter:
SequenceAccuracy:	0.005
TokenAccuracy:	0.601
LengthAccuracy:	0.936
1st Token Accuracy:	0.099
2nd Token Accuracy:	1.000
Average Loss:	2.001
[2021-10-27 11:35:58,767][core.trainer][INFO] - EPOCH 7 / 50
[2021-10-27 11:35:58,767][core.trainer][INFO] - Computing metrics for 'train' dataset
[2021-10-27 11:36:18,430][core.trainer][INFO] - Computing metrics for 'val' dataset
[2021-10-27 11:36:21,283][core.metrics.meter][INFO] - Meter:
SequenceAccuracy:	0.933
TokenAccuracy:	0.998
LengthAccuracy:	0.949
1st Token Accuracy:	1.000
2nd Token Accuracy:	1.000
Average Loss:	0.074
[2021-10-27 11:36:21,343][core.early_stopping][INFO] - Early stopping counter: 7 / 5
[2021-10-27 11:36:21,369][core.early_stopping][INFO] - Pausing model saving until validation loss decreases by 0.0001
[2021-10-27 11:36:21,382][core.trainer][INFO] - Computing metrics for 'test' dataset
[2021-10-27 11:36:48,885][core.metrics.meter][INFO] - Meter:
SequenceAccuracy:	0.937
TokenAccuracy:	0.996
LengthAccuracy:	0.956
1st Token Accuracy:	1.000
2nd Token Accuracy:	1.000
Average Loss:	0.072
[2021-10-27 11:36:48,886][core.trainer][INFO] - Computing metrics for 'gen' dataset
[2021-10-27 11:37:18,601][core.metrics.meter][INFO] - Meter:
SequenceAccuracy:	0.005
TokenAccuracy:	0.599
LengthAccuracy:	0.941
1st Token Accuracy:	0.100
2nd Token Accuracy:	1.000
Average Loss:	2.013
[2021-10-27 11:37:18,602][core.trainer][INFO] - EPOCH 8 / 50
[2021-10-27 11:37:18,602][core.trainer][INFO] - Computing metrics for 'train' dataset
[2021-10-27 11:37:38,318][core.trainer][INFO] - Computing metrics for 'val' dataset
[2021-10-27 11:37:41,169][core.metrics.meter][INFO] - Meter:
SequenceAccuracy:	0.940
TokenAccuracy:	0.997
LengthAccuracy:	0.957
1st Token Accuracy:	1.000
2nd Token Accuracy:	1.000
Average Loss:	0.067
[2021-10-27 11:37:41,236][core.early_stopping][INFO] - Early stopping counter: 8 / 5
[2021-10-27 11:37:41,261][core.early_stopping][INFO] - Pausing model saving until validation loss decreases by 0.0001
[2021-10-27 11:37:41,261][core.trainer][INFO] - Computing metrics for 'test' dataset
[2021-10-27 11:38:08,804][core.metrics.meter][INFO] - Meter:
SequenceAccuracy:	0.935
TokenAccuracy:	0.997
LengthAccuracy:	0.951
1st Token Accuracy:	1.000
2nd Token Accuracy:	1.000
Average Loss:	0.075
[2021-10-27 11:38:08,804][core.trainer][INFO] - Computing metrics for 'gen' dataset
[2021-10-27 11:38:38,580][core.metrics.meter][INFO] - Meter:
SequenceAccuracy:	0.006
TokenAccuracy:	0.603
LengthAccuracy:	0.938
1st Token Accuracy:	0.102
2nd Token Accuracy:	1.000
Average Loss:	2.008
[2021-10-27 11:38:38,591][core.trainer][INFO] - EPOCH 9 / 50
[2021-10-27 11:38:38,591][core.trainer][INFO] - Computing metrics for 'train' dataset
[2021-10-27 11:38:58,378][core.trainer][INFO] - Computing metrics for 'val' dataset
[2021-10-27 11:39:01,231][core.metrics.meter][INFO] - Meter:
SequenceAccuracy:	0.940
TokenAccuracy:	0.997
LengthAccuracy:	0.955
1st Token Accuracy:	1.000
2nd Token Accuracy:	1.000
Average Loss:	0.070
[2021-10-27 11:39:01,290][core.early_stopping][INFO] - Early stopping counter: 9 / 5
[2021-10-27 11:39:01,316][core.early_stopping][INFO] - Pausing model saving until validation loss decreases by 0.0001
[2021-10-27 11:39:01,316][core.trainer][INFO] - Computing metrics for 'test' dataset
[2021-10-27 11:39:28,829][core.metrics.meter][INFO] - Meter:
SequenceAccuracy:	0.936
TokenAccuracy:	0.997
LengthAccuracy:	0.952
1st Token Accuracy:	1.000
2nd Token Accuracy:	1.000
Average Loss:	0.074
[2021-10-27 11:39:28,843][core.trainer][INFO] - Computing metrics for 'gen' dataset
[2021-10-27 11:39:58,603][core.metrics.meter][INFO] - Meter:
SequenceAccuracy:	0.006
TokenAccuracy:	0.603
LengthAccuracy:	0.935
1st Token Accuracy:	0.097
2nd Token Accuracy:	1.000
Average Loss:	2.007
[2021-10-27 11:39:58,659][core.trainer][INFO] - EPOCH 10 / 50
[2021-10-27 11:39:58,659][core.trainer][INFO] - Computing metrics for 'train' dataset
[2021-10-27 11:40:18,520][core.trainer][INFO] - Computing metrics for 'val' dataset
[2021-10-27 11:40:21,376][core.metrics.meter][INFO] - Meter:
SequenceAccuracy:	0.937
TokenAccuracy:	0.997
LengthAccuracy:	0.952
1st Token Accuracy:	1.000
2nd Token Accuracy:	1.000
Average Loss:	0.074
[2021-10-27 11:40:21,439][core.early_stopping][INFO] - Early stopping counter: 10 / 5
[2021-10-27 11:40:21,464][core.early_stopping][INFO] - Pausing model saving until validation loss decreases by 0.0001
[2021-10-27 11:40:21,464][core.trainer][INFO] - Computing metrics for 'test' dataset
[2021-10-27 11:40:49,016][core.metrics.meter][INFO] - Meter:
SequenceAccuracy:	0.936
TokenAccuracy:	0.997
LengthAccuracy:	0.951
1st Token Accuracy:	1.000
2nd Token Accuracy:	1.000
Average Loss:	0.073
[2021-10-27 11:40:49,017][core.trainer][INFO] - Computing metrics for 'gen' dataset
[2021-10-27 11:41:18,818][core.metrics.meter][INFO] - Meter:
SequenceAccuracy:	0.007
TokenAccuracy:	0.603
LengthAccuracy:	0.943
1st Token Accuracy:	0.101
2nd Token Accuracy:	1.000
Average Loss:	2.025
[2021-10-27 11:41:18,819][core.trainer][INFO] - EPOCH 11 / 50
[2021-10-27 11:41:18,819][core.trainer][INFO] - Computing metrics for 'train' dataset
[2021-10-27 11:41:38,609][core.trainer][INFO] - Computing metrics for 'val' dataset
[2021-10-27 11:41:41,459][core.metrics.meter][INFO] - Meter:
SequenceAccuracy:	0.934
TokenAccuracy:	0.998
LengthAccuracy:	0.948
1st Token Accuracy:	1.000
2nd Token Accuracy:	1.000
Average Loss:	0.073
[2021-10-27 11:42:01,415][core.trainer][INFO] - Computing metrics for 'val' dataset
[2021-10-27 11:42:04,268][core.metrics.meter][INFO] - Meter:
SequenceAccuracy:	0.942
TokenAccuracy:	0.998
LengthAccuracy:	0.955
1st Token Accuracy:	1.000
2nd Token Accuracy:	1.000
Average Loss:	0.067
[2021-10-27 11:42:24,210][core.trainer][INFO] - Computing metrics for 'val' dataset
[2021-10-27 11:42:27,060][core.metrics.meter][INFO] - Meter:
SequenceAccuracy:	0.940
TokenAccuracy:	0.998
LengthAccuracy:	0.953
1st Token Accuracy:	1.000
2nd Token Accuracy:	1.000
Average Loss:	0.070
[2021-10-27 11:42:27,120][core.early_stopping][INFO] - Early stopping counter: 1 / 5
[2021-10-27 11:42:27,145][core.early_stopping][INFO] - Pausing model saving until validation loss decreases by 0.0001
[2021-10-27 11:42:46,795][core.trainer][INFO] - Computing metrics for 'val' dataset
[2021-10-27 11:42:49,647][core.metrics.meter][INFO] - Meter:
SequenceAccuracy:	0.941
TokenAccuracy:	0.998
LengthAccuracy:	0.954
1st Token Accuracy:	1.000
2nd Token Accuracy:	1.000
Average Loss:	0.068
[2021-10-27 11:43:09,442][core.trainer][INFO] - Computing metrics for 'val' dataset
[2021-10-27 11:43:12,291][core.metrics.meter][INFO] - Meter:
SequenceAccuracy:	0.942
TokenAccuracy:	0.998
LengthAccuracy:	0.954
1st Token Accuracy:	1.000
2nd Token Accuracy:	1.000
Average Loss:	0.067
[2021-10-27 11:43:12,351][core.early_stopping][INFO] - Early stopping counter: 1 / 5
[2021-10-27 11:43:12,376][core.early_stopping][INFO] - Pausing model saving until validation loss decreases by 0.0001
[2021-10-27 11:43:32,033][core.trainer][INFO] - Computing metrics for 'val' dataset
[2021-10-27 11:43:34,878][core.metrics.meter][INFO] - Meter:
SequenceAccuracy:	0.947
TokenAccuracy:	0.998
LengthAccuracy:	0.957
1st Token Accuracy:	1.000
2nd Token Accuracy:	1.000
Average Loss:	0.061
[2021-10-27 11:43:54,854][core.trainer][INFO] - Computing metrics for 'val' dataset
[2021-10-27 11:43:57,706][core.metrics.meter][INFO] - Meter:
SequenceAccuracy:	0.948
TokenAccuracy:	0.998
LengthAccuracy:	0.959
1st Token Accuracy:	1.000
2nd Token Accuracy:	1.000
Average Loss:	0.059
[2021-10-27 11:43:57,766][core.early_stopping][INFO] - Early stopping counter: 1 / 5
[2021-10-27 11:43:57,792][core.early_stopping][INFO] - Pausing model saving until validation loss decreases by 0.0001
[2021-10-27 11:44:17,309][core.trainer][INFO] - Computing metrics for 'val' dataset
[2021-10-27 11:44:20,159][core.metrics.meter][INFO] - Meter:
SequenceAccuracy:	0.947
TokenAccuracy:	0.998
LengthAccuracy:	0.957
1st Token Accuracy:	1.000
2nd Token Accuracy:	1.000
Average Loss:	0.061
[2021-10-27 11:44:20,219][core.early_stopping][INFO] - Early stopping counter: 2 / 5
[2021-10-27 11:44:20,244][core.early_stopping][INFO] - Pausing model saving until validation loss decreases by 0.0001
[2021-10-27 11:44:39,904][core.trainer][INFO] - Computing metrics for 'val' dataset
[2021-10-27 11:44:42,755][core.metrics.meter][INFO] - Meter:
SequenceAccuracy:	0.947
TokenAccuracy:	0.999
LengthAccuracy:	0.956
1st Token Accuracy:	1.000
2nd Token Accuracy:	1.000
Average Loss:	0.065
[2021-10-27 11:44:42,821][core.early_stopping][INFO] - Early stopping counter: 3 / 5
[2021-10-27 11:44:42,846][core.early_stopping][INFO] - Pausing model saving until validation loss decreases by 0.0001
[2021-10-27 11:45:02,524][core.trainer][INFO] - Computing metrics for 'val' dataset
[2021-10-27 11:45:05,373][core.metrics.meter][INFO] - Meter:
SequenceAccuracy:	0.944
TokenAccuracy:	0.998
LengthAccuracy:	0.954
1st Token Accuracy:	1.000
2nd Token Accuracy:	1.000
Average Loss:	0.066
[2021-10-27 11:45:05,433][core.early_stopping][INFO] - Early stopping counter: 4 / 5
[2021-10-27 11:45:05,459][core.early_stopping][INFO] - Pausing model saving until validation loss decreases by 0.0001
[2021-10-27 11:45:25,089][core.trainer][INFO] - Computing metrics for 'val' dataset
[2021-10-27 11:45:27,936][core.metrics.meter][INFO] - Meter:
SequenceAccuracy:	0.945
TokenAccuracy:	0.998
LengthAccuracy:	0.953
1st Token Accuracy:	1.000
2nd Token Accuracy:	1.000
Average Loss:	0.064
[2021-10-27 11:45:28,009][core.early_stopping][INFO] - Early stopping counter: 5 / 5
[2021-10-27 11:45:28,035][core.early_stopping][INFO] - Pausing model saving until validation loss decreases by 0.0001
[2021-10-27 11:45:28,036][core.trainer][INFO] - Computing metrics for 'test' dataset
[2021-10-27 11:45:55,592][core.metrics.meter][INFO] - Meter:
SequenceAccuracy:	0.945
TokenAccuracy:	0.998
LengthAccuracy:	0.954
1st Token Accuracy:	1.000
2nd Token Accuracy:	1.000
Average Loss:	0.064
[2021-10-27 11:45:55,593][core.trainer][INFO] - Computing metrics for 'gen' dataset
[2021-10-27 11:46:25,357][core.metrics.meter][INFO] - Meter:
SequenceAccuracy:	0.005
TokenAccuracy:	0.600
LengthAccuracy:	0.927
1st Token Accuracy:	0.105
2nd Token Accuracy:	1.000
Average Loss:	2.112
[2021-10-27 11:46:25,358][core.trainer][INFO] - EPOCH 12 / 50
[2021-10-27 11:46:25,358][core.trainer][INFO] - Computing metrics for 'train' dataset
[2021-10-27 11:46:45,082][core.trainer][INFO] - Computing metrics for 'val' dataset
[2021-10-27 11:46:47,935][core.metrics.meter][INFO] - Meter:
SequenceAccuracy:	0.942
TokenAccuracy:	0.999
LengthAccuracy:	0.950
1st Token Accuracy:	1.000
2nd Token Accuracy:	1.000
Average Loss:	0.072
[2021-10-27 11:46:47,995][core.early_stopping][INFO] - Early stopping counter: 6 / 5
[2021-10-27 11:46:48,020][core.early_stopping][INFO] - Pausing model saving until validation loss decreases by 0.0001
[2021-10-27 11:46:48,020][core.trainer][INFO] - Computing metrics for 'test' dataset
[2021-10-27 11:47:15,528][core.metrics.meter][INFO] - Meter:
SequenceAccuracy:	0.946
TokenAccuracy:	0.998
LengthAccuracy:	0.954
1st Token Accuracy:	1.000
2nd Token Accuracy:	1.000
Average Loss:	0.065
[2021-10-27 11:47:15,546][core.trainer][INFO] - Computing metrics for 'gen' dataset
[2021-10-27 11:47:45,262][core.metrics.meter][INFO] - Meter:
SequenceAccuracy:	0.007
TokenAccuracy:	0.602
LengthAccuracy:	0.932
1st Token Accuracy:	0.106
2nd Token Accuracy:	1.000
Average Loss:	2.114
[2021-10-27 11:47:45,279][core.trainer][INFO] - EPOCH 13 / 50
[2021-10-27 11:47:45,279][core.trainer][INFO] - Computing metrics for 'train' dataset
[2021-10-27 11:48:05,076][core.trainer][INFO] - Computing metrics for 'val' dataset
[2021-10-27 11:48:07,930][core.metrics.meter][INFO] - Meter:
SequenceAccuracy:	0.941
TokenAccuracy:	0.999
LengthAccuracy:	0.949
1st Token Accuracy:	1.000
2nd Token Accuracy:	1.000
Average Loss:	0.069
[2021-10-27 11:48:07,997][core.early_stopping][INFO] - Early stopping counter: 7 / 5
[2021-10-27 11:48:08,023][core.early_stopping][INFO] - Pausing model saving until validation loss decreases by 0.0001
[2021-10-27 11:48:08,023][core.trainer][INFO] - Computing metrics for 'test' dataset
[2021-10-27 11:48:35,549][core.metrics.meter][INFO] - Meter:
SequenceAccuracy:	0.944
TokenAccuracy:	0.999
LengthAccuracy:	0.952
1st Token Accuracy:	1.000
2nd Token Accuracy:	1.000
Average Loss:	0.068
[2021-10-27 11:48:35,589][core.trainer][INFO] - Computing metrics for 'gen' dataset
[2021-10-27 11:49:05,378][core.metrics.meter][INFO] - Meter:
SequenceAccuracy:	0.008
TokenAccuracy:	0.606
LengthAccuracy:	0.940
1st Token Accuracy:	0.111
2nd Token Accuracy:	1.000
Average Loss:	2.097
[2021-10-27 11:49:05,413][core.trainer][INFO] - EPOCH 14 / 50
[2021-10-27 11:49:05,413][core.trainer][INFO] - Computing metrics for 'train' dataset
[2021-10-27 11:49:25,129][core.trainer][INFO] - Computing metrics for 'val' dataset
[2021-10-27 11:49:27,980][core.metrics.meter][INFO] - Meter:
SequenceAccuracy:	0.942
TokenAccuracy:	0.999
LengthAccuracy:	0.950
1st Token Accuracy:	1.000
2nd Token Accuracy:	1.000
Average Loss:	0.068
[2021-10-27 11:49:28,040][core.early_stopping][INFO] - Early stopping counter: 8 / 5
[2021-10-27 11:49:28,066][core.early_stopping][INFO] - Pausing model saving until validation loss decreases by 0.0001
[2021-10-27 11:49:28,066][core.trainer][INFO] - Computing metrics for 'test' dataset
[2021-10-27 11:49:55,572][core.metrics.meter][INFO] - Meter:
SequenceAccuracy:	0.942
TokenAccuracy:	0.998
LengthAccuracy:	0.950
1st Token Accuracy:	1.000
2nd Token Accuracy:	1.000
Average Loss:	0.071
[2021-10-27 11:49:55,588][core.trainer][INFO] - Computing metrics for 'gen' dataset
[2021-10-27 11:50:25,295][core.metrics.meter][INFO] - Meter:
SequenceAccuracy:	0.006
TokenAccuracy:	0.603
LengthAccuracy:	0.929
1st Token Accuracy:	0.110
2nd Token Accuracy:	1.000
Average Loss:	2.124
[2021-10-27 11:50:25,296][core.trainer][INFO] - EPOCH 15 / 50
[2021-10-27 11:50:25,296][core.trainer][INFO] - Computing metrics for 'train' dataset
[2021-10-27 11:50:45,015][core.trainer][INFO] - Computing metrics for 'val' dataset
[2021-10-27 11:50:47,868][core.metrics.meter][INFO] - Meter:
SequenceAccuracy:	0.944
TokenAccuracy:	0.999
LengthAccuracy:	0.951
1st Token Accuracy:	1.000
2nd Token Accuracy:	1.000
Average Loss:	0.066
[2021-10-27 11:50:47,931][core.early_stopping][INFO] - Early stopping counter: 9 / 5
[2021-10-27 11:50:47,957][core.early_stopping][INFO] - Pausing model saving until validation loss decreases by 0.0001
[2021-10-27 11:50:47,957][core.trainer][INFO] - Computing metrics for 'test' dataset
[2021-10-27 11:51:15,466][core.metrics.meter][INFO] - Meter:
SequenceAccuracy:	0.945
TokenAccuracy:	0.999
LengthAccuracy:	0.951
1st Token Accuracy:	1.000
2nd Token Accuracy:	1.000
Average Loss:	0.067
[2021-10-27 11:51:15,483][core.trainer][INFO] - Computing metrics for 'gen' dataset
[2021-10-27 11:51:45,243][core.metrics.meter][INFO] - Meter:
SequenceAccuracy:	0.007
TokenAccuracy:	0.604
LengthAccuracy:	0.934
1st Token Accuracy:	0.112
2nd Token Accuracy:	1.000
Average Loss:	2.126
[2021-10-27 11:51:45,266][core.trainer][INFO] - EPOCH 16 / 50
[2021-10-27 11:51:45,266][core.trainer][INFO] - Computing metrics for 'train' dataset
[2021-10-27 11:52:05,071][core.trainer][INFO] - Computing metrics for 'val' dataset
[2021-10-27 11:52:07,922][core.metrics.meter][INFO] - Meter:
SequenceAccuracy:	0.942
TokenAccuracy:	0.999
LengthAccuracy:	0.948
1st Token Accuracy:	1.000
2nd Token Accuracy:	1.000
Average Loss:	0.070
[2021-10-27 11:52:07,982][core.early_stopping][INFO] - Early stopping counter: 10 / 5
[2021-10-27 11:52:08,007][core.early_stopping][INFO] - Pausing model saving until validation loss decreases by 0.0001
[2021-10-27 11:52:08,008][core.trainer][INFO] - Computing metrics for 'test' dataset
[2021-10-27 11:52:35,518][core.metrics.meter][INFO] - Meter:
SequenceAccuracy:	0.950
TokenAccuracy:	0.999
LengthAccuracy:	0.956
1st Token Accuracy:	1.000
2nd Token Accuracy:	1.000
Average Loss:	0.061
[2021-10-27 11:52:35,592][core.trainer][INFO] - Computing metrics for 'gen' dataset
[2021-10-27 11:53:05,284][core.metrics.meter][INFO] - Meter:
SequenceAccuracy:	0.007
TokenAccuracy:	0.606
LengthAccuracy:	0.928
1st Token Accuracy:	0.109
2nd Token Accuracy:	1.000
Average Loss:	2.130
[2021-10-27 11:53:05,299][core.trainer][INFO] - EPOCH 17 / 50
[2021-10-27 11:53:05,299][core.trainer][INFO] - Computing metrics for 'train' dataset
[2021-10-27 11:53:25,028][core.trainer][INFO] - Computing metrics for 'val' dataset
[2021-10-27 11:53:27,877][core.metrics.meter][INFO] - Meter:
SequenceAccuracy:	0.944
TokenAccuracy:	0.999
LengthAccuracy:	0.950
1st Token Accuracy:	1.000
2nd Token Accuracy:	1.000
Average Loss:	0.067
[2021-10-27 11:53:27,937][core.early_stopping][INFO] - Early stopping counter: 11 / 5
[2021-10-27 11:53:27,965][core.early_stopping][INFO] - Pausing model saving until validation loss decreases by 0.0001
[2021-10-27 11:53:27,965][core.trainer][INFO] - Computing metrics for 'test' dataset
[2021-10-27 11:53:55,445][core.metrics.meter][INFO] - Meter:
SequenceAccuracy:	0.949
TokenAccuracy:	0.999
LengthAccuracy:	0.955
1st Token Accuracy:	1.000
2nd Token Accuracy:	1.000
Average Loss:	0.064
[2021-10-27 11:53:55,494][core.trainer][INFO] - Computing metrics for 'gen' dataset
[2021-10-27 11:54:25,199][core.metrics.meter][INFO] - Meter:
SequenceAccuracy:	0.009
TokenAccuracy:	0.605
LengthAccuracy:	0.928
1st Token Accuracy:	0.112
2nd Token Accuracy:	1.000
Average Loss:	2.132
[2021-10-27 11:54:25,218][core.trainer][INFO] - EPOCH 18 / 50
[2021-10-27 11:54:25,218][core.trainer][INFO] - Computing metrics for 'train' dataset
[2021-10-27 11:54:44,908][core.trainer][INFO] - Computing metrics for 'val' dataset
[2021-10-27 11:54:47,749][core.metrics.meter][INFO] - Meter:
SequenceAccuracy:	0.949
TokenAccuracy:	0.999
LengthAccuracy:	0.954
1st Token Accuracy:	1.000
2nd Token Accuracy:	1.000
Average Loss:	0.062
[2021-10-27 11:54:47,806][core.early_stopping][INFO] - Early stopping counter: 12 / 5
[2021-10-27 11:54:47,831][core.early_stopping][INFO] - Pausing model saving until validation loss decreases by 0.0001
[2021-10-27 11:54:47,832][core.trainer][INFO] - Computing metrics for 'test' dataset
[2021-10-27 11:55:15,269][core.metrics.meter][INFO] - Meter:
SequenceAccuracy:	0.948
TokenAccuracy:	0.999
LengthAccuracy:	0.954
1st Token Accuracy:	1.000
2nd Token Accuracy:	1.000
Average Loss:	0.063
[2021-10-27 11:55:15,287][core.trainer][INFO] - Computing metrics for 'gen' dataset
[2021-10-27 11:55:44,996][core.metrics.meter][INFO] - Meter:
SequenceAccuracy:	0.010
TokenAccuracy:	0.606
LengthAccuracy:	0.941
1st Token Accuracy:	0.110
2nd Token Accuracy:	1.000
Average Loss:	2.137
[2021-10-27 11:55:45,003][core.trainer][INFO] - EPOCH 19 / 50
[2021-10-27 11:55:45,003][core.trainer][INFO] - Computing metrics for 'train' dataset
[2021-10-27 11:56:04,754][core.trainer][INFO] - Computing metrics for 'val' dataset
[2021-10-27 11:56:07,609][core.metrics.meter][INFO] - Meter:
SequenceAccuracy:	0.949
TokenAccuracy:	0.999
LengthAccuracy:	0.953
1st Token Accuracy:	1.000
2nd Token Accuracy:	1.000
Average Loss:	0.063
[2021-10-27 11:56:07,666][core.early_stopping][INFO] - Early stopping counter: 13 / 5
[2021-10-27 11:56:07,691][core.early_stopping][INFO] - Pausing model saving until validation loss decreases by 0.0001
[2021-10-27 11:56:07,691][core.trainer][INFO] - Computing metrics for 'test' dataset
[2021-10-27 11:56:35,198][core.metrics.meter][INFO] - Meter:
SequenceAccuracy:	0.948
TokenAccuracy:	0.999
LengthAccuracy:	0.954
1st Token Accuracy:	1.000
2nd Token Accuracy:	1.000
Average Loss:	0.062
[2021-10-27 11:56:35,221][core.trainer][INFO] - Computing metrics for 'gen' dataset
[2021-10-27 11:57:04,941][core.metrics.meter][INFO] - Meter:
SequenceAccuracy:	0.006
TokenAccuracy:	0.601
LengthAccuracy:	0.936
1st Token Accuracy:	0.109
2nd Token Accuracy:	1.000
Average Loss:	2.171
[2021-10-27 11:57:04,962][core.trainer][INFO] - EPOCH 20 / 50
[2021-10-27 11:57:04,963][core.trainer][INFO] - Computing metrics for 'train' dataset
[2021-10-27 11:57:24,558][core.trainer][INFO] - Computing metrics for 'val' dataset
[2021-10-27 11:57:27,405][core.metrics.meter][INFO] - Meter:
SequenceAccuracy:	0.946
TokenAccuracy:	0.999
LengthAccuracy:	0.950
1st Token Accuracy:	1.000
2nd Token Accuracy:	1.000
Average Loss:	0.069
[2021-10-27 11:57:27,493][core.early_stopping][INFO] - Early stopping counter: 14 / 5
[2021-10-27 11:57:27,518][core.early_stopping][INFO] - Pausing model saving until validation loss decreases by 0.0001
[2021-10-27 11:57:27,518][core.trainer][INFO] - Computing metrics for 'test' dataset
[2021-10-27 11:57:54,985][core.metrics.meter][INFO] - Meter:
SequenceAccuracy:	0.947
TokenAccuracy:	0.999
LengthAccuracy:	0.953
1st Token Accuracy:	1.000
2nd Token Accuracy:	1.000
Average Loss:	0.062
[2021-10-27 11:57:54,986][core.trainer][INFO] - Computing metrics for 'gen' dataset
[2021-10-27 11:58:24,665][core.metrics.meter][INFO] - Meter:
SequenceAccuracy:	0.007
TokenAccuracy:	0.602
LengthAccuracy:	0.932
1st Token Accuracy:	0.111
2nd Token Accuracy:	1.000
Average Loss:	2.163
[2021-10-27 11:58:24,680][core.trainer][INFO] - EPOCH 21 / 50
[2021-10-27 11:58:24,681][core.trainer][INFO] - Computing metrics for 'train' dataset
[2021-10-27 11:58:44,366][core.trainer][INFO] - Computing metrics for 'val' dataset
[2021-10-27 11:58:47,219][core.metrics.meter][INFO] - Meter:
SequenceAccuracy:	0.949
TokenAccuracy:	0.999
LengthAccuracy:	0.952
1st Token Accuracy:	1.000
2nd Token Accuracy:	1.000
Average Loss:	0.059
[2021-10-27 11:58:47,277][core.early_stopping][INFO] - Early stopping counter: 15 / 5
[2021-10-27 11:58:47,302][core.early_stopping][INFO] - Pausing model saving until validation loss decreases by 0.0001
[2021-10-27 11:58:47,302][core.trainer][INFO] - Computing metrics for 'test' dataset
[2021-10-27 11:59:14,803][core.metrics.meter][INFO] - Meter:
SequenceAccuracy:	0.948
TokenAccuracy:	0.999
LengthAccuracy:	0.954
1st Token Accuracy:	1.000
2nd Token Accuracy:	1.000
Average Loss:	0.065
[2021-10-27 11:59:14,816][core.trainer][INFO] - Computing metrics for 'gen' dataset
[2021-10-27 11:59:44,541][core.metrics.meter][INFO] - Meter:
SequenceAccuracy:	0.007
TokenAccuracy:	0.602
LengthAccuracy:	0.931
1st Token Accuracy:	0.111
2nd Token Accuracy:	1.000
Average Loss:	2.167
[2021-10-27 11:59:44,557][core.trainer][INFO] - EPOCH 22 / 50
[2021-10-27 11:59:44,557][core.trainer][INFO] - Computing metrics for 'train' dataset
[2021-10-27 12:00:04,255][core.trainer][INFO] - Computing metrics for 'val' dataset
[2021-10-27 12:00:07,109][core.metrics.meter][INFO] - Meter:
SequenceAccuracy:	0.946
TokenAccuracy:	0.999
LengthAccuracy:	0.951
1st Token Accuracy:	1.000
2nd Token Accuracy:	1.000
Average Loss:	0.066
[2021-10-27 12:00:07,175][core.early_stopping][INFO] - Early stopping counter: 16 / 5
[2021-10-27 12:00:07,200][core.early_stopping][INFO] - Pausing model saving until validation loss decreases by 0.0001
[2021-10-27 12:00:07,200][core.trainer][INFO] - Computing metrics for 'test' dataset
[2021-10-27 12:00:34,667][core.metrics.meter][INFO] - Meter:
SequenceAccuracy:	0.950
TokenAccuracy:	0.999
LengthAccuracy:	0.954
1st Token Accuracy:	1.000
2nd Token Accuracy:	1.000
Average Loss:	0.064
[2021-10-27 12:00:34,667][core.trainer][INFO] - Computing metrics for 'gen' dataset
[2021-10-27 12:01:04,396][core.metrics.meter][INFO] - Meter:
SequenceAccuracy:	0.007
TokenAccuracy:	0.606
LengthAccuracy:	0.935
1st Token Accuracy:	0.110
2nd Token Accuracy:	1.000
Average Loss:	2.147
[2021-10-27 12:01:04,433][core.trainer][INFO] - EPOCH 23 / 50
[2021-10-27 12:01:04,433][core.trainer][INFO] - Computing metrics for 'train' dataset
[2021-10-27 12:01:24,185][core.trainer][INFO] - Computing metrics for 'val' dataset
[2021-10-27 12:01:27,026][core.metrics.meter][INFO] - Meter:
SequenceAccuracy:	0.952
TokenAccuracy:	1.000
LengthAccuracy:	0.954
1st Token Accuracy:	1.000
2nd Token Accuracy:	1.000
Average Loss:	0.060
[2021-10-27 12:01:27,083][core.early_stopping][INFO] - Early stopping counter: 17 / 5
[2021-10-27 12:01:27,108][core.early_stopping][INFO] - Pausing model saving until validation loss decreases by 0.0001
[2021-10-27 12:01:27,108][core.trainer][INFO] - Computing metrics for 'test' dataset
[2021-10-27 12:01:54,606][core.metrics.meter][INFO] - Meter:
SequenceAccuracy:	0.947
TokenAccuracy:	0.999
LengthAccuracy:	0.950
1st Token Accuracy:	1.000
2nd Token Accuracy:	1.000
Average Loss:	0.066
[2021-10-27 12:01:54,618][core.trainer][INFO] - Computing metrics for 'gen' dataset
[2021-10-27 12:02:24,319][core.metrics.meter][INFO] - Meter:
SequenceAccuracy:	0.008
TokenAccuracy:	0.604
LengthAccuracy:	0.934
1st Token Accuracy:	0.109
2nd Token Accuracy:	1.000
Average Loss:	2.170
[2021-10-27 12:02:24,334][core.trainer][INFO] - EPOCH 24 / 50
[2021-10-27 12:02:24,334][core.trainer][INFO] - Computing metrics for 'train' dataset
[2021-10-27 12:02:44,051][core.trainer][INFO] - Computing metrics for 'val' dataset
[2021-10-27 12:02:46,907][core.metrics.meter][INFO] - Meter:
SequenceAccuracy:	0.949
TokenAccuracy:	0.999
LengthAccuracy:	0.953
1st Token Accuracy:	1.000
2nd Token Accuracy:	1.000
Average Loss:	0.060
[2021-10-27 12:02:46,968][core.early_stopping][INFO] - Early stopping counter: 18 / 5
[2021-10-27 12:02:46,992][core.early_stopping][INFO] - Pausing model saving until validation loss decreases by 0.0001
[2021-10-27 12:02:46,993][core.trainer][INFO] - Computing metrics for 'test' dataset
[2021-10-27 12:03:14,447][core.metrics.meter][INFO] - Meter:
SequenceAccuracy:	0.947
TokenAccuracy:	0.999
LengthAccuracy:	0.953
1st Token Accuracy:	1.000
2nd Token Accuracy:	1.000
Average Loss:	0.062
[2021-10-27 12:03:14,447][core.trainer][INFO] - Computing metrics for 'gen' dataset
[2021-10-27 12:03:44,189][core.metrics.meter][INFO] - Meter:
SequenceAccuracy:	0.007
TokenAccuracy:	0.606
LengthAccuracy:	0.940
1st Token Accuracy:	0.105
2nd Token Accuracy:	1.000
Average Loss:	2.160
[2021-10-27 12:03:44,190][core.trainer][INFO] - EPOCH 25 / 50
[2021-10-27 12:03:44,190][core.trainer][INFO] - Computing metrics for 'train' dataset
[2021-10-27 12:04:03,941][core.trainer][INFO] - Computing metrics for 'val' dataset
[2021-10-27 12:04:06,807][core.metrics.meter][INFO] - Meter:
SequenceAccuracy:	0.945
TokenAccuracy:	0.999
LengthAccuracy:	0.951
1st Token Accuracy:	1.000
2nd Token Accuracy:	1.000
Average Loss:	0.064
[2021-10-27 12:04:06,864][core.early_stopping][INFO] - Early stopping counter: 19 / 5
[2021-10-27 12:04:06,890][core.early_stopping][INFO] - Pausing model saving until validation loss decreases by 0.0001
[2021-10-27 12:04:06,890][core.trainer][INFO] - Computing metrics for 'test' dataset
[2021-10-27 12:04:34,359][core.metrics.meter][INFO] - Meter:
SequenceAccuracy:	0.950
TokenAccuracy:	0.999
LengthAccuracy:	0.954
1st Token Accuracy:	1.000
2nd Token Accuracy:	1.000
Average Loss:	0.059
[2021-10-27 12:04:34,379][core.trainer][INFO] - Computing metrics for 'gen' dataset
[2021-10-27 12:05:04,070][core.metrics.meter][INFO] - Meter:
SequenceAccuracy:	0.007
TokenAccuracy:	0.607
LengthAccuracy:	0.936
1st Token Accuracy:	0.111
2nd Token Accuracy:	1.000
Average Loss:	2.171
[2021-10-27 12:05:04,103][core.trainer][INFO] - EPOCH 26 / 50
[2021-10-27 12:05:04,104][core.trainer][INFO] - Computing metrics for 'train' dataset
[2021-10-27 12:05:23,803][core.trainer][INFO] - Computing metrics for 'val' dataset
[2021-10-27 12:05:26,666][core.metrics.meter][INFO] - Meter:
SequenceAccuracy:	0.947
TokenAccuracy:	0.999
LengthAccuracy:	0.952
1st Token Accuracy:	1.000
2nd Token Accuracy:	1.000
Average Loss:	0.062
[2021-10-27 12:05:26,724][core.early_stopping][INFO] - Early stopping counter: 20 / 5
[2021-10-27 12:05:26,749][core.early_stopping][INFO] - Pausing model saving until validation loss decreases by 0.0001
[2021-10-27 12:05:26,749][core.trainer][INFO] - Computing metrics for 'test' dataset
[2021-10-27 12:05:54,220][core.metrics.meter][INFO] - Meter:
SequenceAccuracy:	0.950
TokenAccuracy:	0.999
LengthAccuracy:	0.954
1st Token Accuracy:	1.000
2nd Token Accuracy:	1.000
Average Loss:	0.063
[2021-10-27 12:05:54,247][core.trainer][INFO] - Computing metrics for 'gen' dataset
[2021-10-27 12:06:23,953][core.metrics.meter][INFO] - Meter:
SequenceAccuracy:	0.007
TokenAccuracy:	0.602
LengthAccuracy:	0.933
1st Token Accuracy:	0.113
2nd Token Accuracy:	1.000
Average Loss:	2.202
[2021-10-27 12:06:23,980][core.trainer][INFO] - EPOCH 27 / 50
[2021-10-27 12:06:23,980][core.trainer][INFO] - Computing metrics for 'train' dataset
[2021-10-27 12:06:43,714][core.trainer][INFO] - Computing metrics for 'val' dataset
[2021-10-27 12:06:46,558][core.metrics.meter][INFO] - Meter:
SequenceAccuracy:	0.948
TokenAccuracy:	0.999
LengthAccuracy:	0.951
1st Token Accuracy:	1.000
2nd Token Accuracy:	1.000
Average Loss:	0.063
[2021-10-27 12:06:46,615][core.early_stopping][INFO] - Early stopping counter: 21 / 5
[2021-10-27 12:06:46,640][core.early_stopping][INFO] - Pausing model saving until validation loss decreases by 0.0001
[2021-10-27 12:06:46,641][core.trainer][INFO] - Computing metrics for 'test' dataset
[2021-10-27 12:07:14,161][core.metrics.meter][INFO] - Meter:
SequenceAccuracy:	0.946
TokenAccuracy:	0.999
LengthAccuracy:	0.949
1st Token Accuracy:	1.000
2nd Token Accuracy:	1.000
Average Loss:	0.064
[2021-10-27 12:07:14,215][core.trainer][INFO] - Computing metrics for 'gen' dataset
[2021-10-27 12:07:43,913][core.metrics.meter][INFO] - Meter:
SequenceAccuracy:	0.007
TokenAccuracy:	0.605
LengthAccuracy:	0.928
1st Token Accuracy:	0.109
2nd Token Accuracy:	1.000
Average Loss:	2.182
[2021-10-27 12:07:43,914][core.trainer][INFO] - EPOCH 28 / 50
[2021-10-27 12:07:43,914][core.trainer][INFO] - Computing metrics for 'train' dataset
[2021-10-27 12:08:03,703][core.trainer][INFO] - Computing metrics for 'val' dataset
[2021-10-27 12:08:06,555][core.metrics.meter][INFO] - Meter:
SequenceAccuracy:	0.950
TokenAccuracy:	0.999
LengthAccuracy:	0.954
1st Token Accuracy:	1.000
2nd Token Accuracy:	1.000
Average Loss:	0.058
[2021-10-27 12:08:06,633][core.early_stopping][INFO] - Early stopping counter: 22 / 5
[2021-10-27 12:08:06,634][core.early_stopping][INFO] - Pausing model saving until validation loss decreases by 0.0001
[2021-10-27 12:08:06,634][core.trainer][INFO] - Computing metrics for 'test' dataset
[2021-10-27 12:08:34,161][core.metrics.meter][INFO] - Meter:
SequenceAccuracy:	0.949
TokenAccuracy:	0.999
LengthAccuracy:	0.953
1st Token Accuracy:	1.000
2nd Token Accuracy:	1.000
Average Loss:	0.062
[2021-10-27 12:08:34,208][core.trainer][INFO] - Computing metrics for 'gen' dataset
[2021-10-27 12:09:03,910][core.metrics.meter][INFO] - Meter:
SequenceAccuracy:	0.007
TokenAccuracy:	0.607
LengthAccuracy:	0.924
1st Token Accuracy:	0.111
2nd Token Accuracy:	1.000
Average Loss:	2.177
[2021-10-27 12:09:03,911][core.trainer][INFO] - EPOCH 29 / 50
[2021-10-27 12:09:03,911][core.trainer][INFO] - Computing metrics for 'train' dataset
[2021-10-27 12:09:23,633][core.trainer][INFO] - Computing metrics for 'val' dataset
[2021-10-27 12:09:26,501][core.metrics.meter][INFO] - Meter:
SequenceAccuracy:	0.947
TokenAccuracy:	1.000
LengthAccuracy:	0.950
1st Token Accuracy:	1.000
2nd Token Accuracy:	1.000
Average Loss:	0.066
[2021-10-27 12:09:26,573][core.early_stopping][INFO] - Early stopping counter: 23 / 5
[2021-10-27 12:09:26,598][core.early_stopping][INFO] - Pausing model saving until validation loss decreases by 0.0001
[2021-10-27 12:09:26,598][core.trainer][INFO] - Computing metrics for 'test' dataset
[2021-10-27 12:09:54,094][core.metrics.meter][INFO] - Meter:
SequenceAccuracy:	0.946
TokenAccuracy:	1.000
LengthAccuracy:	0.948
1st Token Accuracy:	1.000
2nd Token Accuracy:	1.000
Average Loss:	0.069
[2021-10-27 12:09:54,129][core.trainer][INFO] - Computing metrics for 'gen' dataset
[2021-10-27 12:10:23,813][core.metrics.meter][INFO] - Meter:
SequenceAccuracy:	0.008
TokenAccuracy:	0.606
LengthAccuracy:	0.915
1st Token Accuracy:	0.108
2nd Token Accuracy:	1.000
Average Loss:	2.177
[2021-10-27 12:10:23,829][core.trainer][INFO] - EPOCH 30 / 50
[2021-10-27 12:10:23,829][core.trainer][INFO] - Computing metrics for 'train' dataset
[2021-10-27 12:10:43,589][core.trainer][INFO] - Computing metrics for 'val' dataset
[2021-10-27 12:10:46,440][core.metrics.meter][INFO] - Meter:
SequenceAccuracy:	0.944
TokenAccuracy:	1.000
LengthAccuracy:	0.947
1st Token Accuracy:	1.000
2nd Token Accuracy:	1.000
Average Loss:	0.070
[2021-10-27 12:10:46,498][core.early_stopping][INFO] - Early stopping counter: 24 / 5
[2021-10-27 12:10:46,523][core.early_stopping][INFO] - Pausing model saving until validation loss decreases by 0.0001
[2021-10-27 12:10:46,523][core.trainer][INFO] - Computing metrics for 'test' dataset
[2021-10-27 12:11:14,013][core.metrics.meter][INFO] - Meter:
SequenceAccuracy:	0.950
TokenAccuracy:	0.999
LengthAccuracy:	0.953
1st Token Accuracy:	1.000
2nd Token Accuracy:	1.000
Average Loss:	0.059
[2021-10-27 12:11:14,044][core.trainer][INFO] - Computing metrics for 'gen' dataset
[2021-10-27 12:11:43,720][core.metrics.meter][INFO] - Meter:
SequenceAccuracy:	0.008
TokenAccuracy:	0.607
LengthAccuracy:	0.926
1st Token Accuracy:	0.112
2nd Token Accuracy:	1.000
Average Loss:	2.189
[2021-10-27 12:11:43,756][core.trainer][INFO] - EPOCH 31 / 50
[2021-10-27 12:11:43,756][core.trainer][INFO] - Computing metrics for 'train' dataset
[2021-10-27 12:12:03,596][core.trainer][INFO] - Computing metrics for 'val' dataset
[2021-10-27 12:12:06,444][core.metrics.meter][INFO] - Meter:
SequenceAccuracy:	0.952
TokenAccuracy:	0.999
LengthAccuracy:	0.956
1st Token Accuracy:	1.000
2nd Token Accuracy:	1.000
Average Loss:	0.057
[2021-10-27 12:12:26,601][core.trainer][INFO] - Computing metrics for 'val' dataset
[2021-10-27 12:12:29,457][core.metrics.meter][INFO] - Meter:
SequenceAccuracy:	0.953
TokenAccuracy:	1.000
LengthAccuracy:	0.955
1st Token Accuracy:	1.000
2nd Token Accuracy:	1.000
Average Loss:	0.060
[2021-10-27 12:12:29,515][core.early_stopping][INFO] - Early stopping counter: 1 / 5
[2021-10-27 12:12:29,540][core.early_stopping][INFO] - Pausing model saving until validation loss decreases by 0.0001
[2021-10-27 12:12:49,190][core.trainer][INFO] - Computing metrics for 'val' dataset
[2021-10-27 12:12:52,038][core.metrics.meter][INFO] - Meter:
SequenceAccuracy:	0.954
TokenAccuracy:	1.000
LengthAccuracy:	0.956
1st Token Accuracy:	1.000
2nd Token Accuracy:	1.000
Average Loss:	0.059
[2021-10-27 12:12:52,115][core.early_stopping][INFO] - Early stopping counter: 2 / 5
[2021-10-27 12:12:52,140][core.early_stopping][INFO] - Pausing model saving until validation loss decreases by 0.0001
[2021-10-27 12:13:11,671][core.trainer][INFO] - Computing metrics for 'val' dataset
[2021-10-27 12:13:14,523][core.metrics.meter][INFO] - Meter:
SequenceAccuracy:	0.946
TokenAccuracy:	1.000
LengthAccuracy:	0.948
1st Token Accuracy:	1.000
2nd Token Accuracy:	1.000
Average Loss:	0.065
[2021-10-27 12:13:14,581][core.early_stopping][INFO] - Early stopping counter: 3 / 5
[2021-10-27 12:13:14,606][core.early_stopping][INFO] - Pausing model saving until validation loss decreases by 0.0001
[2021-10-27 12:13:34,191][core.trainer][INFO] - Computing metrics for 'val' dataset
[2021-10-27 12:13:37,039][core.metrics.meter][INFO] - Meter:
SequenceAccuracy:	0.955
TokenAccuracy:	1.000
LengthAccuracy:	0.956
1st Token Accuracy:	1.000
2nd Token Accuracy:	1.000
Average Loss:	0.058
[2021-10-27 12:13:37,117][core.early_stopping][INFO] - Early stopping counter: 4 / 5
[2021-10-27 12:13:37,117][core.early_stopping][INFO] - Pausing model saving until validation loss decreases by 0.0001
[2021-10-27 12:13:56,813][core.trainer][INFO] - Computing metrics for 'val' dataset
[2021-10-27 12:13:59,666][core.metrics.meter][INFO] - Meter:
SequenceAccuracy:	0.947
TokenAccuracy:	1.000
LengthAccuracy:	0.949
1st Token Accuracy:	1.000
2nd Token Accuracy:	1.000
Average Loss:	0.065
[2021-10-27 12:13:59,728][core.early_stopping][INFO] - Early stopping counter: 5 / 5
[2021-10-27 12:13:59,753][core.early_stopping][INFO] - Pausing model saving until validation loss decreases by 0.0001
[2021-10-27 12:13:59,753][core.trainer][INFO] - Computing metrics for 'test' dataset
[2021-10-27 12:14:27,248][core.metrics.meter][INFO] - Meter:
SequenceAccuracy:	0.952
TokenAccuracy:	1.000
LengthAccuracy:	0.955
1st Token Accuracy:	1.000
2nd Token Accuracy:	1.000
Average Loss:	0.059
[2021-10-27 12:14:27,258][core.trainer][INFO] - Computing metrics for 'gen' dataset
[2021-10-27 12:14:57,016][core.metrics.meter][INFO] - Meter:
SequenceAccuracy:	0.008
TokenAccuracy:	0.607
LengthAccuracy:	0.930
1st Token Accuracy:	0.112
2nd Token Accuracy:	1.000
Average Loss:	2.222
[2021-10-27 12:14:57,016][core.trainer][INFO] - EPOCH 32 / 50
[2021-10-27 12:14:57,016][core.trainer][INFO] - Computing metrics for 'train' dataset
[2021-10-27 12:15:16,758][core.trainer][INFO] - Computing metrics for 'val' dataset
[2021-10-27 12:15:19,608][core.metrics.meter][INFO] - Meter:
SequenceAccuracy:	0.951
TokenAccuracy:	1.000
LengthAccuracy:	0.953
1st Token Accuracy:	1.000
2nd Token Accuracy:	1.000
Average Loss:	0.060
[2021-10-27 12:15:19,666][core.early_stopping][INFO] - Early stopping counter: 6 / 5
[2021-10-27 12:15:19,691][core.early_stopping][INFO] - Pausing model saving until validation loss decreases by 0.0001
[2021-10-27 12:15:19,692][core.trainer][INFO] - Computing metrics for 'test' dataset
[2021-10-27 12:15:47,187][core.metrics.meter][INFO] - Meter:
SequenceAccuracy:	0.946
TokenAccuracy:	0.999
LengthAccuracy:	0.948
1st Token Accuracy:	1.000
2nd Token Accuracy:	1.000
Average Loss:	0.066
[2021-10-27 12:15:47,201][core.trainer][INFO] - Computing metrics for 'gen' dataset
[2021-10-27 12:16:16,893][core.metrics.meter][INFO] - Meter:
SequenceAccuracy:	0.008
TokenAccuracy:	0.607
LengthAccuracy:	0.930
1st Token Accuracy:	0.114
2nd Token Accuracy:	1.000
Average Loss:	2.225
[2021-10-27 12:16:16,894][core.trainer][INFO] - EPOCH 33 / 50
[2021-10-27 12:16:16,894][core.trainer][INFO] - Computing metrics for 'train' dataset
[2021-10-27 12:16:36,655][core.trainer][INFO] - Computing metrics for 'val' dataset
[2021-10-27 12:16:39,511][core.metrics.meter][INFO] - Meter:
SequenceAccuracy:	0.949
TokenAccuracy:	0.999
LengthAccuracy:	0.952
1st Token Accuracy:	1.000
2nd Token Accuracy:	1.000
Average Loss:	0.065
[2021-10-27 12:16:39,569][core.early_stopping][INFO] - Early stopping counter: 7 / 5
[2021-10-27 12:16:39,594][core.early_stopping][INFO] - Pausing model saving until validation loss decreases by 0.0001
[2021-10-27 12:16:39,594][core.trainer][INFO] - Computing metrics for 'test' dataset
[2021-10-27 12:17:07,081][core.metrics.meter][INFO] - Meter:
SequenceAccuracy:	0.946
TokenAccuracy:	0.999
LengthAccuracy:	0.949
1st Token Accuracy:	1.000
2nd Token Accuracy:	1.000
Average Loss:	0.065
[2021-10-27 12:17:07,089][core.trainer][INFO] - Computing metrics for 'gen' dataset
[2021-10-27 12:17:36,785][core.metrics.meter][INFO] - Meter:
SequenceAccuracy:	0.008
TokenAccuracy:	0.610
LengthAccuracy:	0.918
1st Token Accuracy:	0.116
2nd Token Accuracy:	1.000
Average Loss:	2.214
[2021-10-27 12:17:36,786][core.trainer][INFO] - EPOCH 34 / 50
[2021-10-27 12:17:36,786][core.trainer][INFO] - Computing metrics for 'train' dataset
[2021-10-27 12:17:56,506][core.trainer][INFO] - Computing metrics for 'val' dataset
[2021-10-27 12:17:59,352][core.metrics.meter][INFO] - Meter:
SequenceAccuracy:	0.954
TokenAccuracy:	1.000
LengthAccuracy:	0.955
1st Token Accuracy:	1.000
2nd Token Accuracy:	1.000
Average Loss:	0.055
[2021-10-27 12:17:59,410][core.early_stopping][INFO] - Early stopping counter: 8 / 5
[2021-10-27 12:17:59,434][core.early_stopping][INFO] - Pausing model saving until validation loss decreases by 0.0001
[2021-10-27 12:17:59,435][core.trainer][INFO] - Computing metrics for 'test' dataset
[2021-10-27 12:18:26,953][core.metrics.meter][INFO] - Meter:
SequenceAccuracy:	0.948
TokenAccuracy:	0.999
LengthAccuracy:	0.950
1st Token Accuracy:	1.000
2nd Token Accuracy:	1.000
Average Loss:	0.065
[2021-10-27 12:18:26,953][core.trainer][INFO] - Computing metrics for 'gen' dataset
[2021-10-27 12:18:56,644][core.metrics.meter][INFO] - Meter:
SequenceAccuracy:	0.007
TokenAccuracy:	0.606
LengthAccuracy:	0.924
1st Token Accuracy:	0.120
2nd Token Accuracy:	1.000
Average Loss:	2.248
[2021-10-27 12:18:56,656][core.trainer][INFO] - EPOCH 35 / 50
[2021-10-27 12:18:56,656][core.trainer][INFO] - Computing metrics for 'train' dataset
[2021-10-27 12:19:16,304][core.trainer][INFO] - Computing metrics for 'val' dataset
[2021-10-27 12:19:19,160][core.metrics.meter][INFO] - Meter:
SequenceAccuracy:	0.949
TokenAccuracy:	1.000
LengthAccuracy:	0.950
1st Token Accuracy:	1.000
2nd Token Accuracy:	1.000
Average Loss:	0.062
[2021-10-27 12:19:19,218][core.early_stopping][INFO] - Early stopping counter: 9 / 5
[2021-10-27 12:19:19,243][core.early_stopping][INFO] - Pausing model saving until validation loss decreases by 0.0001
[2021-10-27 12:19:19,244][core.trainer][INFO] - Computing metrics for 'test' dataset
[2021-10-27 12:19:46,773][core.metrics.meter][INFO] - Meter:
SequenceAccuracy:	0.948
TokenAccuracy:	1.000
LengthAccuracy:	0.950
1st Token Accuracy:	1.000
2nd Token Accuracy:	1.000
Average Loss:	0.064
[2021-10-27 12:19:46,774][core.trainer][INFO] - Computing metrics for 'gen' dataset
[2021-10-27 12:20:16,555][core.metrics.meter][INFO] - Meter:
SequenceAccuracy:	0.010
TokenAccuracy:	0.610
LengthAccuracy:	0.935
1st Token Accuracy:	0.119
2nd Token Accuracy:	1.000
Average Loss:	2.220
[2021-10-27 12:20:16,556][core.trainer][INFO] - EPOCH 36 / 50
[2021-10-27 12:20:16,556][core.trainer][INFO] - Computing metrics for 'train' dataset
[2021-10-27 12:20:36,313][core.trainer][INFO] - Computing metrics for 'val' dataset
[2021-10-27 12:20:39,163][core.metrics.meter][INFO] - Meter:
SequenceAccuracy:	0.949
TokenAccuracy:	0.999
LengthAccuracy:	0.951
1st Token Accuracy:	1.000
2nd Token Accuracy:	1.000
Average Loss:	0.062
[2021-10-27 12:20:39,248][core.early_stopping][INFO] - Early stopping counter: 10 / 5
[2021-10-27 12:20:39,273][core.early_stopping][INFO] - Pausing model saving until validation loss decreases by 0.0001
[2021-10-27 12:20:39,273][core.trainer][INFO] - Computing metrics for 'test' dataset
[2021-10-27 12:21:06,802][core.metrics.meter][INFO] - Meter:
SequenceAccuracy:	0.944
TokenAccuracy:	1.000
LengthAccuracy:	0.947
1st Token Accuracy:	1.000
2nd Token Accuracy:	1.000
Average Loss:	0.067
[2021-10-27 12:21:06,834][core.trainer][INFO] - Computing metrics for 'gen' dataset
[2021-10-27 12:21:36,571][core.metrics.meter][INFO] - Meter:
SequenceAccuracy:	0.008
TokenAccuracy:	0.607
LengthAccuracy:	0.933
1st Token Accuracy:	0.120
2nd Token Accuracy:	1.000
Average Loss:	2.239
[2021-10-27 12:21:36,572][core.trainer][INFO] - EPOCH 37 / 50
[2021-10-27 12:21:36,572][core.trainer][INFO] - Computing metrics for 'train' dataset
[2021-10-27 12:21:56,311][core.trainer][INFO] - Computing metrics for 'val' dataset
[2021-10-27 12:21:59,158][core.metrics.meter][INFO] - Meter:
SequenceAccuracy:	0.948
TokenAccuracy:	1.000
LengthAccuracy:	0.950
1st Token Accuracy:	1.000
2nd Token Accuracy:	1.000
Average Loss:	0.066
[2021-10-27 12:21:59,216][core.early_stopping][INFO] - Early stopping counter: 11 / 5
[2021-10-27 12:21:59,241][core.early_stopping][INFO] - Pausing model saving until validation loss decreases by 0.0001
[2021-10-27 12:21:59,241][core.trainer][INFO] - Computing metrics for 'test' dataset
[2021-10-27 12:22:26,744][core.metrics.meter][INFO] - Meter:
SequenceAccuracy:	0.950
TokenAccuracy:	1.000
LengthAccuracy:	0.952
1st Token Accuracy:	1.000
2nd Token Accuracy:	1.000
Average Loss:	0.061
[2021-10-27 12:22:26,744][core.trainer][INFO] - Computing metrics for 'gen' dataset
[2021-10-27 12:22:56,499][core.metrics.meter][INFO] - Meter:
SequenceAccuracy:	0.007
TokenAccuracy:	0.607
LengthAccuracy:	0.933
1st Token Accuracy:	0.118
2nd Token Accuracy:	1.000
Average Loss:	2.250
[2021-10-27 12:22:56,499][core.trainer][INFO] - EPOCH 38 / 50
[2021-10-27 12:22:56,499][core.trainer][INFO] - Computing metrics for 'train' dataset
[2021-10-27 12:23:16,260][core.trainer][INFO] - Computing metrics for 'val' dataset
[2021-10-27 12:23:19,114][core.metrics.meter][INFO] - Meter:
SequenceAccuracy:	0.947
TokenAccuracy:	1.000
LengthAccuracy:	0.949
1st Token Accuracy:	1.000
2nd Token Accuracy:	1.000
Average Loss:	0.066
[2021-10-27 12:23:19,180][core.early_stopping][INFO] - Early stopping counter: 12 / 5
[2021-10-27 12:23:19,206][core.early_stopping][INFO] - Pausing model saving until validation loss decreases by 0.0001
[2021-10-27 12:23:19,206][core.trainer][INFO] - Computing metrics for 'test' dataset
[2021-10-27 12:23:46,747][core.metrics.meter][INFO] - Meter:
SequenceAccuracy:	0.950
TokenAccuracy:	1.000
LengthAccuracy:	0.952
1st Token Accuracy:	1.000
2nd Token Accuracy:	1.000
Average Loss:	0.061
[2021-10-27 12:23:46,770][core.trainer][INFO] - Computing metrics for 'gen' dataset
[2021-10-27 12:24:16,496][core.metrics.meter][INFO] - Meter:
SequenceAccuracy:	0.010
TokenAccuracy:	0.612
LengthAccuracy:	0.934
1st Token Accuracy:	0.117
2nd Token Accuracy:	1.000
Average Loss:	2.212
[2021-10-27 12:24:16,511][core.trainer][INFO] - EPOCH 39 / 50
[2021-10-27 12:24:16,511][core.trainer][INFO] - Computing metrics for 'train' dataset
[2021-10-27 12:24:36,291][core.trainer][INFO] - Computing metrics for 'val' dataset
[2021-10-27 12:24:39,143][core.metrics.meter][INFO] - Meter:
SequenceAccuracy:	0.952
TokenAccuracy:	1.000
LengthAccuracy:	0.954
1st Token Accuracy:	1.000
2nd Token Accuracy:	1.000
Average Loss:	0.056
[2021-10-27 12:24:39,201][core.early_stopping][INFO] - Early stopping counter: 13 / 5
[2021-10-27 12:24:39,226][core.early_stopping][INFO] - Pausing model saving until validation loss decreases by 0.0001
[2021-10-27 12:24:39,226][core.trainer][INFO] - Computing metrics for 'test' dataset
[2021-10-27 12:25:06,753][core.metrics.meter][INFO] - Meter:
SequenceAccuracy:	0.949
TokenAccuracy:	1.000
LengthAccuracy:	0.950
1st Token Accuracy:	1.000
2nd Token Accuracy:	1.000
Average Loss:	0.063
[2021-10-27 12:25:06,754][core.trainer][INFO] - Computing metrics for 'gen' dataset
[2021-10-27 12:25:36,499][core.metrics.meter][INFO] - Meter:
SequenceAccuracy:	0.008
TokenAccuracy:	0.608
LengthAccuracy:	0.928
1st Token Accuracy:	0.117
2nd Token Accuracy:	1.000
Average Loss:	2.253
[2021-10-27 12:25:36,500][core.trainer][INFO] - EPOCH 40 / 50
[2021-10-27 12:25:36,500][core.trainer][INFO] - Computing metrics for 'train' dataset
[2021-10-27 12:25:56,320][core.trainer][INFO] - Computing metrics for 'val' dataset
[2021-10-27 12:25:59,173][core.metrics.meter][INFO] - Meter:
SequenceAccuracy:	0.951
TokenAccuracy:	1.000
LengthAccuracy:	0.953
1st Token Accuracy:	1.000
2nd Token Accuracy:	1.000
Average Loss:	0.061
[2021-10-27 12:25:59,235][core.early_stopping][INFO] - Early stopping counter: 14 / 5
[2021-10-27 12:25:59,261][core.early_stopping][INFO] - Pausing model saving until validation loss decreases by 0.0001
[2021-10-27 12:25:59,261][core.trainer][INFO] - Computing metrics for 'test' dataset
[2021-10-27 12:26:26,755][core.metrics.meter][INFO] - Meter:
SequenceAccuracy:	0.952
TokenAccuracy:	1.000
LengthAccuracy:	0.953
1st Token Accuracy:	1.000
2nd Token Accuracy:	1.000
Average Loss:	0.058
[2021-10-27 12:26:26,772][core.trainer][INFO] - Computing metrics for 'gen' dataset
[2021-10-27 12:26:56,497][core.metrics.meter][INFO] - Meter:
SequenceAccuracy:	0.009
TokenAccuracy:	0.608
LengthAccuracy:	0.924
1st Token Accuracy:	0.115
2nd Token Accuracy:	1.000
Average Loss:	2.252
[2021-10-27 12:26:56,498][core.trainer][INFO] - EPOCH 41 / 50
[2021-10-27 12:26:56,498][core.trainer][INFO] - Computing metrics for 'train' dataset
[2021-10-27 12:27:16,198][core.trainer][INFO] - Computing metrics for 'val' dataset
[2021-10-27 12:27:19,057][core.metrics.meter][INFO] - Meter:
SequenceAccuracy:	0.947
TokenAccuracy:	1.000
LengthAccuracy:	0.948
1st Token Accuracy:	1.000
2nd Token Accuracy:	1.000
Average Loss:	0.069
[2021-10-27 12:27:19,115][core.early_stopping][INFO] - Early stopping counter: 15 / 5
[2021-10-27 12:27:19,140][core.early_stopping][INFO] - Pausing model saving until validation loss decreases by 0.0001
[2021-10-27 12:27:19,140][core.trainer][INFO] - Computing metrics for 'test' dataset
[2021-10-27 12:27:46,655][core.metrics.meter][INFO] - Meter:
SequenceAccuracy:	0.951
TokenAccuracy:	1.000
LengthAccuracy:	0.953
1st Token Accuracy:	1.000
2nd Token Accuracy:	1.000
Average Loss:	0.061
[2021-10-27 12:27:46,665][core.trainer][INFO] - Computing metrics for 'gen' dataset
[2021-10-27 12:28:16,406][core.metrics.meter][INFO] - Meter:
SequenceAccuracy:	0.009
TokenAccuracy:	0.607
LengthAccuracy:	0.929
1st Token Accuracy:	0.114
2nd Token Accuracy:	1.000
Average Loss:	2.268
[2021-10-27 12:28:16,406][core.trainer][INFO] - EPOCH 42 / 50
[2021-10-27 12:28:16,407][core.trainer][INFO] - Computing metrics for 'train' dataset
[2021-10-27 12:28:36,131][core.trainer][INFO] - Computing metrics for 'val' dataset
[2021-10-27 12:28:38,986][core.metrics.meter][INFO] - Meter:
SequenceAccuracy:	0.953
TokenAccuracy:	1.000
LengthAccuracy:	0.954
1st Token Accuracy:	1.000
2nd Token Accuracy:	1.000
Average Loss:	0.058
[2021-10-27 12:28:39,044][core.early_stopping][INFO] - Early stopping counter: 16 / 5
[2021-10-27 12:28:39,069][core.early_stopping][INFO] - Pausing model saving until validation loss decreases by 0.0001
[2021-10-27 12:28:39,069][core.trainer][INFO] - Computing metrics for 'test' dataset
[2021-10-27 12:29:06,603][core.metrics.meter][INFO] - Meter:
SequenceAccuracy:	0.954
TokenAccuracy:	1.000
LengthAccuracy:	0.956
1st Token Accuracy:	1.000
2nd Token Accuracy:	1.000
Average Loss:	0.057
[2021-10-27 12:29:06,617][core.trainer][INFO] - Computing metrics for 'gen' dataset
[2021-10-27 12:29:36,379][core.metrics.meter][INFO] - Meter:
SequenceAccuracy:	0.008
TokenAccuracy:	0.605
LengthAccuracy:	0.925
1st Token Accuracy:	0.117
2nd Token Accuracy:	1.000
Average Loss:	2.271
[2021-10-27 12:29:36,392][core.trainer][INFO] - EPOCH 43 / 50
[2021-10-27 12:29:36,392][core.trainer][INFO] - Computing metrics for 'train' dataset
[2021-10-27 12:29:56,120][core.trainer][INFO] - Computing metrics for 'val' dataset
[2021-10-27 12:29:58,976][core.metrics.meter][INFO] - Meter:
SequenceAccuracy:	0.948
TokenAccuracy:	1.000
LengthAccuracy:	0.950
1st Token Accuracy:	1.000
2nd Token Accuracy:	1.000
Average Loss:	0.060
[2021-10-27 12:29:59,034][core.early_stopping][INFO] - Early stopping counter: 17 / 5
[2021-10-27 12:29:59,060][core.early_stopping][INFO] - Pausing model saving until validation loss decreases by 0.0001
[2021-10-27 12:29:59,060][core.trainer][INFO] - Computing metrics for 'test' dataset
[2021-10-27 12:30:26,572][core.metrics.meter][INFO] - Meter:
SequenceAccuracy:	0.951
TokenAccuracy:	1.000
LengthAccuracy:	0.952
1st Token Accuracy:	1.000
2nd Token Accuracy:	1.000
Average Loss:	0.063
[2021-10-27 12:30:26,573][core.trainer][INFO] - Computing metrics for 'gen' dataset
[2021-10-27 12:30:56,291][core.metrics.meter][INFO] - Meter:
SequenceAccuracy:	0.009
TokenAccuracy:	0.605
LengthAccuracy:	0.934
1st Token Accuracy:	0.113
2nd Token Accuracy:	1.000
Average Loss:	2.276
[2021-10-27 12:30:56,309][core.trainer][INFO] - EPOCH 44 / 50
[2021-10-27 12:30:56,309][core.trainer][INFO] - Computing metrics for 'train' dataset
[2021-10-27 12:31:16,007][core.trainer][INFO] - Computing metrics for 'val' dataset
[2021-10-27 12:31:18,856][core.metrics.meter][INFO] - Meter:
SequenceAccuracy:	0.951
TokenAccuracy:	1.000
LengthAccuracy:	0.953
1st Token Accuracy:	1.000
2nd Token Accuracy:	1.000
Average Loss:	0.061
[2021-10-27 12:31:18,913][core.early_stopping][INFO] - Early stopping counter: 18 / 5
[2021-10-27 12:31:18,940][core.early_stopping][INFO] - Pausing model saving until validation loss decreases by 0.0001
[2021-10-27 12:31:18,940][core.trainer][INFO] - Computing metrics for 'test' dataset
[2021-10-27 12:31:46,438][core.metrics.meter][INFO] - Meter:
SequenceAccuracy:	0.953
TokenAccuracy:	1.000
LengthAccuracy:	0.953
1st Token Accuracy:	1.000
2nd Token Accuracy:	1.000
Average Loss:	0.061
[2021-10-27 12:31:46,439][core.trainer][INFO] - Computing metrics for 'gen' dataset
[2021-10-27 12:32:16,192][core.metrics.meter][INFO] - Meter:
SequenceAccuracy:	0.009
TokenAccuracy:	0.607
LengthAccuracy:	0.933
1st Token Accuracy:	0.116
2nd Token Accuracy:	1.000
Average Loss:	2.270
[2021-10-27 12:32:16,229][core.trainer][INFO] - EPOCH 45 / 50
[2021-10-27 12:32:16,229][core.trainer][INFO] - Computing metrics for 'train' dataset
[2021-10-27 12:32:36,010][core.trainer][INFO] - Computing metrics for 'val' dataset
[2021-10-27 12:32:38,866][core.metrics.meter][INFO] - Meter:
SequenceAccuracy:	0.947
TokenAccuracy:	1.000
LengthAccuracy:	0.948
1st Token Accuracy:	1.000
2nd Token Accuracy:	1.000
Average Loss:	0.066
[2021-10-27 12:32:38,939][core.early_stopping][INFO] - Early stopping counter: 19 / 5
[2021-10-27 12:32:38,967][core.early_stopping][INFO] - Pausing model saving until validation loss decreases by 0.0001
[2021-10-27 12:32:38,967][core.trainer][INFO] - Computing metrics for 'test' dataset
[2021-10-27 12:33:06,465][core.metrics.meter][INFO] - Meter:
SequenceAccuracy:	0.951
TokenAccuracy:	1.000
LengthAccuracy:	0.952
1st Token Accuracy:	1.000
2nd Token Accuracy:	1.000
Average Loss:	0.061
[2021-10-27 12:33:06,481][core.trainer][INFO] - Computing metrics for 'gen' dataset
[2021-10-27 12:33:36,216][core.metrics.meter][INFO] - Meter:
SequenceAccuracy:	0.009
TokenAccuracy:	0.610
LengthAccuracy:	0.937
1st Token Accuracy:	0.116
2nd Token Accuracy:	1.000
Average Loss:	2.252
[2021-10-27 12:33:36,245][core.trainer][INFO] - EPOCH 46 / 50
[2021-10-27 12:33:36,245][core.trainer][INFO] - Computing metrics for 'train' dataset
[2021-10-27 12:33:56,001][core.trainer][INFO] - Computing metrics for 'val' dataset
[2021-10-27 12:33:58,850][core.metrics.meter][INFO] - Meter:
SequenceAccuracy:	0.949
TokenAccuracy:	1.000
LengthAccuracy:	0.950
1st Token Accuracy:	1.000
2nd Token Accuracy:	1.000
Average Loss:	0.062
[2021-10-27 12:33:58,908][core.early_stopping][INFO] - Early stopping counter: 20 / 5
[2021-10-27 12:33:58,934][core.early_stopping][INFO] - Pausing model saving until validation loss decreases by 0.0001
[2021-10-27 12:33:58,934][core.trainer][INFO] - Computing metrics for 'test' dataset
[2021-10-27 12:34:26,440][core.metrics.meter][INFO] - Meter:
SequenceAccuracy:	0.951
TokenAccuracy:	1.000
LengthAccuracy:	0.953
1st Token Accuracy:	1.000
2nd Token Accuracy:	1.000
Average Loss:	0.061
[2021-10-27 12:34:26,441][core.trainer][INFO] - Computing metrics for 'gen' dataset
[2021-10-27 12:34:56,150][core.metrics.meter][INFO] - Meter:
SequenceAccuracy:	0.008
TokenAccuracy:	0.609
LengthAccuracy:	0.930
1st Token Accuracy:	0.116
2nd Token Accuracy:	1.000
Average Loss:	2.264
[2021-10-27 12:34:56,174][core.trainer][INFO] - EPOCH 47 / 50
[2021-10-27 12:34:56,174][core.trainer][INFO] - Computing metrics for 'train' dataset
[2021-10-27 12:35:15,995][core.trainer][INFO] - Computing metrics for 'val' dataset
[2021-10-27 12:35:18,836][core.metrics.meter][INFO] - Meter:
SequenceAccuracy:	0.951
TokenAccuracy:	1.000
LengthAccuracy:	0.952
1st Token Accuracy:	1.000
2nd Token Accuracy:	1.000
Average Loss:	0.062
[2021-10-27 12:35:18,902][core.early_stopping][INFO] - Early stopping counter: 21 / 5
[2021-10-27 12:35:18,928][core.early_stopping][INFO] - Pausing model saving until validation loss decreases by 0.0001
[2021-10-27 12:35:18,928][core.trainer][INFO] - Computing metrics for 'test' dataset
[2021-10-27 12:35:46,399][core.metrics.meter][INFO] - Meter:
SequenceAccuracy:	0.954
TokenAccuracy:	1.000
LengthAccuracy:	0.955
1st Token Accuracy:	1.000
2nd Token Accuracy:	1.000
Average Loss:	0.059
[2021-10-27 12:35:46,400][core.trainer][INFO] - Computing metrics for 'gen' dataset
[2021-10-27 12:36:16,116][core.metrics.meter][INFO] - Meter:
SequenceAccuracy:	0.009
TokenAccuracy:	0.613
LengthAccuracy:	0.927
1st Token Accuracy:	0.119
2nd Token Accuracy:	1.000
Average Loss:	2.249
[2021-10-27 12:36:16,117][core.trainer][INFO] - EPOCH 48 / 50
[2021-10-27 12:36:16,117][core.trainer][INFO] - Computing metrics for 'train' dataset
[2021-10-27 12:36:35,875][core.trainer][INFO] - Computing metrics for 'val' dataset
[2021-10-27 12:36:38,733][core.metrics.meter][INFO] - Meter:
SequenceAccuracy:	0.951
TokenAccuracy:	1.000
LengthAccuracy:	0.953
1st Token Accuracy:	1.000
2nd Token Accuracy:	1.000
Average Loss:	0.063
[2021-10-27 12:36:38,791][core.early_stopping][INFO] - Early stopping counter: 22 / 5
[2021-10-27 12:36:38,817][core.early_stopping][INFO] - Pausing model saving until validation loss decreases by 0.0001
[2021-10-27 12:36:38,817][core.trainer][INFO] - Computing metrics for 'test' dataset
[2021-10-27 12:37:06,330][core.metrics.meter][INFO] - Meter:
SequenceAccuracy:	0.946
TokenAccuracy:	1.000
LengthAccuracy:	0.947
1st Token Accuracy:	1.000
2nd Token Accuracy:	1.000
Average Loss:	0.066
[2021-10-27 12:37:06,344][core.trainer][INFO] - Computing metrics for 'gen' dataset
[2021-10-27 12:37:36,061][core.metrics.meter][INFO] - Meter:
SequenceAccuracy:	0.010
TokenAccuracy:	0.611
LengthAccuracy:	0.930
1st Token Accuracy:	0.118
2nd Token Accuracy:	1.000
Average Loss:	2.262
[2021-10-27 12:37:36,062][core.trainer][INFO] - EPOCH 49 / 50
[2021-10-27 12:37:36,062][core.trainer][INFO] - Computing metrics for 'train' dataset
[2021-10-27 12:37:55,781][core.trainer][INFO] - Computing metrics for 'val' dataset
[2021-10-27 12:37:58,636][core.metrics.meter][INFO] - Meter:
SequenceAccuracy:	0.954
TokenAccuracy:	1.000
LengthAccuracy:	0.955
1st Token Accuracy:	1.000
2nd Token Accuracy:	1.000
Average Loss:	0.056
[2021-10-27 12:37:58,697][core.early_stopping][INFO] - Early stopping counter: 23 / 5
[2021-10-27 12:37:58,723][core.early_stopping][INFO] - Pausing model saving until validation loss decreases by 0.0001
[2021-10-27 12:37:58,723][core.trainer][INFO] - Computing metrics for 'test' dataset
[2021-10-27 12:38:26,251][core.metrics.meter][INFO] - Meter:
SequenceAccuracy:	0.951
TokenAccuracy:	1.000
LengthAccuracy:	0.952
1st Token Accuracy:	1.000
2nd Token Accuracy:	1.000
Average Loss:	0.062
[2021-10-27 12:38:26,251][core.trainer][INFO] - Computing metrics for 'gen' dataset
[2021-10-27 12:38:56,017][core.metrics.meter][INFO] - Meter:
SequenceAccuracy:	0.009
TokenAccuracy:	0.610
LengthAccuracy:	0.921
1st Token Accuracy:	0.117
2nd Token Accuracy:	1.000
Average Loss:	2.279
[2021-10-27 12:38:56,018][core.trainer][INFO] - EPOCH 50 / 50
[2021-10-27 12:38:56,018][core.trainer][INFO] - Computing metrics for 'train' dataset
[2021-10-27 12:39:15,811][core.trainer][INFO] - Computing metrics for 'val' dataset
[2021-10-27 12:39:18,670][core.metrics.meter][INFO] - Meter:
SequenceAccuracy:	0.951
TokenAccuracy:	1.000
LengthAccuracy:	0.952
1st Token Accuracy:	1.000
2nd Token Accuracy:	1.000
Average Loss:	0.060
[2021-10-27 12:39:18,728][core.early_stopping][INFO] - Early stopping counter: 24 / 5
[2021-10-27 12:39:18,753][core.early_stopping][INFO] - Pausing model saving until validation loss decreases by 0.0001
[2021-10-27 12:39:18,753][core.trainer][INFO] - Computing metrics for 'test' dataset
[2021-10-27 12:39:46,226][core.metrics.meter][INFO] - Meter:
SequenceAccuracy:	0.948
TokenAccuracy:	1.000
LengthAccuracy:	0.949
1st Token Accuracy:	1.000
2nd Token Accuracy:	1.000
Average Loss:	0.064
[2021-10-27 12:39:46,247][core.trainer][INFO] - Computing metrics for 'gen' dataset
[2021-10-27 12:40:15,947][core.metrics.meter][INFO] - Meter:
SequenceAccuracy:	0.008
TokenAccuracy:	0.612
LengthAccuracy:	0.933
1st Token Accuracy:	0.117
2nd Token Accuracy:	1.000
Average Loss:	2.266
