experiment:
  dataset:
    name: ms-question-en
    input: ms-question.tsv
    source_format: sequence
    target_format: sequence
    overwrite: false
    transform_field: target
    splits:
      train: 80
      test: 10
      val: 10
  hyperparameters:
    epochs: 50
    batch_size: 5
    lr: 0.001
    tolerance: 0.0001
    num_iters_eval: 1000
    min_iters: 30000
    patience: 5
    tf_ratio: 0.5
    cuda: 0
  model:
    name: Transformer
    encoder:
      unit: Transformer
      type: sequence
      dropout: 0
      num_layers: 1
      hidden_size: 256
      embedding_size: 256
      num_heads: 8
    decoder:
      unit: Transformer
      type: sequence
      dropout: 0
      num_layers: 1
      max_length: 30
      hidden_size: 256
      embedding_size: 256
      num_heads: 8
      attention: null
  name: qform-en-transformer-1layer
pretty_print: true

[2021-10-27 15:01:42,141][core.trainer][INFO] - DEVICE: cuda
[2021-10-27 15:01:42,141][core.dataset.base_dataset][INFO] - Initializing dataset
[2021-10-27 15:01:42,142][core.dataset.base_dataset][INFO] - Constructing fields from dataset.
[2021-10-27 15:01:45,121][core.trainer][INFO] - TransductionDataset(
 splits: [val (1000 sequences), train (100000 sequences), test (10000 sequences), gen (10000 sequences)]
 fields: [source, annotation, target]
)
[2021-10-27 15:01:45,121][core.models.base_model][INFO] - Initializing model
[2021-10-27 15:01:49,979][core.trainer][INFO] - TransductionModel(
  (_encoder): TransductionSequenceEncoder(
    (module): Sequential(
      (0): Sequential(
        (0): Embedding(68, 256)
        (1): PositionalEncoding(
          (dropout): Dropout(p=0.0, inplace=False)
        )
      )
      (1): TransformerEncoder(
        (layers): ModuleList(
          (0): TransformerEncoderLayer(
            (self_attn): MultiheadAttention(
              (out_proj): _LinearWithBias(in_features=256, out_features=256, bias=True)
            )
            (linear1): Linear(in_features=256, out_features=2048, bias=True)
            (dropout): Dropout(p=0.1, inplace=False)
            (linear2): Linear(in_features=2048, out_features=256, bias=True)
            (norm1): LayerNorm((256,), eps=1e-05, elementwise_affine=True)
            (norm2): LayerNorm((256,), eps=1e-05, elementwise_affine=True)
            (dropout1): Dropout(p=0.1, inplace=False)
            (dropout2): Dropout(p=0.1, inplace=False)
          )
        )
      )
    )
  )
  (_decoder): TransformerSequenceDecoder(
    (_embedding): Sequential(
      (0): Embedding(71, 256)
      (1): PositionalEncoding(
        (dropout): Dropout(p=0.0, inplace=False)
      )
    )
    (_unit): TransformerDecoder(
      (layers): ModuleList(
        (0): TransformerDecoderLayer(
          (self_attn): MultiheadAttention(
            (out_proj): _LinearWithBias(in_features=256, out_features=256, bias=True)
          )
          (multihead_attn): MultiheadAttention(
            (out_proj): _LinearWithBias(in_features=256, out_features=256, bias=True)
          )
          (linear1): Linear(in_features=256, out_features=2048, bias=True)
          (dropout): Dropout(p=0.0, inplace=False)
          (linear2): Linear(in_features=2048, out_features=256, bias=True)
          (norm1): LayerNorm((256,), eps=1e-05, elementwise_affine=True)
          (norm2): LayerNorm((256,), eps=1e-05, elementwise_affine=True)
          (norm3): LayerNorm((256,), eps=1e-05, elementwise_affine=True)
          (dropout1): Dropout(p=0.0, inplace=False)
          (dropout2): Dropout(p=0.0, inplace=False)
          (dropout3): Dropout(p=0.0, inplace=False)
        )
      )
    )
    (_out): Linear(in_features=256, out_features=71, bias=True)
  )
)
[2021-10-27 15:01:49,980][core.trainer][INFO] - Beginning training
[2021-10-27 15:01:49,983][core.metrics.meter][INFO] - Logging with tensorboard; view with `tensorboard --logdir=/scratch/lw2534/lab/transductions/outputs/qform-en-transformer-1layer/Transformer/2021-10-27_15-01-42/tensorboard`
[2021-10-27 15:01:49,987][core.trainer][INFO] - EPOCH 1 / 50
[2021-10-27 15:01:49,987][core.trainer][INFO] - Computing metrics for 'train' dataset
[2021-10-27 15:02:07,484][core.trainer][INFO] - Computing metrics for 'val' dataset
[2021-10-27 15:02:09,805][core.metrics.meter][INFO] - Meter:
SequenceAccuracy:	0.000
TokenAccuracy:	0.131
LengthAccuracy:	0.371
1st Token Accuracy:	0.100
2nd Token Accuracy:	0.047
Average Loss:	3.721
[2021-10-27 15:02:26,532][core.trainer][INFO] - Computing metrics for 'val' dataset
[2021-10-27 15:02:28,869][core.metrics.meter][INFO] - Meter:
SequenceAccuracy:	0.000
TokenAccuracy:	0.151
LengthAccuracy:	0.333
1st Token Accuracy:	0.157
2nd Token Accuracy:	0.085
Average Loss:	3.513
[2021-10-27 15:02:46,015][core.trainer][INFO] - Computing metrics for 'val' dataset
[2021-10-27 15:02:48,318][core.metrics.meter][INFO] - Meter:
SequenceAccuracy:	0.000
TokenAccuracy:	0.173
LengthAccuracy:	0.376
1st Token Accuracy:	0.245
2nd Token Accuracy:	0.101
Average Loss:	3.428
[2021-10-27 15:03:05,265][core.trainer][INFO] - Computing metrics for 'val' dataset
[2021-10-27 15:03:07,634][core.metrics.meter][INFO] - Meter:
SequenceAccuracy:	0.000
TokenAccuracy:	0.188
LengthAccuracy:	0.329
1st Token Accuracy:	0.413
2nd Token Accuracy:	0.115
Average Loss:	3.380
[2021-10-27 15:03:24,898][core.trainer][INFO] - Computing metrics for 'val' dataset
[2021-10-27 15:03:27,277][core.metrics.meter][INFO] - Meter:
SequenceAccuracy:	0.000
TokenAccuracy:	0.212
LengthAccuracy:	0.347
1st Token Accuracy:	0.554
2nd Token Accuracy:	0.147
Average Loss:	3.309
[2021-10-27 15:03:44,770][core.trainer][INFO] - Computing metrics for 'val' dataset
[2021-10-27 15:03:47,285][core.metrics.meter][INFO] - Meter:
SequenceAccuracy:	0.000
TokenAccuracy:	0.227
LengthAccuracy:	0.363
1st Token Accuracy:	0.622
2nd Token Accuracy:	0.173
Average Loss:	3.237
[2021-10-27 15:04:05,413][core.trainer][INFO] - Computing metrics for 'val' dataset
[2021-10-27 15:04:07,938][core.metrics.meter][INFO] - Meter:
SequenceAccuracy:	0.000
TokenAccuracy:	0.247
LengthAccuracy:	0.431
1st Token Accuracy:	0.668
2nd Token Accuracy:	0.191
Average Loss:	3.143
[2021-10-27 15:04:26,606][core.trainer][INFO] - Computing metrics for 'val' dataset
[2021-10-27 15:04:29,324][core.metrics.meter][INFO] - Meter:
SequenceAccuracy:	0.000
TokenAccuracy:	0.272
LengthAccuracy:	0.523
1st Token Accuracy:	0.725
2nd Token Accuracy:	0.210
Average Loss:	3.021
[2021-10-27 15:04:48,187][core.trainer][INFO] - Computing metrics for 'val' dataset
[2021-10-27 15:04:50,946][core.metrics.meter][INFO] - Meter:
SequenceAccuracy:	0.000
TokenAccuracy:	0.294
LengthAccuracy:	0.559
1st Token Accuracy:	0.782
2nd Token Accuracy:	0.223
Average Loss:	2.893
[2021-10-27 15:05:10,066][core.trainer][INFO] - Computing metrics for 'val' dataset
[2021-10-27 15:05:12,803][core.metrics.meter][INFO] - Meter:
SequenceAccuracy:	0.000
TokenAccuracy:	0.324
LengthAccuracy:	0.614
1st Token Accuracy:	0.853
2nd Token Accuracy:	0.277
Average Loss:	2.758
[2021-10-27 15:05:32,084][core.trainer][INFO] - Computing metrics for 'val' dataset
[2021-10-27 15:05:34,819][core.metrics.meter][INFO] - Meter:
SequenceAccuracy:	0.000
TokenAccuracy:	0.354
LengthAccuracy:	0.658
1st Token Accuracy:	0.912
2nd Token Accuracy:	0.348
Average Loss:	2.624
[2021-10-27 15:05:54,162][core.trainer][INFO] - Computing metrics for 'val' dataset
[2021-10-27 15:05:56,936][core.metrics.meter][INFO] - Meter:
SequenceAccuracy:	0.000
TokenAccuracy:	0.374
LengthAccuracy:	0.697
1st Token Accuracy:	0.948
2nd Token Accuracy:	0.398
Average Loss:	2.519
[2021-10-27 15:06:16,345][core.trainer][INFO] - Computing metrics for 'val' dataset
[2021-10-27 15:06:19,071][core.metrics.meter][INFO] - Meter:
SequenceAccuracy:	0.000
TokenAccuracy:	0.390
LengthAccuracy:	0.705
1st Token Accuracy:	0.961
2nd Token Accuracy:	0.430
Average Loss:	2.440
[2021-10-27 15:06:38,690][core.trainer][INFO] - Computing metrics for 'val' dataset
[2021-10-27 15:06:41,459][core.metrics.meter][INFO] - Meter:
SequenceAccuracy:	0.000
TokenAccuracy:	0.403
LengthAccuracy:	0.731
1st Token Accuracy:	0.973
2nd Token Accuracy:	0.448
Average Loss:	2.368
[2021-10-27 15:07:01,012][core.trainer][INFO] - Computing metrics for 'val' dataset
[2021-10-27 15:07:03,801][core.metrics.meter][INFO] - Meter:
SequenceAccuracy:	0.000
TokenAccuracy:	0.423
LengthAccuracy:	0.762
1st Token Accuracy:	0.985
2nd Token Accuracy:	0.466
Average Loss:	2.280
[2021-10-27 15:07:23,317][core.trainer][INFO] - Computing metrics for 'val' dataset
[2021-10-27 15:07:26,122][core.metrics.meter][INFO] - Meter:
SequenceAccuracy:	0.000
TokenAccuracy:	0.440
LengthAccuracy:	0.766
1st Token Accuracy:	0.991
2nd Token Accuracy:	0.496
Average Loss:	2.204
[2021-10-27 15:07:45,674][core.trainer][INFO] - Computing metrics for 'val' dataset
[2021-10-27 15:07:48,490][core.metrics.meter][INFO] - Meter:
SequenceAccuracy:	0.000
TokenAccuracy:	0.461
LengthAccuracy:	0.788
1st Token Accuracy:	0.992
2nd Token Accuracy:	0.540
Average Loss:	2.113
[2021-10-27 15:08:08,083][core.trainer][INFO] - Computing metrics for 'val' dataset
[2021-10-27 15:08:10,866][core.metrics.meter][INFO] - Meter:
SequenceAccuracy:	0.000
TokenAccuracy:	0.480
LengthAccuracy:	0.809
1st Token Accuracy:	0.994
2nd Token Accuracy:	0.581
Average Loss:	2.028
[2021-10-27 15:08:30,542][core.trainer][INFO] - Computing metrics for 'val' dataset
[2021-10-27 15:08:33,375][core.metrics.meter][INFO] - Meter:
SequenceAccuracy:	0.001
TokenAccuracy:	0.506
LengthAccuracy:	0.844
1st Token Accuracy:	0.997
2nd Token Accuracy:	0.629
Average Loss:	1.933
[2021-10-27 15:08:53,077][core.trainer][INFO] - Computing metrics for 'val' dataset
[2021-10-27 15:08:55,934][core.metrics.meter][INFO] - Meter:
SequenceAccuracy:	0.005
TokenAccuracy:	0.537
LengthAccuracy:	0.889
1st Token Accuracy:	0.997
2nd Token Accuracy:	0.666
Average Loss:	1.815
[2021-10-27 15:08:56,069][core.trainer][INFO] - Computing metrics for 'test' dataset
[2021-10-27 15:09:23,539][core.metrics.meter][INFO] - Meter:
SequenceAccuracy:	0.008
TokenAccuracy:	0.504
LengthAccuracy:	0.882
1st Token Accuracy:	0.996
2nd Token Accuracy:	0.688
Average Loss:	2.001
[2021-10-27 15:09:23,569][core.trainer][INFO] - Computing metrics for 'gen' dataset
[2021-10-27 15:09:52,861][core.metrics.meter][INFO] - Meter:
SequenceAccuracy:	0.000
TokenAccuracy:	0.444
LengthAccuracy:	0.727
1st Token Accuracy:	0.167
2nd Token Accuracy:	0.975
Average Loss:	2.188
[2021-10-27 15:09:52,877][core.trainer][INFO] - EPOCH 2 / 50
[2021-10-27 15:09:52,877][core.trainer][INFO] - Computing metrics for 'train' dataset
[2021-10-27 15:10:12,539][core.trainer][INFO] - Computing metrics for 'val' dataset
[2021-10-27 15:10:15,374][core.metrics.meter][INFO] - Meter:
SequenceAccuracy:	0.009
TokenAccuracy:	0.560
LengthAccuracy:	0.885
1st Token Accuracy:	0.997
2nd Token Accuracy:	0.714
Average Loss:	1.716
[2021-10-27 15:10:35,128][core.trainer][INFO] - Computing metrics for 'val' dataset
[2021-10-27 15:10:37,968][core.metrics.meter][INFO] - Meter:
SequenceAccuracy:	0.018
TokenAccuracy:	0.589
LengthAccuracy:	0.896
1st Token Accuracy:	0.997
2nd Token Accuracy:	0.775
Average Loss:	1.604
[2021-10-27 15:10:57,565][core.trainer][INFO] - Computing metrics for 'val' dataset
[2021-10-27 15:11:00,439][core.metrics.meter][INFO] - Meter:
SequenceAccuracy:	0.045
TokenAccuracy:	0.640
LengthAccuracy:	0.900
1st Token Accuracy:	0.999
2nd Token Accuracy:	0.844
Average Loss:	1.429
[2021-10-27 15:11:20,412][core.trainer][INFO] - Computing metrics for 'val' dataset
[2021-10-27 15:11:23,273][core.metrics.meter][INFO] - Meter:
SequenceAccuracy:	0.110
TokenAccuracy:	0.689
LengthAccuracy:	0.908
1st Token Accuracy:	0.998
2nd Token Accuracy:	0.929
Average Loss:	1.275
[2021-10-27 15:11:43,215][core.trainer][INFO] - Computing metrics for 'val' dataset
[2021-10-27 15:11:46,096][core.metrics.meter][INFO] - Meter:
SequenceAccuracy:	0.202
TokenAccuracy:	0.746
LengthAccuracy:	0.927
1st Token Accuracy:	0.999
2nd Token Accuracy:	0.971
Average Loss:	1.082
[2021-10-27 15:12:06,019][core.trainer][INFO] - Computing metrics for 'val' dataset
[2021-10-27 15:12:08,892][core.metrics.meter][INFO] - Meter:
SequenceAccuracy:	0.301
TokenAccuracy:	0.788
LengthAccuracy:	0.936
1st Token Accuracy:	1.000
2nd Token Accuracy:	0.988
Average Loss:	0.925
[2021-10-27 15:12:28,795][core.trainer][INFO] - Computing metrics for 'val' dataset
[2021-10-27 15:12:31,723][core.metrics.meter][INFO] - Meter:
SequenceAccuracy:	0.398
TokenAccuracy:	0.831
LengthAccuracy:	0.936
1st Token Accuracy:	1.000
2nd Token Accuracy:	0.995
Average Loss:	0.766
[2021-10-27 15:12:51,619][core.trainer][INFO] - Computing metrics for 'val' dataset
[2021-10-27 15:12:54,503][core.metrics.meter][INFO] - Meter:
SequenceAccuracy:	0.487
TokenAccuracy:	0.862
LengthAccuracy:	0.943
1st Token Accuracy:	0.999
2nd Token Accuracy:	0.998
Average Loss:	0.645
[2021-10-27 15:13:14,448][core.trainer][INFO] - Computing metrics for 'val' dataset
[2021-10-27 15:13:17,333][core.metrics.meter][INFO] - Meter:
SequenceAccuracy:	0.552
TokenAccuracy:	0.883
LengthAccuracy:	0.944
1st Token Accuracy:	1.000
2nd Token Accuracy:	0.999
Average Loss:	0.551
[2021-10-27 15:13:37,305][core.trainer][INFO] - Computing metrics for 'val' dataset
[2021-10-27 15:13:40,180][core.metrics.meter][INFO] - Meter:
SequenceAccuracy:	0.605
TokenAccuracy:	0.901
LengthAccuracy:	0.949
1st Token Accuracy:	1.000
2nd Token Accuracy:	0.999
Average Loss:	0.479
[2021-10-27 15:14:00,099][core.trainer][INFO] - Computing metrics for 'val' dataset
[2021-10-27 15:14:02,978][core.metrics.meter][INFO] - Meter:
SequenceAccuracy:	0.664
TokenAccuracy:	0.922
LengthAccuracy:	0.944
1st Token Accuracy:	1.000
2nd Token Accuracy:	1.000
Average Loss:	0.397
[2021-10-27 15:14:23,004][core.trainer][INFO] - Computing metrics for 'val' dataset
[2021-10-27 15:14:25,889][core.metrics.meter][INFO] - Meter:
SequenceAccuracy:	0.686
TokenAccuracy:	0.928
LengthAccuracy:	0.946
1st Token Accuracy:	1.000
2nd Token Accuracy:	1.000
Average Loss:	0.364
[2021-10-27 15:14:45,916][core.trainer][INFO] - Computing metrics for 'val' dataset
[2021-10-27 15:14:48,785][core.metrics.meter][INFO] - Meter:
SequenceAccuracy:	0.726
TokenAccuracy:	0.941
LengthAccuracy:	0.955
1st Token Accuracy:	1.000
2nd Token Accuracy:	1.000
Average Loss:	0.309
[2021-10-27 15:15:08,825][core.trainer][INFO] - Computing metrics for 'val' dataset
[2021-10-27 15:15:11,704][core.metrics.meter][INFO] - Meter:
SequenceAccuracy:	0.740
TokenAccuracy:	0.949
LengthAccuracy:	0.945
1st Token Accuracy:	1.000
2nd Token Accuracy:	1.000
Average Loss:	0.285
[2021-10-27 15:15:31,604][core.trainer][INFO] - Computing metrics for 'val' dataset
[2021-10-27 15:15:34,493][core.metrics.meter][INFO] - Meter:
SequenceAccuracy:	0.774
TokenAccuracy:	0.957
LengthAccuracy:	0.955
1st Token Accuracy:	1.000
2nd Token Accuracy:	1.000
Average Loss:	0.245
[2021-10-27 15:15:54,334][core.trainer][INFO] - Computing metrics for 'val' dataset
[2021-10-27 15:15:57,214][core.metrics.meter][INFO] - Meter:
SequenceAccuracy:	0.805
TokenAccuracy:	0.966
LengthAccuracy:	0.952
1st Token Accuracy:	1.000
2nd Token Accuracy:	1.000
Average Loss:	0.212
[2021-10-27 15:16:17,250][core.trainer][INFO] - Computing metrics for 'val' dataset
[2021-10-27 15:16:20,128][core.metrics.meter][INFO] - Meter:
SequenceAccuracy:	0.818
TokenAccuracy:	0.969
LengthAccuracy:	0.949
1st Token Accuracy:	1.000
2nd Token Accuracy:	1.000
Average Loss:	0.201
[2021-10-27 15:16:40,471][core.trainer][INFO] - Computing metrics for 'val' dataset
[2021-10-27 15:16:43,330][core.metrics.meter][INFO] - Meter:
SequenceAccuracy:	0.837
TokenAccuracy:	0.974
LengthAccuracy:	0.947
1st Token Accuracy:	1.000
2nd Token Accuracy:	1.000
Average Loss:	0.178
[2021-10-27 15:17:03,126][core.trainer][INFO] - Computing metrics for 'val' dataset
[2021-10-27 15:17:05,990][core.metrics.meter][INFO] - Meter:
SequenceAccuracy:	0.854
TokenAccuracy:	0.978
LengthAccuracy:	0.950
1st Token Accuracy:	1.000
2nd Token Accuracy:	1.000
Average Loss:	0.164
[2021-10-27 15:17:25,852][core.trainer][INFO] - Computing metrics for 'val' dataset
[2021-10-27 15:17:28,715][core.metrics.meter][INFO] - Meter:
SequenceAccuracy:	0.854
TokenAccuracy:	0.981
LengthAccuracy:	0.945
1st Token Accuracy:	1.000
2nd Token Accuracy:	1.000
Average Loss:	0.155
[2021-10-27 15:17:28,841][core.trainer][INFO] - Computing metrics for 'test' dataset
[2021-10-27 15:17:56,504][core.metrics.meter][INFO] - Meter:
SequenceAccuracy:	0.870
TokenAccuracy:	0.976
LengthAccuracy:	0.949
1st Token Accuracy:	1.000
2nd Token Accuracy:	1.000
Average Loss:	0.158
[2021-10-27 15:17:56,530][core.trainer][INFO] - Computing metrics for 'gen' dataset
[2021-10-27 15:18:26,444][core.metrics.meter][INFO] - Meter:
SequenceAccuracy:	0.001
TokenAccuracy:	0.577
LengthAccuracy:	0.922
1st Token Accuracy:	0.024
2nd Token Accuracy:	1.000
Average Loss:	1.790
[2021-10-27 15:18:26,463][core.trainer][INFO] - EPOCH 3 / 50
[2021-10-27 15:18:26,464][core.trainer][INFO] - Computing metrics for 'train' dataset
[2021-10-27 15:18:46,292][core.trainer][INFO] - Computing metrics for 'val' dataset
[2021-10-27 15:18:49,150][core.metrics.meter][INFO] - Meter:
SequenceAccuracy:	0.876
TokenAccuracy:	0.984
LengthAccuracy:	0.948
1st Token Accuracy:	1.000
2nd Token Accuracy:	1.000
Average Loss:	0.137
[2021-10-27 15:19:09,046][core.trainer][INFO] - Computing metrics for 'val' dataset
[2021-10-27 15:19:11,916][core.metrics.meter][INFO] - Meter:
SequenceAccuracy:	0.875
TokenAccuracy:	0.983
LengthAccuracy:	0.948
1st Token Accuracy:	1.000
2nd Token Accuracy:	1.000
Average Loss:	0.135
[2021-10-27 15:19:11,986][core.early_stopping][INFO] - Early stopping counter: 1 / 5
[2021-10-27 15:19:12,010][core.early_stopping][INFO] - Pausing model saving until validation loss decreases by 0.0001
[2021-10-27 15:19:31,692][core.trainer][INFO] - Computing metrics for 'val' dataset
[2021-10-27 15:19:34,572][core.metrics.meter][INFO] - Meter:
SequenceAccuracy:	0.888
TokenAccuracy:	0.987
LengthAccuracy:	0.951
1st Token Accuracy:	1.000
2nd Token Accuracy:	1.000
Average Loss:	0.122
[2021-10-27 15:19:34,629][core.early_stopping][INFO] - Early stopping counter: 2 / 5
[2021-10-27 15:19:34,654][core.early_stopping][INFO] - Pausing model saving until validation loss decreases by 0.0001
[2021-10-27 15:19:54,384][core.trainer][INFO] - Computing metrics for 'val' dataset
[2021-10-27 15:19:57,344][core.metrics.meter][INFO] - Meter:
SequenceAccuracy:	0.890
TokenAccuracy:	0.988
LengthAccuracy:	0.952
1st Token Accuracy:	1.000
2nd Token Accuracy:	1.000
Average Loss:	0.118
[2021-10-27 15:20:17,219][core.trainer][INFO] - Computing metrics for 'val' dataset
[2021-10-27 15:20:20,159][core.metrics.meter][INFO] - Meter:
SequenceAccuracy:	0.896
TokenAccuracy:	0.989
LengthAccuracy:	0.949
1st Token Accuracy:	1.000
2nd Token Accuracy:	1.000
Average Loss:	0.112
[2021-10-27 15:20:39,960][core.trainer][INFO] - Computing metrics for 'val' dataset
[2021-10-27 15:20:42,838][core.metrics.meter][INFO] - Meter:
SequenceAccuracy:	0.904
TokenAccuracy:	0.990
LengthAccuracy:	0.953
1st Token Accuracy:	1.000
2nd Token Accuracy:	1.000
Average Loss:	0.106
[2021-10-27 15:21:02,690][core.trainer][INFO] - Computing metrics for 'val' dataset
[2021-10-27 15:21:05,556][core.metrics.meter][INFO] - Meter:
SequenceAccuracy:	0.906
TokenAccuracy:	0.991
LengthAccuracy:	0.953
1st Token Accuracy:	1.000
2nd Token Accuracy:	1.000
Average Loss:	0.101
[2021-10-27 15:21:05,621][core.early_stopping][INFO] - Early stopping counter: 1 / 5
[2021-10-27 15:21:05,646][core.early_stopping][INFO] - Pausing model saving until validation loss decreases by 0.0001
[2021-10-27 15:21:25,298][core.trainer][INFO] - Computing metrics for 'val' dataset
[2021-10-27 15:21:28,159][core.metrics.meter][INFO] - Meter:
SequenceAccuracy:	0.907
TokenAccuracy:	0.992
LengthAccuracy:	0.948
1st Token Accuracy:	1.000
2nd Token Accuracy:	1.000
Average Loss:	0.099
[2021-10-27 15:21:28,216][core.early_stopping][INFO] - Early stopping counter: 2 / 5
[2021-10-27 15:21:28,241][core.early_stopping][INFO] - Pausing model saving until validation loss decreases by 0.0001
[2021-10-27 15:21:47,913][core.trainer][INFO] - Computing metrics for 'val' dataset
[2021-10-27 15:21:50,788][core.metrics.meter][INFO] - Meter:
SequenceAccuracy:	0.912
TokenAccuracy:	0.992
LengthAccuracy:	0.950
1st Token Accuracy:	1.000
2nd Token Accuracy:	1.000
Average Loss:	0.097
[2021-10-27 15:22:10,658][core.trainer][INFO] - Computing metrics for 'val' dataset
[2021-10-27 15:22:13,525][core.metrics.meter][INFO] - Meter:
SequenceAccuracy:	0.919
TokenAccuracy:	0.993
LengthAccuracy:	0.956
1st Token Accuracy:	1.000
2nd Token Accuracy:	1.000
Average Loss:	0.085
[2021-10-27 15:22:33,392][core.trainer][INFO] - Computing metrics for 'val' dataset
[2021-10-27 15:22:36,252][core.metrics.meter][INFO] - Meter:
SequenceAccuracy:	0.916
TokenAccuracy:	0.993
LengthAccuracy:	0.949
1st Token Accuracy:	1.000
2nd Token Accuracy:	1.000
Average Loss:	0.092
[2021-10-27 15:22:36,331][core.early_stopping][INFO] - Early stopping counter: 1 / 5
[2021-10-27 15:22:36,332][core.early_stopping][INFO] - Pausing model saving until validation loss decreases by 0.0001
[2021-10-27 15:22:56,053][core.trainer][INFO] - Computing metrics for 'val' dataset
[2021-10-27 15:22:58,921][core.metrics.meter][INFO] - Meter:
SequenceAccuracy:	0.925
TokenAccuracy:	0.995
LengthAccuracy:	0.953
1st Token Accuracy:	1.000
2nd Token Accuracy:	1.000
Average Loss:	0.087
[2021-10-27 15:22:58,981][core.early_stopping][INFO] - Early stopping counter: 2 / 5
[2021-10-27 15:22:59,006][core.early_stopping][INFO] - Pausing model saving until validation loss decreases by 0.0001
[2021-10-27 15:23:18,763][core.trainer][INFO] - Computing metrics for 'val' dataset
[2021-10-27 15:23:21,629][core.metrics.meter][INFO] - Meter:
SequenceAccuracy:	0.924
TokenAccuracy:	0.995
LengthAccuracy:	0.952
1st Token Accuracy:	1.000
2nd Token Accuracy:	1.000
Average Loss:	0.085
[2021-10-27 15:23:41,527][core.trainer][INFO] - Computing metrics for 'val' dataset
[2021-10-27 15:23:44,396][core.metrics.meter][INFO] - Meter:
SequenceAccuracy:	0.927
TokenAccuracy:	0.995
LengthAccuracy:	0.955
1st Token Accuracy:	1.000
2nd Token Accuracy:	1.000
Average Loss:	0.084
[2021-10-27 15:24:04,241][core.trainer][INFO] - Computing metrics for 'val' dataset
[2021-10-27 15:24:07,100][core.metrics.meter][INFO] - Meter:
SequenceAccuracy:	0.927
TokenAccuracy:	0.996
LengthAccuracy:	0.952
1st Token Accuracy:	1.000
2nd Token Accuracy:	1.000
Average Loss:	0.080
[2021-10-27 15:24:07,157][core.early_stopping][INFO] - Early stopping counter: 1 / 5
[2021-10-27 15:24:07,181][core.early_stopping][INFO] - Pausing model saving until validation loss decreases by 0.0001
[2021-10-27 15:24:26,904][core.trainer][INFO] - Computing metrics for 'val' dataset
[2021-10-27 15:24:29,764][core.metrics.meter][INFO] - Meter:
SequenceAccuracy:	0.927
TokenAccuracy:	0.996
LengthAccuracy:	0.951
1st Token Accuracy:	1.000
2nd Token Accuracy:	1.000
Average Loss:	0.083
[2021-10-27 15:24:29,821][core.early_stopping][INFO] - Early stopping counter: 2 / 5
[2021-10-27 15:24:29,847][core.early_stopping][INFO] - Pausing model saving until validation loss decreases by 0.0001
[2021-10-27 15:24:49,657][core.trainer][INFO] - Computing metrics for 'val' dataset
[2021-10-27 15:24:52,516][core.metrics.meter][INFO] - Meter:
SequenceAccuracy:	0.933
TokenAccuracy:	0.996
LengthAccuracy:	0.953
1st Token Accuracy:	1.000
2nd Token Accuracy:	1.000
Average Loss:	0.080
[2021-10-27 15:24:52,593][core.early_stopping][INFO] - Early stopping counter: 3 / 5
[2021-10-27 15:24:52,593][core.early_stopping][INFO] - Pausing model saving until validation loss decreases by 0.0001
[2021-10-27 15:25:12,329][core.trainer][INFO] - Computing metrics for 'val' dataset
[2021-10-27 15:25:15,189][core.metrics.meter][INFO] - Meter:
SequenceAccuracy:	0.929
TokenAccuracy:	0.997
LengthAccuracy:	0.947
1st Token Accuracy:	1.000
2nd Token Accuracy:	1.000
Average Loss:	0.080
[2021-10-27 15:25:15,247][core.early_stopping][INFO] - Early stopping counter: 4 / 5
[2021-10-27 15:25:15,272][core.early_stopping][INFO] - Pausing model saving until validation loss decreases by 0.0001
[2021-10-27 15:25:34,985][core.trainer][INFO] - Computing metrics for 'val' dataset
[2021-10-27 15:25:37,854][core.metrics.meter][INFO] - Meter:
SequenceAccuracy:	0.934
TokenAccuracy:	0.997
LengthAccuracy:	0.952
1st Token Accuracy:	1.000
2nd Token Accuracy:	1.000
Average Loss:	0.077
[2021-10-27 15:25:57,682][core.trainer][INFO] - Computing metrics for 'val' dataset
[2021-10-27 15:26:00,543][core.metrics.meter][INFO] - Meter:
SequenceAccuracy:	0.941
TokenAccuracy:	0.997
LengthAccuracy:	0.955
1st Token Accuracy:	1.000
2nd Token Accuracy:	1.000
Average Loss:	0.072
[2021-10-27 15:26:00,600][core.early_stopping][INFO] - Early stopping counter: 1 / 5
[2021-10-27 15:26:00,626][core.early_stopping][INFO] - Pausing model saving until validation loss decreases by 0.0001
[2021-10-27 15:26:00,628][core.trainer][INFO] - Computing metrics for 'test' dataset
[2021-10-27 15:26:28,298][core.metrics.meter][INFO] - Meter:
SequenceAccuracy:	0.937
TokenAccuracy:	0.996
LengthAccuracy:	0.956
1st Token Accuracy:	1.000
2nd Token Accuracy:	1.000
Average Loss:	0.074
[2021-10-27 15:26:28,299][core.trainer][INFO] - Computing metrics for 'gen' dataset
[2021-10-27 15:26:58,209][core.metrics.meter][INFO] - Meter:
SequenceAccuracy:	0.000
TokenAccuracy:	0.586
LengthAccuracy:	0.938
1st Token Accuracy:	0.037
2nd Token Accuracy:	1.000
Average Loss:	2.002
[2021-10-27 15:26:58,259][core.trainer][INFO] - EPOCH 4 / 50
[2021-10-27 15:26:58,259][core.trainer][INFO] - Computing metrics for 'train' dataset
[2021-10-27 15:27:18,100][core.trainer][INFO] - Computing metrics for 'val' dataset
[2021-10-27 15:27:21,001][core.metrics.meter][INFO] - Meter:
SequenceAccuracy:	0.938
TokenAccuracy:	0.997
LengthAccuracy:	0.956
1st Token Accuracy:	1.000
2nd Token Accuracy:	1.000
Average Loss:	0.070
[2021-10-27 15:27:21,064][core.early_stopping][INFO] - Early stopping counter: 2 / 5
[2021-10-27 15:27:21,089][core.early_stopping][INFO] - Pausing model saving until validation loss decreases by 0.0001
[2021-10-27 15:27:40,821][core.trainer][INFO] - Computing metrics for 'val' dataset
[2021-10-27 15:27:43,692][core.metrics.meter][INFO] - Meter:
SequenceAccuracy:	0.937
TokenAccuracy:	0.997
LengthAccuracy:	0.954
1st Token Accuracy:	1.000
2nd Token Accuracy:	1.000
Average Loss:	0.072
[2021-10-27 15:27:43,749][core.early_stopping][INFO] - Early stopping counter: 3 / 5
[2021-10-27 15:27:43,773][core.early_stopping][INFO] - Pausing model saving until validation loss decreases by 0.0001
[2021-10-27 15:28:03,495][core.trainer][INFO] - Computing metrics for 'val' dataset
[2021-10-27 15:28:06,367][core.metrics.meter][INFO] - Meter:
SequenceAccuracy:	0.943
TokenAccuracy:	0.998
LengthAccuracy:	0.955
1st Token Accuracy:	1.000
2nd Token Accuracy:	1.000
Average Loss:	0.066
[2021-10-27 15:28:26,189][core.trainer][INFO] - Computing metrics for 'val' dataset
[2021-10-27 15:28:29,052][core.metrics.meter][INFO] - Meter:
SequenceAccuracy:	0.940
TokenAccuracy:	0.997
LengthAccuracy:	0.955
1st Token Accuracy:	1.000
2nd Token Accuracy:	1.000
Average Loss:	0.068
[2021-10-27 15:28:29,109][core.early_stopping][INFO] - Early stopping counter: 1 / 5
[2021-10-27 15:28:29,133][core.early_stopping][INFO] - Pausing model saving until validation loss decreases by 0.0001
[2021-10-27 15:28:48,765][core.trainer][INFO] - Computing metrics for 'val' dataset
[2021-10-27 15:28:51,634][core.metrics.meter][INFO] - Meter:
SequenceAccuracy:	0.940
TokenAccuracy:	0.998
LengthAccuracy:	0.954
1st Token Accuracy:	1.000
2nd Token Accuracy:	1.000
Average Loss:	0.068
[2021-10-27 15:28:51,692][core.early_stopping][INFO] - Early stopping counter: 2 / 5
[2021-10-27 15:28:51,717][core.early_stopping][INFO] - Pausing model saving until validation loss decreases by 0.0001
[2021-10-27 15:29:11,471][core.trainer][INFO] - Computing metrics for 'val' dataset
[2021-10-27 15:29:14,360][core.metrics.meter][INFO] - Meter:
SequenceAccuracy:	0.934
TokenAccuracy:	0.998
LengthAccuracy:	0.948
1st Token Accuracy:	1.000
2nd Token Accuracy:	1.000
Average Loss:	0.074
[2021-10-27 15:29:14,419][core.early_stopping][INFO] - Early stopping counter: 3 / 5
[2021-10-27 15:29:14,443][core.early_stopping][INFO] - Pausing model saving until validation loss decreases by 0.0001
[2021-10-27 15:29:34,185][core.trainer][INFO] - Computing metrics for 'val' dataset
[2021-10-27 15:29:37,151][core.metrics.meter][INFO] - Meter:
SequenceAccuracy:	0.942
TokenAccuracy:	0.998
LengthAccuracy:	0.957
1st Token Accuracy:	1.000
2nd Token Accuracy:	1.000
Average Loss:	0.063
[2021-10-27 15:29:37,233][core.early_stopping][INFO] - Early stopping counter: 4 / 5
[2021-10-27 15:29:37,233][core.early_stopping][INFO] - Pausing model saving until validation loss decreases by 0.0001
[2021-10-27 15:29:56,933][core.trainer][INFO] - Computing metrics for 'val' dataset
[2021-10-27 15:29:59,798][core.metrics.meter][INFO] - Meter:
SequenceAccuracy:	0.940
TokenAccuracy:	0.998
LengthAccuracy:	0.951
1st Token Accuracy:	1.000
2nd Token Accuracy:	1.000
Average Loss:	0.071
[2021-10-27 15:29:59,888][core.early_stopping][INFO] - Early stopping counter: 5 / 5
[2021-10-27 15:29:59,888][core.early_stopping][INFO] - Pausing model saving until validation loss decreases by 0.0001
[2021-10-27 15:29:59,889][core.trainer][INFO] - Computing metrics for 'test' dataset
[2021-10-27 15:30:27,582][core.metrics.meter][INFO] - Meter:
SequenceAccuracy:	0.941
TokenAccuracy:	0.997
LengthAccuracy:	0.953
1st Token Accuracy:	1.000
2nd Token Accuracy:	1.000
Average Loss:	0.071
[2021-10-27 15:30:27,582][core.trainer][INFO] - Computing metrics for 'gen' dataset
[2021-10-27 15:30:57,556][core.metrics.meter][INFO] - Meter:
SequenceAccuracy:	0.000
TokenAccuracy:	0.585
LengthAccuracy:	0.945
1st Token Accuracy:	0.033
2nd Token Accuracy:	1.000
Average Loss:	2.064
[2021-10-27 15:30:57,573][core.trainer][INFO] - EPOCH 5 / 50
[2021-10-27 15:30:57,573][core.trainer][INFO] - Computing metrics for 'train' dataset
[2021-10-27 15:31:17,308][core.trainer][INFO] - Computing metrics for 'val' dataset
[2021-10-27 15:31:20,186][core.metrics.meter][INFO] - Meter:
SequenceAccuracy:	0.945
TokenAccuracy:	0.998
LengthAccuracy:	0.955
1st Token Accuracy:	1.000
2nd Token Accuracy:	1.000
Average Loss:	0.065
[2021-10-27 15:31:20,269][core.early_stopping][INFO] - Early stopping counter: 6 / 5
[2021-10-27 15:31:20,269][core.early_stopping][INFO] - Pausing model saving until validation loss decreases by 0.0001
[2021-10-27 15:31:20,269][core.trainer][INFO] - Computing metrics for 'test' dataset
[2021-10-27 15:31:47,951][core.metrics.meter][INFO] - Meter:
SequenceAccuracy:	0.937
TokenAccuracy:	0.998
LengthAccuracy:	0.948
1st Token Accuracy:	1.000
2nd Token Accuracy:	1.000
Average Loss:	0.076
[2021-10-27 15:31:47,955][core.trainer][INFO] - Computing metrics for 'gen' dataset
[2021-10-27 15:32:17,870][core.metrics.meter][INFO] - Meter:
SequenceAccuracy:	0.000
TokenAccuracy:	0.589
LengthAccuracy:	0.941
1st Token Accuracy:	0.035
2nd Token Accuracy:	1.000
Average Loss:	2.048
[2021-10-27 15:32:17,880][core.trainer][INFO] - EPOCH 6 / 50
[2021-10-27 15:32:17,880][core.trainer][INFO] - Computing metrics for 'train' dataset
[2021-10-27 15:32:37,794][core.trainer][INFO] - Computing metrics for 'val' dataset
[2021-10-27 15:32:40,655][core.metrics.meter][INFO] - Meter:
SequenceAccuracy:	0.939
TokenAccuracy:	0.999
LengthAccuracy:	0.950
1st Token Accuracy:	1.000
2nd Token Accuracy:	1.000
Average Loss:	0.070
[2021-10-27 15:32:40,738][core.early_stopping][INFO] - Early stopping counter: 7 / 5
[2021-10-27 15:32:40,738][core.early_stopping][INFO] - Pausing model saving until validation loss decreases by 0.0001
[2021-10-27 15:32:40,739][core.trainer][INFO] - Computing metrics for 'test' dataset
[2021-10-27 15:33:08,400][core.metrics.meter][INFO] - Meter:
SequenceAccuracy:	0.943
TokenAccuracy:	0.998
LengthAccuracy:	0.953
1st Token Accuracy:	1.000
2nd Token Accuracy:	1.000
Average Loss:	0.069
[2021-10-27 15:33:08,411][core.trainer][INFO] - Computing metrics for 'gen' dataset
[2021-10-27 15:33:38,300][core.metrics.meter][INFO] - Meter:
SequenceAccuracy:	0.000
TokenAccuracy:	0.591
LengthAccuracy:	0.931
1st Token Accuracy:	0.038
2nd Token Accuracy:	1.000
Average Loss:	2.059
[2021-10-27 15:33:38,394][core.trainer][INFO] - EPOCH 7 / 50
[2021-10-27 15:33:38,394][core.trainer][INFO] - Computing metrics for 'train' dataset
[2021-10-27 15:33:58,119][core.trainer][INFO] - Computing metrics for 'val' dataset
[2021-10-27 15:34:00,999][core.metrics.meter][INFO] - Meter:
SequenceAccuracy:	0.946
TokenAccuracy:	0.999
LengthAccuracy:	0.955
1st Token Accuracy:	1.000
2nd Token Accuracy:	1.000
Average Loss:	0.063
[2021-10-27 15:34:01,056][core.early_stopping][INFO] - Early stopping counter: 8 / 5
[2021-10-27 15:34:01,083][core.early_stopping][INFO] - Pausing model saving until validation loss decreases by 0.0001
[2021-10-27 15:34:01,084][core.trainer][INFO] - Computing metrics for 'test' dataset
[2021-10-27 15:34:28,788][core.metrics.meter][INFO] - Meter:
SequenceAccuracy:	0.944
TokenAccuracy:	0.998
LengthAccuracy:	0.954
1st Token Accuracy:	1.000
2nd Token Accuracy:	1.000
Average Loss:	0.069
[2021-10-27 15:34:28,830][core.trainer][INFO] - Computing metrics for 'gen' dataset
[2021-10-27 15:34:58,814][core.metrics.meter][INFO] - Meter:
SequenceAccuracy:	0.000
TokenAccuracy:	0.592
LengthAccuracy:	0.941
1st Token Accuracy:	0.042
2nd Token Accuracy:	1.000
Average Loss:	2.058
[2021-10-27 15:34:58,821][core.trainer][INFO] - EPOCH 8 / 50
[2021-10-27 15:34:58,821][core.trainer][INFO] - Computing metrics for 'train' dataset
[2021-10-27 15:35:18,745][core.trainer][INFO] - Computing metrics for 'val' dataset
[2021-10-27 15:35:21,616][core.metrics.meter][INFO] - Meter:
SequenceAccuracy:	0.939
TokenAccuracy:	0.999
LengthAccuracy:	0.947
1st Token Accuracy:	1.000
2nd Token Accuracy:	1.000
Average Loss:	0.072
[2021-10-27 15:35:21,673][core.early_stopping][INFO] - Early stopping counter: 9 / 5
[2021-10-27 15:35:21,698][core.early_stopping][INFO] - Pausing model saving until validation loss decreases by 0.0001
[2021-10-27 15:35:21,699][core.trainer][INFO] - Computing metrics for 'test' dataset
[2021-10-27 15:35:49,357][core.metrics.meter][INFO] - Meter:
SequenceAccuracy:	0.944
TokenAccuracy:	0.998
LengthAccuracy:	0.953
1st Token Accuracy:	1.000
2nd Token Accuracy:	1.000
Average Loss:	0.067
[2021-10-27 15:35:49,365][core.trainer][INFO] - Computing metrics for 'gen' dataset
[2021-10-27 15:36:19,272][core.metrics.meter][INFO] - Meter:
SequenceAccuracy:	0.000
TokenAccuracy:	0.591
LengthAccuracy:	0.937
1st Token Accuracy:	0.039
2nd Token Accuracy:	1.000
Average Loss:	2.072
[2021-10-27 15:36:19,331][core.trainer][INFO] - EPOCH 9 / 50
[2021-10-27 15:36:19,331][core.trainer][INFO] - Computing metrics for 'train' dataset
[2021-10-27 15:36:39,132][core.trainer][INFO] - Computing metrics for 'val' dataset
[2021-10-27 15:36:42,000][core.metrics.meter][INFO] - Meter:
SequenceAccuracy:	0.936
TokenAccuracy:	0.998
LengthAccuracy:	0.947
1st Token Accuracy:	1.000
2nd Token Accuracy:	1.000
Average Loss:	0.071
[2021-10-27 15:36:42,076][core.early_stopping][INFO] - Early stopping counter: 10 / 5
[2021-10-27 15:36:42,101][core.early_stopping][INFO] - Pausing model saving until validation loss decreases by 0.0001
[2021-10-27 15:36:42,101][core.trainer][INFO] - Computing metrics for 'test' dataset
[2021-10-27 15:37:09,840][core.metrics.meter][INFO] - Meter:
SequenceAccuracy:	0.940
TokenAccuracy:	0.999
LengthAccuracy:	0.948
1st Token Accuracy:	1.000
2nd Token Accuracy:	1.000
Average Loss:	0.072
[2021-10-27 15:37:09,867][core.trainer][INFO] - Computing metrics for 'gen' dataset
[2021-10-27 15:37:39,866][core.metrics.meter][INFO] - Meter:
SequenceAccuracy:	0.000
TokenAccuracy:	0.591
LengthAccuracy:	0.942
1st Token Accuracy:	0.033
2nd Token Accuracy:	1.000
Average Loss:	2.074
[2021-10-27 15:37:39,900][core.trainer][INFO] - EPOCH 10 / 50
[2021-10-27 15:37:39,900][core.trainer][INFO] - Computing metrics for 'train' dataset
[2021-10-27 15:37:59,761][core.trainer][INFO] - Computing metrics for 'val' dataset
[2021-10-27 15:38:02,625][core.metrics.meter][INFO] - Meter:
SequenceAccuracy:	0.943
TokenAccuracy:	0.999
LengthAccuracy:	0.951
1st Token Accuracy:	1.000
2nd Token Accuracy:	1.000
Average Loss:	0.066
[2021-10-27 15:38:02,682][core.early_stopping][INFO] - Early stopping counter: 11 / 5
[2021-10-27 15:38:02,706][core.early_stopping][INFO] - Pausing model saving until validation loss decreases by 0.0001
[2021-10-27 15:38:02,706][core.trainer][INFO] - Computing metrics for 'test' dataset
[2021-10-27 15:38:30,400][core.metrics.meter][INFO] - Meter:
SequenceAccuracy:	0.947
TokenAccuracy:	0.998
LengthAccuracy:	0.955
1st Token Accuracy:	1.000
2nd Token Accuracy:	1.000
Average Loss:	0.065
[2021-10-27 15:38:30,400][core.trainer][INFO] - Computing metrics for 'gen' dataset
[2021-10-27 15:39:00,349][core.metrics.meter][INFO] - Meter:
SequenceAccuracy:	0.000
TokenAccuracy:	0.590
LengthAccuracy:	0.937
1st Token Accuracy:	0.036
2nd Token Accuracy:	1.000
Average Loss:	2.085
[2021-10-27 15:39:00,371][core.trainer][INFO] - EPOCH 11 / 50
[2021-10-27 15:39:00,372][core.trainer][INFO] - Computing metrics for 'train' dataset
[2021-10-27 15:39:20,167][core.trainer][INFO] - Computing metrics for 'val' dataset
[2021-10-27 15:39:23,063][core.metrics.meter][INFO] - Meter:
SequenceAccuracy:	0.946
TokenAccuracy:	0.999
LengthAccuracy:	0.954
1st Token Accuracy:	1.000
2nd Token Accuracy:	1.000
Average Loss:	0.063
[2021-10-27 15:39:23,131][core.early_stopping][INFO] - Early stopping counter: 12 / 5
[2021-10-27 15:39:23,156][core.early_stopping][INFO] - Pausing model saving until validation loss decreases by 0.0001
[2021-10-27 15:39:23,156][core.trainer][INFO] - Computing metrics for 'test' dataset
[2021-10-27 15:39:50,860][core.metrics.meter][INFO] - Meter:
SequenceAccuracy:	0.947
TokenAccuracy:	0.998
LengthAccuracy:	0.956
1st Token Accuracy:	1.000
2nd Token Accuracy:	1.000
Average Loss:	0.062
[2021-10-27 15:39:50,921][core.trainer][INFO] - Computing metrics for 'gen' dataset
[2021-10-27 15:40:20,818][core.metrics.meter][INFO] - Meter:
SequenceAccuracy:	0.000
TokenAccuracy:	0.590
LengthAccuracy:	0.937
1st Token Accuracy:	0.039
2nd Token Accuracy:	1.000
Average Loss:	2.087
[2021-10-27 15:40:20,871][core.trainer][INFO] - EPOCH 12 / 50
[2021-10-27 15:40:20,871][core.trainer][INFO] - Computing metrics for 'train' dataset
[2021-10-27 15:40:40,696][core.trainer][INFO] - Computing metrics for 'val' dataset
[2021-10-27 15:40:43,558][core.metrics.meter][INFO] - Meter:
SequenceAccuracy:	0.943
TokenAccuracy:	0.998
LengthAccuracy:	0.952
1st Token Accuracy:	1.000
2nd Token Accuracy:	1.000
Average Loss:	0.066
[2021-10-27 15:40:43,615][core.early_stopping][INFO] - Early stopping counter: 13 / 5
[2021-10-27 15:40:43,640][core.early_stopping][INFO] - Pausing model saving until validation loss decreases by 0.0001
[2021-10-27 15:40:43,640][core.trainer][INFO] - Computing metrics for 'test' dataset
[2021-10-27 15:41:11,331][core.metrics.meter][INFO] - Meter:
SequenceAccuracy:	0.943
TokenAccuracy:	0.998
LengthAccuracy:	0.950
1st Token Accuracy:	1.000
2nd Token Accuracy:	1.000
Average Loss:	0.071
[2021-10-27 15:41:11,342][core.trainer][INFO] - Computing metrics for 'gen' dataset
[2021-10-27 15:41:41,275][core.metrics.meter][INFO] - Meter:
SequenceAccuracy:	0.000
TokenAccuracy:	0.589
LengthAccuracy:	0.940
1st Token Accuracy:	0.036
2nd Token Accuracy:	1.000
Average Loss:	2.089
[2021-10-27 15:41:41,275][core.trainer][INFO] - EPOCH 13 / 50
[2021-10-27 15:41:41,275][core.trainer][INFO] - Computing metrics for 'train' dataset
[2021-10-27 15:42:01,159][core.trainer][INFO] - Computing metrics for 'val' dataset
[2021-10-27 15:42:04,026][core.metrics.meter][INFO] - Meter:
SequenceAccuracy:	0.949
TokenAccuracy:	0.999
LengthAccuracy:	0.955
1st Token Accuracy:	1.000
2nd Token Accuracy:	1.000
Average Loss:	0.060
[2021-10-27 15:42:23,968][core.trainer][INFO] - Computing metrics for 'val' dataset
[2021-10-27 15:42:26,838][core.metrics.meter][INFO] - Meter:
SequenceAccuracy:	0.947
TokenAccuracy:	0.999
LengthAccuracy:	0.953
1st Token Accuracy:	1.000
2nd Token Accuracy:	1.000
Average Loss:	0.065
[2021-10-27 15:42:26,894][core.early_stopping][INFO] - Early stopping counter: 1 / 5
[2021-10-27 15:42:26,919][core.early_stopping][INFO] - Pausing model saving until validation loss decreases by 0.0001
[2021-10-27 15:42:46,701][core.trainer][INFO] - Computing metrics for 'val' dataset
[2021-10-27 15:42:49,562][core.metrics.meter][INFO] - Meter:
SequenceAccuracy:	0.942
TokenAccuracy:	0.999
LengthAccuracy:	0.948
1st Token Accuracy:	1.000
2nd Token Accuracy:	1.000
Average Loss:	0.068
[2021-10-27 15:42:49,631][core.early_stopping][INFO] - Early stopping counter: 2 / 5
[2021-10-27 15:42:49,656][core.early_stopping][INFO] - Pausing model saving until validation loss decreases by 0.0001
[2021-10-27 15:43:09,226][core.trainer][INFO] - Computing metrics for 'val' dataset
[2021-10-27 15:43:12,097][core.metrics.meter][INFO] - Meter:
SequenceAccuracy:	0.946
TokenAccuracy:	0.999
LengthAccuracy:	0.950
1st Token Accuracy:	1.000
2nd Token Accuracy:	1.000
Average Loss:	0.068
[2021-10-27 15:43:12,172][core.early_stopping][INFO] - Early stopping counter: 3 / 5
[2021-10-27 15:43:12,199][core.early_stopping][INFO] - Pausing model saving until validation loss decreases by 0.0001
[2021-10-27 15:43:31,867][core.trainer][INFO] - Computing metrics for 'val' dataset
[2021-10-27 15:43:34,732][core.metrics.meter][INFO] - Meter:
SequenceAccuracy:	0.941
TokenAccuracy:	0.999
LengthAccuracy:	0.948
1st Token Accuracy:	1.000
2nd Token Accuracy:	1.000
Average Loss:	0.070
[2021-10-27 15:43:34,790][core.early_stopping][INFO] - Early stopping counter: 4 / 5
[2021-10-27 15:43:34,814][core.early_stopping][INFO] - Pausing model saving until validation loss decreases by 0.0001
[2021-10-27 15:43:54,601][core.trainer][INFO] - Computing metrics for 'val' dataset
[2021-10-27 15:43:57,495][core.metrics.meter][INFO] - Meter:
SequenceAccuracy:	0.947
TokenAccuracy:	0.999
LengthAccuracy:	0.952
1st Token Accuracy:	1.000
2nd Token Accuracy:	1.000
Average Loss:	0.064
[2021-10-27 15:43:57,577][core.early_stopping][INFO] - Early stopping counter: 5 / 5
[2021-10-27 15:43:57,577][core.early_stopping][INFO] - Pausing model saving until validation loss decreases by 0.0001
[2021-10-27 15:43:57,578][core.trainer][INFO] - Computing metrics for 'test' dataset
[2021-10-27 15:44:25,278][core.metrics.meter][INFO] - Meter:
SequenceAccuracy:	0.947
TokenAccuracy:	0.999
LengthAccuracy:	0.952
1st Token Accuracy:	1.000
2nd Token Accuracy:	1.000
Average Loss:	0.066
[2021-10-27 15:44:25,317][core.trainer][INFO] - Computing metrics for 'gen' dataset
[2021-10-27 15:44:55,283][core.metrics.meter][INFO] - Meter:
SequenceAccuracy:	0.000
TokenAccuracy:	0.597
LengthAccuracy:	0.950
1st Token Accuracy:	0.041
2nd Token Accuracy:	1.000
Average Loss:	2.082
[2021-10-27 15:44:55,283][core.trainer][INFO] - EPOCH 14 / 50
[2021-10-27 15:44:55,283][core.trainer][INFO] - Computing metrics for 'train' dataset
[2021-10-27 15:45:15,051][core.trainer][INFO] - Computing metrics for 'val' dataset
[2021-10-27 15:45:17,915][core.metrics.meter][INFO] - Meter:
SequenceAccuracy:	0.941
TokenAccuracy:	0.999
LengthAccuracy:	0.947
1st Token Accuracy:	1.000
2nd Token Accuracy:	1.000
Average Loss:	0.070
[2021-10-27 15:45:17,973][core.early_stopping][INFO] - Early stopping counter: 6 / 5
[2021-10-27 15:45:17,997][core.early_stopping][INFO] - Pausing model saving until validation loss decreases by 0.0001
[2021-10-27 15:45:17,997][core.trainer][INFO] - Computing metrics for 'test' dataset
[2021-10-27 15:45:45,689][core.metrics.meter][INFO] - Meter:
SequenceAccuracy:	0.947
TokenAccuracy:	0.999
LengthAccuracy:	0.953
1st Token Accuracy:	1.000
2nd Token Accuracy:	1.000
Average Loss:	0.065
[2021-10-27 15:45:45,719][core.trainer][INFO] - Computing metrics for 'gen' dataset
[2021-10-27 15:46:15,688][core.metrics.meter][INFO] - Meter:
SequenceAccuracy:	0.000
TokenAccuracy:	0.594
LengthAccuracy:	0.947
1st Token Accuracy:	0.040
2nd Token Accuracy:	1.000
Average Loss:	2.114
[2021-10-27 15:46:15,688][core.trainer][INFO] - EPOCH 15 / 50
[2021-10-27 15:46:15,688][core.trainer][INFO] - Computing metrics for 'train' dataset
[2021-10-27 15:46:35,579][core.trainer][INFO] - Computing metrics for 'val' dataset
[2021-10-27 15:46:38,472][core.metrics.meter][INFO] - Meter:
SequenceAccuracy:	0.946
TokenAccuracy:	0.999
LengthAccuracy:	0.952
1st Token Accuracy:	1.000
2nd Token Accuracy:	1.000
Average Loss:	0.065
[2021-10-27 15:46:38,530][core.early_stopping][INFO] - Early stopping counter: 7 / 5
[2021-10-27 15:46:38,555][core.early_stopping][INFO] - Pausing model saving until validation loss decreases by 0.0001
[2021-10-27 15:46:38,555][core.trainer][INFO] - Computing metrics for 'test' dataset
[2021-10-27 15:47:06,232][core.metrics.meter][INFO] - Meter:
SequenceAccuracy:	0.949
TokenAccuracy:	0.999
LengthAccuracy:	0.954
1st Token Accuracy:	1.000
2nd Token Accuracy:	1.000
Average Loss:	0.063
[2021-10-27 15:47:06,263][core.trainer][INFO] - Computing metrics for 'gen' dataset
[2021-10-27 15:47:36,202][core.metrics.meter][INFO] - Meter:
SequenceAccuracy:	0.000
TokenAccuracy:	0.593
LengthAccuracy:	0.949
1st Token Accuracy:	0.038
2nd Token Accuracy:	1.000
Average Loss:	2.119
[2021-10-27 15:47:36,238][core.trainer][INFO] - EPOCH 16 / 50
[2021-10-27 15:47:36,238][core.trainer][INFO] - Computing metrics for 'train' dataset
[2021-10-27 15:47:56,080][core.trainer][INFO] - Computing metrics for 'val' dataset
[2021-10-27 15:47:58,942][core.metrics.meter][INFO] - Meter:
SequenceAccuracy:	0.944
TokenAccuracy:	0.999
LengthAccuracy:	0.950
1st Token Accuracy:	1.000
2nd Token Accuracy:	1.000
Average Loss:	0.067
[2021-10-27 15:47:59,013][core.early_stopping][INFO] - Early stopping counter: 8 / 5
[2021-10-27 15:47:59,038][core.early_stopping][INFO] - Pausing model saving until validation loss decreases by 0.0001
[2021-10-27 15:47:59,038][core.trainer][INFO] - Computing metrics for 'test' dataset
[2021-10-27 15:48:26,728][core.metrics.meter][INFO] - Meter:
SequenceAccuracy:	0.947
TokenAccuracy:	0.999
LengthAccuracy:	0.953
1st Token Accuracy:	1.000
2nd Token Accuracy:	1.000
Average Loss:	0.064
[2021-10-27 15:48:26,740][core.trainer][INFO] - Computing metrics for 'gen' dataset
[2021-10-27 15:48:56,705][core.metrics.meter][INFO] - Meter:
SequenceAccuracy:	0.000
TokenAccuracy:	0.595
LengthAccuracy:	0.946
1st Token Accuracy:	0.036
2nd Token Accuracy:	1.000
Average Loss:	2.120
[2021-10-27 15:48:56,765][core.trainer][INFO] - EPOCH 17 / 50
[2021-10-27 15:48:56,765][core.trainer][INFO] - Computing metrics for 'train' dataset
[2021-10-27 15:49:16,635][core.trainer][INFO] - Computing metrics for 'val' dataset
[2021-10-27 15:49:19,502][core.metrics.meter][INFO] - Meter:
SequenceAccuracy:	0.951
TokenAccuracy:	0.999
LengthAccuracy:	0.957
1st Token Accuracy:	1.000
2nd Token Accuracy:	1.000
Average Loss:	0.058
[2021-10-27 15:49:19,559][core.early_stopping][INFO] - Early stopping counter: 9 / 5
[2021-10-27 15:49:19,583][core.early_stopping][INFO] - Pausing model saving until validation loss decreases by 0.0001
[2021-10-27 15:49:19,583][core.trainer][INFO] - Computing metrics for 'test' dataset
[2021-10-27 15:49:47,294][core.metrics.meter][INFO] - Meter:
SequenceAccuracy:	0.945
TokenAccuracy:	0.999
LengthAccuracy:	0.951
1st Token Accuracy:	1.000
2nd Token Accuracy:	1.000
Average Loss:	0.067
[2021-10-27 15:49:47,317][core.trainer][INFO] - Computing metrics for 'gen' dataset
[2021-10-27 15:50:17,295][core.metrics.meter][INFO] - Meter:
SequenceAccuracy:	0.000
TokenAccuracy:	0.599
LengthAccuracy:	0.944
1st Token Accuracy:	0.036
2nd Token Accuracy:	1.000
Average Loss:	2.106
[2021-10-27 15:50:17,295][core.trainer][INFO] - EPOCH 18 / 50
[2021-10-27 15:50:17,295][core.trainer][INFO] - Computing metrics for 'train' dataset
[2021-10-27 15:50:37,193][core.trainer][INFO] - Computing metrics for 'val' dataset
[2021-10-27 15:50:40,059][core.metrics.meter][INFO] - Meter:
SequenceAccuracy:	0.947
TokenAccuracy:	0.999
LengthAccuracy:	0.951
1st Token Accuracy:	1.000
2nd Token Accuracy:	1.000
Average Loss:	0.065
[2021-10-27 15:50:40,123][core.early_stopping][INFO] - Early stopping counter: 10 / 5
[2021-10-27 15:50:40,148][core.early_stopping][INFO] - Pausing model saving until validation loss decreases by 0.0001
[2021-10-27 15:50:40,148][core.trainer][INFO] - Computing metrics for 'test' dataset
[2021-10-27 15:51:07,882][core.metrics.meter][INFO] - Meter:
SequenceAccuracy:	0.946
TokenAccuracy:	0.999
LengthAccuracy:	0.950
1st Token Accuracy:	1.000
2nd Token Accuracy:	1.000
Average Loss:	0.067
[2021-10-27 15:51:07,935][core.trainer][INFO] - Computing metrics for 'gen' dataset
[2021-10-27 15:51:37,928][core.metrics.meter][INFO] - Meter:
SequenceAccuracy:	0.000
TokenAccuracy:	0.598
LengthAccuracy:	0.943
1st Token Accuracy:	0.042
2nd Token Accuracy:	1.000
Average Loss:	2.129
[2021-10-27 15:51:37,928][core.trainer][INFO] - EPOCH 19 / 50
[2021-10-27 15:51:37,928][core.trainer][INFO] - Computing metrics for 'train' dataset
[2021-10-27 15:51:57,790][core.trainer][INFO] - Computing metrics for 'val' dataset
[2021-10-27 15:52:00,650][core.metrics.meter][INFO] - Meter:
SequenceAccuracy:	0.943
TokenAccuracy:	0.999
LengthAccuracy:	0.948
1st Token Accuracy:	1.000
2nd Token Accuracy:	1.000
Average Loss:	0.069
[2021-10-27 15:52:00,752][core.early_stopping][INFO] - Early stopping counter: 11 / 5
[2021-10-27 15:52:00,777][core.early_stopping][INFO] - Pausing model saving until validation loss decreases by 0.0001
[2021-10-27 15:52:00,777][core.trainer][INFO] - Computing metrics for 'test' dataset
[2021-10-27 15:52:28,528][core.metrics.meter][INFO] - Meter:
SequenceAccuracy:	0.947
TokenAccuracy:	0.999
LengthAccuracy:	0.952
1st Token Accuracy:	1.000
2nd Token Accuracy:	1.000
Average Loss:	0.065
[2021-10-27 15:52:28,528][core.trainer][INFO] - Computing metrics for 'gen' dataset
[2021-10-27 15:52:58,478][core.metrics.meter][INFO] - Meter:
SequenceAccuracy:	0.000
TokenAccuracy:	0.596
LengthAccuracy:	0.938
1st Token Accuracy:	0.040
2nd Token Accuracy:	1.000
Average Loss:	2.125
[2021-10-27 15:52:58,570][core.trainer][INFO] - EPOCH 20 / 50
[2021-10-27 15:52:58,570][core.trainer][INFO] - Computing metrics for 'train' dataset
[2021-10-27 15:53:18,377][core.trainer][INFO] - Computing metrics for 'val' dataset
[2021-10-27 15:53:21,247][core.metrics.meter][INFO] - Meter:
SequenceAccuracy:	0.945
TokenAccuracy:	0.999
LengthAccuracy:	0.950
1st Token Accuracy:	1.000
2nd Token Accuracy:	1.000
Average Loss:	0.069
[2021-10-27 15:53:21,306][core.early_stopping][INFO] - Early stopping counter: 12 / 5
[2021-10-27 15:53:21,330][core.early_stopping][INFO] - Pausing model saving until validation loss decreases by 0.0001
[2021-10-27 15:53:21,331][core.trainer][INFO] - Computing metrics for 'test' dataset
[2021-10-27 15:53:49,054][core.metrics.meter][INFO] - Meter:
SequenceAccuracy:	0.948
TokenAccuracy:	0.999
LengthAccuracy:	0.952
1st Token Accuracy:	1.000
2nd Token Accuracy:	1.000
Average Loss:	0.065
[2021-10-27 15:53:49,055][core.trainer][INFO] - Computing metrics for 'gen' dataset
[2021-10-27 15:54:19,045][core.metrics.meter][INFO] - Meter:
SequenceAccuracy:	0.000
TokenAccuracy:	0.594
LengthAccuracy:	0.943
1st Token Accuracy:	0.040
2nd Token Accuracy:	1.000
Average Loss:	2.147
[2021-10-27 15:54:19,045][core.trainer][INFO] - EPOCH 21 / 50
[2021-10-27 15:54:19,046][core.trainer][INFO] - Computing metrics for 'train' dataset
[2021-10-27 15:54:38,915][core.trainer][INFO] - Computing metrics for 'val' dataset
[2021-10-27 15:54:41,768][core.metrics.meter][INFO] - Meter:
SequenceAccuracy:	0.947
TokenAccuracy:	0.999
LengthAccuracy:	0.952
1st Token Accuracy:	1.000
2nd Token Accuracy:	1.000
Average Loss:	0.062
[2021-10-27 15:54:41,829][core.early_stopping][INFO] - Early stopping counter: 13 / 5
[2021-10-27 15:54:41,855][core.early_stopping][INFO] - Pausing model saving until validation loss decreases by 0.0001
[2021-10-27 15:54:41,855][core.trainer][INFO] - Computing metrics for 'test' dataset
[2021-10-27 15:55:09,481][core.metrics.meter][INFO] - Meter:
SequenceAccuracy:	0.947
TokenAccuracy:	0.999
LengthAccuracy:	0.950
1st Token Accuracy:	1.000
2nd Token Accuracy:	1.000
Average Loss:	0.067
[2021-10-27 15:55:09,482][core.trainer][INFO] - Computing metrics for 'gen' dataset
[2021-10-27 15:55:39,355][core.metrics.meter][INFO] - Meter:
SequenceAccuracy:	0.000
TokenAccuracy:	0.595
LengthAccuracy:	0.939
1st Token Accuracy:	0.040
2nd Token Accuracy:	1.000
Average Loss:	2.150
[2021-10-27 15:55:39,356][core.trainer][INFO] - EPOCH 22 / 50
[2021-10-27 15:55:39,356][core.trainer][INFO] - Computing metrics for 'train' dataset
[2021-10-27 15:55:59,158][core.trainer][INFO] - Computing metrics for 'val' dataset
[2021-10-27 15:56:02,023][core.metrics.meter][INFO] - Meter:
SequenceAccuracy:	0.951
TokenAccuracy:	0.999
LengthAccuracy:	0.955
1st Token Accuracy:	1.000
2nd Token Accuracy:	1.000
Average Loss:	0.060
[2021-10-27 15:56:02,082][core.early_stopping][INFO] - Early stopping counter: 14 / 5
[2021-10-27 15:56:02,107][core.early_stopping][INFO] - Pausing model saving until validation loss decreases by 0.0001
[2021-10-27 15:56:02,108][core.trainer][INFO] - Computing metrics for 'test' dataset
[2021-10-27 15:56:29,746][core.metrics.meter][INFO] - Meter:
SequenceAccuracy:	0.949
TokenAccuracy:	0.999
LengthAccuracy:	0.952
1st Token Accuracy:	1.000
2nd Token Accuracy:	1.000
Average Loss:	0.065
[2021-10-27 15:56:29,746][core.trainer][INFO] - Computing metrics for 'gen' dataset
[2021-10-27 15:56:59,688][core.metrics.meter][INFO] - Meter:
SequenceAccuracy:	0.000
TokenAccuracy:	0.595
LengthAccuracy:	0.944
1st Token Accuracy:	0.038
2nd Token Accuracy:	1.000
Average Loss:	2.154
[2021-10-27 15:56:59,785][core.trainer][INFO] - EPOCH 23 / 50
[2021-10-27 15:56:59,785][core.trainer][INFO] - Computing metrics for 'train' dataset
[2021-10-27 15:57:19,665][core.trainer][INFO] - Computing metrics for 'val' dataset
[2021-10-27 15:57:22,539][core.metrics.meter][INFO] - Meter:
SequenceAccuracy:	0.945
TokenAccuracy:	0.999
LengthAccuracy:	0.950
1st Token Accuracy:	1.000
2nd Token Accuracy:	1.000
Average Loss:	0.068
[2021-10-27 15:57:22,644][core.early_stopping][INFO] - Early stopping counter: 15 / 5
[2021-10-27 15:57:22,644][core.early_stopping][INFO] - Pausing model saving until validation loss decreases by 0.0001
[2021-10-27 15:57:22,645][core.trainer][INFO] - Computing metrics for 'test' dataset
[2021-10-27 15:57:50,295][core.metrics.meter][INFO] - Meter:
SequenceAccuracy:	0.950
TokenAccuracy:	0.999
LengthAccuracy:	0.953
1st Token Accuracy:	1.000
2nd Token Accuracy:	1.000
Average Loss:	0.061
[2021-10-27 15:57:50,295][core.trainer][INFO] - Computing metrics for 'gen' dataset
[2021-10-27 15:58:20,202][core.metrics.meter][INFO] - Meter:
SequenceAccuracy:	0.000
TokenAccuracy:	0.593
LengthAccuracy:	0.941
1st Token Accuracy:	0.039
2nd Token Accuracy:	1.000
Average Loss:	2.166
[2021-10-27 15:58:20,202][core.trainer][INFO] - EPOCH 24 / 50
[2021-10-27 15:58:20,202][core.trainer][INFO] - Computing metrics for 'train' dataset
[2021-10-27 15:58:40,066][core.trainer][INFO] - Computing metrics for 'val' dataset
[2021-10-27 15:58:42,930][core.metrics.meter][INFO] - Meter:
SequenceAccuracy:	0.947
TokenAccuracy:	0.999
LengthAccuracy:	0.950
1st Token Accuracy:	1.000
2nd Token Accuracy:	1.000
Average Loss:	0.068
[2021-10-27 15:58:42,990][core.early_stopping][INFO] - Early stopping counter: 16 / 5
[2021-10-27 15:58:43,015][core.early_stopping][INFO] - Pausing model saving until validation loss decreases by 0.0001
[2021-10-27 15:58:43,015][core.trainer][INFO] - Computing metrics for 'test' dataset
[2021-10-27 15:59:10,658][core.metrics.meter][INFO] - Meter:
SequenceAccuracy:	0.946
TokenAccuracy:	0.999
LengthAccuracy:	0.950
1st Token Accuracy:	1.000
2nd Token Accuracy:	1.000
Average Loss:	0.067
[2021-10-27 15:59:10,681][core.trainer][INFO] - Computing metrics for 'gen' dataset
[2021-10-27 15:59:40,558][core.metrics.meter][INFO] - Meter:
SequenceAccuracy:	0.000
TokenAccuracy:	0.596
LengthAccuracy:	0.947
1st Token Accuracy:	0.039
2nd Token Accuracy:	1.000
Average Loss:	2.157
[2021-10-27 15:59:40,558][core.trainer][INFO] - EPOCH 25 / 50
[2021-10-27 15:59:40,558][core.trainer][INFO] - Computing metrics for 'train' dataset
[2021-10-27 16:00:00,390][core.trainer][INFO] - Computing metrics for 'val' dataset
[2021-10-27 16:00:03,252][core.metrics.meter][INFO] - Meter:
SequenceAccuracy:	0.941
TokenAccuracy:	0.999
LengthAccuracy:	0.946
1st Token Accuracy:	1.000
2nd Token Accuracy:	1.000
Average Loss:	0.070
[2021-10-27 16:00:03,321][core.early_stopping][INFO] - Early stopping counter: 17 / 5
[2021-10-27 16:00:03,347][core.early_stopping][INFO] - Pausing model saving until validation loss decreases by 0.0001
[2021-10-27 16:00:03,347][core.trainer][INFO] - Computing metrics for 'test' dataset
[2021-10-27 16:00:31,011][core.metrics.meter][INFO] - Meter:
SequenceAccuracy:	0.955
TokenAccuracy:	0.999
LengthAccuracy:	0.958
1st Token Accuracy:	1.000
2nd Token Accuracy:	1.000
Average Loss:	0.058
[2021-10-27 16:00:31,011][core.trainer][INFO] - Computing metrics for 'gen' dataset
[2021-10-27 16:01:00,961][core.metrics.meter][INFO] - Meter:
SequenceAccuracy:	0.001
TokenAccuracy:	0.594
LengthAccuracy:	0.945
1st Token Accuracy:	0.045
2nd Token Accuracy:	1.000
Average Loss:	2.172
[2021-10-27 16:01:01,024][core.trainer][INFO] - EPOCH 26 / 50
[2021-10-27 16:01:01,024][core.trainer][INFO] - Computing metrics for 'train' dataset
[2021-10-27 16:01:20,789][core.trainer][INFO] - Computing metrics for 'val' dataset
[2021-10-27 16:01:23,733][core.metrics.meter][INFO] - Meter:
SequenceAccuracy:	0.951
TokenAccuracy:	0.999
LengthAccuracy:	0.954
1st Token Accuracy:	1.000
2nd Token Accuracy:	1.000
Average Loss:	0.059
[2021-10-27 16:01:23,793][core.early_stopping][INFO] - Early stopping counter: 18 / 5
[2021-10-27 16:01:23,819][core.early_stopping][INFO] - Pausing model saving until validation loss decreases by 0.0001
[2021-10-27 16:01:23,819][core.trainer][INFO] - Computing metrics for 'test' dataset
[2021-10-27 16:01:51,462][core.metrics.meter][INFO] - Meter:
SequenceAccuracy:	0.951
TokenAccuracy:	0.999
LengthAccuracy:	0.954
1st Token Accuracy:	1.000
2nd Token Accuracy:	1.000
Average Loss:	0.061
[2021-10-27 16:01:51,476][core.trainer][INFO] - Computing metrics for 'gen' dataset
[2021-10-27 16:02:21,438][core.metrics.meter][INFO] - Meter:
SequenceAccuracy:	0.000
TokenAccuracy:	0.594
LengthAccuracy:	0.946
1st Token Accuracy:	0.037
2nd Token Accuracy:	1.000
Average Loss:	2.171
[2021-10-27 16:02:21,438][core.trainer][INFO] - EPOCH 27 / 50
[2021-10-27 16:02:21,438][core.trainer][INFO] - Computing metrics for 'train' dataset
[2021-10-27 16:02:41,258][core.trainer][INFO] - Computing metrics for 'val' dataset
[2021-10-27 16:02:44,123][core.metrics.meter][INFO] - Meter:
SequenceAccuracy:	0.943
TokenAccuracy:	0.999
LengthAccuracy:	0.946
1st Token Accuracy:	1.000
2nd Token Accuracy:	1.000
Average Loss:	0.071
[2021-10-27 16:02:44,211][core.early_stopping][INFO] - Early stopping counter: 19 / 5
[2021-10-27 16:02:44,211][core.early_stopping][INFO] - Pausing model saving until validation loss decreases by 0.0001
[2021-10-27 16:02:44,211][core.trainer][INFO] - Computing metrics for 'test' dataset
[2021-10-27 16:03:11,885][core.metrics.meter][INFO] - Meter:
SequenceAccuracy:	0.950
TokenAccuracy:	0.999
LengthAccuracy:	0.953
1st Token Accuracy:	1.000
2nd Token Accuracy:	1.000
Average Loss:	0.061
[2021-10-27 16:03:11,908][core.trainer][INFO] - Computing metrics for 'gen' dataset
[2021-10-27 16:03:41,870][core.metrics.meter][INFO] - Meter:
SequenceAccuracy:	0.000
TokenAccuracy:	0.594
LengthAccuracy:	0.945
1st Token Accuracy:	0.041
2nd Token Accuracy:	1.000
Average Loss:	2.172
[2021-10-27 16:03:41,883][core.trainer][INFO] - EPOCH 28 / 50
[2021-10-27 16:03:41,883][core.trainer][INFO] - Computing metrics for 'train' dataset
[2021-10-27 16:04:01,788][core.trainer][INFO] - Computing metrics for 'val' dataset
[2021-10-27 16:04:04,643][core.metrics.meter][INFO] - Meter:
SequenceAccuracy:	0.951
TokenAccuracy:	0.999
LengthAccuracy:	0.955
1st Token Accuracy:	1.000
2nd Token Accuracy:	1.000
Average Loss:	0.058
[2021-10-27 16:04:04,695][core.early_stopping][INFO] - Early stopping counter: 20 / 5
[2021-10-27 16:04:04,718][core.early_stopping][INFO] - Pausing model saving until validation loss decreases by 0.0001
[2021-10-27 16:04:04,718][core.trainer][INFO] - Computing metrics for 'test' dataset
[2021-10-27 16:04:32,419][core.metrics.meter][INFO] - Meter:
SequenceAccuracy:	0.950
TokenAccuracy:	0.999
LengthAccuracy:	0.952
1st Token Accuracy:	1.000
2nd Token Accuracy:	1.000
Average Loss:	0.063
[2021-10-27 16:04:32,430][core.trainer][INFO] - Computing metrics for 'gen' dataset
[2021-10-27 16:05:02,368][core.metrics.meter][INFO] - Meter:
SequenceAccuracy:	0.000
TokenAccuracy:	0.597
LengthAccuracy:	0.947
1st Token Accuracy:	0.039
2nd Token Accuracy:	1.000
Average Loss:	2.175
[2021-10-27 16:05:02,368][core.trainer][INFO] - EPOCH 29 / 50
[2021-10-27 16:05:02,368][core.trainer][INFO] - Computing metrics for 'train' dataset
[2021-10-27 16:05:22,171][core.trainer][INFO] - Computing metrics for 'val' dataset
[2021-10-27 16:05:25,032][core.metrics.meter][INFO] - Meter:
SequenceAccuracy:	0.950
TokenAccuracy:	0.999
LengthAccuracy:	0.954
1st Token Accuracy:	1.000
2nd Token Accuracy:	1.000
Average Loss:	0.059
[2021-10-27 16:05:44,843][core.trainer][INFO] - Computing metrics for 'val' dataset
[2021-10-27 16:05:47,711][core.metrics.meter][INFO] - Meter:
SequenceAccuracy:	0.946
TokenAccuracy:	0.999
LengthAccuracy:	0.949
1st Token Accuracy:	1.000
2nd Token Accuracy:	1.000
Average Loss:	0.065
[2021-10-27 16:05:47,795][core.early_stopping][INFO] - Early stopping counter: 1 / 5
[2021-10-27 16:05:47,795][core.early_stopping][INFO] - Pausing model saving until validation loss decreases by 0.0001
[2021-10-27 16:06:07,589][core.trainer][INFO] - Computing metrics for 'val' dataset
[2021-10-27 16:06:10,451][core.metrics.meter][INFO] - Meter:
SequenceAccuracy:	0.950
TokenAccuracy:	1.000
LengthAccuracy:	0.952
1st Token Accuracy:	1.000
2nd Token Accuracy:	1.000
Average Loss:	0.063
[2021-10-27 16:06:10,515][core.early_stopping][INFO] - Early stopping counter: 2 / 5
[2021-10-27 16:06:10,540][core.early_stopping][INFO] - Pausing model saving until validation loss decreases by 0.0001
[2021-10-27 16:06:30,220][core.trainer][INFO] - Computing metrics for 'val' dataset
[2021-10-27 16:06:33,084][core.metrics.meter][INFO] - Meter:
SequenceAccuracy:	0.949
TokenAccuracy:	1.000
LengthAccuracy:	0.951
1st Token Accuracy:	1.000
2nd Token Accuracy:	1.000
Average Loss:	0.063
[2021-10-27 16:06:33,144][core.early_stopping][INFO] - Early stopping counter: 3 / 5
[2021-10-27 16:06:33,170][core.early_stopping][INFO] - Pausing model saving until validation loss decreases by 0.0001
[2021-10-27 16:06:52,874][core.trainer][INFO] - Computing metrics for 'val' dataset
[2021-10-27 16:06:55,733][core.metrics.meter][INFO] - Meter:
SequenceAccuracy:	0.946
TokenAccuracy:	1.000
LengthAccuracy:	0.948
1st Token Accuracy:	1.000
2nd Token Accuracy:	1.000
Average Loss:	0.065
[2021-10-27 16:06:55,827][core.early_stopping][INFO] - Early stopping counter: 4 / 5
[2021-10-27 16:06:55,828][core.early_stopping][INFO] - Pausing model saving until validation loss decreases by 0.0001
[2021-10-27 16:07:15,509][core.trainer][INFO] - Computing metrics for 'val' dataset
[2021-10-27 16:07:18,379][core.metrics.meter][INFO] - Meter:
SequenceAccuracy:	0.952
TokenAccuracy:	0.999
LengthAccuracy:	0.956
1st Token Accuracy:	1.000
2nd Token Accuracy:	1.000
Average Loss:	0.056
[2021-10-27 16:07:18,439][core.early_stopping][INFO] - Early stopping counter: 5 / 5
[2021-10-27 16:07:18,464][core.early_stopping][INFO] - Pausing model saving until validation loss decreases by 0.0001
[2021-10-27 16:07:18,465][core.trainer][INFO] - Computing metrics for 'test' dataset
[2021-10-27 16:07:46,137][core.metrics.meter][INFO] - Meter:
SequenceAccuracy:	0.947
TokenAccuracy:	0.999
LengthAccuracy:	0.950
1st Token Accuracy:	1.000
2nd Token Accuracy:	1.000
Average Loss:	0.067
[2021-10-27 16:07:46,137][core.trainer][INFO] - Computing metrics for 'gen' dataset
[2021-10-27 16:08:16,030][core.metrics.meter][INFO] - Meter:
SequenceAccuracy:	0.000
TokenAccuracy:	0.598
LengthAccuracy:	0.941
1st Token Accuracy:	0.043
2nd Token Accuracy:	1.000
Average Loss:	2.188
[2021-10-27 16:08:16,030][core.trainer][INFO] - EPOCH 30 / 50
[2021-10-27 16:08:16,030][core.trainer][INFO] - Computing metrics for 'train' dataset
[2021-10-27 16:08:35,903][core.trainer][INFO] - Computing metrics for 'val' dataset
[2021-10-27 16:08:38,766][core.metrics.meter][INFO] - Meter:
SequenceAccuracy:	0.952
TokenAccuracy:	1.000
LengthAccuracy:	0.954
1st Token Accuracy:	1.000
2nd Token Accuracy:	1.000
Average Loss:	0.061
[2021-10-27 16:08:38,838][core.early_stopping][INFO] - Early stopping counter: 6 / 5
[2021-10-27 16:08:38,864][core.early_stopping][INFO] - Pausing model saving until validation loss decreases by 0.0001
[2021-10-27 16:08:38,864][core.trainer][INFO] - Computing metrics for 'test' dataset
[2021-10-27 16:09:06,664][core.metrics.meter][INFO] - Meter:
SequenceAccuracy:	0.948
TokenAccuracy:	0.999
LengthAccuracy:	0.950
1st Token Accuracy:	1.000
2nd Token Accuracy:	1.000
Average Loss:	0.064
[2021-10-27 16:09:06,664][core.trainer][INFO] - Computing metrics for 'gen' dataset
[2021-10-27 16:09:36,574][core.metrics.meter][INFO] - Meter:
SequenceAccuracy:	0.000
TokenAccuracy:	0.595
LengthAccuracy:	0.938
1st Token Accuracy:	0.040
2nd Token Accuracy:	1.000
Average Loss:	2.208
[2021-10-27 16:09:36,580][core.trainer][INFO] - EPOCH 31 / 50
[2021-10-27 16:09:36,580][core.trainer][INFO] - Computing metrics for 'train' dataset
[2021-10-27 16:09:56,433][core.trainer][INFO] - Computing metrics for 'val' dataset
[2021-10-27 16:09:59,297][core.metrics.meter][INFO] - Meter:
SequenceAccuracy:	0.945
TokenAccuracy:	0.999
LengthAccuracy:	0.947
1st Token Accuracy:	1.000
2nd Token Accuracy:	1.000
Average Loss:	0.069
[2021-10-27 16:09:59,356][core.early_stopping][INFO] - Early stopping counter: 7 / 5
[2021-10-27 16:09:59,381][core.early_stopping][INFO] - Pausing model saving until validation loss decreases by 0.0001
[2021-10-27 16:09:59,382][core.trainer][INFO] - Computing metrics for 'test' dataset
[2021-10-27 16:10:27,020][core.metrics.meter][INFO] - Meter:
SequenceAccuracy:	0.953
TokenAccuracy:	0.999
LengthAccuracy:	0.955
1st Token Accuracy:	1.000
2nd Token Accuracy:	1.000
Average Loss:	0.059
[2021-10-27 16:10:27,037][core.trainer][INFO] - Computing metrics for 'gen' dataset
[2021-10-27 16:10:56,949][core.metrics.meter][INFO] - Meter:
SequenceAccuracy:	0.000
TokenAccuracy:	0.595
LengthAccuracy:	0.944
1st Token Accuracy:	0.040
2nd Token Accuracy:	1.000
Average Loss:	2.209
[2021-10-27 16:10:56,949][core.trainer][INFO] - EPOCH 32 / 50
[2021-10-27 16:10:56,949][core.trainer][INFO] - Computing metrics for 'train' dataset
[2021-10-27 16:11:16,657][core.trainer][INFO] - Computing metrics for 'val' dataset
[2021-10-27 16:11:19,514][core.metrics.meter][INFO] - Meter:
SequenceAccuracy:	0.948
TokenAccuracy:	0.999
LengthAccuracy:	0.951
1st Token Accuracy:	1.000
2nd Token Accuracy:	1.000
Average Loss:	0.063
[2021-10-27 16:11:19,580][core.early_stopping][INFO] - Early stopping counter: 8 / 5
[2021-10-27 16:11:19,606][core.early_stopping][INFO] - Pausing model saving until validation loss decreases by 0.0001
[2021-10-27 16:11:19,606][core.trainer][INFO] - Computing metrics for 'test' dataset
[2021-10-27 16:11:47,242][core.metrics.meter][INFO] - Meter:
SequenceAccuracy:	0.949
TokenAccuracy:	1.000
LengthAccuracy:	0.951
1st Token Accuracy:	1.000
2nd Token Accuracy:	1.000
Average Loss:	0.063
[2021-10-27 16:11:47,242][core.trainer][INFO] - Computing metrics for 'gen' dataset
[2021-10-27 16:12:17,217][core.metrics.meter][INFO] - Meter:
SequenceAccuracy:	0.000
TokenAccuracy:	0.593
LengthAccuracy:	0.938
1st Token Accuracy:	0.040
2nd Token Accuracy:	1.000
Average Loss:	2.221
[2021-10-27 16:12:17,217][core.trainer][INFO] - EPOCH 33 / 50
[2021-10-27 16:12:17,217][core.trainer][INFO] - Computing metrics for 'train' dataset
[2021-10-27 16:12:37,059][core.trainer][INFO] - Computing metrics for 'val' dataset
[2021-10-27 16:12:39,925][core.metrics.meter][INFO] - Meter:
SequenceAccuracy:	0.951
TokenAccuracy:	1.000
LengthAccuracy:	0.953
1st Token Accuracy:	1.000
2nd Token Accuracy:	1.000
Average Loss:	0.059
[2021-10-27 16:12:39,985][core.early_stopping][INFO] - Early stopping counter: 9 / 5
[2021-10-27 16:12:40,011][core.early_stopping][INFO] - Pausing model saving until validation loss decreases by 0.0001
[2021-10-27 16:12:40,011][core.trainer][INFO] - Computing metrics for 'test' dataset
[2021-10-27 16:13:07,649][core.metrics.meter][INFO] - Meter:
SequenceAccuracy:	0.949
TokenAccuracy:	1.000
LengthAccuracy:	0.950
1st Token Accuracy:	1.000
2nd Token Accuracy:	1.000
Average Loss:	0.065
[2021-10-27 16:13:07,649][core.trainer][INFO] - Computing metrics for 'gen' dataset
[2021-10-27 16:13:37,510][core.metrics.meter][INFO] - Meter:
SequenceAccuracy:	0.000
TokenAccuracy:	0.594
LengthAccuracy:	0.947
1st Token Accuracy:	0.042
2nd Token Accuracy:	1.000
Average Loss:	2.214
[2021-10-27 16:13:37,510][core.trainer][INFO] - EPOCH 34 / 50
[2021-10-27 16:13:37,510][core.trainer][INFO] - Computing metrics for 'train' dataset
[2021-10-27 16:13:57,310][core.trainer][INFO] - Computing metrics for 'val' dataset
[2021-10-27 16:14:00,163][core.metrics.meter][INFO] - Meter:
SequenceAccuracy:	0.958
TokenAccuracy:	1.000
LengthAccuracy:	0.960
1st Token Accuracy:	1.000
2nd Token Accuracy:	1.000
Average Loss:	0.052
[2021-10-27 16:14:00,256][core.early_stopping][INFO] - Early stopping counter: 10 / 5
[2021-10-27 16:14:00,281][core.early_stopping][INFO] - Pausing model saving until validation loss decreases by 0.0001
[2021-10-27 16:14:00,281][core.trainer][INFO] - Computing metrics for 'test' dataset
[2021-10-27 16:14:27,931][core.metrics.meter][INFO] - Meter:
SequenceAccuracy:	0.957
TokenAccuracy:	0.999
LengthAccuracy:	0.960
1st Token Accuracy:	1.000
2nd Token Accuracy:	1.000
Average Loss:	0.052
[2021-10-27 16:14:27,931][core.trainer][INFO] - Computing metrics for 'gen' dataset
[2021-10-27 16:14:57,877][core.metrics.meter][INFO] - Meter:
SequenceAccuracy:	0.000
TokenAccuracy:	0.594
LengthAccuracy:	0.946
1st Token Accuracy:	0.037
2nd Token Accuracy:	1.000
Average Loss:	2.226
[2021-10-27 16:14:57,877][core.trainer][INFO] - EPOCH 35 / 50
[2021-10-27 16:14:57,878][core.trainer][INFO] - Computing metrics for 'train' dataset
[2021-10-27 16:15:17,596][core.trainer][INFO] - Computing metrics for 'val' dataset
[2021-10-27 16:15:20,455][core.metrics.meter][INFO] - Meter:
SequenceAccuracy:	0.955
TokenAccuracy:	1.000
LengthAccuracy:	0.957
1st Token Accuracy:	1.000
2nd Token Accuracy:	1.000
Average Loss:	0.058
[2021-10-27 16:15:20,515][core.early_stopping][INFO] - Early stopping counter: 11 / 5
[2021-10-27 16:15:20,540][core.early_stopping][INFO] - Pausing model saving until validation loss decreases by 0.0001
[2021-10-27 16:15:20,540][core.trainer][INFO] - Computing metrics for 'test' dataset
[2021-10-27 16:15:48,228][core.metrics.meter][INFO] - Meter:
SequenceAccuracy:	0.952
TokenAccuracy:	0.999
LengthAccuracy:	0.955
1st Token Accuracy:	1.000
2nd Token Accuracy:	1.000
Average Loss:	0.060
[2021-10-27 16:15:48,228][core.trainer][INFO] - Computing metrics for 'gen' dataset
[2021-10-27 16:16:18,127][core.metrics.meter][INFO] - Meter:
SequenceAccuracy:	0.000
TokenAccuracy:	0.596
LengthAccuracy:	0.945
1st Token Accuracy:	0.043
2nd Token Accuracy:	1.000
Average Loss:	2.222
[2021-10-27 16:16:18,128][core.trainer][INFO] - EPOCH 36 / 50
[2021-10-27 16:16:18,128][core.trainer][INFO] - Computing metrics for 'train' dataset
[2021-10-27 16:16:37,937][core.trainer][INFO] - Computing metrics for 'val' dataset
[2021-10-27 16:16:40,791][core.metrics.meter][INFO] - Meter:
SequenceAccuracy:	0.950
TokenAccuracy:	1.000
LengthAccuracy:	0.952
1st Token Accuracy:	1.000
2nd Token Accuracy:	1.000
Average Loss:	0.064
[2021-10-27 16:16:40,850][core.early_stopping][INFO] - Early stopping counter: 12 / 5
[2021-10-27 16:16:40,876][core.early_stopping][INFO] - Pausing model saving until validation loss decreases by 0.0001
[2021-10-27 16:16:40,876][core.trainer][INFO] - Computing metrics for 'test' dataset
[2021-10-27 16:17:08,487][core.metrics.meter][INFO] - Meter:
SequenceAccuracy:	0.951
TokenAccuracy:	0.999
LengthAccuracy:	0.953
1st Token Accuracy:	1.000
2nd Token Accuracy:	1.000
Average Loss:	0.063
[2021-10-27 16:17:08,487][core.trainer][INFO] - Computing metrics for 'gen' dataset
[2021-10-27 16:17:38,379][core.metrics.meter][INFO] - Meter:
SequenceAccuracy:	0.000
TokenAccuracy:	0.599
LengthAccuracy:	0.950
1st Token Accuracy:	0.040
2nd Token Accuracy:	1.000
Average Loss:	2.205
[2021-10-27 16:17:38,379][core.trainer][INFO] - EPOCH 37 / 50
[2021-10-27 16:17:38,380][core.trainer][INFO] - Computing metrics for 'train' dataset
[2021-10-27 16:17:58,145][core.trainer][INFO] - Computing metrics for 'val' dataset
[2021-10-27 16:18:01,003][core.metrics.meter][INFO] - Meter:
SequenceAccuracy:	0.948
TokenAccuracy:	1.000
LengthAccuracy:	0.950
1st Token Accuracy:	1.000
2nd Token Accuracy:	1.000
Average Loss:	0.063
[2021-10-27 16:18:01,101][core.early_stopping][INFO] - Early stopping counter: 13 / 5
[2021-10-27 16:18:01,101][core.early_stopping][INFO] - Pausing model saving until validation loss decreases by 0.0001
[2021-10-27 16:18:01,102][core.trainer][INFO] - Computing metrics for 'test' dataset
[2021-10-27 16:18:28,746][core.metrics.meter][INFO] - Meter:
SequenceAccuracy:	0.948
TokenAccuracy:	1.000
LengthAccuracy:	0.949
1st Token Accuracy:	1.000
2nd Token Accuracy:	1.000
Average Loss:	0.067
[2021-10-27 16:18:28,746][core.trainer][INFO] - Computing metrics for 'gen' dataset
[2021-10-27 16:18:58,678][core.metrics.meter][INFO] - Meter:
SequenceAccuracy:	0.000
TokenAccuracy:	0.598
LengthAccuracy:	0.946
1st Token Accuracy:	0.039
2nd Token Accuracy:	1.000
Average Loss:	2.214
[2021-10-27 16:18:58,678][core.trainer][INFO] - EPOCH 38 / 50
[2021-10-27 16:18:58,678][core.trainer][INFO] - Computing metrics for 'train' dataset
[2021-10-27 16:19:18,564][core.trainer][INFO] - Computing metrics for 'val' dataset
[2021-10-27 16:19:21,426][core.metrics.meter][INFO] - Meter:
SequenceAccuracy:	0.949
TokenAccuracy:	1.000
LengthAccuracy:	0.951
1st Token Accuracy:	1.000
2nd Token Accuracy:	1.000
Average Loss:	0.062
[2021-10-27 16:19:21,483][core.early_stopping][INFO] - Early stopping counter: 14 / 5
[2021-10-27 16:19:21,508][core.early_stopping][INFO] - Pausing model saving until validation loss decreases by 0.0001
[2021-10-27 16:19:21,508][core.trainer][INFO] - Computing metrics for 'test' dataset
[2021-10-27 16:19:49,193][core.metrics.meter][INFO] - Meter:
SequenceAccuracy:	0.949
TokenAccuracy:	1.000
LengthAccuracy:	0.951
1st Token Accuracy:	1.000
2nd Token Accuracy:	1.000
Average Loss:	0.064
[2021-10-27 16:19:49,193][core.trainer][INFO] - Computing metrics for 'gen' dataset
[2021-10-27 16:20:19,121][core.metrics.meter][INFO] - Meter:
SequenceAccuracy:	0.000
TokenAccuracy:	0.599
LengthAccuracy:	0.937
1st Token Accuracy:	0.045
2nd Token Accuracy:	1.000
Average Loss:	2.224
[2021-10-27 16:20:19,121][core.trainer][INFO] - EPOCH 39 / 50
[2021-10-27 16:20:19,121][core.trainer][INFO] - Computing metrics for 'train' dataset
[2021-10-27 16:20:38,934][core.trainer][INFO] - Computing metrics for 'val' dataset
[2021-10-27 16:20:41,795][core.metrics.meter][INFO] - Meter:
SequenceAccuracy:	0.946
TokenAccuracy:	1.000
LengthAccuracy:	0.949
1st Token Accuracy:	1.000
2nd Token Accuracy:	1.000
Average Loss:	0.068
[2021-10-27 16:20:41,861][core.early_stopping][INFO] - Early stopping counter: 15 / 5
[2021-10-27 16:20:41,886][core.early_stopping][INFO] - Pausing model saving until validation loss decreases by 0.0001
[2021-10-27 16:20:41,886][core.trainer][INFO] - Computing metrics for 'test' dataset
[2021-10-27 16:21:09,527][core.metrics.meter][INFO] - Meter:
SequenceAccuracy:	0.951
TokenAccuracy:	1.000
LengthAccuracy:	0.952
1st Token Accuracy:	1.000
2nd Token Accuracy:	1.000
Average Loss:	0.062
[2021-10-27 16:21:09,527][core.trainer][INFO] - Computing metrics for 'gen' dataset
[2021-10-27 16:21:39,435][core.metrics.meter][INFO] - Meter:
SequenceAccuracy:	0.000
TokenAccuracy:	0.597
LengthAccuracy:	0.944
1st Token Accuracy:	0.037
2nd Token Accuracy:	1.000
Average Loss:	2.222
[2021-10-27 16:21:39,435][core.trainer][INFO] - EPOCH 40 / 50
[2021-10-27 16:21:39,435][core.trainer][INFO] - Computing metrics for 'train' dataset
[2021-10-27 16:21:59,343][core.trainer][INFO] - Computing metrics for 'val' dataset
[2021-10-27 16:22:02,210][core.metrics.meter][INFO] - Meter:
SequenceAccuracy:	0.951
TokenAccuracy:	1.000
LengthAccuracy:	0.953
1st Token Accuracy:	1.000
2nd Token Accuracy:	1.000
Average Loss:	0.059
[2021-10-27 16:22:02,267][core.early_stopping][INFO] - Early stopping counter: 16 / 5
[2021-10-27 16:22:02,292][core.early_stopping][INFO] - Pausing model saving until validation loss decreases by 0.0001
[2021-10-27 16:22:02,292][core.trainer][INFO] - Computing metrics for 'test' dataset
[2021-10-27 16:22:29,965][core.metrics.meter][INFO] - Meter:
SequenceAccuracy:	0.951
TokenAccuracy:	1.000
LengthAccuracy:	0.952
1st Token Accuracy:	1.000
2nd Token Accuracy:	1.000
Average Loss:	0.061
[2021-10-27 16:22:29,966][core.trainer][INFO] - Computing metrics for 'gen' dataset
[2021-10-27 16:22:59,866][core.metrics.meter][INFO] - Meter:
SequenceAccuracy:	0.000
TokenAccuracy:	0.595
LengthAccuracy:	0.936
1st Token Accuracy:	0.041
2nd Token Accuracy:	1.000
Average Loss:	2.242
[2021-10-27 16:22:59,866][core.trainer][INFO] - EPOCH 41 / 50
[2021-10-27 16:22:59,866][core.trainer][INFO] - Computing metrics for 'train' dataset
[2021-10-27 16:23:19,731][core.trainer][INFO] - Computing metrics for 'val' dataset
[2021-10-27 16:23:22,599][core.metrics.meter][INFO] - Meter:
SequenceAccuracy:	0.951
TokenAccuracy:	1.000
LengthAccuracy:	0.952
1st Token Accuracy:	1.000
2nd Token Accuracy:	1.000
Average Loss:	0.062
[2021-10-27 16:23:22,659][core.early_stopping][INFO] - Early stopping counter: 17 / 5
[2021-10-27 16:23:22,684][core.early_stopping][INFO] - Pausing model saving until validation loss decreases by 0.0001
[2021-10-27 16:23:22,684][core.trainer][INFO] - Computing metrics for 'test' dataset
[2021-10-27 16:23:50,310][core.metrics.meter][INFO] - Meter:
SequenceAccuracy:	0.949
TokenAccuracy:	1.000
LengthAccuracy:	0.951
1st Token Accuracy:	1.000
2nd Token Accuracy:	1.000
Average Loss:	0.064
[2021-10-27 16:23:50,310][core.trainer][INFO] - Computing metrics for 'gen' dataset
[2021-10-27 16:24:20,191][core.metrics.meter][INFO] - Meter:
SequenceAccuracy:	0.000
TokenAccuracy:	0.595
LengthAccuracy:	0.938
1st Token Accuracy:	0.038
2nd Token Accuracy:	1.000
Average Loss:	2.252
[2021-10-27 16:24:20,207][core.trainer][INFO] - EPOCH 42 / 50
[2021-10-27 16:24:20,207][core.trainer][INFO] - Computing metrics for 'train' dataset
[2021-10-27 16:24:40,065][core.trainer][INFO] - Computing metrics for 'val' dataset
[2021-10-27 16:24:42,925][core.metrics.meter][INFO] - Meter:
SequenceAccuracy:	0.946
TokenAccuracy:	1.000
LengthAccuracy:	0.948
1st Token Accuracy:	1.000
2nd Token Accuracy:	1.000
Average Loss:	0.068
[2021-10-27 16:24:42,982][core.early_stopping][INFO] - Early stopping counter: 18 / 5
[2021-10-27 16:24:43,007][core.early_stopping][INFO] - Pausing model saving until validation loss decreases by 0.0001
[2021-10-27 16:24:43,008][core.trainer][INFO] - Computing metrics for 'test' dataset
[2021-10-27 16:25:10,668][core.metrics.meter][INFO] - Meter:
SequenceAccuracy:	0.950
TokenAccuracy:	0.999
LengthAccuracy:	0.952
1st Token Accuracy:	1.000
2nd Token Accuracy:	1.000
Average Loss:	0.063
[2021-10-27 16:25:10,668][core.trainer][INFO] - Computing metrics for 'gen' dataset
[2021-10-27 16:25:40,578][core.metrics.meter][INFO] - Meter:
SequenceAccuracy:	0.000
TokenAccuracy:	0.597
LengthAccuracy:	0.940
1st Token Accuracy:	0.039
2nd Token Accuracy:	1.000
Average Loss:	2.236
[2021-10-27 16:25:40,578][core.trainer][INFO] - EPOCH 43 / 50
[2021-10-27 16:25:40,578][core.trainer][INFO] - Computing metrics for 'train' dataset
[2021-10-27 16:26:00,423][core.trainer][INFO] - Computing metrics for 'val' dataset
[2021-10-27 16:26:03,287][core.metrics.meter][INFO] - Meter:
SequenceAccuracy:	0.954
TokenAccuracy:	1.000
LengthAccuracy:	0.955
1st Token Accuracy:	1.000
2nd Token Accuracy:	1.000
Average Loss:	0.058
[2021-10-27 16:26:03,341][core.early_stopping][INFO] - Early stopping counter: 19 / 5
[2021-10-27 16:26:03,365][core.early_stopping][INFO] - Pausing model saving until validation loss decreases by 0.0001
[2021-10-27 16:26:03,365][core.trainer][INFO] - Computing metrics for 'test' dataset
[2021-10-27 16:26:31,046][core.metrics.meter][INFO] - Meter:
SequenceAccuracy:	0.949
TokenAccuracy:	1.000
LengthAccuracy:	0.950
1st Token Accuracy:	1.000
2nd Token Accuracy:	1.000
Average Loss:	0.065
[2021-10-27 16:26:31,046][core.trainer][INFO] - Computing metrics for 'gen' dataset
[2021-10-27 16:27:00,960][core.metrics.meter][INFO] - Meter:
SequenceAccuracy:	0.000
TokenAccuracy:	0.594
LengthAccuracy:	0.939
1st Token Accuracy:	0.042
2nd Token Accuracy:	1.000
Average Loss:	2.253
[2021-10-27 16:27:00,960][core.trainer][INFO] - EPOCH 44 / 50
[2021-10-27 16:27:00,961][core.trainer][INFO] - Computing metrics for 'train' dataset
[2021-10-27 16:27:20,798][core.trainer][INFO] - Computing metrics for 'val' dataset
[2021-10-27 16:27:23,660][core.metrics.meter][INFO] - Meter:
SequenceAccuracy:	0.946
TokenAccuracy:	0.999
LengthAccuracy:	0.948
1st Token Accuracy:	1.000
2nd Token Accuracy:	1.000
Average Loss:	0.065
[2021-10-27 16:27:23,736][core.early_stopping][INFO] - Early stopping counter: 20 / 5
[2021-10-27 16:27:23,761][core.early_stopping][INFO] - Pausing model saving until validation loss decreases by 0.0001
[2021-10-27 16:27:23,762][core.trainer][INFO] - Computing metrics for 'test' dataset
[2021-10-27 16:27:51,402][core.metrics.meter][INFO] - Meter:
SequenceAccuracy:	0.952
TokenAccuracy:	1.000
LengthAccuracy:	0.954
1st Token Accuracy:	1.000
2nd Token Accuracy:	1.000
Average Loss:	0.059
[2021-10-27 16:27:51,403][core.trainer][INFO] - Computing metrics for 'gen' dataset
[2021-10-27 16:28:21,277][core.metrics.meter][INFO] - Meter:
SequenceAccuracy:	0.000
TokenAccuracy:	0.600
LengthAccuracy:	0.952
1st Token Accuracy:	0.041
2nd Token Accuracy:	1.000
Average Loss:	2.232
[2021-10-27 16:28:21,277][core.trainer][INFO] - EPOCH 45 / 50
[2021-10-27 16:28:21,277][core.trainer][INFO] - Computing metrics for 'train' dataset
[2021-10-27 16:28:41,076][core.trainer][INFO] - Computing metrics for 'val' dataset
[2021-10-27 16:28:43,938][core.metrics.meter][INFO] - Meter:
SequenceAccuracy:	0.944
TokenAccuracy:	1.000
LengthAccuracy:	0.947
1st Token Accuracy:	1.000
2nd Token Accuracy:	1.000
Average Loss:	0.068
[2021-10-27 16:28:44,047][core.early_stopping][INFO] - Early stopping counter: 21 / 5
[2021-10-27 16:28:44,047][core.early_stopping][INFO] - Pausing model saving until validation loss decreases by 0.0001
[2021-10-27 16:28:44,047][core.trainer][INFO] - Computing metrics for 'test' dataset
[2021-10-27 16:29:11,681][core.metrics.meter][INFO] - Meter:
SequenceAccuracy:	0.949
TokenAccuracy:	1.000
LengthAccuracy:	0.950
1st Token Accuracy:	1.000
2nd Token Accuracy:	1.000
Average Loss:	0.064
[2021-10-27 16:29:11,681][core.trainer][INFO] - Computing metrics for 'gen' dataset
[2021-10-27 16:29:41,585][core.metrics.meter][INFO] - Meter:
SequenceAccuracy:	0.000
TokenAccuracy:	0.594
LengthAccuracy:	0.943
1st Token Accuracy:	0.041
2nd Token Accuracy:	1.000
Average Loss:	2.256
[2021-10-27 16:29:41,586][core.trainer][INFO] - EPOCH 46 / 50
[2021-10-27 16:29:41,586][core.trainer][INFO] - Computing metrics for 'train' dataset
[2021-10-27 16:30:01,446][core.trainer][INFO] - Computing metrics for 'val' dataset
[2021-10-27 16:30:04,311][core.metrics.meter][INFO] - Meter:
SequenceAccuracy:	0.949
TokenAccuracy:	1.000
LengthAccuracy:	0.950
1st Token Accuracy:	1.000
2nd Token Accuracy:	1.000
Average Loss:	0.064
[2021-10-27 16:30:04,378][core.early_stopping][INFO] - Early stopping counter: 22 / 5
[2021-10-27 16:30:04,403][core.early_stopping][INFO] - Pausing model saving until validation loss decreases by 0.0001
[2021-10-27 16:30:04,404][core.trainer][INFO] - Computing metrics for 'test' dataset
[2021-10-27 16:30:32,052][core.metrics.meter][INFO] - Meter:
SequenceAccuracy:	0.950
TokenAccuracy:	1.000
LengthAccuracy:	0.951
1st Token Accuracy:	1.000
2nd Token Accuracy:	1.000
Average Loss:	0.065
[2021-10-27 16:30:32,052][core.trainer][INFO] - Computing metrics for 'gen' dataset
[2021-10-27 16:31:01,953][core.metrics.meter][INFO] - Meter:
SequenceAccuracy:	0.000
TokenAccuracy:	0.599
LengthAccuracy:	0.946
1st Token Accuracy:	0.043
2nd Token Accuracy:	1.000
Average Loss:	2.239
[2021-10-27 16:31:01,953][core.trainer][INFO] - EPOCH 47 / 50
[2021-10-27 16:31:01,953][core.trainer][INFO] - Computing metrics for 'train' dataset
[2021-10-27 16:31:21,729][core.trainer][INFO] - Computing metrics for 'val' dataset
[2021-10-27 16:31:24,587][core.metrics.meter][INFO] - Meter:
SequenceAccuracy:	0.950
TokenAccuracy:	1.000
LengthAccuracy:	0.952
1st Token Accuracy:	1.000
2nd Token Accuracy:	1.000
Average Loss:	0.062
[2021-10-27 16:31:24,643][core.early_stopping][INFO] - Early stopping counter: 23 / 5
[2021-10-27 16:31:24,668][core.early_stopping][INFO] - Pausing model saving until validation loss decreases by 0.0001
[2021-10-27 16:31:24,668][core.trainer][INFO] - Computing metrics for 'test' dataset
[2021-10-27 16:31:52,312][core.metrics.meter][INFO] - Meter:
SequenceAccuracy:	0.953
TokenAccuracy:	1.000
LengthAccuracy:	0.954
1st Token Accuracy:	1.000
2nd Token Accuracy:	1.000
Average Loss:	0.059
[2021-10-27 16:31:52,312][core.trainer][INFO] - Computing metrics for 'gen' dataset
[2021-10-27 16:32:22,178][core.metrics.meter][INFO] - Meter:
SequenceAccuracy:	0.000
TokenAccuracy:	0.600
LengthAccuracy:	0.951
1st Token Accuracy:	0.042
2nd Token Accuracy:	1.000
Average Loss:	2.234
[2021-10-27 16:32:22,200][core.trainer][INFO] - EPOCH 48 / 50
[2021-10-27 16:32:22,200][core.trainer][INFO] - Computing metrics for 'train' dataset
[2021-10-27 16:32:41,966][core.trainer][INFO] - Computing metrics for 'val' dataset
[2021-10-27 16:32:44,832][core.metrics.meter][INFO] - Meter:
SequenceAccuracy:	0.951
TokenAccuracy:	1.000
LengthAccuracy:	0.952
1st Token Accuracy:	1.000
2nd Token Accuracy:	1.000
Average Loss:	0.063
[2021-10-27 16:32:44,918][core.early_stopping][INFO] - Early stopping counter: 24 / 5
[2021-10-27 16:32:44,918][core.early_stopping][INFO] - Pausing model saving until validation loss decreases by 0.0001
[2021-10-27 16:32:44,918][core.trainer][INFO] - Computing metrics for 'test' dataset
[2021-10-27 16:33:12,597][core.metrics.meter][INFO] - Meter:
SequenceAccuracy:	0.944
TokenAccuracy:	1.000
LengthAccuracy:	0.945
1st Token Accuracy:	1.000
2nd Token Accuracy:	1.000
Average Loss:	0.069
[2021-10-27 16:33:12,597][core.trainer][INFO] - Computing metrics for 'gen' dataset
[2021-10-27 16:33:42,509][core.metrics.meter][INFO] - Meter:
SequenceAccuracy:	0.000
TokenAccuracy:	0.594
LengthAccuracy:	0.943
1st Token Accuracy:	0.044
2nd Token Accuracy:	1.000
Average Loss:	2.267
[2021-10-27 16:33:42,509][core.trainer][INFO] - EPOCH 49 / 50
[2021-10-27 16:33:42,509][core.trainer][INFO] - Computing metrics for 'train' dataset
[2021-10-27 16:34:02,286][core.trainer][INFO] - Computing metrics for 'val' dataset
[2021-10-27 16:34:05,148][core.metrics.meter][INFO] - Meter:
SequenceAccuracy:	0.951
TokenAccuracy:	1.000
LengthAccuracy:	0.952
1st Token Accuracy:	1.000
2nd Token Accuracy:	1.000
Average Loss:	0.061
[2021-10-27 16:34:05,205][core.early_stopping][INFO] - Early stopping counter: 25 / 5
[2021-10-27 16:34:05,229][core.early_stopping][INFO] - Pausing model saving until validation loss decreases by 0.0001
[2021-10-27 16:34:05,230][core.trainer][INFO] - Computing metrics for 'test' dataset
[2021-10-27 16:34:32,841][core.metrics.meter][INFO] - Meter:
SequenceAccuracy:	0.950
TokenAccuracy:	1.000
LengthAccuracy:	0.951
1st Token Accuracy:	1.000
2nd Token Accuracy:	1.000
Average Loss:	0.064
[2021-10-27 16:34:32,841][core.trainer][INFO] - Computing metrics for 'gen' dataset
[2021-10-27 16:35:02,701][core.metrics.meter][INFO] - Meter:
SequenceAccuracy:	0.000
TokenAccuracy:	0.599
LengthAccuracy:	0.951
1st Token Accuracy:	0.041
2nd Token Accuracy:	1.000
Average Loss:	2.244
[2021-10-27 16:35:02,701][core.trainer][INFO] - EPOCH 50 / 50
[2021-10-27 16:35:02,701][core.trainer][INFO] - Computing metrics for 'train' dataset
[2021-10-27 16:35:22,485][core.trainer][INFO] - Computing metrics for 'val' dataset
[2021-10-27 16:35:25,349][core.metrics.meter][INFO] - Meter:
SequenceAccuracy:	0.952
TokenAccuracy:	1.000
LengthAccuracy:	0.952
1st Token Accuracy:	1.000
2nd Token Accuracy:	1.000
Average Loss:	0.059
[2021-10-27 16:35:25,406][core.early_stopping][INFO] - Early stopping counter: 26 / 5
[2021-10-27 16:35:25,431][core.early_stopping][INFO] - Pausing model saving until validation loss decreases by 0.0001
[2021-10-27 16:35:25,431][core.trainer][INFO] - Computing metrics for 'test' dataset
[2021-10-27 16:35:53,055][core.metrics.meter][INFO] - Meter:
SequenceAccuracy:	0.951
TokenAccuracy:	1.000
LengthAccuracy:	0.953
1st Token Accuracy:	1.000
2nd Token Accuracy:	1.000
Average Loss:	0.059
[2021-10-27 16:35:53,056][core.trainer][INFO] - Computing metrics for 'gen' dataset
[2021-10-27 16:36:22,927][core.metrics.meter][INFO] - Meter:
SequenceAccuracy:	0.000
TokenAccuracy:	0.602
LengthAccuracy:	0.953
1st Token Accuracy:	0.036
2nd Token Accuracy:	1.000
Average Loss:	2.223
