experiment:
  dataset:
    name: ms-question-en
    input: ms-question.tsv
    source_format: sequence
    target_format: sequence
    overwrite: false
    transform_field: target
    splits:
      train: 80
      test: 10
      val: 10
  hyperparameters:
    epochs: 50
    batch_size: 5
    lr: 0.001
    tolerance: 0.0001
    num_iters_eval: 1000
    min_iters: 30000
    patience: 5
    tf_ratio: 0.5
    cuda: 0
  model:
    name: Transformer
    encoder:
      unit: Transformer
      type: sequence
      dropout: 0
      num_layers: 1
      hidden_size: 256
      embedding_size: 256
      num_heads: 8
    decoder:
      unit: Transformer
      type: sequence
      dropout: 0
      num_layers: 1
      max_length: 30
      hidden_size: 256
      embedding_size: 256
      num_heads: 8
      attention: null
  name: qform-en-transformer-1layer
pretty_print: true

[2021-10-27 09:04:12,713][core.trainer][INFO] - DEVICE: cuda
[2021-10-27 09:04:12,713][core.dataset.base_dataset][INFO] - Initializing dataset
[2021-10-27 09:04:12,714][core.dataset.base_dataset][INFO] - Constructing fields from dataset.
[2021-10-27 09:04:15,877][core.trainer][INFO] - TransductionDataset(
 splits: [val (1000 sequences), train (100000 sequences), test (10000 sequences), gen (10000 sequences)]
 fields: [source, annotation, target]
)
[2021-10-27 09:04:15,877][core.models.base_model][INFO] - Initializing model
[2021-10-27 09:04:21,467][core.trainer][INFO] - TransductionModel(
  (_encoder): TransductionSequenceEncoder(
    (module): Sequential(
      (0): Sequential(
        (0): Embedding(68, 256)
        (1): PositionalEncoding(
          (dropout): Dropout(p=0.0, inplace=False)
        )
      )
      (1): TransformerEncoder(
        (layers): ModuleList(
          (0): TransformerEncoderLayer(
            (self_attn): MultiheadAttention(
              (out_proj): _LinearWithBias(in_features=256, out_features=256, bias=True)
            )
            (linear1): Linear(in_features=256, out_features=2048, bias=True)
            (dropout): Dropout(p=0.1, inplace=False)
            (linear2): Linear(in_features=2048, out_features=256, bias=True)
            (norm1): LayerNorm((256,), eps=1e-05, elementwise_affine=True)
            (norm2): LayerNorm((256,), eps=1e-05, elementwise_affine=True)
            (dropout1): Dropout(p=0.1, inplace=False)
            (dropout2): Dropout(p=0.1, inplace=False)
          )
        )
      )
    )
  )
  (_decoder): TransformerSequenceDecoder(
    (_embedding): Sequential(
      (0): Embedding(71, 256)
      (1): PositionalEncoding(
        (dropout): Dropout(p=0.0, inplace=False)
      )
    )
    (_unit): TransformerDecoder(
      (layers): ModuleList(
        (0): TransformerDecoderLayer(
          (self_attn): MultiheadAttention(
            (out_proj): _LinearWithBias(in_features=256, out_features=256, bias=True)
          )
          (multihead_attn): MultiheadAttention(
            (out_proj): _LinearWithBias(in_features=256, out_features=256, bias=True)
          )
          (linear1): Linear(in_features=256, out_features=2048, bias=True)
          (dropout): Dropout(p=0.0, inplace=False)
          (linear2): Linear(in_features=2048, out_features=256, bias=True)
          (norm1): LayerNorm((256,), eps=1e-05, elementwise_affine=True)
          (norm2): LayerNorm((256,), eps=1e-05, elementwise_affine=True)
          (norm3): LayerNorm((256,), eps=1e-05, elementwise_affine=True)
          (dropout1): Dropout(p=0.0, inplace=False)
          (dropout2): Dropout(p=0.0, inplace=False)
          (dropout3): Dropout(p=0.0, inplace=False)
        )
      )
    )
    (_out): Linear(in_features=256, out_features=71, bias=True)
  )
)
[2021-10-27 09:04:21,468][core.trainer][INFO] - Beginning training
[2021-10-27 09:04:21,472][core.metrics.meter][INFO] - Logging with tensorboard; view with `tensorboard --logdir=/scratch/lw2534/lab/transductions/outputs/qform-en-transformer-1layer/Transformer/2021-10-27_09-04-12/tensorboard`
[2021-10-27 09:04:21,475][core.trainer][INFO] - EPOCH 1 / 50
[2021-10-27 09:04:21,475][core.trainer][INFO] - Computing metrics for 'train' dataset
[2021-10-27 09:04:38,815][core.trainer][INFO] - Computing metrics for 'val' dataset
[2021-10-27 09:04:40,968][core.metrics.meter][INFO] - Meter:
SequenceAccuracy:	0.000
TokenAccuracy:	0.121
LengthAccuracy:	0.321
1st Token Accuracy:	0.130
2nd Token Accuracy:	0.046
Average Loss:	3.785
[2021-10-27 09:04:57,455][core.trainer][INFO] - Computing metrics for 'val' dataset
[2021-10-27 09:04:59,788][core.metrics.meter][INFO] - Meter:
SequenceAccuracy:	0.000
TokenAccuracy:	0.147
LengthAccuracy:	0.247
1st Token Accuracy:	0.244
2nd Token Accuracy:	0.071
Average Loss:	3.548
[2021-10-27 09:05:16,531][core.trainer][INFO] - Computing metrics for 'val' dataset
[2021-10-27 09:05:18,826][core.metrics.meter][INFO] - Meter:
SequenceAccuracy:	0.000
TokenAccuracy:	0.166
LengthAccuracy:	0.273
1st Token Accuracy:	0.311
2nd Token Accuracy:	0.096
Average Loss:	3.432
[2021-10-27 09:05:35,777][core.trainer][INFO] - Computing metrics for 'val' dataset
[2021-10-27 09:05:38,104][core.metrics.meter][INFO] - Meter:
SequenceAccuracy:	0.000
TokenAccuracy:	0.191
LengthAccuracy:	0.299
1st Token Accuracy:	0.452
2nd Token Accuracy:	0.122
Average Loss:	3.354
[2021-10-27 09:05:55,475][core.trainer][INFO] - Computing metrics for 'val' dataset
[2021-10-27 09:05:57,898][core.metrics.meter][INFO] - Meter:
SequenceAccuracy:	0.000
TokenAccuracy:	0.213
LengthAccuracy:	0.329
1st Token Accuracy:	0.553
2nd Token Accuracy:	0.141
Average Loss:	3.266
[2021-10-27 09:06:16,129][core.trainer][INFO] - Computing metrics for 'val' dataset
[2021-10-27 09:06:18,625][core.metrics.meter][INFO] - Meter:
SequenceAccuracy:	0.000
TokenAccuracy:	0.241
LengthAccuracy:	0.377
1st Token Accuracy:	0.625
2nd Token Accuracy:	0.186
Average Loss:	3.164
[2021-10-27 09:06:37,008][core.trainer][INFO] - Computing metrics for 'val' dataset
[2021-10-27 09:06:39,517][core.metrics.meter][INFO] - Meter:
SequenceAccuracy:	0.000
TokenAccuracy:	0.266
LengthAccuracy:	0.445
1st Token Accuracy:	0.675
2nd Token Accuracy:	0.209
Average Loss:	3.055
[2021-10-27 09:06:58,310][core.trainer][INFO] - Computing metrics for 'val' dataset
[2021-10-27 09:07:00,960][core.metrics.meter][INFO] - Meter:
SequenceAccuracy:	0.000
TokenAccuracy:	0.291
LengthAccuracy:	0.540
1st Token Accuracy:	0.736
2nd Token Accuracy:	0.233
Average Loss:	2.942
[2021-10-27 09:07:20,328][core.trainer][INFO] - Computing metrics for 'val' dataset
[2021-10-27 09:07:23,095][core.metrics.meter][INFO] - Meter:
SequenceAccuracy:	0.000
TokenAccuracy:	0.317
LengthAccuracy:	0.585
1st Token Accuracy:	0.795
2nd Token Accuracy:	0.268
Average Loss:	2.825
[2021-10-27 09:07:43,151][core.trainer][INFO] - Computing metrics for 'val' dataset
[2021-10-27 09:07:45,986][core.metrics.meter][INFO] - Meter:
SequenceAccuracy:	0.000
TokenAccuracy:	0.341
LengthAccuracy:	0.616
1st Token Accuracy:	0.873
2nd Token Accuracy:	0.319
Average Loss:	2.703
[2021-10-27 09:08:06,147][core.trainer][INFO] - Computing metrics for 'val' dataset
[2021-10-27 09:08:09,003][core.metrics.meter][INFO] - Meter:
SequenceAccuracy:	0.000
TokenAccuracy:	0.360
LengthAccuracy:	0.641
1st Token Accuracy:	0.938
2nd Token Accuracy:	0.341
Average Loss:	2.598
[2021-10-27 09:08:29,826][core.trainer][INFO] - Computing metrics for 'val' dataset
[2021-10-27 09:08:32,617][core.metrics.meter][INFO] - Meter:
SequenceAccuracy:	0.000
TokenAccuracy:	0.380
LengthAccuracy:	0.709
1st Token Accuracy:	0.964
2nd Token Accuracy:	0.386
Average Loss:	2.497
[2021-10-27 09:08:52,286][core.trainer][INFO] - Computing metrics for 'val' dataset
[2021-10-27 09:08:55,056][core.metrics.meter][INFO] - Meter:
SequenceAccuracy:	0.000
TokenAccuracy:	0.393
LengthAccuracy:	0.719
1st Token Accuracy:	0.977
2nd Token Accuracy:	0.396
Average Loss:	2.411
[2021-10-27 09:09:15,093][core.trainer][INFO] - Computing metrics for 'val' dataset
[2021-10-27 09:09:17,891][core.metrics.meter][INFO] - Meter:
SequenceAccuracy:	0.000
TokenAccuracy:	0.412
LengthAccuracy:	0.768
1st Token Accuracy:	0.981
2nd Token Accuracy:	0.408
Average Loss:	2.334
[2021-10-27 09:09:37,980][core.trainer][INFO] - Computing metrics for 'val' dataset
[2021-10-27 09:09:40,786][core.metrics.meter][INFO] - Meter:
SequenceAccuracy:	0.000
TokenAccuracy:	0.428
LengthAccuracy:	0.789
1st Token Accuracy:	0.990
2nd Token Accuracy:	0.421
Average Loss:	2.268
[2021-10-27 09:10:00,829][core.trainer][INFO] - Computing metrics for 'val' dataset
[2021-10-27 09:10:03,673][core.metrics.meter][INFO] - Meter:
SequenceAccuracy:	0.000
TokenAccuracy:	0.450
LengthAccuracy:	0.825
1st Token Accuracy:	0.992
2nd Token Accuracy:	0.448
Average Loss:	2.175
[2021-10-27 09:10:23,691][core.trainer][INFO] - Computing metrics for 'val' dataset
[2021-10-27 09:10:26,538][core.metrics.meter][INFO] - Meter:
SequenceAccuracy:	0.000
TokenAccuracy:	0.467
LengthAccuracy:	0.829
1st Token Accuracy:	0.995
2nd Token Accuracy:	0.494
Average Loss:	2.121
[2021-10-27 09:10:46,824][core.trainer][INFO] - Computing metrics for 'val' dataset
[2021-10-27 09:10:49,672][core.metrics.meter][INFO] - Meter:
SequenceAccuracy:	0.000
TokenAccuracy:	0.487
LengthAccuracy:	0.852
1st Token Accuracy:	0.996
2nd Token Accuracy:	0.549
Average Loss:	2.038
[2021-10-27 09:11:09,506][core.trainer][INFO] - Computing metrics for 'val' dataset
[2021-10-27 09:11:12,336][core.metrics.meter][INFO] - Meter:
SequenceAccuracy:	0.001
TokenAccuracy:	0.504
LengthAccuracy:	0.853
1st Token Accuracy:	0.997
2nd Token Accuracy:	0.585
Average Loss:	1.960
[2021-10-27 09:11:32,289][core.trainer][INFO] - Computing metrics for 'val' dataset
[2021-10-27 09:11:35,128][core.metrics.meter][INFO] - Meter:
SequenceAccuracy:	0.001
TokenAccuracy:	0.527
LengthAccuracy:	0.856
1st Token Accuracy:	0.997
2nd Token Accuracy:	0.642
Average Loss:	1.886
[2021-10-27 09:11:35,319][core.trainer][INFO] - Computing metrics for 'test' dataset
[2021-10-27 09:12:02,919][core.metrics.meter][INFO] - Meter:
SequenceAccuracy:	0.002
TokenAccuracy:	0.496
LengthAccuracy:	0.841
1st Token Accuracy:	0.997
2nd Token Accuracy:	0.644
Average Loss:	2.067
[2021-10-27 09:12:02,919][core.trainer][INFO] - Computing metrics for 'gen' dataset
[2021-10-27 09:12:33,083][core.metrics.meter][INFO] - Meter:
SequenceAccuracy:	0.000
TokenAccuracy:	0.410
LengthAccuracy:	0.835
1st Token Accuracy:	0.079
2nd Token Accuracy:	0.987
Average Loss:	2.300
[2021-10-27 09:12:33,084][core.trainer][INFO] - EPOCH 2 / 50
[2021-10-27 09:12:33,084][core.trainer][INFO] - Computing metrics for 'train' dataset
[2021-10-27 09:12:52,915][core.trainer][INFO] - Computing metrics for 'val' dataset
[2021-10-27 09:12:55,745][core.metrics.meter][INFO] - Meter:
SequenceAccuracy:	0.003
TokenAccuracy:	0.549
LengthAccuracy:	0.876
1st Token Accuracy:	0.998
2nd Token Accuracy:	0.680
Average Loss:	1.797
[2021-10-27 09:13:16,265][core.trainer][INFO] - Computing metrics for 'val' dataset
[2021-10-27 09:13:19,096][core.metrics.meter][INFO] - Meter:
SequenceAccuracy:	0.007
TokenAccuracy:	0.578
LengthAccuracy:	0.890
1st Token Accuracy:	0.997
2nd Token Accuracy:	0.733
Average Loss:	1.692
[2021-10-27 09:13:39,556][core.trainer][INFO] - Computing metrics for 'val' dataset
[2021-10-27 09:13:42,398][core.metrics.meter][INFO] - Meter:
SequenceAccuracy:	0.015
TokenAccuracy:	0.612
LengthAccuracy:	0.904
1st Token Accuracy:	0.998
2nd Token Accuracy:	0.781
Average Loss:	1.568
[2021-10-27 09:14:03,440][core.trainer][INFO] - Computing metrics for 'val' dataset
[2021-10-27 09:14:06,303][core.metrics.meter][INFO] - Meter:
SequenceAccuracy:	0.034
TokenAccuracy:	0.650
LengthAccuracy:	0.916
1st Token Accuracy:	0.996
2nd Token Accuracy:	0.836
Average Loss:	1.430
[2021-10-27 09:14:26,784][core.trainer][INFO] - Computing metrics for 'val' dataset
[2021-10-27 09:14:29,734][core.metrics.meter][INFO] - Meter:
SequenceAccuracy:	0.074
TokenAccuracy:	0.688
LengthAccuracy:	0.926
1st Token Accuracy:	0.996
2nd Token Accuracy:	0.901
Average Loss:	1.289
[2021-10-27 09:14:49,990][core.trainer][INFO] - Computing metrics for 'val' dataset
[2021-10-27 09:14:52,873][core.metrics.meter][INFO] - Meter:
SequenceAccuracy:	0.155
TokenAccuracy:	0.743
LengthAccuracy:	0.924
1st Token Accuracy:	0.997
2nd Token Accuracy:	0.957
Average Loss:	1.091
[2021-10-27 09:15:13,615][core.trainer][INFO] - Computing metrics for 'val' dataset
[2021-10-27 09:15:16,516][core.metrics.meter][INFO] - Meter:
SequenceAccuracy:	0.252
TokenAccuracy:	0.789
LengthAccuracy:	0.924
1st Token Accuracy:	0.999
2nd Token Accuracy:	0.987
Average Loss:	0.941
[2021-10-27 09:15:37,034][core.trainer][INFO] - Computing metrics for 'val' dataset
[2021-10-27 09:15:39,923][core.metrics.meter][INFO] - Meter:
SequenceAccuracy:	0.360
TokenAccuracy:	0.829
LengthAccuracy:	0.940
1st Token Accuracy:	0.999
2nd Token Accuracy:	0.998
Average Loss:	0.789
[2021-10-27 09:16:00,351][core.trainer][INFO] - Computing metrics for 'val' dataset
[2021-10-27 09:16:03,209][core.metrics.meter][INFO] - Meter:
SequenceAccuracy:	0.470
TokenAccuracy:	0.870
LengthAccuracy:	0.944
1st Token Accuracy:	0.999
2nd Token Accuracy:	0.999
Average Loss:	0.634
[2021-10-27 09:16:23,385][core.trainer][INFO] - Computing metrics for 'val' dataset
[2021-10-27 09:16:26,251][core.metrics.meter][INFO] - Meter:
SequenceAccuracy:	0.559
TokenAccuracy:	0.896
LengthAccuracy:	0.948
1st Token Accuracy:	0.999
2nd Token Accuracy:	1.000
Average Loss:	0.536
[2021-10-27 09:16:46,730][core.trainer][INFO] - Computing metrics for 'val' dataset
[2021-10-27 09:16:49,588][core.metrics.meter][INFO] - Meter:
SequenceAccuracy:	0.616
TokenAccuracy:	0.914
LengthAccuracy:	0.952
1st Token Accuracy:	1.000
2nd Token Accuracy:	1.000
Average Loss:	0.448
[2021-10-27 09:17:09,779][core.trainer][INFO] - Computing metrics for 'val' dataset
[2021-10-27 09:17:12,644][core.metrics.meter][INFO] - Meter:
SequenceAccuracy:	0.662
TokenAccuracy:	0.930
LengthAccuracy:	0.950
1st Token Accuracy:	1.000
2nd Token Accuracy:	1.000
Average Loss:	0.380
[2021-10-27 09:17:33,091][core.trainer][INFO] - Computing metrics for 'val' dataset
[2021-10-27 09:17:35,976][core.metrics.meter][INFO] - Meter:
SequenceAccuracy:	0.700
TokenAccuracy:	0.943
LengthAccuracy:	0.949
1st Token Accuracy:	1.000
2nd Token Accuracy:	1.000
Average Loss:	0.323
[2021-10-27 09:17:56,653][core.trainer][INFO] - Computing metrics for 'val' dataset
[2021-10-27 09:17:59,588][core.metrics.meter][INFO] - Meter:
SequenceAccuracy:	0.730
TokenAccuracy:	0.949
LengthAccuracy:	0.954
1st Token Accuracy:	1.000
2nd Token Accuracy:	1.000
Average Loss:	0.284
[2021-10-27 09:18:20,525][core.trainer][INFO] - Computing metrics for 'val' dataset
[2021-10-27 09:18:23,409][core.metrics.meter][INFO] - Meter:
SequenceAccuracy:	0.757
TokenAccuracy:	0.958
LengthAccuracy:	0.950
1st Token Accuracy:	1.000
2nd Token Accuracy:	1.000
Average Loss:	0.245
[2021-10-27 09:18:43,968][core.trainer][INFO] - Computing metrics for 'val' dataset
[2021-10-27 09:18:46,860][core.metrics.meter][INFO] - Meter:
SequenceAccuracy:	0.775
TokenAccuracy:	0.963
LengthAccuracy:	0.948
1st Token Accuracy:	1.000
2nd Token Accuracy:	1.000
Average Loss:	0.223
[2021-10-27 09:19:07,699][core.trainer][INFO] - Computing metrics for 'val' dataset
[2021-10-27 09:19:10,611][core.metrics.meter][INFO] - Meter:
SequenceAccuracy:	0.797
TokenAccuracy:	0.965
LengthAccuracy:	0.951
1st Token Accuracy:	1.000
2nd Token Accuracy:	1.000
Average Loss:	0.202
[2021-10-27 09:19:31,411][core.trainer][INFO] - Computing metrics for 'val' dataset
[2021-10-27 09:19:34,402][core.metrics.meter][INFO] - Meter:
SequenceAccuracy:	0.805
TokenAccuracy:	0.971
LengthAccuracy:	0.951
1st Token Accuracy:	1.000
2nd Token Accuracy:	1.000
Average Loss:	0.185
[2021-10-27 09:19:55,471][core.trainer][INFO] - Computing metrics for 'val' dataset
[2021-10-27 09:19:58,397][core.metrics.meter][INFO] - Meter:
SequenceAccuracy:	0.815
TokenAccuracy:	0.972
LengthAccuracy:	0.947
1st Token Accuracy:	1.000
2nd Token Accuracy:	1.000
Average Loss:	0.176
[2021-10-27 09:20:18,543][core.trainer][INFO] - Computing metrics for 'val' dataset
[2021-10-27 09:20:21,431][core.metrics.meter][INFO] - Meter:
SequenceAccuracy:	0.833
TokenAccuracy:	0.976
LengthAccuracy:	0.952
1st Token Accuracy:	1.000
2nd Token Accuracy:	1.000
Average Loss:	0.162
[2021-10-27 09:20:21,500][core.early_stopping][INFO] - Early stopping counter: 1 / 5
[2021-10-27 09:20:21,525][core.early_stopping][INFO] - Pausing model saving until validation loss decreases by 0.0001
[2021-10-27 09:20:21,529][core.trainer][INFO] - Computing metrics for 'test' dataset
[2021-10-27 09:20:49,413][core.metrics.meter][INFO] - Meter:
SequenceAccuracy:	0.842
TokenAccuracy:	0.973
LengthAccuracy:	0.947
1st Token Accuracy:	1.000
2nd Token Accuracy:	1.000
Average Loss:	0.173
[2021-10-27 09:20:49,413][core.trainer][INFO] - Computing metrics for 'gen' dataset
[2021-10-27 09:21:19,859][core.metrics.meter][INFO] - Meter:
SequenceAccuracy:	0.000
TokenAccuracy:	0.557
LengthAccuracy:	0.960
1st Token Accuracy:	0.003
2nd Token Accuracy:	0.999
Average Loss:	1.932
[2021-10-27 09:21:19,859][core.trainer][INFO] - EPOCH 3 / 50
[2021-10-27 09:21:19,859][core.trainer][INFO] - Computing metrics for 'train' dataset
[2021-10-27 09:21:39,839][core.trainer][INFO] - Computing metrics for 'val' dataset
[2021-10-27 09:21:42,717][core.metrics.meter][INFO] - Meter:
SequenceAccuracy:	0.854
TokenAccuracy:	0.980
LengthAccuracy:	0.951
1st Token Accuracy:	1.000
2nd Token Accuracy:	1.000
Average Loss:	0.147
[2021-10-27 09:22:02,915][core.trainer][INFO] - Computing metrics for 'val' dataset
[2021-10-27 09:22:05,805][core.metrics.meter][INFO] - Meter:
SequenceAccuracy:	0.860
TokenAccuracy:	0.982
LengthAccuracy:	0.945
1st Token Accuracy:	1.000
2nd Token Accuracy:	1.000
Average Loss:	0.143
[2021-10-27 09:22:26,100][core.trainer][INFO] - Computing metrics for 'val' dataset
[2021-10-27 09:22:28,989][core.metrics.meter][INFO] - Meter:
SequenceAccuracy:	0.873
TokenAccuracy:	0.984
LengthAccuracy:	0.947
1st Token Accuracy:	1.000
2nd Token Accuracy:	1.000
Average Loss:	0.134
[2021-10-27 09:22:49,435][core.trainer][INFO] - Computing metrics for 'val' dataset
[2021-10-27 09:22:52,330][core.metrics.meter][INFO] - Meter:
SequenceAccuracy:	0.875
TokenAccuracy:	0.985
LengthAccuracy:	0.948
1st Token Accuracy:	1.000
2nd Token Accuracy:	1.000
Average Loss:	0.127
[2021-10-27 09:23:12,654][core.trainer][INFO] - Computing metrics for 'val' dataset
[2021-10-27 09:23:15,535][core.metrics.meter][INFO] - Meter:
SequenceAccuracy:	0.886
TokenAccuracy:	0.987
LengthAccuracy:	0.953
1st Token Accuracy:	1.000
2nd Token Accuracy:	1.000
Average Loss:	0.114
[2021-10-27 09:23:35,621][core.trainer][INFO] - Computing metrics for 'val' dataset
[2021-10-27 09:23:38,502][core.metrics.meter][INFO] - Meter:
SequenceAccuracy:	0.900
TokenAccuracy:	0.990
LengthAccuracy:	0.956
1st Token Accuracy:	1.000
2nd Token Accuracy:	1.000
Average Loss:	0.105
[2021-10-27 09:23:58,645][core.trainer][INFO] - Computing metrics for 'val' dataset
[2021-10-27 09:24:01,634][core.metrics.meter][INFO] - Meter:
SequenceAccuracy:	0.899
TokenAccuracy:	0.990
LengthAccuracy:	0.953
1st Token Accuracy:	1.000
2nd Token Accuracy:	1.000
Average Loss:	0.105
[2021-10-27 09:24:21,957][core.trainer][INFO] - Computing metrics for 'val' dataset
[2021-10-27 09:24:24,845][core.metrics.meter][INFO] - Meter:
SequenceAccuracy:	0.899
TokenAccuracy:	0.990
LengthAccuracy:	0.951
1st Token Accuracy:	1.000
2nd Token Accuracy:	1.000
Average Loss:	0.104
[2021-10-27 09:24:44,984][core.trainer][INFO] - Computing metrics for 'val' dataset
[2021-10-27 09:24:47,889][core.metrics.meter][INFO] - Meter:
SequenceAccuracy:	0.910
TokenAccuracy:	0.992
LengthAccuracy:	0.951
1st Token Accuracy:	1.000
2nd Token Accuracy:	1.000
Average Loss:	0.096
[2021-10-27 09:24:47,960][core.early_stopping][INFO] - Early stopping counter: 1 / 5
[2021-10-27 09:24:47,989][core.early_stopping][INFO] - Pausing model saving until validation loss decreases by 0.0001
[2021-10-27 09:25:08,008][core.trainer][INFO] - Computing metrics for 'val' dataset
[2021-10-27 09:25:10,899][core.metrics.meter][INFO] - Meter:
SequenceAccuracy:	0.910
TokenAccuracy:	0.992
LengthAccuracy:	0.952
1st Token Accuracy:	1.000
2nd Token Accuracy:	1.000
Average Loss:	0.094
[2021-10-27 09:25:10,960][core.early_stopping][INFO] - Early stopping counter: 2 / 5
[2021-10-27 09:25:10,987][core.early_stopping][INFO] - Pausing model saving until validation loss decreases by 0.0001
[2021-10-27 09:25:31,138][core.trainer][INFO] - Computing metrics for 'val' dataset
[2021-10-27 09:25:34,080][core.metrics.meter][INFO] - Meter:
SequenceAccuracy:	0.918
TokenAccuracy:	0.993
LengthAccuracy:	0.952
1st Token Accuracy:	1.000
2nd Token Accuracy:	1.000
Average Loss:	0.091
[2021-10-27 09:25:34,140][core.early_stopping][INFO] - Early stopping counter: 3 / 5
[2021-10-27 09:25:34,165][core.early_stopping][INFO] - Pausing model saving until validation loss decreases by 0.0001
[2021-10-27 09:25:54,079][core.trainer][INFO] - Computing metrics for 'val' dataset
[2021-10-27 09:25:56,955][core.metrics.meter][INFO] - Meter:
SequenceAccuracy:	0.916
TokenAccuracy:	0.993
LengthAccuracy:	0.951
1st Token Accuracy:	1.000
2nd Token Accuracy:	1.000
Average Loss:	0.091
[2021-10-27 09:26:17,205][core.trainer][INFO] - Computing metrics for 'val' dataset
[2021-10-27 09:26:20,093][core.metrics.meter][INFO] - Meter:
SequenceAccuracy:	0.916
TokenAccuracy:	0.994
LengthAccuracy:	0.948
1st Token Accuracy:	1.000
2nd Token Accuracy:	1.000
Average Loss:	0.091
[2021-10-27 09:26:40,306][core.trainer][INFO] - Computing metrics for 'val' dataset
[2021-10-27 09:26:43,188][core.metrics.meter][INFO] - Meter:
SequenceAccuracy:	0.925
TokenAccuracy:	0.995
LengthAccuracy:	0.955
1st Token Accuracy:	1.000
2nd Token Accuracy:	1.000
Average Loss:	0.081
[2021-10-27 09:26:43,251][core.early_stopping][INFO] - Early stopping counter: 1 / 5
[2021-10-27 09:26:43,280][core.early_stopping][INFO] - Pausing model saving until validation loss decreases by 0.0001
[2021-10-27 09:27:03,279][core.trainer][INFO] - Computing metrics for 'val' dataset
[2021-10-27 09:27:06,164][core.metrics.meter][INFO] - Meter:
SequenceAccuracy:	0.925
TokenAccuracy:	0.995
LengthAccuracy:	0.952
1st Token Accuracy:	1.000
2nd Token Accuracy:	1.000
Average Loss:	0.085
[2021-10-27 09:27:26,125][core.trainer][INFO] - Computing metrics for 'val' dataset
[2021-10-27 09:27:28,996][core.metrics.meter][INFO] - Meter:
SequenceAccuracy:	0.923
TokenAccuracy:	0.996
LengthAccuracy:	0.949
1st Token Accuracy:	1.000
2nd Token Accuracy:	1.000
Average Loss:	0.084
[2021-10-27 09:27:29,094][core.early_stopping][INFO] - Early stopping counter: 1 / 5
[2021-10-27 09:27:29,095][core.early_stopping][INFO] - Pausing model saving until validation loss decreases by 0.0001
[2021-10-27 09:27:49,010][core.trainer][INFO] - Computing metrics for 'val' dataset
[2021-10-27 09:27:51,890][core.metrics.meter][INFO] - Meter:
SequenceAccuracy:	0.930
TokenAccuracy:	0.996
LengthAccuracy:	0.955
1st Token Accuracy:	1.000
2nd Token Accuracy:	1.000
Average Loss:	0.077
[2021-10-27 09:27:51,948][core.early_stopping][INFO] - Early stopping counter: 2 / 5
[2021-10-27 09:27:51,977][core.early_stopping][INFO] - Pausing model saving until validation loss decreases by 0.0001
[2021-10-27 09:28:11,862][core.trainer][INFO] - Computing metrics for 'val' dataset
[2021-10-27 09:28:14,741][core.metrics.meter][INFO] - Meter:
SequenceAccuracy:	0.927
TokenAccuracy:	0.996
LengthAccuracy:	0.950
1st Token Accuracy:	1.000
2nd Token Accuracy:	1.000
Average Loss:	0.081
[2021-10-27 09:28:14,801][core.early_stopping][INFO] - Early stopping counter: 3 / 5
[2021-10-27 09:28:14,832][core.early_stopping][INFO] - Pausing model saving until validation loss decreases by 0.0001
[2021-10-27 09:28:35,061][core.trainer][INFO] - Computing metrics for 'val' dataset
[2021-10-27 09:28:37,954][core.metrics.meter][INFO] - Meter:
SequenceAccuracy:	0.928
TokenAccuracy:	0.996
LengthAccuracy:	0.951
1st Token Accuracy:	1.000
2nd Token Accuracy:	1.000
Average Loss:	0.080
[2021-10-27 09:28:58,062][core.trainer][INFO] - Computing metrics for 'val' dataset
[2021-10-27 09:29:00,919][core.metrics.meter][INFO] - Meter:
SequenceAccuracy:	0.929
TokenAccuracy:	0.997
LengthAccuracy:	0.948
1st Token Accuracy:	1.000
2nd Token Accuracy:	1.000
Average Loss:	0.080
[2021-10-27 09:29:00,976][core.early_stopping][INFO] - Early stopping counter: 1 / 5
[2021-10-27 09:29:01,000][core.early_stopping][INFO] - Pausing model saving until validation loss decreases by 0.0001
[2021-10-27 09:29:01,002][core.trainer][INFO] - Computing metrics for 'test' dataset
[2021-10-27 09:29:28,687][core.metrics.meter][INFO] - Meter:
SequenceAccuracy:	0.935
TokenAccuracy:	0.996
LengthAccuracy:	0.953
1st Token Accuracy:	1.000
2nd Token Accuracy:	1.000
Average Loss:	0.077
[2021-10-27 09:29:28,687][core.trainer][INFO] - Computing metrics for 'gen' dataset
[2021-10-27 09:29:58,838][core.metrics.meter][INFO] - Meter:
SequenceAccuracy:	0.005
TokenAccuracy:	0.592
LengthAccuracy:	0.968
1st Token Accuracy:	0.019
2nd Token Accuracy:	1.000
Average Loss:	2.018
[2021-10-27 09:29:58,838][core.trainer][INFO] - EPOCH 4 / 50
[2021-10-27 09:29:58,838][core.trainer][INFO] - Computing metrics for 'train' dataset
[2021-10-27 09:30:18,767][core.trainer][INFO] - Computing metrics for 'val' dataset
[2021-10-27 09:30:21,646][core.metrics.meter][INFO] - Meter:
SequenceAccuracy:	0.937
TokenAccuracy:	0.997
LengthAccuracy:	0.952
1st Token Accuracy:	1.000
2nd Token Accuracy:	1.000
Average Loss:	0.074
[2021-10-27 09:30:21,706][core.early_stopping][INFO] - Early stopping counter: 2 / 5
[2021-10-27 09:30:21,735][core.early_stopping][INFO] - Pausing model saving until validation loss decreases by 0.0001
[2021-10-27 09:30:41,455][core.trainer][INFO] - Computing metrics for 'val' dataset
[2021-10-27 09:30:44,338][core.metrics.meter][INFO] - Meter:
SequenceAccuracy:	0.941
TokenAccuracy:	0.998
LengthAccuracy:	0.955
1st Token Accuracy:	1.000
2nd Token Accuracy:	1.000
Average Loss:	0.069
[2021-10-27 09:31:04,628][core.trainer][INFO] - Computing metrics for 'val' dataset
[2021-10-27 09:31:07,527][core.metrics.meter][INFO] - Meter:
SequenceAccuracy:	0.933
TokenAccuracy:	0.998
LengthAccuracy:	0.948
1st Token Accuracy:	1.000
2nd Token Accuracy:	1.000
Average Loss:	0.078
[2021-10-27 09:31:07,594][core.early_stopping][INFO] - Early stopping counter: 1 / 5
[2021-10-27 09:31:07,621][core.early_stopping][INFO] - Pausing model saving until validation loss decreases by 0.0001
[2021-10-27 09:31:27,704][core.trainer][INFO] - Computing metrics for 'val' dataset
[2021-10-27 09:31:30,640][core.metrics.meter][INFO] - Meter:
SequenceAccuracy:	0.943
TokenAccuracy:	0.997
LengthAccuracy:	0.959
1st Token Accuracy:	1.000
2nd Token Accuracy:	1.000
Average Loss:	0.065
[2021-10-27 09:31:30,701][core.early_stopping][INFO] - Early stopping counter: 2 / 5
[2021-10-27 09:31:30,733][core.early_stopping][INFO] - Pausing model saving until validation loss decreases by 0.0001
[2021-10-27 09:31:51,101][core.trainer][INFO] - Computing metrics for 'val' dataset
[2021-10-27 09:31:54,122][core.metrics.meter][INFO] - Meter:
SequenceAccuracy:	0.942
TokenAccuracy:	0.998
LengthAccuracy:	0.956
1st Token Accuracy:	1.000
2nd Token Accuracy:	1.000
Average Loss:	0.067
[2021-10-27 09:31:54,197][core.early_stopping][INFO] - Early stopping counter: 3 / 5
[2021-10-27 09:31:54,221][core.early_stopping][INFO] - Pausing model saving until validation loss decreases by 0.0001
[2021-10-27 09:32:14,035][core.trainer][INFO] - Computing metrics for 'val' dataset
[2021-10-27 09:32:16,900][core.metrics.meter][INFO] - Meter:
SequenceAccuracy:	0.939
TokenAccuracy:	0.998
LengthAccuracy:	0.953
1st Token Accuracy:	1.000
2nd Token Accuracy:	1.000
Average Loss:	0.071
[2021-10-27 09:32:16,957][core.early_stopping][INFO] - Early stopping counter: 4 / 5
[2021-10-27 09:32:16,984][core.early_stopping][INFO] - Pausing model saving until validation loss decreases by 0.0001
[2021-10-27 09:32:36,837][core.trainer][INFO] - Computing metrics for 'val' dataset
[2021-10-27 09:32:39,722][core.metrics.meter][INFO] - Meter:
SequenceAccuracy:	0.941
TokenAccuracy:	0.998
LengthAccuracy:	0.952
1st Token Accuracy:	1.000
2nd Token Accuracy:	1.000
Average Loss:	0.070
[2021-10-27 09:32:39,809][core.early_stopping][INFO] - Early stopping counter: 5 / 5
[2021-10-27 09:32:39,809][core.early_stopping][INFO] - Pausing model saving until validation loss decreases by 0.0001
[2021-10-27 09:32:39,809][core.trainer][INFO] - Computing metrics for 'test' dataset
[2021-10-27 09:33:07,932][core.metrics.meter][INFO] - Meter:
SequenceAccuracy:	0.941
TokenAccuracy:	0.998
LengthAccuracy:	0.953
1st Token Accuracy:	1.000
2nd Token Accuracy:	1.000
Average Loss:	0.072
[2021-10-27 09:33:07,932][core.trainer][INFO] - Computing metrics for 'gen' dataset
[2021-10-27 09:33:38,384][core.metrics.meter][INFO] - Meter:
SequenceAccuracy:	0.006
TokenAccuracy:	0.609
LengthAccuracy:	0.970
1st Token Accuracy:	0.026
2nd Token Accuracy:	1.000
Average Loss:	2.017
[2021-10-27 09:33:38,384][core.trainer][INFO] - EPOCH 5 / 50
[2021-10-27 09:33:38,384][core.trainer][INFO] - Computing metrics for 'train' dataset
[2021-10-27 09:33:58,471][core.trainer][INFO] - Computing metrics for 'val' dataset
[2021-10-27 09:34:01,347][core.metrics.meter][INFO] - Meter:
SequenceAccuracy:	0.938
TokenAccuracy:	0.998
LengthAccuracy:	0.951
1st Token Accuracy:	1.000
2nd Token Accuracy:	1.000
Average Loss:	0.070
[2021-10-27 09:34:01,407][core.early_stopping][INFO] - Early stopping counter: 6 / 5
[2021-10-27 09:34:01,432][core.early_stopping][INFO] - Pausing model saving until validation loss decreases by 0.0001
[2021-10-27 09:34:01,432][core.trainer][INFO] - Computing metrics for 'test' dataset
[2021-10-27 09:34:29,319][core.metrics.meter][INFO] - Meter:
SequenceAccuracy:	0.939
TokenAccuracy:	0.998
LengthAccuracy:	0.951
1st Token Accuracy:	1.000
2nd Token Accuracy:	1.000
Average Loss:	0.073
[2021-10-27 09:34:29,319][core.trainer][INFO] - Computing metrics for 'gen' dataset
[2021-10-27 09:34:59,834][core.metrics.meter][INFO] - Meter:
SequenceAccuracy:	0.006
TokenAccuracy:	0.609
LengthAccuracy:	0.969
1st Token Accuracy:	0.022
2nd Token Accuracy:	1.000
Average Loss:	2.020
[2021-10-27 09:34:59,835][core.trainer][INFO] - EPOCH 6 / 50
[2021-10-27 09:34:59,835][core.trainer][INFO] - Computing metrics for 'train' dataset
[2021-10-27 09:35:19,930][core.trainer][INFO] - Computing metrics for 'val' dataset
[2021-10-27 09:35:22,786][core.metrics.meter][INFO] - Meter:
SequenceAccuracy:	0.951
TokenAccuracy:	0.999
LengthAccuracy:	0.960
1st Token Accuracy:	1.000
2nd Token Accuracy:	1.000
Average Loss:	0.060
[2021-10-27 09:35:22,857][core.early_stopping][INFO] - Early stopping counter: 7 / 5
[2021-10-27 09:35:22,884][core.early_stopping][INFO] - Pausing model saving until validation loss decreases by 0.0001
[2021-10-27 09:35:22,884][core.trainer][INFO] - Computing metrics for 'test' dataset
[2021-10-27 09:35:50,744][core.metrics.meter][INFO] - Meter:
SequenceAccuracy:	0.943
TokenAccuracy:	0.998
LengthAccuracy:	0.955
1st Token Accuracy:	1.000
2nd Token Accuracy:	1.000
Average Loss:	0.068
[2021-10-27 09:35:50,744][core.trainer][INFO] - Computing metrics for 'gen' dataset
[2021-10-27 09:36:20,804][core.metrics.meter][INFO] - Meter:
SequenceAccuracy:	0.005
TokenAccuracy:	0.604
LengthAccuracy:	0.967
1st Token Accuracy:	0.022
2nd Token Accuracy:	1.000
Average Loss:	2.056
[2021-10-27 09:36:20,804][core.trainer][INFO] - EPOCH 7 / 50
[2021-10-27 09:36:20,804][core.trainer][INFO] - Computing metrics for 'train' dataset
[2021-10-27 09:36:40,880][core.trainer][INFO] - Computing metrics for 'val' dataset
[2021-10-27 09:36:43,745][core.metrics.meter][INFO] - Meter:
SequenceAccuracy:	0.944
TokenAccuracy:	0.998
LengthAccuracy:	0.955
1st Token Accuracy:	1.000
2nd Token Accuracy:	1.000
Average Loss:	0.066
[2021-10-27 09:37:04,467][core.trainer][INFO] - Computing metrics for 'val' dataset
[2021-10-27 09:37:07,341][core.metrics.meter][INFO] - Meter:
SequenceAccuracy:	0.946
TokenAccuracy:	0.999
LengthAccuracy:	0.955
1st Token Accuracy:	1.000
2nd Token Accuracy:	1.000
Average Loss:	0.066
[2021-10-27 09:37:07,440][core.early_stopping][INFO] - Early stopping counter: 1 / 5
[2021-10-27 09:37:07,440][core.early_stopping][INFO] - Pausing model saving until validation loss decreases by 0.0001
[2021-10-27 09:37:27,464][core.trainer][INFO] - Computing metrics for 'val' dataset
[2021-10-27 09:37:30,334][core.metrics.meter][INFO] - Meter:
SequenceAccuracy:	0.940
TokenAccuracy:	0.999
LengthAccuracy:	0.950
1st Token Accuracy:	1.000
2nd Token Accuracy:	1.000
Average Loss:	0.069
[2021-10-27 09:37:50,620][core.trainer][INFO] - Computing metrics for 'val' dataset
[2021-10-27 09:37:53,501][core.metrics.meter][INFO] - Meter:
SequenceAccuracy:	0.943
TokenAccuracy:	0.999
LengthAccuracy:	0.950
1st Token Accuracy:	1.000
2nd Token Accuracy:	1.000
Average Loss:	0.071
[2021-10-27 09:37:53,558][core.early_stopping][INFO] - Early stopping counter: 1 / 5
[2021-10-27 09:37:53,583][core.early_stopping][INFO] - Pausing model saving until validation loss decreases by 0.0001
[2021-10-27 09:38:14,013][core.trainer][INFO] - Computing metrics for 'val' dataset
[2021-10-27 09:38:16,874][core.metrics.meter][INFO] - Meter:
SequenceAccuracy:	0.946
TokenAccuracy:	0.999
LengthAccuracy:	0.953
1st Token Accuracy:	1.000
2nd Token Accuracy:	1.000
Average Loss:	0.066
[2021-10-27 09:38:16,961][core.early_stopping][INFO] - Early stopping counter: 2 / 5
[2021-10-27 09:38:16,961][core.early_stopping][INFO] - Pausing model saving until validation loss decreases by 0.0001
[2021-10-27 09:38:36,871][core.trainer][INFO] - Computing metrics for 'val' dataset
[2021-10-27 09:38:39,744][core.metrics.meter][INFO] - Meter:
SequenceAccuracy:	0.937
TokenAccuracy:	0.999
LengthAccuracy:	0.945
1st Token Accuracy:	1.000
2nd Token Accuracy:	1.000
Average Loss:	0.075
[2021-10-27 09:38:39,802][core.early_stopping][INFO] - Early stopping counter: 3 / 5
[2021-10-27 09:38:39,826][core.early_stopping][INFO] - Pausing model saving until validation loss decreases by 0.0001
[2021-10-27 09:38:59,536][core.trainer][INFO] - Computing metrics for 'val' dataset
[2021-10-27 09:39:02,400][core.metrics.meter][INFO] - Meter:
SequenceAccuracy:	0.942
TokenAccuracy:	0.999
LengthAccuracy:	0.950
1st Token Accuracy:	1.000
2nd Token Accuracy:	1.000
Average Loss:	0.070
[2021-10-27 09:39:02,466][core.early_stopping][INFO] - Early stopping counter: 4 / 5
[2021-10-27 09:39:02,491][core.early_stopping][INFO] - Pausing model saving until validation loss decreases by 0.0001
[2021-10-27 09:39:22,174][core.trainer][INFO] - Computing metrics for 'val' dataset
[2021-10-27 09:39:25,034][core.metrics.meter][INFO] - Meter:
SequenceAccuracy:	0.944
TokenAccuracy:	0.999
LengthAccuracy:	0.950
1st Token Accuracy:	1.000
2nd Token Accuracy:	1.000
Average Loss:	0.068
[2021-10-27 09:39:45,362][core.trainer][INFO] - Computing metrics for 'val' dataset
[2021-10-27 09:39:48,227][core.metrics.meter][INFO] - Meter:
SequenceAccuracy:	0.941
TokenAccuracy:	0.999
LengthAccuracy:	0.948
1st Token Accuracy:	1.000
2nd Token Accuracy:	1.000
Average Loss:	0.072
[2021-10-27 09:39:48,305][core.early_stopping][INFO] - Early stopping counter: 1 / 5
[2021-10-27 09:39:48,329][core.early_stopping][INFO] - Pausing model saving until validation loss decreases by 0.0001
[2021-10-27 09:40:08,210][core.trainer][INFO] - Computing metrics for 'val' dataset
[2021-10-27 09:40:11,112][core.metrics.meter][INFO] - Meter:
SequenceAccuracy:	0.946
TokenAccuracy:	0.999
LengthAccuracy:	0.952
1st Token Accuracy:	1.000
2nd Token Accuracy:	1.000
Average Loss:	0.067
[2021-10-27 09:40:11,172][core.early_stopping][INFO] - Early stopping counter: 2 / 5
[2021-10-27 09:40:11,202][core.early_stopping][INFO] - Pausing model saving until validation loss decreases by 0.0001
[2021-10-27 09:40:31,402][core.trainer][INFO] - Computing metrics for 'val' dataset
[2021-10-27 09:40:34,308][core.metrics.meter][INFO] - Meter:
SequenceAccuracy:	0.948
TokenAccuracy:	0.999
LengthAccuracy:	0.954
1st Token Accuracy:	1.000
2nd Token Accuracy:	1.000
Average Loss:	0.064
[2021-10-27 09:40:55,111][core.trainer][INFO] - Computing metrics for 'val' dataset
[2021-10-27 09:40:58,033][core.metrics.meter][INFO] - Meter:
SequenceAccuracy:	0.945
TokenAccuracy:	0.999
LengthAccuracy:	0.950
1st Token Accuracy:	1.000
2nd Token Accuracy:	1.000
Average Loss:	0.068
[2021-10-27 09:40:58,122][core.early_stopping][INFO] - Early stopping counter: 1 / 5
[2021-10-27 09:40:58,123][core.early_stopping][INFO] - Pausing model saving until validation loss decreases by 0.0001
[2021-10-27 09:41:18,199][core.trainer][INFO] - Computing metrics for 'val' dataset
[2021-10-27 09:41:21,078][core.metrics.meter][INFO] - Meter:
SequenceAccuracy:	0.944
TokenAccuracy:	0.999
LengthAccuracy:	0.948
1st Token Accuracy:	1.000
2nd Token Accuracy:	1.000
Average Loss:	0.067
[2021-10-27 09:41:21,138][core.early_stopping][INFO] - Early stopping counter: 2 / 5
[2021-10-27 09:41:21,166][core.early_stopping][INFO] - Pausing model saving until validation loss decreases by 0.0001
[2021-10-27 09:41:41,037][core.trainer][INFO] - Computing metrics for 'val' dataset
[2021-10-27 09:41:43,915][core.metrics.meter][INFO] - Meter:
SequenceAccuracy:	0.951
TokenAccuracy:	0.999
LengthAccuracy:	0.956
1st Token Accuracy:	1.000
2nd Token Accuracy:	1.000
Average Loss:	0.061
[2021-10-27 09:41:43,985][core.early_stopping][INFO] - Early stopping counter: 3 / 5
[2021-10-27 09:41:44,011][core.early_stopping][INFO] - Pausing model saving until validation loss decreases by 0.0001
[2021-10-27 09:42:04,045][core.trainer][INFO] - Computing metrics for 'val' dataset
[2021-10-27 09:42:06,930][core.metrics.meter][INFO] - Meter:
SequenceAccuracy:	0.949
TokenAccuracy:	1.000
LengthAccuracy:	0.953
1st Token Accuracy:	1.000
2nd Token Accuracy:	1.000
Average Loss:	0.064
[2021-10-27 09:42:07,016][core.early_stopping][INFO] - Early stopping counter: 4 / 5
[2021-10-27 09:42:07,016][core.early_stopping][INFO] - Pausing model saving until validation loss decreases by 0.0001
[2021-10-27 09:42:27,153][core.trainer][INFO] - Computing metrics for 'val' dataset
[2021-10-27 09:42:30,033][core.metrics.meter][INFO] - Meter:
SequenceAccuracy:	0.946
TokenAccuracy:	0.999
LengthAccuracy:	0.951
1st Token Accuracy:	1.000
2nd Token Accuracy:	1.000
Average Loss:	0.066
[2021-10-27 09:42:30,114][core.early_stopping][INFO] - Early stopping counter: 5 / 5
[2021-10-27 09:42:30,146][core.early_stopping][INFO] - Pausing model saving until validation loss decreases by 0.0001
[2021-10-27 09:42:30,146][core.trainer][INFO] - Computing metrics for 'test' dataset
[2021-10-27 09:42:58,022][core.metrics.meter][INFO] - Meter:
SequenceAccuracy:	0.951
TokenAccuracy:	0.999
LengthAccuracy:	0.955
1st Token Accuracy:	1.000
2nd Token Accuracy:	1.000
Average Loss:	0.062
[2021-10-27 09:42:58,022][core.trainer][INFO] - Computing metrics for 'gen' dataset
[2021-10-27 09:43:28,479][core.metrics.meter][INFO] - Meter:
SequenceAccuracy:	0.005
TokenAccuracy:	0.614
LengthAccuracy:	0.963
1st Token Accuracy:	0.017
2nd Token Accuracy:	1.000
Average Loss:	2.112
[2021-10-27 09:43:28,479][core.trainer][INFO] - EPOCH 8 / 50
[2021-10-27 09:43:28,479][core.trainer][INFO] - Computing metrics for 'train' dataset
[2021-10-27 09:43:48,994][core.trainer][INFO] - Computing metrics for 'val' dataset
[2021-10-27 09:43:52,022][core.metrics.meter][INFO] - Meter:
SequenceAccuracy:	0.942
TokenAccuracy:	0.999
LengthAccuracy:	0.946
1st Token Accuracy:	1.000
2nd Token Accuracy:	1.000
Average Loss:	0.072
[2021-10-27 09:43:52,106][core.early_stopping][INFO] - Early stopping counter: 6 / 5
[2021-10-27 09:43:52,106][core.early_stopping][INFO] - Pausing model saving until validation loss decreases by 0.0001
[2021-10-27 09:43:52,106][core.trainer][INFO] - Computing metrics for 'test' dataset
[2021-10-27 09:44:19,985][core.metrics.meter][INFO] - Meter:
SequenceAccuracy:	0.946
TokenAccuracy:	0.999
LengthAccuracy:	0.949
1st Token Accuracy:	1.000
2nd Token Accuracy:	1.000
Average Loss:	0.069
[2021-10-27 09:44:19,985][core.trainer][INFO] - Computing metrics for 'gen' dataset
[2021-10-27 09:44:50,572][core.metrics.meter][INFO] - Meter:
SequenceAccuracy:	0.005
TokenAccuracy:	0.611
LengthAccuracy:	0.970
1st Token Accuracy:	0.019
2nd Token Accuracy:	1.000
Average Loss:	2.123
[2021-10-27 09:44:50,572][core.trainer][INFO] - EPOCH 9 / 50
[2021-10-27 09:44:50,572][core.trainer][INFO] - Computing metrics for 'train' dataset
[2021-10-27 09:45:10,927][core.trainer][INFO] - Computing metrics for 'val' dataset
[2021-10-27 09:45:13,786][core.metrics.meter][INFO] - Meter:
SequenceAccuracy:	0.952
TokenAccuracy:	1.000
LengthAccuracy:	0.956
1st Token Accuracy:	1.000
2nd Token Accuracy:	1.000
Average Loss:	0.060
[2021-10-27 09:45:13,867][core.early_stopping][INFO] - Early stopping counter: 7 / 5
[2021-10-27 09:45:13,867][core.early_stopping][INFO] - Pausing model saving until validation loss decreases by 0.0001
[2021-10-27 09:45:13,867][core.trainer][INFO] - Computing metrics for 'test' dataset
[2021-10-27 09:45:41,560][core.metrics.meter][INFO] - Meter:
SequenceAccuracy:	0.946
TokenAccuracy:	0.999
LengthAccuracy:	0.949
1st Token Accuracy:	1.000
2nd Token Accuracy:	1.000
Average Loss:	0.067
[2021-10-27 09:45:41,560][core.trainer][INFO] - Computing metrics for 'gen' dataset
[2021-10-27 09:46:11,861][core.metrics.meter][INFO] - Meter:
SequenceAccuracy:	0.006
TokenAccuracy:	0.619
LengthAccuracy:	0.962
1st Token Accuracy:	0.019
2nd Token Accuracy:	1.000
Average Loss:	2.103
[2021-10-27 09:46:11,861][core.trainer][INFO] - EPOCH 10 / 50
[2021-10-27 09:46:11,861][core.trainer][INFO] - Computing metrics for 'train' dataset
[2021-10-27 09:46:31,982][core.trainer][INFO] - Computing metrics for 'val' dataset
[2021-10-27 09:46:34,848][core.metrics.meter][INFO] - Meter:
SequenceAccuracy:	0.948
TokenAccuracy:	1.000
LengthAccuracy:	0.952
1st Token Accuracy:	1.000
2nd Token Accuracy:	1.000
Average Loss:	0.067
[2021-10-27 09:46:34,905][core.early_stopping][INFO] - Early stopping counter: 8 / 5
[2021-10-27 09:46:34,929][core.early_stopping][INFO] - Pausing model saving until validation loss decreases by 0.0001
[2021-10-27 09:46:34,929][core.trainer][INFO] - Computing metrics for 'test' dataset
[2021-10-27 09:47:02,730][core.metrics.meter][INFO] - Meter:
SequenceAccuracy:	0.950
TokenAccuracy:	0.999
LengthAccuracy:	0.954
1st Token Accuracy:	1.000
2nd Token Accuracy:	1.000
Average Loss:	0.062
[2021-10-27 09:47:02,730][core.trainer][INFO] - Computing metrics for 'gen' dataset
[2021-10-27 09:47:33,337][core.metrics.meter][INFO] - Meter:
SequenceAccuracy:	0.004
TokenAccuracy:	0.614
LengthAccuracy:	0.964
1st Token Accuracy:	0.015
2nd Token Accuracy:	1.000
Average Loss:	2.119
[2021-10-27 09:47:33,338][core.trainer][INFO] - EPOCH 11 / 50
[2021-10-27 09:47:33,338][core.trainer][INFO] - Computing metrics for 'train' dataset
[2021-10-27 09:47:53,675][core.trainer][INFO] - Computing metrics for 'val' dataset
[2021-10-27 09:47:56,550][core.metrics.meter][INFO] - Meter:
SequenceAccuracy:	0.949
TokenAccuracy:	1.000
LengthAccuracy:	0.952
1st Token Accuracy:	1.000
2nd Token Accuracy:	1.000
Average Loss:	0.064
[2021-10-27 09:47:56,612][core.early_stopping][INFO] - Early stopping counter: 9 / 5
[2021-10-27 09:47:56,640][core.early_stopping][INFO] - Pausing model saving until validation loss decreases by 0.0001
[2021-10-27 09:47:56,640][core.trainer][INFO] - Computing metrics for 'test' dataset
[2021-10-27 09:48:24,931][core.metrics.meter][INFO] - Meter:
SequenceAccuracy:	0.950
TokenAccuracy:	0.999
LengthAccuracy:	0.954
1st Token Accuracy:	1.000
2nd Token Accuracy:	1.000
Average Loss:	0.063
[2021-10-27 09:48:24,931][core.trainer][INFO] - Computing metrics for 'gen' dataset
[2021-10-27 09:48:55,111][core.metrics.meter][INFO] - Meter:
SequenceAccuracy:	0.004
TokenAccuracy:	0.617
LengthAccuracy:	0.967
1st Token Accuracy:	0.015
2nd Token Accuracy:	1.000
Average Loss:	2.116
[2021-10-27 09:48:55,111][core.trainer][INFO] - EPOCH 12 / 50
[2021-10-27 09:48:55,111][core.trainer][INFO] - Computing metrics for 'train' dataset
[2021-10-27 09:49:15,478][core.trainer][INFO] - Computing metrics for 'val' dataset
[2021-10-27 09:49:18,366][core.metrics.meter][INFO] - Meter:
SequenceAccuracy:	0.948
TokenAccuracy:	1.000
LengthAccuracy:	0.951
1st Token Accuracy:	1.000
2nd Token Accuracy:	1.000
Average Loss:	0.064
[2021-10-27 09:49:18,424][core.early_stopping][INFO] - Early stopping counter: 10 / 5
[2021-10-27 09:49:18,453][core.early_stopping][INFO] - Pausing model saving until validation loss decreases by 0.0001
[2021-10-27 09:49:18,453][core.trainer][INFO] - Computing metrics for 'test' dataset
[2021-10-27 09:49:46,315][core.metrics.meter][INFO] - Meter:
SequenceAccuracy:	0.949
TokenAccuracy:	0.999
LengthAccuracy:	0.952
1st Token Accuracy:	1.000
2nd Token Accuracy:	1.000
Average Loss:	0.064
[2021-10-27 09:49:46,315][core.trainer][INFO] - Computing metrics for 'gen' dataset
[2021-10-27 09:50:16,441][core.metrics.meter][INFO] - Meter:
SequenceAccuracy:	0.004
TokenAccuracy:	0.614
LengthAccuracy:	0.965
1st Token Accuracy:	0.015
2nd Token Accuracy:	1.000
Average Loss:	2.138
[2021-10-27 09:50:16,441][core.trainer][INFO] - EPOCH 13 / 50
[2021-10-27 09:50:16,441][core.trainer][INFO] - Computing metrics for 'train' dataset
[2021-10-27 09:50:36,798][core.trainer][INFO] - Computing metrics for 'val' dataset
[2021-10-27 09:50:39,748][core.metrics.meter][INFO] - Meter:
SequenceAccuracy:	0.955
TokenAccuracy:	1.000
LengthAccuracy:	0.958
1st Token Accuracy:	1.000
2nd Token Accuracy:	1.000
Average Loss:	0.057
[2021-10-27 09:50:39,835][core.early_stopping][INFO] - Early stopping counter: 11 / 5
[2021-10-27 09:50:39,836][core.early_stopping][INFO] - Pausing model saving until validation loss decreases by 0.0001
[2021-10-27 09:50:39,836][core.trainer][INFO] - Computing metrics for 'test' dataset
[2021-10-27 09:51:08,200][core.metrics.meter][INFO] - Meter:
SequenceAccuracy:	0.950
TokenAccuracy:	0.999
LengthAccuracy:	0.953
1st Token Accuracy:	1.000
2nd Token Accuracy:	1.000
Average Loss:	0.064
[2021-10-27 09:51:08,201][core.trainer][INFO] - Computing metrics for 'gen' dataset
[2021-10-27 09:51:38,228][core.metrics.meter][INFO] - Meter:
SequenceAccuracy:	0.004
TokenAccuracy:	0.616
LengthAccuracy:	0.964
1st Token Accuracy:	0.012
2nd Token Accuracy:	1.000
Average Loss:	2.130
[2021-10-27 09:51:38,228][core.trainer][INFO] - EPOCH 14 / 50
[2021-10-27 09:51:38,228][core.trainer][INFO] - Computing metrics for 'train' dataset
[2021-10-27 09:51:58,297][core.trainer][INFO] - Computing metrics for 'val' dataset
[2021-10-27 09:52:01,168][core.metrics.meter][INFO] - Meter:
SequenceAccuracy:	0.948
TokenAccuracy:	1.000
LengthAccuracy:	0.952
1st Token Accuracy:	1.000
2nd Token Accuracy:	1.000
Average Loss:	0.065
[2021-10-27 09:52:01,237][core.early_stopping][INFO] - Early stopping counter: 12 / 5
[2021-10-27 09:52:01,262][core.early_stopping][INFO] - Pausing model saving until validation loss decreases by 0.0001
[2021-10-27 09:52:01,262][core.trainer][INFO] - Computing metrics for 'test' dataset
[2021-10-27 09:52:29,208][core.metrics.meter][INFO] - Meter:
SequenceAccuracy:	0.947
TokenAccuracy:	1.000
LengthAccuracy:	0.950
1st Token Accuracy:	1.000
2nd Token Accuracy:	1.000
Average Loss:	0.065
[2021-10-27 09:52:29,208][core.trainer][INFO] - Computing metrics for 'gen' dataset
[2021-10-27 09:52:59,552][core.metrics.meter][INFO] - Meter:
SequenceAccuracy:	0.002
TokenAccuracy:	0.615
LengthAccuracy:	0.971
1st Token Accuracy:	0.012
2nd Token Accuracy:	1.000
Average Loss:	2.129
[2021-10-27 09:52:59,552][core.trainer][INFO] - EPOCH 15 / 50
[2021-10-27 09:52:59,552][core.trainer][INFO] - Computing metrics for 'train' dataset
[2021-10-27 09:53:19,831][core.trainer][INFO] - Computing metrics for 'val' dataset
[2021-10-27 09:53:22,704][core.metrics.meter][INFO] - Meter:
SequenceAccuracy:	0.947
TokenAccuracy:	1.000
LengthAccuracy:	0.949
1st Token Accuracy:	1.000
2nd Token Accuracy:	1.000
Average Loss:	0.068
[2021-10-27 09:53:22,762][core.early_stopping][INFO] - Early stopping counter: 13 / 5
[2021-10-27 09:53:22,792][core.early_stopping][INFO] - Pausing model saving until validation loss decreases by 0.0001
[2021-10-27 09:53:22,792][core.trainer][INFO] - Computing metrics for 'test' dataset
[2021-10-27 09:53:51,022][core.metrics.meter][INFO] - Meter:
SequenceAccuracy:	0.952
TokenAccuracy:	1.000
LengthAccuracy:	0.954
1st Token Accuracy:	1.000
2nd Token Accuracy:	1.000
Average Loss:	0.063
[2021-10-27 09:53:51,022][core.trainer][INFO] - Computing metrics for 'gen' dataset
[2021-10-27 09:54:21,067][core.metrics.meter][INFO] - Meter:
SequenceAccuracy:	0.004
TokenAccuracy:	0.619
LengthAccuracy:	0.970
1st Token Accuracy:	0.016
2nd Token Accuracy:	1.000
Average Loss:	2.111
[2021-10-27 09:54:21,067][core.trainer][INFO] - EPOCH 16 / 50
[2021-10-27 09:54:21,067][core.trainer][INFO] - Computing metrics for 'train' dataset
[2021-10-27 09:54:41,241][core.trainer][INFO] - Computing metrics for 'val' dataset
[2021-10-27 09:54:44,195][core.metrics.meter][INFO] - Meter:
SequenceAccuracy:	0.951
TokenAccuracy:	1.000
LengthAccuracy:	0.953
1st Token Accuracy:	1.000
2nd Token Accuracy:	1.000
Average Loss:	0.063
[2021-10-27 09:54:44,257][core.early_stopping][INFO] - Early stopping counter: 14 / 5
[2021-10-27 09:54:44,281][core.early_stopping][INFO] - Pausing model saving until validation loss decreases by 0.0001
[2021-10-27 09:54:44,282][core.trainer][INFO] - Computing metrics for 'test' dataset
[2021-10-27 09:55:12,649][core.metrics.meter][INFO] - Meter:
SequenceAccuracy:	0.951
TokenAccuracy:	1.000
LengthAccuracy:	0.953
1st Token Accuracy:	1.000
2nd Token Accuracy:	1.000
Average Loss:	0.063
[2021-10-27 09:55:12,649][core.trainer][INFO] - Computing metrics for 'gen' dataset
[2021-10-27 09:55:43,147][core.metrics.meter][INFO] - Meter:
SequenceAccuracy:	0.005
TokenAccuracy:	0.614
LengthAccuracy:	0.965
1st Token Accuracy:	0.016
2nd Token Accuracy:	1.000
Average Loss:	2.149
[2021-10-27 09:55:43,147][core.trainer][INFO] - EPOCH 17 / 50
[2021-10-27 09:55:43,147][core.trainer][INFO] - Computing metrics for 'train' dataset
[2021-10-27 09:56:03,131][core.trainer][INFO] - Computing metrics for 'val' dataset
[2021-10-27 09:56:05,987][core.metrics.meter][INFO] - Meter:
SequenceAccuracy:	0.953
TokenAccuracy:	1.000
LengthAccuracy:	0.954
1st Token Accuracy:	1.000
2nd Token Accuracy:	1.000
Average Loss:	0.061
[2021-10-27 09:56:06,043][core.early_stopping][INFO] - Early stopping counter: 15 / 5
[2021-10-27 09:56:06,074][core.early_stopping][INFO] - Pausing model saving until validation loss decreases by 0.0001
[2021-10-27 09:56:06,074][core.trainer][INFO] - Computing metrics for 'test' dataset
[2021-10-27 09:56:33,664][core.metrics.meter][INFO] - Meter:
SequenceAccuracy:	0.952
TokenAccuracy:	1.000
LengthAccuracy:	0.954
1st Token Accuracy:	1.000
2nd Token Accuracy:	1.000
Average Loss:	0.062
[2021-10-27 09:56:33,664][core.trainer][INFO] - Computing metrics for 'gen' dataset
[2021-10-27 09:57:03,567][core.metrics.meter][INFO] - Meter:
SequenceAccuracy:	0.004
TokenAccuracy:	0.615
LengthAccuracy:	0.969
1st Token Accuracy:	0.015
2nd Token Accuracy:	1.000
Average Loss:	2.150
[2021-10-27 09:57:03,567][core.trainer][INFO] - EPOCH 18 / 50
[2021-10-27 09:57:03,567][core.trainer][INFO] - Computing metrics for 'train' dataset
[2021-10-27 09:57:23,548][core.trainer][INFO] - Computing metrics for 'val' dataset
[2021-10-27 09:57:26,410][core.metrics.meter][INFO] - Meter:
SequenceAccuracy:	0.949
TokenAccuracy:	1.000
LengthAccuracy:	0.951
1st Token Accuracy:	1.000
2nd Token Accuracy:	1.000
Average Loss:	0.065
[2021-10-27 09:57:26,467][core.early_stopping][INFO] - Early stopping counter: 16 / 5
[2021-10-27 09:57:26,491][core.early_stopping][INFO] - Pausing model saving until validation loss decreases by 0.0001
[2021-10-27 09:57:26,491][core.trainer][INFO] - Computing metrics for 'test' dataset
[2021-10-27 09:57:54,257][core.metrics.meter][INFO] - Meter:
SequenceAccuracy:	0.950
TokenAccuracy:	1.000
LengthAccuracy:	0.952
1st Token Accuracy:	1.000
2nd Token Accuracy:	1.000
Average Loss:	0.064
[2021-10-27 09:57:54,257][core.trainer][INFO] - Computing metrics for 'gen' dataset
[2021-10-27 09:58:24,376][core.metrics.meter][INFO] - Meter:
SequenceAccuracy:	0.003
TokenAccuracy:	0.614
LengthAccuracy:	0.965
1st Token Accuracy:	0.014
2nd Token Accuracy:	1.000
Average Loss:	2.161
[2021-10-27 09:58:24,376][core.trainer][INFO] - EPOCH 19 / 50
[2021-10-27 09:58:24,376][core.trainer][INFO] - Computing metrics for 'train' dataset
[2021-10-27 09:58:44,330][core.trainer][INFO] - Computing metrics for 'val' dataset
[2021-10-27 09:58:47,215][core.metrics.meter][INFO] - Meter:
SequenceAccuracy:	0.947
TokenAccuracy:	1.000
LengthAccuracy:	0.950
1st Token Accuracy:	1.000
2nd Token Accuracy:	1.000
Average Loss:	0.067
[2021-10-27 09:58:47,291][core.early_stopping][INFO] - Early stopping counter: 17 / 5
[2021-10-27 09:58:47,291][core.early_stopping][INFO] - Pausing model saving until validation loss decreases by 0.0001
[2021-10-27 09:58:47,291][core.trainer][INFO] - Computing metrics for 'test' dataset
[2021-10-27 09:59:15,050][core.metrics.meter][INFO] - Meter:
SequenceAccuracy:	0.952
TokenAccuracy:	1.000
LengthAccuracy:	0.954
1st Token Accuracy:	1.000
2nd Token Accuracy:	1.000
Average Loss:	0.061
[2021-10-27 09:59:15,050][core.trainer][INFO] - Computing metrics for 'gen' dataset
[2021-10-27 09:59:45,059][core.metrics.meter][INFO] - Meter:
SequenceAccuracy:	0.003
TokenAccuracy:	0.614
LengthAccuracy:	0.971
1st Token Accuracy:	0.014
2nd Token Accuracy:	1.000
Average Loss:	2.161
[2021-10-27 09:59:45,059][core.trainer][INFO] - EPOCH 20 / 50
[2021-10-27 09:59:45,059][core.trainer][INFO] - Computing metrics for 'train' dataset
[2021-10-27 10:00:05,117][core.trainer][INFO] - Computing metrics for 'val' dataset
[2021-10-27 10:00:08,000][core.metrics.meter][INFO] - Meter:
SequenceAccuracy:	0.948
TokenAccuracy:	1.000
LengthAccuracy:	0.950
1st Token Accuracy:	1.000
2nd Token Accuracy:	1.000
Average Loss:	0.066
[2021-10-27 10:00:08,060][core.early_stopping][INFO] - Early stopping counter: 18 / 5
[2021-10-27 10:00:08,085][core.early_stopping][INFO] - Pausing model saving until validation loss decreases by 0.0001
[2021-10-27 10:00:08,085][core.trainer][INFO] - Computing metrics for 'test' dataset
[2021-10-27 10:00:36,013][core.metrics.meter][INFO] - Meter:
SequenceAccuracy:	0.949
TokenAccuracy:	1.000
LengthAccuracy:	0.951
1st Token Accuracy:	1.000
2nd Token Accuracy:	1.000
Average Loss:	0.065
[2021-10-27 10:00:36,013][core.trainer][INFO] - Computing metrics for 'gen' dataset
[2021-10-27 10:01:06,434][core.metrics.meter][INFO] - Meter:
SequenceAccuracy:	0.003
TokenAccuracy:	0.620
LengthAccuracy:	0.966
1st Token Accuracy:	0.014
2nd Token Accuracy:	1.000
Average Loss:	2.144
[2021-10-27 10:01:06,434][core.trainer][INFO] - EPOCH 21 / 50
[2021-10-27 10:01:06,434][core.trainer][INFO] - Computing metrics for 'train' dataset
[2021-10-27 10:01:26,436][core.trainer][INFO] - Computing metrics for 'val' dataset
[2021-10-27 10:01:29,300][core.metrics.meter][INFO] - Meter:
SequenceAccuracy:	0.949
TokenAccuracy:	1.000
LengthAccuracy:	0.951
1st Token Accuracy:	1.000
2nd Token Accuracy:	1.000
Average Loss:	0.066
[2021-10-27 10:01:29,368][core.early_stopping][INFO] - Early stopping counter: 19 / 5
[2021-10-27 10:01:29,394][core.early_stopping][INFO] - Pausing model saving until validation loss decreases by 0.0001
[2021-10-27 10:01:29,395][core.trainer][INFO] - Computing metrics for 'test' dataset
[2021-10-27 10:01:57,166][core.metrics.meter][INFO] - Meter:
SequenceAccuracy:	0.949
TokenAccuracy:	1.000
LengthAccuracy:	0.950
1st Token Accuracy:	1.000
2nd Token Accuracy:	1.000
Average Loss:	0.066
[2021-10-27 10:01:57,167][core.trainer][INFO] - Computing metrics for 'gen' dataset
[2021-10-27 10:02:27,322][core.metrics.meter][INFO] - Meter:
SequenceAccuracy:	0.003
TokenAccuracy:	0.617
LengthAccuracy:	0.969
1st Token Accuracy:	0.014
2nd Token Accuracy:	1.000
Average Loss:	2.160
[2021-10-27 10:02:27,322][core.trainer][INFO] - EPOCH 22 / 50
[2021-10-27 10:02:27,322][core.trainer][INFO] - Computing metrics for 'train' dataset
[2021-10-27 10:02:47,418][core.trainer][INFO] - Computing metrics for 'val' dataset
[2021-10-27 10:02:50,318][core.metrics.meter][INFO] - Meter:
SequenceAccuracy:	0.952
TokenAccuracy:	1.000
LengthAccuracy:	0.954
1st Token Accuracy:	1.000
2nd Token Accuracy:	1.000
Average Loss:	0.060
[2021-10-27 10:02:50,377][core.early_stopping][INFO] - Early stopping counter: 20 / 5
[2021-10-27 10:02:50,405][core.early_stopping][INFO] - Pausing model saving until validation loss decreases by 0.0001
[2021-10-27 10:02:50,406][core.trainer][INFO] - Computing metrics for 'test' dataset
[2021-10-27 10:03:18,171][core.metrics.meter][INFO] - Meter:
SequenceAccuracy:	0.948
TokenAccuracy:	1.000
LengthAccuracy:	0.950
1st Token Accuracy:	1.000
2nd Token Accuracy:	1.000
Average Loss:	0.065
[2021-10-27 10:03:18,172][core.trainer][INFO] - Computing metrics for 'gen' dataset
[2021-10-27 10:03:48,305][core.metrics.meter][INFO] - Meter:
SequenceAccuracy:	0.004
TokenAccuracy:	0.622
LengthAccuracy:	0.966
1st Token Accuracy:	0.012
2nd Token Accuracy:	1.000
Average Loss:	2.146
[2021-10-27 10:03:48,305][core.trainer][INFO] - EPOCH 23 / 50
[2021-10-27 10:03:48,305][core.trainer][INFO] - Computing metrics for 'train' dataset
[2021-10-27 10:04:08,395][core.trainer][INFO] - Computing metrics for 'val' dataset
[2021-10-27 10:04:11,253][core.metrics.meter][INFO] - Meter:
SequenceAccuracy:	0.951
TokenAccuracy:	1.000
LengthAccuracy:	0.952
1st Token Accuracy:	1.000
2nd Token Accuracy:	1.000
Average Loss:	0.064
[2021-10-27 10:04:11,315][core.early_stopping][INFO] - Early stopping counter: 21 / 5
[2021-10-27 10:04:11,345][core.early_stopping][INFO] - Pausing model saving until validation loss decreases by 0.0001
[2021-10-27 10:04:11,345][core.trainer][INFO] - Computing metrics for 'test' dataset
[2021-10-27 10:04:39,392][core.metrics.meter][INFO] - Meter:
SequenceAccuracy:	0.950
TokenAccuracy:	1.000
LengthAccuracy:	0.951
1st Token Accuracy:	1.000
2nd Token Accuracy:	1.000
Average Loss:	0.064
[2021-10-27 10:04:39,392][core.trainer][INFO] - Computing metrics for 'gen' dataset
[2021-10-27 10:05:09,499][core.metrics.meter][INFO] - Meter:
SequenceAccuracy:	0.003
TokenAccuracy:	0.619
LengthAccuracy:	0.965
1st Token Accuracy:	0.010
2nd Token Accuracy:	1.000
Average Loss:	2.165
[2021-10-27 10:05:09,499][core.trainer][INFO] - EPOCH 24 / 50
[2021-10-27 10:05:09,499][core.trainer][INFO] - Computing metrics for 'train' dataset
[2021-10-27 10:05:29,398][core.trainer][INFO] - Computing metrics for 'val' dataset
[2021-10-27 10:05:32,272][core.metrics.meter][INFO] - Meter:
SequenceAccuracy:	0.956
TokenAccuracy:	1.000
LengthAccuracy:	0.958
1st Token Accuracy:	1.000
2nd Token Accuracy:	1.000
Average Loss:	0.054
[2021-10-27 10:05:32,331][core.early_stopping][INFO] - Early stopping counter: 22 / 5
[2021-10-27 10:05:32,356][core.early_stopping][INFO] - Pausing model saving until validation loss decreases by 0.0001
[2021-10-27 10:05:32,356][core.trainer][INFO] - Computing metrics for 'test' dataset
[2021-10-27 10:06:00,111][core.metrics.meter][INFO] - Meter:
SequenceAccuracy:	0.954
TokenAccuracy:	1.000
LengthAccuracy:	0.955
1st Token Accuracy:	1.000
2nd Token Accuracy:	1.000
Average Loss:	0.060
[2021-10-27 10:06:00,111][core.trainer][INFO] - Computing metrics for 'gen' dataset
[2021-10-27 10:06:30,187][core.metrics.meter][INFO] - Meter:
SequenceAccuracy:	0.004
TokenAccuracy:	0.620
LengthAccuracy:	0.968
1st Token Accuracy:	0.014
2nd Token Accuracy:	1.000
Average Loss:	2.162
[2021-10-27 10:06:30,187][core.trainer][INFO] - EPOCH 25 / 50
[2021-10-27 10:06:30,187][core.trainer][INFO] - Computing metrics for 'train' dataset
[2021-10-27 10:06:50,453][core.trainer][INFO] - Computing metrics for 'val' dataset
[2021-10-27 10:06:53,335][core.metrics.meter][INFO] - Meter:
SequenceAccuracy:	0.949
TokenAccuracy:	1.000
LengthAccuracy:	0.950
1st Token Accuracy:	1.000
2nd Token Accuracy:	1.000
Average Loss:	0.067
[2021-10-27 10:06:53,395][core.early_stopping][INFO] - Early stopping counter: 23 / 5
[2021-10-27 10:06:53,423][core.early_stopping][INFO] - Pausing model saving until validation loss decreases by 0.0001
[2021-10-27 10:06:53,424][core.trainer][INFO] - Computing metrics for 'test' dataset
[2021-10-27 10:07:21,519][core.metrics.meter][INFO] - Meter:
SequenceAccuracy:	0.950
TokenAccuracy:	1.000
LengthAccuracy:	0.951
1st Token Accuracy:	1.000
2nd Token Accuracy:	1.000
Average Loss:	0.066
[2021-10-27 10:07:21,519][core.trainer][INFO] - Computing metrics for 'gen' dataset
[2021-10-27 10:07:52,174][core.metrics.meter][INFO] - Meter:
SequenceAccuracy:	0.004
TokenAccuracy:	0.619
LengthAccuracy:	0.967
1st Token Accuracy:	0.014
2nd Token Accuracy:	1.000
Average Loss:	2.168
[2021-10-27 10:07:52,174][core.trainer][INFO] - EPOCH 26 / 50
[2021-10-27 10:07:52,175][core.trainer][INFO] - Computing metrics for 'train' dataset
[2021-10-27 10:08:12,402][core.trainer][INFO] - Computing metrics for 'val' dataset
[2021-10-27 10:08:15,313][core.metrics.meter][INFO] - Meter:
SequenceAccuracy:	0.958
TokenAccuracy:	1.000
LengthAccuracy:	0.959
1st Token Accuracy:	1.000
2nd Token Accuracy:	1.000
Average Loss:	0.054
[2021-10-27 10:08:15,392][core.early_stopping][INFO] - Early stopping counter: 24 / 5
[2021-10-27 10:08:15,423][core.early_stopping][INFO] - Pausing model saving until validation loss decreases by 0.0001
[2021-10-27 10:08:15,423][core.trainer][INFO] - Computing metrics for 'test' dataset
[2021-10-27 10:08:43,498][core.metrics.meter][INFO] - Meter:
SequenceAccuracy:	0.950
TokenAccuracy:	1.000
LengthAccuracy:	0.951
1st Token Accuracy:	1.000
2nd Token Accuracy:	1.000
Average Loss:	0.064
[2021-10-27 10:08:43,498][core.trainer][INFO] - Computing metrics for 'gen' dataset
[2021-10-27 10:09:13,750][core.metrics.meter][INFO] - Meter:
SequenceAccuracy:	0.003
TokenAccuracy:	0.617
LengthAccuracy:	0.968
1st Token Accuracy:	0.013
2nd Token Accuracy:	1.000
Average Loss:	2.188
[2021-10-27 10:09:13,750][core.trainer][INFO] - EPOCH 27 / 50
[2021-10-27 10:09:13,750][core.trainer][INFO] - Computing metrics for 'train' dataset
[2021-10-27 10:09:33,996][core.trainer][INFO] - Computing metrics for 'val' dataset
[2021-10-27 10:09:36,931][core.metrics.meter][INFO] - Meter:
SequenceAccuracy:	0.944
TokenAccuracy:	1.000
LengthAccuracy:	0.945
1st Token Accuracy:	1.000
2nd Token Accuracy:	1.000
Average Loss:	0.071
[2021-10-27 10:09:37,022][core.early_stopping][INFO] - Early stopping counter: 25 / 5
[2021-10-27 10:09:37,022][core.early_stopping][INFO] - Pausing model saving until validation loss decreases by 0.0001
[2021-10-27 10:09:37,022][core.trainer][INFO] - Computing metrics for 'test' dataset
[2021-10-27 10:10:05,096][core.metrics.meter][INFO] - Meter:
SequenceAccuracy:	0.953
TokenAccuracy:	1.000
LengthAccuracy:	0.954
1st Token Accuracy:	1.000
2nd Token Accuracy:	1.000
Average Loss:	0.060
[2021-10-27 10:10:05,096][core.trainer][INFO] - Computing metrics for 'gen' dataset
[2021-10-27 10:10:35,264][core.metrics.meter][INFO] - Meter:
SequenceAccuracy:	0.003
TokenAccuracy:	0.621
LengthAccuracy:	0.969
1st Token Accuracy:	0.013
2nd Token Accuracy:	1.000
Average Loss:	2.169
[2021-10-27 10:10:35,265][core.trainer][INFO] - EPOCH 28 / 50
[2021-10-27 10:10:35,265][core.trainer][INFO] - Computing metrics for 'train' dataset
[2021-10-27 10:10:55,294][core.trainer][INFO] - Computing metrics for 'val' dataset
[2021-10-27 10:10:58,183][core.metrics.meter][INFO] - Meter:
SequenceAccuracy:	0.948
TokenAccuracy:	1.000
LengthAccuracy:	0.949
1st Token Accuracy:	1.000
2nd Token Accuracy:	1.000
Average Loss:	0.068
[2021-10-27 10:10:58,250][core.early_stopping][INFO] - Early stopping counter: 26 / 5
[2021-10-27 10:10:58,275][core.early_stopping][INFO] - Pausing model saving until validation loss decreases by 0.0001
[2021-10-27 10:10:58,275][core.trainer][INFO] - Computing metrics for 'test' dataset
[2021-10-27 10:11:26,225][core.metrics.meter][INFO] - Meter:
SequenceAccuracy:	0.955
TokenAccuracy:	1.000
LengthAccuracy:	0.957
1st Token Accuracy:	1.000
2nd Token Accuracy:	1.000
Average Loss:	0.058
[2021-10-27 10:11:26,225][core.trainer][INFO] - Computing metrics for 'gen' dataset
[2021-10-27 10:11:56,934][core.metrics.meter][INFO] - Meter:
SequenceAccuracy:	0.003
TokenAccuracy:	0.615
LengthAccuracy:	0.962
1st Token Accuracy:	0.011
2nd Token Accuracy:	1.000
Average Loss:	2.202
[2021-10-27 10:11:56,934][core.trainer][INFO] - EPOCH 29 / 50
[2021-10-27 10:11:56,934][core.trainer][INFO] - Computing metrics for 'train' dataset
[2021-10-27 10:12:17,291][core.trainer][INFO] - Computing metrics for 'val' dataset
[2021-10-27 10:12:20,172][core.metrics.meter][INFO] - Meter:
SequenceAccuracy:	0.955
TokenAccuracy:	1.000
LengthAccuracy:	0.956
1st Token Accuracy:	1.000
2nd Token Accuracy:	1.000
Average Loss:	0.056
[2021-10-27 10:12:20,232][core.early_stopping][INFO] - Early stopping counter: 27 / 5
[2021-10-27 10:12:20,259][core.early_stopping][INFO] - Pausing model saving until validation loss decreases by 0.0001
[2021-10-27 10:12:20,260][core.trainer][INFO] - Computing metrics for 'test' dataset
[2021-10-27 10:12:48,218][core.metrics.meter][INFO] - Meter:
SequenceAccuracy:	0.953
TokenAccuracy:	1.000
LengthAccuracy:	0.955
1st Token Accuracy:	1.000
2nd Token Accuracy:	1.000
Average Loss:	0.060
[2021-10-27 10:12:48,218][core.trainer][INFO] - Computing metrics for 'gen' dataset
[2021-10-27 10:13:18,600][core.metrics.meter][INFO] - Meter:
SequenceAccuracy:	0.003
TokenAccuracy:	0.621
LengthAccuracy:	0.964
1st Token Accuracy:	0.011
2nd Token Accuracy:	1.000
Average Loss:	2.174
[2021-10-27 10:13:18,600][core.trainer][INFO] - EPOCH 30 / 50
[2021-10-27 10:13:18,600][core.trainer][INFO] - Computing metrics for 'train' dataset
[2021-10-27 10:13:39,043][core.trainer][INFO] - Computing metrics for 'val' dataset
[2021-10-27 10:13:42,048][core.metrics.meter][INFO] - Meter:
SequenceAccuracy:	0.950
TokenAccuracy:	1.000
LengthAccuracy:	0.951
1st Token Accuracy:	1.000
2nd Token Accuracy:	1.000
Average Loss:	0.062
[2021-10-27 10:13:42,137][core.early_stopping][INFO] - Early stopping counter: 28 / 5
[2021-10-27 10:13:42,137][core.early_stopping][INFO] - Pausing model saving until validation loss decreases by 0.0001
[2021-10-27 10:13:42,137][core.trainer][INFO] - Computing metrics for 'test' dataset
[2021-10-27 10:14:10,437][core.metrics.meter][INFO] - Meter:
SequenceAccuracy:	0.950
TokenAccuracy:	1.000
LengthAccuracy:	0.951
1st Token Accuracy:	1.000
2nd Token Accuracy:	1.000
Average Loss:	0.062
[2021-10-27 10:14:10,437][core.trainer][INFO] - Computing metrics for 'gen' dataset
[2021-10-27 10:14:40,501][core.metrics.meter][INFO] - Meter:
SequenceAccuracy:	0.003
TokenAccuracy:	0.616
LengthAccuracy:	0.964
1st Token Accuracy:	0.012
2nd Token Accuracy:	1.000
Average Loss:	2.203
[2021-10-27 10:14:40,501][core.trainer][INFO] - EPOCH 31 / 50
[2021-10-27 10:14:40,501][core.trainer][INFO] - Computing metrics for 'train' dataset
[2021-10-27 10:15:00,479][core.trainer][INFO] - Computing metrics for 'val' dataset
[2021-10-27 10:15:03,348][core.metrics.meter][INFO] - Meter:
SequenceAccuracy:	0.950
TokenAccuracy:	1.000
LengthAccuracy:	0.952
1st Token Accuracy:	1.000
2nd Token Accuracy:	1.000
Average Loss:	0.062
[2021-10-27 10:15:03,405][core.early_stopping][INFO] - Early stopping counter: 29 / 5
[2021-10-27 10:15:03,430][core.early_stopping][INFO] - Pausing model saving until validation loss decreases by 0.0001
[2021-10-27 10:15:03,430][core.trainer][INFO] - Computing metrics for 'test' dataset
[2021-10-27 10:15:31,213][core.metrics.meter][INFO] - Meter:
SequenceAccuracy:	0.950
TokenAccuracy:	1.000
LengthAccuracy:	0.951
1st Token Accuracy:	1.000
2nd Token Accuracy:	1.000
Average Loss:	0.064
[2021-10-27 10:15:31,214][core.trainer][INFO] - Computing metrics for 'gen' dataset
[2021-10-27 10:16:01,232][core.metrics.meter][INFO] - Meter:
SequenceAccuracy:	0.003
TokenAccuracy:	0.621
LengthAccuracy:	0.959
1st Token Accuracy:	0.011
2nd Token Accuracy:	1.000
Average Loss:	2.191
[2021-10-27 10:16:01,233][core.trainer][INFO] - EPOCH 32 / 50
[2021-10-27 10:16:01,233][core.trainer][INFO] - Computing metrics for 'train' dataset
[2021-10-27 10:16:21,145][core.trainer][INFO] - Computing metrics for 'val' dataset
[2021-10-27 10:16:24,015][core.metrics.meter][INFO] - Meter:
SequenceAccuracy:	0.951
TokenAccuracy:	1.000
LengthAccuracy:	0.952
1st Token Accuracy:	1.000
2nd Token Accuracy:	1.000
Average Loss:	0.064
[2021-10-27 10:16:24,071][core.early_stopping][INFO] - Early stopping counter: 30 / 5
[2021-10-27 10:16:24,096][core.early_stopping][INFO] - Pausing model saving until validation loss decreases by 0.0001
[2021-10-27 10:16:24,096][core.trainer][INFO] - Computing metrics for 'test' dataset
[2021-10-27 10:16:52,103][core.metrics.meter][INFO] - Meter:
SequenceAccuracy:	0.951
TokenAccuracy:	1.000
LengthAccuracy:	0.952
1st Token Accuracy:	1.000
2nd Token Accuracy:	1.000
Average Loss:	0.062
[2021-10-27 10:16:52,103][core.trainer][INFO] - Computing metrics for 'gen' dataset
[2021-10-27 10:17:22,359][core.metrics.meter][INFO] - Meter:
SequenceAccuracy:	0.003
TokenAccuracy:	0.618
LengthAccuracy:	0.964
1st Token Accuracy:	0.012
2nd Token Accuracy:	1.000
Average Loss:	2.200
[2021-10-27 10:17:22,359][core.trainer][INFO] - EPOCH 33 / 50
[2021-10-27 10:17:22,359][core.trainer][INFO] - Computing metrics for 'train' dataset
[2021-10-27 10:17:42,330][core.trainer][INFO] - Computing metrics for 'val' dataset
[2021-10-27 10:17:45,219][core.metrics.meter][INFO] - Meter:
SequenceAccuracy:	0.946
TokenAccuracy:	1.000
LengthAccuracy:	0.947
1st Token Accuracy:	1.000
2nd Token Accuracy:	1.000
Average Loss:	0.072
[2021-10-27 10:17:45,288][core.early_stopping][INFO] - Early stopping counter: 31 / 5
[2021-10-27 10:17:45,313][core.early_stopping][INFO] - Pausing model saving until validation loss decreases by 0.0001
[2021-10-27 10:17:45,313][core.trainer][INFO] - Computing metrics for 'test' dataset
[2021-10-27 10:18:12,973][core.metrics.meter][INFO] - Meter:
SequenceAccuracy:	0.954
TokenAccuracy:	1.000
LengthAccuracy:	0.955
1st Token Accuracy:	1.000
2nd Token Accuracy:	1.000
Average Loss:	0.060
[2021-10-27 10:18:12,973][core.trainer][INFO] - Computing metrics for 'gen' dataset
[2021-10-27 10:18:43,048][core.metrics.meter][INFO] - Meter:
SequenceAccuracy:	0.003
TokenAccuracy:	0.622
LengthAccuracy:	0.962
1st Token Accuracy:	0.010
2nd Token Accuracy:	1.000
Average Loss:	2.187
[2021-10-27 10:18:43,048][core.trainer][INFO] - EPOCH 34 / 50
[2021-10-27 10:18:43,048][core.trainer][INFO] - Computing metrics for 'train' dataset
[2021-10-27 10:19:03,129][core.trainer][INFO] - Computing metrics for 'val' dataset
[2021-10-27 10:19:05,995][core.metrics.meter][INFO] - Meter:
SequenceAccuracy:	0.946
TokenAccuracy:	1.000
LengthAccuracy:	0.947
1st Token Accuracy:	1.000
2nd Token Accuracy:	1.000
Average Loss:	0.067
[2021-10-27 10:19:06,054][core.early_stopping][INFO] - Early stopping counter: 32 / 5
[2021-10-27 10:19:06,082][core.early_stopping][INFO] - Pausing model saving until validation loss decreases by 0.0001
[2021-10-27 10:19:06,082][core.trainer][INFO] - Computing metrics for 'test' dataset
[2021-10-27 10:19:34,002][core.metrics.meter][INFO] - Meter:
SequenceAccuracy:	0.948
TokenAccuracy:	1.000
LengthAccuracy:	0.949
1st Token Accuracy:	1.000
2nd Token Accuracy:	1.000
Average Loss:	0.066
[2021-10-27 10:19:34,002][core.trainer][INFO] - Computing metrics for 'gen' dataset
[2021-10-27 10:20:03,982][core.metrics.meter][INFO] - Meter:
SequenceAccuracy:	0.004
TokenAccuracy:	0.620
LengthAccuracy:	0.965
1st Token Accuracy:	0.012
2nd Token Accuracy:	1.000
Average Loss:	2.189
[2021-10-27 10:20:03,982][core.trainer][INFO] - EPOCH 35 / 50
[2021-10-27 10:20:03,982][core.trainer][INFO] - Computing metrics for 'train' dataset
[2021-10-27 10:20:24,059][core.trainer][INFO] - Computing metrics for 'val' dataset
[2021-10-27 10:20:26,931][core.metrics.meter][INFO] - Meter:
SequenceAccuracy:	0.948
TokenAccuracy:	1.000
LengthAccuracy:	0.949
1st Token Accuracy:	1.000
2nd Token Accuracy:	1.000
Average Loss:	0.065
[2021-10-27 10:20:26,994][core.early_stopping][INFO] - Early stopping counter: 33 / 5
[2021-10-27 10:20:27,020][core.early_stopping][INFO] - Pausing model saving until validation loss decreases by 0.0001
[2021-10-27 10:20:27,021][core.trainer][INFO] - Computing metrics for 'test' dataset
[2021-10-27 10:20:54,777][core.metrics.meter][INFO] - Meter:
SequenceAccuracy:	0.952
TokenAccuracy:	1.000
LengthAccuracy:	0.953
1st Token Accuracy:	1.000
2nd Token Accuracy:	1.000
Average Loss:	0.061
[2021-10-27 10:20:54,777][core.trainer][INFO] - Computing metrics for 'gen' dataset
[2021-10-27 10:21:24,924][core.metrics.meter][INFO] - Meter:
SequenceAccuracy:	0.003
TokenAccuracy:	0.616
LengthAccuracy:	0.967
1st Token Accuracy:	0.015
2nd Token Accuracy:	1.000
Average Loss:	2.213
[2021-10-27 10:21:24,925][core.trainer][INFO] - EPOCH 36 / 50
[2021-10-27 10:21:24,925][core.trainer][INFO] - Computing metrics for 'train' dataset
[2021-10-27 10:21:44,965][core.trainer][INFO] - Computing metrics for 'val' dataset
[2021-10-27 10:21:47,907][core.metrics.meter][INFO] - Meter:
SequenceAccuracy:	0.949
TokenAccuracy:	1.000
LengthAccuracy:	0.950
1st Token Accuracy:	1.000
2nd Token Accuracy:	1.000
Average Loss:	0.064
[2021-10-27 10:21:47,965][core.early_stopping][INFO] - Early stopping counter: 34 / 5
[2021-10-27 10:21:47,995][core.early_stopping][INFO] - Pausing model saving until validation loss decreases by 0.0001
[2021-10-27 10:21:47,995][core.trainer][INFO] - Computing metrics for 'test' dataset
[2021-10-27 10:22:16,624][core.metrics.meter][INFO] - Meter:
SequenceAccuracy:	0.952
TokenAccuracy:	1.000
LengthAccuracy:	0.953
1st Token Accuracy:	1.000
2nd Token Accuracy:	1.000
Average Loss:	0.061
[2021-10-27 10:22:16,624][core.trainer][INFO] - Computing metrics for 'gen' dataset
[2021-10-27 10:22:47,915][core.metrics.meter][INFO] - Meter:
SequenceAccuracy:	0.004
TokenAccuracy:	0.616
LengthAccuracy:	0.966
1st Token Accuracy:	0.011
2nd Token Accuracy:	1.000
Average Loss:	2.224
[2021-10-27 10:22:47,915][core.trainer][INFO] - EPOCH 37 / 50
[2021-10-27 10:22:47,915][core.trainer][INFO] - Computing metrics for 'train' dataset
[2021-10-27 10:23:08,931][core.trainer][INFO] - Computing metrics for 'val' dataset
[2021-10-27 10:23:11,894][core.metrics.meter][INFO] - Meter:
SequenceAccuracy:	0.950
TokenAccuracy:	1.000
LengthAccuracy:	0.951
1st Token Accuracy:	1.000
2nd Token Accuracy:	1.000
Average Loss:	0.064
[2021-10-27 10:23:11,951][core.early_stopping][INFO] - Early stopping counter: 35 / 5
[2021-10-27 10:23:11,977][core.early_stopping][INFO] - Pausing model saving until validation loss decreases by 0.0001
[2021-10-27 10:23:11,978][core.trainer][INFO] - Computing metrics for 'test' dataset
[2021-10-27 10:23:39,701][core.metrics.meter][INFO] - Meter:
SequenceAccuracy:	0.951
TokenAccuracy:	1.000
LengthAccuracy:	0.952
1st Token Accuracy:	1.000
2nd Token Accuracy:	1.000
Average Loss:	0.064
[2021-10-27 10:23:39,701][core.trainer][INFO] - Computing metrics for 'gen' dataset
[2021-10-27 10:24:09,720][core.metrics.meter][INFO] - Meter:
SequenceAccuracy:	0.003
TokenAccuracy:	0.618
LengthAccuracy:	0.964
1st Token Accuracy:	0.015
2nd Token Accuracy:	1.000
Average Loss:	2.213
[2021-10-27 10:24:09,720][core.trainer][INFO] - EPOCH 38 / 50
[2021-10-27 10:24:09,720][core.trainer][INFO] - Computing metrics for 'train' dataset
[2021-10-27 10:24:29,913][core.trainer][INFO] - Computing metrics for 'val' dataset
[2021-10-27 10:24:32,804][core.metrics.meter][INFO] - Meter:
SequenceAccuracy:	0.953
TokenAccuracy:	1.000
LengthAccuracy:	0.953
1st Token Accuracy:	1.000
2nd Token Accuracy:	1.000
Average Loss:	0.064
[2021-10-27 10:24:32,880][core.early_stopping][INFO] - Early stopping counter: 36 / 5
[2021-10-27 10:24:32,905][core.early_stopping][INFO] - Pausing model saving until validation loss decreases by 0.0001
[2021-10-27 10:24:32,905][core.trainer][INFO] - Computing metrics for 'test' dataset
[2021-10-27 10:25:00,682][core.metrics.meter][INFO] - Meter:
SequenceAccuracy:	0.953
TokenAccuracy:	1.000
LengthAccuracy:	0.953
1st Token Accuracy:	1.000
2nd Token Accuracy:	1.000
Average Loss:	0.061
[2021-10-27 10:25:00,682][core.trainer][INFO] - Computing metrics for 'gen' dataset
[2021-10-27 10:25:30,625][core.metrics.meter][INFO] - Meter:
SequenceAccuracy:	0.003
TokenAccuracy:	0.622
LengthAccuracy:	0.965
1st Token Accuracy:	0.011
2nd Token Accuracy:	1.000
Average Loss:	2.196
[2021-10-27 10:25:30,625][core.trainer][INFO] - EPOCH 39 / 50
[2021-10-27 10:25:30,625][core.trainer][INFO] - Computing metrics for 'train' dataset
[2021-10-27 10:25:50,718][core.trainer][INFO] - Computing metrics for 'val' dataset
[2021-10-27 10:25:53,581][core.metrics.meter][INFO] - Meter:
SequenceAccuracy:	0.954
TokenAccuracy:	1.000
LengthAccuracy:	0.954
1st Token Accuracy:	1.000
2nd Token Accuracy:	1.000
Average Loss:	0.059
[2021-10-27 10:25:53,666][core.early_stopping][INFO] - Early stopping counter: 37 / 5
[2021-10-27 10:25:53,666][core.early_stopping][INFO] - Pausing model saving until validation loss decreases by 0.0001
[2021-10-27 10:25:53,666][core.trainer][INFO] - Computing metrics for 'test' dataset
[2021-10-27 10:26:21,529][core.metrics.meter][INFO] - Meter:
SequenceAccuracy:	0.953
TokenAccuracy:	1.000
LengthAccuracy:	0.954
1st Token Accuracy:	1.000
2nd Token Accuracy:	1.000
Average Loss:	0.062
[2021-10-27 10:26:21,529][core.trainer][INFO] - Computing metrics for 'gen' dataset
[2021-10-27 10:26:51,672][core.metrics.meter][INFO] - Meter:
SequenceAccuracy:	0.003
TokenAccuracy:	0.621
LengthAccuracy:	0.957
1st Token Accuracy:	0.013
2nd Token Accuracy:	1.000
Average Loss:	2.209
[2021-10-27 10:26:51,672][core.trainer][INFO] - EPOCH 40 / 50
[2021-10-27 10:26:51,672][core.trainer][INFO] - Computing metrics for 'train' dataset
[2021-10-27 10:27:11,743][core.trainer][INFO] - Computing metrics for 'val' dataset
[2021-10-27 10:27:14,639][core.metrics.meter][INFO] - Meter:
SequenceAccuracy:	0.952
TokenAccuracy:	1.000
LengthAccuracy:	0.953
1st Token Accuracy:	1.000
2nd Token Accuracy:	1.000
Average Loss:	0.060
[2021-10-27 10:27:14,706][core.early_stopping][INFO] - Early stopping counter: 38 / 5
[2021-10-27 10:27:14,736][core.early_stopping][INFO] - Pausing model saving until validation loss decreases by 0.0001
[2021-10-27 10:27:14,736][core.trainer][INFO] - Computing metrics for 'test' dataset
[2021-10-27 10:27:43,046][core.metrics.meter][INFO] - Meter:
SequenceAccuracy:	0.948
TokenAccuracy:	1.000
LengthAccuracy:	0.949
1st Token Accuracy:	1.000
2nd Token Accuracy:	1.000
Average Loss:	0.067
[2021-10-27 10:27:43,046][core.trainer][INFO] - Computing metrics for 'gen' dataset
[2021-10-27 10:28:13,589][core.metrics.meter][INFO] - Meter:
SequenceAccuracy:	0.002
TokenAccuracy:	0.618
LengthAccuracy:	0.961
1st Token Accuracy:	0.011
2nd Token Accuracy:	1.000
Average Loss:	2.222
[2021-10-27 10:28:13,589][core.trainer][INFO] - EPOCH 41 / 50
[2021-10-27 10:28:13,589][core.trainer][INFO] - Computing metrics for 'train' dataset
[2021-10-27 10:28:33,655][core.trainer][INFO] - Computing metrics for 'val' dataset
[2021-10-27 10:28:36,536][core.metrics.meter][INFO] - Meter:
SequenceAccuracy:	0.953
TokenAccuracy:	1.000
LengthAccuracy:	0.954
1st Token Accuracy:	1.000
2nd Token Accuracy:	1.000
Average Loss:	0.062
[2021-10-27 10:28:36,594][core.early_stopping][INFO] - Early stopping counter: 39 / 5
[2021-10-27 10:28:36,620][core.early_stopping][INFO] - Pausing model saving until validation loss decreases by 0.0001
[2021-10-27 10:28:36,620][core.trainer][INFO] - Computing metrics for 'test' dataset
[2021-10-27 10:29:04,377][core.metrics.meter][INFO] - Meter:
SequenceAccuracy:	0.954
TokenAccuracy:	1.000
LengthAccuracy:	0.954
1st Token Accuracy:	1.000
2nd Token Accuracy:	1.000
Average Loss:	0.061
[2021-10-27 10:29:04,377][core.trainer][INFO] - Computing metrics for 'gen' dataset
[2021-10-27 10:29:34,345][core.metrics.meter][INFO] - Meter:
SequenceAccuracy:	0.004
TokenAccuracy:	0.619
LengthAccuracy:	0.962
1st Token Accuracy:	0.014
2nd Token Accuracy:	1.000
Average Loss:	2.218
[2021-10-27 10:29:34,345][core.trainer][INFO] - EPOCH 42 / 50
[2021-10-27 10:29:34,345][core.trainer][INFO] - Computing metrics for 'train' dataset
[2021-10-27 10:29:54,465][core.trainer][INFO] - Computing metrics for 'val' dataset
[2021-10-27 10:29:57,335][core.metrics.meter][INFO] - Meter:
SequenceAccuracy:	0.952
TokenAccuracy:	1.000
LengthAccuracy:	0.953
1st Token Accuracy:	1.000
2nd Token Accuracy:	1.000
Average Loss:	0.062
[2021-10-27 10:29:57,395][core.early_stopping][INFO] - Early stopping counter: 40 / 5
[2021-10-27 10:29:57,424][core.early_stopping][INFO] - Pausing model saving until validation loss decreases by 0.0001
[2021-10-27 10:29:57,425][core.trainer][INFO] - Computing metrics for 'test' dataset
[2021-10-27 10:30:25,139][core.metrics.meter][INFO] - Meter:
SequenceAccuracy:	0.951
TokenAccuracy:	1.000
LengthAccuracy:	0.952
1st Token Accuracy:	1.000
2nd Token Accuracy:	1.000
Average Loss:	0.063
[2021-10-27 10:30:25,139][core.trainer][INFO] - Computing metrics for 'gen' dataset
[2021-10-27 10:30:55,154][core.metrics.meter][INFO] - Meter:
SequenceAccuracy:	0.004
TokenAccuracy:	0.622
LengthAccuracy:	0.964
1st Token Accuracy:	0.012
2nd Token Accuracy:	1.000
Average Loss:	2.215
[2021-10-27 10:30:55,154][core.trainer][INFO] - EPOCH 43 / 50
[2021-10-27 10:30:55,154][core.trainer][INFO] - Computing metrics for 'train' dataset
[2021-10-27 10:31:15,181][core.trainer][INFO] - Computing metrics for 'val' dataset
[2021-10-27 10:31:18,065][core.metrics.meter][INFO] - Meter:
SequenceAccuracy:	0.950
TokenAccuracy:	1.000
LengthAccuracy:	0.951
1st Token Accuracy:	1.000
2nd Token Accuracy:	1.000
Average Loss:	0.063
[2021-10-27 10:31:18,125][core.early_stopping][INFO] - Early stopping counter: 41 / 5
[2021-10-27 10:31:18,153][core.early_stopping][INFO] - Pausing model saving until validation loss decreases by 0.0001
[2021-10-27 10:31:18,153][core.trainer][INFO] - Computing metrics for 'test' dataset
[2021-10-27 10:31:46,038][core.metrics.meter][INFO] - Meter:
SequenceAccuracy:	0.952
TokenAccuracy:	1.000
LengthAccuracy:	0.952
1st Token Accuracy:	1.000
2nd Token Accuracy:	1.000
Average Loss:	0.064
[2021-10-27 10:31:46,038][core.trainer][INFO] - Computing metrics for 'gen' dataset
[2021-10-27 10:32:16,258][core.metrics.meter][INFO] - Meter:
SequenceAccuracy:	0.003
TokenAccuracy:	0.620
LengthAccuracy:	0.953
1st Token Accuracy:	0.013
2nd Token Accuracy:	1.000
Average Loss:	2.228
[2021-10-27 10:32:16,259][core.trainer][INFO] - EPOCH 44 / 50
[2021-10-27 10:32:16,259][core.trainer][INFO] - Computing metrics for 'train' dataset
[2021-10-27 10:32:36,579][core.trainer][INFO] - Computing metrics for 'val' dataset
[2021-10-27 10:32:39,629][core.metrics.meter][INFO] - Meter:
SequenceAccuracy:	0.951
TokenAccuracy:	1.000
LengthAccuracy:	0.952
1st Token Accuracy:	1.000
2nd Token Accuracy:	1.000
Average Loss:	0.063
[2021-10-27 10:32:39,691][core.early_stopping][INFO] - Early stopping counter: 42 / 5
[2021-10-27 10:32:39,715][core.early_stopping][INFO] - Pausing model saving until validation loss decreases by 0.0001
[2021-10-27 10:32:39,716][core.trainer][INFO] - Computing metrics for 'test' dataset
[2021-10-27 10:33:07,794][core.metrics.meter][INFO] - Meter:
SequenceAccuracy:	0.951
TokenAccuracy:	1.000
LengthAccuracy:	0.952
1st Token Accuracy:	1.000
2nd Token Accuracy:	1.000
Average Loss:	0.060
[2021-10-27 10:33:07,794][core.trainer][INFO] - Computing metrics for 'gen' dataset
[2021-10-27 10:33:37,923][core.metrics.meter][INFO] - Meter:
SequenceAccuracy:	0.004
TokenAccuracy:	0.620
LengthAccuracy:	0.966
1st Token Accuracy:	0.012
2nd Token Accuracy:	1.000
Average Loss:	2.235
[2021-10-27 10:33:37,923][core.trainer][INFO] - EPOCH 45 / 50
[2021-10-27 10:33:37,923][core.trainer][INFO] - Computing metrics for 'train' dataset
[2021-10-27 10:33:57,867][core.trainer][INFO] - Computing metrics for 'val' dataset
[2021-10-27 10:34:00,748][core.metrics.meter][INFO] - Meter:
SequenceAccuracy:	0.950
TokenAccuracy:	1.000
LengthAccuracy:	0.951
1st Token Accuracy:	1.000
2nd Token Accuracy:	1.000
Average Loss:	0.065
[2021-10-27 10:34:00,843][core.early_stopping][INFO] - Early stopping counter: 43 / 5
[2021-10-27 10:34:00,844][core.early_stopping][INFO] - Pausing model saving until validation loss decreases by 0.0001
[2021-10-27 10:34:00,844][core.trainer][INFO] - Computing metrics for 'test' dataset
[2021-10-27 10:34:28,619][core.metrics.meter][INFO] - Meter:
SequenceAccuracy:	0.949
TokenAccuracy:	1.000
LengthAccuracy:	0.950
1st Token Accuracy:	1.000
2nd Token Accuracy:	1.000
Average Loss:	0.066
[2021-10-27 10:34:28,619][core.trainer][INFO] - Computing metrics for 'gen' dataset
[2021-10-27 10:34:58,760][core.metrics.meter][INFO] - Meter:
SequenceAccuracy:	0.003
TokenAccuracy:	0.621
LengthAccuracy:	0.959
1st Token Accuracy:	0.012
2nd Token Accuracy:	1.000
Average Loss:	2.229
[2021-10-27 10:34:58,760][core.trainer][INFO] - EPOCH 46 / 50
[2021-10-27 10:34:58,760][core.trainer][INFO] - Computing metrics for 'train' dataset
[2021-10-27 10:35:18,825][core.trainer][INFO] - Computing metrics for 'val' dataset
[2021-10-27 10:35:21,698][core.metrics.meter][INFO] - Meter:
SequenceAccuracy:	0.953
TokenAccuracy:	1.000
LengthAccuracy:	0.954
1st Token Accuracy:	1.000
2nd Token Accuracy:	1.000
Average Loss:	0.060
[2021-10-27 10:35:21,756][core.early_stopping][INFO] - Early stopping counter: 44 / 5
[2021-10-27 10:35:21,782][core.early_stopping][INFO] - Pausing model saving until validation loss decreases by 0.0001
[2021-10-27 10:35:21,782][core.trainer][INFO] - Computing metrics for 'test' dataset
[2021-10-27 10:35:49,756][core.metrics.meter][INFO] - Meter:
SequenceAccuracy:	0.950
TokenAccuracy:	1.000
LengthAccuracy:	0.950
1st Token Accuracy:	1.000
2nd Token Accuracy:	1.000
Average Loss:	0.066
[2021-10-27 10:35:49,756][core.trainer][INFO] - Computing metrics for 'gen' dataset
[2021-10-27 10:36:20,423][core.metrics.meter][INFO] - Meter:
SequenceAccuracy:	0.003
TokenAccuracy:	0.615
LengthAccuracy:	0.965
1st Token Accuracy:	0.012
2nd Token Accuracy:	1.000
Average Loss:	2.258
[2021-10-27 10:36:20,424][core.trainer][INFO] - EPOCH 47 / 50
[2021-10-27 10:36:20,424][core.trainer][INFO] - Computing metrics for 'train' dataset
[2021-10-27 10:36:40,546][core.trainer][INFO] - Computing metrics for 'val' dataset
[2021-10-27 10:36:43,427][core.metrics.meter][INFO] - Meter:
SequenceAccuracy:	0.948
TokenAccuracy:	1.000
LengthAccuracy:	0.949
1st Token Accuracy:	1.000
2nd Token Accuracy:	1.000
Average Loss:	0.067
[2021-10-27 10:36:43,490][core.early_stopping][INFO] - Early stopping counter: 45 / 5
[2021-10-27 10:36:43,517][core.early_stopping][INFO] - Pausing model saving until validation loss decreases by 0.0001
[2021-10-27 10:36:43,518][core.trainer][INFO] - Computing metrics for 'test' dataset
[2021-10-27 10:37:11,254][core.metrics.meter][INFO] - Meter:
SequenceAccuracy:	0.950
TokenAccuracy:	1.000
LengthAccuracy:	0.951
1st Token Accuracy:	1.000
2nd Token Accuracy:	1.000
Average Loss:	0.064
[2021-10-27 10:37:11,254][core.trainer][INFO] - Computing metrics for 'gen' dataset
[2021-10-27 10:37:41,731][core.metrics.meter][INFO] - Meter:
SequenceAccuracy:	0.002
TokenAccuracy:	0.619
LengthAccuracy:	0.957
1st Token Accuracy:	0.011
2nd Token Accuracy:	1.000
Average Loss:	2.243
[2021-10-27 10:37:41,731][core.trainer][INFO] - EPOCH 48 / 50
[2021-10-27 10:37:41,731][core.trainer][INFO] - Computing metrics for 'train' dataset
[2021-10-27 10:38:01,951][core.trainer][INFO] - Computing metrics for 'val' dataset
[2021-10-27 10:38:04,853][core.metrics.meter][INFO] - Meter:
SequenceAccuracy:	0.951
TokenAccuracy:	1.000
LengthAccuracy:	0.951
1st Token Accuracy:	1.000
2nd Token Accuracy:	1.000
Average Loss:	0.063
[2021-10-27 10:38:04,940][core.early_stopping][INFO] - Early stopping counter: 46 / 5
[2021-10-27 10:38:04,940][core.early_stopping][INFO] - Pausing model saving until validation loss decreases by 0.0001
[2021-10-27 10:38:04,940][core.trainer][INFO] - Computing metrics for 'test' dataset
[2021-10-27 10:38:33,002][core.metrics.meter][INFO] - Meter:
SequenceAccuracy:	0.950
TokenAccuracy:	1.000
LengthAccuracy:	0.950
1st Token Accuracy:	1.000
2nd Token Accuracy:	1.000
Average Loss:	0.065
[2021-10-27 10:38:33,003][core.trainer][INFO] - Computing metrics for 'gen' dataset
[2021-10-27 10:39:03,020][core.metrics.meter][INFO] - Meter:
SequenceAccuracy:	0.002
TokenAccuracy:	0.618
LengthAccuracy:	0.960
1st Token Accuracy:	0.013
2nd Token Accuracy:	1.000
Average Loss:	2.255
[2021-10-27 10:39:03,020][core.trainer][INFO] - EPOCH 49 / 50
[2021-10-27 10:39:03,020][core.trainer][INFO] - Computing metrics for 'train' dataset
[2021-10-27 10:39:23,120][core.trainer][INFO] - Computing metrics for 'val' dataset
[2021-10-27 10:39:26,011][core.metrics.meter][INFO] - Meter:
SequenceAccuracy:	0.955
TokenAccuracy:	1.000
LengthAccuracy:	0.956
1st Token Accuracy:	1.000
2nd Token Accuracy:	1.000
Average Loss:	0.058
[2021-10-27 10:39:26,071][core.early_stopping][INFO] - Early stopping counter: 47 / 5
[2021-10-27 10:39:26,096][core.early_stopping][INFO] - Pausing model saving until validation loss decreases by 0.0001
[2021-10-27 10:39:26,097][core.trainer][INFO] - Computing metrics for 'test' dataset
[2021-10-27 10:39:54,170][core.metrics.meter][INFO] - Meter:
SequenceAccuracy:	0.951
TokenAccuracy:	1.000
LengthAccuracy:	0.951
1st Token Accuracy:	1.000
2nd Token Accuracy:	1.000
Average Loss:	0.062
[2021-10-27 10:39:54,170][core.trainer][INFO] - Computing metrics for 'gen' dataset
[2021-10-27 10:40:24,404][core.metrics.meter][INFO] - Meter:
SequenceAccuracy:	0.003
TokenAccuracy:	0.619
LengthAccuracy:	0.964
1st Token Accuracy:	0.012
2nd Token Accuracy:	1.000
Average Loss:	2.245
[2021-10-27 10:40:24,404][core.trainer][INFO] - EPOCH 50 / 50
[2021-10-27 10:40:24,405][core.trainer][INFO] - Computing metrics for 'train' dataset
[2021-10-27 10:40:44,581][core.trainer][INFO] - Computing metrics for 'val' dataset
[2021-10-27 10:40:47,472][core.metrics.meter][INFO] - Meter:
SequenceAccuracy:	0.949
TokenAccuracy:	1.000
LengthAccuracy:	0.950
1st Token Accuracy:	1.000
2nd Token Accuracy:	1.000
Average Loss:	0.062
[2021-10-27 10:40:47,560][core.early_stopping][INFO] - Early stopping counter: 48 / 5
[2021-10-27 10:40:47,560][core.early_stopping][INFO] - Pausing model saving until validation loss decreases by 0.0001
[2021-10-27 10:40:47,561][core.trainer][INFO] - Computing metrics for 'test' dataset
[2021-10-27 10:41:15,647][core.metrics.meter][INFO] - Meter:
SequenceAccuracy:	0.951
TokenAccuracy:	1.000
LengthAccuracy:	0.952
1st Token Accuracy:	1.000
2nd Token Accuracy:	1.000
Average Loss:	0.062
[2021-10-27 10:41:15,647][core.trainer][INFO] - Computing metrics for 'gen' dataset
[2021-10-27 10:41:45,950][core.metrics.meter][INFO] - Meter:
SequenceAccuracy:	0.003
TokenAccuracy:	0.622
LengthAccuracy:	0.961
1st Token Accuracy:	0.010
2nd Token Accuracy:	1.000
Average Loss:	2.235
