experiment:
  dataset:
    name: ms-question-en
    input: ms-question.tsv
    source_format: sequence
    target_format: sequence
    overwrite: false
    transform_field: target
    splits:
      train: 80
      test: 10
      val: 10
  hyperparameters:
    epochs: 80
    batch_size: 5
    lr: 0.001
    tolerance: 0.0001
    num_iters_eval: 1000
    min_iters: 30000
    patience: 5
    tf_ratio: 0.5
    cuda: 0
  model:
    name: LSTM-Multiplicative
    encoder:
      unit: LSTM
      type: sequence
      dropout: 0
      num_layers: 2
      hidden_size: 256
      max_length: 0
      embedding_size: 256
      bidirectional: false
    decoder:
      unit: LSTM
      type: sequence
      dropout: 0
      num_layers: 2
      max_length: 30
      hidden_size: 256
      attention: Multiplicative
      embedding_size: 256
  name: qform-en-lstm-2layers
pretty_print: true

[2021-10-30 17:53:59,853][core.trainer][INFO] - DEVICE: cuda
[2021-10-30 17:53:59,853][core.dataset.base_dataset][INFO] - Initializing dataset
[2021-10-30 17:53:59,854][core.dataset.base_dataset][INFO] - Constructing fields from dataset.
[2021-10-30 17:54:03,010][core.trainer][INFO] - TransductionDataset(
 splits: [val (1000 sequences), train (100000 sequences), test (10000 sequences), gen (10000 sequences)]
 fields: [source, annotation, target]
)
[2021-10-30 17:54:03,010][core.models.base_model][INFO] - Initializing model
[2021-10-30 17:54:06,627][core.trainer][INFO] - TransductionModel(
  (_encoder): TransductionSequenceEncoder(
    (module): Sequential(
      (0): Embedding(68, 256)
      (1): LSTM(256, 256, num_layers=2)
    )
  )
  (_decoder): LSTMSequenceDecoder(
    (_embedding): Embedding(71, 256)
    (_unit): LSTM(512, 256, num_layers=2)
    (_out): Linear(in_features=256, out_features=71, bias=True)
    (_attention): MultiplicativeAttention(
      (key_map): Linear(in_features=256, out_features=256, bias=True)
      (val_map): Linear(in_features=256, out_features=256, bias=True)
    )
  )
)
[2021-10-30 17:54:06,627][core.trainer][INFO] - Beginning training
[2021-10-30 17:54:06,631][core.metrics.meter][INFO] - Logging with tensorboard; view with `tensorboard --logdir=/scratch/lw2534/lab/transductions/outputs/qform-en-lstm-2layers/LSTM-Multiplicative/2021-10-30_17-53-59/tensorboard`
[2021-10-30 17:54:06,631][core.trainer][INFO] - EPOCH 1 / 80
[2021-10-30 17:54:06,631][core.trainer][INFO] - Computing metrics for 'train' dataset
[2021-10-30 17:54:26,352][core.trainer][INFO] - Computing metrics for 'val' dataset
[2021-10-30 17:54:27,716][core.metrics.meter][INFO] - Meter:
SequenceAccuracy:	0.000
TokenAccuracy:	0.020
LengthAccuracy:	0.252
1st Token Accuracy:	0.000
2nd Token Accuracy:	0.012
Average Loss:	4.263
[2021-10-30 17:54:47,599][core.trainer][INFO] - Computing metrics for 'val' dataset
[2021-10-30 17:54:49,303][core.metrics.meter][INFO] - Meter:
SequenceAccuracy:	0.000
TokenAccuracy:	0.093
LengthAccuracy:	0.425
1st Token Accuracy:	0.000
2nd Token Accuracy:	0.001
Average Loss:	4.239
[2021-10-30 17:55:10,648][core.trainer][INFO] - Computing metrics for 'val' dataset
[2021-10-30 17:55:12,317][core.metrics.meter][INFO] - Meter:
SequenceAccuracy:	0.000
TokenAccuracy:	0.093
LengthAccuracy:	0.501
1st Token Accuracy:	0.000
2nd Token Accuracy:	0.000
Average Loss:	4.215
[2021-10-30 17:55:33,274][core.trainer][INFO] - Computing metrics for 'val' dataset
[2021-10-30 17:55:34,859][core.metrics.meter][INFO] - Meter:
SequenceAccuracy:	0.000
TokenAccuracy:	0.091
LengthAccuracy:	0.463
1st Token Accuracy:	0.000
2nd Token Accuracy:	0.000
Average Loss:	4.194
[2021-10-30 17:55:55,688][core.trainer][INFO] - Computing metrics for 'val' dataset
[2021-10-30 17:55:57,284][core.metrics.meter][INFO] - Meter:
SequenceAccuracy:	0.000
TokenAccuracy:	0.091
LengthAccuracy:	0.439
1st Token Accuracy:	0.000
2nd Token Accuracy:	0.000
Average Loss:	4.171
[2021-10-30 17:56:18,139][core.trainer][INFO] - Computing metrics for 'val' dataset
[2021-10-30 17:56:19,622][core.metrics.meter][INFO] - Meter:
SequenceAccuracy:	0.000
TokenAccuracy:	0.091
LengthAccuracy:	0.450
1st Token Accuracy:	0.000
2nd Token Accuracy:	0.000
Average Loss:	4.147
[2021-10-30 17:56:39,604][core.trainer][INFO] - Computing metrics for 'val' dataset
[2021-10-30 17:56:41,029][core.metrics.meter][INFO] - Meter:
SequenceAccuracy:	0.000
TokenAccuracy:	0.094
LengthAccuracy:	0.417
1st Token Accuracy:	0.000
2nd Token Accuracy:	0.000
Average Loss:	4.122
[2021-10-30 17:57:00,978][core.trainer][INFO] - Computing metrics for 'val' dataset
[2021-10-30 17:57:02,405][core.metrics.meter][INFO] - Meter:
SequenceAccuracy:	0.000
TokenAccuracy:	0.102
LengthAccuracy:	0.368
1st Token Accuracy:	0.000
2nd Token Accuracy:	0.000
Average Loss:	4.099
[2021-10-30 17:57:21,717][core.trainer][INFO] - Computing metrics for 'val' dataset
[2021-10-30 17:57:23,144][core.metrics.meter][INFO] - Meter:
SequenceAccuracy:	0.000
TokenAccuracy:	0.102
LengthAccuracy:	0.318
1st Token Accuracy:	0.000
2nd Token Accuracy:	0.000
Average Loss:	4.076
[2021-10-30 17:57:42,148][core.trainer][INFO] - Computing metrics for 'val' dataset
[2021-10-30 17:57:43,562][core.metrics.meter][INFO] - Meter:
SequenceAccuracy:	0.000
TokenAccuracy:	0.104
LengthAccuracy:	0.299
1st Token Accuracy:	0.000
2nd Token Accuracy:	0.000
Average Loss:	4.049
[2021-10-30 17:58:02,203][core.trainer][INFO] - Computing metrics for 'val' dataset
[2021-10-30 17:58:03,615][core.metrics.meter][INFO] - Meter:
SequenceAccuracy:	0.000
TokenAccuracy:	0.102
LengthAccuracy:	0.256
1st Token Accuracy:	0.000
2nd Token Accuracy:	0.000
Average Loss:	4.027
[2021-10-30 17:58:22,176][core.trainer][INFO] - Computing metrics for 'val' dataset
[2021-10-30 17:58:23,602][core.metrics.meter][INFO] - Meter:
SequenceAccuracy:	0.000
TokenAccuracy:	0.101
LengthAccuracy:	0.234
1st Token Accuracy:	0.000
2nd Token Accuracy:	0.000
Average Loss:	4.004
[2021-10-30 17:58:41,823][core.trainer][INFO] - Computing metrics for 'val' dataset
[2021-10-30 17:58:43,232][core.metrics.meter][INFO] - Meter:
SequenceAccuracy:	0.000
TokenAccuracy:	0.099
LengthAccuracy:	0.200
1st Token Accuracy:	0.000
2nd Token Accuracy:	0.000
Average Loss:	3.984
