experiment:
  dataset:
    name: ms-question-en
    input: ms-question.tsv
    source_format: sequence
    target_format: sequence
    overwrite: false
    transform_field: target
    splits:
      train: 80
      test: 10
      val: 10
  hyperparameters:
    epochs: 70
    batch_size: 5
    lr: 0.001
    tolerance: 0.0001
    num_iters_eval: 1000
    min_iters: 30000
    patience: 5
    tf_ratio: 0.5
    cuda: 0
  model:
    name: LSTM-Multiplicative
    encoder:
      unit: LSTM
      type: sequence
      dropout: 0
      num_layers: 2
      hidden_size: 256
      max_length: 0
      embedding_size: 256
      bidirectional: false
    decoder:
      unit: LSTM
      type: sequence
      dropout: 0
      num_layers: 2
      max_length: 30
      hidden_size: 256
      attention: Multiplicative
      embedding_size: 256
  name: qform-en-lstm-2layers
pretty_print: true

[2021-10-30 17:53:58,872][core.trainer][INFO] - DEVICE: cuda
[2021-10-30 17:53:58,873][core.dataset.base_dataset][INFO] - Initializing dataset
[2021-10-30 17:53:58,873][core.dataset.base_dataset][INFO] - Constructing fields from dataset.
[2021-10-30 17:54:01,835][core.trainer][INFO] - TransductionDataset(
 splits: [val (1000 sequences), train (100000 sequences), test (10000 sequences), gen (10000 sequences)]
 fields: [source, annotation, target]
)
[2021-10-30 17:54:01,836][core.models.base_model][INFO] - Initializing model
[2021-10-30 17:54:06,477][core.trainer][INFO] - TransductionModel(
  (_encoder): TransductionSequenceEncoder(
    (module): Sequential(
      (0): Embedding(68, 256)
      (1): LSTM(256, 256, num_layers=2)
    )
  )
  (_decoder): LSTMSequenceDecoder(
    (_embedding): Embedding(71, 256)
    (_unit): LSTM(512, 256, num_layers=2)
    (_out): Linear(in_features=256, out_features=71, bias=True)
    (_attention): MultiplicativeAttention(
      (key_map): Linear(in_features=256, out_features=256, bias=True)
      (val_map): Linear(in_features=256, out_features=256, bias=True)
    )
  )
)
[2021-10-30 17:54:06,479][core.trainer][INFO] - Beginning training
[2021-10-30 17:54:06,502][core.metrics.meter][INFO] - Logging with tensorboard; view with `tensorboard --logdir=/scratch/lw2534/lab/transductions/outputs/qform-en-lstm-2layers/LSTM-Multiplicative/2021-10-30_17-53-58/tensorboard`
[2021-10-30 17:54:06,502][core.trainer][INFO] - EPOCH 1 / 70
[2021-10-30 17:54:06,502][core.trainer][INFO] - Computing metrics for 'train' dataset
[2021-10-30 17:54:28,065][core.trainer][INFO] - Computing metrics for 'val' dataset
[2021-10-30 17:54:29,443][core.metrics.meter][INFO] - Meter:
SequenceAccuracy:	0.000
TokenAccuracy:	0.059
LengthAccuracy:	0.598
1st Token Accuracy:	0.020
2nd Token Accuracy:	0.008
Average Loss:	4.249
[2021-10-30 17:54:48,651][core.trainer][INFO] - Computing metrics for 'val' dataset
[2021-10-30 17:54:50,497][core.metrics.meter][INFO] - Meter:
SequenceAccuracy:	0.000
TokenAccuracy:	0.117
LengthAccuracy:	0.370
1st Token Accuracy:	0.002
2nd Token Accuracy:	0.008
Average Loss:	4.227
[2021-10-30 17:55:10,084][core.trainer][INFO] - Computing metrics for 'val' dataset
[2021-10-30 17:55:11,538][core.metrics.meter][INFO] - Meter:
SequenceAccuracy:	0.000
TokenAccuracy:	0.106
LengthAccuracy:	0.340
1st Token Accuracy:	0.000
2nd Token Accuracy:	0.000
Average Loss:	4.209
[2021-10-30 17:55:31,172][core.trainer][INFO] - Computing metrics for 'val' dataset
[2021-10-30 17:55:32,590][core.metrics.meter][INFO] - Meter:
SequenceAccuracy:	0.000
TokenAccuracy:	0.101
LengthAccuracy:	0.385
1st Token Accuracy:	0.000
2nd Token Accuracy:	0.000
Average Loss:	4.187
[2021-10-30 17:55:50,956][core.trainer][INFO] - Computing metrics for 'val' dataset
[2021-10-30 17:55:52,215][core.metrics.meter][INFO] - Meter:
SequenceAccuracy:	0.000
TokenAccuracy:	0.097
LengthAccuracy:	0.374
1st Token Accuracy:	0.000
2nd Token Accuracy:	0.000
Average Loss:	4.169
[2021-10-30 17:56:10,480][core.trainer][INFO] - Computing metrics for 'val' dataset
[2021-10-30 17:56:11,741][core.metrics.meter][INFO] - Meter:
SequenceAccuracy:	0.000
TokenAccuracy:	0.098
LengthAccuracy:	0.369
1st Token Accuracy:	0.000
2nd Token Accuracy:	0.000
Average Loss:	4.147
[2021-10-30 17:56:29,972][core.trainer][INFO] - Computing metrics for 'val' dataset
[2021-10-30 17:56:31,240][core.metrics.meter][INFO] - Meter:
SequenceAccuracy:	0.000
TokenAccuracy:	0.101
LengthAccuracy:	0.343
1st Token Accuracy:	0.000
2nd Token Accuracy:	0.000
Average Loss:	4.126
[2021-10-30 17:56:49,023][core.trainer][INFO] - Computing metrics for 'val' dataset
[2021-10-30 17:56:50,300][core.metrics.meter][INFO] - Meter:
SequenceAccuracy:	0.000
TokenAccuracy:	0.103
LengthAccuracy:	0.303
1st Token Accuracy:	0.000
2nd Token Accuracy:	0.000
Average Loss:	4.105
[2021-10-30 17:57:07,984][core.trainer][INFO] - Computing metrics for 'val' dataset
[2021-10-30 17:57:09,262][core.metrics.meter][INFO] - Meter:
SequenceAccuracy:	0.000
TokenAccuracy:	0.101
LengthAccuracy:	0.277
1st Token Accuracy:	0.000
2nd Token Accuracy:	0.000
Average Loss:	4.083
[2021-10-30 17:57:26,878][core.trainer][INFO] - Computing metrics for 'val' dataset
[2021-10-30 17:57:28,149][core.metrics.meter][INFO] - Meter:
SequenceAccuracy:	0.000
TokenAccuracy:	0.103
LengthAccuracy:	0.272
1st Token Accuracy:	0.000
2nd Token Accuracy:	0.000
Average Loss:	4.059
[2021-10-30 17:57:45,490][core.trainer][INFO] - Computing metrics for 'val' dataset
[2021-10-30 17:57:46,751][core.metrics.meter][INFO] - Meter:
SequenceAccuracy:	0.000
TokenAccuracy:	0.102
LengthAccuracy:	0.233
1st Token Accuracy:	0.000
2nd Token Accuracy:	0.000
Average Loss:	4.037
[2021-10-30 17:58:03,762][core.trainer][INFO] - Computing metrics for 'val' dataset
[2021-10-30 17:58:05,035][core.metrics.meter][INFO] - Meter:
SequenceAccuracy:	0.000
TokenAccuracy:	0.101
LengthAccuracy:	0.207
1st Token Accuracy:	0.000
2nd Token Accuracy:	0.000
Average Loss:	4.017
[2021-10-30 17:58:22,161][core.trainer][INFO] - Computing metrics for 'val' dataset
[2021-10-30 17:58:23,433][core.metrics.meter][INFO] - Meter:
SequenceAccuracy:	0.000
TokenAccuracy:	0.101
LengthAccuracy:	0.205
1st Token Accuracy:	0.000
2nd Token Accuracy:	0.000
Average Loss:	3.994
[2021-10-30 17:58:40,339][core.trainer][INFO] - Computing metrics for 'val' dataset
[2021-10-30 17:58:41,608][core.metrics.meter][INFO] - Meter:
SequenceAccuracy:	0.000
TokenAccuracy:	0.098
LengthAccuracy:	0.177
1st Token Accuracy:	0.000
2nd Token Accuracy:	0.000
Average Loss:	3.972
