experiment:
  dataset:
    name: ms-question-en
    input: ms-question.tsv
    source_format: sequence
    target_format: sequence
    overwrite: false
    transform_field: target
    splits:
      train: 80
      test: 10
      val: 10
  hyperparameters:
    epochs: 60
    batch_size: 5
    lr: 0.001
    tolerance: 0.0001
    num_iters_eval: 1000
    min_iters: 30000
    patience: 5
    tf_ratio: 0.5
    cuda: 0
  model:
    name: LSTM-Multiplicative
    encoder:
      unit: LSTM
      type: sequence
      dropout: 0
      num_layers: 2
      hidden_size: 256
      max_length: 0
      embedding_size: 256
      bidirectional: false
    decoder:
      unit: LSTM
      type: sequence
      dropout: 0
      num_layers: 2
      max_length: 30
      hidden_size: 256
      attention: Multiplicative
      embedding_size: 256
  name: qform-en-lstm-2layers
pretty_print: true

[2021-10-30 17:53:58,778][core.trainer][INFO] - DEVICE: cuda
[2021-10-30 17:53:58,779][core.dataset.base_dataset][INFO] - Initializing dataset
[2021-10-30 17:53:58,780][core.dataset.base_dataset][INFO] - Constructing fields from dataset.
[2021-10-30 17:54:02,062][core.trainer][INFO] - TransductionDataset(
 splits: [val (1000 sequences), train (100000 sequences), test (10000 sequences), gen (10000 sequences)]
 fields: [source, annotation, target]
)
[2021-10-30 17:54:02,063][core.models.base_model][INFO] - Initializing model
[2021-10-30 17:54:06,603][core.trainer][INFO] - TransductionModel(
  (_encoder): TransductionSequenceEncoder(
    (module): Sequential(
      (0): Embedding(68, 256)
      (1): LSTM(256, 256, num_layers=2)
    )
  )
  (_decoder): LSTMSequenceDecoder(
    (_embedding): Embedding(71, 256)
    (_unit): LSTM(512, 256, num_layers=2)
    (_out): Linear(in_features=256, out_features=71, bias=True)
    (_attention): MultiplicativeAttention(
      (key_map): Linear(in_features=256, out_features=256, bias=True)
      (val_map): Linear(in_features=256, out_features=256, bias=True)
    )
  )
)
[2021-10-30 17:54:06,605][core.trainer][INFO] - Beginning training
[2021-10-30 17:54:06,632][core.metrics.meter][INFO] - Logging with tensorboard; view with `tensorboard --logdir=/scratch/lw2534/lab/transductions/outputs/qform-en-lstm-2layers/LSTM-Multiplicative/2021-10-30_17-53-58/tensorboard`
[2021-10-30 17:54:06,632][core.trainer][INFO] - EPOCH 1 / 60
[2021-10-30 17:54:06,632][core.trainer][INFO] - Computing metrics for 'train' dataset
[2021-10-30 17:54:30,049][core.trainer][INFO] - Computing metrics for 'val' dataset
[2021-10-30 17:54:32,175][core.metrics.meter][INFO] - Meter:
SequenceAccuracy:	0.000
TokenAccuracy:	0.051
LengthAccuracy:	0.933
1st Token Accuracy:	0.001
2nd Token Accuracy:	0.013
Average Loss:	4.246
[2021-10-30 17:54:53,538][core.trainer][INFO] - Computing metrics for 'val' dataset
[2021-10-30 17:54:55,379][core.metrics.meter][INFO] - Meter:
SequenceAccuracy:	0.000
TokenAccuracy:	0.105
LengthAccuracy:	0.560
1st Token Accuracy:	0.000
2nd Token Accuracy:	0.000
Average Loss:	4.224
[2021-10-30 17:55:16,331][core.trainer][INFO] - Computing metrics for 'val' dataset
[2021-10-30 17:55:17,999][core.metrics.meter][INFO] - Meter:
SequenceAccuracy:	0.000
TokenAccuracy:	0.099
LengthAccuracy:	0.497
1st Token Accuracy:	0.000
2nd Token Accuracy:	0.000
Average Loss:	4.201
[2021-10-30 17:55:38,783][core.trainer][INFO] - Computing metrics for 'val' dataset
[2021-10-30 17:55:40,477][core.metrics.meter][INFO] - Meter:
SequenceAccuracy:	0.000
TokenAccuracy:	0.098
LengthAccuracy:	0.496
1st Token Accuracy:	0.000
2nd Token Accuracy:	0.000
Average Loss:	4.179
[2021-10-30 17:56:01,000][core.trainer][INFO] - Computing metrics for 'val' dataset
[2021-10-30 17:56:02,588][core.metrics.meter][INFO] - Meter:
SequenceAccuracy:	0.000
TokenAccuracy:	0.096
LengthAccuracy:	0.440
1st Token Accuracy:	0.000
2nd Token Accuracy:	0.000
Average Loss:	4.160
[2021-10-30 17:56:22,729][core.trainer][INFO] - Computing metrics for 'val' dataset
[2021-10-30 17:56:24,291][core.metrics.meter][INFO] - Meter:
SequenceAccuracy:	0.000
TokenAccuracy:	0.097
LengthAccuracy:	0.415
1st Token Accuracy:	0.000
2nd Token Accuracy:	0.000
Average Loss:	4.141
[2021-10-30 17:56:43,863][core.trainer][INFO] - Computing metrics for 'val' dataset
[2021-10-30 17:56:45,279][core.metrics.meter][INFO] - Meter:
SequenceAccuracy:	0.000
TokenAccuracy:	0.101
LengthAccuracy:	0.406
1st Token Accuracy:	0.000
2nd Token Accuracy:	0.000
Average Loss:	4.116
[2021-10-30 17:57:04,397][core.trainer][INFO] - Computing metrics for 'val' dataset
[2021-10-30 17:57:05,812][core.metrics.meter][INFO] - Meter:
SequenceAccuracy:	0.000
TokenAccuracy:	0.102
LengthAccuracy:	0.359
1st Token Accuracy:	0.000
2nd Token Accuracy:	0.000
Average Loss:	4.094
[2021-10-30 17:57:24,748][core.trainer][INFO] - Computing metrics for 'val' dataset
[2021-10-30 17:57:26,170][core.metrics.meter][INFO] - Meter:
SequenceAccuracy:	0.000
TokenAccuracy:	0.104
LengthAccuracy:	0.330
1st Token Accuracy:	0.000
2nd Token Accuracy:	0.000
Average Loss:	4.071
[2021-10-30 17:57:45,059][core.trainer][INFO] - Computing metrics for 'val' dataset
[2021-10-30 17:57:46,492][core.metrics.meter][INFO] - Meter:
SequenceAccuracy:	0.000
TokenAccuracy:	0.104
LengthAccuracy:	0.314
1st Token Accuracy:	0.000
2nd Token Accuracy:	0.000
Average Loss:	4.048
[2021-10-30 17:58:05,328][core.trainer][INFO] - Computing metrics for 'val' dataset
[2021-10-30 17:58:06,761][core.metrics.meter][INFO] - Meter:
SequenceAccuracy:	0.000
TokenAccuracy:	0.104
LengthAccuracy:	0.289
1st Token Accuracy:	0.000
2nd Token Accuracy:	0.000
Average Loss:	4.028
[2021-10-30 17:58:25,122][core.trainer][INFO] - Computing metrics for 'val' dataset
[2021-10-30 17:58:26,550][core.metrics.meter][INFO] - Meter:
SequenceAccuracy:	0.000
TokenAccuracy:	0.101
LengthAccuracy:	0.246
1st Token Accuracy:	0.000
2nd Token Accuracy:	0.000
Average Loss:	4.010
[2021-10-30 17:58:44,805][core.trainer][INFO] - Computing metrics for 'val' dataset
[2021-10-30 17:58:46,234][core.metrics.meter][INFO] - Meter:
SequenceAccuracy:	0.000
TokenAccuracy:	0.101
LengthAccuracy:	0.239
1st Token Accuracy:	0.000
2nd Token Accuracy:	0.000
Average Loss:	3.989
