experiment:
  dataset:
    name: ms-question-en
    input: ms-question.tsv
    source_format: sequence
    target_format: sequence
    overwrite: false
    transform_field: target
    splits:
      train: 80
      test: 10
      val: 10
  hyperparameters:
    epochs: 90
    batch_size: 5
    lr: 0.001
    tolerance: 0.0001
    num_iters_eval: 1000
    min_iters: 30000
    patience: 5
    tf_ratio: 0.5
    cuda: 0
  model:
    name: LSTM-Multiplicative
    encoder:
      unit: LSTM
      type: sequence
      dropout: 0
      num_layers: 2
      hidden_size: 256
      max_length: 0
      embedding_size: 256
      bidirectional: false
    decoder:
      unit: LSTM
      type: sequence
      dropout: 0
      num_layers: 2
      max_length: 30
      hidden_size: 256
      attention: Multiplicative
      embedding_size: 256
  name: qform-en-lstm-2layers
pretty_print: true

[2021-10-30 17:54:06,205][core.trainer][INFO] - DEVICE: cuda
[2021-10-30 17:54:06,205][core.dataset.base_dataset][INFO] - Initializing dataset
[2021-10-30 17:54:06,206][core.dataset.base_dataset][INFO] - Constructing fields from dataset.
[2021-10-30 17:54:09,209][core.trainer][INFO] - TransductionDataset(
 splits: [val (1000 sequences), train (100000 sequences), test (10000 sequences), gen (10000 sequences)]
 fields: [source, annotation, target]
)
[2021-10-30 17:54:09,209][core.models.base_model][INFO] - Initializing model
[2021-10-30 17:54:12,523][core.trainer][INFO] - TransductionModel(
  (_encoder): TransductionSequenceEncoder(
    (module): Sequential(
      (0): Embedding(68, 256)
      (1): LSTM(256, 256, num_layers=2)
    )
  )
  (_decoder): LSTMSequenceDecoder(
    (_embedding): Embedding(71, 256)
    (_unit): LSTM(512, 256, num_layers=2)
    (_out): Linear(in_features=256, out_features=71, bias=True)
    (_attention): MultiplicativeAttention(
      (key_map): Linear(in_features=256, out_features=256, bias=True)
      (val_map): Linear(in_features=256, out_features=256, bias=True)
    )
  )
)
[2021-10-30 17:54:12,524][core.trainer][INFO] - Beginning training
[2021-10-30 17:54:12,527][core.metrics.meter][INFO] - Logging with tensorboard; view with `tensorboard --logdir=/scratch/lw2534/lab/transductions/outputs/qform-en-lstm-2layers/LSTM-Multiplicative/2021-10-30_17-54-06/tensorboard`
[2021-10-30 17:54:12,527][core.trainer][INFO] - EPOCH 1 / 90
[2021-10-30 17:54:12,527][core.trainer][INFO] - Computing metrics for 'train' dataset
[2021-10-30 17:54:35,327][core.trainer][INFO] - Computing metrics for 'val' dataset
[2021-10-30 17:54:37,051][core.metrics.meter][INFO] - Meter:
SequenceAccuracy:	0.000
TokenAccuracy:	0.062
LengthAccuracy:	0.700
1st Token Accuracy:	0.000
2nd Token Accuracy:	0.004
Average Loss:	4.252
[2021-10-30 17:54:59,025][core.trainer][INFO] - Computing metrics for 'val' dataset
[2021-10-30 17:55:00,920][core.metrics.meter][INFO] - Meter:
SequenceAccuracy:	0.000
TokenAccuracy:	0.099
LengthAccuracy:	0.456
1st Token Accuracy:	0.000
2nd Token Accuracy:	0.000
Average Loss:	4.233
[2021-10-30 17:55:22,895][core.trainer][INFO] - Computing metrics for 'val' dataset
[2021-10-30 17:55:24,423][core.metrics.meter][INFO] - Meter:
SequenceAccuracy:	0.000
TokenAccuracy:	0.093
LengthAccuracy:	0.446
1st Token Accuracy:	0.000
2nd Token Accuracy:	0.000
Average Loss:	4.212
[2021-10-30 17:55:45,508][core.trainer][INFO] - Computing metrics for 'val' dataset
[2021-10-30 17:55:46,920][core.metrics.meter][INFO] - Meter:
SequenceAccuracy:	0.000
TokenAccuracy:	0.090
LengthAccuracy:	0.442
1st Token Accuracy:	0.000
2nd Token Accuracy:	0.000
Average Loss:	4.191
[2021-10-30 17:56:08,144][core.trainer][INFO] - Computing metrics for 'val' dataset
[2021-10-30 17:56:09,539][core.metrics.meter][INFO] - Meter:
SequenceAccuracy:	0.000
TokenAccuracy:	0.088
LengthAccuracy:	0.418
1st Token Accuracy:	0.000
2nd Token Accuracy:	0.000
Average Loss:	4.169
[2021-10-30 17:56:29,498][core.trainer][INFO] - Computing metrics for 'val' dataset
[2021-10-30 17:56:30,853][core.metrics.meter][INFO] - Meter:
SequenceAccuracy:	0.000
TokenAccuracy:	0.090
LengthAccuracy:	0.418
1st Token Accuracy:	0.000
2nd Token Accuracy:	0.000
Average Loss:	4.146
[2021-10-30 17:56:49,780][core.trainer][INFO] - Computing metrics for 'val' dataset
[2021-10-30 17:56:51,036][core.metrics.meter][INFO] - Meter:
SequenceAccuracy:	0.000
TokenAccuracy:	0.094
LengthAccuracy:	0.401
1st Token Accuracy:	0.000
2nd Token Accuracy:	0.000
Average Loss:	4.129
[2021-10-30 17:57:08,916][core.trainer][INFO] - Computing metrics for 'val' dataset
[2021-10-30 17:57:10,168][core.metrics.meter][INFO] - Meter:
SequenceAccuracy:	0.000
TokenAccuracy:	0.100
LengthAccuracy:	0.350
1st Token Accuracy:	0.000
2nd Token Accuracy:	0.000
Average Loss:	4.109
[2021-10-30 17:57:28,007][core.trainer][INFO] - Computing metrics for 'val' dataset
[2021-10-30 17:57:29,251][core.metrics.meter][INFO] - Meter:
SequenceAccuracy:	0.000
TokenAccuracy:	0.102
LengthAccuracy:	0.325
1st Token Accuracy:	0.000
2nd Token Accuracy:	0.000
Average Loss:	4.086
[2021-10-30 17:57:47,255][core.trainer][INFO] - Computing metrics for 'val' dataset
[2021-10-30 17:57:48,495][core.metrics.meter][INFO] - Meter:
SequenceAccuracy:	0.000
TokenAccuracy:	0.102
LengthAccuracy:	0.280
1st Token Accuracy:	0.000
2nd Token Accuracy:	0.000
Average Loss:	4.067
[2021-10-30 17:58:07,059][core.trainer][INFO] - Computing metrics for 'val' dataset
[2021-10-30 17:58:08,309][core.metrics.meter][INFO] - Meter:
SequenceAccuracy:	0.000
TokenAccuracy:	0.102
LengthAccuracy:	0.258
1st Token Accuracy:	0.000
2nd Token Accuracy:	0.000
Average Loss:	4.046
[2021-10-30 17:58:25,598][core.trainer][INFO] - Computing metrics for 'val' dataset
[2021-10-30 17:58:26,847][core.metrics.meter][INFO] - Meter:
SequenceAccuracy:	0.000
TokenAccuracy:	0.101
LengthAccuracy:	0.246
1st Token Accuracy:	0.000
2nd Token Accuracy:	0.000
Average Loss:	4.023
[2021-10-30 17:58:43,460][core.trainer][INFO] - Computing metrics for 'val' dataset
[2021-10-30 17:58:44,710][core.metrics.meter][INFO] - Meter:
SequenceAccuracy:	0.000
TokenAccuracy:	0.100
LengthAccuracy:	0.208
1st Token Accuracy:	0.000
2nd Token Accuracy:	0.000
Average Loss:	4.004
