experiment:
  dataset:
    name: ms-passivization
    input: ms-passivization.tsv
    source_format: sequence
    target_format: sequence
    overwrite: false
    transform_field: target
    splits:
      train: 80
      test: 10
      val: 10
  hyperparameters:
    epochs: 50
    batch_size: 5
    lr: 0.001
    tolerance: 0.0001
    num_iters_eval: 1000
    min_iters: 30000
    patience: 5
    tf_ratio: 0.0
    cuda: 0
  model:
    name: Transformer
    encoder:
      unit: Transformer
      type: sequence
      dropout: 0
      num_layers: 2
      hidden_size: 256
      embedding_size: 256
      num_heads: 8
    decoder:
      unit: Transformer
      type: sequence
      dropout: 0
      num_layers: 2
      max_length: 30
      hidden_size: 256
      embedding_size: 256
      num_heads: 8
      attention: null
  name: ms-passivization
pretty_print: true

[2021-10-03 22:19:43,953][core.trainer][INFO] - DEVICE: cuda
[2021-10-03 22:19:43,954][core.dataset.base_dataset][INFO] - Initializing dataset
[2021-10-03 22:19:43,954][core.dataset.base_dataset][INFO] - Constructing fields from dataset.
[2021-10-03 22:19:46,788][core.trainer][INFO] - TransductionDataset(
 splits: [val (1000 sequences), train (100000 sequences), test (10000 sequences), gen (10000 sequences)]
 fields: [source, annotation, target]
)
[2021-10-03 22:19:46,789][core.models.base_model][INFO] - Initializing model
[2021-10-03 22:19:49,938][core.trainer][INFO] - TransductionModel(
  (_encoder): TransductionSequenceEncoder(
    (module): Sequential(
      (0): Sequential(
        (0): Embedding(53, 256)
        (1): PositionalEncoding(
          (dropout): Dropout(p=0.0, inplace=False)
        )
      )
      (1): TransformerEncoder(
        (layers): ModuleList(
          (0): TransformerEncoderLayer(
            (self_attn): MultiheadAttention(
              (out_proj): _LinearWithBias(in_features=256, out_features=256, bias=True)
            )
            (linear1): Linear(in_features=256, out_features=2048, bias=True)
            (dropout): Dropout(p=0.1, inplace=False)
            (linear2): Linear(in_features=2048, out_features=256, bias=True)
            (norm1): LayerNorm((256,), eps=1e-05, elementwise_affine=True)
            (norm2): LayerNorm((256,), eps=1e-05, elementwise_affine=True)
            (dropout1): Dropout(p=0.1, inplace=False)
            (dropout2): Dropout(p=0.1, inplace=False)
          )
          (1): TransformerEncoderLayer(
            (self_attn): MultiheadAttention(
              (out_proj): _LinearWithBias(in_features=256, out_features=256, bias=True)
            )
            (linear1): Linear(in_features=256, out_features=2048, bias=True)
            (dropout): Dropout(p=0.1, inplace=False)
            (linear2): Linear(in_features=2048, out_features=256, bias=True)
            (norm1): LayerNorm((256,), eps=1e-05, elementwise_affine=True)
            (norm2): LayerNorm((256,), eps=1e-05, elementwise_affine=True)
            (dropout1): Dropout(p=0.1, inplace=False)
            (dropout2): Dropout(p=0.1, inplace=False)
          )
        )
      )
    )
  )
  (_decoder): TransformerSequenceDecoder(
    (_embedding): Sequential(
      (0): Embedding(57, 256)
      (1): PositionalEncoding(
        (dropout): Dropout(p=0.0, inplace=False)
      )
    )
    (_unit): TransformerDecoder(
      (layers): ModuleList(
        (0): TransformerDecoderLayer(
          (self_attn): MultiheadAttention(
            (out_proj): _LinearWithBias(in_features=256, out_features=256, bias=True)
          )
          (multihead_attn): MultiheadAttention(
            (out_proj): _LinearWithBias(in_features=256, out_features=256, bias=True)
          )
          (linear1): Linear(in_features=256, out_features=2048, bias=True)
          (dropout): Dropout(p=0.0, inplace=False)
          (linear2): Linear(in_features=2048, out_features=256, bias=True)
          (norm1): LayerNorm((256,), eps=1e-05, elementwise_affine=True)
          (norm2): LayerNorm((256,), eps=1e-05, elementwise_affine=True)
          (norm3): LayerNorm((256,), eps=1e-05, elementwise_affine=True)
          (dropout1): Dropout(p=0.0, inplace=False)
          (dropout2): Dropout(p=0.0, inplace=False)
          (dropout3): Dropout(p=0.0, inplace=False)
        )
        (1): TransformerDecoderLayer(
          (self_attn): MultiheadAttention(
            (out_proj): _LinearWithBias(in_features=256, out_features=256, bias=True)
          )
          (multihead_attn): MultiheadAttention(
            (out_proj): _LinearWithBias(in_features=256, out_features=256, bias=True)
          )
          (linear1): Linear(in_features=256, out_features=2048, bias=True)
          (dropout): Dropout(p=0.0, inplace=False)
          (linear2): Linear(in_features=2048, out_features=256, bias=True)
          (norm1): LayerNorm((256,), eps=1e-05, elementwise_affine=True)
          (norm2): LayerNorm((256,), eps=1e-05, elementwise_affine=True)
          (norm3): LayerNorm((256,), eps=1e-05, elementwise_affine=True)
          (dropout1): Dropout(p=0.0, inplace=False)
          (dropout2): Dropout(p=0.0, inplace=False)
          (dropout3): Dropout(p=0.0, inplace=False)
        )
      )
    )
    (_out): Linear(in_features=256, out_features=57, bias=True)
  )
)
[2021-10-03 22:19:49,947][core.trainer][INFO] - Beginning training
[2021-10-03 22:19:49,982][core.metrics.meter][INFO] - Logging with tensorboard; view with `tensorboard --logdir=/scratch/lw2534/lab/transductions/outputs/ms-passivization/Transformer/2021-10-03_22-19-43/tensorboard`
[2021-10-03 22:19:49,983][core.trainer][INFO] - EPOCH 1 / 50
[2021-10-03 22:19:49,983][core.trainer][INFO] - Computing metrics for 'train' dataset
[2021-10-03 22:20:16,853][core.trainer][INFO] - Computing metrics for 'val' dataset
[2021-10-03 22:20:20,490][core.metrics.meter][INFO] - Meter:
SequenceAccuracy:	0.000
TokenAccuracy:	0.181
LengthAccuracy:	0.529
1st Token Accuracy:	0.286
Average Loss:	3.408
[2021-10-03 22:20:49,591][core.trainer][INFO] - Computing metrics for 'val' dataset
[2021-10-03 22:20:53,669][core.metrics.meter][INFO] - Meter:
SequenceAccuracy:	0.000
TokenAccuracy:	0.254
LengthAccuracy:	0.632
1st Token Accuracy:	0.492
Average Loss:	3.080
[2021-10-03 22:21:23,138][core.trainer][INFO] - Computing metrics for 'val' dataset
[2021-10-03 22:21:27,107][core.metrics.meter][INFO] - Meter:
SequenceAccuracy:	0.000
TokenAccuracy:	0.278
LengthAccuracy:	0.701
1st Token Accuracy:	0.544
Average Loss:	2.919
[2021-10-03 22:21:56,697][core.trainer][INFO] - Computing metrics for 'val' dataset
[2021-10-03 22:22:00,797][core.metrics.meter][INFO] - Meter:
SequenceAccuracy:	0.000
TokenAccuracy:	0.298
LengthAccuracy:	0.736
1st Token Accuracy:	0.570
Average Loss:	2.779
[2021-10-03 22:22:30,724][core.trainer][INFO] - Computing metrics for 'val' dataset
[2021-10-03 22:22:34,876][core.metrics.meter][INFO] - Meter:
SequenceAccuracy:	0.000
TokenAccuracy:	0.323
LengthAccuracy:	0.816
1st Token Accuracy:	0.618
Average Loss:	2.646
[2021-10-03 22:23:04,882][core.trainer][INFO] - Computing metrics for 'val' dataset
[2021-10-03 22:23:08,989][core.metrics.meter][INFO] - Meter:
SequenceAccuracy:	0.000
TokenAccuracy:	0.340
LengthAccuracy:	0.798
1st Token Accuracy:	0.652
Average Loss:	2.550
[2021-10-03 22:23:38,752][core.trainer][INFO] - Computing metrics for 'val' dataset
[2021-10-03 22:23:42,841][core.metrics.meter][INFO] - Meter:
SequenceAccuracy:	0.000
TokenAccuracy:	0.359
LengthAccuracy:	0.761
1st Token Accuracy:	0.698
Average Loss:	2.437
[2021-10-03 22:24:13,051][core.trainer][INFO] - Computing metrics for 'val' dataset
[2021-10-03 22:24:17,148][core.metrics.meter][INFO] - Meter:
SequenceAccuracy:	0.000
TokenAccuracy:	0.378
LengthAccuracy:	0.776
1st Token Accuracy:	0.743
Average Loss:	2.329
[2021-10-03 22:24:47,033][core.trainer][INFO] - Computing metrics for 'val' dataset
[2021-10-03 22:24:51,140][core.metrics.meter][INFO] - Meter:
SequenceAccuracy:	0.000
TokenAccuracy:	0.398
LengthAccuracy:	0.780
1st Token Accuracy:	0.791
Average Loss:	2.195
[2021-10-03 22:25:21,195][core.trainer][INFO] - Computing metrics for 'val' dataset
[2021-10-03 22:25:25,319][core.metrics.meter][INFO] - Meter:
SequenceAccuracy:	0.000
TokenAccuracy:	0.417
LengthAccuracy:	0.826
1st Token Accuracy:	0.861
Average Loss:	2.059
[2021-10-03 22:25:55,295][core.trainer][INFO] - Computing metrics for 'val' dataset
[2021-10-03 22:25:59,399][core.metrics.meter][INFO] - Meter:
SequenceAccuracy:	0.000
TokenAccuracy:	0.436
LengthAccuracy:	0.837
1st Token Accuracy:	0.922
Average Loss:	1.933
[2021-10-03 22:26:29,718][core.trainer][INFO] - Computing metrics for 'val' dataset
[2021-10-03 22:26:33,807][core.metrics.meter][INFO] - Meter:
SequenceAccuracy:	0.002
TokenAccuracy:	0.443
LengthAccuracy:	0.838
1st Token Accuracy:	0.950
Average Loss:	1.850
[2021-10-03 22:27:04,057][core.trainer][INFO] - Computing metrics for 'val' dataset
[2021-10-03 22:27:08,222][core.metrics.meter][INFO] - Meter:
SequenceAccuracy:	0.003
TokenAccuracy:	0.467
LengthAccuracy:	0.890
1st Token Accuracy:	0.973
Average Loss:	1.740
[2021-10-03 22:27:38,576][core.trainer][INFO] - Computing metrics for 'val' dataset
[2021-10-03 22:27:42,762][core.metrics.meter][INFO] - Meter:
SequenceAccuracy:	0.007
TokenAccuracy:	0.483
LengthAccuracy:	0.907
1st Token Accuracy:	0.978
Average Loss:	1.652
[2021-10-03 22:28:13,127][core.trainer][INFO] - Computing metrics for 'val' dataset
[2021-10-03 22:28:17,291][core.metrics.meter][INFO] - Meter:
SequenceAccuracy:	0.013
TokenAccuracy:	0.507
LengthAccuracy:	0.913
1st Token Accuracy:	0.988
Average Loss:	1.572
[2021-10-03 22:28:47,809][core.trainer][INFO] - Computing metrics for 'val' dataset
[2021-10-03 22:28:51,981][core.metrics.meter][INFO] - Meter:
SequenceAccuracy:	0.029
TokenAccuracy:	0.535
LengthAccuracy:	0.929
1st Token Accuracy:	0.993
Average Loss:	1.482
[2021-10-03 22:29:22,348][core.trainer][INFO] - Computing metrics for 'val' dataset
[2021-10-03 22:29:26,511][core.metrics.meter][INFO] - Meter:
SequenceAccuracy:	0.043
TokenAccuracy:	0.565
LengthAccuracy:	0.937
1st Token Accuracy:	0.997
Average Loss:	1.407
[2021-10-03 22:29:56,879][core.trainer][INFO] - Computing metrics for 'val' dataset
[2021-10-03 22:30:01,064][core.metrics.meter][INFO] - Meter:
SequenceAccuracy:	0.075
TokenAccuracy:	0.600
LengthAccuracy:	0.939
1st Token Accuracy:	0.999
Average Loss:	1.309
[2021-10-03 22:30:31,521][core.trainer][INFO] - Computing metrics for 'val' dataset
[2021-10-03 22:30:35,722][core.metrics.meter][INFO] - Meter:
SequenceAccuracy:	0.122
TokenAccuracy:	0.647
LengthAccuracy:	0.959
1st Token Accuracy:	1.000
Average Loss:	1.198
[2021-10-03 22:31:06,038][core.trainer][INFO] - Computing metrics for 'val' dataset
[2021-10-03 22:31:10,238][core.metrics.meter][INFO] - Meter:
SequenceAccuracy:	0.186
TokenAccuracy:	0.697
LengthAccuracy:	0.974
1st Token Accuracy:	1.000
Average Loss:	1.062
[2021-10-03 22:31:10,543][core.trainer][INFO] - Computing metrics for 'test' dataset
[2021-10-03 22:31:51,051][core.metrics.meter][INFO] - Meter:
SequenceAccuracy:	0.201
TokenAccuracy:	0.714
LengthAccuracy:	0.977
1st Token Accuracy:	1.000
Average Loss:	1.027
[2021-10-03 22:31:51,051][core.trainer][INFO] - Computing metrics for 'gen' dataset
[2021-10-03 22:32:43,297][core.metrics.meter][INFO] - Meter:
SequenceAccuracy:	0.000
TokenAccuracy:	0.274
LengthAccuracy:	0.986
1st Token Accuracy:	0.164
Average Loss:	2.627
[2021-10-03 22:32:43,298][core.trainer][INFO] - EPOCH 2 / 50
[2021-10-03 22:32:43,298][core.trainer][INFO] - Computing metrics for 'train' dataset
[2021-10-03 22:33:13,600][core.trainer][INFO] - Computing metrics for 'val' dataset
[2021-10-03 22:33:17,786][core.metrics.meter][INFO] - Meter:
SequenceAccuracy:	0.259
TokenAccuracy:	0.752
LengthAccuracy:	0.977
1st Token Accuracy:	1.000
Average Loss:	0.921
[2021-10-03 22:33:48,073][core.trainer][INFO] - Computing metrics for 'val' dataset
[2021-10-03 22:33:52,272][core.metrics.meter][INFO] - Meter:
SequenceAccuracy:	0.337
TokenAccuracy:	0.810
LengthAccuracy:	0.982
1st Token Accuracy:	1.000
Average Loss:	0.751
[2021-10-03 22:34:22,770][core.trainer][INFO] - Computing metrics for 'val' dataset
[2021-10-03 22:34:26,957][core.metrics.meter][INFO] - Meter:
SequenceAccuracy:	0.420
TokenAccuracy:	0.858
LengthAccuracy:	0.980
1st Token Accuracy:	1.000
Average Loss:	0.598
[2021-10-03 22:34:57,462][core.trainer][INFO] - Computing metrics for 'val' dataset
[2021-10-03 22:35:01,639][core.metrics.meter][INFO] - Meter:
SequenceAccuracy:	0.530
TokenAccuracy:	0.899
LengthAccuracy:	0.983
1st Token Accuracy:	1.000
Average Loss:	0.454
[2021-10-03 22:35:32,325][core.trainer][INFO] - Computing metrics for 'val' dataset
[2021-10-03 22:35:36,544][core.metrics.meter][INFO] - Meter:
SequenceAccuracy:	0.635
TokenAccuracy:	0.935
LengthAccuracy:	0.982
1st Token Accuracy:	1.000
Average Loss:	0.341
[2021-10-03 22:36:07,076][core.trainer][INFO] - Computing metrics for 'val' dataset
[2021-10-03 22:36:11,286][core.metrics.meter][INFO] - Meter:
SequenceAccuracy:	0.714
TokenAccuracy:	0.958
LengthAccuracy:	0.985
1st Token Accuracy:	1.000
Average Loss:	0.252
[2021-10-03 22:36:41,757][core.trainer][INFO] - Computing metrics for 'val' dataset
[2021-10-03 22:36:45,969][core.metrics.meter][INFO] - Meter:
SequenceAccuracy:	0.772
TokenAccuracy:	0.974
LengthAccuracy:	0.983
1st Token Accuracy:	0.999
Average Loss:	0.190
[2021-10-03 22:37:16,569][core.trainer][INFO] - Computing metrics for 'val' dataset
[2021-10-03 22:37:20,801][core.metrics.meter][INFO] - Meter:
SequenceAccuracy:	0.811
TokenAccuracy:	0.980
LengthAccuracy:	0.982
1st Token Accuracy:	1.000
Average Loss:	0.159
[2021-10-03 22:37:51,257][core.trainer][INFO] - Computing metrics for 'val' dataset
[2021-10-03 22:37:55,430][core.metrics.meter][INFO] - Meter:
SequenceAccuracy:	0.848
TokenAccuracy:	0.985
LengthAccuracy:	0.985
1st Token Accuracy:	1.000
Average Loss:	0.128
[2021-10-03 22:38:25,932][core.trainer][INFO] - Computing metrics for 'val' dataset
[2021-10-03 22:38:30,135][core.metrics.meter][INFO] - Meter:
SequenceAccuracy:	0.870
TokenAccuracy:	0.988
LengthAccuracy:	0.982
1st Token Accuracy:	1.000
Average Loss:	0.112
[2021-10-03 22:39:00,739][core.trainer][INFO] - Computing metrics for 'val' dataset
[2021-10-03 22:39:04,946][core.metrics.meter][INFO] - Meter:
SequenceAccuracy:	0.879
TokenAccuracy:	0.989
LengthAccuracy:	0.986
1st Token Accuracy:	1.000
Average Loss:	0.095
[2021-10-03 22:39:35,408][core.trainer][INFO] - Computing metrics for 'val' dataset
[2021-10-03 22:39:39,619][core.metrics.meter][INFO] - Meter:
SequenceAccuracy:	0.886
TokenAccuracy:	0.990
LengthAccuracy:	0.981
1st Token Accuracy:	1.000
Average Loss:	0.093
[2021-10-03 22:39:39,759][core.early_stopping][INFO] - Early stopping counter: 1 / 5
[2021-10-03 22:39:39,810][core.early_stopping][INFO] - Pausing model saving until validation loss decreases by 0.0001
[2021-10-03 22:40:09,888][core.trainer][INFO] - Computing metrics for 'val' dataset
[2021-10-03 22:40:14,075][core.metrics.meter][INFO] - Meter:
SequenceAccuracy:	0.888
TokenAccuracy:	0.990
LengthAccuracy:	0.984
1st Token Accuracy:	1.000
Average Loss:	0.081
[2021-10-03 22:40:14,187][core.early_stopping][INFO] - Early stopping counter: 2 / 5
[2021-10-03 22:40:14,238][core.early_stopping][INFO] - Pausing model saving until validation loss decreases by 0.0001
[2021-10-03 22:40:44,461][core.trainer][INFO] - Computing metrics for 'val' dataset
[2021-10-03 22:40:48,627][core.metrics.meter][INFO] - Meter:
SequenceAccuracy:	0.889
TokenAccuracy:	0.991
LengthAccuracy:	0.984
1st Token Accuracy:	1.000
Average Loss:	0.074
[2021-10-03 22:41:18,977][core.trainer][INFO] - Computing metrics for 'val' dataset
[2021-10-03 22:41:23,182][core.metrics.meter][INFO] - Meter:
SequenceAccuracy:	0.900
TokenAccuracy:	0.991
LengthAccuracy:	0.985
1st Token Accuracy:	1.000
Average Loss:	0.065
[2021-10-03 22:41:53,641][core.trainer][INFO] - Computing metrics for 'val' dataset
[2021-10-03 22:41:57,862][core.metrics.meter][INFO] - Meter:
SequenceAccuracy:	0.897
TokenAccuracy:	0.992
LengthAccuracy:	0.982
1st Token Accuracy:	1.000
Average Loss:	0.069
[2021-10-03 22:41:57,972][core.early_stopping][INFO] - Early stopping counter: 1 / 5
[2021-10-03 22:41:58,023][core.early_stopping][INFO] - Pausing model saving until validation loss decreases by 0.0001
[2021-10-03 22:42:28,126][core.trainer][INFO] - Computing metrics for 'val' dataset
[2021-10-03 22:42:32,313][core.metrics.meter][INFO] - Meter:
SequenceAccuracy:	0.901
TokenAccuracy:	0.992
LengthAccuracy:	0.983
1st Token Accuracy:	1.000
Average Loss:	0.064
[2021-10-03 22:42:32,444][core.early_stopping][INFO] - Early stopping counter: 2 / 5
[2021-10-03 22:42:32,494][core.early_stopping][INFO] - Pausing model saving until validation loss decreases by 0.0001
[2021-10-03 22:43:02,620][core.trainer][INFO] - Computing metrics for 'val' dataset
[2021-10-03 22:43:06,802][core.metrics.meter][INFO] - Meter:
SequenceAccuracy:	0.900
TokenAccuracy:	0.991
LengthAccuracy:	0.986
1st Token Accuracy:	1.000
Average Loss:	0.058
[2021-10-03 22:43:06,911][core.early_stopping][INFO] - Early stopping counter: 3 / 5
[2021-10-03 22:43:06,962][core.early_stopping][INFO] - Pausing model saving until validation loss decreases by 0.0001
[2021-10-03 22:43:37,074][core.trainer][INFO] - Computing metrics for 'val' dataset
[2021-10-03 22:43:41,278][core.metrics.meter][INFO] - Meter:
SequenceAccuracy:	0.904
TokenAccuracy:	0.992
LengthAccuracy:	0.984
1st Token Accuracy:	1.000
Average Loss:	0.057
[2021-10-03 22:43:41,394][core.early_stopping][INFO] - Early stopping counter: 4 / 5
[2021-10-03 22:43:41,445][core.early_stopping][INFO] - Pausing model saving until validation loss decreases by 0.0001
[2021-10-03 22:44:11,637][core.trainer][INFO] - Computing metrics for 'val' dataset
[2021-10-03 22:44:15,810][core.metrics.meter][INFO] - Meter:
SequenceAccuracy:	0.901
TokenAccuracy:	0.992
LengthAccuracy:	0.983
1st Token Accuracy:	1.000
Average Loss:	0.058
[2021-10-03 22:44:15,952][core.early_stopping][INFO] - Early stopping counter: 5 / 5
[2021-10-03 22:44:16,003][core.early_stopping][INFO] - Pausing model saving until validation loss decreases by 0.0001
[2021-10-03 22:44:16,003][core.trainer][INFO] - Computing metrics for 'test' dataset
[2021-10-03 22:44:56,165][core.metrics.meter][INFO] - Meter:
SequenceAccuracy:	0.908
TokenAccuracy:	0.992
LengthAccuracy:	0.987
1st Token Accuracy:	1.000
Average Loss:	0.050
[2021-10-03 22:44:56,165][core.trainer][INFO] - Computing metrics for 'gen' dataset
[2021-10-03 22:45:46,325][core.metrics.meter][INFO] - Meter:
SequenceAccuracy:	0.000
TokenAccuracy:	0.208
LengthAccuracy:	0.552
1st Token Accuracy:	0.164
Average Loss:	5.067
[2021-10-03 22:45:46,326][core.trainer][INFO] - EPOCH 3 / 50
[2021-10-03 22:45:46,326][core.trainer][INFO] - Computing metrics for 'train' dataset
[2021-10-03 22:46:16,581][core.trainer][INFO] - Computing metrics for 'val' dataset
[2021-10-03 22:46:20,752][core.metrics.meter][INFO] - Meter:
SequenceAccuracy:	0.914
TokenAccuracy:	0.993
LengthAccuracy:	0.984
1st Token Accuracy:	1.000
Average Loss:	0.054
[2021-10-03 22:46:20,867][core.early_stopping][INFO] - Early stopping counter: 6 / 5
[2021-10-03 22:46:20,918][core.early_stopping][INFO] - Pausing model saving until validation loss decreases by 0.0001
[2021-10-03 22:46:20,918][core.trainer][INFO] - Computing metrics for 'test' dataset
[2021-10-03 22:47:01,119][core.metrics.meter][INFO] - Meter:
SequenceAccuracy:	0.908
TokenAccuracy:	0.993
LengthAccuracy:	0.983
1st Token Accuracy:	1.000
Average Loss:	0.055
[2021-10-03 22:47:01,119][core.trainer][INFO] - Computing metrics for 'gen' dataset
[2021-10-03 22:47:51,219][core.metrics.meter][INFO] - Meter:
SequenceAccuracy:	0.000
TokenAccuracy:	0.206
LengthAccuracy:	0.532
1st Token Accuracy:	0.164
Average Loss:	5.134
[2021-10-03 22:47:51,219][core.trainer][INFO] - EPOCH 4 / 50
[2021-10-03 22:47:51,219][core.trainer][INFO] - Computing metrics for 'train' dataset
[2021-10-03 22:48:21,459][core.trainer][INFO] - Computing metrics for 'val' dataset
[2021-10-03 22:48:25,647][core.metrics.meter][INFO] - Meter:
SequenceAccuracy:	0.904
TokenAccuracy:	0.992
LengthAccuracy:	0.983
1st Token Accuracy:	1.000
Average Loss:	0.055
[2021-10-03 22:48:56,025][core.trainer][INFO] - Computing metrics for 'val' dataset
[2021-10-03 22:49:00,237][core.metrics.meter][INFO] - Meter:
SequenceAccuracy:	0.911
TokenAccuracy:	0.993
LengthAccuracy:	0.983
1st Token Accuracy:	1.000
Average Loss:	0.052
[2021-10-03 22:49:30,640][core.trainer][INFO] - Computing metrics for 'val' dataset
[2021-10-03 22:49:34,807][core.metrics.meter][INFO] - Meter:
SequenceAccuracy:	0.911
TokenAccuracy:	0.993
LengthAccuracy:	0.983
1st Token Accuracy:	1.000
Average Loss:	0.053
[2021-10-03 22:50:05,406][core.trainer][INFO] - Computing metrics for 'val' dataset
[2021-10-03 22:50:09,583][core.metrics.meter][INFO] - Meter:
SequenceAccuracy:	0.910
TokenAccuracy:	0.993
LengthAccuracy:	0.981
1st Token Accuracy:	1.000
Average Loss:	0.055
[2021-10-03 22:50:09,690][core.early_stopping][INFO] - Early stopping counter: 1 / 5
[2021-10-03 22:50:09,740][core.early_stopping][INFO] - Pausing model saving until validation loss decreases by 0.0001
[2021-10-03 22:50:39,911][core.trainer][INFO] - Computing metrics for 'val' dataset
[2021-10-03 22:50:44,117][core.metrics.meter][INFO] - Meter:
SequenceAccuracy:	0.925
TokenAccuracy:	0.994
LengthAccuracy:	0.987
1st Token Accuracy:	1.000
Average Loss:	0.045
[2021-10-03 22:50:44,243][core.early_stopping][INFO] - Early stopping counter: 2 / 5
[2021-10-03 22:50:44,294][core.early_stopping][INFO] - Pausing model saving until validation loss decreases by 0.0001
[2021-10-03 22:51:14,455][core.trainer][INFO] - Computing metrics for 'val' dataset
[2021-10-03 22:51:18,649][core.metrics.meter][INFO] - Meter:
SequenceAccuracy:	0.917
TokenAccuracy:	0.993
LengthAccuracy:	0.983
1st Token Accuracy:	1.000
Average Loss:	0.049
[2021-10-03 22:51:18,751][core.early_stopping][INFO] - Early stopping counter: 3 / 5
[2021-10-03 22:51:18,802][core.early_stopping][INFO] - Pausing model saving until validation loss decreases by 0.0001
[2021-10-03 22:51:49,010][core.trainer][INFO] - Computing metrics for 'val' dataset
[2021-10-03 22:51:53,237][core.metrics.meter][INFO] - Meter:
SequenceAccuracy:	0.918
TokenAccuracy:	0.994
LengthAccuracy:	0.982
1st Token Accuracy:	1.000
Average Loss:	0.050
[2021-10-03 22:51:53,347][core.early_stopping][INFO] - Early stopping counter: 4 / 5
[2021-10-03 22:51:53,398][core.early_stopping][INFO] - Pausing model saving until validation loss decreases by 0.0001
[2021-10-03 22:52:23,600][core.trainer][INFO] - Computing metrics for 'val' dataset
[2021-10-03 22:52:27,813][core.metrics.meter][INFO] - Meter:
SequenceAccuracy:	0.928
TokenAccuracy:	0.994
LengthAccuracy:	0.986
1st Token Accuracy:	1.000
Average Loss:	0.044
[2021-10-03 22:52:27,942][core.early_stopping][INFO] - Early stopping counter: 5 / 5
[2021-10-03 22:52:27,992][core.early_stopping][INFO] - Pausing model saving until validation loss decreases by 0.0001
[2021-10-03 22:52:27,993][core.trainer][INFO] - Computing metrics for 'test' dataset
[2021-10-03 22:53:08,447][core.metrics.meter][INFO] - Meter:
SequenceAccuracy:	0.931
TokenAccuracy:	0.994
LengthAccuracy:	0.986
1st Token Accuracy:	1.000
Average Loss:	0.041
[2021-10-03 22:53:08,448][core.trainer][INFO] - Computing metrics for 'gen' dataset
[2021-10-03 22:53:58,809][core.metrics.meter][INFO] - Meter:
SequenceAccuracy:	0.000
TokenAccuracy:	0.194
LengthAccuracy:	0.514
1st Token Accuracy:	0.164
Average Loss:	5.516
[2021-10-03 22:53:58,809][core.trainer][INFO] - EPOCH 5 / 50
[2021-10-03 22:53:58,809][core.trainer][INFO] - Computing metrics for 'train' dataset
[2021-10-03 22:54:29,150][core.trainer][INFO] - Computing metrics for 'val' dataset
[2021-10-03 22:54:33,358][core.metrics.meter][INFO] - Meter:
SequenceAccuracy:	0.932
TokenAccuracy:	0.995
LengthAccuracy:	0.987
1st Token Accuracy:	1.000
Average Loss:	0.041
[2021-10-03 22:54:33,469][core.early_stopping][INFO] - Early stopping counter: 6 / 5
[2021-10-03 22:54:33,520][core.early_stopping][INFO] - Pausing model saving until validation loss decreases by 0.0001
[2021-10-03 22:54:33,521][core.trainer][INFO] - Computing metrics for 'test' dataset
[2021-10-03 22:55:14,082][core.metrics.meter][INFO] - Meter:
SequenceAccuracy:	0.935
TokenAccuracy:	0.995
LengthAccuracy:	0.984
1st Token Accuracy:	1.000
Average Loss:	0.044
[2021-10-03 22:55:14,082][core.trainer][INFO] - Computing metrics for 'gen' dataset
[2021-10-03 22:56:04,522][core.metrics.meter][INFO] - Meter:
SequenceAccuracy:	0.000
TokenAccuracy:	0.193
LengthAccuracy:	0.515
1st Token Accuracy:	0.164
Average Loss:	5.561
[2021-10-03 22:56:04,522][core.trainer][INFO] - EPOCH 6 / 50
[2021-10-03 22:56:04,523][core.trainer][INFO] - Computing metrics for 'train' dataset
[2021-10-03 22:56:34,705][core.trainer][INFO] - Computing metrics for 'val' dataset
[2021-10-03 22:56:38,884][core.metrics.meter][INFO] - Meter:
SequenceAccuracy:	0.934
TokenAccuracy:	0.995
LengthAccuracy:	0.982
1st Token Accuracy:	1.000
Average Loss:	0.050
[2021-10-03 22:56:38,993][core.early_stopping][INFO] - Early stopping counter: 7 / 5
[2021-10-03 22:56:39,044][core.early_stopping][INFO] - Pausing model saving until validation loss decreases by 0.0001
[2021-10-03 22:56:39,044][core.trainer][INFO] - Computing metrics for 'test' dataset
[2021-10-03 22:57:19,363][core.metrics.meter][INFO] - Meter:
SequenceAccuracy:	0.937
TokenAccuracy:	0.995
LengthAccuracy:	0.985
1st Token Accuracy:	1.000
Average Loss:	0.042
[2021-10-03 22:57:19,363][core.trainer][INFO] - Computing metrics for 'gen' dataset
[2021-10-03 22:58:09,433][core.metrics.meter][INFO] - Meter:
SequenceAccuracy:	0.000
TokenAccuracy:	0.193
LengthAccuracy:	0.515
1st Token Accuracy:	0.164
Average Loss:	5.591
[2021-10-03 22:58:09,433][core.trainer][INFO] - EPOCH 7 / 50
[2021-10-03 22:58:09,433][core.trainer][INFO] - Computing metrics for 'train' dataset
[2021-10-03 22:58:39,617][core.trainer][INFO] - Computing metrics for 'val' dataset
[2021-10-03 22:58:43,839][core.metrics.meter][INFO] - Meter:
SequenceAccuracy:	0.938
TokenAccuracy:	0.995
LengthAccuracy:	0.985
1st Token Accuracy:	1.000
Average Loss:	0.043
[2021-10-03 22:58:43,961][core.early_stopping][INFO] - Early stopping counter: 8 / 5
[2021-10-03 22:58:44,011][core.early_stopping][INFO] - Pausing model saving until validation loss decreases by 0.0001
[2021-10-03 22:58:44,012][core.trainer][INFO] - Computing metrics for 'test' dataset
[2021-10-03 22:59:24,570][core.metrics.meter][INFO] - Meter:
SequenceAccuracy:	0.935
TokenAccuracy:	0.995
LengthAccuracy:	0.981
1st Token Accuracy:	1.000
Average Loss:	0.050
[2021-10-03 22:59:24,570][core.trainer][INFO] - Computing metrics for 'gen' dataset
[2021-10-03 23:00:14,967][core.metrics.meter][INFO] - Meter:
SequenceAccuracy:	0.000
TokenAccuracy:	0.193
LengthAccuracy:	0.514
1st Token Accuracy:	0.164
Average Loss:	5.603
[2021-10-03 23:00:14,968][core.trainer][INFO] - EPOCH 8 / 50
[2021-10-03 23:00:14,968][core.trainer][INFO] - Computing metrics for 'train' dataset
[2021-10-03 23:00:45,271][core.trainer][INFO] - Computing metrics for 'val' dataset
[2021-10-03 23:00:49,452][core.metrics.meter][INFO] - Meter:
SequenceAccuracy:	0.944
TokenAccuracy:	0.996
LengthAccuracy:	0.985
1st Token Accuracy:	1.000
Average Loss:	0.040
[2021-10-03 23:00:49,606][core.early_stopping][INFO] - Early stopping counter: 9 / 5
[2021-10-03 23:00:49,606][core.early_stopping][INFO] - Pausing model saving until validation loss decreases by 0.0001
[2021-10-03 23:00:49,606][core.trainer][INFO] - Computing metrics for 'test' dataset
[2021-10-03 23:01:29,914][core.metrics.meter][INFO] - Meter:
SequenceAccuracy:	0.943
TokenAccuracy:	0.996
LengthAccuracy:	0.982
1st Token Accuracy:	1.000
Average Loss:	0.049
[2021-10-03 23:01:29,914][core.trainer][INFO] - Computing metrics for 'gen' dataset
[2021-10-03 23:02:20,006][core.metrics.meter][INFO] - Meter:
SequenceAccuracy:	0.000
TokenAccuracy:	0.190
LengthAccuracy:	0.515
1st Token Accuracy:	0.164
Average Loss:	5.662
[2021-10-03 23:02:20,007][core.trainer][INFO] - EPOCH 9 / 50
[2021-10-03 23:02:20,007][core.trainer][INFO] - Computing metrics for 'train' dataset
[2021-10-03 23:02:50,294][core.trainer][INFO] - Computing metrics for 'val' dataset
[2021-10-03 23:02:54,511][core.metrics.meter][INFO] - Meter:
SequenceAccuracy:	0.945
TokenAccuracy:	0.996
LengthAccuracy:	0.983
1st Token Accuracy:	1.000
Average Loss:	0.046
[2021-10-03 23:02:54,641][core.early_stopping][INFO] - Early stopping counter: 10 / 5
[2021-10-03 23:02:54,691][core.early_stopping][INFO] - Pausing model saving until validation loss decreases by 0.0001
[2021-10-03 23:02:54,692][core.trainer][INFO] - Computing metrics for 'test' dataset
[2021-10-03 23:03:35,189][core.metrics.meter][INFO] - Meter:
SequenceAccuracy:	0.949
TokenAccuracy:	0.996
LengthAccuracy:	0.986
1st Token Accuracy:	1.000
Average Loss:	0.037
[2021-10-03 23:03:35,190][core.trainer][INFO] - Computing metrics for 'gen' dataset
[2021-10-03 23:04:25,545][core.metrics.meter][INFO] - Meter:
SequenceAccuracy:	0.000
TokenAccuracy:	0.190
LengthAccuracy:	0.507
1st Token Accuracy:	0.164
Average Loss:	5.668
[2021-10-03 23:04:25,545][core.trainer][INFO] - EPOCH 10 / 50
[2021-10-03 23:04:25,545][core.trainer][INFO] - Computing metrics for 'train' dataset
[2021-10-03 23:04:55,775][core.trainer][INFO] - Computing metrics for 'val' dataset
[2021-10-03 23:04:59,991][core.metrics.meter][INFO] - Meter:
SequenceAccuracy:	0.951
TokenAccuracy:	0.997
LengthAccuracy:	0.986
1st Token Accuracy:	1.000
Average Loss:	0.037
[2021-10-03 23:05:00,097][core.early_stopping][INFO] - Early stopping counter: 11 / 5
[2021-10-03 23:05:00,147][core.early_stopping][INFO] - Pausing model saving until validation loss decreases by 0.0001
[2021-10-03 23:05:00,148][core.trainer][INFO] - Computing metrics for 'test' dataset
[2021-10-03 23:05:40,622][core.metrics.meter][INFO] - Meter:
SequenceAccuracy:	0.949
TokenAccuracy:	0.997
LengthAccuracy:	0.983
1st Token Accuracy:	1.000
Average Loss:	0.043
[2021-10-03 23:05:40,623][core.trainer][INFO] - Computing metrics for 'gen' dataset
[2021-10-03 23:06:30,897][core.metrics.meter][INFO] - Meter:
SequenceAccuracy:	0.000
TokenAccuracy:	0.190
LengthAccuracy:	0.510
1st Token Accuracy:	0.164
Average Loss:	5.695
[2021-10-03 23:06:30,897][core.trainer][INFO] - EPOCH 11 / 50
[2021-10-03 23:06:30,897][core.trainer][INFO] - Computing metrics for 'train' dataset
[2021-10-03 23:07:01,210][core.trainer][INFO] - Computing metrics for 'val' dataset
[2021-10-03 23:07:05,394][core.metrics.meter][INFO] - Meter:
SequenceAccuracy:	0.958
TokenAccuracy:	0.997
LengthAccuracy:	0.985
1st Token Accuracy:	1.000
Average Loss:	0.038
[2021-10-03 23:07:35,904][core.trainer][INFO] - Computing metrics for 'val' dataset
[2021-10-03 23:07:40,118][core.metrics.meter][INFO] - Meter:
SequenceAccuracy:	0.961
TokenAccuracy:	0.998
LengthAccuracy:	0.985
1st Token Accuracy:	1.000
Average Loss:	0.037
[2021-10-03 23:08:10,437][core.trainer][INFO] - Computing metrics for 'val' dataset
[2021-10-03 23:08:14,656][core.metrics.meter][INFO] - Meter:
SequenceAccuracy:	0.958
TokenAccuracy:	0.997
LengthAccuracy:	0.985
1st Token Accuracy:	1.000
Average Loss:	0.038
[2021-10-03 23:08:14,786][core.early_stopping][INFO] - Early stopping counter: 1 / 5
[2021-10-03 23:08:14,837][core.early_stopping][INFO] - Pausing model saving until validation loss decreases by 0.0001
[2021-10-03 23:08:45,050][core.trainer][INFO] - Computing metrics for 'val' dataset
[2021-10-03 23:08:49,233][core.metrics.meter][INFO] - Meter:
SequenceAccuracy:	0.958
TokenAccuracy:	0.998
LengthAccuracy:	0.981
1st Token Accuracy:	1.000
Average Loss:	0.045
[2021-10-03 23:08:49,339][core.early_stopping][INFO] - Early stopping counter: 2 / 5
[2021-10-03 23:08:49,390][core.early_stopping][INFO] - Pausing model saving until validation loss decreases by 0.0001
[2021-10-03 23:09:19,548][core.trainer][INFO] - Computing metrics for 'val' dataset
[2021-10-03 23:09:23,757][core.metrics.meter][INFO] - Meter:
SequenceAccuracy:	0.968
TokenAccuracy:	0.998
LengthAccuracy:	0.986
1st Token Accuracy:	1.000
Average Loss:	0.038
[2021-10-03 23:09:54,023][core.trainer][INFO] - Computing metrics for 'val' dataset
[2021-10-03 23:09:58,253][core.metrics.meter][INFO] - Meter:
SequenceAccuracy:	0.966
TokenAccuracy:	0.998
LengthAccuracy:	0.983
1st Token Accuracy:	1.000
Average Loss:	0.043
[2021-10-03 23:09:58,391][core.early_stopping][INFO] - Early stopping counter: 1 / 5
[2021-10-03 23:09:58,442][core.early_stopping][INFO] - Pausing model saving until validation loss decreases by 0.0001
[2021-10-03 23:10:28,549][core.trainer][INFO] - Computing metrics for 'val' dataset
[2021-10-03 23:10:32,738][core.metrics.meter][INFO] - Meter:
SequenceAccuracy:	0.971
TokenAccuracy:	0.999
LengthAccuracy:	0.983
1st Token Accuracy:	1.000
Average Loss:	0.041
[2021-10-03 23:10:32,845][core.early_stopping][INFO] - Early stopping counter: 2 / 5
[2021-10-03 23:10:32,896][core.early_stopping][INFO] - Pausing model saving until validation loss decreases by 0.0001
[2021-10-03 23:11:02,979][core.trainer][INFO] - Computing metrics for 'val' dataset
[2021-10-03 23:11:07,157][core.metrics.meter][INFO] - Meter:
SequenceAccuracy:	0.972
TokenAccuracy:	0.999
LengthAccuracy:	0.986
1st Token Accuracy:	1.000
Average Loss:	0.033
[2021-10-03 23:11:07,282][core.early_stopping][INFO] - Early stopping counter: 3 / 5
[2021-10-03 23:11:07,332][core.early_stopping][INFO] - Pausing model saving until validation loss decreases by 0.0001
[2021-10-03 23:11:37,431][core.trainer][INFO] - Computing metrics for 'val' dataset
[2021-10-03 23:11:41,626][core.metrics.meter][INFO] - Meter:
SequenceAccuracy:	0.976
TokenAccuracy:	0.999
LengthAccuracy:	0.985
1st Token Accuracy:	1.000
Average Loss:	0.035
[2021-10-03 23:11:41,736][core.early_stopping][INFO] - Early stopping counter: 4 / 5
[2021-10-03 23:11:41,787][core.early_stopping][INFO] - Pausing model saving until validation loss decreases by 0.0001
[2021-10-03 23:12:12,078][core.trainer][INFO] - Computing metrics for 'val' dataset
[2021-10-03 23:12:16,281][core.metrics.meter][INFO] - Meter:
SequenceAccuracy:	0.975
TokenAccuracy:	0.999
LengthAccuracy:	0.985
1st Token Accuracy:	1.000
Average Loss:	0.037
[2021-10-03 23:12:16,389][core.early_stopping][INFO] - Early stopping counter: 5 / 5
[2021-10-03 23:12:16,439][core.early_stopping][INFO] - Pausing model saving until validation loss decreases by 0.0001
[2021-10-03 23:12:16,440][core.trainer][INFO] - Computing metrics for 'test' dataset
[2021-10-03 23:12:56,955][core.metrics.meter][INFO] - Meter:
SequenceAccuracy:	0.975
TokenAccuracy:	0.999
LengthAccuracy:	0.985
1st Token Accuracy:	1.000
Average Loss:	0.037
[2021-10-03 23:12:56,955][core.trainer][INFO] - Computing metrics for 'gen' dataset
[2021-10-03 23:13:47,304][core.metrics.meter][INFO] - Meter:
SequenceAccuracy:	0.000
TokenAccuracy:	0.181
LengthAccuracy:	0.503
1st Token Accuracy:	0.164
Average Loss:	5.974
[2021-10-03 23:13:47,304][core.trainer][INFO] - EPOCH 12 / 50
[2021-10-03 23:13:47,305][core.trainer][INFO] - Computing metrics for 'train' dataset
[2021-10-03 23:14:17,588][core.trainer][INFO] - Computing metrics for 'val' dataset
[2021-10-03 23:14:21,813][core.metrics.meter][INFO] - Meter:
SequenceAccuracy:	0.977
TokenAccuracy:	0.999
LengthAccuracy:	0.984
1st Token Accuracy:	1.000
Average Loss:	0.037
[2021-10-03 23:14:21,917][core.early_stopping][INFO] - Early stopping counter: 6 / 5
[2021-10-03 23:14:21,966][core.early_stopping][INFO] - Pausing model saving until validation loss decreases by 0.0001
[2021-10-03 23:14:21,966][core.trainer][INFO] - Computing metrics for 'test' dataset
[2021-10-03 23:15:02,520][core.metrics.meter][INFO] - Meter:
SequenceAccuracy:	0.976
TokenAccuracy:	0.999
LengthAccuracy:	0.983
1st Token Accuracy:	1.000
Average Loss:	0.037
[2021-10-03 23:15:02,521][core.trainer][INFO] - Computing metrics for 'gen' dataset
[2021-10-03 23:15:52,923][core.metrics.meter][INFO] - Meter:
SequenceAccuracy:	0.000
TokenAccuracy:	0.180
LengthAccuracy:	0.501
1st Token Accuracy:	0.164
Average Loss:	6.008
[2021-10-03 23:15:52,923][core.trainer][INFO] - EPOCH 13 / 50
[2021-10-03 23:15:52,923][core.trainer][INFO] - Computing metrics for 'train' dataset
[2021-10-03 23:16:23,223][core.trainer][INFO] - Computing metrics for 'val' dataset
[2021-10-03 23:16:27,414][core.metrics.meter][INFO] - Meter:
SequenceAccuracy:	0.977
TokenAccuracy:	1.000
LengthAccuracy:	0.982
1st Token Accuracy:	1.000
Average Loss:	0.040
[2021-10-03 23:16:27,531][core.early_stopping][INFO] - Early stopping counter: 7 / 5
[2021-10-03 23:16:27,581][core.early_stopping][INFO] - Pausing model saving until validation loss decreases by 0.0001
[2021-10-03 23:16:27,581][core.trainer][INFO] - Computing metrics for 'test' dataset
[2021-10-03 23:17:07,894][core.metrics.meter][INFO] - Meter:
SequenceAccuracy:	0.979
TokenAccuracy:	0.999
LengthAccuracy:	0.986
1st Token Accuracy:	1.000
Average Loss:	0.034
[2021-10-03 23:17:07,895][core.trainer][INFO] - Computing metrics for 'gen' dataset
[2021-10-03 23:17:57,974][core.metrics.meter][INFO] - Meter:
SequenceAccuracy:	0.000
TokenAccuracy:	0.179
LengthAccuracy:	0.504
1st Token Accuracy:	0.164
Average Loss:	6.036
[2021-10-03 23:17:57,975][core.trainer][INFO] - EPOCH 14 / 50
[2021-10-03 23:17:57,975][core.trainer][INFO] - Computing metrics for 'train' dataset
[2021-10-03 23:18:28,213][core.trainer][INFO] - Computing metrics for 'val' dataset
[2021-10-03 23:18:32,393][core.metrics.meter][INFO] - Meter:
SequenceAccuracy:	0.980
TokenAccuracy:	0.999
LengthAccuracy:	0.986
1st Token Accuracy:	1.000
Average Loss:	0.031
[2021-10-03 23:18:32,500][core.early_stopping][INFO] - Early stopping counter: 8 / 5
[2021-10-03 23:18:32,550][core.early_stopping][INFO] - Pausing model saving until validation loss decreases by 0.0001
[2021-10-03 23:18:32,551][core.trainer][INFO] - Computing metrics for 'test' dataset
[2021-10-03 23:19:12,723][core.metrics.meter][INFO] - Meter:
SequenceAccuracy:	0.979
TokenAccuracy:	0.999
LengthAccuracy:	0.984
1st Token Accuracy:	1.000
Average Loss:	0.034
[2021-10-03 23:19:12,723][core.trainer][INFO] - Computing metrics for 'gen' dataset
[2021-10-03 23:20:02,548][core.metrics.meter][INFO] - Meter:
SequenceAccuracy:	0.000
TokenAccuracy:	0.180
LengthAccuracy:	0.505
1st Token Accuracy:	0.164
Average Loss:	6.049
[2021-10-03 23:20:02,548][core.trainer][INFO] - EPOCH 15 / 50
[2021-10-03 23:20:02,548][core.trainer][INFO] - Computing metrics for 'train' dataset
[2021-10-03 23:20:32,814][core.trainer][INFO] - Computing metrics for 'val' dataset
[2021-10-03 23:20:37,043][core.metrics.meter][INFO] - Meter:
SequenceAccuracy:	0.985
TokenAccuracy:	1.000
LengthAccuracy:	0.989
1st Token Accuracy:	1.000
Average Loss:	0.024
[2021-10-03 23:20:37,177][core.early_stopping][INFO] - Early stopping counter: 9 / 5
[2021-10-03 23:20:37,227][core.early_stopping][INFO] - Pausing model saving until validation loss decreases by 0.0001
[2021-10-03 23:20:37,228][core.trainer][INFO] - Computing metrics for 'test' dataset
[2021-10-03 23:21:17,823][core.metrics.meter][INFO] - Meter:
SequenceAccuracy:	0.981
TokenAccuracy:	1.000
LengthAccuracy:	0.985
1st Token Accuracy:	1.000
Average Loss:	0.033
[2021-10-03 23:21:17,823][core.trainer][INFO] - Computing metrics for 'gen' dataset
[2021-10-03 23:22:08,237][core.metrics.meter][INFO] - Meter:
SequenceAccuracy:	0.000
TokenAccuracy:	0.179
LengthAccuracy:	0.500
1st Token Accuracy:	0.164
Average Loss:	6.077
[2021-10-03 23:22:08,238][core.trainer][INFO] - EPOCH 16 / 50
[2021-10-03 23:22:08,238][core.trainer][INFO] - Computing metrics for 'train' dataset
[2021-10-03 23:22:38,691][core.trainer][INFO] - Computing metrics for 'val' dataset
[2021-10-03 23:22:42,902][core.metrics.meter][INFO] - Meter:
SequenceAccuracy:	0.980
TokenAccuracy:	1.000
LengthAccuracy:	0.984
1st Token Accuracy:	1.000
Average Loss:	0.039
[2021-10-03 23:22:43,004][core.early_stopping][INFO] - Early stopping counter: 10 / 5
[2021-10-03 23:22:43,054][core.early_stopping][INFO] - Pausing model saving until validation loss decreases by 0.0001
[2021-10-03 23:22:43,054][core.trainer][INFO] - Computing metrics for 'test' dataset
[2021-10-03 23:23:23,584][core.metrics.meter][INFO] - Meter:
SequenceAccuracy:	0.981
TokenAccuracy:	1.000
LengthAccuracy:	0.985
1st Token Accuracy:	1.000
Average Loss:	0.031
[2021-10-03 23:23:23,584][core.trainer][INFO] - Computing metrics for 'gen' dataset
[2021-10-03 23:24:13,871][core.metrics.meter][INFO] - Meter:
SequenceAccuracy:	0.000
TokenAccuracy:	0.178
LengthAccuracy:	0.499
1st Token Accuracy:	0.164
Average Loss:	6.110
[2021-10-03 23:24:13,871][core.trainer][INFO] - EPOCH 17 / 50
[2021-10-03 23:24:13,871][core.trainer][INFO] - Computing metrics for 'train' dataset
[2021-10-03 23:24:44,129][core.trainer][INFO] - Computing metrics for 'val' dataset
[2021-10-03 23:24:48,344][core.metrics.meter][INFO] - Meter:
SequenceAccuracy:	0.978
TokenAccuracy:	1.000
LengthAccuracy:	0.982
1st Token Accuracy:	1.000
Average Loss:	0.039
[2021-10-03 23:24:48,454][core.early_stopping][INFO] - Early stopping counter: 11 / 5
[2021-10-03 23:24:48,504][core.early_stopping][INFO] - Pausing model saving until validation loss decreases by 0.0001
[2021-10-03 23:24:48,505][core.trainer][INFO] - Computing metrics for 'test' dataset
[2021-10-03 23:25:29,056][core.metrics.meter][INFO] - Meter:
SequenceAccuracy:	0.983
TokenAccuracy:	1.000
LengthAccuracy:	0.986
1st Token Accuracy:	1.000
Average Loss:	0.033
[2021-10-03 23:25:29,057][core.trainer][INFO] - Computing metrics for 'gen' dataset
[2021-10-03 23:26:19,409][core.metrics.meter][INFO] - Meter:
SequenceAccuracy:	0.000
TokenAccuracy:	0.179
LengthAccuracy:	0.502
1st Token Accuracy:	0.164
Average Loss:	6.111
[2021-10-03 23:26:19,410][core.trainer][INFO] - EPOCH 18 / 50
[2021-10-03 23:26:19,410][core.trainer][INFO] - Computing metrics for 'train' dataset
[2021-10-03 23:26:49,650][core.trainer][INFO] - Computing metrics for 'val' dataset
[2021-10-03 23:26:53,841][core.metrics.meter][INFO] - Meter:
SequenceAccuracy:	0.981
TokenAccuracy:	1.000
LengthAccuracy:	0.985
1st Token Accuracy:	1.000
Average Loss:	0.035
[2021-10-03 23:26:53,959][core.early_stopping][INFO] - Early stopping counter: 12 / 5
[2021-10-03 23:26:54,009][core.early_stopping][INFO] - Pausing model saving until validation loss decreases by 0.0001
[2021-10-03 23:26:54,009][core.trainer][INFO] - Computing metrics for 'test' dataset
[2021-10-03 23:27:34,319][core.metrics.meter][INFO] - Meter:
SequenceAccuracy:	0.982
TokenAccuracy:	1.000
LengthAccuracy:	0.985
1st Token Accuracy:	1.000
Average Loss:	0.034
[2021-10-03 23:27:34,320][core.trainer][INFO] - Computing metrics for 'gen' dataset
[2021-10-03 23:28:24,367][core.metrics.meter][INFO] - Meter:
SequenceAccuracy:	0.000
TokenAccuracy:	0.178
LengthAccuracy:	0.502
1st Token Accuracy:	0.164
Average Loss:	6.138
[2021-10-03 23:28:24,367][core.trainer][INFO] - EPOCH 19 / 50
[2021-10-03 23:28:24,367][core.trainer][INFO] - Computing metrics for 'train' dataset
[2021-10-03 23:28:54,648][core.trainer][INFO] - Computing metrics for 'val' dataset
[2021-10-03 23:28:58,858][core.metrics.meter][INFO] - Meter:
SequenceAccuracy:	0.981
TokenAccuracy:	1.000
LengthAccuracy:	0.983
1st Token Accuracy:	1.000
Average Loss:	0.034
[2021-10-03 23:28:58,961][core.early_stopping][INFO] - Early stopping counter: 13 / 5
[2021-10-03 23:28:59,011][core.early_stopping][INFO] - Pausing model saving until validation loss decreases by 0.0001
[2021-10-03 23:28:59,011][core.trainer][INFO] - Computing metrics for 'test' dataset
[2021-10-03 23:29:39,501][core.metrics.meter][INFO] - Meter:
SequenceAccuracy:	0.983
TokenAccuracy:	1.000
LengthAccuracy:	0.985
1st Token Accuracy:	1.000
Average Loss:	0.035
[2021-10-03 23:29:39,501][core.trainer][INFO] - Computing metrics for 'gen' dataset
[2021-10-03 23:30:29,770][core.metrics.meter][INFO] - Meter:
SequenceAccuracy:	0.000
TokenAccuracy:	0.176
LengthAccuracy:	0.501
1st Token Accuracy:	0.164
Average Loss:	6.176
[2021-10-03 23:30:29,770][core.trainer][INFO] - EPOCH 20 / 50
[2021-10-03 23:30:29,770][core.trainer][INFO] - Computing metrics for 'train' dataset
[2021-10-03 23:30:59,937][core.trainer][INFO] - Computing metrics for 'val' dataset
[2021-10-03 23:31:04,159][core.metrics.meter][INFO] - Meter:
SequenceAccuracy:	0.984
TokenAccuracy:	1.000
LengthAccuracy:	0.986
1st Token Accuracy:	1.000
Average Loss:	0.032
[2021-10-03 23:31:04,292][core.early_stopping][INFO] - Early stopping counter: 14 / 5
[2021-10-03 23:31:04,341][core.early_stopping][INFO] - Pausing model saving until validation loss decreases by 0.0001
[2021-10-03 23:31:04,342][core.trainer][INFO] - Computing metrics for 'test' dataset
[2021-10-03 23:31:44,955][core.metrics.meter][INFO] - Meter:
SequenceAccuracy:	0.982
TokenAccuracy:	1.000
LengthAccuracy:	0.984
1st Token Accuracy:	1.000
Average Loss:	0.035
[2021-10-03 23:31:44,956][core.trainer][INFO] - Computing metrics for 'gen' dataset
[2021-10-03 23:32:35,329][core.metrics.meter][INFO] - Meter:
SequenceAccuracy:	0.000
TokenAccuracy:	0.177
LengthAccuracy:	0.501
1st Token Accuracy:	0.164
Average Loss:	6.184
[2021-10-03 23:32:35,330][core.trainer][INFO] - EPOCH 21 / 50
[2021-10-03 23:32:35,330][core.trainer][INFO] - Computing metrics for 'train' dataset
[2021-10-03 23:33:05,562][core.trainer][INFO] - Computing metrics for 'val' dataset
[2021-10-03 23:33:09,750][core.metrics.meter][INFO] - Meter:
SequenceAccuracy:	0.982
TokenAccuracy:	1.000
LengthAccuracy:	0.984
1st Token Accuracy:	1.000
Average Loss:	0.034
[2021-10-03 23:33:40,149][core.trainer][INFO] - Computing metrics for 'val' dataset
[2021-10-03 23:33:44,330][core.metrics.meter][INFO] - Meter:
SequenceAccuracy:	0.987
TokenAccuracy:	1.000
LengthAccuracy:	0.987
1st Token Accuracy:	1.000
Average Loss:	0.027
[2021-10-03 23:33:44,459][core.early_stopping][INFO] - Early stopping counter: 1 / 5
[2021-10-03 23:33:44,509][core.early_stopping][INFO] - Pausing model saving until validation loss decreases by 0.0001
[2021-10-03 23:34:14,585][core.trainer][INFO] - Computing metrics for 'val' dataset
[2021-10-03 23:34:18,783][core.metrics.meter][INFO] - Meter:
SequenceAccuracy:	0.984
TokenAccuracy:	1.000
LengthAccuracy:	0.985
1st Token Accuracy:	1.000
Average Loss:	0.032
[2021-10-03 23:34:18,889][core.early_stopping][INFO] - Early stopping counter: 2 / 5
[2021-10-03 23:34:18,939][core.early_stopping][INFO] - Pausing model saving until validation loss decreases by 0.0001
[2021-10-03 23:34:49,033][core.trainer][INFO] - Computing metrics for 'val' dataset
[2021-10-03 23:34:53,213][core.metrics.meter][INFO] - Meter:
SequenceAccuracy:	0.981
TokenAccuracy:	1.000
LengthAccuracy:	0.982
1st Token Accuracy:	1.000
Average Loss:	0.035
[2021-10-03 23:34:53,329][core.early_stopping][INFO] - Early stopping counter: 3 / 5
[2021-10-03 23:34:53,379][core.early_stopping][INFO] - Pausing model saving until validation loss decreases by 0.0001
[2021-10-03 23:35:23,549][core.trainer][INFO] - Computing metrics for 'val' dataset
[2021-10-03 23:35:27,761][core.metrics.meter][INFO] - Meter:
SequenceAccuracy:	0.982
TokenAccuracy:	1.000
LengthAccuracy:	0.982
1st Token Accuracy:	1.000
Average Loss:	0.039
[2021-10-03 23:35:27,897][core.early_stopping][INFO] - Early stopping counter: 4 / 5
[2021-10-03 23:35:27,947][core.early_stopping][INFO] - Pausing model saving until validation loss decreases by 0.0001
[2021-10-03 23:35:58,097][core.trainer][INFO] - Computing metrics for 'val' dataset
[2021-10-03 23:36:02,319][core.metrics.meter][INFO] - Meter:
SequenceAccuracy:	0.985
TokenAccuracy:	1.000
LengthAccuracy:	0.985
1st Token Accuracy:	1.000
Average Loss:	0.032
[2021-10-03 23:36:02,423][core.early_stopping][INFO] - Early stopping counter: 5 / 5
[2021-10-03 23:36:02,473][core.early_stopping][INFO] - Pausing model saving until validation loss decreases by 0.0001
[2021-10-03 23:36:02,473][core.trainer][INFO] - Computing metrics for 'test' dataset
[2021-10-03 23:36:42,959][core.metrics.meter][INFO] - Meter:
SequenceAccuracy:	0.983
TokenAccuracy:	1.000
LengthAccuracy:	0.984
1st Token Accuracy:	1.000
Average Loss:	0.033
[2021-10-03 23:36:42,960][core.trainer][INFO] - Computing metrics for 'gen' dataset
[2021-10-03 23:37:33,200][core.metrics.meter][INFO] - Meter:
SequenceAccuracy:	0.000
TokenAccuracy:	0.175
LengthAccuracy:	0.499
1st Token Accuracy:	0.164
Average Loss:	6.318
[2021-10-03 23:37:33,200][core.trainer][INFO] - EPOCH 22 / 50
[2021-10-03 23:37:33,200][core.trainer][INFO] - Computing metrics for 'train' dataset
[2021-10-03 23:38:03,410][core.trainer][INFO] - Computing metrics for 'val' dataset
[2021-10-03 23:38:07,628][core.metrics.meter][INFO] - Meter:
SequenceAccuracy:	0.981
TokenAccuracy:	1.000
LengthAccuracy:	0.981
1st Token Accuracy:	1.000
Average Loss:	0.043
[2021-10-03 23:38:07,768][core.early_stopping][INFO] - Early stopping counter: 6 / 5
[2021-10-03 23:38:07,818][core.early_stopping][INFO] - Pausing model saving until validation loss decreases by 0.0001
[2021-10-03 23:38:07,819][core.trainer][INFO] - Computing metrics for 'test' dataset
[2021-10-03 23:38:48,420][core.metrics.meter][INFO] - Meter:
SequenceAccuracy:	0.983
TokenAccuracy:	1.000
LengthAccuracy:	0.984
1st Token Accuracy:	1.000
Average Loss:	0.035
[2021-10-03 23:38:48,420][core.trainer][INFO] - Computing metrics for 'gen' dataset
[2021-10-03 23:39:38,808][core.metrics.meter][INFO] - Meter:
SequenceAccuracy:	0.000
TokenAccuracy:	0.176
LengthAccuracy:	0.500
1st Token Accuracy:	0.164
Average Loss:	6.323
[2021-10-03 23:39:38,808][core.trainer][INFO] - EPOCH 23 / 50
[2021-10-03 23:39:38,808][core.trainer][INFO] - Computing metrics for 'train' dataset
[2021-10-03 23:40:09,099][core.trainer][INFO] - Computing metrics for 'val' dataset
[2021-10-03 23:40:13,309][core.metrics.meter][INFO] - Meter:
SequenceAccuracy:	0.985
TokenAccuracy:	1.000
LengthAccuracy:	0.985
1st Token Accuracy:	1.000
Average Loss:	0.032
[2021-10-03 23:40:13,424][core.early_stopping][INFO] - Early stopping counter: 7 / 5
[2021-10-03 23:40:13,475][core.early_stopping][INFO] - Pausing model saving until validation loss decreases by 0.0001
[2021-10-03 23:40:13,475][core.trainer][INFO] - Computing metrics for 'test' dataset
[2021-10-03 23:40:54,012][core.metrics.meter][INFO] - Meter:
SequenceAccuracy:	0.982
TokenAccuracy:	1.000
LengthAccuracy:	0.983
1st Token Accuracy:	1.000
Average Loss:	0.035
[2021-10-03 23:40:54,012][core.trainer][INFO] - Computing metrics for 'gen' dataset
[2021-10-03 23:41:44,326][core.metrics.meter][INFO] - Meter:
SequenceAccuracy:	0.000
TokenAccuracy:	0.175
LengthAccuracy:	0.499
1st Token Accuracy:	0.164
Average Loss:	6.347
[2021-10-03 23:41:44,326][core.trainer][INFO] - EPOCH 24 / 50
[2021-10-03 23:41:44,326][core.trainer][INFO] - Computing metrics for 'train' dataset
[2021-10-03 23:42:14,703][core.trainer][INFO] - Computing metrics for 'val' dataset
[2021-10-03 23:42:18,911][core.metrics.meter][INFO] - Meter:
SequenceAccuracy:	0.984
TokenAccuracy:	1.000
LengthAccuracy:	0.985
1st Token Accuracy:	1.000
Average Loss:	0.031
[2021-10-03 23:42:19,016][core.early_stopping][INFO] - Early stopping counter: 8 / 5
[2021-10-03 23:42:19,067][core.early_stopping][INFO] - Pausing model saving until validation loss decreases by 0.0001
[2021-10-03 23:42:19,067][core.trainer][INFO] - Computing metrics for 'test' dataset
[2021-10-03 23:42:59,604][core.metrics.meter][INFO] - Meter:
SequenceAccuracy:	0.984
TokenAccuracy:	1.000
LengthAccuracy:	0.984
1st Token Accuracy:	1.000
Average Loss:	0.034
[2021-10-03 23:42:59,604][core.trainer][INFO] - Computing metrics for 'gen' dataset
[2021-10-03 23:43:49,887][core.metrics.meter][INFO] - Meter:
SequenceAccuracy:	0.000
TokenAccuracy:	0.175
LengthAccuracy:	0.500
1st Token Accuracy:	0.164
Average Loss:	6.364
[2021-10-03 23:43:49,887][core.trainer][INFO] - EPOCH 25 / 50
[2021-10-03 23:43:49,887][core.trainer][INFO] - Computing metrics for 'train' dataset
[2021-10-03 23:44:20,213][core.trainer][INFO] - Computing metrics for 'val' dataset
[2021-10-03 23:44:24,400][core.metrics.meter][INFO] - Meter:
SequenceAccuracy:	0.984
TokenAccuracy:	1.000
LengthAccuracy:	0.984
1st Token Accuracy:	1.000
Average Loss:	0.033
[2021-10-03 23:44:24,524][core.early_stopping][INFO] - Early stopping counter: 9 / 5
[2021-10-03 23:44:24,574][core.early_stopping][INFO] - Pausing model saving until validation loss decreases by 0.0001
[2021-10-03 23:44:24,574][core.trainer][INFO] - Computing metrics for 'test' dataset
[2021-10-03 23:45:04,878][core.metrics.meter][INFO] - Meter:
SequenceAccuracy:	0.984
TokenAccuracy:	1.000
LengthAccuracy:	0.985
1st Token Accuracy:	1.000
Average Loss:	0.032
[2021-10-03 23:45:04,878][core.trainer][INFO] - Computing metrics for 'gen' dataset
[2021-10-03 23:45:54,891][core.metrics.meter][INFO] - Meter:
SequenceAccuracy:	0.000
TokenAccuracy:	0.174
LengthAccuracy:	0.500
1st Token Accuracy:	0.164
Average Loss:	6.386
[2021-10-03 23:45:54,892][core.trainer][INFO] - EPOCH 26 / 50
[2021-10-03 23:45:54,892][core.trainer][INFO] - Computing metrics for 'train' dataset
[2021-10-03 23:46:25,240][core.trainer][INFO] - Computing metrics for 'val' dataset
[2021-10-03 23:46:29,460][core.metrics.meter][INFO] - Meter:
SequenceAccuracy:	0.986
TokenAccuracy:	1.000
LengthAccuracy:	0.986
1st Token Accuracy:	1.000
Average Loss:	0.032
[2021-10-03 23:47:00,073][core.trainer][INFO] - Computing metrics for 'val' dataset
[2021-10-03 23:47:04,256][core.metrics.meter][INFO] - Meter:
SequenceAccuracy:	0.986
TokenAccuracy:	1.000
LengthAccuracy:	0.986
1st Token Accuracy:	1.000
Average Loss:	0.028
[2021-10-03 23:47:04,381][core.early_stopping][INFO] - Early stopping counter: 1 / 5
[2021-10-03 23:47:04,431][core.early_stopping][INFO] - Pausing model saving until validation loss decreases by 0.0001
[2021-10-03 23:47:34,463][core.trainer][INFO] - Computing metrics for 'val' dataset
[2021-10-03 23:47:38,673][core.metrics.meter][INFO] - Meter:
SequenceAccuracy:	0.982
TokenAccuracy:	1.000
LengthAccuracy:	0.983
1st Token Accuracy:	1.000
Average Loss:	0.033
[2021-10-03 23:47:38,780][core.early_stopping][INFO] - Early stopping counter: 2 / 5
[2021-10-03 23:47:38,831][core.early_stopping][INFO] - Pausing model saving until validation loss decreases by 0.0001
[2021-10-03 23:48:08,961][core.trainer][INFO] - Computing metrics for 'val' dataset
[2021-10-03 23:48:13,146][core.metrics.meter][INFO] - Meter:
SequenceAccuracy:	0.983
TokenAccuracy:	1.000
LengthAccuracy:	0.983
1st Token Accuracy:	1.000
Average Loss:	0.033
[2021-10-03 23:48:13,260][core.early_stopping][INFO] - Early stopping counter: 3 / 5
[2021-10-03 23:48:13,310][core.early_stopping][INFO] - Pausing model saving until validation loss decreases by 0.0001
[2021-10-03 23:48:43,429][core.trainer][INFO] - Computing metrics for 'val' dataset
[2021-10-03 23:48:47,658][core.metrics.meter][INFO] - Meter:
SequenceAccuracy:	0.985
TokenAccuracy:	1.000
LengthAccuracy:	0.985
1st Token Accuracy:	1.000
Average Loss:	0.032
[2021-10-03 23:48:47,798][core.early_stopping][INFO] - Early stopping counter: 4 / 5
[2021-10-03 23:48:47,848][core.early_stopping][INFO] - Pausing model saving until validation loss decreases by 0.0001
[2021-10-03 23:49:17,926][core.trainer][INFO] - Computing metrics for 'val' dataset
[2021-10-03 23:49:22,104][core.metrics.meter][INFO] - Meter:
SequenceAccuracy:	0.984
TokenAccuracy:	1.000
LengthAccuracy:	0.984
1st Token Accuracy:	1.000
Average Loss:	0.032
[2021-10-03 23:49:22,208][core.early_stopping][INFO] - Early stopping counter: 5 / 5
[2021-10-03 23:49:22,258][core.early_stopping][INFO] - Pausing model saving until validation loss decreases by 0.0001
[2021-10-03 23:49:22,259][core.trainer][INFO] - Computing metrics for 'test' dataset
[2021-10-03 23:50:02,486][core.metrics.meter][INFO] - Meter:
SequenceAccuracy:	0.985
TokenAccuracy:	1.000
LengthAccuracy:	0.985
1st Token Accuracy:	1.000
Average Loss:	0.031
[2021-10-03 23:50:02,486][core.trainer][INFO] - Computing metrics for 'gen' dataset
[2021-10-03 23:50:52,391][core.metrics.meter][INFO] - Meter:
SequenceAccuracy:	0.000
TokenAccuracy:	0.174
LengthAccuracy:	0.497
1st Token Accuracy:	0.164
Average Loss:	6.474
[2021-10-03 23:50:52,391][core.trainer][INFO] - EPOCH 27 / 50
[2021-10-03 23:50:52,391][core.trainer][INFO] - Computing metrics for 'train' dataset
[2021-10-03 23:51:22,747][core.trainer][INFO] - Computing metrics for 'val' dataset
[2021-10-03 23:51:26,971][core.metrics.meter][INFO] - Meter:
SequenceAccuracy:	0.983
TokenAccuracy:	1.000
LengthAccuracy:	0.983
1st Token Accuracy:	1.000
Average Loss:	0.031
[2021-10-03 23:51:27,102][core.early_stopping][INFO] - Early stopping counter: 6 / 5
[2021-10-03 23:51:27,152][core.early_stopping][INFO] - Pausing model saving until validation loss decreases by 0.0001
[2021-10-03 23:51:27,152][core.trainer][INFO] - Computing metrics for 'test' dataset
[2021-10-03 23:52:07,781][core.metrics.meter][INFO] - Meter:
SequenceAccuracy:	0.982
TokenAccuracy:	1.000
LengthAccuracy:	0.982
1st Token Accuracy:	1.000
Average Loss:	0.034
[2021-10-03 23:52:07,782][core.trainer][INFO] - Computing metrics for 'gen' dataset
[2021-10-03 23:52:58,185][core.metrics.meter][INFO] - Meter:
SequenceAccuracy:	0.000
TokenAccuracy:	0.174
LengthAccuracy:	0.499
1st Token Accuracy:	0.164
Average Loss:	6.485
[2021-10-03 23:52:58,185][core.trainer][INFO] - EPOCH 28 / 50
[2021-10-03 23:52:58,185][core.trainer][INFO] - Computing metrics for 'train' dataset
[2021-10-03 23:53:28,536][core.trainer][INFO] - Computing metrics for 'val' dataset
[2021-10-03 23:53:32,739][core.metrics.meter][INFO] - Meter:
SequenceAccuracy:	0.982
TokenAccuracy:	1.000
LengthAccuracy:	0.982
1st Token Accuracy:	1.000
Average Loss:	0.034
[2021-10-03 23:53:32,849][core.early_stopping][INFO] - Early stopping counter: 7 / 5
[2021-10-03 23:53:32,899][core.early_stopping][INFO] - Pausing model saving until validation loss decreases by 0.0001
[2021-10-03 23:53:32,900][core.trainer][INFO] - Computing metrics for 'test' dataset
[2021-10-03 23:54:13,092][core.metrics.meter][INFO] - Meter:
SequenceAccuracy:	0.984
TokenAccuracy:	1.000
LengthAccuracy:	0.985
1st Token Accuracy:	1.000
Average Loss:	0.033
[2021-10-03 23:54:13,092][core.trainer][INFO] - Computing metrics for 'gen' dataset
[2021-10-03 23:55:02,939][core.metrics.meter][INFO] - Meter:
SequenceAccuracy:	0.000
TokenAccuracy:	0.175
LengthAccuracy:	0.500
1st Token Accuracy:	0.164
Average Loss:	6.505
[2021-10-03 23:55:02,940][core.trainer][INFO] - EPOCH 29 / 50
[2021-10-03 23:55:02,940][core.trainer][INFO] - Computing metrics for 'train' dataset
[2021-10-03 23:55:33,339][core.trainer][INFO] - Computing metrics for 'val' dataset
[2021-10-03 23:55:37,533][core.metrics.meter][INFO] - Meter:
SequenceAccuracy:	0.986
TokenAccuracy:	1.000
LengthAccuracy:	0.987
1st Token Accuracy:	1.000
Average Loss:	0.027
[2021-10-03 23:55:37,641][core.early_stopping][INFO] - Early stopping counter: 8 / 5
[2021-10-03 23:55:37,691][core.early_stopping][INFO] - Pausing model saving until validation loss decreases by 0.0001
[2021-10-03 23:55:37,691][core.trainer][INFO] - Computing metrics for 'test' dataset
[2021-10-03 23:56:18,013][core.metrics.meter][INFO] - Meter:
SequenceAccuracy:	0.983
TokenAccuracy:	1.000
LengthAccuracy:	0.983
1st Token Accuracy:	1.000
Average Loss:	0.033
[2021-10-03 23:56:18,013][core.trainer][INFO] - Computing metrics for 'gen' dataset
[2021-10-03 23:57:07,980][core.metrics.meter][INFO] - Meter:
SequenceAccuracy:	0.000
TokenAccuracy:	0.174
LengthAccuracy:	0.498
1st Token Accuracy:	0.164
Average Loss:	6.522
[2021-10-03 23:57:07,980][core.trainer][INFO] - EPOCH 30 / 50
[2021-10-03 23:57:07,980][core.trainer][INFO] - Computing metrics for 'train' dataset
[2021-10-03 23:57:38,271][core.trainer][INFO] - Computing metrics for 'val' dataset
[2021-10-03 23:57:42,463][core.metrics.meter][INFO] - Meter:
SequenceAccuracy:	0.982
TokenAccuracy:	1.000
LengthAccuracy:	0.982
1st Token Accuracy:	1.000
Average Loss:	0.036
[2021-10-03 23:57:42,585][core.early_stopping][INFO] - Early stopping counter: 9 / 5
[2021-10-03 23:57:42,635][core.early_stopping][INFO] - Pausing model saving until validation loss decreases by 0.0001
[2021-10-03 23:57:42,636][core.trainer][INFO] - Computing metrics for 'test' dataset
[2021-10-03 23:58:22,839][core.metrics.meter][INFO] - Meter:
SequenceAccuracy:	0.984
TokenAccuracy:	1.000
LengthAccuracy:	0.985
1st Token Accuracy:	1.000
Average Loss:	0.031
[2021-10-03 23:58:22,840][core.trainer][INFO] - Computing metrics for 'gen' dataset
[2021-10-03 23:59:12,683][core.metrics.meter][INFO] - Meter:
SequenceAccuracy:	0.000
TokenAccuracy:	0.174
LengthAccuracy:	0.498
1st Token Accuracy:	0.164
Average Loss:	6.533
[2021-10-03 23:59:12,683][core.trainer][INFO] - EPOCH 31 / 50
[2021-10-03 23:59:12,683][core.trainer][INFO] - Computing metrics for 'train' dataset
[2021-10-03 23:59:43,020][core.trainer][INFO] - Computing metrics for 'val' dataset
[2021-10-03 23:59:47,237][core.metrics.meter][INFO] - Meter:
SequenceAccuracy:	0.982
TokenAccuracy:	1.000
LengthAccuracy:	0.982
1st Token Accuracy:	1.000
Average Loss:	0.038
[2021-10-03 23:59:47,345][core.early_stopping][INFO] - Early stopping counter: 10 / 5
[2021-10-03 23:59:47,395][core.early_stopping][INFO] - Pausing model saving until validation loss decreases by 0.0001
[2021-10-03 23:59:47,395][core.trainer][INFO] - Computing metrics for 'test' dataset
[2021-10-04 00:00:27,970][core.metrics.meter][INFO] - Meter:
SequenceAccuracy:	0.983
TokenAccuracy:	1.000
LengthAccuracy:	0.983
1st Token Accuracy:	1.000
Average Loss:	0.034
[2021-10-04 00:00:27,970][core.trainer][INFO] - Computing metrics for 'gen' dataset
[2021-10-04 00:01:18,260][core.metrics.meter][INFO] - Meter:
SequenceAccuracy:	0.000
TokenAccuracy:	0.174
LengthAccuracy:	0.496
1st Token Accuracy:	0.164
Average Loss:	6.548
[2021-10-04 00:01:18,260][core.trainer][INFO] - EPOCH 32 / 50
[2021-10-04 00:01:18,260][core.trainer][INFO] - Computing metrics for 'train' dataset
[2021-10-04 00:01:48,583][core.trainer][INFO] - Computing metrics for 'val' dataset
[2021-10-04 00:01:52,776][core.metrics.meter][INFO] - Meter:
SequenceAccuracy:	0.983
TokenAccuracy:	1.000
LengthAccuracy:	0.983
1st Token Accuracy:	1.000
Average Loss:	0.035
[2021-10-04 00:01:52,910][core.early_stopping][INFO] - Early stopping counter: 11 / 5
[2021-10-04 00:01:52,959][core.early_stopping][INFO] - Pausing model saving until validation loss decreases by 0.0001
[2021-10-04 00:01:52,960][core.trainer][INFO] - Computing metrics for 'test' dataset
[2021-10-04 00:02:33,332][core.metrics.meter][INFO] - Meter:
SequenceAccuracy:	0.984
TokenAccuracy:	1.000
LengthAccuracy:	0.985
1st Token Accuracy:	1.000
Average Loss:	0.031
[2021-10-04 00:02:33,332][core.trainer][INFO] - Computing metrics for 'gen' dataset
[2021-10-04 00:03:23,318][core.metrics.meter][INFO] - Meter:
SequenceAccuracy:	0.000
TokenAccuracy:	0.174
LengthAccuracy:	0.496
1st Token Accuracy:	0.164
Average Loss:	6.566
[2021-10-04 00:03:23,318][core.trainer][INFO] - EPOCH 33 / 50
[2021-10-04 00:03:23,318][core.trainer][INFO] - Computing metrics for 'train' dataset
[2021-10-04 00:03:53,621][core.trainer][INFO] - Computing metrics for 'val' dataset
[2021-10-04 00:03:57,801][core.metrics.meter][INFO] - Meter:
SequenceAccuracy:	0.984
TokenAccuracy:	1.000
LengthAccuracy:	0.984
1st Token Accuracy:	1.000
Average Loss:	0.033
[2021-10-04 00:03:57,912][core.early_stopping][INFO] - Early stopping counter: 12 / 5
[2021-10-04 00:03:57,962][core.early_stopping][INFO] - Pausing model saving until validation loss decreases by 0.0001
[2021-10-04 00:03:57,963][core.trainer][INFO] - Computing metrics for 'test' dataset
[2021-10-04 00:04:38,199][core.metrics.meter][INFO] - Meter:
SequenceAccuracy:	0.983
TokenAccuracy:	1.000
LengthAccuracy:	0.984
1st Token Accuracy:	1.000
Average Loss:	0.032
[2021-10-04 00:04:38,199][core.trainer][INFO] - Computing metrics for 'gen' dataset
[2021-10-04 00:05:28,105][core.metrics.meter][INFO] - Meter:
SequenceAccuracy:	0.000
TokenAccuracy:	0.173
LengthAccuracy:	0.500
1st Token Accuracy:	0.164
Average Loss:	6.588
[2021-10-04 00:05:28,105][core.trainer][INFO] - EPOCH 34 / 50
[2021-10-04 00:05:28,105][core.trainer][INFO] - Computing metrics for 'train' dataset
[2021-10-04 00:05:58,353][core.trainer][INFO] - Computing metrics for 'val' dataset
[2021-10-04 00:06:02,566][core.metrics.meter][INFO] - Meter:
SequenceAccuracy:	0.985
TokenAccuracy:	1.000
LengthAccuracy:	0.985
1st Token Accuracy:	1.000
Average Loss:	0.029
[2021-10-04 00:06:02,670][core.early_stopping][INFO] - Early stopping counter: 13 / 5
[2021-10-04 00:06:02,720][core.early_stopping][INFO] - Pausing model saving until validation loss decreases by 0.0001
[2021-10-04 00:06:02,721][core.trainer][INFO] - Computing metrics for 'test' dataset
[2021-10-04 00:06:43,267][core.metrics.meter][INFO] - Meter:
SequenceAccuracy:	0.984
TokenAccuracy:	1.000
LengthAccuracy:	0.984
1st Token Accuracy:	1.000
Average Loss:	0.031
[2021-10-04 00:06:43,267][core.trainer][INFO] - Computing metrics for 'gen' dataset
[2021-10-04 00:07:33,556][core.metrics.meter][INFO] - Meter:
SequenceAccuracy:	0.000
TokenAccuracy:	0.174
LengthAccuracy:	0.497
1st Token Accuracy:	0.164
Average Loss:	6.597
[2021-10-04 00:07:33,556][core.trainer][INFO] - EPOCH 35 / 50
[2021-10-04 00:07:33,556][core.trainer][INFO] - Computing metrics for 'train' dataset
[2021-10-04 00:08:03,774][core.trainer][INFO] - Computing metrics for 'val' dataset
[2021-10-04 00:08:07,959][core.metrics.meter][INFO] - Meter:
SequenceAccuracy:	0.983
TokenAccuracy:	1.000
LengthAccuracy:	0.983
1st Token Accuracy:	1.000
Average Loss:	0.033
[2021-10-04 00:08:08,082][core.early_stopping][INFO] - Early stopping counter: 14 / 5
[2021-10-04 00:08:08,133][core.early_stopping][INFO] - Pausing model saving until validation loss decreases by 0.0001
[2021-10-04 00:08:08,133][core.trainer][INFO] - Computing metrics for 'test' dataset
[2021-10-04 00:08:48,350][core.metrics.meter][INFO] - Meter:
SequenceAccuracy:	0.983
TokenAccuracy:	1.000
LengthAccuracy:	0.983
1st Token Accuracy:	1.000
Average Loss:	0.035
[2021-10-04 00:08:48,350][core.trainer][INFO] - Computing metrics for 'gen' dataset
[2021-10-04 00:09:38,220][core.metrics.meter][INFO] - Meter:
SequenceAccuracy:	0.000
TokenAccuracy:	0.174
LengthAccuracy:	0.496
1st Token Accuracy:	0.164
Average Loss:	6.603
[2021-10-04 00:09:38,220][core.trainer][INFO] - EPOCH 36 / 50
[2021-10-04 00:09:38,220][core.trainer][INFO] - Computing metrics for 'train' dataset
[2021-10-04 00:10:08,612][core.trainer][INFO] - Computing metrics for 'val' dataset
[2021-10-04 00:10:12,830][core.metrics.meter][INFO] - Meter:
SequenceAccuracy:	0.983
TokenAccuracy:	1.000
LengthAccuracy:	0.983
1st Token Accuracy:	1.000
Average Loss:	0.036
[2021-10-04 00:10:12,935][core.early_stopping][INFO] - Early stopping counter: 15 / 5
[2021-10-04 00:10:12,984][core.early_stopping][INFO] - Pausing model saving until validation loss decreases by 0.0001
[2021-10-04 00:10:12,984][core.trainer][INFO] - Computing metrics for 'test' dataset
[2021-10-04 00:10:53,472][core.metrics.meter][INFO] - Meter:
SequenceAccuracy:	0.983
TokenAccuracy:	1.000
LengthAccuracy:	0.983
1st Token Accuracy:	1.000
Average Loss:	0.033
[2021-10-04 00:10:53,473][core.trainer][INFO] - Computing metrics for 'gen' dataset
[2021-10-04 00:11:43,635][core.metrics.meter][INFO] - Meter:
SequenceAccuracy:	0.000
TokenAccuracy:	0.172
LengthAccuracy:	0.499
1st Token Accuracy:	0.164
Average Loss:	6.625
[2021-10-04 00:11:43,635][core.trainer][INFO] - EPOCH 37 / 50
[2021-10-04 00:11:43,635][core.trainer][INFO] - Computing metrics for 'train' dataset
[2021-10-04 00:12:13,933][core.trainer][INFO] - Computing metrics for 'val' dataset
[2021-10-04 00:12:18,142][core.metrics.meter][INFO] - Meter:
SequenceAccuracy:	0.985
TokenAccuracy:	1.000
LengthAccuracy:	0.985
1st Token Accuracy:	1.000
Average Loss:	0.028
[2021-10-04 00:12:49,486][core.trainer][INFO] - Computing metrics for 'val' dataset
[2021-10-04 00:12:53,665][core.metrics.meter][INFO] - Meter:
SequenceAccuracy:	0.983
TokenAccuracy:	1.000
LengthAccuracy:	0.983
1st Token Accuracy:	1.000
Average Loss:	0.034
[2021-10-04 00:12:53,770][core.early_stopping][INFO] - Early stopping counter: 1 / 5
[2021-10-04 00:12:53,820][core.early_stopping][INFO] - Pausing model saving until validation loss decreases by 0.0001
[2021-10-04 00:13:24,048][core.trainer][INFO] - Computing metrics for 'val' dataset
[2021-10-04 00:13:28,218][core.metrics.meter][INFO] - Meter:
SequenceAccuracy:	0.981
TokenAccuracy:	1.000
LengthAccuracy:	0.981
1st Token Accuracy:	1.000
Average Loss:	0.037
[2021-10-04 00:13:28,338][core.early_stopping][INFO] - Early stopping counter: 2 / 5
[2021-10-04 00:13:28,388][core.early_stopping][INFO] - Pausing model saving until validation loss decreases by 0.0001
[2021-10-04 00:13:58,554][core.trainer][INFO] - Computing metrics for 'val' dataset
[2021-10-04 00:14:02,777][core.metrics.meter][INFO] - Meter:
SequenceAccuracy:	0.984
TokenAccuracy:	1.000
LengthAccuracy:	0.984
1st Token Accuracy:	1.000
Average Loss:	0.032
[2021-10-04 00:14:02,888][core.early_stopping][INFO] - Early stopping counter: 3 / 5
[2021-10-04 00:14:02,939][core.early_stopping][INFO] - Pausing model saving until validation loss decreases by 0.0001
[2021-10-04 00:14:33,139][core.trainer][INFO] - Computing metrics for 'val' dataset
[2021-10-04 00:14:37,337][core.metrics.meter][INFO] - Meter:
SequenceAccuracy:	0.986
TokenAccuracy:	1.000
LengthAccuracy:	0.986
1st Token Accuracy:	1.000
Average Loss:	0.028
[2021-10-04 00:14:37,444][core.early_stopping][INFO] - Early stopping counter: 4 / 5
[2021-10-04 00:14:37,494][core.early_stopping][INFO] - Pausing model saving until validation loss decreases by 0.0001
[2021-10-04 00:15:07,736][core.trainer][INFO] - Computing metrics for 'val' dataset
[2021-10-04 00:15:11,968][core.metrics.meter][INFO] - Meter:
SequenceAccuracy:	0.985
TokenAccuracy:	1.000
LengthAccuracy:	0.985
1st Token Accuracy:	1.000
Average Loss:	0.030
[2021-10-04 00:15:12,100][core.early_stopping][INFO] - Early stopping counter: 5 / 5
[2021-10-04 00:15:12,150][core.early_stopping][INFO] - Pausing model saving until validation loss decreases by 0.0001
[2021-10-04 00:15:12,151][core.trainer][INFO] - Computing metrics for 'test' dataset
[2021-10-04 00:15:52,773][core.metrics.meter][INFO] - Meter:
SequenceAccuracy:	0.983
TokenAccuracy:	1.000
LengthAccuracy:	0.983
1st Token Accuracy:	1.000
Average Loss:	0.035
[2021-10-04 00:15:52,773][core.trainer][INFO] - Computing metrics for 'gen' dataset
[2021-10-04 00:16:43,074][core.metrics.meter][INFO] - Meter:
SequenceAccuracy:	0.000
TokenAccuracy:	0.173
LengthAccuracy:	0.494
1st Token Accuracy:	0.164
Average Loss:	6.702
[2021-10-04 00:16:43,074][core.trainer][INFO] - EPOCH 38 / 50
[2021-10-04 00:16:43,075][core.trainer][INFO] - Computing metrics for 'train' dataset
[2021-10-04 00:17:13,342][core.trainer][INFO] - Computing metrics for 'val' dataset
[2021-10-04 00:17:17,554][core.metrics.meter][INFO] - Meter:
SequenceAccuracy:	0.984
TokenAccuracy:	1.000
LengthAccuracy:	0.984
1st Token Accuracy:	1.000
Average Loss:	0.031
[2021-10-04 00:17:17,663][core.early_stopping][INFO] - Early stopping counter: 6 / 5
[2021-10-04 00:17:17,713][core.early_stopping][INFO] - Pausing model saving until validation loss decreases by 0.0001
[2021-10-04 00:17:17,714][core.trainer][INFO] - Computing metrics for 'test' dataset
[2021-10-04 00:17:58,272][core.metrics.meter][INFO] - Meter:
SequenceAccuracy:	0.983
TokenAccuracy:	1.000
LengthAccuracy:	0.983
1st Token Accuracy:	1.000
Average Loss:	0.034
[2021-10-04 00:17:58,272][core.trainer][INFO] - Computing metrics for 'gen' dataset
[2021-10-04 00:18:48,574][core.metrics.meter][INFO] - Meter:
SequenceAccuracy:	0.000
TokenAccuracy:	0.173
LengthAccuracy:	0.495
1st Token Accuracy:	0.164
Average Loss:	6.705
[2021-10-04 00:18:48,575][core.trainer][INFO] - EPOCH 39 / 50
[2021-10-04 00:18:48,575][core.trainer][INFO] - Computing metrics for 'train' dataset
[2021-10-04 00:19:18,781][core.trainer][INFO] - Computing metrics for 'val' dataset
[2021-10-04 00:19:22,954][core.metrics.meter][INFO] - Meter:
SequenceAccuracy:	0.987
TokenAccuracy:	1.000
LengthAccuracy:	0.987
1st Token Accuracy:	1.000
Average Loss:	0.025
[2021-10-04 00:19:23,062][core.early_stopping][INFO] - Early stopping counter: 7 / 5
[2021-10-04 00:19:23,111][core.early_stopping][INFO] - Pausing model saving until validation loss decreases by 0.0001
[2021-10-04 00:19:23,112][core.trainer][INFO] - Computing metrics for 'test' dataset
[2021-10-04 00:20:03,374][core.metrics.meter][INFO] - Meter:
SequenceAccuracy:	0.983
TokenAccuracy:	1.000
LengthAccuracy:	0.983
1st Token Accuracy:	1.000
Average Loss:	0.034
[2021-10-04 00:20:03,374][core.trainer][INFO] - Computing metrics for 'gen' dataset
[2021-10-04 00:20:53,259][core.metrics.meter][INFO] - Meter:
SequenceAccuracy:	0.000
TokenAccuracy:	0.172
LengthAccuracy:	0.495
1st Token Accuracy:	0.164
Average Loss:	6.730
[2021-10-04 00:20:53,259][core.trainer][INFO] - EPOCH 40 / 50
[2021-10-04 00:20:53,259][core.trainer][INFO] - Computing metrics for 'train' dataset
[2021-10-04 00:21:23,616][core.trainer][INFO] - Computing metrics for 'val' dataset
[2021-10-04 00:21:27,833][core.metrics.meter][INFO] - Meter:
SequenceAccuracy:	0.983
TokenAccuracy:	1.000
LengthAccuracy:	0.983
1st Token Accuracy:	1.000
Average Loss:	0.032
[2021-10-04 00:21:27,951][core.early_stopping][INFO] - Early stopping counter: 8 / 5
[2021-10-04 00:21:28,001][core.early_stopping][INFO] - Pausing model saving until validation loss decreases by 0.0001
[2021-10-04 00:21:28,001][core.trainer][INFO] - Computing metrics for 'test' dataset
[2021-10-04 00:22:08,690][core.metrics.meter][INFO] - Meter:
SequenceAccuracy:	0.986
TokenAccuracy:	1.000
LengthAccuracy:	0.986
1st Token Accuracy:	1.000
Average Loss:	0.029
[2021-10-04 00:22:08,691][core.trainer][INFO] - Computing metrics for 'gen' dataset
[2021-10-04 00:22:59,078][core.metrics.meter][INFO] - Meter:
SequenceAccuracy:	0.000
TokenAccuracy:	0.173
LengthAccuracy:	0.498
1st Token Accuracy:	0.164
Average Loss:	6.726
[2021-10-04 00:22:59,079][core.trainer][INFO] - EPOCH 41 / 50
[2021-10-04 00:22:59,079][core.trainer][INFO] - Computing metrics for 'train' dataset
[2021-10-04 00:23:29,382][core.trainer][INFO] - Computing metrics for 'val' dataset
[2021-10-04 00:23:33,567][core.metrics.meter][INFO] - Meter:
SequenceAccuracy:	0.985
TokenAccuracy:	1.000
LengthAccuracy:	0.985
1st Token Accuracy:	1.000
Average Loss:	0.031
[2021-10-04 00:23:33,673][core.early_stopping][INFO] - Early stopping counter: 9 / 5
[2021-10-04 00:23:33,723][core.early_stopping][INFO] - Pausing model saving until validation loss decreases by 0.0001
[2021-10-04 00:23:33,724][core.trainer][INFO] - Computing metrics for 'test' dataset
[2021-10-04 00:24:13,969][core.metrics.meter][INFO] - Meter:
SequenceAccuracy:	0.985
TokenAccuracy:	1.000
LengthAccuracy:	0.985
1st Token Accuracy:	1.000
Average Loss:	0.029
[2021-10-04 00:24:13,970][core.trainer][INFO] - Computing metrics for 'gen' dataset
[2021-10-04 00:25:03,849][core.metrics.meter][INFO] - Meter:
SequenceAccuracy:	0.000
TokenAccuracy:	0.172
LengthAccuracy:	0.496
1st Token Accuracy:	0.164
Average Loss:	6.751
[2021-10-04 00:25:03,850][core.trainer][INFO] - EPOCH 42 / 50
[2021-10-04 00:25:03,850][core.trainer][INFO] - Computing metrics for 'train' dataset
[2021-10-04 00:25:34,087][core.trainer][INFO] - Computing metrics for 'val' dataset
[2021-10-04 00:25:38,295][core.metrics.meter][INFO] - Meter:
SequenceAccuracy:	0.982
TokenAccuracy:	1.000
LengthAccuracy:	0.982
1st Token Accuracy:	1.000
Average Loss:	0.034
[2021-10-04 00:26:08,787][core.trainer][INFO] - Computing metrics for 'val' dataset
[2021-10-04 00:26:12,967][core.metrics.meter][INFO] - Meter:
SequenceAccuracy:	0.986
TokenAccuracy:	1.000
LengthAccuracy:	0.986
1st Token Accuracy:	1.000
Average Loss:	0.025
[2021-10-04 00:26:13,073][core.early_stopping][INFO] - Early stopping counter: 1 / 5
[2021-10-04 00:26:13,122][core.early_stopping][INFO] - Pausing model saving until validation loss decreases by 0.0001
[2021-10-04 00:26:43,305][core.trainer][INFO] - Computing metrics for 'val' dataset
[2021-10-04 00:26:47,473][core.metrics.meter][INFO] - Meter:
SequenceAccuracy:	0.982
TokenAccuracy:	1.000
LengthAccuracy:	0.982
1st Token Accuracy:	1.000
Average Loss:	0.037
[2021-10-04 00:26:47,590][core.early_stopping][INFO] - Early stopping counter: 2 / 5
[2021-10-04 00:26:47,640][core.early_stopping][INFO] - Pausing model saving until validation loss decreases by 0.0001
[2021-10-04 00:27:17,732][core.trainer][INFO] - Computing metrics for 'val' dataset
[2021-10-04 00:27:21,956][core.metrics.meter][INFO] - Meter:
SequenceAccuracy:	0.984
TokenAccuracy:	1.000
LengthAccuracy:	0.984
1st Token Accuracy:	1.000
Average Loss:	0.032
[2021-10-04 00:27:22,097][core.early_stopping][INFO] - Early stopping counter: 3 / 5
[2021-10-04 00:27:22,148][core.early_stopping][INFO] - Pausing model saving until validation loss decreases by 0.0001
[2021-10-04 00:27:52,365][core.trainer][INFO] - Computing metrics for 'val' dataset
[2021-10-04 00:27:56,570][core.metrics.meter][INFO] - Meter:
SequenceAccuracy:	0.983
TokenAccuracy:	1.000
LengthAccuracy:	0.983
1st Token Accuracy:	1.000
Average Loss:	0.032
[2021-10-04 00:27:56,672][core.early_stopping][INFO] - Early stopping counter: 4 / 5
[2021-10-04 00:27:56,722][core.early_stopping][INFO] - Pausing model saving until validation loss decreases by 0.0001
[2021-10-04 00:28:26,804][core.trainer][INFO] - Computing metrics for 'val' dataset
[2021-10-04 00:28:30,986][core.metrics.meter][INFO] - Meter:
SequenceAccuracy:	0.981
TokenAccuracy:	1.000
LengthAccuracy:	0.981
1st Token Accuracy:	1.000
Average Loss:	0.038
[2021-10-04 00:28:31,112][core.early_stopping][INFO] - Early stopping counter: 5 / 5
[2021-10-04 00:28:31,162][core.early_stopping][INFO] - Pausing model saving until validation loss decreases by 0.0001
[2021-10-04 00:28:31,163][core.trainer][INFO] - Computing metrics for 'test' dataset
[2021-10-04 00:29:11,442][core.metrics.meter][INFO] - Meter:
SequenceAccuracy:	0.983
TokenAccuracy:	1.000
LengthAccuracy:	0.983
1st Token Accuracy:	1.000
Average Loss:	0.034
[2021-10-04 00:29:11,442][core.trainer][INFO] - Computing metrics for 'gen' dataset
[2021-10-04 00:30:01,345][core.metrics.meter][INFO] - Meter:
SequenceAccuracy:	0.000
TokenAccuracy:	0.172
LengthAccuracy:	0.498
1st Token Accuracy:	0.164
Average Loss:	6.807
[2021-10-04 00:30:01,345][core.trainer][INFO] - EPOCH 43 / 50
[2021-10-04 00:30:01,345][core.trainer][INFO] - Computing metrics for 'train' dataset
[2021-10-04 00:30:31,532][core.trainer][INFO] - Computing metrics for 'val' dataset
[2021-10-04 00:30:35,749][core.metrics.meter][INFO] - Meter:
SequenceAccuracy:	0.985
TokenAccuracy:	1.000
LengthAccuracy:	0.985
1st Token Accuracy:	1.000
Average Loss:	0.030
[2021-10-04 00:31:08,308][core.trainer][INFO] - Computing metrics for 'val' dataset
[2021-10-04 00:31:12,509][core.metrics.meter][INFO] - Meter:
SequenceAccuracy:	0.983
TokenAccuracy:	1.000
LengthAccuracy:	0.983
1st Token Accuracy:	1.000
Average Loss:	0.035
[2021-10-04 00:31:12,631][core.early_stopping][INFO] - Early stopping counter: 1 / 5
[2021-10-04 00:31:12,681][core.early_stopping][INFO] - Pausing model saving until validation loss decreases by 0.0001
[2021-10-04 00:31:42,885][core.trainer][INFO] - Computing metrics for 'val' dataset
[2021-10-04 00:31:47,093][core.metrics.meter][INFO] - Meter:
SequenceAccuracy:	0.983
TokenAccuracy:	1.000
LengthAccuracy:	0.983
1st Token Accuracy:	1.000
Average Loss:	0.033
[2021-10-04 00:31:47,196][core.early_stopping][INFO] - Early stopping counter: 2 / 5
[2021-10-04 00:31:47,245][core.early_stopping][INFO] - Pausing model saving until validation loss decreases by 0.0001
[2021-10-04 00:32:17,363][core.trainer][INFO] - Computing metrics for 'val' dataset
[2021-10-04 00:32:21,556][core.metrics.meter][INFO] - Meter:
SequenceAccuracy:	0.984
TokenAccuracy:	1.000
LengthAccuracy:	0.984
1st Token Accuracy:	1.000
Average Loss:	0.029
[2021-10-04 00:32:21,669][core.early_stopping][INFO] - Early stopping counter: 3 / 5
[2021-10-04 00:32:21,719][core.early_stopping][INFO] - Pausing model saving until validation loss decreases by 0.0001
[2021-10-04 00:32:51,891][core.trainer][INFO] - Computing metrics for 'val' dataset
[2021-10-04 00:32:56,083][core.metrics.meter][INFO] - Meter:
SequenceAccuracy:	0.985
TokenAccuracy:	1.000
LengthAccuracy:	0.985
1st Token Accuracy:	1.000
Average Loss:	0.032
[2021-10-04 00:32:56,214][core.early_stopping][INFO] - Early stopping counter: 4 / 5
[2021-10-04 00:32:56,264][core.early_stopping][INFO] - Pausing model saving until validation loss decreases by 0.0001
[2021-10-04 00:33:26,375][core.trainer][INFO] - Computing metrics for 'val' dataset
[2021-10-04 00:33:30,599][core.metrics.meter][INFO] - Meter:
SequenceAccuracy:	0.981
TokenAccuracy:	1.000
LengthAccuracy:	0.981
1st Token Accuracy:	1.000
Average Loss:	0.038
[2021-10-04 00:33:30,706][core.early_stopping][INFO] - Early stopping counter: 5 / 5
[2021-10-04 00:33:30,756][core.early_stopping][INFO] - Pausing model saving until validation loss decreases by 0.0001
[2021-10-04 00:33:30,757][core.trainer][INFO] - Computing metrics for 'test' dataset
[2021-10-04 00:34:11,369][core.metrics.meter][INFO] - Meter:
SequenceAccuracy:	0.982
TokenAccuracy:	1.000
LengthAccuracy:	0.983
1st Token Accuracy:	1.000
Average Loss:	0.036
[2021-10-04 00:34:11,369][core.trainer][INFO] - Computing metrics for 'gen' dataset
[2021-10-04 00:35:01,690][core.metrics.meter][INFO] - Meter:
SequenceAccuracy:	0.000
TokenAccuracy:	0.171
LengthAccuracy:	0.497
1st Token Accuracy:	0.164
Average Loss:	6.874
[2021-10-04 00:35:01,690][core.trainer][INFO] - EPOCH 44 / 50
[2021-10-04 00:35:01,690][core.trainer][INFO] - Computing metrics for 'train' dataset
[2021-10-04 00:35:31,880][core.trainer][INFO] - Computing metrics for 'val' dataset
[2021-10-04 00:35:36,072][core.metrics.meter][INFO] - Meter:
SequenceAccuracy:	0.981
TokenAccuracy:	1.000
LengthAccuracy:	0.981
1st Token Accuracy:	1.000
Average Loss:	0.040
[2021-10-04 00:35:36,202][core.early_stopping][INFO] - Early stopping counter: 6 / 5
[2021-10-04 00:35:36,252][core.early_stopping][INFO] - Pausing model saving until validation loss decreases by 0.0001
[2021-10-04 00:35:36,252][core.trainer][INFO] - Computing metrics for 'test' dataset
[2021-10-04 00:36:16,483][core.metrics.meter][INFO] - Meter:
SequenceAccuracy:	0.982
TokenAccuracy:	1.000
LengthAccuracy:	0.982
1st Token Accuracy:	1.000
Average Loss:	0.036
[2021-10-04 00:36:16,483][core.trainer][INFO] - Computing metrics for 'gen' dataset
[2021-10-04 00:37:06,373][core.metrics.meter][INFO] - Meter:
SequenceAccuracy:	0.000
TokenAccuracy:	0.172
LengthAccuracy:	0.497
1st Token Accuracy:	0.164
Average Loss:	6.872
[2021-10-04 00:37:06,374][core.trainer][INFO] - EPOCH 45 / 50
[2021-10-04 00:37:06,374][core.trainer][INFO] - Computing metrics for 'train' dataset
[2021-10-04 00:37:36,886][core.trainer][INFO] - Computing metrics for 'val' dataset
[2021-10-04 00:37:41,110][core.metrics.meter][INFO] - Meter:
SequenceAccuracy:	0.985
TokenAccuracy:	1.000
LengthAccuracy:	0.985
1st Token Accuracy:	1.000
Average Loss:	0.027
[2021-10-04 00:37:41,214][core.early_stopping][INFO] - Early stopping counter: 7 / 5
[2021-10-04 00:37:41,264][core.early_stopping][INFO] - Pausing model saving until validation loss decreases by 0.0001
[2021-10-04 00:37:41,264][core.trainer][INFO] - Computing metrics for 'test' dataset
[2021-10-04 00:38:21,786][core.metrics.meter][INFO] - Meter:
SequenceAccuracy:	0.983
TokenAccuracy:	1.000
LengthAccuracy:	0.983
1st Token Accuracy:	1.000
Average Loss:	0.034
[2021-10-04 00:38:21,786][core.trainer][INFO] - Computing metrics for 'gen' dataset
[2021-10-04 00:39:11,943][core.metrics.meter][INFO] - Meter:
SequenceAccuracy:	0.000
TokenAccuracy:	0.171
LengthAccuracy:	0.495
1st Token Accuracy:	0.164
Average Loss:	6.889
[2021-10-04 00:39:11,943][core.trainer][INFO] - EPOCH 46 / 50
[2021-10-04 00:39:11,943][core.trainer][INFO] - Computing metrics for 'train' dataset
[2021-10-04 00:39:42,362][core.trainer][INFO] - Computing metrics for 'val' dataset
[2021-10-04 00:39:46,591][core.metrics.meter][INFO] - Meter:
SequenceAccuracy:	0.982
TokenAccuracy:	1.000
LengthAccuracy:	0.982
1st Token Accuracy:	1.000
Average Loss:	0.033
[2021-10-04 00:39:46,701][core.early_stopping][INFO] - Early stopping counter: 8 / 5
[2021-10-04 00:39:46,751][core.early_stopping][INFO] - Pausing model saving until validation loss decreases by 0.0001
[2021-10-04 00:39:46,752][core.trainer][INFO] - Computing metrics for 'test' dataset
[2021-10-04 00:40:27,362][core.metrics.meter][INFO] - Meter:
SequenceAccuracy:	0.984
TokenAccuracy:	1.000
LengthAccuracy:	0.984
1st Token Accuracy:	1.000
Average Loss:	0.032
[2021-10-04 00:40:27,362][core.trainer][INFO] - Computing metrics for 'gen' dataset
[2021-10-04 00:41:17,648][core.metrics.meter][INFO] - Meter:
SequenceAccuracy:	0.000
TokenAccuracy:	0.171
LengthAccuracy:	0.495
1st Token Accuracy:	0.164
Average Loss:	6.897
[2021-10-04 00:41:17,648][core.trainer][INFO] - EPOCH 47 / 50
[2021-10-04 00:41:17,648][core.trainer][INFO] - Computing metrics for 'train' dataset
[2021-10-04 00:41:48,010][core.trainer][INFO] - Computing metrics for 'val' dataset
[2021-10-04 00:41:52,225][core.metrics.meter][INFO] - Meter:
SequenceAccuracy:	0.986
TokenAccuracy:	1.000
LengthAccuracy:	0.986
1st Token Accuracy:	1.000
Average Loss:	0.027
[2021-10-04 00:41:52,339][core.early_stopping][INFO] - Early stopping counter: 9 / 5
[2021-10-04 00:41:52,388][core.early_stopping][INFO] - Pausing model saving until validation loss decreases by 0.0001
[2021-10-04 00:41:52,388][core.trainer][INFO] - Computing metrics for 'test' dataset
[2021-10-04 00:42:32,949][core.metrics.meter][INFO] - Meter:
SequenceAccuracy:	0.981
TokenAccuracy:	1.000
LengthAccuracy:	0.981
1st Token Accuracy:	1.000
Average Loss:	0.038
[2021-10-04 00:42:32,949][core.trainer][INFO] - Computing metrics for 'gen' dataset
[2021-10-04 00:43:23,146][core.metrics.meter][INFO] - Meter:
SequenceAccuracy:	0.000
TokenAccuracy:	0.171
LengthAccuracy:	0.495
1st Token Accuracy:	0.164
Average Loss:	6.912
[2021-10-04 00:43:23,146][core.trainer][INFO] - EPOCH 48 / 50
[2021-10-04 00:43:23,147][core.trainer][INFO] - Computing metrics for 'train' dataset
[2021-10-04 00:43:53,424][core.trainer][INFO] - Computing metrics for 'val' dataset
[2021-10-04 00:43:57,597][core.metrics.meter][INFO] - Meter:
SequenceAccuracy:	0.986
TokenAccuracy:	1.000
LengthAccuracy:	0.986
1st Token Accuracy:	1.000
Average Loss:	0.028
[2021-10-04 00:43:57,699][core.early_stopping][INFO] - Early stopping counter: 10 / 5
[2021-10-04 00:43:57,749][core.early_stopping][INFO] - Pausing model saving until validation loss decreases by 0.0001
[2021-10-04 00:43:57,749][core.trainer][INFO] - Computing metrics for 'test' dataset
[2021-10-04 00:44:37,969][core.metrics.meter][INFO] - Meter:
SequenceAccuracy:	0.984
TokenAccuracy:	1.000
LengthAccuracy:	0.985
1st Token Accuracy:	1.000
Average Loss:	0.028
[2021-10-04 00:44:37,969][core.trainer][INFO] - Computing metrics for 'gen' dataset
[2021-10-04 00:45:28,091][core.metrics.meter][INFO] - Meter:
SequenceAccuracy:	0.000
TokenAccuracy:	0.171
LengthAccuracy:	0.495
1st Token Accuracy:	0.164
Average Loss:	6.913
[2021-10-04 00:45:28,091][core.trainer][INFO] - EPOCH 49 / 50
[2021-10-04 00:45:28,091][core.trainer][INFO] - Computing metrics for 'train' dataset
[2021-10-04 00:45:58,465][core.trainer][INFO] - Computing metrics for 'val' dataset
[2021-10-04 00:46:02,642][core.metrics.meter][INFO] - Meter:
SequenceAccuracy:	0.984
TokenAccuracy:	1.000
LengthAccuracy:	0.984
1st Token Accuracy:	1.000
Average Loss:	0.029
[2021-10-04 00:46:33,191][core.trainer][INFO] - Computing metrics for 'val' dataset
[2021-10-04 00:46:37,372][core.metrics.meter][INFO] - Meter:
SequenceAccuracy:	0.985
TokenAccuracy:	1.000
LengthAccuracy:	0.985
1st Token Accuracy:	1.000
Average Loss:	0.029
[2021-10-04 00:46:37,476][core.early_stopping][INFO] - Early stopping counter: 1 / 5
[2021-10-04 00:46:37,527][core.early_stopping][INFO] - Pausing model saving until validation loss decreases by 0.0001
[2021-10-04 00:47:07,667][core.trainer][INFO] - Computing metrics for 'val' dataset
[2021-10-04 00:47:11,880][core.metrics.meter][INFO] - Meter:
SequenceAccuracy:	0.984
TokenAccuracy:	1.000
LengthAccuracy:	0.984
1st Token Accuracy:	1.000
Average Loss:	0.033
[2021-10-04 00:47:11,993][core.early_stopping][INFO] - Early stopping counter: 2 / 5
[2021-10-04 00:47:12,043][core.early_stopping][INFO] - Pausing model saving until validation loss decreases by 0.0001
[2021-10-04 00:47:42,223][core.trainer][INFO] - Computing metrics for 'val' dataset
[2021-10-04 00:47:46,436][core.metrics.meter][INFO] - Meter:
SequenceAccuracy:	0.983
TokenAccuracy:	1.000
LengthAccuracy:	0.983
1st Token Accuracy:	1.000
Average Loss:	0.038
[2021-10-04 00:47:46,546][core.early_stopping][INFO] - Early stopping counter: 3 / 5
[2021-10-04 00:47:46,597][core.early_stopping][INFO] - Pausing model saving until validation loss decreases by 0.0001
[2021-10-04 00:48:16,747][core.trainer][INFO] - Computing metrics for 'val' dataset
[2021-10-04 00:48:20,944][core.metrics.meter][INFO] - Meter:
SequenceAccuracy:	0.983
TokenAccuracy:	1.000
LengthAccuracy:	0.983
1st Token Accuracy:	1.000
Average Loss:	0.034
[2021-10-04 00:48:21,049][core.early_stopping][INFO] - Early stopping counter: 4 / 5
[2021-10-04 00:48:21,099][core.early_stopping][INFO] - Pausing model saving until validation loss decreases by 0.0001
[2021-10-04 00:48:51,154][core.trainer][INFO] - Computing metrics for 'val' dataset
[2021-10-04 00:48:55,379][core.metrics.meter][INFO] - Meter:
SequenceAccuracy:	0.983
TokenAccuracy:	1.000
LengthAccuracy:	0.983
1st Token Accuracy:	1.000
Average Loss:	0.034
[2021-10-04 00:48:55,505][core.early_stopping][INFO] - Early stopping counter: 5 / 5
[2021-10-04 00:48:55,554][core.early_stopping][INFO] - Pausing model saving until validation loss decreases by 0.0001
[2021-10-04 00:48:55,555][core.trainer][INFO] - Computing metrics for 'test' dataset
[2021-10-04 00:49:36,105][core.metrics.meter][INFO] - Meter:
SequenceAccuracy:	0.985
TokenAccuracy:	1.000
LengthAccuracy:	0.985
1st Token Accuracy:	1.000
Average Loss:	0.031
[2021-10-04 00:49:36,106][core.trainer][INFO] - Computing metrics for 'gen' dataset
[2021-10-04 00:50:26,293][core.metrics.meter][INFO] - Meter:
SequenceAccuracy:	0.000
TokenAccuracy:	0.170
LengthAccuracy:	0.493
1st Token Accuracy:	0.164
Average Loss:	6.974
[2021-10-04 00:50:26,294][core.trainer][INFO] - EPOCH 50 / 50
[2021-10-04 00:50:26,294][core.trainer][INFO] - Computing metrics for 'train' dataset
[2021-10-04 00:50:56,685][core.trainer][INFO] - Computing metrics for 'val' dataset
[2021-10-04 00:51:00,865][core.metrics.meter][INFO] - Meter:
SequenceAccuracy:	0.986
TokenAccuracy:	1.000
LengthAccuracy:	0.986
1st Token Accuracy:	1.000
Average Loss:	0.026
[2021-10-04 00:51:00,971][core.early_stopping][INFO] - Early stopping counter: 6 / 5
[2021-10-04 00:51:01,021][core.early_stopping][INFO] - Pausing model saving until validation loss decreases by 0.0001
[2021-10-04 00:51:01,022][core.trainer][INFO] - Computing metrics for 'test' dataset
[2021-10-04 00:51:41,442][core.metrics.meter][INFO] - Meter:
SequenceAccuracy:	0.984
TokenAccuracy:	1.000
LengthAccuracy:	0.984
1st Token Accuracy:	1.000
Average Loss:	0.034
[2021-10-04 00:51:41,442][core.trainer][INFO] - Computing metrics for 'gen' dataset
[2021-10-04 00:52:31,506][core.metrics.meter][INFO] - Meter:
SequenceAccuracy:	0.000
TokenAccuracy:	0.170
LengthAccuracy:	0.496
1st Token Accuracy:	0.164
Average Loss:	6.983
